#! /usr/bin/vvp
:ivl_version "12.0 (stable)";
:ivl_delay_selection "TYPICAL";
:vpi_time_precision + 0;
:vpi_module "/usr/lib/x86_64-linux-gnu/ivl/system.vpi";
:vpi_module "/usr/lib/x86_64-linux-gnu/ivl/vhdl_sys.vpi";
:vpi_module "/usr/lib/x86_64-linux-gnu/ivl/vhdl_textio.vpi";
:vpi_module "/usr/lib/x86_64-linux-gnu/ivl/v2005_math.vpi";
:vpi_module "/usr/lib/x86_64-linux-gnu/ivl/va_math.vpi";
S_0x5627c3635990 .scope module, "tb_brentk_16b" "tb_brentk_16b" 2 1;
 .timescale 0 0;
v0x5627c365d050_0 .var "a", 15 0;
v0x5627c365d150_0 .var "b", 15 0;
v0x5627c365d230_0 .var "clk", 0 0;
v0x5627c365d2d0_0 .var/i "i", 31 0;
v0x5627c365d370 .array "memA", 999999 0, 15 0;
v0x5627c365d430 .array "memB", 999999 0, 15 0;
v0x5627c365d4f0_0 .var/i "out_file", 31 0;
v0x5627c365d5d0_0 .var "rst", 0 0;
v0x5627c365d670_0 .net "sum", 16 0, L_0x5627c3679a90;  1 drivers
L_0x5627c3677360 .part v0x5627c365d150_0, 7, 1;
L_0x5627c3677400 .part v0x5627c365d150_0, 15, 1;
L_0x5627c36774f0 .part v0x5627c365d150_0, 14, 1;
L_0x5627c3677590 .part v0x5627c365d150_0, 13, 1;
L_0x5627c3677780 .part v0x5627c365d150_0, 12, 1;
L_0x5627c3677820 .part v0x5627c365d150_0, 11, 1;
L_0x5627c3677990 .part v0x5627c365d150_0, 10, 1;
L_0x5627c3677ac0 .part v0x5627c365d150_0, 9, 1;
L_0x5627c3677c40 .part v0x5627c365d150_0, 8, 1;
L_0x5627c3677ce0 .part v0x5627c365d150_0, 6, 1;
L_0x5627c3677e70 .part v0x5627c365d150_0, 5, 1;
L_0x5627c3677fa0 .part v0x5627c365d150_0, 4, 1;
L_0x5627c3678140 .part v0x5627c365d150_0, 3, 1;
L_0x5627c36781e0 .part v0x5627c365d150_0, 2, 1;
L_0x5627c3678300 .part v0x5627c365d150_0, 1, 1;
L_0x5627c3678430 .part v0x5627c365d150_0, 0, 1;
L_0x5627c36785f0 .part v0x5627c365d050_0, 15, 1;
L_0x5627c3678690 .part v0x5627c365d050_0, 14, 1;
L_0x5627c36787d0 .part v0x5627c365d050_0, 13, 1;
L_0x5627c3678870 .part v0x5627c365d050_0, 12, 1;
L_0x5627c3678730 .part v0x5627c365d050_0, 11, 1;
L_0x5627c3678ae0 .part v0x5627c365d050_0, 10, 1;
L_0x5627c3678cd0 .part v0x5627c365d050_0, 9, 1;
L_0x5627c3678e00 .part v0x5627c365d050_0, 8, 1;
L_0x5627c3679000 .part v0x5627c365d050_0, 7, 1;
L_0x5627c36790a0 .part v0x5627c365d050_0, 6, 1;
L_0x5627c3679220 .part v0x5627c365d050_0, 5, 1;
L_0x5627c3679350 .part v0x5627c365d050_0, 4, 1;
L_0x5627c3679570 .part v0x5627c365d050_0, 3, 1;
L_0x5627c36796a0 .part v0x5627c365d050_0, 2, 1;
L_0x5627c3679840 .part v0x5627c365d050_0, 1, 1;
L_0x5627c36798e0 .part v0x5627c365d050_0, 0, 1;
LS_0x5627c3679a90_0_0 .concat8 [ 1 1 1 1], v0x5627c363a1c0_0, v0x5627c363a530_0, v0x5627c3653ac0_0, v0x5627c3653b80_0;
LS_0x5627c3679a90_0_4 .concat8 [ 1 1 1 1], v0x5627c3653c40_0, v0x5627c3653d00_0, v0x5627c3653dc0_0, v0x5627c3653e80_0;
LS_0x5627c3679a90_0_8 .concat8 [ 1 1 1 1], v0x5627c3653f40_0, v0x5627c3654000_0, v0x5627c363a8a0_0, v0x5627c363ac10_0;
LS_0x5627c3679a90_0_12 .concat8 [ 1 1 1 1], v0x5627c363af80_0, v0x5627c363b2f0_0, v0x5627c363b660_0, v0x5627c3653940_0;
LS_0x5627c3679a90_0_16 .concat8 [ 1 0 0 0], v0x5627c3653a00_0;
LS_0x5627c3679a90_1_0 .concat8 [ 4 4 4 4], LS_0x5627c3679a90_0_0, LS_0x5627c3679a90_0_4, LS_0x5627c3679a90_0_8, LS_0x5627c3679a90_0_12;
LS_0x5627c3679a90_1_4 .concat8 [ 1 0 0 0], LS_0x5627c3679a90_0_16;
L_0x5627c3679a90 .concat8 [ 16 1 0 0], LS_0x5627c3679a90_1_0, LS_0x5627c3679a90_1_4;
S_0x5627c362cd40 .scope module, "UUT" "UBBKA_15_0_15_0" 2 14, 3 3 0, S_0x5627c3635990;
 .timescale 0 0;
    .port_info 0 /INPUT 1 "Y~7";
    .port_info 1 /INPUT 1 "rst";
    .port_info 2 /INPUT 1 "clk";
    .port_info 3 /INPUT 1 "Y~15";
    .port_info 4 /INPUT 1 "Y~14";
    .port_info 5 /INPUT 1 "Y~13";
    .port_info 6 /INPUT 1 "Y~12";
    .port_info 7 /INPUT 1 "Y~11";
    .port_info 8 /INPUT 1 "Y~10";
    .port_info 9 /INPUT 1 "Y~9";
    .port_info 10 /INPUT 1 "Y~8";
    .port_info 11 /INPUT 1 "Y~6";
    .port_info 12 /INPUT 1 "Y~5";
    .port_info 13 /INPUT 1 "Y~4";
    .port_info 14 /INPUT 1 "Y~3";
    .port_info 15 /INPUT 1 "Y~2";
    .port_info 16 /INPUT 1 "Y~1";
    .port_info 17 /INPUT 1 "Y~0";
    .port_info 18 /INPUT 1 "X~15";
    .port_info 19 /INPUT 1 "X~14";
    .port_info 20 /INPUT 1 "X~13";
    .port_info 21 /INPUT 1 "X~12";
    .port_info 22 /INPUT 1 "X~11";
    .port_info 23 /INPUT 1 "X~10";
    .port_info 24 /INPUT 1 "X~9";
    .port_info 25 /INPUT 1 "X~8";
    .port_info 26 /INPUT 1 "X~7";
    .port_info 27 /INPUT 1 "X~6";
    .port_info 28 /INPUT 1 "X~5";
    .port_info 29 /INPUT 1 "X~4";
    .port_info 30 /INPUT 1 "X~3";
    .port_info 31 /INPUT 1 "X~2";
    .port_info 32 /INPUT 1 "X~1";
    .port_info 33 /INPUT 1 "X~0";
    .port_info 34 /OUTPUT 1 "S~8";
    .port_info 35 /OUTPUT 1 "S~9";
    .port_info 36 /OUTPUT 1 "S~7";
    .port_info 37 /OUTPUT 1 "S~6";
    .port_info 38 /OUTPUT 1 "S~5";
    .port_info 39 /OUTPUT 1 "S~4";
    .port_info 40 /OUTPUT 1 "S~3";
    .port_info 41 /OUTPUT 1 "S~2";
    .port_info 42 /OUTPUT 1 "S~1";
    .port_info 43 /OUTPUT 1 "S~0";
    .port_info 44 /OUTPUT 1 "S~14";
    .port_info 45 /OUTPUT 1 "S~15";
    .port_info 46 /OUTPUT 1 "S~16";
    .port_info 47 /OUTPUT 1 "S~10";
    .port_info 48 /OUTPUT 1 "S~11";
    .port_info 49 /OUTPUT 1 "S~12";
    .port_info 50 /OUTPUT 1 "S~13";
L_0x5627c362fb10 .functor BUFZ 1, L_0x5627c3678140, C4<0>, C4<0>, C4<0>;
L_0x5627c362fe50 .functor BUFZ 1, L_0x5627c36781e0, C4<0>, C4<0>, C4<0>;
L_0x5627c3630190 .functor BUFZ 1, L_0x5627c3678300, C4<0>, C4<0>, C4<0>;
L_0x5627c36304d0 .functor BUFZ 1, L_0x5627c3678430, C4<0>, C4<0>, C4<0>;
v0x5627c363a1c0_0 .var "S~0", 0 0;
v0x5627c363a530_0 .var "S~1", 0 0;
v0x5627c363a8a0_0 .var "S~10", 0 0;
v0x5627c363ac10_0 .var "S~11", 0 0;
v0x5627c363af80_0 .var "S~12", 0 0;
v0x5627c363b2f0_0 .var "S~13", 0 0;
v0x5627c363b660_0 .var "S~14", 0 0;
v0x5627c3653940_0 .var "S~15", 0 0;
v0x5627c3653a00_0 .var "S~16", 0 0;
v0x5627c3653ac0_0 .var "S~2", 0 0;
v0x5627c3653b80_0 .var "S~3", 0 0;
v0x5627c3653c40_0 .var "S~4", 0 0;
v0x5627c3653d00_0 .var "S~5", 0 0;
v0x5627c3653dc0_0 .var "S~6", 0 0;
v0x5627c3653e80_0 .var "S~7", 0 0;
v0x5627c3653f40_0 .var "S~8", 0 0;
v0x5627c3654000_0 .var "S~9", 0 0;
v0x5627c36540c0_0 .net "X~0", 0 0, L_0x5627c36798e0;  1 drivers
v0x5627c3654180_0 .net "X~1", 0 0, L_0x5627c3679840;  1 drivers
v0x5627c3654240_0 .net "X~10", 0 0, L_0x5627c3678ae0;  1 drivers
v0x5627c3654300_0 .net "X~11", 0 0, L_0x5627c3678730;  1 drivers
v0x5627c36543c0_0 .net "X~12", 0 0, L_0x5627c3678870;  1 drivers
v0x5627c3654480_0 .net "X~13", 0 0, L_0x5627c36787d0;  1 drivers
v0x5627c3654540_0 .net "X~14", 0 0, L_0x5627c3678690;  1 drivers
v0x5627c3654600_0 .net "X~15", 0 0, L_0x5627c36785f0;  1 drivers
v0x5627c36546c0_0 .net "X~2", 0 0, L_0x5627c36796a0;  1 drivers
v0x5627c3654780_0 .net "X~3", 0 0, L_0x5627c3679570;  1 drivers
v0x5627c3654840_0 .net "X~4", 0 0, L_0x5627c3679350;  1 drivers
v0x5627c3654900_0 .net "X~5", 0 0, L_0x5627c3679220;  1 drivers
v0x5627c36549c0_0 .net "X~6", 0 0, L_0x5627c36790a0;  1 drivers
v0x5627c3654a80_0 .net "X~7", 0 0, L_0x5627c3679000;  1 drivers
v0x5627c3654b40_0 .net "X~8", 0 0, L_0x5627c3678e00;  1 drivers
v0x5627c3654c00_0 .net "X~9", 0 0, L_0x5627c3678cd0;  1 drivers
v0x5627c3654ed0_0 .net "Y~0", 0 0, L_0x5627c3678430;  1 drivers
v0x5627c3654f90_0 .net "Y~1", 0 0, L_0x5627c3678300;  1 drivers
v0x5627c3655050_0 .net "Y~10", 0 0, L_0x5627c3677990;  1 drivers
v0x5627c3655110_0 .net "Y~11", 0 0, L_0x5627c3677820;  1 drivers
v0x5627c36551d0_0 .net "Y~12", 0 0, L_0x5627c3677780;  1 drivers
v0x5627c3655290_0 .net "Y~13", 0 0, L_0x5627c3677590;  1 drivers
v0x5627c3655350_0 .net "Y~14", 0 0, L_0x5627c36774f0;  1 drivers
v0x5627c3655410_0 .net "Y~15", 0 0, L_0x5627c3677400;  1 drivers
v0x5627c36554d0_0 .net "Y~2", 0 0, L_0x5627c36781e0;  1 drivers
v0x5627c3655590_0 .net "Y~3", 0 0, L_0x5627c3678140;  1 drivers
v0x5627c3655650_0 .net "Y~4", 0 0, L_0x5627c3677fa0;  1 drivers
v0x5627c3655710_0 .net "Y~5", 0 0, L_0x5627c3677e70;  1 drivers
v0x5627c36557d0_0 .net "Y~6", 0 0, L_0x5627c3677ce0;  1 drivers
v0x5627c3655890_0 .net "Y~7", 0 0, L_0x5627c3677360;  1 drivers
v0x5627c3655950_0 .net "Y~8", 0 0, L_0x5627c3677c40;  1 drivers
v0x5627c3655a10_0 .net "Y~9", 0 0, L_0x5627c3677ac0;  1 drivers
L_0x7f41d81ea018 .functor BUFT 1, C4<0001011101110111>, C4<0>, C4<0>, C4<0>;
v0x5627c3655ad0_0 .net/2u *"_ivl_0", 15 0, L_0x7f41d81ea018;  1 drivers
v0x5627c3655bb0_0 .net *"_ivl_10", 5 0, L_0x5627c366db20;  1 drivers
v0x5627c3655c90_0 .net *"_ivl_100", 63 0, L_0x5627c3670e00;  1 drivers
L_0x7f41d81ea3c0 .functor BUFT 1, C4<0001010001000001>, C4<0>, C4<0>, C4<0>;
v0x5627c3655d70_0 .net/2u *"_ivl_104", 15 0, L_0x7f41d81ea3c0;  1 drivers
v0x5627c3655e50_0 .net *"_ivl_106", 3 0, L_0x5627c3671120;  1 drivers
v0x5627c3655f30_0 .net *"_ivl_108", 15 0, L_0x5627c3671310;  1 drivers
L_0x7f41d81ea408 .functor BUFT 1, C4<00101011>, C4<0>, C4<0>, C4<0>;
v0x5627c3656010_0 .net/2u *"_ivl_112", 7 0, L_0x7f41d81ea408;  1 drivers
v0x5627c36560f0_0 .net *"_ivl_114", 2 0, L_0x5627c36716d0;  1 drivers
v0x5627c36561d0_0 .net *"_ivl_116", 7 0, L_0x5627c3671840;  1 drivers
v0x5627c36562b0_0 .net *"_ivl_12", 63 0, L_0x5627c366dd60;  1 drivers
L_0x7f41d81ea450 .functor BUFT 1, C4<0000000011010100000000000010101100000000001010110000000011010100>, C4<0>, C4<0>, C4<0>;
v0x5627c3656390_0 .net/2u *"_ivl_120", 63 0, L_0x7f41d81ea450;  1 drivers
v0x5627c3656470_0 .net *"_ivl_122", 5 0, L_0x5627c3671c30;  1 drivers
v0x5627c3656550_0 .net *"_ivl_124", 63 0, L_0x5627c3671f30;  1 drivers
L_0x7f41d81ea498 .functor BUFT 1, C4<0001010001000001>, C4<0>, C4<0>, C4<0>;
v0x5627c3656630_0 .net/2u *"_ivl_128", 15 0, L_0x7f41d81ea498;  1 drivers
v0x5627c3656710_0 .net *"_ivl_130", 3 0, L_0x5627c36722f0;  1 drivers
v0x5627c36567f0_0 .net *"_ivl_132", 15 0, L_0x5627c36723f0;  1 drivers
L_0x7f41d81ea4e0 .functor BUFT 1, C4<0001>, C4<0>, C4<0>, C4<0>;
v0x5627c3656ce0_0 .net/2u *"_ivl_136", 3 0, L_0x7f41d81ea4e0;  1 drivers
v0x5627c3656dc0_0 .net *"_ivl_138", 1 0, L_0x5627c36727f0;  1 drivers
v0x5627c3656ea0_0 .net *"_ivl_140", 3 0, L_0x5627c3672aa0;  1 drivers
L_0x7f41d81ea528 .functor BUFT 1, C4<1111110011010100110101001100000000000000000000000000000000000000>, C4<0>, C4<0>, C4<0>;
v0x5627c3656f80_0 .net/2u *"_ivl_144", 63 0, L_0x7f41d81ea528;  1 drivers
v0x5627c3657060_0 .net *"_ivl_146", 5 0, L_0x5627c3672f10;  1 drivers
v0x5627c3657140_0 .net *"_ivl_148", 63 0, L_0x5627c3672ff0;  1 drivers
L_0x7f41d81ea570 .functor BUFT 1, C4<0110>, C4<0>, C4<0>, C4<0>;
v0x5627c3657220_0 .net/2u *"_ivl_152", 3 0, L_0x7f41d81ea570;  1 drivers
v0x5627c3657300_0 .net *"_ivl_154", 1 0, L_0x5627c36733f0;  1 drivers
v0x5627c36573e0_0 .net *"_ivl_156", 3 0, L_0x5627c3673710;  1 drivers
L_0x7f41d81ea0a8 .functor BUFT 1, C4<0000000011010100000000000010101100000000001010110000000011010100>, C4<0>, C4<0>, C4<0>;
v0x5627c36574c0_0 .net/2u *"_ivl_16", 63 0, L_0x7f41d81ea0a8;  1 drivers
L_0x7f41d81ea5b8 .functor BUFT 1, C4<1000>, C4<0>, C4<0>, C4<0>;
v0x5627c36575a0_0 .net/2u *"_ivl_160", 3 0, L_0x7f41d81ea5b8;  1 drivers
v0x5627c3657680_0 .net *"_ivl_162", 1 0, L_0x5627c3673b80;  1 drivers
v0x5627c3657760_0 .net *"_ivl_164", 3 0, L_0x5627c3673c20;  1 drivers
L_0x7f41d81ea600 .functor BUFT 1, C4<0000000011010100000000000010101100000000001010110000000011010100>, C4<0>, C4<0>, C4<0>;
v0x5627c3657840_0 .net/2u *"_ivl_168", 63 0, L_0x7f41d81ea600;  1 drivers
v0x5627c3657920_0 .net *"_ivl_170", 5 0, L_0x5627c36740a0;  1 drivers
v0x5627c3657a00_0 .net *"_ivl_172", 63 0, L_0x5627c3674430;  1 drivers
L_0x7f41d81ea648 .functor BUFT 1, C4<0001010001000001>, C4<0>, C4<0>, C4<0>;
v0x5627c3657ae0_0 .net/2u *"_ivl_176", 15 0, L_0x7f41d81ea648;  1 drivers
v0x5627c3657bc0_0 .net *"_ivl_178", 3 0, L_0x5627c3674880;  1 drivers
v0x5627c3657ca0_0 .net *"_ivl_18", 5 0, L_0x5627c366dfd0;  1 drivers
v0x5627c3657d80_0 .net *"_ivl_180", 15 0, L_0x5627c3674920;  1 drivers
L_0x7f41d81ea690 .functor BUFT 1, C4<0000000101010111000000010101011100000001010101110001010101111111>, C4<0>, C4<0>, C4<0>;
v0x5627c3657e60_0 .net/2u *"_ivl_184", 63 0, L_0x7f41d81ea690;  1 drivers
v0x5627c3657f40_0 .net *"_ivl_186", 5 0, L_0x5627c3674d80;  1 drivers
v0x5627c3658020_0 .net *"_ivl_188", 63 0, L_0x5627c3675140;  1 drivers
L_0x7f41d81ea6d8 .functor BUFT 1, C4<0000000011010100000000000010101100000000001010110000000011010100>, C4<0>, C4<0>, C4<0>;
v0x5627c3658100_0 .net/2u *"_ivl_192", 63 0, L_0x7f41d81ea6d8;  1 drivers
v0x5627c36581e0_0 .net *"_ivl_194", 5 0, L_0x5627c3675570;  1 drivers
v0x5627c36582c0_0 .net *"_ivl_196", 63 0, L_0x5627c36756f0;  1 drivers
v0x5627c36583a0_0 .net *"_ivl_2", 3 0, L_0x5627c366d760;  1 drivers
v0x5627c3658480_0 .net *"_ivl_20", 63 0, L_0x5627c366e110;  1 drivers
L_0x7f41d81ea720 .functor BUFT 1, C4<0001010001000001>, C4<0>, C4<0>, C4<0>;
v0x5627c3658560_0 .net/2u *"_ivl_200", 15 0, L_0x7f41d81ea720;  1 drivers
v0x5627c3658640_0 .net *"_ivl_202", 3 0, L_0x5627c3675b80;  1 drivers
v0x5627c3658720_0 .net *"_ivl_204", 15 0, L_0x5627c3675ec0;  1 drivers
L_0x7f41d81ea768 .functor BUFT 1, C4<00000011001010110010101100111111>, C4<0>, C4<0>, C4<0>;
v0x5627c3658800_0 .net/2u *"_ivl_208", 31 0, L_0x7f41d81ea768;  1 drivers
v0x5627c36588e0_0 .net *"_ivl_210", 4 0, L_0x5627c36763a0;  1 drivers
v0x5627c36589c0_0 .net *"_ivl_212", 31 0, L_0x5627c36764d0;  1 drivers
L_0x7f41d81ea7b0 .functor BUFT 1, C4<0000000011010100>, C4<0>, C4<0>, C4<0>;
v0x5627c3658aa0_0 .net/2u *"_ivl_216", 15 0, L_0x7f41d81ea7b0;  1 drivers
v0x5627c3658b80_0 .net *"_ivl_218", 3 0, L_0x5627c36769e0;  1 drivers
v0x5627c3658c60_0 .net *"_ivl_220", 15 0, L_0x5627c3676dc0;  1 drivers
L_0x7f41d81ea0f0 .functor BUFT 1, C4<0001010001000001>, C4<0>, C4<0>, C4<0>;
v0x5627c3658d40_0 .net/2u *"_ivl_24", 15 0, L_0x7f41d81ea0f0;  1 drivers
v0x5627c3658e20_0 .net *"_ivl_26", 3 0, L_0x5627c366e3c0;  1 drivers
v0x5627c3658f00_0 .net *"_ivl_28", 15 0, L_0x5627c366e580;  1 drivers
L_0x7f41d81ea138 .functor BUFT 1, C4<00000011001010110010101100111111>, C4<0>, C4<0>, C4<0>;
v0x5627c3658fe0_0 .net/2u *"_ivl_32", 31 0, L_0x7f41d81ea138;  1 drivers
v0x5627c36590c0_0 .net *"_ivl_34", 4 0, L_0x5627c366e850;  1 drivers
v0x5627c36591a0_0 .net *"_ivl_36", 31 0, L_0x5627c366ea30;  1 drivers
v0x5627c3659280_0 .net *"_ivl_4", 15 0, L_0x5627c366d8c0;  1 drivers
L_0x7f41d81ea180 .functor BUFT 1, C4<00001110000000010000000100001110>, C4<0>, C4<0>, C4<0>;
v0x5627c3659360_0 .net/2u *"_ivl_40", 31 0, L_0x7f41d81ea180;  1 drivers
v0x5627c3659440_0 .net *"_ivl_42", 4 0, L_0x5627c366ed30;  1 drivers
v0x5627c3659520_0 .net *"_ivl_44", 31 0, L_0x5627c366ee60;  1 drivers
L_0x7f41d81ea1c8 .functor BUFT 1, C4<1111110011010100110101001100000000000000000000000000000000000000>, C4<0>, C4<0>, C4<0>;
v0x5627c3659600_0 .net/2u *"_ivl_48", 63 0, L_0x7f41d81ea1c8;  1 drivers
v0x5627c36596e0_0 .net *"_ivl_50", 5 0, L_0x5627c366f0e0;  1 drivers
v0x5627c36597c0_0 .net *"_ivl_52", 63 0, L_0x5627c366f180;  1 drivers
L_0x7f41d81ea210 .functor BUFT 1, C4<0110>, C4<0>, C4<0>, C4<0>;
v0x5627c36598a0_0 .net/2u *"_ivl_56", 3 0, L_0x7f41d81ea210;  1 drivers
v0x5627c3659980_0 .net *"_ivl_58", 1 0, L_0x5627c366f3f0;  1 drivers
v0x5627c3659a60_0 .net *"_ivl_60", 3 0, L_0x5627c366f5f0;  1 drivers
L_0x7f41d81ea258 .functor BUFT 1, C4<1000>, C4<0>, C4<0>, C4<0>;
v0x5627c3659b40_0 .net/2u *"_ivl_64", 3 0, L_0x7f41d81ea258;  1 drivers
v0x5627c3659c20_0 .net *"_ivl_66", 1 0, L_0x5627c366f9d0;  1 drivers
v0x5627c3659d00_0 .net *"_ivl_68", 3 0, L_0x5627c366fa70;  1 drivers
L_0x7f41d81ea2a0 .functor BUFT 1, C4<0001010001000001>, C4<0>, C4<0>, C4<0>;
v0x5627c3659de0_0 .net/2u *"_ivl_72", 15 0, L_0x7f41d81ea2a0;  1 drivers
v0x5627c3659ec0_0 .net *"_ivl_74", 3 0, L_0x5627c366fd80;  1 drivers
v0x5627c3659fa0_0 .net *"_ivl_76", 15 0, L_0x5627c366ff10;  1 drivers
L_0x7f41d81ea060 .functor BUFT 1, C4<0000000101010111000101010111111100010101011111110001010101111111>, C4<0>, C4<0>, C4<0>;
v0x5627c365a080_0 .net/2u *"_ivl_8", 63 0, L_0x7f41d81ea060;  1 drivers
L_0x7f41d81ea2e8 .functor BUFT 1, C4<0001000100010111>, C4<0>, C4<0>, C4<0>;
v0x5627c365a160_0 .net/2u *"_ivl_80", 15 0, L_0x7f41d81ea2e8;  1 drivers
v0x5627c365a240_0 .net *"_ivl_82", 3 0, L_0x5627c3670240;  1 drivers
v0x5627c365a320_0 .net *"_ivl_84", 15 0, L_0x5627c3670380;  1 drivers
L_0x7f41d81ea330 .functor BUFT 1, C4<0001010001000001>, C4<0>, C4<0>, C4<0>;
v0x5627c365a400_0 .net/2u *"_ivl_88", 15 0, L_0x7f41d81ea330;  1 drivers
v0x5627c365acf0_0 .net *"_ivl_90", 3 0, L_0x5627c3670710;  1 drivers
v0x5627c365add0_0 .net *"_ivl_92", 15 0, L_0x5627c3670900;  1 drivers
L_0x7f41d81ea378 .functor BUFT 1, C4<0000000101010111000000010101011100000001010101110001010101111111>, C4<0>, C4<0>, C4<0>;
v0x5627c365aeb0_0 .net/2u *"_ivl_96", 63 0, L_0x7f41d81ea378;  1 drivers
v0x5627c365af90_0 .net *"_ivl_98", 5 0, L_0x5627c36707e0;  1 drivers
v0x5627c365b070_0 .net "clk", 0 0, v0x5627c365d230_0;  1 drivers
v0x5627c365b130_0 .net "n104", 0 0, L_0x5627c36304d0;  1 drivers
v0x5627c365b1f0_0 .net "n108", 0 0, L_0x5627c3630190;  1 drivers
v0x5627c365b2b0_0 .net "n112", 0 0, L_0x5627c362fe50;  1 drivers
v0x5627c365b370_0 .net "n116", 0 0, L_0x5627c362fb10;  1 drivers
v0x5627c365b430_0 .net "n120", 0 0, L_0x5627c366e2d0;  1 drivers
v0x5627c365b4f0_0 .net "n124", 0 0, L_0x5627c366e6a0;  1 drivers
v0x5627c365b5b0_0 .net "n128", 0 0, L_0x5627c366ef50;  1 drivers
v0x5627c365b670_0 .net "n132", 0 0, L_0x5627c3670050;  1 drivers
v0x5627c365b730_0 .net "n136", 0 0, L_0x5627c3670a70;  1 drivers
v0x5627c365b7f0_0 .net "n140", 0 0, L_0x5627c3671480;  1 drivers
v0x5627c365b8b0_0 .net "n144", 0 0, L_0x5627c3672070;  1 drivers
v0x5627c365b970_0 .net "n148", 0 0, L_0x5627c3672700;  1 drivers
v0x5627c365ba30_0 .net "n152", 0 0, L_0x5627c3674570;  1 drivers
v0x5627c365baf0_0 .net "n156", 0 0, L_0x5627c3674c90;  1 drivers
v0x5627c365bbb0_0 .net "n160", 0 0, L_0x5627c3675a90;  1 drivers
v0x5627c365bc70_0 .net "n164", 0 0, L_0x5627c3676030;  1 drivers
v0x5627c365bd30_0 .net "n168", 0 0, L_0x5627c3676f00;  1 drivers
v0x5627c365bdf0_0 .net "new_new_n108_1", 0 0, L_0x5627c366d9e0;  1 drivers
v0x5627c365beb0_0 .net "new_new_n110", 0 0, L_0x5627c366dea0;  1 drivers
v0x5627c365bf70_0 .net "new_new_n113", 0 0, L_0x5627c366ebf0;  1 drivers
v0x5627c365c030_0 .net "new_new_n115_1", 0 0, L_0x5627c366f040;  1 drivers
v0x5627c365c0f0_0 .net "new_new_n116_1", 0 0, L_0x5627c366f730;  1 drivers
v0x5627c365c1b0_0 .net "new_new_n117", 0 0, L_0x5627c366fc40;  1 drivers
v0x5627c365c270_0 .net "new_new_n119_1", 0 0, L_0x5627c36705d0;  1 drivers
v0x5627c365c330_0 .net "new_new_n121", 0 0, L_0x5627c3670fe0;  1 drivers
v0x5627c365c3f0_0 .net "new_new_n123_1", 0 0, L_0x5627c3671af0;  1 drivers
v0x5627c365c4b0_0 .net "new_new_n126", 0 0, L_0x5627c3672c10;  1 drivers
v0x5627c365c570_0 .net "new_new_n127_1", 0 0, L_0x5627c36732b0;  1 drivers
v0x5627c365c630_0 .net "new_new_n128_1", 0 0, L_0x5627c3673850;  1 drivers
v0x5627c365c6f0_0 .net "new_new_n129", 0 0, L_0x5627c3673f60;  1 drivers
v0x5627c365c7b0_0 .net "new_new_n132_1", 0 0, L_0x5627c36751e0;  1 drivers
v0x5627c365c870_0 .net "new_new_n135_1", 0 0, L_0x5627c36768a0;  1 drivers
v0x5627c365c930_0 .net "rst", 0 0, v0x5627c365d5d0_0;  1 drivers
E_0x5627c3607ca0 .event posedge, v0x5627c365b070_0;
L_0x5627c366d760 .concat [ 1 1 1 1], L_0x5627c3678300, L_0x5627c3679840, L_0x5627c3678430, L_0x5627c36798e0;
L_0x5627c366d8c0 .shift/r 16, L_0x7f41d81ea018, L_0x5627c366d760;
L_0x5627c366d9e0 .part L_0x5627c366d8c0, 0, 1;
LS_0x5627c366db20_0_0 .concat [ 1 1 1 1], L_0x5627c36781e0, L_0x5627c3678300, L_0x5627c3679840, L_0x5627c36796a0;
LS_0x5627c366db20_0_4 .concat [ 1 1 0 0], L_0x5627c3678430, L_0x5627c36798e0;
L_0x5627c366db20 .concat [ 4 2 0 0], LS_0x5627c366db20_0_0, LS_0x5627c366db20_0_4;
L_0x5627c366dd60 .shift/r 64, L_0x7f41d81ea060, L_0x5627c366db20;
L_0x5627c366dea0 .part L_0x5627c366dd60, 0, 1;
LS_0x5627c366dfd0_0_0 .concat [ 1 1 1 1], L_0x5627c366dea0, L_0x5627c3678140, L_0x5627c3679570, v0x5627c365d5d0_0;
LS_0x5627c366dfd0_0_4 .concat [ 1 1 0 0], L_0x5627c3677fa0, L_0x5627c3679350;
L_0x5627c366dfd0 .concat [ 4 2 0 0], LS_0x5627c366dfd0_0_0, LS_0x5627c366dfd0_0_4;
L_0x5627c366e110 .shift/r 64, L_0x7f41d81ea0a8, L_0x5627c366dfd0;
L_0x5627c366e2d0 .part L_0x5627c366e110, 0, 1;
L_0x5627c366e3c0 .concat [ 1 1 1 1], v0x5627c365d5d0_0, L_0x5627c366ebf0, L_0x5627c3677e70, L_0x5627c3679220;
L_0x5627c366e580 .shift/r 16, L_0x7f41d81ea0f0, L_0x5627c366e3c0;
L_0x5627c366e6a0 .part L_0x5627c366e580, 0, 1;
LS_0x5627c366e850_0_0 .concat [ 1 1 1 1], L_0x5627c366dea0, L_0x5627c3677fa0, L_0x5627c3679350, L_0x5627c3678140;
LS_0x5627c366e850_0_4 .concat [ 1 0 0 0], L_0x5627c3679570;
L_0x5627c366e850 .concat [ 4 1 0 0], LS_0x5627c366e850_0_0, LS_0x5627c366e850_0_4;
L_0x5627c366ea30 .shift/r 32, L_0x7f41d81ea138, L_0x5627c366e850;
L_0x5627c366ebf0 .part L_0x5627c366ea30, 0, 1;
LS_0x5627c366ed30_0_0 .concat [ 1 1 1 1], L_0x5627c366f040, L_0x5627c366fc40, v0x5627c365d5d0_0, L_0x5627c3677ce0;
LS_0x5627c366ed30_0_4 .concat [ 1 0 0 0], L_0x5627c36790a0;
L_0x5627c366ed30 .concat [ 4 1 0 0], LS_0x5627c366ed30_0_0, LS_0x5627c366ed30_0_4;
L_0x5627c366ee60 .shift/r 32, L_0x7f41d81ea180, L_0x5627c366ed30;
L_0x5627c366ef50 .part L_0x5627c366ee60, 0, 1;
LS_0x5627c366f0e0_0_0 .concat [ 1 1 1 1], L_0x5627c366dea0, L_0x5627c3677fa0, L_0x5627c3679350, L_0x5627c3678140;
LS_0x5627c366f0e0_0_4 .concat [ 1 1 0 0], L_0x5627c3679570, L_0x5627c366f730;
L_0x5627c366f0e0 .concat [ 4 2 0 0], LS_0x5627c366f0e0_0_0, LS_0x5627c366f0e0_0_4;
L_0x5627c366f180 .shift/r 64, L_0x7f41d81ea1c8, L_0x5627c366f0e0;
L_0x5627c366f040 .part L_0x5627c366f180, 0, 1;
L_0x5627c366f3f0 .concat [ 1 1 0 0], L_0x5627c3677e70, L_0x5627c3679220;
L_0x5627c366f5f0 .shift/r 4, L_0x7f41d81ea210, L_0x5627c366f3f0;
L_0x5627c366f730 .part L_0x5627c366f5f0, 0, 1;
L_0x5627c366f9d0 .concat [ 1 1 0 0], L_0x5627c3677e70, L_0x5627c3679220;
L_0x5627c366fa70 .shift/r 4, L_0x7f41d81ea258, L_0x5627c366f9d0;
L_0x5627c366fc40 .part L_0x5627c366fa70, 0, 1;
L_0x5627c366fd80 .concat [ 1 1 1 1], v0x5627c365d5d0_0, L_0x5627c36705d0, L_0x5627c3677360, L_0x5627c3679000;
L_0x5627c366ff10 .shift/r 16, L_0x7f41d81ea2a0, L_0x5627c366fd80;
L_0x5627c3670050 .part L_0x5627c366ff10, 0, 1;
L_0x5627c3670240 .concat [ 1 1 1 1], L_0x5627c3677ce0, L_0x5627c36790a0, L_0x5627c366f040, L_0x5627c366fc40;
L_0x5627c3670380 .shift/r 16, L_0x7f41d81ea2e8, L_0x5627c3670240;
L_0x5627c36705d0 .part L_0x5627c3670380, 0, 1;
L_0x5627c3670710 .concat [ 1 1 1 1], v0x5627c365d5d0_0, L_0x5627c3670fe0, L_0x5627c3677c40, L_0x5627c3678e00;
L_0x5627c3670900 .shift/r 16, L_0x7f41d81ea330, L_0x5627c3670710;
L_0x5627c3670a70 .part L_0x5627c3670900, 0, 1;
LS_0x5627c36707e0_0_0 .concat [ 1 1 1 1], L_0x5627c3677360, L_0x5627c3677ce0, L_0x5627c36790a0, L_0x5627c3679000;
LS_0x5627c36707e0_0_4 .concat [ 1 1 0 0], L_0x5627c366fc40, L_0x5627c366f040;
L_0x5627c36707e0 .concat [ 4 2 0 0], LS_0x5627c36707e0_0_0, LS_0x5627c36707e0_0_4;
L_0x5627c3670e00 .shift/r 64, L_0x7f41d81ea378, L_0x5627c36707e0;
L_0x5627c3670fe0 .part L_0x5627c3670e00, 0, 1;
L_0x5627c3671120 .concat [ 1 1 1 1], v0x5627c365d5d0_0, L_0x5627c3671af0, L_0x5627c3677ac0, L_0x5627c3678cd0;
L_0x5627c3671310 .shift/r 16, L_0x7f41d81ea3c0, L_0x5627c3671120;
L_0x5627c3671480 .part L_0x5627c3671310, 0, 1;
L_0x5627c36716d0 .concat [ 1 1 1 0], L_0x5627c3670fe0, L_0x5627c3677c40, L_0x5627c3678e00;
L_0x5627c3671840 .shift/r 8, L_0x7f41d81ea408, L_0x5627c36716d0;
L_0x5627c3671af0 .part L_0x5627c3671840, 0, 1;
LS_0x5627c3671c30_0_0 .concat [ 1 1 1 1], L_0x5627c3671af0, L_0x5627c3677ac0, L_0x5627c3678cd0, v0x5627c365d5d0_0;
LS_0x5627c3671c30_0_4 .concat [ 1 1 0 0], L_0x5627c3677990, L_0x5627c3678ae0;
L_0x5627c3671c30 .concat [ 4 2 0 0], LS_0x5627c3671c30_0_0, LS_0x5627c3671c30_0_4;
L_0x5627c3671f30 .shift/r 64, L_0x7f41d81ea450, L_0x5627c3671c30;
L_0x5627c3672070 .part L_0x5627c3671f30, 0, 1;
L_0x5627c36722f0 .concat [ 1 1 1 1], v0x5627c365d5d0_0, L_0x5627c3672c10, L_0x5627c3677820, L_0x5627c3678730;
L_0x5627c36723f0 .shift/r 16, L_0x7f41d81ea498, L_0x5627c36722f0;
L_0x5627c3672700 .part L_0x5627c36723f0, 0, 1;
L_0x5627c36727f0 .concat [ 1 1 0 0], L_0x5627c36732b0, L_0x5627c3673f60;
L_0x5627c3672aa0 .shift/r 4, L_0x7f41d81ea4e0, L_0x5627c36727f0;
L_0x5627c3672c10 .part L_0x5627c3672aa0, 0, 1;
LS_0x5627c3672f10_0_0 .concat [ 1 1 1 1], L_0x5627c3670fe0, L_0x5627c3677ac0, L_0x5627c3678cd0, L_0x5627c3677c40;
LS_0x5627c3672f10_0_4 .concat [ 1 1 0 0], L_0x5627c3678e00, L_0x5627c3673850;
L_0x5627c3672f10 .concat [ 4 2 0 0], LS_0x5627c3672f10_0_0, LS_0x5627c3672f10_0_4;
L_0x5627c3672ff0 .shift/r 64, L_0x7f41d81ea528, L_0x5627c3672f10;
L_0x5627c36732b0 .part L_0x5627c3672ff0, 0, 1;
L_0x5627c36733f0 .concat [ 1 1 0 0], L_0x5627c3677990, L_0x5627c3678ae0;
L_0x5627c3673710 .shift/r 4, L_0x7f41d81ea570, L_0x5627c36733f0;
L_0x5627c3673850 .part L_0x5627c3673710, 0, 1;
L_0x5627c3673b80 .concat [ 1 1 0 0], L_0x5627c3677990, L_0x5627c3678ae0;
L_0x5627c3673c20 .shift/r 4, L_0x7f41d81ea5b8, L_0x5627c3673b80;
L_0x5627c3673f60 .part L_0x5627c3673c20, 0, 1;
LS_0x5627c36740a0_0_0 .concat [ 1 1 1 1], L_0x5627c3672c10, L_0x5627c3677820, L_0x5627c3678730, v0x5627c365d5d0_0;
LS_0x5627c36740a0_0_4 .concat [ 1 1 0 0], L_0x5627c3677780, L_0x5627c3678870;
L_0x5627c36740a0 .concat [ 4 2 0 0], LS_0x5627c36740a0_0_0, LS_0x5627c36740a0_0_4;
L_0x5627c3674430 .shift/r 64, L_0x7f41d81ea600, L_0x5627c36740a0;
L_0x5627c3674570 .part L_0x5627c3674430, 0, 1;
L_0x5627c3674880 .concat [ 1 1 1 1], v0x5627c365d5d0_0, L_0x5627c36751e0, L_0x5627c3677590, L_0x5627c36787d0;
L_0x5627c3674920 .shift/r 16, L_0x7f41d81ea648, L_0x5627c3674880;
L_0x5627c3674c90 .part L_0x5627c3674920, 0, 1;
LS_0x5627c3674d80_0_0 .concat [ 1 1 1 1], L_0x5627c3677780, L_0x5627c3677820, L_0x5627c3678730, L_0x5627c3678870;
LS_0x5627c3674d80_0_4 .concat [ 1 1 0 0], L_0x5627c3673f60, L_0x5627c36732b0;
L_0x5627c3674d80 .concat [ 4 2 0 0], LS_0x5627c3674d80_0_0, LS_0x5627c3674d80_0_4;
L_0x5627c3675140 .shift/r 64, L_0x7f41d81ea690, L_0x5627c3674d80;
L_0x5627c36751e0 .part L_0x5627c3675140, 0, 1;
LS_0x5627c3675570_0_0 .concat [ 1 1 1 1], L_0x5627c36751e0, L_0x5627c3677590, L_0x5627c36787d0, v0x5627c365d5d0_0;
LS_0x5627c3675570_0_4 .concat [ 1 1 0 0], L_0x5627c36774f0, L_0x5627c3678690;
L_0x5627c3675570 .concat [ 4 2 0 0], LS_0x5627c3675570_0_0, LS_0x5627c3675570_0_4;
L_0x5627c36756f0 .shift/r 64, L_0x7f41d81ea6d8, L_0x5627c3675570;
L_0x5627c3675a90 .part L_0x5627c36756f0, 0, 1;
L_0x5627c3675b80 .concat [ 1 1 1 1], v0x5627c365d5d0_0, L_0x5627c36768a0, L_0x5627c3677400, L_0x5627c36785f0;
L_0x5627c3675ec0 .shift/r 16, L_0x7f41d81ea720, L_0x5627c3675b80;
L_0x5627c3676030 .part L_0x5627c3675ec0, 0, 1;
LS_0x5627c36763a0_0_0 .concat [ 1 1 1 1], L_0x5627c36751e0, L_0x5627c36774f0, L_0x5627c3678690, L_0x5627c3677590;
LS_0x5627c36763a0_0_4 .concat [ 1 0 0 0], L_0x5627c36787d0;
L_0x5627c36763a0 .concat [ 4 1 0 0], LS_0x5627c36763a0_0_0, LS_0x5627c36763a0_0_4;
L_0x5627c36764d0 .shift/r 32, L_0x7f41d81ea768, L_0x5627c36763a0;
L_0x5627c36768a0 .part L_0x5627c36764d0, 0, 1;
L_0x5627c36769e0 .concat [ 1 1 1 1], L_0x5627c36768a0, L_0x5627c3677400, L_0x5627c36785f0, v0x5627c365d5d0_0;
L_0x5627c3676dc0 .shift/r 16, L_0x7f41d81ea7b0, L_0x5627c36769e0;
L_0x5627c3676f00 .part L_0x5627c3676dc0, 0, 1;
    .scope S_0x5627c362cd40;
T_0 ;
    %wait E_0x5627c3607ca0;
    %load/vec4 v0x5627c365b130_0;
    %assign/vec4 v0x5627c363a1c0_0, 0;
    %jmp T_0;
    .thread T_0;
    .scope S_0x5627c362cd40;
T_1 ;
    %wait E_0x5627c3607ca0;
    %load/vec4 v0x5627c365b7f0_0;
    %assign/vec4 v0x5627c3654000_0, 0;
    %jmp T_1;
    .thread T_1;
    .scope S_0x5627c362cd40;
T_2 ;
    %wait E_0x5627c3607ca0;
    %load/vec4 v0x5627c365b8b0_0;
    %assign/vec4 v0x5627c363a8a0_0, 0;
    %jmp T_2;
    .thread T_2;
    .scope S_0x5627c362cd40;
T_3 ;
    %wait E_0x5627c3607ca0;
    %load/vec4 v0x5627c365b970_0;
    %assign/vec4 v0x5627c363ac10_0, 0;
    %jmp T_3;
    .thread T_3;
    .scope S_0x5627c362cd40;
T_4 ;
    %wait E_0x5627c3607ca0;
    %load/vec4 v0x5627c365ba30_0;
    %assign/vec4 v0x5627c363af80_0, 0;
    %jmp T_4;
    .thread T_4;
    .scope S_0x5627c362cd40;
T_5 ;
    %wait E_0x5627c3607ca0;
    %load/vec4 v0x5627c365baf0_0;
    %assign/vec4 v0x5627c363b2f0_0, 0;
    %jmp T_5;
    .thread T_5;
    .scope S_0x5627c362cd40;
T_6 ;
    %wait E_0x5627c3607ca0;
    %load/vec4 v0x5627c365bbb0_0;
    %assign/vec4 v0x5627c363b660_0, 0;
    %jmp T_6;
    .thread T_6;
    .scope S_0x5627c362cd40;
T_7 ;
    %wait E_0x5627c3607ca0;
    %load/vec4 v0x5627c365bc70_0;
    %assign/vec4 v0x5627c3653940_0, 0;
    %jmp T_7;
    .thread T_7;
    .scope S_0x5627c362cd40;
T_8 ;
    %wait E_0x5627c3607ca0;
    %load/vec4 v0x5627c365bd30_0;
    %assign/vec4 v0x5627c3653a00_0, 0;
    %jmp T_8;
    .thread T_8;
    .scope S_0x5627c362cd40;
T_9 ;
    %wait E_0x5627c3607ca0;
    %load/vec4 v0x5627c365b1f0_0;
    %assign/vec4 v0x5627c363a530_0, 0;
    %jmp T_9;
    .thread T_9;
    .scope S_0x5627c362cd40;
T_10 ;
    %wait E_0x5627c3607ca0;
    %load/vec4 v0x5627c365b2b0_0;
    %assign/vec4 v0x5627c3653ac0_0, 0;
    %jmp T_10;
    .thread T_10;
    .scope S_0x5627c362cd40;
T_11 ;
    %wait E_0x5627c3607ca0;
    %load/vec4 v0x5627c365b370_0;
    %assign/vec4 v0x5627c3653b80_0, 0;
    %jmp T_11;
    .thread T_11;
    .scope S_0x5627c362cd40;
T_12 ;
    %wait E_0x5627c3607ca0;
    %load/vec4 v0x5627c365b430_0;
    %assign/vec4 v0x5627c3653c40_0, 0;
    %jmp T_12;
    .thread T_12;
    .scope S_0x5627c362cd40;
T_13 ;
    %wait E_0x5627c3607ca0;
    %load/vec4 v0x5627c365b4f0_0;
    %assign/vec4 v0x5627c3653d00_0, 0;
    %jmp T_13;
    .thread T_13;
    .scope S_0x5627c362cd40;
T_14 ;
    %wait E_0x5627c3607ca0;
    %load/vec4 v0x5627c365b5b0_0;
    %assign/vec4 v0x5627c3653dc0_0, 0;
    %jmp T_14;
    .thread T_14;
    .scope S_0x5627c362cd40;
T_15 ;
    %wait E_0x5627c3607ca0;
    %load/vec4 v0x5627c365b670_0;
    %assign/vec4 v0x5627c3653e80_0, 0;
    %jmp T_15;
    .thread T_15;
    .scope S_0x5627c362cd40;
T_16 ;
    %wait E_0x5627c3607ca0;
    %load/vec4 v0x5627c365b730_0;
    %assign/vec4 v0x5627c3653f40_0, 0;
    %jmp T_16;
    .thread T_16;
    .scope S_0x5627c3635990;
T_17 ;
    %delay 5, 0;
    %load/vec4 v0x5627c365d230_0;
    %inv;
    %store/vec4 v0x5627c365d230_0, 0, 1;
    %jmp T_17;
    .thread T_17;
    .scope S_0x5627c3635990;
T_18 ;
    %pushi/vec4 0, 0, 1;
    %store/vec4 v0x5627c365d230_0, 0, 1;
    %pushi/vec4 1, 0, 1;
    %store/vec4 v0x5627c365d5d0_0, 0, 1;
    %pushi/vec4 0, 0, 16;
    %store/vec4 v0x5627c365d050_0, 0, 16;
    %pushi/vec4 0, 0, 16;
    %store/vec4 v0x5627c365d150_0, 0, 16;
    %vpi_call 2 42 "$readmemh", "memA.dat", v0x5627c365d370 {0 0 0};
    %vpi_call 2 43 "$readmemh", "memB.dat", v0x5627c365d430 {0 0 0};
    %vpi_func 2 46 "$fopen" 32, "output_sum.txt", "w" {0 0 0};
    %store/vec4 v0x5627c365d4f0_0, 0, 32;
    %delay 10, 0;
    %pushi/vec4 0, 0, 1;
    %store/vec4 v0x5627c365d5d0_0, 0, 1;
    %pushi/vec4 0, 0, 32;
    %store/vec4 v0x5627c365d2d0_0, 0, 32;
T_18.0 ;
    %load/vec4 v0x5627c365d2d0_0;
    %cmpi/s 1000000, 0, 32;
    %jmp/0xz T_18.1, 5;
    %ix/getv/s 4, v0x5627c365d2d0_0;
    %load/vec4a v0x5627c365d370, 4;
    %store/vec4 v0x5627c365d050_0, 0, 16;
    %ix/getv/s 4, v0x5627c365d2d0_0;
    %load/vec4a v0x5627c365d430, 4;
    %store/vec4 v0x5627c365d150_0, 0, 16;
    %delay 10, 0;
    %vpi_call 2 56 "$fwrite", v0x5627c365d4f0_0, "%h\012", v0x5627c365d670_0 {0 0 0};
    %load/vec4 v0x5627c365d2d0_0;
    %addi 1, 0, 32;
    %store/vec4 v0x5627c365d2d0_0, 0, 32;
    %jmp T_18.0;
T_18.1 ;
    %vpi_call 2 60 "$fclose", v0x5627c365d4f0_0 {0 0 0};
    %delay 10, 0;
    %vpi_call 2 63 "$finish" {0 0 0};
    %end;
    .thread T_18;
# The file index is used to find the file name in the following table.
:file_names 4;
    "N/A";
    "<interactive>";
    "bk_tb.v";
    "BK_16b_aprox_4.v";
