#Timing report of worst 5 path(s)
# Unit scale: 1e-09 seconds
# Output precision: 3

#Path 1
Startpoint: A9998~9.inpad[0] (.input clocked by virtual_io_clock)
Endpoint  : out:decision~4.outpad[0] (.output clocked by virtual_io_clock)
Path Type : hold

Point                                                                                                                                      Incr      Path
---------------------------------------------------------------------------------------------------------------------------------------------------------
clock virtual_io_clock (rise edge)                                                                                                        0.000     0.000
clock source latency                                                                                                                      0.000     0.000
input external delay                                                                                                                      0.000     0.000
A9998~9.inpad[0] (.input)                                                                                                                 0.000     0.000
new_n3046.in[0] (.names)                                                                                                                  0.482     0.482
new_n3046.out[0] (.names)                                                                                                                 0.235     0.717
new_n3036.in[1] (.names)                                                                                                                  0.000     0.717
new_n3036.out[0] (.names)                                                                                                                 0.235     0.952
$or~3396^Y~0.in[5] (.names)                                                                                                               0.000     0.952
$or~3396^Y~0.out[0] (.names)                                                                                                              0.261     1.213
$techmap$auto$hard_block.cc:122:cell_hard_block$10128.$auto$alumacc.cc:485:replace_alu$14933.B[0].b[0] (adder)                            0.000     1.213
$techmap$auto$hard_block.cc:122:cell_hard_block$10128.$auto$alumacc.cc:485:replace_alu$14933.B[0].sumout[0] (adder)                       0.300     1.513
new_n811.in[5] (.names)                                                                                                                   0.337     1.850
new_n811.out[0] (.names)                                                                                                                  0.261     2.111
decision~4.in[3] (.names)                                                                                                                 0.000     2.111
decision~4.out[0] (.names)                                                                                                                0.235     2.346
out:decision~4.outpad[0] (.output)                                                                                                        0.536     2.882
data arrival time                                                                                                                                   2.882

clock virtual_io_clock (rise edge)                                                                                                        0.000     0.000
clock source latency                                                                                                                      0.000     0.000
clock uncertainty                                                                                                                         0.000     0.000
output external delay                                                                                                                     0.000     0.000
data required time                                                                                                                                  0.000
---------------------------------------------------------------------------------------------------------------------------------------------------------
data required time                                                                                                                                 -0.000
data arrival time                                                                                                                                   2.882
---------------------------------------------------------------------------------------------------------------------------------------------------------
slack (MET)                                                                                                                                         2.882


#Path 2
Startpoint: A9~4.inpad[0] (.input clocked by virtual_io_clock)
Endpoint  : out:decision~3.outpad[0] (.output clocked by virtual_io_clock)
Path Type : hold

Point                                                                                                                                      Incr      Path
---------------------------------------------------------------------------------------------------------------------------------------------------------
clock virtual_io_clock (rise edge)                                                                                                        0.000     0.000
clock source latency                                                                                                                      0.000     0.000
input external delay                                                                                                                      0.000     0.000
A9~4.inpad[0] (.input)                                                                                                                    0.000     0.000
new_n1324.in[2] (.names)                                                                                                                  0.362     0.362
new_n1324.out[0] (.names)                                                                                                                 0.261     0.623
new_n3192.in[0] (.names)                                                                                                                  0.000     0.623
new_n3192.out[0] (.names)                                                                                                                 0.235     0.858
new_n3189.in[2] (.names)                                                                                                                  0.000     0.858
new_n3189.out[0] (.names)                                                                                                                 0.235     1.093
$or~3375^Y~0.in[3] (.names)                                                                                                               0.000     1.093
$or~3375^Y~0.out[0] (.names)                                                                                                              0.261     1.354
$techmap$auto$hard_block.cc:122:cell_hard_block$10173.$auto$alumacc.cc:485:replace_alu$14933.B[0].b[0] (adder)                            0.000     1.354
$techmap$auto$hard_block.cc:122:cell_hard_block$10173.$auto$alumacc.cc:485:replace_alu$14933.B[0].sumout[0] (adder)                       0.300     1.654
new_n806.in[5] (.names)                                                                                                                   0.217     1.871
new_n806.out[0] (.names)                                                                                                                  0.261     2.132
decision~3.in[2] (.names)                                                                                                                 0.297     2.429
decision~3.out[0] (.names)                                                                                                                0.235     2.664
out:decision~3.outpad[0] (.output)                                                                                                        0.269     2.933
data arrival time                                                                                                                                   2.933

clock virtual_io_clock (rise edge)                                                                                                        0.000     0.000
clock source latency                                                                                                                      0.000     0.000
clock uncertainty                                                                                                                         0.000     0.000
output external delay                                                                                                                     0.000     0.000
data required time                                                                                                                                  0.000
---------------------------------------------------------------------------------------------------------------------------------------------------------
data required time                                                                                                                                 -0.000
data arrival time                                                                                                                                   2.933
---------------------------------------------------------------------------------------------------------------------------------------------------------
slack (MET)                                                                                                                                         2.933


#Path 3
Startpoint: A9~4.inpad[0] (.input clocked by virtual_io_clock)
Endpoint  : out:decision~2.outpad[0] (.output clocked by virtual_io_clock)
Path Type : hold

Point                                                                                                                                      Incr      Path
---------------------------------------------------------------------------------------------------------------------------------------------------------
clock virtual_io_clock (rise edge)                                                                                                        0.000     0.000
clock source latency                                                                                                                      0.000     0.000
input external delay                                                                                                                      0.000     0.000
A9~4.inpad[0] (.input)                                                                                                                    0.000     0.000
new_n1324.in[2] (.names)                                                                                                                  0.362     0.362
new_n1324.out[0] (.names)                                                                                                                 0.261     0.623
new_n3192.in[0] (.names)                                                                                                                  0.000     0.623
new_n3192.out[0] (.names)                                                                                                                 0.235     0.858
new_n3189.in[2] (.names)                                                                                                                  0.000     0.858
new_n3189.out[0] (.names)                                                                                                                 0.235     1.093
$or~3375^Y~0.in[3] (.names)                                                                                                               0.000     1.093
$or~3375^Y~0.out[0] (.names)                                                                                                              0.261     1.354
$techmap$auto$hard_block.cc:122:cell_hard_block$10173.$auto$alumacc.cc:485:replace_alu$14933.B[0].b[0] (adder)                            0.000     1.354
$techmap$auto$hard_block.cc:122:cell_hard_block$10173.$auto$alumacc.cc:485:replace_alu$14933.B[0].sumout[0] (adder)                       0.300     1.654
new_n806.in[5] (.names)                                                                                                                   0.217     1.871
new_n806.out[0] (.names)                                                                                                                  0.261     2.132
decision~2.in[2] (.names)                                                                                                                 0.297     2.429
decision~2.out[0] (.names)                                                                                                                0.235     2.664
out:decision~2.outpad[0] (.output)                                                                                                        0.368     3.033
data arrival time                                                                                                                                   3.033

clock virtual_io_clock (rise edge)                                                                                                        0.000     0.000
clock source latency                                                                                                                      0.000     0.000
clock uncertainty                                                                                                                         0.000     0.000
output external delay                                                                                                                     0.000     0.000
data required time                                                                                                                                  0.000
---------------------------------------------------------------------------------------------------------------------------------------------------------
data required time                                                                                                                                 -0.000
data arrival time                                                                                                                                   3.033
---------------------------------------------------------------------------------------------------------------------------------------------------------
slack (MET)                                                                                                                                         3.033


#Path 4
Startpoint: A9991~9.inpad[0] (.input clocked by virtual_io_clock)
Endpoint  : out:decision~0.outpad[0] (.output clocked by virtual_io_clock)
Path Type : hold

Point                                                                                                                                      Incr      Path
---------------------------------------------------------------------------------------------------------------------------------------------------------
clock virtual_io_clock (rise edge)                                                                                                        0.000     0.000
clock source latency                                                                                                                      0.000     0.000
input external delay                                                                                                                      0.000     0.000
A9991~9.inpad[0] (.input)                                                                                                                 0.000     0.000
new_n827.in[0] (.names)                                                                                                                   0.363     0.363
new_n827.out[0] (.names)                                                                                                                  0.235     0.598
new_n2779.in[1] (.names)                                                                                                                  0.000     0.598
new_n2779.out[0] (.names)                                                                                                                 0.235     0.833
new_n2778.in[3] (.names)                                                                                                                  0.000     0.833
new_n2778.out[0] (.names)                                                                                                                 0.235     1.068
$or~3352^Y~0.in[2] (.names)                                                                                                               0.000     1.068
$or~3352^Y~0.out[0] (.names)                                                                                                              0.261     1.329
$techmap$auto$hard_block.cc:122:cell_hard_block$10120.$auto$alumacc.cc:485:replace_alu$14933.B[0].b[0] (adder)                            0.000     1.329
$techmap$auto$hard_block.cc:122:cell_hard_block$10120.$auto$alumacc.cc:485:replace_alu$14933.B[0].sumout[0] (adder)                       0.300     1.629
new_n808.in[5] (.names)                                                                                                                   0.363     1.993
new_n808.out[0] (.names)                                                                                                                  0.261     2.254
decision~0.in[2] (.names)                                                                                                                 0.340     2.594
decision~0.out[0] (.names)                                                                                                                0.235     2.829
out:decision~0.outpad[0] (.output)                                                                                                        0.366     3.195
data arrival time                                                                                                                                   3.195

clock virtual_io_clock (rise edge)                                                                                                        0.000     0.000
clock source latency                                                                                                                      0.000     0.000
clock uncertainty                                                                                                                         0.000     0.000
output external delay                                                                                                                     0.000     0.000
data required time                                                                                                                                  0.000
---------------------------------------------------------------------------------------------------------------------------------------------------------
data required time                                                                                                                                 -0.000
data arrival time                                                                                                                                   3.195
---------------------------------------------------------------------------------------------------------------------------------------------------------
slack (MET)                                                                                                                                         3.195


#Path 5
Startpoint: A9991~9.inpad[0] (.input clocked by virtual_io_clock)
Endpoint  : out:decision~1.outpad[0] (.output clocked by virtual_io_clock)
Path Type : hold

Point                                                                                                                                      Incr      Path
---------------------------------------------------------------------------------------------------------------------------------------------------------
clock virtual_io_clock (rise edge)                                                                                                        0.000     0.000
clock source latency                                                                                                                      0.000     0.000
input external delay                                                                                                                      0.000     0.000
A9991~9.inpad[0] (.input)                                                                                                                 0.000     0.000
new_n827.in[0] (.names)                                                                                                                   0.363     0.363
new_n827.out[0] (.names)                                                                                                                  0.235     0.598
new_n2779.in[1] (.names)                                                                                                                  0.000     0.598
new_n2779.out[0] (.names)                                                                                                                 0.235     0.833
new_n2778.in[3] (.names)                                                                                                                  0.000     0.833
new_n2778.out[0] (.names)                                                                                                                 0.235     1.068
$or~3352^Y~0.in[2] (.names)                                                                                                               0.000     1.068
$or~3352^Y~0.out[0] (.names)                                                                                                              0.261     1.329
$techmap$auto$hard_block.cc:122:cell_hard_block$10120.$auto$alumacc.cc:485:replace_alu$14933.B[0].b[0] (adder)                            0.000     1.329
$techmap$auto$hard_block.cc:122:cell_hard_block$10120.$auto$alumacc.cc:485:replace_alu$14933.B[0].sumout[0] (adder)                       0.300     1.629
new_n808.in[5] (.names)                                                                                                                   0.363     1.993
new_n808.out[0] (.names)                                                                                                                  0.261     2.254
decision~1.in[1] (.names)                                                                                                                 0.340     2.594
decision~1.out[0] (.names)                                                                                                                0.235     2.829
out:decision~1.outpad[0] (.output)                                                                                                        0.492     3.321
data arrival time                                                                                                                                   3.321

clock virtual_io_clock (rise edge)                                                                                                        0.000     0.000
clock source latency                                                                                                                      0.000     0.000
clock uncertainty                                                                                                                         0.000     0.000
output external delay                                                                                                                     0.000     0.000
data required time                                                                                                                                  0.000
---------------------------------------------------------------------------------------------------------------------------------------------------------
data required time                                                                                                                                 -0.000
data arrival time                                                                                                                                   3.321
---------------------------------------------------------------------------------------------------------------------------------------------------------
slack (MET)                                                                                                                                         3.321


#End of timing report
