#Timing report of worst 32 path(s)
# Unit scale: 1e-09 seconds
# Output precision: 3

#Path 1
Startpoint: a~1.inpad[0] (.input clocked by virtual_io_clock)
Endpoint  : out:result~1.outpad[0] (.output clocked by virtual_io_clock)
Path Type : hold

Point                                                             Incr      Path
--------------------------------------------------------------------------------
clock virtual_io_clock (rise edge)                               0.000     0.000
clock source latency                                             0.000     0.000
input external delay                                             0.000     0.000
a~1.inpad[0] (.input)                                            0.000     0.000
out:result~1.outpad[0] (.output)                                 0.215     0.215
data arrival time                                                          0.215

clock virtual_io_clock (rise edge)                               0.000     0.000
clock source latency                                             0.000     0.000
clock uncertainty                                                0.000     0.000
output external delay                                            0.000     0.000
data required time                                                         0.000
--------------------------------------------------------------------------------
data required time                                                        -0.000
data arrival time                                                          0.215
--------------------------------------------------------------------------------
slack (MET)                                                                0.215


#Path 2
Startpoint: a~0.inpad[0] (.input clocked by virtual_io_clock)
Endpoint  : out:result~0.outpad[0] (.output clocked by virtual_io_clock)
Path Type : hold

Point                                                             Incr      Path
--------------------------------------------------------------------------------
clock virtual_io_clock (rise edge)                               0.000     0.000
clock source latency                                             0.000     0.000
input external delay                                             0.000     0.000
a~0.inpad[0] (.input)                                            0.000     0.000
out:result~0.outpad[0] (.output)                                 0.216     0.216
data arrival time                                                          0.216

clock virtual_io_clock (rise edge)                               0.000     0.000
clock source latency                                             0.000     0.000
clock uncertainty                                                0.000     0.000
output external delay                                            0.000     0.000
data required time                                                         0.000
--------------------------------------------------------------------------------
data required time                                                        -0.000
data arrival time                                                          0.216
--------------------------------------------------------------------------------
slack (MET)                                                                0.216


#Path 3
Startpoint: a~3.inpad[0] (.input clocked by virtual_io_clock)
Endpoint  : out:result~3.outpad[0] (.output clocked by virtual_io_clock)
Path Type : hold

Point                                                             Incr      Path
--------------------------------------------------------------------------------
clock virtual_io_clock (rise edge)                               0.000     0.000
clock source latency                                             0.000     0.000
input external delay                                             0.000     0.000
a~3.inpad[0] (.input)                                            0.000     0.000
out:result~3.outpad[0] (.output)                                 0.218     0.218
data arrival time                                                          0.218

clock virtual_io_clock (rise edge)                               0.000     0.000
clock source latency                                             0.000     0.000
clock uncertainty                                                0.000     0.000
output external delay                                            0.000     0.000
data required time                                                         0.000
--------------------------------------------------------------------------------
data required time                                                        -0.000
data arrival time                                                          0.218
--------------------------------------------------------------------------------
slack (MET)                                                                0.218


#Path 4
Startpoint: a~2.inpad[0] (.input clocked by virtual_io_clock)
Endpoint  : out:result~2.outpad[0] (.output clocked by virtual_io_clock)
Path Type : hold

Point                                                             Incr      Path
--------------------------------------------------------------------------------
clock virtual_io_clock (rise edge)                               0.000     0.000
clock source latency                                             0.000     0.000
input external delay                                             0.000     0.000
a~2.inpad[0] (.input)                                            0.000     0.000
out:result~2.outpad[0] (.output)                                 0.360     0.360
data arrival time                                                          0.360

clock virtual_io_clock (rise edge)                               0.000     0.000
clock source latency                                             0.000     0.000
clock uncertainty                                                0.000     0.000
output external delay                                            0.000     0.000
data required time                                                         0.000
--------------------------------------------------------------------------------
data required time                                                        -0.000
data arrival time                                                          0.360
--------------------------------------------------------------------------------
slack (MET)                                                                0.360


#Path 5
Startpoint: a~26.inpad[0] (.input clocked by virtual_io_clock)
Endpoint  : out:result~31.outpad[0] (.output clocked by virtual_io_clock)
Path Type : hold

Point                                                             Incr      Path
--------------------------------------------------------------------------------
clock virtual_io_clock (rise edge)                               0.000     0.000
clock source latency                                             0.000     0.000
input external delay                                             0.000     0.000
a~26.inpad[0] (.input)                                           0.000     0.000
new_n8285.in[2] (.names)                                         1.603     1.603
new_n8285.out[0] (.names)                                        0.235     1.838
result~31.in[5] (.names)                                         0.195     2.033
result~31.out[0] (.names)                                        0.261     2.294
out:result~31.outpad[0] (.output)                                0.249     2.543
data arrival time                                                          2.543

clock virtual_io_clock (rise edge)                               0.000     0.000
clock source latency                                             0.000     0.000
clock uncertainty                                                0.000     0.000
output external delay                                            0.000     0.000
data required time                                                         0.000
--------------------------------------------------------------------------------
data required time                                                        -0.000
data arrival time                                                          2.543
--------------------------------------------------------------------------------
slack (MET)                                                                2.543


#Path 6
Startpoint: a~23.inpad[0] (.input clocked by virtual_io_clock)
Endpoint  : out:result~26.outpad[0] (.output clocked by virtual_io_clock)
Path Type : hold

Point                                                             Incr      Path
--------------------------------------------------------------------------------
clock virtual_io_clock (rise edge)                               0.000     0.000
clock source latency                                             0.000     0.000
input external delay                                             0.000     0.000
a~23.inpad[0] (.input)                                           0.000     0.000
new_n8167.in[3] (.names)                                         2.048     2.048
new_n8167.out[0] (.names)                                        0.235     2.283
result~26.in[3] (.names)                                         0.000     2.283
result~26.out[0] (.names)                                        0.261     2.544
out:result~26.outpad[0] (.output)                                0.294     2.838
data arrival time                                                          2.838

clock virtual_io_clock (rise edge)                               0.000     0.000
clock source latency                                             0.000     0.000
clock uncertainty                                                0.000     0.000
output external delay                                            0.000     0.000
data required time                                                         0.000
--------------------------------------------------------------------------------
data required time                                                        -0.000
data arrival time                                                          2.838
--------------------------------------------------------------------------------
slack (MET)                                                                2.838


#Path 7
Startpoint: a~23.inpad[0] (.input clocked by virtual_io_clock)
Endpoint  : out:result~28.outpad[0] (.output clocked by virtual_io_clock)
Path Type : hold

Point                                                             Incr      Path
--------------------------------------------------------------------------------
clock virtual_io_clock (rise edge)                               0.000     0.000
clock source latency                                             0.000     0.000
input external delay                                             0.000     0.000
a~23.inpad[0] (.input)                                           0.000     0.000
new_n8212.in[5] (.names)                                         2.051     2.051
new_n8212.out[0] (.names)                                        0.261     2.312
result~28.in[0] (.names)                                         0.000     2.312
result~28.out[0] (.names)                                        0.261     2.573
out:result~28.outpad[0] (.output)                                0.269     2.842
data arrival time                                                          2.842

clock virtual_io_clock (rise edge)                               0.000     0.000
clock source latency                                             0.000     0.000
clock uncertainty                                                0.000     0.000
output external delay                                            0.000     0.000
data required time                                                         0.000
--------------------------------------------------------------------------------
data required time                                                        -0.000
data arrival time                                                          2.842
--------------------------------------------------------------------------------
slack (MET)                                                                2.842


#Path 8
Startpoint: a~0.inpad[0] (.input clocked by virtual_io_clock)
Endpoint  : out:result~6.outpad[0] (.output clocked by virtual_io_clock)
Path Type : hold

Point                                                             Incr      Path
--------------------------------------------------------------------------------
clock virtual_io_clock (rise edge)                               0.000     0.000
clock source latency                                             0.000     0.000
input external delay                                             0.000     0.000
a~0.inpad[0] (.input)                                            0.000     0.000
new_n7379.in[0] (.names)                                         1.874     1.874
new_n7379.out[0] (.names)                                        0.235     2.109
result~6.in[3] (.names)                                          0.000     2.109
result~6.out[0] (.names)                                         0.261     2.370
out:result~6.outpad[0] (.output)                                 0.513     2.883
data arrival time                                                          2.883

clock virtual_io_clock (rise edge)                               0.000     0.000
clock source latency                                             0.000     0.000
clock uncertainty                                                0.000     0.000
output external delay                                            0.000     0.000
data required time                                                         0.000
--------------------------------------------------------------------------------
data required time                                                        -0.000
data arrival time                                                          2.883
--------------------------------------------------------------------------------
slack (MET)                                                                2.883


#Path 9
Startpoint: a~17.inpad[0] (.input clocked by virtual_io_clock)
Endpoint  : out:result~21.outpad[0] (.output clocked by virtual_io_clock)
Path Type : hold

Point                                                             Incr      Path
--------------------------------------------------------------------------------
clock virtual_io_clock (rise edge)                               0.000     0.000
clock source latency                                             0.000     0.000
input external delay                                             0.000     0.000
a~17.inpad[0] (.input)                                           0.000     0.000
new_n8054.in[5] (.names)                                         2.173     2.173
new_n8054.out[0] (.names)                                        0.261     2.434
result~21.in[5] (.names)                                         0.000     2.434
result~21.out[0] (.names)                                        0.261     2.695
out:result~21.outpad[0] (.output)                                0.216     2.911
data arrival time                                                          2.911

clock virtual_io_clock (rise edge)                               0.000     0.000
clock source latency                                             0.000     0.000
clock uncertainty                                                0.000     0.000
output external delay                                            0.000     0.000
data required time                                                         0.000
--------------------------------------------------------------------------------
data required time                                                        -0.000
data arrival time                                                          2.911
--------------------------------------------------------------------------------
slack (MET)                                                                2.911


#Path 10
Startpoint: a~8.inpad[0] (.input clocked by virtual_io_clock)
Endpoint  : out:result~12.outpad[0] (.output clocked by virtual_io_clock)
Path Type : hold

Point                                                             Incr      Path
--------------------------------------------------------------------------------
clock virtual_io_clock (rise edge)                               0.000     0.000
clock source latency                                             0.000     0.000
input external delay                                             0.000     0.000
a~8.inpad[0] (.input)                                            0.000     0.000
new_n7730.in[5] (.names)                                         1.605     1.605
new_n7730.out[0] (.names)                                        0.261     1.866
result~12.in[1] (.names)                                         0.359     2.225
result~12.out[0] (.names)                                        0.235     2.460
out:result~12.outpad[0] (.output)                                0.513     2.973
data arrival time                                                          2.973

clock virtual_io_clock (rise edge)                               0.000     0.000
clock source latency                                             0.000     0.000
clock uncertainty                                                0.000     0.000
output external delay                                            0.000     0.000
data required time                                                         0.000
--------------------------------------------------------------------------------
data required time                                                        -0.000
data arrival time                                                          2.973
--------------------------------------------------------------------------------
slack (MET)                                                                2.973


#Path 11
Startpoint: a~23.inpad[0] (.input clocked by virtual_io_clock)
Endpoint  : out:result~27.outpad[0] (.output clocked by virtual_io_clock)
Path Type : hold

Point                                                             Incr      Path
--------------------------------------------------------------------------------
clock virtual_io_clock (rise edge)                               0.000     0.000
clock source latency                                             0.000     0.000
input external delay                                             0.000     0.000
a~23.inpad[0] (.input)                                           0.000     0.000
new_n8212.in[5] (.names)                                         2.051     2.051
new_n8212.out[0] (.names)                                        0.261     2.312
result~27.in[2] (.names)                                         0.269     2.581
result~27.out[0] (.names)                                        0.235     2.816
out:result~27.outpad[0] (.output)                                0.246     3.062
data arrival time                                                          3.062

clock virtual_io_clock (rise edge)                               0.000     0.000
clock source latency                                             0.000     0.000
clock uncertainty                                                0.000     0.000
output external delay                                            0.000     0.000
data required time                                                         0.000
--------------------------------------------------------------------------------
data required time                                                        -0.000
data arrival time                                                          3.062
--------------------------------------------------------------------------------
slack (MET)                                                                3.062


#Path 12
Startpoint: a~26.inpad[0] (.input clocked by virtual_io_clock)
Endpoint  : out:result~29.outpad[0] (.output clocked by virtual_io_clock)
Path Type : hold

Point                                                             Incr      Path
--------------------------------------------------------------------------------
clock virtual_io_clock (rise edge)                               0.000     0.000
clock source latency                                             0.000     0.000
input external delay                                             0.000     0.000
a~26.inpad[0] (.input)                                           0.000     0.000
new_n8230.in[3] (.names)                                         1.721     1.721
new_n8230.out[0] (.names)                                        0.235     1.956
new_n8250.in[2] (.names)                                         0.414     2.370
new_n8250.out[0] (.names)                                        0.235     2.605
result~29.in[1] (.names)                                         0.000     2.605
result~29.out[0] (.names)                                        0.235     2.840
out:result~29.outpad[0] (.output)                                0.247     3.087
data arrival time                                                          3.087

clock virtual_io_clock (rise edge)                               0.000     0.000
clock source latency                                             0.000     0.000
clock uncertainty                                                0.000     0.000
output external delay                                            0.000     0.000
data required time                                                         0.000
--------------------------------------------------------------------------------
data required time                                                        -0.000
data arrival time                                                          3.087
--------------------------------------------------------------------------------
slack (MET)                                                                3.087


#Path 13
Startpoint: a~11.inpad[0] (.input clocked by virtual_io_clock)
Endpoint  : out:result~17.outpad[0] (.output clocked by virtual_io_clock)
Path Type : hold

Point                                                             Incr      Path
--------------------------------------------------------------------------------
clock virtual_io_clock (rise edge)                               0.000     0.000
clock source latency                                             0.000     0.000
input external delay                                             0.000     0.000
a~11.inpad[0] (.input)                                           0.000     0.000
new_n7891.in[2] (.names)                                         2.097     2.097
new_n7891.out[0] (.names)                                        0.235     2.332
new_n7926.in[2] (.names)                                         0.000     2.332
new_n7926.out[0] (.names)                                        0.235     2.567
result~17.in[0] (.names)                                         0.150     2.718
result~17.out[0] (.names)                                        0.235     2.953
out:result~17.outpad[0] (.output)                                0.170     3.123
data arrival time                                                          3.123

clock virtual_io_clock (rise edge)                               0.000     0.000
clock source latency                                             0.000     0.000
clock uncertainty                                                0.000     0.000
output external delay                                            0.000     0.000
data required time                                                         0.000
--------------------------------------------------------------------------------
data required time                                                        -0.000
data arrival time                                                          3.123
--------------------------------------------------------------------------------
slack (MET)                                                                3.123


#Path 14
Startpoint: a~26.inpad[0] (.input clocked by virtual_io_clock)
Endpoint  : out:result~23.outpad[0] (.output clocked by virtual_io_clock)
Path Type : hold

Point                                                             Incr      Path
--------------------------------------------------------------------------------
clock virtual_io_clock (rise edge)                               0.000     0.000
clock source latency                                             0.000     0.000
input external delay                                             0.000     0.000
a~26.inpad[0] (.input)                                           0.000     0.000
new_n8090.in[4] (.names)                                         1.625     1.625
new_n8090.out[0] (.names)                                        0.235     1.860
new_n8089.in[0] (.names)                                         0.000     1.860
new_n8089.out[0] (.names)                                        0.235     2.095
new_n8087.in[1] (.names)                                         0.000     2.095
new_n8087.out[0] (.names)                                        0.235     2.330
result~23.in[3] (.names)                                         0.414     2.744
result~23.out[0] (.names)                                        0.235     2.979
out:result~23.outpad[0] (.output)                                0.170     3.150
data arrival time                                                          3.150

clock virtual_io_clock (rise edge)                               0.000     0.000
clock source latency                                             0.000     0.000
clock uncertainty                                                0.000     0.000
output external delay                                            0.000     0.000
data required time                                                         0.000
--------------------------------------------------------------------------------
data required time                                                        -0.000
data arrival time                                                          3.150
--------------------------------------------------------------------------------
slack (MET)                                                                3.150


#Path 15
Startpoint: a~23.inpad[0] (.input clocked by virtual_io_clock)
Endpoint  : out:result~25.outpad[0] (.output clocked by virtual_io_clock)
Path Type : hold

Point                                                             Incr      Path
--------------------------------------------------------------------------------
clock virtual_io_clock (rise edge)                               0.000     0.000
clock source latency                                             0.000     0.000
input external delay                                             0.000     0.000
a~23.inpad[0] (.input)                                           0.000     0.000
new_n8167.in[3] (.names)                                         2.048     2.048
new_n8167.out[0] (.names)                                        0.235     2.283
result~25.in[3] (.names)                                         0.171     2.454
result~25.out[0] (.names)                                        0.235     2.689
out:result~25.outpad[0] (.output)                                0.466     3.156
data arrival time                                                          3.156

clock virtual_io_clock (rise edge)                               0.000     0.000
clock source latency                                             0.000     0.000
clock uncertainty                                                0.000     0.000
output external delay                                            0.000     0.000
data required time                                                         0.000
--------------------------------------------------------------------------------
data required time                                                        -0.000
data arrival time                                                          3.156
--------------------------------------------------------------------------------
slack (MET)                                                                3.156


#Path 16
Startpoint: a~26.inpad[0] (.input clocked by virtual_io_clock)
Endpoint  : out:result~30.outpad[0] (.output clocked by virtual_io_clock)
Path Type : hold

Point                                                             Incr      Path
--------------------------------------------------------------------------------
clock virtual_io_clock (rise edge)                               0.000     0.000
clock source latency                                             0.000     0.000
input external delay                                             0.000     0.000
a~26.inpad[0] (.input)                                           0.000     0.000
new_n8272.in[5] (.names)                                         1.721     1.721
new_n8272.out[0] (.names)                                        0.261     1.982
new_n8271.in[5] (.names)                                         0.335     2.317
new_n8271.out[0] (.names)                                        0.261     2.578
result~30.in[2] (.names)                                         0.000     2.578
result~30.out[0] (.names)                                        0.235     2.813
out:result~30.outpad[0] (.output)                                0.348     3.161
data arrival time                                                          3.161

clock virtual_io_clock (rise edge)                               0.000     0.000
clock source latency                                             0.000     0.000
clock uncertainty                                                0.000     0.000
output external delay                                            0.000     0.000
data required time                                                         0.000
--------------------------------------------------------------------------------
data required time                                                        -0.000
data arrival time                                                          3.161
--------------------------------------------------------------------------------
slack (MET)                                                                3.161


#Path 17
Startpoint: a~17.inpad[0] (.input clocked by virtual_io_clock)
Endpoint  : out:result~20.outpad[0] (.output clocked by virtual_io_clock)
Path Type : hold

Point                                                             Incr      Path
--------------------------------------------------------------------------------
clock virtual_io_clock (rise edge)                               0.000     0.000
clock source latency                                             0.000     0.000
input external delay                                             0.000     0.000
a~17.inpad[0] (.input)                                           0.000     0.000
new_n8025.in[3] (.names)                                         2.411     2.411
new_n8025.out[0] (.names)                                        0.235     2.646
result~20.in[3] (.names)                                         0.000     2.646
result~20.out[0] (.names)                                        0.235     2.881
out:result~20.outpad[0] (.output)                                0.294     3.175
data arrival time                                                          3.175

clock virtual_io_clock (rise edge)                               0.000     0.000
clock source latency                                             0.000     0.000
clock uncertainty                                                0.000     0.000
output external delay                                            0.000     0.000
data required time                                                         0.000
--------------------------------------------------------------------------------
data required time                                                        -0.000
data arrival time                                                          3.175
--------------------------------------------------------------------------------
slack (MET)                                                                3.175


#Path 18
Startpoint: a~8.inpad[0] (.input clocked by virtual_io_clock)
Endpoint  : out:result~15.outpad[0] (.output clocked by virtual_io_clock)
Path Type : hold

Point                                                             Incr      Path
--------------------------------------------------------------------------------
clock virtual_io_clock (rise edge)                               0.000     0.000
clock source latency                                             0.000     0.000
input external delay                                             0.000     0.000
a~8.inpad[0] (.input)                                            0.000     0.000
new_n7776.in[2] (.names)                                         1.633     1.633
new_n7776.out[0] (.names)                                        0.235     1.868
new_n7816.in[2] (.names)                                         0.292     2.160
new_n7816.out[0] (.names)                                        0.261     2.421
result~15.in[1] (.names)                                         0.339     2.760
result~15.out[0] (.names)                                        0.235     2.995
out:result~15.outpad[0] (.output)                                0.248     3.243
data arrival time                                                          3.243

clock virtual_io_clock (rise edge)                               0.000     0.000
clock source latency                                             0.000     0.000
clock uncertainty                                                0.000     0.000
output external delay                                            0.000     0.000
data required time                                                         0.000
--------------------------------------------------------------------------------
data required time                                                        -0.000
data arrival time                                                          3.243
--------------------------------------------------------------------------------
slack (MET)                                                                3.243


#Path 19
Startpoint: a~8.inpad[0] (.input clocked by virtual_io_clock)
Endpoint  : out:result~14.outpad[0] (.output clocked by virtual_io_clock)
Path Type : hold

Point                                                             Incr      Path
--------------------------------------------------------------------------------
clock virtual_io_clock (rise edge)                               0.000     0.000
clock source latency                                             0.000     0.000
input external delay                                             0.000     0.000
a~8.inpad[0] (.input)                                            0.000     0.000
new_n7776.in[2] (.names)                                         1.633     1.633
new_n7776.out[0] (.names)                                        0.235     1.868
new_n7816.in[2] (.names)                                         0.292     2.160
new_n7816.out[0] (.names)                                        0.261     2.421
result~14.in[1] (.names)                                         0.339     2.760
result~14.out[0] (.names)                                        0.235     2.995
out:result~14.outpad[0] (.output)                                0.248     3.243
data arrival time                                                          3.243

clock virtual_io_clock (rise edge)                               0.000     0.000
clock source latency                                             0.000     0.000
clock uncertainty                                                0.000     0.000
output external delay                                            0.000     0.000
data required time                                                         0.000
--------------------------------------------------------------------------------
data required time                                                        -0.000
data arrival time                                                          3.243
--------------------------------------------------------------------------------
slack (MET)                                                                3.243


#Path 20
Startpoint: a~14.inpad[0] (.input clocked by virtual_io_clock)
Endpoint  : out:result~18.outpad[0] (.output clocked by virtual_io_clock)
Path Type : hold

Point                                                             Incr      Path
--------------------------------------------------------------------------------
clock virtual_io_clock (rise edge)                               0.000     0.000
clock source latency                                             0.000     0.000
input external delay                                             0.000     0.000
a~14.inpad[0] (.input)                                           0.000     0.000
new_n7929.in[3] (.names)                                         1.977     1.977
new_n7929.out[0] (.names)                                        0.235     2.212
result~18.in[2] (.names)                                         0.433     2.645
result~18.out[0] (.names)                                        0.235     2.880
out:result~18.outpad[0] (.output)                                0.388     3.268
data arrival time                                                          3.268

clock virtual_io_clock (rise edge)                               0.000     0.000
clock source latency                                             0.000     0.000
clock uncertainty                                                0.000     0.000
output external delay                                            0.000     0.000
data required time                                                         0.000
--------------------------------------------------------------------------------
data required time                                                        -0.000
data arrival time                                                          3.268
--------------------------------------------------------------------------------
slack (MET)                                                                3.268


#Path 21
Startpoint: a~26.inpad[0] (.input clocked by virtual_io_clock)
Endpoint  : out:result~24.outpad[0] (.output clocked by virtual_io_clock)
Path Type : hold

Point                                                             Incr      Path
--------------------------------------------------------------------------------
clock virtual_io_clock (rise edge)                               0.000     0.000
clock source latency                                             0.000     0.000
input external delay                                             0.000     0.000
a~26.inpad[0] (.input)                                           0.000     0.000
new_n8090.in[4] (.names)                                         1.625     1.625
new_n8090.out[0] (.names)                                        0.235     1.860
new_n8089.in[0] (.names)                                         0.000     1.860
new_n8089.out[0] (.names)                                        0.235     2.095
new_n8114.in[1] (.names)                                         0.000     2.095
new_n8114.out[0] (.names)                                        0.235     2.330
new_n8143.in[2] (.names)                                         0.315     2.646
new_n8143.out[0] (.names)                                        0.235     2.881
result~24.in[1] (.names)                                         0.000     2.881
result~24.out[0] (.names)                                        0.235     3.116
out:result~24.outpad[0] (.output)                                0.169     3.285
data arrival time                                                          3.285

clock virtual_io_clock (rise edge)                               0.000     0.000
clock source latency                                             0.000     0.000
clock uncertainty                                                0.000     0.000
output external delay                                            0.000     0.000
data required time                                                         0.000
--------------------------------------------------------------------------------
data required time                                                        -0.000
data arrival time                                                          3.285
--------------------------------------------------------------------------------
slack (MET)                                                                3.285


#Path 22
Startpoint: a~8.inpad[0] (.input clocked by virtual_io_clock)
Endpoint  : out:result~13.outpad[0] (.output clocked by virtual_io_clock)
Path Type : hold

Point                                                             Incr      Path
--------------------------------------------------------------------------------
clock virtual_io_clock (rise edge)                               0.000     0.000
clock source latency                                             0.000     0.000
input external delay                                             0.000     0.000
a~8.inpad[0] (.input)                                            0.000     0.000
new_n7776.in[2] (.names)                                         1.633     1.633
new_n7776.out[0] (.names)                                        0.235     1.868
result~13.in[4] (.names)                                         0.000     1.868
result~13.out[0] (.names)                                        0.261     2.129
out:result~13.outpad[0] (.output)                                1.289     3.418
data arrival time                                                          3.418

clock virtual_io_clock (rise edge)                               0.000     0.000
clock source latency                                             0.000     0.000
clock uncertainty                                                0.000     0.000
output external delay                                            0.000     0.000
data required time                                                         0.000
--------------------------------------------------------------------------------
data required time                                                        -0.000
data arrival time                                                          3.418
--------------------------------------------------------------------------------
slack (MET)                                                                3.418


#Path 23
Startpoint: a~17.inpad[0] (.input clocked by virtual_io_clock)
Endpoint  : out:result~22.outpad[0] (.output clocked by virtual_io_clock)
Path Type : hold

Point                                                             Incr      Path
--------------------------------------------------------------------------------
clock virtual_io_clock (rise edge)                               0.000     0.000
clock source latency                                             0.000     0.000
input external delay                                             0.000     0.000
a~17.inpad[0] (.input)                                           0.000     0.000
new_n8052.in[3] (.names)                                         2.193     2.193
new_n8052.out[0] (.names)                                        0.235     2.428
new_n8082.in[3] (.names)                                         0.293     2.721
new_n8082.out[0] (.names)                                        0.235     2.956
result~22.in[0] (.names)                                         0.000     2.956
result~22.out[0] (.names)                                        0.235     3.191
out:result~22.outpad[0] (.output)                                0.293     3.484
data arrival time                                                          3.484

clock virtual_io_clock (rise edge)                               0.000     0.000
clock source latency                                             0.000     0.000
clock uncertainty                                                0.000     0.000
output external delay                                            0.000     0.000
data required time                                                         0.000
--------------------------------------------------------------------------------
data required time                                                        -0.000
data arrival time                                                          3.484
--------------------------------------------------------------------------------
slack (MET)                                                                3.484


#Path 24
Startpoint: a~8.inpad[0] (.input clocked by virtual_io_clock)
Endpoint  : out:result~16.outpad[0] (.output clocked by virtual_io_clock)
Path Type : hold

Point                                                             Incr      Path
--------------------------------------------------------------------------------
clock virtual_io_clock (rise edge)                               0.000     0.000
clock source latency                                             0.000     0.000
input external delay                                             0.000     0.000
a~8.inpad[0] (.input)                                            0.000     0.000
new_n7776.in[2] (.names)                                         1.633     1.633
new_n7776.out[0] (.names)                                        0.235     1.868
new_n7816.in[2] (.names)                                         0.292     2.160
new_n7816.out[0] (.names)                                        0.261     2.421
result~16.in[1] (.names)                                         0.339     2.760
result~16.out[0] (.names)                                        0.261     3.021
out:result~16.outpad[0] (.output)                                0.490     3.511
data arrival time                                                          3.511

clock virtual_io_clock (rise edge)                               0.000     0.000
clock source latency                                             0.000     0.000
clock uncertainty                                                0.000     0.000
output external delay                                            0.000     0.000
data required time                                                         0.000
--------------------------------------------------------------------------------
data required time                                                        -0.000
data arrival time                                                          3.511
--------------------------------------------------------------------------------
slack (MET)                                                                3.511


#Path 25
Startpoint: a~5.inpad[0] (.input clocked by virtual_io_clock)
Endpoint  : out:result~11.outpad[0] (.output clocked by virtual_io_clock)
Path Type : hold

Point                                                             Incr      Path
--------------------------------------------------------------------------------
clock virtual_io_clock (rise edge)                               0.000     0.000
clock source latency                                             0.000     0.000
input external delay                                             0.000     0.000
a~5.inpad[0] (.input)                                            0.000     0.000
new_n7681.in[1] (.names)                                         1.828     1.828
new_n7681.out[0] (.names)                                        0.235     2.063
result~11.in[4] (.names)                                         0.000     2.063
result~11.out[0] (.names)                                        0.261     2.324
out:result~11.outpad[0] (.output)                                1.356     3.681
data arrival time                                                          3.681

clock virtual_io_clock (rise edge)                               0.000     0.000
clock source latency                                             0.000     0.000
clock uncertainty                                                0.000     0.000
output external delay                                            0.000     0.000
data required time                                                         0.000
--------------------------------------------------------------------------------
data required time                                                        -0.000
data arrival time                                                          3.681
--------------------------------------------------------------------------------
slack (MET)                                                                3.681


#Path 26
Startpoint: a~5.inpad[0] (.input clocked by virtual_io_clock)
Endpoint  : out:result~10.outpad[0] (.output clocked by virtual_io_clock)
Path Type : hold

Point                                                             Incr      Path
--------------------------------------------------------------------------------
clock virtual_io_clock (rise edge)                               0.000     0.000
clock source latency                                             0.000     0.000
input external delay                                             0.000     0.000
a~5.inpad[0] (.input)                                            0.000     0.000
new_n7681.in[1] (.names)                                         1.828     1.828
new_n7681.out[0] (.names)                                        0.235     2.063
result~10.in[4] (.names)                                         0.000     2.063
result~10.out[0] (.names)                                        0.235     2.298
out:result~10.outpad[0] (.output)                                1.506     3.805
data arrival time                                                          3.805

clock virtual_io_clock (rise edge)                               0.000     0.000
clock source latency                                             0.000     0.000
clock uncertainty                                                0.000     0.000
output external delay                                            0.000     0.000
data required time                                                         0.000
--------------------------------------------------------------------------------
data required time                                                        -0.000
data arrival time                                                          3.805
--------------------------------------------------------------------------------
slack (MET)                                                                3.805


#Path 27
Startpoint: a~11.inpad[0] (.input clocked by virtual_io_clock)
Endpoint  : out:result~19.outpad[0] (.output clocked by virtual_io_clock)
Path Type : hold

Point                                                             Incr      Path
--------------------------------------------------------------------------------
clock virtual_io_clock (rise edge)                               0.000     0.000
clock source latency                                             0.000     0.000
input external delay                                             0.000     0.000
a~11.inpad[0] (.input)                                           0.000     0.000
new_n7891.in[2] (.names)                                         2.097     2.097
new_n7891.out[0] (.names)                                        0.235     2.332
new_n7926.in[2] (.names)                                         0.000     2.332
new_n7926.out[0] (.names)                                        0.235     2.567
new_n7991.in[0] (.names)                                         0.000     2.567
new_n7991.out[0] (.names)                                        0.235     2.802
result~19.in[0] (.names)                                         0.293     3.095
result~19.out[0] (.names)                                        0.235     3.330
out:result~19.outpad[0] (.output)                                0.578     3.908
data arrival time                                                          3.908

clock virtual_io_clock (rise edge)                               0.000     0.000
clock source latency                                             0.000     0.000
clock uncertainty                                                0.000     0.000
output external delay                                            0.000     0.000
data required time                                                         0.000
--------------------------------------------------------------------------------
data required time                                                        -0.000
data arrival time                                                          3.908
--------------------------------------------------------------------------------
slack (MET)                                                                3.908


#Path 28
Startpoint: a~5.inpad[0] (.input clocked by virtual_io_clock)
Endpoint  : out:result~8.outpad[0] (.output clocked by virtual_io_clock)
Path Type : hold

Point                                                             Incr      Path
--------------------------------------------------------------------------------
clock virtual_io_clock (rise edge)                               0.000     0.000
clock source latency                                             0.000     0.000
input external delay                                             0.000     0.000
a~5.inpad[0] (.input)                                            0.000     0.000
new_n7497.in[5] (.names)                                         1.815     1.815
new_n7497.out[0] (.names)                                        0.261     2.076
result~8.in[3] (.names)                                          0.358     2.434
result~8.out[0] (.names)                                         0.235     2.669
out:result~8.outpad[0] (.output)                                 1.466     4.135
data arrival time                                                          4.135

clock virtual_io_clock (rise edge)                               0.000     0.000
clock source latency                                             0.000     0.000
clock uncertainty                                                0.000     0.000
output external delay                                            0.000     0.000
data required time                                                         0.000
--------------------------------------------------------------------------------
data required time                                                        -0.000
data arrival time                                                          4.135
--------------------------------------------------------------------------------
slack (MET)                                                                4.135


#Path 29
Startpoint: a~5.inpad[0] (.input clocked by virtual_io_clock)
Endpoint  : out:result~9.outpad[0] (.output clocked by virtual_io_clock)
Path Type : hold

Point                                                             Incr      Path
--------------------------------------------------------------------------------
clock virtual_io_clock (rise edge)                               0.000     0.000
clock source latency                                             0.000     0.000
input external delay                                             0.000     0.000
a~5.inpad[0] (.input)                                            0.000     0.000
new_n7548.in[4] (.names)                                         1.815     1.815
new_n7548.out[0] (.names)                                        0.235     2.050
new_n7596.in[2] (.names)                                         0.000     2.050
new_n7596.out[0] (.names)                                        0.261     2.311
result~9.in[1] (.names)                                          0.362     2.673
result~9.out[0] (.names)                                         0.235     2.908
out:result~9.outpad[0] (.output)                                 1.323     4.232
data arrival time                                                          4.232

clock virtual_io_clock (rise edge)                               0.000     0.000
clock source latency                                             0.000     0.000
clock uncertainty                                                0.000     0.000
output external delay                                            0.000     0.000
data required time                                                         0.000
--------------------------------------------------------------------------------
data required time                                                        -0.000
data arrival time                                                          4.232
--------------------------------------------------------------------------------
slack (MET)                                                                4.232


#Path 30
Startpoint: a~0.inpad[0] (.input clocked by virtual_io_clock)
Endpoint  : out:result~4.outpad[0] (.output clocked by virtual_io_clock)
Path Type : hold

Point                                                             Incr      Path
--------------------------------------------------------------------------------
clock virtual_io_clock (rise edge)                               0.000     0.000
clock source latency                                             0.000     0.000
input external delay                                             0.000     0.000
a~0.inpad[0] (.input)                                            0.000     0.000
new_n7373.in[5] (.names)                                         1.596     1.596
new_n7373.out[0] (.names)                                        0.261     1.857
new_n7321.in[4] (.names)                                         0.000     1.857
new_n7321.out[0] (.names)                                        0.261     2.118
new_n7318.in[4] (.names)                                         0.000     2.118
new_n7318.out[0] (.names)                                        0.235     2.353
result~4.in[1] (.names)                                          0.356     2.708
result~4.out[0] (.names)                                         0.235     2.943
out:result~4.outpad[0] (.output)                                 1.294     4.237
data arrival time                                                          4.237

clock virtual_io_clock (rise edge)                               0.000     0.000
clock source latency                                             0.000     0.000
clock uncertainty                                                0.000     0.000
output external delay                                            0.000     0.000
data required time                                                         0.000
--------------------------------------------------------------------------------
data required time                                                        -0.000
data arrival time                                                          4.237
--------------------------------------------------------------------------------
slack (MET)                                                                4.237


#Path 31
Startpoint: a~0.inpad[0] (.input clocked by virtual_io_clock)
Endpoint  : out:result~5.outpad[0] (.output clocked by virtual_io_clock)
Path Type : hold

Point                                                             Incr      Path
--------------------------------------------------------------------------------
clock virtual_io_clock (rise edge)                               0.000     0.000
clock source latency                                             0.000     0.000
input external delay                                             0.000     0.000
a~0.inpad[0] (.input)                                            0.000     0.000
new_n7379.in[0] (.names)                                         1.874     1.874
new_n7379.out[0] (.names)                                        0.235     2.109
result~5.in[3] (.names)                                          0.593     2.702
result~5.out[0] (.names)                                         0.235     2.937
out:result~5.outpad[0] (.output)                                 1.336     4.273
data arrival time                                                          4.273

clock virtual_io_clock (rise edge)                               0.000     0.000
clock source latency                                             0.000     0.000
clock uncertainty                                                0.000     0.000
output external delay                                            0.000     0.000
data required time                                                         0.000
--------------------------------------------------------------------------------
data required time                                                        -0.000
data arrival time                                                          4.273
--------------------------------------------------------------------------------
slack (MET)                                                                4.273


#Path 32
Startpoint: a~5.inpad[0] (.input clocked by virtual_io_clock)
Endpoint  : out:result~7.outpad[0] (.output clocked by virtual_io_clock)
Path Type : hold

Point                                                             Incr      Path
--------------------------------------------------------------------------------
clock virtual_io_clock (rise edge)                               0.000     0.000
clock source latency                                             0.000     0.000
input external delay                                             0.000     0.000
a~5.inpad[0] (.input)                                            0.000     0.000
new_n7493.in[3] (.names)                                         1.815     1.815
new_n7493.out[0] (.names)                                        0.235     2.050
new_n7494.in[3] (.names)                                         0.000     2.050
new_n7494.out[0] (.names)                                        0.261     2.311
result~7.in[2] (.names)                                          0.359     2.670
result~7.out[0] (.names)                                         0.235     2.905
out:result~7.outpad[0] (.output)                                 1.413     4.318
data arrival time                                                          4.318

clock virtual_io_clock (rise edge)                               0.000     0.000
clock source latency                                             0.000     0.000
clock uncertainty                                                0.000     0.000
output external delay                                            0.000     0.000
data required time                                                         0.000
--------------------------------------------------------------------------------
data required time                                                        -0.000
data arrival time                                                          4.318
--------------------------------------------------------------------------------
slack (MET)                                                                4.318


#End of timing report
