#Packing pin usage report
Type: io
	Input Pin Usage:
		Max: 1.00 (0.50)
		Avg: 0.50 (0.25)
		Min: 0.00 (0.00)
		Histogram:
		[        0:      0.2) 32 ( 50.0%) |************************************************
		[      0.2:      0.4)  0 (  0.0%) |
		[      0.4:      0.6)  0 (  0.0%) |
		[      0.6:      0.8)  0 (  0.0%) |
		[      0.8:        1) 32 ( 50.0%) |************************************************
		[        1:      1.2)  0 (  0.0%) |
		[      1.2:      1.4)  0 (  0.0%) |
		[      1.4:      1.6)  0 (  0.0%) |
		[      1.6:      1.8)  0 (  0.0%) |
		[      1.8:        2)  0 (  0.0%) |
	Output Pin Usage:
		Max: 1.00 (1.00)
		Avg: 0.50 (0.50)
		Min: 0.00 (0.00)
		Histogram:
		[        0:      0.1) 32 ( 50.0%) |************************************************
		[      0.1:      0.2)  0 (  0.0%) |
		[      0.2:      0.3)  0 (  0.0%) |
		[      0.3:      0.4)  0 (  0.0%) |
		[      0.4:      0.5)  0 (  0.0%) |
		[      0.5:      0.6)  0 (  0.0%) |
		[      0.6:      0.7)  0 (  0.0%) |
		[      0.7:      0.8)  0 (  0.0%) |
		[      0.8:      0.9)  0 (  0.0%) |
		[      0.9:        1) 32 ( 50.0%) |************************************************

Type: clb
	Input Pin Usage:
		Max: 50.00 (0.93)
		Avg: 35.17 (0.65)
		Min: 2.00 (0.04)
		Histogram:
		[        0:      5.4)  27 (  4.3%) |*****
		[      5.4:       11)  14 (  2.3%) |***
		[       11:       16)   4 (  0.6%) |*
		[       16:       22)  13 (  2.1%) |***
		[       22:       27)  30 (  4.8%) |******
		[       27:       32)  81 ( 13.0%) |****************
		[       32:       38) 134 ( 21.5%) |**************************
		[       38:       43) 240 ( 38.6%) |***********************************************
		[       43:       49)  76 ( 12.2%) |***************
		[       49:       54)   3 (  0.5%) |*
	Output Pin Usage:
		Max: 18.00 (0.86)
		Avg: 7.87 (0.37)
		Min: 1.00 (0.05)
		Histogram:
		[        0:      2.1)  40 (  6.4%) |*********
		[      2.1:      4.2)  29 (  4.7%) |*******
		[      4.2:      6.3) 108 ( 17.4%) |*************************
		[      6.3:      8.4) 206 ( 33.1%) |***********************************************
		[      8.4:       10) 134 ( 21.5%) |*******************************
		[       10:       13)  60 (  9.6%) |**************
		[       13:       15)  31 (  5.0%) |*******
		[       15:       17)  10 (  1.6%) |**
		[       17:       19)   4 (  0.6%) |*
		[       19:       21)   0 (  0.0%) |

