/usr/bin/env time -v /home/moises-leiva/vtr-verilog-to-routing/vtr_flow/scripts/blackbox_latches.pl --input 0_log2_32b_syn.abc.blif --output log2_32b_syn.abc.blif --vanilla
using input blif: 0_log2_32b_syn.abc.blif
using output blif: log2_32b_syn.abc.blif
Usage Statistic:
	<Clock UniqID>	#<Number of Latches impacted>
____
Vanilla Latches:
	-None-
____
Black Boxed Latches:
	-None-

	Command being timed: "/home/moises-leiva/vtr-verilog-to-routing/vtr_flow/scripts/blackbox_latches.pl --input 0_log2_32b_syn.abc.blif --output log2_32b_syn.abc.blif --vanilla"
	User time (seconds): 0.39
	System time (seconds): 0.01
	Percent of CPU this job got: 99%
	Elapsed (wall clock) time (h:mm:ss or m:ss): 0:00.41
	Average shared text size (kbytes): 0
	Average unshared data size (kbytes): 0
	Average stack size (kbytes): 0
	Average total size (kbytes): 0
	Maximum resident set size (kbytes): 5544
	Average resident set size (kbytes): 0
	Major (requiring I/O) page faults: 0
	Minor (reclaiming a frame) page faults: 367
	Voluntary context switches: 1
	Involuntary context switches: 6
	Swaps: 0
	File system inputs: 0
	File system outputs: 1608
	Socket messages sent: 0
	Socket messages received: 0
	Signals delivered: 0
	Page size (bytes): 4096
	Exit status: 0
