#Timing report of worst 8 path(s)
# Unit scale: 1e-09 seconds
# Output precision: 3

#Path 1
Startpoint: p0~1.inpad[0] (.input clocked by virtual_io_clock)
Endpoint  : out:out~1.outpad[0] (.output clocked by virtual_io_clock)
Path Type : setup

Point                                                             Incr      Path
--------------------------------------------------------------------------------
clock virtual_io_clock (rise edge)                               0.000     0.000
clock source latency                                             0.000     0.000
input external delay                                             0.000     0.000
p0~1.inpad[0] (.input)                                           0.000     0.000
out:out~1.outpad[0] (.output)                                    1.338     1.338
data arrival time                                                          1.338

clock virtual_io_clock (rise edge)                               0.000     0.000
clock source latency                                             0.000     0.000
clock uncertainty                                                0.000     0.000
output external delay                                            0.000     0.000
data required time                                                         0.000
--------------------------------------------------------------------------------
data required time                                                         0.000
data arrival time                                                         -1.338
--------------------------------------------------------------------------------
slack (VIOLATED)                                                          -1.338


#Path 2
Startpoint: p0~2.inpad[0] (.input clocked by virtual_io_clock)
Endpoint  : out:out~2.outpad[0] (.output clocked by virtual_io_clock)
Path Type : setup

Point                                                             Incr      Path
--------------------------------------------------------------------------------
clock virtual_io_clock (rise edge)                               0.000     0.000
clock source latency                                             0.000     0.000
input external delay                                             0.000     0.000
p0~2.inpad[0] (.input)                                           0.000     0.000
out:out~2.outpad[0] (.output)                                    1.338     1.338
data arrival time                                                          1.338

clock virtual_io_clock (rise edge)                               0.000     0.000
clock source latency                                             0.000     0.000
clock uncertainty                                                0.000     0.000
output external delay                                            0.000     0.000
data required time                                                         0.000
--------------------------------------------------------------------------------
data required time                                                         0.000
data arrival time                                                         -1.338
--------------------------------------------------------------------------------
slack (VIOLATED)                                                          -1.338


#Path 3
Startpoint: p0~3.inpad[0] (.input clocked by virtual_io_clock)
Endpoint  : out:out~3.outpad[0] (.output clocked by virtual_io_clock)
Path Type : setup

Point                                                             Incr      Path
--------------------------------------------------------------------------------
clock virtual_io_clock (rise edge)                               0.000     0.000
clock source latency                                             0.000     0.000
input external delay                                             0.000     0.000
p0~3.inpad[0] (.input)                                           0.000     0.000
out:out~3.outpad[0] (.output)                                    1.338     1.338
data arrival time                                                          1.338

clock virtual_io_clock (rise edge)                               0.000     0.000
clock source latency                                             0.000     0.000
clock uncertainty                                                0.000     0.000
output external delay                                            0.000     0.000
data required time                                                         0.000
--------------------------------------------------------------------------------
data required time                                                         0.000
data arrival time                                                         -1.338
--------------------------------------------------------------------------------
slack (VIOLATED)                                                          -1.338


#Path 4
Startpoint: p0~4.inpad[0] (.input clocked by virtual_io_clock)
Endpoint  : out:out~4.outpad[0] (.output clocked by virtual_io_clock)
Path Type : setup

Point                                                             Incr      Path
--------------------------------------------------------------------------------
clock virtual_io_clock (rise edge)                               0.000     0.000
clock source latency                                             0.000     0.000
input external delay                                             0.000     0.000
p0~4.inpad[0] (.input)                                           0.000     0.000
out:out~4.outpad[0] (.output)                                    1.338     1.338
data arrival time                                                          1.338

clock virtual_io_clock (rise edge)                               0.000     0.000
clock source latency                                             0.000     0.000
clock uncertainty                                                0.000     0.000
output external delay                                            0.000     0.000
data required time                                                         0.000
--------------------------------------------------------------------------------
data required time                                                         0.000
data arrival time                                                         -1.338
--------------------------------------------------------------------------------
slack (VIOLATED)                                                          -1.338


#Path 5
Startpoint: p0~5.inpad[0] (.input clocked by virtual_io_clock)
Endpoint  : out:out~5.outpad[0] (.output clocked by virtual_io_clock)
Path Type : setup

Point                                                             Incr      Path
--------------------------------------------------------------------------------
clock virtual_io_clock (rise edge)                               0.000     0.000
clock source latency                                             0.000     0.000
input external delay                                             0.000     0.000
p0~5.inpad[0] (.input)                                           0.000     0.000
out:out~5.outpad[0] (.output)                                    1.338     1.338
data arrival time                                                          1.338

clock virtual_io_clock (rise edge)                               0.000     0.000
clock source latency                                             0.000     0.000
clock uncertainty                                                0.000     0.000
output external delay                                            0.000     0.000
data required time                                                         0.000
--------------------------------------------------------------------------------
data required time                                                         0.000
data arrival time                                                         -1.338
--------------------------------------------------------------------------------
slack (VIOLATED)                                                          -1.338


#Path 6
Startpoint: p0~6.inpad[0] (.input clocked by virtual_io_clock)
Endpoint  : out:out~6.outpad[0] (.output clocked by virtual_io_clock)
Path Type : setup

Point                                                             Incr      Path
--------------------------------------------------------------------------------
clock virtual_io_clock (rise edge)                               0.000     0.000
clock source latency                                             0.000     0.000
input external delay                                             0.000     0.000
p0~6.inpad[0] (.input)                                           0.000     0.000
out:out~6.outpad[0] (.output)                                    1.338     1.338
data arrival time                                                          1.338

clock virtual_io_clock (rise edge)                               0.000     0.000
clock source latency                                             0.000     0.000
clock uncertainty                                                0.000     0.000
output external delay                                            0.000     0.000
data required time                                                         0.000
--------------------------------------------------------------------------------
data required time                                                         0.000
data arrival time                                                         -1.338
--------------------------------------------------------------------------------
slack (VIOLATED)                                                          -1.338


#Path 7
Startpoint: p0~7.inpad[0] (.input clocked by virtual_io_clock)
Endpoint  : out:out~7.outpad[0] (.output clocked by virtual_io_clock)
Path Type : setup

Point                                                             Incr      Path
--------------------------------------------------------------------------------
clock virtual_io_clock (rise edge)                               0.000     0.000
clock source latency                                             0.000     0.000
input external delay                                             0.000     0.000
p0~7.inpad[0] (.input)                                           0.000     0.000
out:out~7.outpad[0] (.output)                                    1.338     1.338
data arrival time                                                          1.338

clock virtual_io_clock (rise edge)                               0.000     0.000
clock source latency                                             0.000     0.000
clock uncertainty                                                0.000     0.000
output external delay                                            0.000     0.000
data required time                                                         0.000
--------------------------------------------------------------------------------
data required time                                                         0.000
data arrival time                                                         -1.338
--------------------------------------------------------------------------------
slack (VIOLATED)                                                          -1.338


#Path 8
Startpoint: p0~0.inpad[0] (.input clocked by virtual_io_clock)
Endpoint  : out:out~0.outpad[0] (.output clocked by virtual_io_clock)
Path Type : setup

Point                                                             Incr      Path
--------------------------------------------------------------------------------
clock virtual_io_clock (rise edge)                               0.000     0.000
clock source latency                                             0.000     0.000
input external delay                                             0.000     0.000
p0~0.inpad[0] (.input)                                           0.000     0.000
out:out~0.outpad[0] (.output)                                    1.338     1.338
data arrival time                                                          1.338

clock virtual_io_clock (rise edge)                               0.000     0.000
clock source latency                                             0.000     0.000
clock uncertainty                                                0.000     0.000
output external delay                                            0.000     0.000
data required time                                                         0.000
--------------------------------------------------------------------------------
data required time                                                         0.000
data arrival time                                                         -1.338
--------------------------------------------------------------------------------
slack (VIOLATED)                                                          -1.338


#End of timing report
