#! /usr/bin/vvp
:ivl_version "12.0 (stable)";
:ivl_delay_selection "TYPICAL";
:vpi_time_precision + 0;
:vpi_module "/usr/lib/x86_64-linux-gnu/ivl/system.vpi";
:vpi_module "/usr/lib/x86_64-linux-gnu/ivl/vhdl_sys.vpi";
:vpi_module "/usr/lib/x86_64-linux-gnu/ivl/vhdl_textio.vpi";
:vpi_module "/usr/lib/x86_64-linux-gnu/ivl/v2005_math.vpi";
:vpi_module "/usr/lib/x86_64-linux-gnu/ivl/va_math.vpi";
S_0x5642fe1194a0 .scope module, "tb_brentk_16b" "tb_brentk_16b" 2 1;
 .timescale 0 0;
v0x5642fe140920_0 .var "a", 15 0;
v0x5642fe140a20_0 .var "b", 15 0;
v0x5642fe140b00_0 .var "clk", 0 0;
v0x5642fe140ba0_0 .var/i "i", 31 0;
v0x5642fe140c40 .array "memA", 999999 0, 15 0;
v0x5642fe140d00 .array "memB", 999999 0, 15 0;
v0x5642fe140dc0_0 .var/i "out_file", 31 0;
v0x5642fe140ea0_0 .var "rst", 0 0;
v0x5642fe140f40_0 .net "sum", 16 0, L_0x5642fe15c370;  1 drivers
L_0x5642fe159e20 .part v0x5642fe140a20_0, 7, 1;
L_0x5642fe159ef0 .part v0x5642fe140a20_0, 15, 1;
L_0x5642fe159fe0 .part v0x5642fe140a20_0, 14, 1;
L_0x5642fe15a080 .part v0x5642fe140a20_0, 13, 1;
L_0x5642fe15a270 .part v0x5642fe140a20_0, 12, 1;
L_0x5642fe15a310 .part v0x5642fe140a20_0, 11, 1;
L_0x5642fe15a480 .part v0x5642fe140a20_0, 10, 1;
L_0x5642fe15a5b0 .part v0x5642fe140a20_0, 9, 1;
L_0x5642fe15a730 .part v0x5642fe140a20_0, 8, 1;
L_0x5642fe15a7d0 .part v0x5642fe140a20_0, 6, 1;
L_0x5642fe15a960 .part v0x5642fe140a20_0, 5, 1;
L_0x5642fe15aa90 .part v0x5642fe140a20_0, 4, 1;
L_0x5642fe15abc0 .part v0x5642fe140a20_0, 3, 1;
L_0x5642fe15acf0 .part v0x5642fe140a20_0, 2, 1;
L_0x5642fe15ad90 .part v0x5642fe140a20_0, 1, 1;
L_0x5642fe15aec0 .part v0x5642fe140a20_0, 0, 1;
L_0x5642fe15b080 .part v0x5642fe140920_0, 15, 1;
L_0x5642fe15b120 .part v0x5642fe140920_0, 14, 1;
L_0x5642fe15b260 .part v0x5642fe140920_0, 13, 1;
L_0x5642fe15b300 .part v0x5642fe140920_0, 12, 1;
L_0x5642fe15b1c0 .part v0x5642fe140920_0, 11, 1;
L_0x5642fe15b570 .part v0x5642fe140920_0, 10, 1;
L_0x5642fe15b760 .part v0x5642fe140920_0, 9, 1;
L_0x5642fe15b890 .part v0x5642fe140920_0, 8, 1;
L_0x5642fe15ba90 .part v0x5642fe140920_0, 7, 1;
L_0x5642fe15bb30 .part v0x5642fe140920_0, 6, 1;
L_0x5642fe15bcb0 .part v0x5642fe140920_0, 5, 1;
L_0x5642fe15bd50 .part v0x5642fe140920_0, 4, 1;
L_0x5642fe15bee0 .part v0x5642fe140920_0, 3, 1;
L_0x5642fe15bf80 .part v0x5642fe140920_0, 2, 1;
L_0x5642fe15c120 .part v0x5642fe140920_0, 1, 1;
L_0x5642fe15c1c0 .part v0x5642fe140920_0, 0, 1;
LS_0x5642fe15c370_0_0 .concat8 [ 1 1 1 1], v0x5642fe11dcd0_0, v0x5642fe11e040_0, v0x5642fe1378d0_0, v0x5642fe137990_0;
LS_0x5642fe15c370_0_4 .concat8 [ 1 1 1 1], v0x5642fe137a50_0, v0x5642fe137b10_0, v0x5642fe137bd0_0, v0x5642fe137c90_0;
LS_0x5642fe15c370_0_8 .concat8 [ 1 1 1 1], v0x5642fe137d50_0, v0x5642fe137e10_0, v0x5642fe11e3b0_0, v0x5642fe11e720_0;
LS_0x5642fe15c370_0_12 .concat8 [ 1 1 1 1], v0x5642fe11ea90_0, v0x5642fe11ee00_0, v0x5642fe11f170_0, v0x5642fe137750_0;
LS_0x5642fe15c370_0_16 .concat8 [ 1 0 0 0], v0x5642fe137810_0;
LS_0x5642fe15c370_1_0 .concat8 [ 4 4 4 4], LS_0x5642fe15c370_0_0, LS_0x5642fe15c370_0_4, LS_0x5642fe15c370_0_8, LS_0x5642fe15c370_0_12;
LS_0x5642fe15c370_1_4 .concat8 [ 1 0 0 0], LS_0x5642fe15c370_0_16;
L_0x5642fe15c370 .concat8 [ 16 1 0 0], LS_0x5642fe15c370_1_0, LS_0x5642fe15c370_1_4;
S_0x5642fe110150 .scope module, "UUT" "UBBKA_15_0_15_0" 2 14, 3 3 0, S_0x5642fe1194a0;
 .timescale 0 0;
    .port_info 0 /INPUT 1 "Y~7";
    .port_info 1 /INPUT 1 "rst";
    .port_info 2 /INPUT 1 "clk";
    .port_info 3 /INPUT 1 "Y~15";
    .port_info 4 /INPUT 1 "Y~14";
    .port_info 5 /INPUT 1 "Y~13";
    .port_info 6 /INPUT 1 "Y~12";
    .port_info 7 /INPUT 1 "Y~11";
    .port_info 8 /INPUT 1 "Y~10";
    .port_info 9 /INPUT 1 "Y~9";
    .port_info 10 /INPUT 1 "Y~8";
    .port_info 11 /INPUT 1 "Y~6";
    .port_info 12 /INPUT 1 "Y~5";
    .port_info 13 /INPUT 1 "Y~4";
    .port_info 14 /INPUT 1 "Y~3";
    .port_info 15 /INPUT 1 "Y~2";
    .port_info 16 /INPUT 1 "Y~1";
    .port_info 17 /INPUT 1 "Y~0";
    .port_info 18 /INPUT 1 "X~15";
    .port_info 19 /INPUT 1 "X~14";
    .port_info 20 /INPUT 1 "X~13";
    .port_info 21 /INPUT 1 "X~12";
    .port_info 22 /INPUT 1 "X~11";
    .port_info 23 /INPUT 1 "X~10";
    .port_info 24 /INPUT 1 "X~9";
    .port_info 25 /INPUT 1 "X~8";
    .port_info 26 /INPUT 1 "X~7";
    .port_info 27 /INPUT 1 "X~6";
    .port_info 28 /INPUT 1 "X~5";
    .port_info 29 /INPUT 1 "X~4";
    .port_info 30 /INPUT 1 "X~3";
    .port_info 31 /INPUT 1 "X~2";
    .port_info 32 /INPUT 1 "X~1";
    .port_info 33 /INPUT 1 "X~0";
    .port_info 34 /OUTPUT 1 "S~8";
    .port_info 35 /OUTPUT 1 "S~9";
    .port_info 36 /OUTPUT 1 "S~7";
    .port_info 37 /OUTPUT 1 "S~6";
    .port_info 38 /OUTPUT 1 "S~5";
    .port_info 39 /OUTPUT 1 "S~4";
    .port_info 40 /OUTPUT 1 "S~3";
    .port_info 41 /OUTPUT 1 "S~2";
    .port_info 42 /OUTPUT 1 "S~1";
    .port_info 43 /OUTPUT 1 "S~0";
    .port_info 44 /OUTPUT 1 "S~14";
    .port_info 45 /OUTPUT 1 "S~15";
    .port_info 46 /OUTPUT 1 "S~16";
    .port_info 47 /OUTPUT 1 "S~10";
    .port_info 48 /OUTPUT 1 "S~11";
    .port_info 49 /OUTPUT 1 "S~12";
    .port_info 50 /OUTPUT 1 "S~13";
L_0x5642fe113620 .functor BUFZ 1, L_0x5642fe15a960, C4<0>, C4<0>, C4<0>;
L_0x5642fe113960 .functor BUFZ 1, L_0x5642fe15aa90, C4<0>, C4<0>, C4<0>;
L_0x5642fe113ca0 .functor BUFZ 1, L_0x5642fe15abc0, C4<0>, C4<0>, C4<0>;
L_0x5642fe113fe0 .functor BUFZ 1, L_0x5642fe15acf0, C4<0>, C4<0>, C4<0>;
L_0x5642fe114320 .functor BUFZ 1, L_0x5642fe15ad90, C4<0>, C4<0>, C4<0>;
L_0x5642fe114660 .functor BUFZ 1, L_0x5642fe15aec0, C4<0>, C4<0>, C4<0>;
v0x5642fe11dcd0_0 .var "S~0", 0 0;
v0x5642fe11e040_0 .var "S~1", 0 0;
v0x5642fe11e3b0_0 .var "S~10", 0 0;
v0x5642fe11e720_0 .var "S~11", 0 0;
v0x5642fe11ea90_0 .var "S~12", 0 0;
v0x5642fe11ee00_0 .var "S~13", 0 0;
v0x5642fe11f170_0 .var "S~14", 0 0;
v0x5642fe137750_0 .var "S~15", 0 0;
v0x5642fe137810_0 .var "S~16", 0 0;
v0x5642fe1378d0_0 .var "S~2", 0 0;
v0x5642fe137990_0 .var "S~3", 0 0;
v0x5642fe137a50_0 .var "S~4", 0 0;
v0x5642fe137b10_0 .var "S~5", 0 0;
v0x5642fe137bd0_0 .var "S~6", 0 0;
v0x5642fe137c90_0 .var "S~7", 0 0;
v0x5642fe137d50_0 .var "S~8", 0 0;
v0x5642fe137e10_0 .var "S~9", 0 0;
v0x5642fe137ed0_0 .net "X~0", 0 0, L_0x5642fe15c1c0;  1 drivers
v0x5642fe137f90_0 .net "X~1", 0 0, L_0x5642fe15c120;  1 drivers
v0x5642fe138050_0 .net "X~10", 0 0, L_0x5642fe15b570;  1 drivers
v0x5642fe138110_0 .net "X~11", 0 0, L_0x5642fe15b1c0;  1 drivers
v0x5642fe1381d0_0 .net "X~12", 0 0, L_0x5642fe15b300;  1 drivers
v0x5642fe138290_0 .net "X~13", 0 0, L_0x5642fe15b260;  1 drivers
v0x5642fe138350_0 .net "X~14", 0 0, L_0x5642fe15b120;  1 drivers
v0x5642fe138410_0 .net "X~15", 0 0, L_0x5642fe15b080;  1 drivers
v0x5642fe1384d0_0 .net "X~2", 0 0, L_0x5642fe15bf80;  1 drivers
v0x5642fe138590_0 .net "X~3", 0 0, L_0x5642fe15bee0;  1 drivers
v0x5642fe138650_0 .net "X~4", 0 0, L_0x5642fe15bd50;  1 drivers
v0x5642fe138710_0 .net "X~5", 0 0, L_0x5642fe15bcb0;  1 drivers
v0x5642fe1387d0_0 .net "X~6", 0 0, L_0x5642fe15bb30;  1 drivers
v0x5642fe138890_0 .net "X~7", 0 0, L_0x5642fe15ba90;  1 drivers
v0x5642fe138950_0 .net "X~8", 0 0, L_0x5642fe15b890;  1 drivers
v0x5642fe138a10_0 .net "X~9", 0 0, L_0x5642fe15b760;  1 drivers
v0x5642fe138ce0_0 .net "Y~0", 0 0, L_0x5642fe15aec0;  1 drivers
v0x5642fe138da0_0 .net "Y~1", 0 0, L_0x5642fe15ad90;  1 drivers
v0x5642fe138e60_0 .net "Y~10", 0 0, L_0x5642fe15a480;  1 drivers
v0x5642fe138f20_0 .net "Y~11", 0 0, L_0x5642fe15a310;  1 drivers
v0x5642fe138fe0_0 .net "Y~12", 0 0, L_0x5642fe15a270;  1 drivers
v0x5642fe1390a0_0 .net "Y~13", 0 0, L_0x5642fe15a080;  1 drivers
v0x5642fe139160_0 .net "Y~14", 0 0, L_0x5642fe159fe0;  1 drivers
v0x5642fe139220_0 .net "Y~15", 0 0, L_0x5642fe159ef0;  1 drivers
v0x5642fe1392e0_0 .net "Y~2", 0 0, L_0x5642fe15acf0;  1 drivers
v0x5642fe1393a0_0 .net "Y~3", 0 0, L_0x5642fe15abc0;  1 drivers
v0x5642fe139460_0 .net "Y~4", 0 0, L_0x5642fe15aa90;  1 drivers
v0x5642fe139520_0 .net "Y~5", 0 0, L_0x5642fe15a960;  1 drivers
v0x5642fe1395e0_0 .net "Y~6", 0 0, L_0x5642fe15a7d0;  1 drivers
v0x5642fe1396a0_0 .net "Y~7", 0 0, L_0x5642fe159e20;  1 drivers
v0x5642fe139760_0 .net "Y~8", 0 0, L_0x5642fe15a730;  1 drivers
v0x5642fe139820_0 .net "Y~9", 0 0, L_0x5642fe15a5b0;  1 drivers
L_0x7f506898c018 .functor BUFT 1, C4<0001011101110111>, C4<0>, C4<0>, C4<0>;
v0x5642fe1398e0_0 .net/2u *"_ivl_0", 15 0, L_0x7f506898c018;  1 drivers
v0x5642fe1399c0_0 .net *"_ivl_10", 5 0, L_0x5642fe1513f0;  1 drivers
v0x5642fe139aa0_0 .net *"_ivl_100", 7 0, L_0x5642fe154690;  1 drivers
L_0x7f506898c3c0 .functor BUFT 1, C4<0000000011010100000000000010101100000000001010110000000011010100>, C4<0>, C4<0>, C4<0>;
v0x5642fe139b80_0 .net/2u *"_ivl_104", 63 0, L_0x7f506898c3c0;  1 drivers
v0x5642fe139c60_0 .net *"_ivl_106", 5 0, L_0x5642fe154a50;  1 drivers
v0x5642fe139d40_0 .net *"_ivl_108", 63 0, L_0x5642fe154ce0;  1 drivers
L_0x7f506898c408 .functor BUFT 1, C4<0001010001000001>, C4<0>, C4<0>, C4<0>;
v0x5642fe139e20_0 .net/2u *"_ivl_112", 15 0, L_0x7f506898c408;  1 drivers
v0x5642fe139f00_0 .net *"_ivl_114", 3 0, L_0x5642fe155070;  1 drivers
v0x5642fe139fe0_0 .net *"_ivl_116", 15 0, L_0x5642fe155170;  1 drivers
v0x5642fe13a0c0_0 .net *"_ivl_12", 63 0, L_0x5642fe151630;  1 drivers
L_0x7f506898c450 .functor BUFT 1, C4<0001>, C4<0>, C4<0>, C4<0>;
v0x5642fe13a1a0_0 .net/2u *"_ivl_120", 3 0, L_0x7f506898c450;  1 drivers
v0x5642fe13a280_0 .net *"_ivl_122", 1 0, L_0x5642fe155540;  1 drivers
v0x5642fe13a360_0 .net *"_ivl_124", 3 0, L_0x5642fe1557c0;  1 drivers
L_0x7f506898c498 .functor BUFT 1, C4<1111110011010100110101001100000000000000000000000000000000000000>, C4<0>, C4<0>, C4<0>;
v0x5642fe13a440_0 .net/2u *"_ivl_128", 63 0, L_0x7f506898c498;  1 drivers
v0x5642fe13a520_0 .net *"_ivl_130", 5 0, L_0x5642fe155c00;  1 drivers
v0x5642fe13a600_0 .net *"_ivl_132", 63 0, L_0x5642fe155ce0;  1 drivers
L_0x7f506898c4e0 .functor BUFT 1, C4<0110>, C4<0>, C4<0>, C4<0>;
v0x5642fe13aaf0_0 .net/2u *"_ivl_136", 3 0, L_0x7f506898c4e0;  1 drivers
v0x5642fe13abd0_0 .net *"_ivl_138", 1 0, L_0x5642fe1560b0;  1 drivers
v0x5642fe13acb0_0 .net *"_ivl_140", 3 0, L_0x5642fe1563a0;  1 drivers
L_0x7f506898c528 .functor BUFT 1, C4<1000>, C4<0>, C4<0>, C4<0>;
v0x5642fe13ad90_0 .net/2u *"_ivl_144", 3 0, L_0x7f506898c528;  1 drivers
v0x5642fe13ae70_0 .net *"_ivl_146", 1 0, L_0x5642fe1567e0;  1 drivers
v0x5642fe13af50_0 .net *"_ivl_148", 3 0, L_0x5642fe156880;  1 drivers
L_0x7f506898c570 .functor BUFT 1, C4<0000000011010100000000000010101100000000001010110000000011010100>, C4<0>, C4<0>, C4<0>;
v0x5642fe13b030_0 .net/2u *"_ivl_152", 63 0, L_0x7f506898c570;  1 drivers
v0x5642fe13b110_0 .net *"_ivl_154", 5 0, L_0x5642fe156cd0;  1 drivers
v0x5642fe13b1f0_0 .net *"_ivl_156", 63 0, L_0x5642fe157030;  1 drivers
L_0x7f506898c0a8 .functor BUFT 1, C4<00000011001010110010101100111111>, C4<0>, C4<0>, C4<0>;
v0x5642fe13b2d0_0 .net/2u *"_ivl_16", 31 0, L_0x7f506898c0a8;  1 drivers
L_0x7f506898c5b8 .functor BUFT 1, C4<0001010001000001>, C4<0>, C4<0>, C4<0>;
v0x5642fe13b3b0_0 .net/2u *"_ivl_160", 15 0, L_0x7f506898c5b8;  1 drivers
v0x5642fe13b490_0 .net *"_ivl_162", 3 0, L_0x5642fe157450;  1 drivers
v0x5642fe13b570_0 .net *"_ivl_164", 15 0, L_0x5642fe1574f0;  1 drivers
L_0x7f506898c600 .functor BUFT 1, C4<0000000101010111000000010101011100000001010101110001010101111111>, C4<0>, C4<0>, C4<0>;
v0x5642fe13b650_0 .net/2u *"_ivl_168", 63 0, L_0x7f506898c600;  1 drivers
v0x5642fe13b730_0 .net *"_ivl_170", 5 0, L_0x5642fe157920;  1 drivers
v0x5642fe13b810_0 .net *"_ivl_172", 63 0, L_0x5642fe157cb0;  1 drivers
L_0x7f506898c648 .functor BUFT 1, C4<0000000011010100000000000010101100000000001010110000000011010100>, C4<0>, C4<0>, C4<0>;
v0x5642fe13b8f0_0 .net/2u *"_ivl_176", 63 0, L_0x7f506898c648;  1 drivers
v0x5642fe13b9d0_0 .net *"_ivl_178", 5 0, L_0x5642fe158150;  1 drivers
v0x5642fe13bab0_0 .net *"_ivl_18", 4 0, L_0x5642fe1518a0;  1 drivers
v0x5642fe13bb90_0 .net *"_ivl_180", 63 0, L_0x5642fe1582d0;  1 drivers
L_0x7f506898c690 .functor BUFT 1, C4<0001010001000001>, C4<0>, C4<0>, C4<0>;
v0x5642fe13bc70_0 .net/2u *"_ivl_184", 15 0, L_0x7f506898c690;  1 drivers
v0x5642fe13bd50_0 .net *"_ivl_186", 3 0, L_0x5642fe158730;  1 drivers
v0x5642fe13be30_0 .net *"_ivl_188", 15 0, L_0x5642fe158a70;  1 drivers
L_0x7f506898c6d8 .functor BUFT 1, C4<00000011001010110010101100111111>, C4<0>, C4<0>, C4<0>;
v0x5642fe13bf10_0 .net/2u *"_ivl_192", 31 0, L_0x7f506898c6d8;  1 drivers
v0x5642fe13bff0_0 .net *"_ivl_194", 4 0, L_0x5642fe158f20;  1 drivers
v0x5642fe13c0d0_0 .net *"_ivl_196", 31 0, L_0x5642fe159050;  1 drivers
v0x5642fe13c1b0_0 .net *"_ivl_2", 3 0, L_0x5642fe151030;  1 drivers
v0x5642fe13c290_0 .net *"_ivl_20", 31 0, L_0x5642fe1519c0;  1 drivers
L_0x7f506898c720 .functor BUFT 1, C4<0000000011010100>, C4<0>, C4<0>, C4<0>;
v0x5642fe13c370_0 .net/2u *"_ivl_200", 15 0, L_0x7f506898c720;  1 drivers
v0x5642fe13c450_0 .net *"_ivl_202", 3 0, L_0x5642fe159530;  1 drivers
v0x5642fe13c530_0 .net *"_ivl_204", 15 0, L_0x5642fe1598e0;  1 drivers
L_0x7f506898c0f0 .functor BUFT 1, C4<00001110000000010000000100001110>, C4<0>, C4<0>, C4<0>;
v0x5642fe13c610_0 .net/2u *"_ivl_24", 31 0, L_0x7f506898c0f0;  1 drivers
v0x5642fe13c6f0_0 .net *"_ivl_26", 4 0, L_0x5642fe151c70;  1 drivers
v0x5642fe13c7d0_0 .net *"_ivl_28", 31 0, L_0x5642fe151e50;  1 drivers
L_0x7f506898c138 .functor BUFT 1, C4<1111110011010100110101001100000000000000000000000000000000000000>, C4<0>, C4<0>, C4<0>;
v0x5642fe13c8b0_0 .net/2u *"_ivl_32", 63 0, L_0x7f506898c138;  1 drivers
v0x5642fe13c990_0 .net *"_ivl_34", 5 0, L_0x5642fe152120;  1 drivers
v0x5642fe13ca70_0 .net *"_ivl_36", 63 0, L_0x5642fe152300;  1 drivers
v0x5642fe13cb50_0 .net *"_ivl_4", 15 0, L_0x5642fe151190;  1 drivers
L_0x7f506898c180 .functor BUFT 1, C4<0110>, C4<0>, C4<0>, C4<0>;
v0x5642fe13cc30_0 .net/2u *"_ivl_40", 3 0, L_0x7f506898c180;  1 drivers
v0x5642fe13cd10_0 .net *"_ivl_42", 1 0, L_0x5642fe152600;  1 drivers
v0x5642fe13cdf0_0 .net *"_ivl_44", 3 0, L_0x5642fe152730;  1 drivers
L_0x7f506898c1c8 .functor BUFT 1, C4<1000>, C4<0>, C4<0>, C4<0>;
v0x5642fe13ced0_0 .net/2u *"_ivl_48", 3 0, L_0x7f506898c1c8;  1 drivers
v0x5642fe13cfb0_0 .net *"_ivl_50", 1 0, L_0x5642fe152a50;  1 drivers
v0x5642fe13d090_0 .net *"_ivl_52", 3 0, L_0x5642fe152b90;  1 drivers
L_0x7f506898c210 .functor BUFT 1, C4<0001010001000001>, C4<0>, C4<0>, C4<0>;
v0x5642fe13d170_0 .net/2u *"_ivl_56", 15 0, L_0x7f506898c210;  1 drivers
v0x5642fe13d250_0 .net *"_ivl_58", 3 0, L_0x5642fe152e20;  1 drivers
v0x5642fe13d330_0 .net *"_ivl_60", 15 0, L_0x5642fe152f80;  1 drivers
L_0x7f506898c258 .functor BUFT 1, C4<0001000100010111>, C4<0>, C4<0>, C4<0>;
v0x5642fe13d410_0 .net/2u *"_ivl_64", 15 0, L_0x7f506898c258;  1 drivers
v0x5642fe13d4f0_0 .net *"_ivl_66", 3 0, L_0x5642fe153280;  1 drivers
v0x5642fe13d5d0_0 .net *"_ivl_68", 15 0, L_0x5642fe153370;  1 drivers
L_0x7f506898c2a0 .functor BUFT 1, C4<0001010001000001>, C4<0>, C4<0>, C4<0>;
v0x5642fe13d6b0_0 .net/2u *"_ivl_72", 15 0, L_0x7f506898c2a0;  1 drivers
v0x5642fe13d790_0 .net *"_ivl_74", 3 0, L_0x5642fe1536d0;  1 drivers
v0x5642fe13d870_0 .net *"_ivl_76", 15 0, L_0x5642fe153860;  1 drivers
L_0x7f506898c060 .functor BUFT 1, C4<0000000101010111000101010111111100010101011111110001010101111111>, C4<0>, C4<0>, C4<0>;
v0x5642fe13d950_0 .net/2u *"_ivl_8", 63 0, L_0x7f506898c060;  1 drivers
L_0x7f506898c2e8 .functor BUFT 1, C4<0000000101010111000000010101011100000001010101110001010101111111>, C4<0>, C4<0>, C4<0>;
v0x5642fe13da30_0 .net/2u *"_ivl_80", 63 0, L_0x7f506898c2e8;  1 drivers
v0x5642fe13db10_0 .net *"_ivl_82", 5 0, L_0x5642fe153b70;  1 drivers
v0x5642fe13dbf0_0 .net *"_ivl_84", 63 0, L_0x5642fe153dd0;  1 drivers
L_0x7f506898c330 .functor BUFT 1, C4<0001010001000001>, C4<0>, C4<0>, C4<0>;
v0x5642fe13dcd0_0 .net/2u *"_ivl_88", 15 0, L_0x7f506898c330;  1 drivers
v0x5642fe13ddb0_0 .net *"_ivl_90", 3 0, L_0x5642fe1540c0;  1 drivers
v0x5642fe13de90_0 .net *"_ivl_92", 15 0, L_0x5642fe1542b0;  1 drivers
L_0x7f506898c378 .functor BUFT 1, C4<00101011>, C4<0>, C4<0>, C4<0>;
v0x5642fe13df70_0 .net/2u *"_ivl_96", 7 0, L_0x7f506898c378;  1 drivers
v0x5642fe13e050_0 .net *"_ivl_98", 2 0, L_0x5642fe154190;  1 drivers
v0x5642fe13e130_0 .net "clk", 0 0, v0x5642fe140b00_0;  1 drivers
v0x5642fe13e1f0_0 .net "n104", 0 0, L_0x5642fe114660;  1 drivers
v0x5642fe13eac0_0 .net "n108", 0 0, L_0x5642fe114320;  1 drivers
v0x5642fe13eb80_0 .net "n112", 0 0, L_0x5642fe113fe0;  1 drivers
v0x5642fe13ec40_0 .net "n116", 0 0, L_0x5642fe113ca0;  1 drivers
v0x5642fe13ed00_0 .net "n120", 0 0, L_0x5642fe113960;  1 drivers
v0x5642fe13edc0_0 .net "n124", 0 0, L_0x5642fe113620;  1 drivers
v0x5642fe13ee80_0 .net "n128", 0 0, L_0x5642fe151f70;  1 drivers
v0x5642fe13ef40_0 .net "n132", 0 0, L_0x5642fe1530c0;  1 drivers
v0x5642fe13f000_0 .net "n136", 0 0, L_0x5642fe153980;  1 drivers
v0x5642fe13f0c0_0 .net "n140", 0 0, L_0x5642fe154420;  1 drivers
v0x5642fe13f180_0 .net "n144", 0 0, L_0x5642fe154e20;  1 drivers
v0x5642fe13f240_0 .net "n148", 0 0, L_0x5642fe155450;  1 drivers
v0x5642fe13f300_0 .net "n152", 0 0, L_0x5642fe157170;  1 drivers
v0x5642fe13f3c0_0 .net "n156", 0 0, L_0x5642fe157830;  1 drivers
v0x5642fe13f480_0 .net "n160", 0 0, L_0x5642fe158640;  1 drivers
v0x5642fe13f540_0 .net "n164", 0 0, L_0x5642fe158be0;  1 drivers
v0x5642fe13f600_0 .net "n168", 0 0, L_0x5642fe159a20;  1 drivers
v0x5642fe13f6c0_0 .net "new_new_n108_1", 0 0, L_0x5642fe1512b0;  1 drivers
v0x5642fe13f780_0 .net "new_new_n110", 0 0, L_0x5642fe151770;  1 drivers
v0x5642fe13f840_0 .net "new_new_n113", 0 0, L_0x5642fe151b80;  1 drivers
v0x5642fe13f900_0 .net "new_new_n115_1", 0 0, L_0x5642fe1524c0;  1 drivers
v0x5642fe13f9c0_0 .net "new_new_n116_1", 0 0, L_0x5642fe152870;  1 drivers
v0x5642fe13fa80_0 .net "new_new_n117", 0 0, L_0x5642fe1529b0;  1 drivers
v0x5642fe13fb40_0 .net "new_new_n119_1", 0 0, L_0x5642fe153590;  1 drivers
v0x5642fe13fc00_0 .net "new_new_n121", 0 0, L_0x5642fe153f80;  1 drivers
v0x5642fe13fcc0_0 .net "new_new_n123_1", 0 0, L_0x5642fe154910;  1 drivers
v0x5642fe13fd80_0 .net "new_new_n126", 0 0, L_0x5642fe155930;  1 drivers
v0x5642fe13fe40_0 .net "new_new_n127_1", 0 0, L_0x5642fe155f70;  1 drivers
v0x5642fe13ff00_0 .net "new_new_n128_1", 0 0, L_0x5642fe1564e0;  1 drivers
v0x5642fe13ffc0_0 .net "new_new_n129", 0 0, L_0x5642fe156b90;  1 drivers
v0x5642fe140080_0 .net "new_new_n132_1", 0 0, L_0x5642fe157df0;  1 drivers
v0x5642fe140140_0 .net "new_new_n135_1", 0 0, L_0x5642fe1593f0;  1 drivers
v0x5642fe140200_0 .net "rst", 0 0, v0x5642fe140ea0_0;  1 drivers
E_0x5642fe0edca0 .event posedge, v0x5642fe13e130_0;
L_0x5642fe151030 .concat [ 1 1 1 1], L_0x5642fe15ad90, L_0x5642fe15c120, L_0x5642fe15aec0, L_0x5642fe15c1c0;
L_0x5642fe151190 .shift/r 16, L_0x7f506898c018, L_0x5642fe151030;
L_0x5642fe1512b0 .part L_0x5642fe151190, 0, 1;
LS_0x5642fe1513f0_0_0 .concat [ 1 1 1 1], L_0x5642fe15acf0, L_0x5642fe15ad90, L_0x5642fe15c120, L_0x5642fe15bf80;
LS_0x5642fe1513f0_0_4 .concat [ 1 1 0 0], L_0x5642fe15aec0, L_0x5642fe15c1c0;
L_0x5642fe1513f0 .concat [ 4 2 0 0], LS_0x5642fe1513f0_0_0, LS_0x5642fe1513f0_0_4;
L_0x5642fe151630 .shift/r 64, L_0x7f506898c060, L_0x5642fe1513f0;
L_0x5642fe151770 .part L_0x5642fe151630, 0, 1;
LS_0x5642fe1518a0_0_0 .concat [ 1 1 1 1], L_0x5642fe151770, L_0x5642fe15aa90, L_0x5642fe15bd50, L_0x5642fe15abc0;
LS_0x5642fe1518a0_0_4 .concat [ 1 0 0 0], L_0x5642fe15bee0;
L_0x5642fe1518a0 .concat [ 4 1 0 0], LS_0x5642fe1518a0_0_0, LS_0x5642fe1518a0_0_4;
L_0x5642fe1519c0 .shift/r 32, L_0x7f506898c0a8, L_0x5642fe1518a0;
L_0x5642fe151b80 .part L_0x5642fe1519c0, 0, 1;
LS_0x5642fe151c70_0_0 .concat [ 1 1 1 1], L_0x5642fe1524c0, L_0x5642fe1529b0, v0x5642fe140ea0_0, L_0x5642fe15a7d0;
LS_0x5642fe151c70_0_4 .concat [ 1 0 0 0], L_0x5642fe15bb30;
L_0x5642fe151c70 .concat [ 4 1 0 0], LS_0x5642fe151c70_0_0, LS_0x5642fe151c70_0_4;
L_0x5642fe151e50 .shift/r 32, L_0x7f506898c0f0, L_0x5642fe151c70;
L_0x5642fe151f70 .part L_0x5642fe151e50, 0, 1;
LS_0x5642fe152120_0_0 .concat [ 1 1 1 1], L_0x5642fe151770, L_0x5642fe15aa90, L_0x5642fe15bd50, L_0x5642fe15abc0;
LS_0x5642fe152120_0_4 .concat [ 1 1 0 0], L_0x5642fe15bee0, L_0x5642fe152870;
L_0x5642fe152120 .concat [ 4 2 0 0], LS_0x5642fe152120_0_0, LS_0x5642fe152120_0_4;
L_0x5642fe152300 .shift/r 64, L_0x7f506898c138, L_0x5642fe152120;
L_0x5642fe1524c0 .part L_0x5642fe152300, 0, 1;
L_0x5642fe152600 .concat [ 1 1 0 0], L_0x5642fe15a960, L_0x5642fe15bcb0;
L_0x5642fe152730 .shift/r 4, L_0x7f506898c180, L_0x5642fe152600;
L_0x5642fe152870 .part L_0x5642fe152730, 0, 1;
L_0x5642fe152a50 .concat [ 1 1 0 0], L_0x5642fe15a960, L_0x5642fe15bcb0;
L_0x5642fe152b90 .shift/r 4, L_0x7f506898c1c8, L_0x5642fe152a50;
L_0x5642fe1529b0 .part L_0x5642fe152b90, 0, 1;
L_0x5642fe152e20 .concat [ 1 1 1 1], v0x5642fe140ea0_0, L_0x5642fe153590, L_0x5642fe159e20, L_0x5642fe15ba90;
L_0x5642fe152f80 .shift/r 16, L_0x7f506898c210, L_0x5642fe152e20;
L_0x5642fe1530c0 .part L_0x5642fe152f80, 0, 1;
L_0x5642fe153280 .concat [ 1 1 1 1], L_0x5642fe15a7d0, L_0x5642fe15bb30, L_0x5642fe1524c0, L_0x5642fe1529b0;
L_0x5642fe153370 .shift/r 16, L_0x7f506898c258, L_0x5642fe153280;
L_0x5642fe153590 .part L_0x5642fe153370, 0, 1;
L_0x5642fe1536d0 .concat [ 1 1 1 1], v0x5642fe140ea0_0, L_0x5642fe153f80, L_0x5642fe15a730, L_0x5642fe15b890;
L_0x5642fe153860 .shift/r 16, L_0x7f506898c2a0, L_0x5642fe1536d0;
L_0x5642fe153980 .part L_0x5642fe153860, 0, 1;
LS_0x5642fe153b70_0_0 .concat [ 1 1 1 1], L_0x5642fe159e20, L_0x5642fe15a7d0, L_0x5642fe15bb30, L_0x5642fe15ba90;
LS_0x5642fe153b70_0_4 .concat [ 1 1 0 0], L_0x5642fe1529b0, L_0x5642fe1524c0;
L_0x5642fe153b70 .concat [ 4 2 0 0], LS_0x5642fe153b70_0_0, LS_0x5642fe153b70_0_4;
L_0x5642fe153dd0 .shift/r 64, L_0x7f506898c2e8, L_0x5642fe153b70;
L_0x5642fe153f80 .part L_0x5642fe153dd0, 0, 1;
L_0x5642fe1540c0 .concat [ 1 1 1 1], v0x5642fe140ea0_0, L_0x5642fe154910, L_0x5642fe15a5b0, L_0x5642fe15b760;
L_0x5642fe1542b0 .shift/r 16, L_0x7f506898c330, L_0x5642fe1540c0;
L_0x5642fe154420 .part L_0x5642fe1542b0, 0, 1;
L_0x5642fe154190 .concat [ 1 1 1 0], L_0x5642fe153f80, L_0x5642fe15a730, L_0x5642fe15b890;
L_0x5642fe154690 .shift/r 8, L_0x7f506898c378, L_0x5642fe154190;
L_0x5642fe154910 .part L_0x5642fe154690, 0, 1;
LS_0x5642fe154a50_0_0 .concat [ 1 1 1 1], L_0x5642fe154910, L_0x5642fe15a5b0, L_0x5642fe15b760, v0x5642fe140ea0_0;
LS_0x5642fe154a50_0_4 .concat [ 1 1 0 0], L_0x5642fe15a480, L_0x5642fe15b570;
L_0x5642fe154a50 .concat [ 4 2 0 0], LS_0x5642fe154a50_0_0, LS_0x5642fe154a50_0_4;
L_0x5642fe154ce0 .shift/r 64, L_0x7f506898c3c0, L_0x5642fe154a50;
L_0x5642fe154e20 .part L_0x5642fe154ce0, 0, 1;
L_0x5642fe155070 .concat [ 1 1 1 1], v0x5642fe140ea0_0, L_0x5642fe155930, L_0x5642fe15a310, L_0x5642fe15b1c0;
L_0x5642fe155170 .shift/r 16, L_0x7f506898c408, L_0x5642fe155070;
L_0x5642fe155450 .part L_0x5642fe155170, 0, 1;
L_0x5642fe155540 .concat [ 1 1 0 0], L_0x5642fe155f70, L_0x5642fe156b90;
L_0x5642fe1557c0 .shift/r 4, L_0x7f506898c450, L_0x5642fe155540;
L_0x5642fe155930 .part L_0x5642fe1557c0, 0, 1;
LS_0x5642fe155c00_0_0 .concat [ 1 1 1 1], L_0x5642fe153f80, L_0x5642fe15a5b0, L_0x5642fe15b760, L_0x5642fe15a730;
LS_0x5642fe155c00_0_4 .concat [ 1 1 0 0], L_0x5642fe15b890, L_0x5642fe1564e0;
L_0x5642fe155c00 .concat [ 4 2 0 0], LS_0x5642fe155c00_0_0, LS_0x5642fe155c00_0_4;
L_0x5642fe155ce0 .shift/r 64, L_0x7f506898c498, L_0x5642fe155c00;
L_0x5642fe155f70 .part L_0x5642fe155ce0, 0, 1;
L_0x5642fe1560b0 .concat [ 1 1 0 0], L_0x5642fe15a480, L_0x5642fe15b570;
L_0x5642fe1563a0 .shift/r 4, L_0x7f506898c4e0, L_0x5642fe1560b0;
L_0x5642fe1564e0 .part L_0x5642fe1563a0, 0, 1;
L_0x5642fe1567e0 .concat [ 1 1 0 0], L_0x5642fe15a480, L_0x5642fe15b570;
L_0x5642fe156880 .shift/r 4, L_0x7f506898c528, L_0x5642fe1567e0;
L_0x5642fe156b90 .part L_0x5642fe156880, 0, 1;
LS_0x5642fe156cd0_0_0 .concat [ 1 1 1 1], L_0x5642fe155930, L_0x5642fe15a310, L_0x5642fe15b1c0, v0x5642fe140ea0_0;
LS_0x5642fe156cd0_0_4 .concat [ 1 1 0 0], L_0x5642fe15a270, L_0x5642fe15b300;
L_0x5642fe156cd0 .concat [ 4 2 0 0], LS_0x5642fe156cd0_0_0, LS_0x5642fe156cd0_0_4;
L_0x5642fe157030 .shift/r 64, L_0x7f506898c570, L_0x5642fe156cd0;
L_0x5642fe157170 .part L_0x5642fe157030, 0, 1;
L_0x5642fe157450 .concat [ 1 1 1 1], v0x5642fe140ea0_0, L_0x5642fe157df0, L_0x5642fe15a080, L_0x5642fe15b260;
L_0x5642fe1574f0 .shift/r 16, L_0x7f506898c5b8, L_0x5642fe157450;
L_0x5642fe157830 .part L_0x5642fe1574f0, 0, 1;
LS_0x5642fe157920_0_0 .concat [ 1 1 1 1], L_0x5642fe15a270, L_0x5642fe15a310, L_0x5642fe15b1c0, L_0x5642fe15b300;
LS_0x5642fe157920_0_4 .concat [ 1 1 0 0], L_0x5642fe156b90, L_0x5642fe155f70;
L_0x5642fe157920 .concat [ 4 2 0 0], LS_0x5642fe157920_0_0, LS_0x5642fe157920_0_4;
L_0x5642fe157cb0 .shift/r 64, L_0x7f506898c600, L_0x5642fe157920;
L_0x5642fe157df0 .part L_0x5642fe157cb0, 0, 1;
LS_0x5642fe158150_0_0 .concat [ 1 1 1 1], L_0x5642fe157df0, L_0x5642fe15a080, L_0x5642fe15b260, v0x5642fe140ea0_0;
LS_0x5642fe158150_0_4 .concat [ 1 1 0 0], L_0x5642fe159fe0, L_0x5642fe15b120;
L_0x5642fe158150 .concat [ 4 2 0 0], LS_0x5642fe158150_0_0, LS_0x5642fe158150_0_4;
L_0x5642fe1582d0 .shift/r 64, L_0x7f506898c648, L_0x5642fe158150;
L_0x5642fe158640 .part L_0x5642fe1582d0, 0, 1;
L_0x5642fe158730 .concat [ 1 1 1 1], v0x5642fe140ea0_0, L_0x5642fe1593f0, L_0x5642fe159ef0, L_0x5642fe15b080;
L_0x5642fe158a70 .shift/r 16, L_0x7f506898c690, L_0x5642fe158730;
L_0x5642fe158be0 .part L_0x5642fe158a70, 0, 1;
LS_0x5642fe158f20_0_0 .concat [ 1 1 1 1], L_0x5642fe157df0, L_0x5642fe159fe0, L_0x5642fe15b120, L_0x5642fe15a080;
LS_0x5642fe158f20_0_4 .concat [ 1 0 0 0], L_0x5642fe15b260;
L_0x5642fe158f20 .concat [ 4 1 0 0], LS_0x5642fe158f20_0_0, LS_0x5642fe158f20_0_4;
L_0x5642fe159050 .shift/r 32, L_0x7f506898c6d8, L_0x5642fe158f20;
L_0x5642fe1593f0 .part L_0x5642fe159050, 0, 1;
L_0x5642fe159530 .concat [ 1 1 1 1], L_0x5642fe1593f0, L_0x5642fe159ef0, L_0x5642fe15b080, v0x5642fe140ea0_0;
L_0x5642fe1598e0 .shift/r 16, L_0x7f506898c720, L_0x5642fe159530;
L_0x5642fe159a20 .part L_0x5642fe1598e0, 0, 1;
    .scope S_0x5642fe110150;
T_0 ;
    %wait E_0x5642fe0edca0;
    %load/vec4 v0x5642fe13e1f0_0;
    %assign/vec4 v0x5642fe11dcd0_0, 0;
    %jmp T_0;
    .thread T_0;
    .scope S_0x5642fe110150;
T_1 ;
    %wait E_0x5642fe0edca0;
    %load/vec4 v0x5642fe13f0c0_0;
    %assign/vec4 v0x5642fe137e10_0, 0;
    %jmp T_1;
    .thread T_1;
    .scope S_0x5642fe110150;
T_2 ;
    %wait E_0x5642fe0edca0;
    %load/vec4 v0x5642fe13f180_0;
    %assign/vec4 v0x5642fe11e3b0_0, 0;
    %jmp T_2;
    .thread T_2;
    .scope S_0x5642fe110150;
T_3 ;
    %wait E_0x5642fe0edca0;
    %load/vec4 v0x5642fe13f240_0;
    %assign/vec4 v0x5642fe11e720_0, 0;
    %jmp T_3;
    .thread T_3;
    .scope S_0x5642fe110150;
T_4 ;
    %wait E_0x5642fe0edca0;
    %load/vec4 v0x5642fe13f300_0;
    %assign/vec4 v0x5642fe11ea90_0, 0;
    %jmp T_4;
    .thread T_4;
    .scope S_0x5642fe110150;
T_5 ;
    %wait E_0x5642fe0edca0;
    %load/vec4 v0x5642fe13f3c0_0;
    %assign/vec4 v0x5642fe11ee00_0, 0;
    %jmp T_5;
    .thread T_5;
    .scope S_0x5642fe110150;
T_6 ;
    %wait E_0x5642fe0edca0;
    %load/vec4 v0x5642fe13f480_0;
    %assign/vec4 v0x5642fe11f170_0, 0;
    %jmp T_6;
    .thread T_6;
    .scope S_0x5642fe110150;
T_7 ;
    %wait E_0x5642fe0edca0;
    %load/vec4 v0x5642fe13f540_0;
    %assign/vec4 v0x5642fe137750_0, 0;
    %jmp T_7;
    .thread T_7;
    .scope S_0x5642fe110150;
T_8 ;
    %wait E_0x5642fe0edca0;
    %load/vec4 v0x5642fe13f600_0;
    %assign/vec4 v0x5642fe137810_0, 0;
    %jmp T_8;
    .thread T_8;
    .scope S_0x5642fe110150;
T_9 ;
    %wait E_0x5642fe0edca0;
    %load/vec4 v0x5642fe13eac0_0;
    %assign/vec4 v0x5642fe11e040_0, 0;
    %jmp T_9;
    .thread T_9;
    .scope S_0x5642fe110150;
T_10 ;
    %wait E_0x5642fe0edca0;
    %load/vec4 v0x5642fe13eb80_0;
    %assign/vec4 v0x5642fe1378d0_0, 0;
    %jmp T_10;
    .thread T_10;
    .scope S_0x5642fe110150;
T_11 ;
    %wait E_0x5642fe0edca0;
    %load/vec4 v0x5642fe13ec40_0;
    %assign/vec4 v0x5642fe137990_0, 0;
    %jmp T_11;
    .thread T_11;
    .scope S_0x5642fe110150;
T_12 ;
    %wait E_0x5642fe0edca0;
    %load/vec4 v0x5642fe13ed00_0;
    %assign/vec4 v0x5642fe137a50_0, 0;
    %jmp T_12;
    .thread T_12;
    .scope S_0x5642fe110150;
T_13 ;
    %wait E_0x5642fe0edca0;
    %load/vec4 v0x5642fe13edc0_0;
    %assign/vec4 v0x5642fe137b10_0, 0;
    %jmp T_13;
    .thread T_13;
    .scope S_0x5642fe110150;
T_14 ;
    %wait E_0x5642fe0edca0;
    %load/vec4 v0x5642fe13ee80_0;
    %assign/vec4 v0x5642fe137bd0_0, 0;
    %jmp T_14;
    .thread T_14;
    .scope S_0x5642fe110150;
T_15 ;
    %wait E_0x5642fe0edca0;
    %load/vec4 v0x5642fe13ef40_0;
    %assign/vec4 v0x5642fe137c90_0, 0;
    %jmp T_15;
    .thread T_15;
    .scope S_0x5642fe110150;
T_16 ;
    %wait E_0x5642fe0edca0;
    %load/vec4 v0x5642fe13f000_0;
    %assign/vec4 v0x5642fe137d50_0, 0;
    %jmp T_16;
    .thread T_16;
    .scope S_0x5642fe1194a0;
T_17 ;
    %delay 5, 0;
    %load/vec4 v0x5642fe140b00_0;
    %inv;
    %store/vec4 v0x5642fe140b00_0, 0, 1;
    %jmp T_17;
    .thread T_17;
    .scope S_0x5642fe1194a0;
T_18 ;
    %pushi/vec4 0, 0, 1;
    %store/vec4 v0x5642fe140b00_0, 0, 1;
    %pushi/vec4 1, 0, 1;
    %store/vec4 v0x5642fe140ea0_0, 0, 1;
    %pushi/vec4 0, 0, 16;
    %store/vec4 v0x5642fe140920_0, 0, 16;
    %pushi/vec4 0, 0, 16;
    %store/vec4 v0x5642fe140a20_0, 0, 16;
    %vpi_call 2 42 "$readmemh", "memA.dat", v0x5642fe140c40 {0 0 0};
    %vpi_call 2 43 "$readmemh", "memB.dat", v0x5642fe140d00 {0 0 0};
    %vpi_func 2 46 "$fopen" 32, "output_sum.txt", "w" {0 0 0};
    %store/vec4 v0x5642fe140dc0_0, 0, 32;
    %delay 10, 0;
    %pushi/vec4 0, 0, 1;
    %store/vec4 v0x5642fe140ea0_0, 0, 1;
    %pushi/vec4 0, 0, 32;
    %store/vec4 v0x5642fe140ba0_0, 0, 32;
T_18.0 ;
    %load/vec4 v0x5642fe140ba0_0;
    %cmpi/s 1000000, 0, 32;
    %jmp/0xz T_18.1, 5;
    %ix/getv/s 4, v0x5642fe140ba0_0;
    %load/vec4a v0x5642fe140c40, 4;
    %store/vec4 v0x5642fe140920_0, 0, 16;
    %ix/getv/s 4, v0x5642fe140ba0_0;
    %load/vec4a v0x5642fe140d00, 4;
    %store/vec4 v0x5642fe140a20_0, 0, 16;
    %delay 10, 0;
    %vpi_call 2 56 "$fwrite", v0x5642fe140dc0_0, "%h\012", v0x5642fe140f40_0 {0 0 0};
    %load/vec4 v0x5642fe140ba0_0;
    %addi 1, 0, 32;
    %store/vec4 v0x5642fe140ba0_0, 0, 32;
    %jmp T_18.0;
T_18.1 ;
    %vpi_call 2 60 "$fclose", v0x5642fe140dc0_0 {0 0 0};
    %delay 10, 0;
    %vpi_call 2 63 "$finish" {0 0 0};
    %end;
    .thread T_18;
# The file index is used to find the file name in the following table.
:file_names 4;
    "N/A";
    "<interactive>";
    "bk_tb.v";
    "BK_16b_aprox_6.v";
