#Packing pin usage report
Type: io
	Input Pin Usage:
		Max: 1.00 (0.50)
		Avg: 0.11 (0.05)
		Min: 0.00 (0.00)
		Histogram:
		[        0:      0.2) 68 ( 89.5%) |************************************************
		[      0.2:      0.4)  0 (  0.0%) |
		[      0.4:      0.6)  0 (  0.0%) |
		[      0.6:      0.8)  0 (  0.0%) |
		[      0.8:        1)  8 ( 10.5%) |******
		[        1:      1.2)  0 (  0.0%) |
		[      1.2:      1.4)  0 (  0.0%) |
		[      1.4:      1.6)  0 (  0.0%) |
		[      1.6:      1.8)  0 (  0.0%) |
		[      1.8:        2)  0 (  0.0%) |
	Output Pin Usage:
		Max: 1.00 (1.00)
		Avg: 0.89 (0.89)
		Min: 0.00 (0.00)
		Histogram:
		[        0:      0.1)  8 ( 10.5%) |******
		[      0.1:      0.2)  0 (  0.0%) |
		[      0.2:      0.3)  0 (  0.0%) |
		[      0.3:      0.4)  0 (  0.0%) |
		[      0.4:      0.5)  0 (  0.0%) |
		[      0.5:      0.6)  0 (  0.0%) |
		[      0.6:      0.7)  0 (  0.0%) |
		[      0.7:      0.8)  0 (  0.0%) |
		[      0.8:      0.9)  0 (  0.0%) |
		[      0.9:        1) 68 ( 89.5%) |************************************************

Type: clb
	Input Pin Usage:
		Max: 43.00 (0.80)
		Avg: 25.27 (0.47)
		Min: 2.00 (0.04)
		Histogram:
		[        0:      5.4) 2 ( 13.3%) |********************
		[      5.4:       11) 2 ( 13.3%) |********************
		[       11:       16) 0 (  0.0%) |
		[       16:       22) 0 (  0.0%) |
		[       22:       27) 1 (  6.7%) |**********
		[       27:       32) 5 ( 33.3%) |*************************************************
		[       32:       38) 2 ( 13.3%) |********************
		[       38:       43) 3 ( 20.0%) |*****************************
		[       43:       49) 0 (  0.0%) |
		[       49:       54) 0 (  0.0%) |
	Output Pin Usage:
		Max: 16.00 (0.76)
		Avg: 7.93 (0.38)
		Min: 1.00 (0.05)
		Histogram:
		[        0:      2.1) 4 ( 26.7%) |*************************************************
		[      2.1:      4.2) 0 (  0.0%) |
		[      4.2:      6.3) 0 (  0.0%) |
		[      6.3:      8.4) 3 ( 20.0%) |*************************************
		[      8.4:       10) 2 ( 13.3%) |*************************
		[       10:       13) 4 ( 26.7%) |*************************************************
		[       13:       15) 1 (  6.7%) |************
		[       15:       17) 1 (  6.7%) |************
		[       17:       19) 0 (  0.0%) |
		[       19:       21) 0 (  0.0%) |

