VPR FPGA Placement and Routing.
Version: 8.1.0-dev+v8.0.0-10995-gf13f87b5a
Revision: v8.0.0-10995-gf13f87b5a
Compiled: 2024-08-16T10:51:08
Compiler: GNU 11.4.0 on Linux-5.10.16.3-microsoft-standard-WSL2 x86_64
Build Info: release IPO VTR_ASSERT_LEVEL=2

University of Toronto
verilogtorouting.org
vtr-users@googlegroups.com
This is free open source code under MIT license.

VPR was run with the following command-line:
/home/moises-leiva/vtr-verilog-to-routing/vpr/vpr /home/moises-leiva/vtr-verilog-to-routing/vtr_flow/arch/timing/EArch.xml SOBEL.pre-vpr.blif --route_chan_width 100 --tech_properties /home/moises-leiva/vtr-verilog-to-routing/vtr_flow/tech/PTM_45nm/45nm.xml --power


Architecture file: /home/moises-leiva/vtr-verilog-to-routing/vtr_flow/arch/timing/EArch.xml
Circuit name: SOBEL.pre-vpr

# Loading Architecture Description
# Loading Architecture Description took 0.01 seconds (max_rss 17.1 MiB, delta_rss +2.5 MiB)

Timing analysis: ON
Circuit netlist file: SOBEL.pre-vpr.net
Circuit placement file: SOBEL.pre-vpr.place
Circuit routing file: SOBEL.pre-vpr.route
Circuit SDC file: SOBEL.pre-vpr.sdc
Vpr floorplanning constraints file: not specified

Packer: ENABLED
Placer: ENABLED
Router: ENABLED
Analysis: ENABLED

VPR was run with the following options:

NetlistOpts.absorb_buffer_luts            : true
NetlistOpts.sweep_dangling_primary_ios    : true
NetlistOpts.sweep_dangling_nets           : true
NetlistOpts.sweep_dangling_blocks         : true
NetlistOpts.sweep_constant_primary_outputs: false
NetlistOpts.netlist_verbosity             : 1
NetlistOpts.const_gen_inference           : COMB_SEQ

PackerOpts.allow_unrelated_clustering: auto
PackerOpts.alpha_clustering: 0.750000
PackerOpts.beta_clustering: 0.900000
PackerOpts.cluster_seed_type: BLEND2
PackerOpts.connection_driven: true
PackerOpts.global_clocks: true
PackerOpts.hill_climbing_flag: false
PackerOpts.inter_cluster_net_delay: 1.000000
PackerOpts.timing_driven: true
PackerOpts.target_external_pin_util: auto

PlacerOpts.place_freq: PLACE_ONCE
PlacerOpts.place_algorithm: CRITICALITY_TIMING_PLACE
PlacerOpts.pad_loc_type: FREE
PlacerOpts.constraints_file: No constraints file given
PlacerOpts.place_cost_exp: 1.000000
PlacerOpts.place_chan_width: 100
PlacerOpts.inner_loop_recompute_divider: 0
PlacerOpts.recompute_crit_iter: 1
PlacerOpts.timing_tradeoff: 0.500000
PlacerOpts.td_place_exp_first: 1.000000
PlacerOpts.td_place_exp_last: 8.000000
PlacerOpts.delay_offset: 0.000000
PlacerOpts.delay_ramp_delta_threshold: -1
PlacerOpts.delay_ramp_slope: 0.000000
PlacerOpts.tsu_rel_margin: 1.000000
PlacerOpts.tsu_abs_margin: 0.000000
PlacerOpts.post_place_timing_report_file: 
PlacerOpts.allowed_tiles_for_delay_model: 
PlacerOpts.delay_model_reducer: MIN
PlacerOpts.delay_model_type: SIMPLE
PlacerOpts.rlim_escape_fraction: 0.000000
PlacerOpts.move_stats_file: 
PlacerOpts.placement_saves_per_temperature: 0
PlacerOpts.effort_scaling: CIRCUIT
PlacerOpts.place_delta_delay_matrix_calculation_method: ASTAR_ROUTE
PlaceOpts.seed: 1
AnnealSched.type: AUTO_SCHED
AnnealSched.inner_num: 0.500000

RouterOpts.route_type: DETAILED
RouterOpts.flat_routing: false
RouterOpts.has_choking_spot: false
RouterOpts.router_algorithm: TIMING_DRIVEN
RouterOpts.base_cost_type: DELAY_NORMALIZED_LENGTH
RouterOpts.fixed_channel_width: 100
RouterOpts.check_route: FULL
RouterOpts.acc_fac: 1.000000
RouterOpts.bb_factor: 3
RouterOpts.bend_cost: 0.000000
RouterOpts.first_iter_pres_fac: 0.000000
RouterOpts.initial_pres_fac: 0.500000
RouterOpts.pres_fac_mult: 1.300000
RouterOpts.max_pres_fac: 1000.000000
RouterOpts.max_router_iterations: 50
RouterOpts.min_incremental_reroute_fanout: 16
RouterOpts.do_check_rr_graph: true
RouterOpts.verify_binary_search: false
RouterOpts.min_channel_width_hint: 0
RouterOpts.read_rr_edge_metadata: false
RouterOpts.exit_after_first_routing_iteration: false
RouterOpts.astar_fac: 1.200000
RouterOpts.astar_offset: 0.000000
RouterOpts.router_profiler_astar_fac: 1.200000
RouterOpts.criticality_exp: 1.000000
RouterOpts.max_criticality: 0.990000
RouterOpts.init_wirelength_abort_threshold: 0.850000
RouterOpts.incr_reroute_delay_ripup: AUTO
RouterOpts.save_routing_per_iteration: false
RouterOpts.congested_routing_iteration_threshold_frac: 1.000000
RouterOpts.high_fanout_threshold: 64
RouterOpts.router_debug_net: -2
RouterOpts.router_debug_sink_rr: -2
RouterOpts.router_debug_iteration: -2
RouterOpts.max_convergence_count: 1
RouterOpts.reconvergence_cpd_threshold: 0.990000
RouterOpts.update_lower_bound_delays: true
RouterOpts.first_iteration_timing_report_file: 
RouterOpts.route_bb_update: DYNAMIC
RouterOpts.lookahead_type: MAP
RouterOpts.initial_timing: LOOKAHEAD
RouterOpts.router_heap: FOUR_ARY_HEAP
RouterOpts.routing_failure_predictor = SAFE
RouterOpts.routing_budgets_algorithm = DISABLE

AnalysisOpts.gen_post_synthesis_netlist: false
AnalysisOpts.timing_report_npaths: 100
AnalysisOpts.timing_report_skew: false
AnalysisOpts.echo_dot_timing_graph_node: -1
AnalysisOpts.timing_report_detail: NETLIST
AnalysisOpts.post_synth_netlist_unconn_input_handling: UNCONNECTED
AnalysisOpts.post_synth_netlist_unconn_output_handling: UNCONNECTED

# Building complex block graph
Warning 1: io[0].clock[0] unconnected pin in architecture.
# Building complex block graph took 0.05 seconds (max_rss 25.2 MiB, delta_rss +8.1 MiB)
Circuit file: SOBEL.pre-vpr.blif
# Load circuit
# Load circuit took 0.01 seconds (max_rss 25.6 MiB, delta_rss +0.4 MiB)
# Clean circuit
Absorbed 0 LUT buffers
Inferred    0 additional primitive pins as constant generators since they have no combinationally connected inputs
Inferred    0 additional primitive pins as constant generators due to constant inputs
Inferred    0 additional primitive pins as constant generators since they have no combinationally connected inputs
Inferred    0 additional primitive pins as constant generators due to constant inputs
Inferred    0 additional primitive pins as constant generators since they have no combinationally connected inputs
Inferred    0 additional primitive pins as constant generators due to constant inputs
Swept input(s)      : 15
Swept output(s)     : 0 (0 dangling, 0 constant)
Swept net(s)        : 15
Swept block(s)      : 0
Constant Pins Marked: 0
# Clean circuit took 0.00 seconds (max_rss 25.6 MiB, delta_rss +0.0 MiB)
# Compress circuit
# Compress circuit took 0.00 seconds (max_rss 25.6 MiB, delta_rss +0.0 MiB)
# Verify circuit
# Verify circuit took 0.00 seconds (max_rss 25.6 MiB, delta_rss +0.0 MiB)
Circuit Statistics:
  Blocks: 234
    .input :      68
    .output:       8
    6-LUT  :     158
  Nets  : 226
    Avg Fanout:     3.4
    Max Fanout:    12.0
    Min Fanout:     1.0
  Netlist Clocks: 0
# Load Activity File
Warning 2: Net p4~1 found in activity file, but it does not exist in the .blif file.
Warning 3: Net p4~2 found in activity file, but it does not exist in the .blif file.
Warning 4: Net p4~3 found in activity file, but it does not exist in the .blif file.
Warning 5: Net p4~4 found in activity file, but it does not exist in the .blif file.
Warning 6: Net p4~5 found in activity file, but it does not exist in the .blif file.
Warning 7: Net p4~6 found in activity file, but it does not exist in the .blif file.
Warning 8: Net p4~7 found in activity file, but it does not exist in the .blif file.
Warning 9: Net p4~8 found in activity file, but it does not exist in the .blif file.
Warning 10: Net p1~8 found in activity file, but it does not exist in the .blif file.
Warning 11: Net p3~8 found in activity file, but it does not exist in the .blif file.
Warning 12: Net p5~8 found in activity file, but it does not exist in the .blif file.
Warning 13: Net p7~8 found in activity file, but it does not exist in the .blif file.
Warning 14: Net clk found in activity file, but it does not exist in the .blif file.
Warning 15: Net rst found in activity file, but it does not exist in the .blif file.
Warning 16: Net p4~0 found in activity file, but it does not exist in the .blif file.
# Load Activity File took 0.00 seconds (max_rss 25.6 MiB, delta_rss +0.0 MiB)
# Build Timing Graph
  Timing Graph Nodes: 987
  Timing Graph Edges: 1514
  Timing Graph Levels: 22
# Build Timing Graph took 0.00 seconds (max_rss 25.6 MiB, delta_rss +0.0 MiB)
Netlist contains 0 clocks
# Load Timing Constraints

SDC file 'SOBEL.pre-vpr.sdc' not found
Setting default timing constraints:
   * constrain all primay inputs and primary outputs on a virtual external clock 'virtual_io_clock'
   * optimize virtual clock to run as fast as possible
Timing constraints created 1 clocks
  Constrained Clock 'virtual_io_clock' (Virtual Clock)

# Load Timing Constraints took 0.00 seconds (max_rss 25.6 MiB, delta_rss +0.0 MiB)
# Packing
Begin packing 'SOBEL.pre-vpr.blif'.

After removing unused inputs...
	total blocks: 234, total nets: 226, total inputs: 68, total outputs: 8
Begin prepacking.

There is one chain in this architecture called "chain" with the following starting points:
	clb[0]/fle[0]/lut5inter[0]/ble5[0]/arithmetic[0]/adder[0].cin[0]

0 attraction groups were created during prepacking.
Finish prepacking.
Using inter-cluster delay: 1.33777e-09
Packing with pin utilization targets: io:1,1 clb:0.8,1 mult_36:1,1 memory:1,1
Packing with high fanout thresholds: io:128 clb:32 mult_36:128 memory:128
Starting Clustering - Clustering Progress: 
-------------------   --------------------------   ---------
Molecules processed   Number of clusters created   FPGA size
-------------------   --------------------------   ---------
     9/234       3%                            1     3 x 3     
    18/234       7%                            1     3 x 3     
    27/234      11%                            2     4 x 4     
    36/234      15%                            3     5 x 5     
    45/234      19%                            3     5 x 5     
    54/234      23%                            4     5 x 5     
    63/234      26%                            5     5 x 5     
    72/234      30%                            5     5 x 5     
    81/234      34%                            6     5 x 5     
    90/234      38%                            7     6 x 6     
    99/234      42%                            7     6 x 6     
   108/234      46%                            8     6 x 6     
   117/234      50%                            9     6 x 6     
   126/234      53%                            9     6 x 6     
   135/234      57%                           10     6 x 6     
   144/234      61%                           12     6 x 6     
   153/234      65%                           12     6 x 6     
   162/234      69%                           18     7 x 7     
   171/234      73%                           27     7 x 7     
   180/234      76%                           36     7 x 7     
   189/234      80%                           45     7 x 7     
   198/234      84%                           54     7 x 7     
   207/234      88%                           63     7 x 7     
   216/234      92%                           72     7 x 7     
   225/234      96%                           81     7 x 7     
   234/234     100%                           90     7 x 7     

Logic Element (fle) detailed count:
  Total number of Logic Elements used : 115
  LEs used for logic and registers    : 0
  LEs used for logic only             : 115
  LEs used for registers only         : 0

Incr Slack updates 1 in 1.74e-05 sec
Full Max Req/Worst Slack updates 1 in 2.4e-06 sec
Incr Max Req/Worst Slack updates 0 in 0 sec
Incr Criticality updates 0 in 0 sec
Full Criticality updates 1 in 2.42e-05 sec
FPGA sized to 7 x 7 (auto)
Device Utilization: 0.50 (target 1.00)
	Block Utilization: 0.47 Type: io
	Block Utilization: 0.75 Type: clb

Start the iterative improvement process
the iterative improvement process is done
Final Clustering Statistics: 
----------   --------   ------------------------------------   --------------------------
Block Type   # Blocks   Avg. # of input clocks and pins used   Avg. # of output pins used
----------   --------   ------------------------------------   --------------------------
     EMPTY          0                                      0                            0   
        io         76                               0.105263                     0.894737   
       clb         15                                25.2667                      7.93333   
   mult_36          0                                      0                            0   
    memory          0                                      0                            0   
Absorbed logical nets 39 out of 226 nets, 187 nets not absorbed.

Netlist conversion complete.

# Packing took 0.13 seconds (max_rss 27.4 MiB, delta_rss +1.8 MiB)
# Load packing
Begin loading packed FPGA netlist file.
Netlist generated from file 'SOBEL.pre-vpr.net'.
Detected 0 constant generators (to see names run with higher pack verbosity)
Finished loading packed FPGA netlist file (took 0.046039 seconds).
Warning 17: Treated 0 constant nets as global which will not be routed (to see net names increase packer verbosity).
# Load packing took 0.05 seconds (max_rss 65.8 MiB, delta_rss +38.3 MiB)
Warning 18: Netlist contains 0 global net to non-global architecture pin connections

Pb types usage...
  io              : 76
   inpad          : 68
   outpad         : 8
  clb             : 15
   fle            : 115
    lut5inter     : 45
     ble5         : 88
      flut5       : 88
       lut5       : 88
        lut       : 88
    ble6          : 70
     lut6         : 70
      lut         : 70

# Create Device
## Build Device Grid
FPGA sized to 7 x 7: 49 grid tiles (auto)

Resource usage...
	Netlist
		76	blocks of type: io
	Architecture
		160	blocks of type: io
	Netlist
		15	blocks of type: clb
	Architecture
		20	blocks of type: clb
	Netlist
		0	blocks of type: mult_36
	Architecture
		0	blocks of type: mult_36
	Netlist
		0	blocks of type: memory
	Architecture
		0	blocks of type: memory

Device Utilization: 0.50 (target 1.00)
	Physical Tile io:
	Block Utilization: 0.47 Logical Block: io
	Physical Tile clb:
	Block Utilization: 0.75 Logical Block: clb

FPGA size limited by block type(s): clb

## Build Device Grid took 0.00 seconds (max_rss 66.1 MiB, delta_rss +0.0 MiB)
## Build routing resource graph
SOURCE->OPIN and IPIN->SINK edge count:1980
OPIN->CHANX/CHANY edge count before creating direct connections: 5600
OPIN->CHANX/CHANY edge count after creating direct connections: 5616
CHAN->CHAN type edge count:28460
## Build routing resource graph took 0.03 seconds (max_rss 66.1 MiB, delta_rss +0.0 MiB)
  RR Graph Nodes: 5400
  RR Graph Edges: 36056
# Create Device took 0.03 seconds (max_rss 66.1 MiB, delta_rss +0.0 MiB)

# Computing router lookahead map
## Computing wire lookahead
## Computing wire lookahead took 0.04 seconds (max_rss 66.1 MiB, delta_rss +0.0 MiB)
## Computing src/opin lookahead
Warning 19: Found no more ample locations for SOURCE in io
Warning 20: Found no more ample locations for OPIN in io
Warning 21: Found no more ample locations for SOURCE in clb
Warning 22: Found no more ample locations for OPIN in clb
## Computing src/opin lookahead took 0.00 seconds (max_rss 66.1 MiB, delta_rss +0.0 MiB)
# Computing router lookahead map took 0.04 seconds (max_rss 66.1 MiB, delta_rss +0.0 MiB)
# Computing placement delta delay look-up
RR graph channel widths unchanged, skipping RR graph rebuild
# Computing placement delta delay look-up took 0.00 seconds (max_rss 66.1 MiB, delta_rss +0.0 MiB)

Bounding box mode is Cube

# Placement
## Initial Placement
Initial placement iteration 0 has finished successfully
## Initial Placement took 0.00 seconds (max_rss 66.1 MiB, delta_rss +0.0 MiB)
Using simple RL 'Softmax agent' for choosing move and block types

There are 387 point to point connections in this circuit.


BB estimate of min-dist (placement) wire length: 1250

Completed placement consistency check successfully.
Initial placement cost: 1 bb_cost: 12.4958 td_cost: 9.39202e-08
Initial placement estimated Critical Path Delay (CPD): 6.69695 ns
Initial placement estimated setup Total Negative Slack (sTNS): -51.7943 ns
Initial placement estimated setup Worst Negative Slack (sWNS): -6.69695 ns

Initial placement estimated setup slack histogram:
[ -6.7e-09: -6.6e-09) 3 ( 37.5%) |*************************************************
[ -6.6e-09: -6.6e-09) 1 ( 12.5%) |****************
[ -6.6e-09: -6.5e-09) 0 (  0.0%) |
[ -6.5e-09: -6.4e-09) 1 ( 12.5%) |****************
[ -6.4e-09: -6.3e-09) 2 ( 25.0%) |*********************************
[ -6.3e-09: -6.3e-09) 0 (  0.0%) |
[ -6.3e-09: -6.2e-09) 0 (  0.0%) |
[ -6.2e-09: -6.1e-09) 0 (  0.0%) |
[ -6.1e-09: -6.1e-09) 0 (  0.0%) |
[ -6.1e-09:   -6e-09) 1 ( 12.5%) |****************
Placement contains 0 placement macros involving 0 blocks (average macro size -nan)

Moves per temperature: 204
Warning 23: Starting t: 50 of 91 configurations accepted.

---- ------ ------- ------- ---------- ---------- ------- ---------- -------- ------- ------- ------ -------- --------- ------
Tnum   Time       T Av Cost Av BB Cost Av TD Cost     CPD       sTNS     sWNS Ac Rate Std Dev  R lim Crit Exp Tot Moves  Alpha
      (sec)                                          (ns)       (ns)     (ns)                                                 
---- ------ ------- ------- ---------- ---------- ------- ---------- -------- ------- ------- ------ -------- --------- ------
   1    0.0 3.4e-04   0.966      10.81 8.912e-08    6.588        -51   -6.588   0.373  0.0194    6.0     1.00       204  0.200
   2    0.0 3.2e-04   0.986      10.26 7.8722e-08   6.513        -50   -6.513   0.275  0.0077    5.6     1.57       408  0.950
   3    0.0 3.1e-04   0.990       9.92 6.228e-08    6.492      -49.7   -6.492   0.230  0.0068    4.7     2.86       612  0.950
   4    0.0 2.9e-04   0.991       9.62 5.1858e-08   6.407      -49.1   -6.407   0.294  0.0048    3.7     4.23       816  0.950
   5    0.0 2.8e-04   0.995       9.50 4.6228e-08   6.360      -49.1   -6.360   0.196  0.0025    3.2     4.99      1020  0.950
   6    0.0 2.6e-04   0.988       9.28 4.2688e-08   6.270      -48.4   -6.270   0.211  0.0111    2.4     6.06      1224  0.950
   7    0.0 2.5e-04   0.993       8.86 3.7695e-08   6.313      -48.7   -6.313   0.206  0.0033    1.8     6.83      1428  0.950
   8    0.0 2.4e-04   0.993       8.67 3.5617e-08   6.265      -48.2   -6.265   0.176  0.0015    1.4     7.43      1632  0.950
   9    0.0 2.3e-04   0.993       8.59 3.3815e-08   6.232      -48.3   -6.232   0.157  0.0019    1.0     7.95      1836  0.950
  10    0.0 2.1e-04   0.995       8.50 3.2892e-08   6.265      -48.4   -6.265   0.181  0.0028    1.0     8.00      2040  0.950
  11    0.0 2.0e-04   0.997       8.45 3.2427e-08   6.254      -48.3   -6.254   0.137  0.0015    1.0     8.00      2244  0.950
  12    0.0 1.6e-04   0.998       8.43 3.0097e-08   6.315        -49   -6.315   0.127  0.0010    1.0     8.00      2448  0.800
Agent's 2nd state: 
Checkpoint saved: bb_costs=8.41619, TD costs=3.01622e-08, CPD=  6.315 (ns) 
  13    0.0 1.3e-04   0.997       8.40 3.0055e-08   6.315      -48.9   -6.315   0.069  0.0018    1.0     8.00      2652  0.800
Checkpoint saved: bb_costs=8.3764, TD costs=3.03702e-08, CPD=  6.300 (ns) 
  14    0.0 1.0e-04   0.999       8.38 3.0338e-08   6.300      -48.8   -6.300   0.044  0.0002    1.0     8.00      2856  0.800
  15    0.0 8.3e-05   0.999       8.36 3.006e-08    6.315      -48.9   -6.315   0.069  0.0005    1.0     8.00      3060  0.800
  16    0.0 6.7e-05   0.999       8.34 2.9995e-08   6.315      -48.9   -6.315   0.044  0.0007    1.0     8.00      3264  0.800
  17    0.0 5.3e-05   1.000       8.32 2.9957e-08   6.311      -48.9   -6.311   0.044  0.0002    1.0     8.00      3468  0.800
Checkpoint saved: bb_costs=8.3249, TD costs=3.03268e-08, CPD=  6.296 (ns) 
  18    0.0 4.3e-05   1.000       8.33 3.03e-08     6.296      -48.8   -6.296   0.049  0.0005    1.0     8.00      3672  0.800
  19    0.0 3.4e-05   1.000       8.33 3.0156e-08   6.296      -48.8   -6.296   0.049  0.0001    1.0     8.00      3876  0.800
  20    0.0 2.7e-05   1.000       8.33 3.0131e-08   6.296      -48.8   -6.296   0.015  0.0001    1.0     8.00      4080  0.800
  21    0.0 0.0e+00   1.000       8.33 3.0132e-08   6.296      -48.8   -6.296   0.025  0.0000    1.0     8.00      4284  0.800
## Placement Quench took 0.00 seconds (max_rss 66.1 MiB)
post-quench CPD = 6.29608 (ns) 

BB estimate of min-dist (placement) wire length: 833

Completed placement consistency check successfully.

Swaps called: 4375

Aborted Move Reasons:
  No moves aborted

Placement estimated critical path delay (least slack): 6.29608 ns, Fmax: 158.829 MHz
Placement estimated setup Worst Negative Slack (sWNS): -6.29608 ns
Placement estimated setup Total Negative Slack (sTNS): -48.7863 ns

Placement estimated setup slack histogram:
[ -6.3e-09: -6.2e-09) 4 ( 50.0%) |*************************************************
[ -6.2e-09: -6.2e-09) 0 (  0.0%) |
[ -6.2e-09: -6.1e-09) 0 (  0.0%) |
[ -6.1e-09:   -6e-09) 0 (  0.0%) |
[   -6e-09:   -6e-09) 2 ( 25.0%) |*************************
[   -6e-09: -5.9e-09) 1 ( 12.5%) |************
[ -5.9e-09: -5.9e-09) 0 (  0.0%) |
[ -5.9e-09: -5.8e-09) 0 (  0.0%) |
[ -5.8e-09: -5.7e-09) 0 (  0.0%) |
[ -5.7e-09: -5.7e-09) 1 ( 12.5%) |************

Placement estimated geomean non-virtual intra-domain period: nan ns (nan MHz)
Placement estimated fanout-weighted geomean non-virtual intra-domain period: nan ns (nan MHz)

Placement cost: 0.999998, bb_cost: 8.32726, td_cost: 3.01332e-08, 

Placement resource usage:
  io  implemented as io : 76
  clb implemented as clb: 15

Placement number of temperatures: 21
Placement total # of swap attempts: 4375
	Swaps accepted:  656 (15.0 %)
	Swaps rejected: 3719 (85.0 %)
	Swaps aborted:    0 ( 0.0 %)


Placement perturbation distribution by block and move type: 
------------------ ----------------- ---------------- ---------------- --------------- ------------ 
    Block Type         Move Type       (%) of Total      Accepted(%)     Rejected(%)    Aborted(%)
------------------ ----------------- ---------------- ---------------- --------------- ------------ 
io                 Uniform                16.80            22.04           77.96          0.00         
                   Median                 17.05            18.90           81.10          0.00         
                   Centroid               16.16            19.52           80.48          0.00         
                   W. Centroid            16.89            21.79           78.21          0.00         
                   W. Median              4.59             5.47            94.53          0.00         
                   Crit. Uniform          3.09             5.93            94.07          0.00         
                   Feasible Region        2.61             2.63            97.37          0.00         

clb                Uniform                4.57             7.00            93.00          0.00         
                   Median                 3.68             5.59            94.41          0.00         
                   Centroid               3.41             3.36            96.64          0.00         
                   W. Centroid            3.63             2.52            97.48          0.00         
                   W. Median              0.89             0.00            100.00         0.00         
                   Crit. Uniform          3.22             0.00            100.00         0.00         
                   Feasible Region        3.41             0.00            100.00         0.00         


Placement Quench timing analysis took 0.0002949 seconds (0.0002587 STA, 3.62e-05 slack) (1 full updates: 1 setup, 0 hold, 0 combined).
Placement Total  timing analysis took 0.0121291 seconds (0.0108646 STA, 0.0012645 slack) (23 full updates: 23 setup, 0 hold, 0 combined).
update_td_costs: connections 0 nets 0 sum_nets 0 total 0
# Placement took 0.05 seconds (max_rss 66.1 MiB, delta_rss +0.0 MiB)

# Routing
RR graph channel widths unchanged, skipping RR graph rebuild
## Initializing router criticalities
Initial Net Connection Criticality Histogram:
[        0:      0.1)   0 (  0.0%) |
[      0.1:      0.2)   0 (  0.0%) |
[      0.2:      0.3)   1 (  0.3%) |
[      0.3:      0.4)   0 (  0.0%) |
[      0.4:      0.5)   1 (  0.3%) |
[      0.5:      0.6)   8 (  2.1%) |***
[      0.6:      0.7)  49 ( 12.7%) |*****************
[      0.7:      0.8)  99 ( 25.6%) |**********************************
[      0.8:      0.9) 137 ( 35.4%) |***********************************************
[      0.9:        1)  92 ( 23.8%) |********************************
## Initializing router criticalities took 0.01 seconds (max_rss 66.1 MiB, delta_rss +0.0 MiB)
---- ------ ------- ---- ------- ------- ------- ----------------- --------------- -------- ---------- ---------- ---------- ---------- --------
Iter   Time    pres  BBs    Heap  Re-Rtd  Re-Rtd Overused RR Nodes      Wirelength      CPD       sTNS       sWNS       hTNS       hWNS Est Succ
      (sec)     fac Updt    push    Nets   Conns                                       (ns)       (ns)       (ns)       (ns)       (ns)     Iter
---- ------ ------- ---- ------- ------- ------- ----------------- --------------- -------- ---------- ---------- ---------- ---------- --------
   1    0.0     0.0    0   14270     187     387     167 ( 3.093%)    1365 (22.8%)    6.533     -49.95     -6.533      0.000      0.000      N/A
Incr Slack updates 23 in 0.0004287 sec
Full Max Req/Worst Slack updates 13 in 3.5e-05 sec
Incr Max Req/Worst Slack updates 10 in 1.78e-05 sec
Incr Criticality updates 6 in 0.0002097 sec
Full Criticality updates 17 in 0.0004751 sec
   2    0.0     0.5    0   12900     147     343     132 ( 2.444%)    1389 (23.1%)    6.533     -49.95     -6.533      0.000      0.000      N/A
   3    0.0     0.6    0   13102     140     323     133 ( 2.463%)    1394 (23.2%)    6.533     -49.95     -6.533      0.000      0.000      N/A
   4    0.0     0.8    0   13393     129     312     115 ( 2.130%)    1414 (23.6%)    6.533     -49.95     -6.533      0.000      0.000      N/A
   5    0.0     1.1    0   13484     125     309     102 ( 1.889%)    1440 (24.0%)    6.535     -49.97     -6.535      0.000      0.000      N/A
   6    0.0     1.4    0   13237     110     284      89 ( 1.648%)    1448 (24.1%)    6.535     -49.98     -6.535      0.000      0.000      N/A
   7    0.0     1.9    0   12851     100     265      67 ( 1.241%)    1465 (24.4%)    6.536     -49.98     -6.536      0.000      0.000      N/A
   8    0.0     2.4    0   10702      80     228      54 ( 1.000%)    1493 (24.9%)    6.535     -49.97     -6.535      0.000      0.000      N/A
   9    0.0     3.1    0    9809      69     197      44 ( 0.815%)    1520 (25.3%)    6.535     -49.97     -6.535      0.000      0.000      N/A
  10    0.0     4.1    0    8550      56     173      27 ( 0.500%)    1527 (25.5%)    6.535     -49.97     -6.535      0.000      0.000       26
  11    0.0     5.3    0    6440      46     131      21 ( 0.389%)    1551 (25.9%)    6.535     -49.97     -6.535      0.000      0.000       22
  12    0.0     6.9    0    5887      35     102      14 ( 0.259%)    1550 (25.8%)    6.535     -49.97     -6.535      0.000      0.000       22
  13    0.0     9.0    0    3880      19      58       8 ( 0.148%)    1579 (26.3%)    6.535     -49.97     -6.535      0.000      0.000       20
  14    0.0    11.6    0    2519      12      47       5 ( 0.093%)    1582 (26.4%)    6.535     -49.97     -6.535      0.000      0.000       19
  15    0.0    15.1    0    1707       8      25       1 ( 0.019%)    1586 (26.4%)    6.535     -49.97     -6.535      0.000      0.000       18
  16    0.0    19.7    0     403       1       8       0 ( 0.000%)    1592 (26.5%)    6.535     -49.97     -6.535      0.000      0.000       17
Restoring best routing
Critical path: 6.53481 ns
Successfully routed after 16 routing iterations.
Final Net Connection Criticality Histogram:
[        0:      0.1)   0 (  0.0%) |
[      0.1:      0.2)   0 (  0.0%) |
[      0.2:      0.3)   0 (  0.0%) |
[      0.3:      0.4)   1 (  0.3%) |
[      0.4:      0.5)   0 (  0.0%) |
[      0.5:      0.6)   3 (  0.8%) |*
[      0.6:      0.7)  25 (  6.5%) |*********
[      0.7:      0.8)  91 ( 23.5%) |*******************************
[      0.8:      0.9) 129 ( 33.3%) |********************************************
[      0.9:        1) 138 ( 35.7%) |***********************************************
Router Stats: total_nets_routed: 1264 total_connections_routed: 3192 total_heap_pushes: 143134 total_heap_pops: 47542 
# Routing took 0.06 seconds (max_rss 66.1 MiB, delta_rss +0.0 MiB)

Checking to ensure routing is legal...
# Checking to ensure non-configurable edges are legal
# Checking to ensure non-configurable edges are legal took 0.00 seconds (max_rss 66.1 MiB, delta_rss +0.0 MiB)
Completed routing consistency check successfully.

Serial number (magic cookie) for the routing is: -77521938
Circuit successfully routed with a channel width factor of 100.
# Synchronize the packed netlist to routing optimization
## Annotating rr_node with routed nets
## Annotating rr_node with routed nets took 0.00 seconds (max_rss 66.1 MiB, delta_rss +0.0 MiB)
Found 481 mismatches between routing and packing results.
Fixed 344 routing traces due to mismatch between routing and packing results.
# Synchronize the packed netlist to routing optimization took 0.01 seconds (max_rss 66.1 MiB, delta_rss +0.0 MiB)
Final Clustering Statistics: 
----------   --------   ------------------------------------   --------------------------
Block Type   # Blocks   Avg. # of input clocks and pins used   Avg. # of output pins used
----------   --------   ------------------------------------   --------------------------
     EMPTY          0                                      0                            0   
        io         76                               0.105263                     0.894737   
       clb         15                                25.2667                      7.93333   
   mult_36          0                                      0                            0   
    memory          0                                      0                            0   
Absorbed logical nets 39 out of 226 nets, 187 nets not absorbed.


Average number of bends per net: 1.24064  Maximum # of bends: 5

Number of global nets: 0
Number of routed nets (nonglobal): 187
Wire length results (in units of 1 clb segments)...
	Total wirelength: 1592, average net length: 8.51337
	Maximum net length: 32

Wire length results in terms of physical segments...
	Total wiring segments used: 556, average wire segments per net: 2.97326
	Maximum segments used by a net: 10
	Total local nets with reserved CLB opins: 0
Total number of nets absorbed: 0

Routing channel utilization histogram:
[        1:      inf)  0 (  0.0%) |
[      0.9:        1)  0 (  0.0%) |
[      0.8:      0.9)  0 (  0.0%) |
[      0.7:      0.8)  0 (  0.0%) |
[      0.5:      0.6)  2 (  2.8%) |****
[      0.4:      0.5)  6 (  8.3%) |************
[      0.3:      0.4) 12 ( 16.7%) |************************
[      0.2:      0.3) 24 ( 33.3%) |************************************************
[      0.1:      0.2) 16 ( 22.2%) |********************************
[        0:      0.1) 12 ( 16.7%) |************************
Maximum routing channel utilization:      0.55 at (4,0)

X - Directed channels:   j max occ ave occ capacity
                      ---- ------- ------- --------
                         0      55  30.143      100
                         1      34  19.714      100
                         2      41  21.857      100
                         3      33  17.286      100
                         4      23  12.429      100
                         5      29  17.571      100
Y - Directed channels:   i max occ ave occ capacity
                      ---- ------- ------- --------
                         0       6   3.143      100
                         1       7   3.429      100
                         2      30  18.857      100
                         3      52  33.571      100
                         4      45  27.429      100
                         5      40  22.000      100

Total tracks in x-direction: 600, in y-direction: 600

Logic area (in minimum width transistor areas, excludes I/Os and empty grid tiles)...
	Total logic block area (Warning, need to add pitch of routing to blocks with height > 3): 1.07788e+06
	Total used logic block area: 808410

Routing area (in minimum width transistor areas)...
	Total routing area: 234270., per logic tile: 4781.02

Total Number of Wiring Segments by Direction: direction length number
                                              --------- ------ -------
                                                      X      4   1200
                                                      Y      4   1200

X - Directed Wiring Segment usage by length: length utilization
                                             ------ -----------
                                             4       0.234

Y - Directed Wiring Segment usage by length: length utilization
                                             ------ -----------
                                             4       0.229

Segment occupancy by length: Length utilization
                             ------ -----------
                             L4           0.232

Segment occupancy by type:              name type utilization
                           ----------------- ---- -----------
                           unnamed_segment_0    0       0.232

Final hold Worst Negative Slack (hWNS): 0 ns
Final hold Total Negative Slack (hTNS): 0 ns

Final hold slack histogram:
[  1.3e-09:  1.4e-09) 1 ( 12.5%) |*************************
[  1.4e-09:  1.5e-09) 2 ( 25.0%) |*************************************************
[  1.5e-09:  1.7e-09) 2 ( 25.0%) |*************************************************
[  1.7e-09:  1.8e-09) 0 (  0.0%) |
[  1.8e-09:  1.9e-09) 0 (  0.0%) |
[  1.9e-09:    2e-09) 1 ( 12.5%) |*************************
[    2e-09:  2.1e-09) 0 (  0.0%) |
[  2.1e-09:  2.3e-09) 1 ( 12.5%) |*************************
[  2.3e-09:  2.4e-09) 0 (  0.0%) |
[  2.4e-09:  2.5e-09) 1 ( 12.5%) |*************************

Final critical path delay (least slack): 6.53481 ns, Fmax: 153.027 MHz
Final setup Worst Negative Slack (sWNS): -6.53481 ns
Final setup Total Negative Slack (sTNS): -49.9708 ns

Final setup slack histogram:
[ -6.5e-09: -6.5e-09) 4 ( 50.0%) |*************************************************
[ -6.5e-09: -6.4e-09) 0 (  0.0%) |
[ -6.4e-09: -6.3e-09) 0 (  0.0%) |
[ -6.3e-09: -6.2e-09) 1 ( 12.5%) |************
[ -6.2e-09: -6.2e-09) 0 (  0.0%) |
[ -6.2e-09: -6.1e-09) 0 (  0.0%) |
[ -6.1e-09:   -6e-09) 1 ( 12.5%) |************
[   -6e-09: -5.9e-09) 0 (  0.0%) |
[ -5.9e-09: -5.9e-09) 0 (  0.0%) |
[ -5.9e-09: -5.8e-09) 2 ( 25.0%) |*************************

Final geomean non-virtual intra-domain period: nan ns (nan MHz)
Final fanout-weighted geomean non-virtual intra-domain period: nan ns (nan MHz)



Power Estimation:
-----------------
Initializing power module
Running power estimation
Warning 24: Power estimation completed with warnings. See power output for more details.
Power estimation took 0.028079 seconds
Uninitializing power module

Incr Slack updates 1 in 1.84e-05 sec
Full Max Req/Worst Slack updates 1 in 2.6e-06 sec
Incr Max Req/Worst Slack updates 0 in 0 sec
Incr Criticality updates 0 in 0 sec
Full Criticality updates 1 in 2.26e-05 sec
Flow timing analysis took 0.0349014 seconds (0.0322043 STA, 0.0026971 slack) (42 full updates: 24 setup, 0 hold, 18 combined).
VPR succeeded
The entire flow of VPR took 0.57 seconds (max_rss 66.1 MiB)
Incr Slack updates 17 in 0.0003889 sec
Full Max Req/Worst Slack updates 3 in 7.9e-06 sec
Incr Max Req/Worst Slack updates 14 in 2.5e-05 sec
Incr Criticality updates 11 in 0.0002641 sec
Full Criticality updates 6 in 0.0001325 sec
