#! /usr/bin/vvp
:ivl_version "12.0 (stable)";
:ivl_delay_selection "TYPICAL";
:vpi_time_precision + 0;
:vpi_module "/usr/lib/x86_64-linux-gnu/ivl/system.vpi";
:vpi_module "/usr/lib/x86_64-linux-gnu/ivl/vhdl_sys.vpi";
:vpi_module "/usr/lib/x86_64-linux-gnu/ivl/vhdl_textio.vpi";
:vpi_module "/usr/lib/x86_64-linux-gnu/ivl/v2005_math.vpi";
:vpi_module "/usr/lib/x86_64-linux-gnu/ivl/va_math.vpi";
S_0x558836699180 .scope module, "tb_CSkipA_16b" "tb_CSkipA_16b" 2 1;
 .timescale 0 0;
v0x5588366c24a0_0 .var "a", 15 0;
v0x5588366c25a0_0 .var "b", 15 0;
v0x5588366c2680_0 .var "clk", 0 0;
v0x5588366c2720_0 .var/i "i", 31 0;
v0x5588366c27c0 .array "memA", 999999 0, 15 0;
v0x5588366c2880 .array "memB", 999999 0, 15 0;
v0x5588366c2940_0 .var/i "out_file", 31 0;
v0x5588366c2a20_0 .var "rst", 0 0;
v0x5588366c2ac0_0 .net "sum", 16 0, L_0x5588366df4f0;  1 drivers
L_0x5588366dcd90 .part v0x5588366c24a0_0, 4, 1;
L_0x5588366dcec0 .part v0x5588366c24a0_0, 0, 1;
L_0x5588366dcff0 .part v0x5588366c24a0_0, 1, 1;
L_0x5588366dd120 .part v0x5588366c24a0_0, 2, 1;
L_0x5588366dd280 .part v0x5588366c24a0_0, 3, 1;
L_0x5588366dd320 .part v0x5588366c24a0_0, 5, 1;
L_0x5588366dd490 .part v0x5588366c24a0_0, 8, 1;
L_0x5588366dd5c0 .part v0x5588366c24a0_0, 6, 1;
L_0x5588366dd740 .part v0x5588366c24a0_0, 7, 1;
L_0x5588366dd7e0 .part v0x5588366c25a0_0, 0, 1;
L_0x5588366dd8e0 .part v0x5588366c25a0_0, 1, 1;
L_0x5588366dd980 .part v0x5588366c25a0_0, 2, 1;
L_0x5588366dda90 .part v0x5588366c25a0_0, 3, 1;
L_0x5588366ddb30 .part v0x5588366c25a0_0, 4, 1;
L_0x5588366ddce0 .part v0x5588366c25a0_0, 5, 1;
L_0x5588366dde10 .part v0x5588366c24a0_0, 15, 1;
L_0x5588366ddf40 .part v0x5588366c24a0_0, 14, 1;
L_0x5588366ddfe0 .part v0x5588366c25a0_0, 13, 1;
L_0x5588366de1b0 .part v0x5588366c25a0_0, 12, 1;
L_0x5588366de360 .part v0x5588366c25a0_0, 11, 1;
L_0x5588366de110 .part v0x5588366c25a0_0, 10, 1;
L_0x5588366de4b0 .part v0x5588366c25a0_0, 9, 1;
L_0x5588366de6a0 .part v0x5588366c25a0_0, 8, 1;
L_0x5588366de7d0 .part v0x5588366c25a0_0, 7, 1;
L_0x5588366de940 .part v0x5588366c25a0_0, 6, 1;
L_0x5588366dea70 .part v0x5588366c25a0_0, 15, 1;
L_0x5588366debf0 .part v0x5588366c25a0_0, 14, 1;
L_0x5588366dec90 .part v0x5588366c24a0_0, 9, 1;
L_0x5588366deeb0 .part v0x5588366c24a0_0, 10, 1;
L_0x5588366defe0 .part v0x5588366c24a0_0, 11, 1;
L_0x5588366df210 .part v0x5588366c24a0_0, 12, 1;
L_0x5588366df2b0 .part v0x5588366c24a0_0, 13, 1;
LS_0x5588366df4f0_0_0 .concat8 [ 1 1 1 1], v0x5588366c1240_0, v0x5588366c1300_0, v0x5588366c1840_0, v0x5588366c1900_0;
LS_0x5588366df4f0_0_4 .concat8 [ 1 1 1 1], v0x5588366c19c0_0, v0x5588366c1a80_0, v0x5588366c1b40_0, v0x5588366c1c00_0;
LS_0x5588366df4f0_0_8 .concat8 [ 1 1 1 1], v0x5588366c1cc0_0, v0x5588366c1d80_0, v0x5588366c13c0_0, v0x5588366c1480_0;
LS_0x5588366df4f0_0_12 .concat8 [ 1 1 1 1], v0x5588366c1540_0, v0x5588366c1600_0, v0x5588366c16c0_0, v0x5588366c1780_0;
LS_0x5588366df4f0_0_16 .concat8 [ 1 0 0 0], v0x5588366bf0b0_0;
LS_0x5588366df4f0_1_0 .concat8 [ 4 4 4 4], LS_0x5588366df4f0_0_0, LS_0x5588366df4f0_0_4, LS_0x5588366df4f0_0_8, LS_0x5588366df4f0_0_12;
LS_0x5588366df4f0_1_4 .concat8 [ 1 0 0 0], LS_0x5588366df4f0_0_16;
L_0x5588366df4f0 .concat8 [ 16 1 0 0], LS_0x5588366df4f0_1_0, LS_0x5588366df4f0_1_4;
S_0x558836642310 .scope module, "UUT" "CSkipA_16b" 2 15, 3 3 0, S_0x558836699180;
 .timescale 0 0;
    .port_info 0 /INPUT 1 "a~4";
    .port_info 1 /INPUT 1 "a~0";
    .port_info 2 /INPUT 1 "a~1";
    .port_info 3 /INPUT 1 "a~2";
    .port_info 4 /INPUT 1 "a~3";
    .port_info 5 /INPUT 1 "a~5";
    .port_info 6 /INPUT 1 "a~8";
    .port_info 7 /INPUT 1 "a~6";
    .port_info 8 /INPUT 1 "a~7";
    .port_info 9 /INPUT 1 "b~0";
    .port_info 10 /INPUT 1 "b~1";
    .port_info 11 /INPUT 1 "b~2";
    .port_info 12 /INPUT 1 "b~3";
    .port_info 13 /INPUT 1 "b~4";
    .port_info 14 /INPUT 1 "b~5";
    .port_info 15 /INPUT 1 "a~15";
    .port_info 16 /INPUT 1 "a~14";
    .port_info 17 /INPUT 1 "b~13";
    .port_info 18 /INPUT 1 "b~12";
    .port_info 19 /INPUT 1 "b~11";
    .port_info 20 /INPUT 1 "b~10";
    .port_info 21 /INPUT 1 "b~9";
    .port_info 22 /INPUT 1 "b~8";
    .port_info 23 /INPUT 1 "b~7";
    .port_info 24 /INPUT 1 "b~6";
    .port_info 25 /INPUT 1 "rst";
    .port_info 26 /INPUT 1 "clk";
    .port_info 27 /INPUT 1 "b~15";
    .port_info 28 /INPUT 1 "b~14";
    .port_info 29 /INPUT 1 "a~9";
    .port_info 30 /INPUT 1 "a~10";
    .port_info 31 /INPUT 1 "a~11";
    .port_info 32 /INPUT 1 "a~12";
    .port_info 33 /INPUT 1 "a~13";
    .port_info 34 /OUTPUT 1 "sum~13";
    .port_info 35 /OUTPUT 1 "sum~14";
    .port_info 36 /OUTPUT 1 "sum~15";
    .port_info 37 /OUTPUT 1 "cout";
    .port_info 38 /OUTPUT 1 "sum~3";
    .port_info 39 /OUTPUT 1 "sum~2";
    .port_info 40 /OUTPUT 1 "sum~1";
    .port_info 41 /OUTPUT 1 "sum~0";
    .port_info 42 /OUTPUT 1 "sum~11";
    .port_info 43 /OUTPUT 1 "sum~10";
    .port_info 44 /OUTPUT 1 "sum~9";
    .port_info 45 /OUTPUT 1 "sum~8";
    .port_info 46 /OUTPUT 1 "sum~7";
    .port_info 47 /OUTPUT 1 "sum~6";
    .port_info 48 /OUTPUT 1 "sum~5";
    .port_info 49 /OUTPUT 1 "sum~4";
    .port_info 50 /OUTPUT 1 "sum~12";
L_0x558836694f00 .functor BUFZ 1, L_0x5588366dd120, C4<0>, C4<0>, C4<0>;
L_0x558836695240 .functor BUFZ 1, L_0x5588366dcff0, C4<0>, C4<0>, C4<0>;
L_0x558836695580 .functor BUFZ 1, L_0x5588366dcec0, C4<0>, C4<0>, C4<0>;
L_0x7f8358e78018 .functor BUFT 1, C4<0001011101110111>, C4<0>, C4<0>, C4<0>;
v0x5588366a1810_0 .net/2u *"_ivl_0", 15 0, L_0x7f8358e78018;  1 drivers
v0x5588366a1b80_0 .net *"_ivl_10", 3 0, L_0x5588366d2f20;  1 drivers
v0x5588366a1ef0_0 .net *"_ivl_100", 15 0, L_0x5588366d6160;  1 drivers
L_0x7f8358e783c0 .functor BUFT 1, C4<0000001100010111000000110001011100000011000101110001011100111111>, C4<0>, C4<0>, C4<0>;
v0x55883669f920_0 .net/2u *"_ivl_104", 63 0, L_0x7f8358e783c0;  1 drivers
v0x55883669fc90_0 .net *"_ivl_106", 5 0, L_0x5588366d64d0;  1 drivers
v0x5588366a0000_0 .net *"_ivl_108", 63 0, L_0x5588366d6880;  1 drivers
L_0x7f8358e78408 .functor BUFT 1, C4<0001010001000001>, C4<0>, C4<0>, C4<0>;
v0x5588366a0370_0 .net/2u *"_ivl_112", 15 0, L_0x7f8358e78408;  1 drivers
v0x5588366b8bd0_0 .net *"_ivl_114", 3 0, L_0x5588366d6bc0;  1 drivers
v0x5588366b8cb0_0 .net *"_ivl_116", 15 0, L_0x5588366d6c90;  1 drivers
v0x5588366b8d90_0 .net *"_ivl_12", 15 0, L_0x5588366d30d0;  1 drivers
L_0x7f8358e78450 .functor BUFT 1, C4<00101011>, C4<0>, C4<0>, C4<0>;
v0x5588366b8e70_0 .net/2u *"_ivl_120", 7 0, L_0x7f8358e78450;  1 drivers
v0x5588366b8f50_0 .net *"_ivl_122", 2 0, L_0x5588366d7060;  1 drivers
v0x5588366b9030_0 .net *"_ivl_124", 7 0, L_0x5588366d7350;  1 drivers
L_0x7f8358e78498 .functor BUFT 1, C4<0000000011010100000000000010101100000000001010110000000011010100>, C4<0>, C4<0>, C4<0>;
v0x5588366b9110_0 .net/2u *"_ivl_128", 63 0, L_0x7f8358e78498;  1 drivers
v0x5588366b91f0_0 .net *"_ivl_130", 5 0, L_0x5588366d7760;  1 drivers
v0x5588366b92d0_0 .net *"_ivl_132", 63 0, L_0x5588366d78e0;  1 drivers
L_0x7f8358e784e0 .functor BUFT 1, C4<0001010001000001>, C4<0>, C4<0>, C4<0>;
v0x5588366b93b0_0 .net/2u *"_ivl_136", 15 0, L_0x7f8358e784e0;  1 drivers
v0x5588366b9490_0 .net *"_ivl_138", 3 0, L_0x5588366d7cb0;  1 drivers
v0x5588366b9570_0 .net *"_ivl_140", 15 0, L_0x5588366d7f60;  1 drivers
L_0x7f8358e78528 .functor BUFT 1, C4<0001>, C4<0>, C4<0>, C4<0>;
v0x5588366b9650_0 .net/2u *"_ivl_144", 3 0, L_0x7f8358e78528;  1 drivers
v0x5588366b9730_0 .net *"_ivl_146", 1 0, L_0x5588366d8380;  1 drivers
v0x5588366b9810_0 .net *"_ivl_148", 3 0, L_0x5588366d8480;  1 drivers
L_0x7f8358e78570 .functor BUFT 1, C4<1111110011010100110101001100000000000000000000000000000000000000>, C4<0>, C4<0>, C4<0>;
v0x5588366b98f0_0 .net/2u *"_ivl_152", 63 0, L_0x7f8358e78570;  1 drivers
v0x5588366b99d0_0 .net *"_ivl_154", 5 0, L_0x5588366d8900;  1 drivers
v0x5588366b9ab0_0 .net *"_ivl_156", 63 0, L_0x5588366d8bc0;  1 drivers
L_0x7f8358e780a8 .functor BUFT 1, C4<0000001100010111000101110011111100010111001111110001011100111111>, C4<0>, C4<0>, C4<0>;
v0x5588366b9b90_0 .net/2u *"_ivl_16", 63 0, L_0x7f8358e780a8;  1 drivers
L_0x7f8358e785b8 .functor BUFT 1, C4<0110>, C4<0>, C4<0>, C4<0>;
v0x5588366b9c70_0 .net/2u *"_ivl_160", 3 0, L_0x7f8358e785b8;  1 drivers
v0x5588366b9d50_0 .net *"_ivl_162", 1 0, L_0x5588366d8fe0;  1 drivers
v0x5588366b9e30_0 .net *"_ivl_164", 3 0, L_0x5588366d9080;  1 drivers
L_0x7f8358e78600 .functor BUFT 1, C4<1000>, C4<0>, C4<0>, C4<0>;
v0x5588366b9f10_0 .net/2u *"_ivl_168", 3 0, L_0x7f8358e78600;  1 drivers
v0x5588366b9ff0_0 .net *"_ivl_170", 1 0, L_0x5588366d9500;  1 drivers
v0x5588366ba0d0_0 .net *"_ivl_172", 3 0, L_0x5588366d97b0;  1 drivers
L_0x7f8358e78648 .functor BUFT 1, C4<0000000011010100000000000010101100000000001010110000000011010100>, C4<0>, C4<0>, C4<0>;
v0x5588366ba1b0_0 .net/2u *"_ivl_176", 63 0, L_0x7f8358e78648;  1 drivers
v0x5588366ba4a0_0 .net *"_ivl_178", 5 0, L_0x5588366d9c50;  1 drivers
v0x5588366ba580_0 .net *"_ivl_18", 5 0, L_0x5588366d33c0;  1 drivers
v0x5588366ba660_0 .net *"_ivl_180", 63 0, L_0x5588366d9d90;  1 drivers
L_0x7f8358e78690 .functor BUFT 1, C4<0001010001000001>, C4<0>, C4<0>, C4<0>;
v0x5588366ba740_0 .net/2u *"_ivl_184", 15 0, L_0x7f8358e78690;  1 drivers
v0x5588366ba820_0 .net *"_ivl_186", 3 0, L_0x5588366da1f0;  1 drivers
v0x5588366ba900_0 .net *"_ivl_188", 15 0, L_0x5588366da4d0;  1 drivers
L_0x7f8358e786d8 .functor BUFT 1, C4<0000000101010111000000010101011100000001010101110001010101111111>, C4<0>, C4<0>, C4<0>;
v0x5588366ba9e0_0 .net/2u *"_ivl_192", 63 0, L_0x7f8358e786d8;  1 drivers
v0x5588366baac0_0 .net *"_ivl_194", 5 0, L_0x5588366da950;  1 drivers
v0x5588366baba0_0 .net *"_ivl_196", 63 0, L_0x5588366daad0;  1 drivers
v0x5588366bac80_0 .net *"_ivl_2", 3 0, L_0x5588366d2bb0;  1 drivers
v0x5588366bad60_0 .net *"_ivl_20", 63 0, L_0x5588366d35d0;  1 drivers
L_0x7f8358e78720 .functor BUFT 1, C4<0000000011010100000000000010101100000000001010110000000011010100>, C4<0>, C4<0>, C4<0>;
v0x5588366bae40_0 .net/2u *"_ivl_200", 63 0, L_0x7f8358e78720;  1 drivers
v0x5588366baf20_0 .net *"_ivl_202", 5 0, L_0x5588366dafb0;  1 drivers
v0x5588366bb000_0 .net *"_ivl_204", 63 0, L_0x5588366db3a0;  1 drivers
L_0x7f8358e78768 .functor BUFT 1, C4<0001010001000001>, C4<0>, C4<0>, C4<0>;
v0x5588366bb0e0_0 .net/2u *"_ivl_208", 15 0, L_0x7f8358e78768;  1 drivers
v0x5588366bb1c0_0 .net *"_ivl_210", 3 0, L_0x5588366db850;  1 drivers
v0x5588366bb2a0_0 .net *"_ivl_212", 15 0, L_0x5588366db920;  1 drivers
L_0x7f8358e787b0 .functor BUFT 1, C4<00000011001010110010101100111111>, C4<0>, C4<0>, C4<0>;
v0x5588366bb380_0 .net/2u *"_ivl_216", 31 0, L_0x7f8358e787b0;  1 drivers
v0x5588366bb460_0 .net *"_ivl_218", 4 0, L_0x5588366dbe10;  1 drivers
v0x5588366bb540_0 .net *"_ivl_220", 31 0, L_0x5588366dc1e0;  1 drivers
L_0x7f8358e787f8 .functor BUFT 1, C4<0000000011010100>, C4<0>, C4<0>, C4<0>;
v0x5588366bb620_0 .net/2u *"_ivl_224", 15 0, L_0x7f8358e787f8;  1 drivers
v0x5588366bb700_0 .net *"_ivl_226", 3 0, L_0x5588366dc710;  1 drivers
v0x5588366bb7e0_0 .net *"_ivl_228", 15 0, L_0x5588366dc850;  1 drivers
L_0x7f8358e780f0 .functor BUFT 1, C4<0000000011010100000000000010101100000000001010110000000011010100>, C4<0>, C4<0>, C4<0>;
v0x5588366bb8c0_0 .net/2u *"_ivl_24", 63 0, L_0x7f8358e780f0;  1 drivers
v0x5588366bb9a0_0 .net *"_ivl_26", 5 0, L_0x5588366d38a0;  1 drivers
v0x5588366bba80_0 .net *"_ivl_28", 63 0, L_0x5588366d3a40;  1 drivers
L_0x7f8358e78138 .functor BUFT 1, C4<0001010001000001>, C4<0>, C4<0>, C4<0>;
v0x5588366bbb60_0 .net/2u *"_ivl_32", 15 0, L_0x7f8358e78138;  1 drivers
v0x5588366bbc40_0 .net *"_ivl_34", 3 0, L_0x5588366d3ce0;  1 drivers
v0x5588366bbd20_0 .net *"_ivl_36", 15 0, L_0x5588366d3d80;  1 drivers
v0x5588366bbe00_0 .net *"_ivl_4", 15 0, L_0x5588366d2d10;  1 drivers
L_0x7f8358e78180 .functor BUFT 1, C4<00000011001010110010101100111111>, C4<0>, C4<0>, C4<0>;
v0x5588366bbee0_0 .net/2u *"_ivl_40", 31 0, L_0x7f8358e78180;  1 drivers
v0x5588366bbfc0_0 .net *"_ivl_42", 4 0, L_0x5588366d4010;  1 drivers
v0x5588366bc4b0_0 .net *"_ivl_44", 31 0, L_0x5588366d4220;  1 drivers
L_0x7f8358e781c8 .functor BUFT 1, C4<00001110000000010000000100001110>, C4<0>, C4<0>, C4<0>;
v0x5588366bc590_0 .net/2u *"_ivl_48", 31 0, L_0x7f8358e781c8;  1 drivers
v0x5588366bc670_0 .net *"_ivl_50", 4 0, L_0x5588366d4540;  1 drivers
v0x5588366bc750_0 .net *"_ivl_52", 31 0, L_0x5588366d4610;  1 drivers
L_0x7f8358e78210 .functor BUFT 1, C4<1111110011010100110101001100000000000000000000000000000000000000>, C4<0>, C4<0>, C4<0>;
v0x5588366bc830_0 .net/2u *"_ivl_56", 63 0, L_0x7f8358e78210;  1 drivers
v0x5588366bc910_0 .net *"_ivl_58", 5 0, L_0x5588366d4880;  1 drivers
v0x5588366bc9f0_0 .net *"_ivl_60", 63 0, L_0x5588366d4aa0;  1 drivers
L_0x7f8358e78258 .functor BUFT 1, C4<0110>, C4<0>, C4<0>, C4<0>;
v0x5588366bcad0_0 .net/2u *"_ivl_64", 3 0, L_0x7f8358e78258;  1 drivers
v0x5588366bcbb0_0 .net *"_ivl_66", 1 0, L_0x5588366d4e10;  1 drivers
v0x5588366bcc90_0 .net *"_ivl_68", 3 0, L_0x5588366d4f00;  1 drivers
L_0x7f8358e782a0 .functor BUFT 1, C4<1000>, C4<0>, C4<0>, C4<0>;
v0x5588366bcd70_0 .net/2u *"_ivl_72", 3 0, L_0x7f8358e782a0;  1 drivers
v0x5588366bce50_0 .net *"_ivl_74", 1 0, L_0x5588366d5260;  1 drivers
v0x5588366bcf30_0 .net *"_ivl_76", 3 0, L_0x5588366d53f0;  1 drivers
L_0x7f8358e78060 .functor BUFT 1, C4<0001010001000001>, C4<0>, C4<0>, C4<0>;
v0x5588366bd010_0 .net/2u *"_ivl_8", 15 0, L_0x7f8358e78060;  1 drivers
L_0x7f8358e782e8 .functor BUFT 1, C4<0001010001000001>, C4<0>, C4<0>, C4<0>;
v0x5588366bd0f0_0 .net/2u *"_ivl_80", 15 0, L_0x7f8358e782e8;  1 drivers
v0x5588366bd1d0_0 .net *"_ivl_82", 3 0, L_0x5588366d5770;  1 drivers
v0x5588366bd2b0_0 .net *"_ivl_84", 15 0, L_0x5588366d5810;  1 drivers
L_0x7f8358e78330 .functor BUFT 1, C4<0001000100010111>, C4<0>, C4<0>, C4<0>;
v0x5588366bd390_0 .net/2u *"_ivl_88", 15 0, L_0x7f8358e78330;  1 drivers
v0x5588366bd470_0 .net *"_ivl_90", 3 0, L_0x5588366d5b50;  1 drivers
v0x5588366bd550_0 .net *"_ivl_92", 15 0, L_0x5588366d5db0;  1 drivers
L_0x7f8358e78378 .functor BUFT 1, C4<0001010001000001>, C4<0>, C4<0>, C4<0>;
v0x5588366bd630_0 .net/2u *"_ivl_96", 15 0, L_0x7f8358e78378;  1 drivers
v0x5588366bd710_0 .net *"_ivl_98", 3 0, L_0x5588366d5c90;  1 drivers
v0x5588366bd7f0_0 .net "a~0", 0 0, L_0x5588366dcec0;  1 drivers
v0x5588366bd8b0_0 .net "a~1", 0 0, L_0x5588366dcff0;  1 drivers
v0x5588366bd970_0 .net "a~10", 0 0, L_0x5588366deeb0;  1 drivers
v0x5588366bda30_0 .net "a~11", 0 0, L_0x5588366defe0;  1 drivers
v0x5588366bdaf0_0 .net "a~12", 0 0, L_0x5588366df210;  1 drivers
v0x5588366bdbb0_0 .net "a~13", 0 0, L_0x5588366df2b0;  1 drivers
v0x5588366bdc70_0 .net "a~14", 0 0, L_0x5588366ddf40;  1 drivers
v0x5588366bdd30_0 .net "a~15", 0 0, L_0x5588366dde10;  1 drivers
v0x5588366bddf0_0 .net "a~2", 0 0, L_0x5588366dd120;  1 drivers
v0x5588366bdeb0_0 .net "a~3", 0 0, L_0x5588366dd280;  1 drivers
v0x5588366bdf70_0 .net "a~4", 0 0, L_0x5588366dcd90;  1 drivers
v0x5588366be030_0 .net "a~5", 0 0, L_0x5588366dd320;  1 drivers
v0x5588366be0f0_0 .net "a~6", 0 0, L_0x5588366dd5c0;  1 drivers
v0x5588366be1b0_0 .net "a~7", 0 0, L_0x5588366dd740;  1 drivers
v0x5588366be270_0 .net "a~8", 0 0, L_0x5588366dd490;  1 drivers
v0x5588366be330_0 .net "a~9", 0 0, L_0x5588366dec90;  1 drivers
v0x5588366be3f0_0 .net "b~0", 0 0, L_0x5588366dd7e0;  1 drivers
v0x5588366be4b0_0 .net "b~1", 0 0, L_0x5588366dd8e0;  1 drivers
v0x5588366be570_0 .net "b~10", 0 0, L_0x5588366de110;  1 drivers
v0x5588366be630_0 .net "b~11", 0 0, L_0x5588366de360;  1 drivers
v0x5588366be6f0_0 .net "b~12", 0 0, L_0x5588366de1b0;  1 drivers
v0x5588366be7b0_0 .net "b~13", 0 0, L_0x5588366ddfe0;  1 drivers
v0x5588366be870_0 .net "b~14", 0 0, L_0x5588366debf0;  1 drivers
v0x5588366be930_0 .net "b~15", 0 0, L_0x5588366dea70;  1 drivers
v0x5588366be9f0_0 .net "b~2", 0 0, L_0x5588366dd980;  1 drivers
v0x5588366beab0_0 .net "b~3", 0 0, L_0x5588366dda90;  1 drivers
v0x5588366beb70_0 .net "b~4", 0 0, L_0x5588366ddb30;  1 drivers
v0x5588366bec30_0 .net "b~5", 0 0, L_0x5588366ddce0;  1 drivers
v0x5588366becf0_0 .net "b~6", 0 0, L_0x5588366de940;  1 drivers
v0x5588366bedb0_0 .net "b~7", 0 0, L_0x5588366de7d0;  1 drivers
v0x5588366bee70_0 .net "b~8", 0 0, L_0x5588366de6a0;  1 drivers
v0x5588366bef30_0 .net "b~9", 0 0, L_0x5588366de4b0;  1 drivers
v0x5588366beff0_0 .net "clk", 0 0, v0x5588366c2680_0;  1 drivers
v0x5588366bf0b0_0 .var "cout", 0 0;
v0x5588366bf170_0 .net "n104", 0 0, L_0x558836695580;  1 drivers
v0x5588366bf230_0 .net "n108", 0 0, L_0x558836695240;  1 drivers
v0x5588366bf2f0_0 .net "n112", 0 0, L_0x558836694f00;  1 drivers
v0x5588366bf3b0_0 .net "n116", 0 0, L_0x5588366d3240;  1 drivers
v0x5588366bf470_0 .net "n120", 0 0, L_0x5588366d3b30;  1 drivers
v0x5588366bf530_0 .net "n124", 0 0, L_0x5588366d3f20;  1 drivers
v0x5588366bf5f0_0 .net "n128", 0 0, L_0x5588366d44a0;  1 drivers
v0x5588366bf6b0_0 .net "n132", 0 0, L_0x5588366d5a60;  1 drivers
v0x5588366bff80_0 .net "n136", 0 0, L_0x5588366d63e0;  1 drivers
v0x5588366c0040_0 .net "n140", 0 0, L_0x5588366d6f70;  1 drivers
v0x5588366c0100_0 .net "n144", 0 0, L_0x5588366d7bc0;  1 drivers
v0x5588366c01c0_0 .net "n148", 0 0, L_0x5588366d80d0;  1 drivers
v0x5588366c0280_0 .net "n152", 0 0, L_0x5588366da100;  1 drivers
v0x5588366c0340_0 .net "n156", 0 0, L_0x5588366da610;  1 drivers
v0x5588366c0400_0 .net "n160", 0 0, L_0x5588366db4e0;  1 drivers
v0x5588366c04c0_0 .net "n164", 0 0, L_0x5588366dbd20;  1 drivers
v0x5588366c0580_0 .net "n168", 0 0, L_0x5588366dcc50;  1 drivers
v0x5588366c0640_0 .net "new_new_n108_1", 0 0, L_0x5588366d2e30;  1 drivers
v0x5588366c0700_0 .net "new_new_n110", 0 0, L_0x5588366d3760;  1 drivers
v0x5588366c07c0_0 .net "new_new_n113", 0 0, L_0x5588366d4360;  1 drivers
v0x5588366c0880_0 .net "new_new_n115_1", 0 0, L_0x5588366d4b70;  1 drivers
v0x5588366c0940_0 .net "new_new_n116_1", 0 0, L_0x5588366d5120;  1 drivers
v0x5588366c0a00_0 .net "new_new_n117", 0 0, L_0x5588366d5530;  1 drivers
v0x5588366c0ac0_0 .net "new_new_n119_1", 0 0, L_0x5588366d5ef0;  1 drivers
v0x5588366c0b80_0 .net "new_new_n121", 0 0, L_0x5588366d6920;  1 drivers
v0x5588366c0c40_0 .net "new_new_n123_1", 0 0, L_0x5588366d7490;  1 drivers
v0x5588366c0d00_0 .net "new_new_n126", 0 0, L_0x5588366d87c0;  1 drivers
v0x5588366c0dc0_0 .net "new_new_n127_1", 0 0, L_0x5588366d8cb0;  1 drivers
v0x5588366c0e80_0 .net "new_new_n128_1", 0 0, L_0x5588366d93c0;  1 drivers
v0x5588366c0f40_0 .net "new_new_n129", 0 0, L_0x5588366d98f0;  1 drivers
v0x5588366c1000_0 .net "new_new_n132_1", 0 0, L_0x5588366dae70;  1 drivers
v0x5588366c10c0_0 .net "new_new_n135_1", 0 0, L_0x5588366dc320;  1 drivers
v0x5588366c1180_0 .net "rst", 0 0, v0x5588366c2a20_0;  1 drivers
v0x5588366c1240_0 .var "sum~0", 0 0;
v0x5588366c1300_0 .var "sum~1", 0 0;
v0x5588366c13c0_0 .var "sum~10", 0 0;
v0x5588366c1480_0 .var "sum~11", 0 0;
v0x5588366c1540_0 .var "sum~12", 0 0;
v0x5588366c1600_0 .var "sum~13", 0 0;
v0x5588366c16c0_0 .var "sum~14", 0 0;
v0x5588366c1780_0 .var "sum~15", 0 0;
v0x5588366c1840_0 .var "sum~2", 0 0;
v0x5588366c1900_0 .var "sum~3", 0 0;
v0x5588366c19c0_0 .var "sum~4", 0 0;
v0x5588366c1a80_0 .var "sum~5", 0 0;
v0x5588366c1b40_0 .var "sum~6", 0 0;
v0x5588366c1c00_0 .var "sum~7", 0 0;
v0x5588366c1cc0_0 .var "sum~8", 0 0;
v0x5588366c1d80_0 .var "sum~9", 0 0;
E_0x55883666be10 .event posedge, v0x5588366beff0_0;
L_0x5588366d2bb0 .concat [ 1 1 1 1], L_0x5588366dcff0, L_0x5588366dd8e0, L_0x5588366dd7e0, L_0x5588366dcec0;
L_0x5588366d2d10 .shift/r 16, L_0x7f8358e78018, L_0x5588366d2bb0;
L_0x5588366d2e30 .part L_0x5588366d2d10, 0, 1;
L_0x5588366d2f20 .concat [ 1 1 1 1], v0x5588366c2a20_0, L_0x5588366d3760, L_0x5588366dd280, L_0x5588366dda90;
L_0x5588366d30d0 .shift/r 16, L_0x7f8358e78060, L_0x5588366d2f20;
L_0x5588366d3240 .part L_0x5588366d30d0, 0, 1;
LS_0x5588366d33c0_0_0 .concat [ 1 1 1 1], L_0x5588366dcff0, L_0x5588366dd120, L_0x5588366dd980, L_0x5588366dd8e0;
LS_0x5588366d33c0_0_4 .concat [ 1 1 0 0], L_0x5588366dd7e0, L_0x5588366dcec0;
L_0x5588366d33c0 .concat [ 4 2 0 0], LS_0x5588366d33c0_0_0, LS_0x5588366d33c0_0_4;
L_0x5588366d35d0 .shift/r 64, L_0x7f8358e780a8, L_0x5588366d33c0;
L_0x5588366d3760 .part L_0x5588366d35d0, 0, 1;
LS_0x5588366d38a0_0_0 .concat [ 1 1 1 1], L_0x5588366d3760, L_0x5588366dd280, L_0x5588366dda90, v0x5588366c2a20_0;
LS_0x5588366d38a0_0_4 .concat [ 1 1 0 0], L_0x5588366dcd90, L_0x5588366ddb30;
L_0x5588366d38a0 .concat [ 4 2 0 0], LS_0x5588366d38a0_0_0, LS_0x5588366d38a0_0_4;
L_0x5588366d3a40 .shift/r 64, L_0x7f8358e780f0, L_0x5588366d38a0;
L_0x5588366d3b30 .part L_0x5588366d3a40, 0, 1;
L_0x5588366d3ce0 .concat [ 1 1 1 1], v0x5588366c2a20_0, L_0x5588366d4360, L_0x5588366dd320, L_0x5588366ddce0;
L_0x5588366d3d80 .shift/r 16, L_0x7f8358e78138, L_0x5588366d3ce0;
L_0x5588366d3f20 .part L_0x5588366d3d80, 0, 1;
LS_0x5588366d4010_0_0 .concat [ 1 1 1 1], L_0x5588366d3760, L_0x5588366dcd90, L_0x5588366ddb30, L_0x5588366dd280;
LS_0x5588366d4010_0_4 .concat [ 1 0 0 0], L_0x5588366dda90;
L_0x5588366d4010 .concat [ 4 1 0 0], LS_0x5588366d4010_0_0, LS_0x5588366d4010_0_4;
L_0x5588366d4220 .shift/r 32, L_0x7f8358e78180, L_0x5588366d4010;
L_0x5588366d4360 .part L_0x5588366d4220, 0, 1;
LS_0x5588366d4540_0_0 .concat [ 1 1 1 1], L_0x5588366d4b70, L_0x5588366d5530, v0x5588366c2a20_0, L_0x5588366dd5c0;
LS_0x5588366d4540_0_4 .concat [ 1 0 0 0], L_0x5588366de940;
L_0x5588366d4540 .concat [ 4 1 0 0], LS_0x5588366d4540_0_0, LS_0x5588366d4540_0_4;
L_0x5588366d4610 .shift/r 32, L_0x7f8358e781c8, L_0x5588366d4540;
L_0x5588366d44a0 .part L_0x5588366d4610, 0, 1;
LS_0x5588366d4880_0_0 .concat [ 1 1 1 1], L_0x5588366d3760, L_0x5588366dcd90, L_0x5588366ddb30, L_0x5588366dd280;
LS_0x5588366d4880_0_4 .concat [ 1 1 0 0], L_0x5588366dda90, L_0x5588366d5120;
L_0x5588366d4880 .concat [ 4 2 0 0], LS_0x5588366d4880_0_0, LS_0x5588366d4880_0_4;
L_0x5588366d4aa0 .shift/r 64, L_0x7f8358e78210, L_0x5588366d4880;
L_0x5588366d4b70 .part L_0x5588366d4aa0, 0, 1;
L_0x5588366d4e10 .concat [ 1 1 0 0], L_0x5588366dd320, L_0x5588366ddce0;
L_0x5588366d4f00 .shift/r 4, L_0x7f8358e78258, L_0x5588366d4e10;
L_0x5588366d5120 .part L_0x5588366d4f00, 0, 1;
L_0x5588366d5260 .concat [ 1 1 0 0], L_0x5588366dd320, L_0x5588366ddce0;
L_0x5588366d53f0 .shift/r 4, L_0x7f8358e782a0, L_0x5588366d5260;
L_0x5588366d5530 .part L_0x5588366d53f0, 0, 1;
L_0x5588366d5770 .concat [ 1 1 1 1], v0x5588366c2a20_0, L_0x5588366d5ef0, L_0x5588366dd740, L_0x5588366de7d0;
L_0x5588366d5810 .shift/r 16, L_0x7f8358e782e8, L_0x5588366d5770;
L_0x5588366d5a60 .part L_0x5588366d5810, 0, 1;
L_0x5588366d5b50 .concat [ 1 1 1 1], L_0x5588366dd5c0, L_0x5588366de940, L_0x5588366d4b70, L_0x5588366d5530;
L_0x5588366d5db0 .shift/r 16, L_0x7f8358e78330, L_0x5588366d5b50;
L_0x5588366d5ef0 .part L_0x5588366d5db0, 0, 1;
L_0x5588366d5c90 .concat [ 1 1 1 1], v0x5588366c2a20_0, L_0x5588366d6920, L_0x5588366dd490, L_0x5588366de6a0;
L_0x5588366d6160 .shift/r 16, L_0x7f8358e78378, L_0x5588366d5c90;
L_0x5588366d63e0 .part L_0x5588366d6160, 0, 1;
LS_0x5588366d64d0_0_0 .concat [ 1 1 1 1], L_0x5588366dd5c0, L_0x5588366dd740, L_0x5588366de7d0, L_0x5588366de940;
LS_0x5588366d64d0_0_4 .concat [ 1 1 0 0], L_0x5588366d4b70, L_0x5588366d5530;
L_0x5588366d64d0 .concat [ 4 2 0 0], LS_0x5588366d64d0_0_0, LS_0x5588366d64d0_0_4;
L_0x5588366d6880 .shift/r 64, L_0x7f8358e783c0, L_0x5588366d64d0;
L_0x5588366d6920 .part L_0x5588366d6880, 0, 1;
L_0x5588366d6bc0 .concat [ 1 1 1 1], v0x5588366c2a20_0, L_0x5588366d7490, L_0x5588366de4b0, L_0x5588366dec90;
L_0x5588366d6c90 .shift/r 16, L_0x7f8358e78408, L_0x5588366d6bc0;
L_0x5588366d6f70 .part L_0x5588366d6c90, 0, 1;
L_0x5588366d7060 .concat [ 1 1 1 0], L_0x5588366d6920, L_0x5588366dd490, L_0x5588366de6a0;
L_0x5588366d7350 .shift/r 8, L_0x7f8358e78450, L_0x5588366d7060;
L_0x5588366d7490 .part L_0x5588366d7350, 0, 1;
LS_0x5588366d7760_0_0 .concat [ 1 1 1 1], L_0x5588366d7490, L_0x5588366de4b0, L_0x5588366dec90, v0x5588366c2a20_0;
LS_0x5588366d7760_0_4 .concat [ 1 1 0 0], L_0x5588366de110, L_0x5588366deeb0;
L_0x5588366d7760 .concat [ 4 2 0 0], LS_0x5588366d7760_0_0, LS_0x5588366d7760_0_4;
L_0x5588366d78e0 .shift/r 64, L_0x7f8358e78498, L_0x5588366d7760;
L_0x5588366d7bc0 .part L_0x5588366d78e0, 0, 1;
L_0x5588366d7cb0 .concat [ 1 1 1 1], v0x5588366c2a20_0, L_0x5588366d87c0, L_0x5588366de360, L_0x5588366defe0;
L_0x5588366d7f60 .shift/r 16, L_0x7f8358e784e0, L_0x5588366d7cb0;
L_0x5588366d80d0 .part L_0x5588366d7f60, 0, 1;
L_0x5588366d8380 .concat [ 1 1 0 0], L_0x5588366d8cb0, L_0x5588366d98f0;
L_0x5588366d8480 .shift/r 4, L_0x7f8358e78528, L_0x5588366d8380;
L_0x5588366d87c0 .part L_0x5588366d8480, 0, 1;
LS_0x5588366d8900_0_0 .concat [ 1 1 1 1], L_0x5588366d6920, L_0x5588366de4b0, L_0x5588366dec90, L_0x5588366dd490;
LS_0x5588366d8900_0_4 .concat [ 1 1 0 0], L_0x5588366de6a0, L_0x5588366d93c0;
L_0x5588366d8900 .concat [ 4 2 0 0], LS_0x5588366d8900_0_0, LS_0x5588366d8900_0_4;
L_0x5588366d8bc0 .shift/r 64, L_0x7f8358e78570, L_0x5588366d8900;
L_0x5588366d8cb0 .part L_0x5588366d8bc0, 0, 1;
L_0x5588366d8fe0 .concat [ 1 1 0 0], L_0x5588366de110, L_0x5588366deeb0;
L_0x5588366d9080 .shift/r 4, L_0x7f8358e785b8, L_0x5588366d8fe0;
L_0x5588366d93c0 .part L_0x5588366d9080, 0, 1;
L_0x5588366d9500 .concat [ 1 1 0 0], L_0x5588366de110, L_0x5588366deeb0;
L_0x5588366d97b0 .shift/r 4, L_0x7f8358e78600, L_0x5588366d9500;
L_0x5588366d98f0 .part L_0x5588366d97b0, 0, 1;
LS_0x5588366d9c50_0_0 .concat [ 1 1 1 1], L_0x5588366d87c0, L_0x5588366de360, L_0x5588366defe0, v0x5588366c2a20_0;
LS_0x5588366d9c50_0_4 .concat [ 1 1 0 0], L_0x5588366de1b0, L_0x5588366df210;
L_0x5588366d9c50 .concat [ 4 2 0 0], LS_0x5588366d9c50_0_0, LS_0x5588366d9c50_0_4;
L_0x5588366d9d90 .shift/r 64, L_0x7f8358e78648, L_0x5588366d9c50;
L_0x5588366da100 .part L_0x5588366d9d90, 0, 1;
L_0x5588366da1f0 .concat [ 1 1 1 1], v0x5588366c2a20_0, L_0x5588366dae70, L_0x5588366ddfe0, L_0x5588366df2b0;
L_0x5588366da4d0 .shift/r 16, L_0x7f8358e78690, L_0x5588366da1f0;
L_0x5588366da610 .part L_0x5588366da4d0, 0, 1;
LS_0x5588366da950_0_0 .concat [ 1 1 1 1], L_0x5588366de1b0, L_0x5588366de360, L_0x5588366defe0, L_0x5588366df210;
LS_0x5588366da950_0_4 .concat [ 1 1 0 0], L_0x5588366d8cb0, L_0x5588366d98f0;
L_0x5588366da950 .concat [ 4 2 0 0], LS_0x5588366da950_0_0, LS_0x5588366da950_0_4;
L_0x5588366daad0 .shift/r 64, L_0x7f8358e786d8, L_0x5588366da950;
L_0x5588366dae70 .part L_0x5588366daad0, 0, 1;
LS_0x5588366dafb0_0_0 .concat [ 1 1 1 1], L_0x5588366dae70, L_0x5588366ddfe0, L_0x5588366df2b0, v0x5588366c2a20_0;
LS_0x5588366dafb0_0_4 .concat [ 1 1 0 0], L_0x5588366ddf40, L_0x5588366debf0;
L_0x5588366dafb0 .concat [ 4 2 0 0], LS_0x5588366dafb0_0_0, LS_0x5588366dafb0_0_4;
L_0x5588366db3a0 .shift/r 64, L_0x7f8358e78720, L_0x5588366dafb0;
L_0x5588366db4e0 .part L_0x5588366db3a0, 0, 1;
L_0x5588366db850 .concat [ 1 1 1 1], v0x5588366c2a20_0, L_0x5588366dc320, L_0x5588366dde10, L_0x5588366dea70;
L_0x5588366db920 .shift/r 16, L_0x7f8358e78768, L_0x5588366db850;
L_0x5588366dbd20 .part L_0x5588366db920, 0, 1;
LS_0x5588366dbe10_0_0 .concat [ 1 1 1 1], L_0x5588366dae70, L_0x5588366ddf40, L_0x5588366debf0, L_0x5588366ddfe0;
LS_0x5588366dbe10_0_4 .concat [ 1 0 0 0], L_0x5588366df2b0;
L_0x5588366dbe10 .concat [ 4 1 0 0], LS_0x5588366dbe10_0_0, LS_0x5588366dbe10_0_4;
L_0x5588366dc1e0 .shift/r 32, L_0x7f8358e787b0, L_0x5588366dbe10;
L_0x5588366dc320 .part L_0x5588366dc1e0, 0, 1;
L_0x5588366dc710 .concat [ 1 1 1 1], L_0x5588366dc320, L_0x5588366dde10, L_0x5588366dea70, v0x5588366c2a20_0;
L_0x5588366dc850 .shift/r 16, L_0x7f8358e787f8, L_0x5588366dc710;
L_0x5588366dcc50 .part L_0x5588366dc850, 0, 1;
    .scope S_0x558836642310;
T_0 ;
    %wait E_0x55883666be10;
    %load/vec4 v0x5588366bf170_0;
    %assign/vec4 v0x5588366c1240_0, 0;
    %jmp T_0;
    .thread T_0;
    .scope S_0x558836642310;
T_1 ;
    %wait E_0x55883666be10;
    %load/vec4 v0x5588366c0040_0;
    %assign/vec4 v0x5588366c1d80_0, 0;
    %jmp T_1;
    .thread T_1;
    .scope S_0x558836642310;
T_2 ;
    %wait E_0x55883666be10;
    %load/vec4 v0x5588366c0100_0;
    %assign/vec4 v0x5588366c13c0_0, 0;
    %jmp T_2;
    .thread T_2;
    .scope S_0x558836642310;
T_3 ;
    %wait E_0x55883666be10;
    %load/vec4 v0x5588366c01c0_0;
    %assign/vec4 v0x5588366c1480_0, 0;
    %jmp T_3;
    .thread T_3;
    .scope S_0x558836642310;
T_4 ;
    %wait E_0x55883666be10;
    %load/vec4 v0x5588366c0280_0;
    %assign/vec4 v0x5588366c1540_0, 0;
    %jmp T_4;
    .thread T_4;
    .scope S_0x558836642310;
T_5 ;
    %wait E_0x55883666be10;
    %load/vec4 v0x5588366c0340_0;
    %assign/vec4 v0x5588366c1600_0, 0;
    %jmp T_5;
    .thread T_5;
    .scope S_0x558836642310;
T_6 ;
    %wait E_0x55883666be10;
    %load/vec4 v0x5588366c0400_0;
    %assign/vec4 v0x5588366c16c0_0, 0;
    %jmp T_6;
    .thread T_6;
    .scope S_0x558836642310;
T_7 ;
    %wait E_0x55883666be10;
    %load/vec4 v0x5588366c04c0_0;
    %assign/vec4 v0x5588366c1780_0, 0;
    %jmp T_7;
    .thread T_7;
    .scope S_0x558836642310;
T_8 ;
    %wait E_0x55883666be10;
    %load/vec4 v0x5588366c0580_0;
    %assign/vec4 v0x5588366bf0b0_0, 0;
    %jmp T_8;
    .thread T_8;
    .scope S_0x558836642310;
T_9 ;
    %wait E_0x55883666be10;
    %load/vec4 v0x5588366bf230_0;
    %assign/vec4 v0x5588366c1300_0, 0;
    %jmp T_9;
    .thread T_9;
    .scope S_0x558836642310;
T_10 ;
    %wait E_0x55883666be10;
    %load/vec4 v0x5588366bf2f0_0;
    %assign/vec4 v0x5588366c1840_0, 0;
    %jmp T_10;
    .thread T_10;
    .scope S_0x558836642310;
T_11 ;
    %wait E_0x55883666be10;
    %load/vec4 v0x5588366bf3b0_0;
    %assign/vec4 v0x5588366c1900_0, 0;
    %jmp T_11;
    .thread T_11;
    .scope S_0x558836642310;
T_12 ;
    %wait E_0x55883666be10;
    %load/vec4 v0x5588366bf470_0;
    %assign/vec4 v0x5588366c19c0_0, 0;
    %jmp T_12;
    .thread T_12;
    .scope S_0x558836642310;
T_13 ;
    %wait E_0x55883666be10;
    %load/vec4 v0x5588366bf530_0;
    %assign/vec4 v0x5588366c1a80_0, 0;
    %jmp T_13;
    .thread T_13;
    .scope S_0x558836642310;
T_14 ;
    %wait E_0x55883666be10;
    %load/vec4 v0x5588366bf5f0_0;
    %assign/vec4 v0x5588366c1b40_0, 0;
    %jmp T_14;
    .thread T_14;
    .scope S_0x558836642310;
T_15 ;
    %wait E_0x55883666be10;
    %load/vec4 v0x5588366bf6b0_0;
    %assign/vec4 v0x5588366c1c00_0, 0;
    %jmp T_15;
    .thread T_15;
    .scope S_0x558836642310;
T_16 ;
    %wait E_0x55883666be10;
    %load/vec4 v0x5588366bff80_0;
    %assign/vec4 v0x5588366c1cc0_0, 0;
    %jmp T_16;
    .thread T_16;
    .scope S_0x558836699180;
T_17 ;
    %delay 5, 0;
    %load/vec4 v0x5588366c2680_0;
    %inv;
    %store/vec4 v0x5588366c2680_0, 0, 1;
    %jmp T_17;
    .thread T_17;
    .scope S_0x558836699180;
T_18 ;
    %pushi/vec4 0, 0, 1;
    %store/vec4 v0x5588366c2680_0, 0, 1;
    %pushi/vec4 1, 0, 1;
    %store/vec4 v0x5588366c2a20_0, 0, 1;
    %pushi/vec4 0, 0, 16;
    %store/vec4 v0x5588366c24a0_0, 0, 16;
    %pushi/vec4 0, 0, 16;
    %store/vec4 v0x5588366c25a0_0, 0, 16;
    %vpi_call 2 44 "$readmemh", "memA.dat", v0x5588366c27c0 {0 0 0};
    %vpi_call 2 45 "$readmemh", "memB.dat", v0x5588366c2880 {0 0 0};
    %vpi_func 2 48 "$fopen" 32, "output_sum.txt", "w" {0 0 0};
    %store/vec4 v0x5588366c2940_0, 0, 32;
    %delay 10, 0;
    %pushi/vec4 0, 0, 1;
    %store/vec4 v0x5588366c2a20_0, 0, 1;
    %pushi/vec4 0, 0, 32;
    %store/vec4 v0x5588366c2720_0, 0, 32;
T_18.0 ;
    %load/vec4 v0x5588366c2720_0;
    %cmpi/s 1000000, 0, 32;
    %jmp/0xz T_18.1, 5;
    %ix/getv/s 4, v0x5588366c2720_0;
    %load/vec4a v0x5588366c27c0, 4;
    %store/vec4 v0x5588366c24a0_0, 0, 16;
    %ix/getv/s 4, v0x5588366c2720_0;
    %load/vec4a v0x5588366c2880, 4;
    %store/vec4 v0x5588366c25a0_0, 0, 16;
    %delay 10, 0;
    %vpi_call 2 58 "$fwrite", v0x5588366c2940_0, "%h\012", v0x5588366c2ac0_0 {0 0 0};
    %load/vec4 v0x5588366c2720_0;
    %addi 1, 0, 32;
    %store/vec4 v0x5588366c2720_0, 0, 32;
    %jmp T_18.0;
T_18.1 ;
    %vpi_call 2 62 "$fclose", v0x5588366c2940_0 {0 0 0};
    %delay 10, 0;
    %vpi_call 2 65 "$finish" {0 0 0};
    %end;
    .thread T_18;
# The file index is used to find the file name in the following table.
:file_names 4;
    "N/A";
    "<interactive>";
    "cs_tb.v";
    "CS_16b_try_3.v";
