#Packing pin usage report
Type: io
	Input Pin Usage:
		Max: 1.00 (0.50)
		Avg: 0.50 (0.25)
		Min: 0.00 (0.00)
		Histogram:
		[        0:      0.2) 64 ( 50.0%) |************************************************
		[      0.2:      0.4)  0 (  0.0%) |
		[      0.4:      0.6)  0 (  0.0%) |
		[      0.6:      0.8)  0 (  0.0%) |
		[      0.8:        1) 64 ( 50.0%) |************************************************
		[        1:      1.2)  0 (  0.0%) |
		[      1.2:      1.4)  0 (  0.0%) |
		[      1.4:      1.6)  0 (  0.0%) |
		[      1.6:      1.8)  0 (  0.0%) |
		[      1.8:        2)  0 (  0.0%) |
	Output Pin Usage:
		Max: 1.00 (1.00)
		Avg: 0.50 (0.50)
		Min: 0.00 (0.00)
		Histogram:
		[        0:      0.1) 64 ( 50.0%) |************************************************
		[      0.1:      0.2)  0 (  0.0%) |
		[      0.2:      0.3)  0 (  0.0%) |
		[      0.3:      0.4)  0 (  0.0%) |
		[      0.4:      0.5)  0 (  0.0%) |
		[      0.5:      0.6)  0 (  0.0%) |
		[      0.6:      0.7)  0 (  0.0%) |
		[      0.7:      0.8)  0 (  0.0%) |
		[      0.8:      0.9)  0 (  0.0%) |
		[      0.9:        1) 64 ( 50.0%) |************************************************

Type: clb
	Input Pin Usage:
		Max: 48.00 (0.89)
		Avg: 32.21 (0.60)
		Min: 4.00 (0.07)
		Histogram:
		[        0:      5.4)  1 (  0.6%) |*
		[      5.4:       11)  2 (  1.2%) |**
		[       11:       16)  1 (  0.6%) |*
		[       16:       22)  6 (  3.8%) |*******
		[       22:       27) 28 ( 17.5%) |********************************
		[       27:       32) 42 ( 26.2%) |************************************************
		[       32:       38) 42 ( 26.2%) |************************************************
		[       38:       43) 34 ( 21.2%) |***************************************
		[       43:       49)  4 (  2.5%) |*****
		[       49:       54)  0 (  0.0%) |
	Output Pin Usage:
		Max: 18.00 (0.86)
		Avg: 10.57 (0.50)
		Min: 1.00 (0.05)
		Histogram:
		[        0:      2.1)  2 (  1.2%) |**
		[      2.1:      4.2)  2 (  1.2%) |**
		[      4.2:      6.3)  4 (  2.5%) |****
		[      6.3:      8.4) 21 ( 13.1%) |*********************
		[      8.4:       10) 49 ( 30.6%) |************************************************
		[       10:       13) 42 ( 26.2%) |*****************************************
		[       13:       15) 31 ( 19.4%) |******************************
		[       15:       17)  5 (  3.1%) |*****
		[       17:       19)  4 (  2.5%) |****
		[       19:       21)  0 (  0.0%) |

