#Packing pin usage report
Type: io
	Input Pin Usage:
		Max: 1.00 (0.50)
		Avg: 0.32 (0.16)
		Min: 0.00 (0.00)
		Histogram:
		[        0:      0.2) 34 ( 68.0%) |************************************************
		[      0.2:      0.4)  0 (  0.0%) |
		[      0.4:      0.6)  0 (  0.0%) |
		[      0.6:      0.8)  0 (  0.0%) |
		[      0.8:        1) 16 ( 32.0%) |***********************
		[        1:      1.2)  0 (  0.0%) |
		[      1.2:      1.4)  0 (  0.0%) |
		[      1.4:      1.6)  0 (  0.0%) |
		[      1.6:      1.8)  0 (  0.0%) |
		[      1.8:        2)  0 (  0.0%) |
	Output Pin Usage:
		Max: 1.00 (1.00)
		Avg: 0.68 (0.68)
		Min: 0.00 (0.00)
		Histogram:
		[        0:      0.1) 16 ( 32.0%) |***********************
		[      0.1:      0.2)  0 (  0.0%) |
		[      0.2:      0.3)  0 (  0.0%) |
		[      0.3:      0.4)  0 (  0.0%) |
		[      0.4:      0.5)  0 (  0.0%) |
		[      0.5:      0.6)  0 (  0.0%) |
		[      0.6:      0.7)  0 (  0.0%) |
		[      0.7:      0.8)  0 (  0.0%) |
		[      0.8:      0.9)  0 (  0.0%) |
		[      0.9:        1) 34 ( 68.0%) |************************************************

Type: clb
	Input Pin Usage:
		Max: 40.00 (0.74)
		Avg: 27.00 (0.50)
		Min: 6.00 (0.11)
		Histogram:
		[        0:      5.4) 0 (  0.0%) |
		[      5.4:       11) 1 ( 33.3%) |**************************************************
		[       11:       16) 0 (  0.0%) |
		[       16:       22) 0 (  0.0%) |
		[       22:       27) 0 (  0.0%) |
		[       27:       32) 0 (  0.0%) |
		[       32:       38) 1 ( 33.3%) |**************************************************
		[       38:       43) 1 ( 33.3%) |**************************************************
		[       43:       49) 0 (  0.0%) |
		[       49:       54) 0 (  0.0%) |
	Output Pin Usage:
		Max: 12.00 (0.57)
		Avg: 7.67 (0.37)
		Min: 1.00 (0.05)
		Histogram:
		[        0:      2.1) 1 ( 33.3%) |**************************************************
		[      2.1:      4.2) 0 (  0.0%) |
		[      4.2:      6.3) 0 (  0.0%) |
		[      6.3:      8.4) 0 (  0.0%) |
		[      8.4:       10) 1 ( 33.3%) |**************************************************
		[       10:       13) 1 ( 33.3%) |**************************************************
		[       13:       15) 0 (  0.0%) |
		[       15:       17) 0 (  0.0%) |
		[       17:       19) 0 (  0.0%) |
		[       19:       21) 0 (  0.0%) |

