#Timing report of worst 32 path(s)
# Unit scale: 1e-09 seconds
# Output precision: 3

#Path 1
Startpoint: sum~4.Q[0] (.latch clocked by clk)
Endpoint  : out:sum~4.outpad[0] (.output clocked by clk)
Path Type : hold

Point                                                             Incr      Path
--------------------------------------------------------------------------------
clock clk (rise edge)                                            0.000     0.000
clock source latency                                             0.000     0.000
clk.inpad[0] (.input)                                            0.000     0.000
sum~4.clk[0] (.latch)                                            0.000     0.000
sum~4.Q[0] (.latch) [clock-to-output]                            0.124     0.124
out:sum~4.outpad[0] (.output)                                    0.168     0.292
data arrival time                                                          0.292

clock clk (rise edge)                                            0.000     0.000
clock source latency                                             0.000     0.000
clock uncertainty                                                0.000     0.000
output external delay                                            0.000     0.000
data required time                                                         0.000
--------------------------------------------------------------------------------
data required time                                                        -0.000
data arrival time                                                          0.292
--------------------------------------------------------------------------------
slack (MET)                                                                0.292


#Path 2
Startpoint: sum~3.Q[0] (.latch clocked by clk)
Endpoint  : out:sum~3.outpad[0] (.output clocked by clk)
Path Type : hold

Point                                                             Incr      Path
--------------------------------------------------------------------------------
clock clk (rise edge)                                            0.000     0.000
clock source latency                                             0.000     0.000
clk.inpad[0] (.input)                                            0.000     0.000
sum~3.clk[0] (.latch)                                            0.000     0.000
sum~3.Q[0] (.latch) [clock-to-output]                            0.124     0.124
out:sum~3.outpad[0] (.output)                                    0.170     0.294
data arrival time                                                          0.294

clock clk (rise edge)                                            0.000     0.000
clock source latency                                             0.000     0.000
clock uncertainty                                                0.000     0.000
output external delay                                            0.000     0.000
data required time                                                         0.000
--------------------------------------------------------------------------------
data required time                                                        -0.000
data arrival time                                                          0.294
--------------------------------------------------------------------------------
slack (MET)                                                                0.294


#Path 3
Startpoint: rst.inpad[0] (.input clocked by clk)
Endpoint  : sum~1.D[0] (.latch clocked by clk)
Path Type : hold

Point                                                             Incr      Path
--------------------------------------------------------------------------------
clock clk (rise edge)                                            0.000     0.000
clock source latency                                             0.000     0.000
input external delay                                             0.000     0.000
rst.inpad[0] (.input)                                            0.000     0.000
n108.in[2] (.names)                                              0.150     0.150
n108.out[0] (.names)                                             0.235     0.385
sum~1.D[0] (.latch)                                              0.000     0.385
data arrival time                                                          0.385

clock clk (rise edge)                                            0.000     0.000
clock source latency                                             0.000     0.000
clk.inpad[0] (.input)                                            0.000     0.000
sum~1.clk[0] (.latch)                                            0.000     0.000
clock uncertainty                                                0.000     0.000
cell hold time                                                   0.066     0.066
data required time                                                         0.066
--------------------------------------------------------------------------------
data required time                                                        -0.066
data arrival time                                                          0.385
--------------------------------------------------------------------------------
slack (MET)                                                                0.319


#Path 4
Startpoint: sum~11.Q[0] (.latch clocked by clk)
Endpoint  : out:sum~11.outpad[0] (.output clocked by clk)
Path Type : hold

Point                                                             Incr      Path
--------------------------------------------------------------------------------
clock clk (rise edge)                                            0.000     0.000
clock source latency                                             0.000     0.000
clk.inpad[0] (.input)                                            0.000     0.000
sum~11.clk[0] (.latch)                                           0.000     0.000
sum~11.Q[0] (.latch) [clock-to-output]                           0.124     0.124
out:sum~11.outpad[0] (.output)                                   0.227     0.351
data arrival time                                                          0.351

clock clk (rise edge)                                            0.000     0.000
clock source latency                                             0.000     0.000
clock uncertainty                                                0.000     0.000
output external delay                                            0.000     0.000
data required time                                                         0.000
--------------------------------------------------------------------------------
data required time                                                        -0.000
data arrival time                                                          0.351
--------------------------------------------------------------------------------
slack (MET)                                                                0.351


#Path 5
Startpoint: b~10.inpad[0] (.input clocked by clk)
Endpoint  : sum~10.D[0] (.latch clocked by clk)
Path Type : hold

Point                                                             Incr      Path
--------------------------------------------------------------------------------
clock clk (rise edge)                                            0.000     0.000
clock source latency                                             0.000     0.000
input external delay                                             0.000     0.000
b~10.inpad[0] (.input)                                           0.000     0.000
n144.in[4] (.names)                                              0.170     0.170
n144.out[0] (.names)                                             0.261     0.431
sum~10.D[0] (.latch)                                             0.000     0.431
data arrival time                                                          0.431

clock clk (rise edge)                                            0.000     0.000
clock source latency                                             0.000     0.000
clk.inpad[0] (.input)                                            0.000     0.000
sum~10.clk[0] (.latch)                                           0.000     0.000
clock uncertainty                                                0.000     0.000
cell hold time                                                   0.066     0.066
data required time                                                         0.066
--------------------------------------------------------------------------------
data required time                                                        -0.066
data arrival time                                                          0.431
--------------------------------------------------------------------------------
slack (MET)                                                                0.365


#Path 6
Startpoint: sum~7.Q[0] (.latch clocked by clk)
Endpoint  : out:sum~7.outpad[0] (.output clocked by clk)
Path Type : hold

Point                                                             Incr      Path
--------------------------------------------------------------------------------
clock clk (rise edge)                                            0.000     0.000
clock source latency                                             0.000     0.000
clk.inpad[0] (.input)                                            0.000     0.000
sum~7.clk[0] (.latch)                                            0.000     0.000
sum~7.Q[0] (.latch) [clock-to-output]                            0.124     0.124
out:sum~7.outpad[0] (.output)                                    0.246     0.370
data arrival time                                                          0.370

clock clk (rise edge)                                            0.000     0.000
clock source latency                                             0.000     0.000
clock uncertainty                                                0.000     0.000
output external delay                                            0.000     0.000
data required time                                                         0.000
--------------------------------------------------------------------------------
data required time                                                        -0.000
data arrival time                                                          0.370
--------------------------------------------------------------------------------
slack (MET)                                                                0.370


#Path 7
Startpoint: sum~13.Q[0] (.latch clocked by clk)
Endpoint  : out:sum~13.outpad[0] (.output clocked by clk)
Path Type : hold

Point                                                             Incr      Path
--------------------------------------------------------------------------------
clock clk (rise edge)                                            0.000     0.000
clock source latency                                             0.000     0.000
clk.inpad[0] (.input)                                            0.000     0.000
sum~13.clk[0] (.latch)                                           0.000     0.000
sum~13.Q[0] (.latch) [clock-to-output]                           0.124     0.124
out:sum~13.outpad[0] (.output)                                   0.246     0.370
data arrival time                                                          0.370

clock clk (rise edge)                                            0.000     0.000
clock source latency                                             0.000     0.000
clock uncertainty                                                0.000     0.000
output external delay                                            0.000     0.000
data required time                                                         0.000
--------------------------------------------------------------------------------
data required time                                                        -0.000
data arrival time                                                          0.370
--------------------------------------------------------------------------------
slack (MET)                                                                0.370


#Path 8
Startpoint: sum~14.Q[0] (.latch clocked by clk)
Endpoint  : out:sum~14.outpad[0] (.output clocked by clk)
Path Type : hold

Point                                                             Incr      Path
--------------------------------------------------------------------------------
clock clk (rise edge)                                            0.000     0.000
clock source latency                                             0.000     0.000
clk.inpad[0] (.input)                                            0.000     0.000
sum~14.clk[0] (.latch)                                           0.000     0.000
sum~14.Q[0] (.latch) [clock-to-output]                           0.124     0.124
out:sum~14.outpad[0] (.output)                                   0.247     0.371
data arrival time                                                          0.371

clock clk (rise edge)                                            0.000     0.000
clock source latency                                             0.000     0.000
clock uncertainty                                                0.000     0.000
output external delay                                            0.000     0.000
data required time                                                         0.000
--------------------------------------------------------------------------------
data required time                                                        -0.000
data arrival time                                                          0.371
--------------------------------------------------------------------------------
slack (MET)                                                                0.371


#Path 9
Startpoint: sum~6.Q[0] (.latch clocked by clk)
Endpoint  : out:sum~6.outpad[0] (.output clocked by clk)
Path Type : hold

Point                                                             Incr      Path
--------------------------------------------------------------------------------
clock clk (rise edge)                                            0.000     0.000
clock source latency                                             0.000     0.000
clk.inpad[0] (.input)                                            0.000     0.000
sum~6.clk[0] (.latch)                                            0.000     0.000
sum~6.Q[0] (.latch) [clock-to-output]                            0.124     0.124
out:sum~6.outpad[0] (.output)                                    0.287     0.411
data arrival time                                                          0.411

clock clk (rise edge)                                            0.000     0.000
clock source latency                                             0.000     0.000
clock uncertainty                                                0.000     0.000
output external delay                                            0.000     0.000
data required time                                                         0.000
--------------------------------------------------------------------------------
data required time                                                        -0.000
data arrival time                                                          0.411
--------------------------------------------------------------------------------
slack (MET)                                                                0.411


#Path 10
Startpoint: sum~12.Q[0] (.latch clocked by clk)
Endpoint  : out:sum~12.outpad[0] (.output clocked by clk)
Path Type : hold

Point                                                             Incr      Path
--------------------------------------------------------------------------------
clock clk (rise edge)                                            0.000     0.000
clock source latency                                             0.000     0.000
clk.inpad[0] (.input)                                            0.000     0.000
sum~12.clk[0] (.latch)                                           0.000     0.000
sum~12.Q[0] (.latch) [clock-to-output]                           0.124     0.124
out:sum~12.outpad[0] (.output)                                   0.288     0.412
data arrival time                                                          0.412

clock clk (rise edge)                                            0.000     0.000
clock source latency                                             0.000     0.000
clock uncertainty                                                0.000     0.000
output external delay                                            0.000     0.000
data required time                                                         0.000
--------------------------------------------------------------------------------
data required time                                                        -0.000
data arrival time                                                          0.412
--------------------------------------------------------------------------------
slack (MET)                                                                0.412


#Path 11
Startpoint: b~13.inpad[0] (.input clocked by clk)
Endpoint  : sum~13.D[0] (.latch clocked by clk)
Path Type : hold

Point                                                             Incr      Path
--------------------------------------------------------------------------------
clock clk (rise edge)                                            0.000     0.000
clock source latency                                             0.000     0.000
input external delay                                             0.000     0.000
b~13.inpad[0] (.input)                                           0.000     0.000
n156.in[2] (.names)                                              0.247     0.247
n156.out[0] (.names)                                             0.235     0.482
sum~13.D[0] (.latch)                                             0.000     0.482
data arrival time                                                          0.482

clock clk (rise edge)                                            0.000     0.000
clock source latency                                             0.000     0.000
clk.inpad[0] (.input)                                            0.000     0.000
sum~13.clk[0] (.latch)                                           0.000     0.000
clock uncertainty                                                0.000     0.000
cell hold time                                                   0.066     0.066
data required time                                                         0.066
--------------------------------------------------------------------------------
data required time                                                        -0.066
data arrival time                                                          0.482
--------------------------------------------------------------------------------
slack (MET)                                                                0.416


#Path 12
Startpoint: a~15.inpad[0] (.input clocked by clk)
Endpoint  : sum~15.D[0] (.latch clocked by clk)
Path Type : hold

Point                                                             Incr      Path
--------------------------------------------------------------------------------
clock clk (rise edge)                                            0.000     0.000
clock source latency                                             0.000     0.000
input external delay                                             0.000     0.000
a~15.inpad[0] (.input)                                           0.000     0.000
n164.in[2] (.names)                                              0.270     0.270
n164.out[0] (.names)                                             0.235     0.505
sum~15.D[0] (.latch)                                             0.000     0.505
data arrival time                                                          0.505

clock clk (rise edge)                                            0.000     0.000
clock source latency                                             0.000     0.000
clk.inpad[0] (.input)                                            0.000     0.000
sum~15.clk[0] (.latch)                                           0.000     0.000
clock uncertainty                                                0.000     0.000
cell hold time                                                   0.066     0.066
data required time                                                         0.066
--------------------------------------------------------------------------------
data required time                                                        -0.066
data arrival time                                                          0.505
--------------------------------------------------------------------------------
slack (MET)                                                                0.439


#Path 13
Startpoint: a~15.inpad[0] (.input clocked by clk)
Endpoint  : cout.D[0] (.latch clocked by clk)
Path Type : hold

Point                                                             Incr      Path
--------------------------------------------------------------------------------
clock clk (rise edge)                                            0.000     0.000
clock source latency                                             0.000     0.000
input external delay                                             0.000     0.000
a~15.inpad[0] (.input)                                           0.000     0.000
n168.in[1] (.names)                                              0.270     0.270
n168.out[0] (.names)                                             0.235     0.505
cout.D[0] (.latch)                                               0.000     0.505
data arrival time                                                          0.505

clock clk (rise edge)                                            0.000     0.000
clock source latency                                             0.000     0.000
clk.inpad[0] (.input)                                            0.000     0.000
cout.clk[0] (.latch)                                             0.000     0.000
clock uncertainty                                                0.000     0.000
cell hold time                                                   0.066     0.066
data required time                                                         0.066
--------------------------------------------------------------------------------
data required time                                                        -0.066
data arrival time                                                          0.505
--------------------------------------------------------------------------------
slack (MET)                                                                0.439


#Path 14
Startpoint: rst.inpad[0] (.input clocked by clk)
Endpoint  : sum~2.D[0] (.latch clocked by clk)
Path Type : hold

Point                                                             Incr      Path
--------------------------------------------------------------------------------
clock clk (rise edge)                                            0.000     0.000
clock source latency                                             0.000     0.000
input external delay                                             0.000     0.000
rst.inpad[0] (.input)                                            0.000     0.000
n112.in[0] (.names)                                              0.271     0.271
n112.out[0] (.names)                                             0.235     0.506
sum~2.D[0] (.latch)                                              0.000     0.506
data arrival time                                                          0.506

clock clk (rise edge)                                            0.000     0.000
clock source latency                                             0.000     0.000
clk.inpad[0] (.input)                                            0.000     0.000
sum~2.clk[0] (.latch)                                            0.000     0.000
clock uncertainty                                                0.000     0.000
cell hold time                                                   0.066     0.066
data required time                                                         0.066
--------------------------------------------------------------------------------
data required time                                                        -0.066
data arrival time                                                          0.506
--------------------------------------------------------------------------------
slack (MET)                                                                0.440


#Path 15
Startpoint: rst.inpad[0] (.input clocked by clk)
Endpoint  : sum~9.D[0] (.latch clocked by clk)
Path Type : hold

Point                                                             Incr      Path
--------------------------------------------------------------------------------
clock clk (rise edge)                                            0.000     0.000
clock source latency                                             0.000     0.000
input external delay                                             0.000     0.000
rst.inpad[0] (.input)                                            0.000     0.000
n140.in[0] (.names)                                              0.271     0.271
n140.out[0] (.names)                                             0.235     0.506
sum~9.D[0] (.latch)                                              0.000     0.506
data arrival time                                                          0.506

clock clk (rise edge)                                            0.000     0.000
clock source latency                                             0.000     0.000
clk.inpad[0] (.input)                                            0.000     0.000
sum~9.clk[0] (.latch)                                            0.000     0.000
clock uncertainty                                                0.000     0.000
cell hold time                                                   0.066     0.066
data required time                                                         0.066
--------------------------------------------------------------------------------
data required time                                                        -0.066
data arrival time                                                          0.506
--------------------------------------------------------------------------------
slack (MET)                                                                0.440


#Path 16
Startpoint: rst.inpad[0] (.input clocked by clk)
Endpoint  : sum~8.D[0] (.latch clocked by clk)
Path Type : hold

Point                                                             Incr      Path
--------------------------------------------------------------------------------
clock clk (rise edge)                                            0.000     0.000
clock source latency                                             0.000     0.000
input external delay                                             0.000     0.000
rst.inpad[0] (.input)                                            0.000     0.000
n136.in[0] (.names)                                              0.271     0.271
n136.out[0] (.names)                                             0.235     0.506
sum~8.D[0] (.latch)                                              0.000     0.506
data arrival time                                                          0.506

clock clk (rise edge)                                            0.000     0.000
clock source latency                                             0.000     0.000
clk.inpad[0] (.input)                                            0.000     0.000
sum~8.clk[0] (.latch)                                            0.000     0.000
clock uncertainty                                                0.000     0.000
cell hold time                                                   0.066     0.066
data required time                                                         0.066
--------------------------------------------------------------------------------
data required time                                                        -0.066
data arrival time                                                          0.506
--------------------------------------------------------------------------------
slack (MET)                                                                0.440


#Path 17
Startpoint: rst.inpad[0] (.input clocked by clk)
Endpoint  : sum~7.D[0] (.latch clocked by clk)
Path Type : hold

Point                                                             Incr      Path
--------------------------------------------------------------------------------
clock clk (rise edge)                                            0.000     0.000
clock source latency                                             0.000     0.000
input external delay                                             0.000     0.000
rst.inpad[0] (.input)                                            0.000     0.000
n132.in[0] (.names)                                              0.271     0.271
n132.out[0] (.names)                                             0.235     0.506
sum~7.D[0] (.latch)                                              0.000     0.506
data arrival time                                                          0.506

clock clk (rise edge)                                            0.000     0.000
clock source latency                                             0.000     0.000
clk.inpad[0] (.input)                                            0.000     0.000
sum~7.clk[0] (.latch)                                            0.000     0.000
clock uncertainty                                                0.000     0.000
cell hold time                                                   0.066     0.066
data required time                                                         0.066
--------------------------------------------------------------------------------
data required time                                                        -0.066
data arrival time                                                          0.506
--------------------------------------------------------------------------------
slack (MET)                                                                0.440


#Path 18
Startpoint: rst.inpad[0] (.input clocked by clk)
Endpoint  : sum~6.D[0] (.latch clocked by clk)
Path Type : hold

Point                                                             Incr      Path
--------------------------------------------------------------------------------
clock clk (rise edge)                                            0.000     0.000
clock source latency                                             0.000     0.000
input external delay                                             0.000     0.000
rst.inpad[0] (.input)                                            0.000     0.000
n128.in[2] (.names)                                              0.271     0.271
n128.out[0] (.names)                                             0.235     0.506
sum~6.D[0] (.latch)                                              0.000     0.506
data arrival time                                                          0.506

clock clk (rise edge)                                            0.000     0.000
clock source latency                                             0.000     0.000
clk.inpad[0] (.input)                                            0.000     0.000
sum~6.clk[0] (.latch)                                            0.000     0.000
clock uncertainty                                                0.000     0.000
cell hold time                                                   0.066     0.066
data required time                                                         0.066
--------------------------------------------------------------------------------
data required time                                                        -0.066
data arrival time                                                          0.506
--------------------------------------------------------------------------------
slack (MET)                                                                0.440


#Path 19
Startpoint: rst.inpad[0] (.input clocked by clk)
Endpoint  : sum~5.D[0] (.latch clocked by clk)
Path Type : hold

Point                                                             Incr      Path
--------------------------------------------------------------------------------
clock clk (rise edge)                                            0.000     0.000
clock source latency                                             0.000     0.000
input external delay                                             0.000     0.000
rst.inpad[0] (.input)                                            0.000     0.000
n124.in[0] (.names)                                              0.271     0.271
n124.out[0] (.names)                                             0.235     0.506
sum~5.D[0] (.latch)                                              0.000     0.506
data arrival time                                                          0.506

clock clk (rise edge)                                            0.000     0.000
clock source latency                                             0.000     0.000
clk.inpad[0] (.input)                                            0.000     0.000
sum~5.clk[0] (.latch)                                            0.000     0.000
clock uncertainty                                                0.000     0.000
cell hold time                                                   0.066     0.066
data required time                                                         0.066
--------------------------------------------------------------------------------
data required time                                                        -0.066
data arrival time                                                          0.506
--------------------------------------------------------------------------------
slack (MET)                                                                0.440


#Path 20
Startpoint: rst.inpad[0] (.input clocked by clk)
Endpoint  : sum~3.D[0] (.latch clocked by clk)
Path Type : hold

Point                                                             Incr      Path
--------------------------------------------------------------------------------
clock clk (rise edge)                                            0.000     0.000
clock source latency                                             0.000     0.000
input external delay                                             0.000     0.000
rst.inpad[0] (.input)                                            0.000     0.000
n116.in[0] (.names)                                              0.271     0.271
n116.out[0] (.names)                                             0.235     0.506
sum~3.D[0] (.latch)                                              0.000     0.506
data arrival time                                                          0.506

clock clk (rise edge)                                            0.000     0.000
clock source latency                                             0.000     0.000
clk.inpad[0] (.input)                                            0.000     0.000
sum~3.clk[0] (.latch)                                            0.000     0.000
clock uncertainty                                                0.000     0.000
cell hold time                                                   0.066     0.066
data required time                                                         0.066
--------------------------------------------------------------------------------
data required time                                                        -0.066
data arrival time                                                          0.506
--------------------------------------------------------------------------------
slack (MET)                                                                0.440


#Path 21
Startpoint: b~13.inpad[0] (.input clocked by clk)
Endpoint  : sum~14.D[0] (.latch clocked by clk)
Path Type : hold

Point                                                             Incr      Path
--------------------------------------------------------------------------------
clock clk (rise edge)                                            0.000     0.000
clock source latency                                             0.000     0.000
input external delay                                             0.000     0.000
b~13.inpad[0] (.input)                                           0.000     0.000
n160.in[1] (.names)                                              0.247     0.247
n160.out[0] (.names)                                             0.261     0.508
sum~14.D[0] (.latch)                                             0.000     0.508
data arrival time                                                          0.508

clock clk (rise edge)                                            0.000     0.000
clock source latency                                             0.000     0.000
clk.inpad[0] (.input)                                            0.000     0.000
sum~14.clk[0] (.latch)                                           0.000     0.000
clock uncertainty                                                0.000     0.000
cell hold time                                                   0.066     0.066
data required time                                                         0.066
--------------------------------------------------------------------------------
data required time                                                        -0.066
data arrival time                                                          0.508
--------------------------------------------------------------------------------
slack (MET)                                                                0.442


#Path 22
Startpoint: sum~15.Q[0] (.latch clocked by clk)
Endpoint  : out:sum~15.outpad[0] (.output clocked by clk)
Path Type : hold

Point                                                             Incr      Path
--------------------------------------------------------------------------------
clock clk (rise edge)                                            0.000     0.000
clock source latency                                             0.000     0.000
clk.inpad[0] (.input)                                            0.000     0.000
sum~15.clk[0] (.latch)                                           0.000     0.000
sum~15.Q[0] (.latch) [clock-to-output]                           0.124     0.124
out:sum~15.outpad[0] (.output)                                   0.325     0.449
data arrival time                                                          0.449

clock clk (rise edge)                                            0.000     0.000
clock source latency                                             0.000     0.000
clock uncertainty                                                0.000     0.000
output external delay                                            0.000     0.000
data required time                                                         0.000
--------------------------------------------------------------------------------
data required time                                                        -0.000
data arrival time                                                          0.449
--------------------------------------------------------------------------------
slack (MET)                                                                0.449


#Path 23
Startpoint: a~11.inpad[0] (.input clocked by clk)
Endpoint  : sum~11.D[0] (.latch clocked by clk)
Path Type : hold

Point                                                             Incr      Path
--------------------------------------------------------------------------------
clock clk (rise edge)                                            0.000     0.000
clock source latency                                             0.000     0.000
input external delay                                             0.000     0.000
a~11.inpad[0] (.input)                                           0.000     0.000
n148.in[3] (.names)                                              0.283     0.283
n148.out[0] (.names)                                             0.235     0.518
sum~11.D[0] (.latch)                                             0.000     0.518
data arrival time                                                          0.518

clock clk (rise edge)                                            0.000     0.000
clock source latency                                             0.000     0.000
clk.inpad[0] (.input)                                            0.000     0.000
sum~11.clk[0] (.latch)                                           0.000     0.000
clock uncertainty                                                0.000     0.000
cell hold time                                                   0.066     0.066
data required time                                                         0.066
--------------------------------------------------------------------------------
data required time                                                        -0.066
data arrival time                                                          0.518
--------------------------------------------------------------------------------
slack (MET)                                                                0.452


#Path 24
Startpoint: sum~5.Q[0] (.latch clocked by clk)
Endpoint  : out:sum~5.outpad[0] (.output clocked by clk)
Path Type : hold

Point                                                             Incr      Path
--------------------------------------------------------------------------------
clock clk (rise edge)                                            0.000     0.000
clock source latency                                             0.000     0.000
clk.inpad[0] (.input)                                            0.000     0.000
sum~5.clk[0] (.latch)                                            0.000     0.000
sum~5.Q[0] (.latch) [clock-to-output]                            0.124     0.124
out:sum~5.outpad[0] (.output)                                    0.340     0.464
data arrival time                                                          0.464

clock clk (rise edge)                                            0.000     0.000
clock source latency                                             0.000     0.000
clock uncertainty                                                0.000     0.000
output external delay                                            0.000     0.000
data required time                                                         0.000
--------------------------------------------------------------------------------
data required time                                                        -0.000
data arrival time                                                          0.464
--------------------------------------------------------------------------------
slack (MET)                                                                0.464


#Path 25
Startpoint: rst.inpad[0] (.input clocked by clk)
Endpoint  : sum~4.D[0] (.latch clocked by clk)
Path Type : hold

Point                                                             Incr      Path
--------------------------------------------------------------------------------
clock clk (rise edge)                                            0.000     0.000
clock source latency                                             0.000     0.000
input external delay                                             0.000     0.000
rst.inpad[0] (.input)                                            0.000     0.000
n120.in[3] (.names)                                              0.271     0.271
n120.out[0] (.names)                                             0.261     0.532
sum~4.D[0] (.latch)                                              0.000     0.532
data arrival time                                                          0.532

clock clk (rise edge)                                            0.000     0.000
clock source latency                                             0.000     0.000
clk.inpad[0] (.input)                                            0.000     0.000
sum~4.clk[0] (.latch)                                            0.000     0.000
clock uncertainty                                                0.000     0.000
cell hold time                                                   0.066     0.066
data required time                                                         0.066
--------------------------------------------------------------------------------
data required time                                                        -0.066
data arrival time                                                          0.532
--------------------------------------------------------------------------------
slack (MET)                                                                0.466


#Path 26
Startpoint: rst.inpad[0] (.input clocked by clk)
Endpoint  : sum~12.D[0] (.latch clocked by clk)
Path Type : hold

Point                                                             Incr      Path
--------------------------------------------------------------------------------
clock clk (rise edge)                                            0.000     0.000
clock source latency                                             0.000     0.000
input external delay                                             0.000     0.000
rst.inpad[0] (.input)                                            0.000     0.000
n152.in[3] (.names)                                              0.271     0.271
n152.out[0] (.names)                                             0.261     0.532
sum~12.D[0] (.latch)                                             0.000     0.532
data arrival time                                                          0.532

clock clk (rise edge)                                            0.000     0.000
clock source latency                                             0.000     0.000
clk.inpad[0] (.input)                                            0.000     0.000
sum~12.clk[0] (.latch)                                           0.000     0.000
clock uncertainty                                                0.000     0.000
cell hold time                                                   0.066     0.066
data required time                                                         0.066
--------------------------------------------------------------------------------
data required time                                                        -0.066
data arrival time                                                          0.532
--------------------------------------------------------------------------------
slack (MET)                                                                0.466


#Path 27
Startpoint: sum~1.Q[0] (.latch clocked by clk)
Endpoint  : out:sum~1.outpad[0] (.output clocked by clk)
Path Type : hold

Point                                                             Incr      Path
--------------------------------------------------------------------------------
clock clk (rise edge)                                            0.000     0.000
clock source latency                                             0.000     0.000
clk.inpad[0] (.input)                                            0.000     0.000
sum~1.clk[0] (.latch)                                            0.000     0.000
sum~1.Q[0] (.latch) [clock-to-output]                            0.124     0.124
out:sum~1.outpad[0] (.output)                                    0.362     0.486
data arrival time                                                          0.486

clock clk (rise edge)                                            0.000     0.000
clock source latency                                             0.000     0.000
clock uncertainty                                                0.000     0.000
output external delay                                            0.000     0.000
data required time                                                         0.000
--------------------------------------------------------------------------------
data required time                                                        -0.000
data arrival time                                                          0.486
--------------------------------------------------------------------------------
slack (MET)                                                                0.486


#Path 28
Startpoint: sum~9.Q[0] (.latch clocked by clk)
Endpoint  : out:sum~9.outpad[0] (.output clocked by clk)
Path Type : hold

Point                                                             Incr      Path
--------------------------------------------------------------------------------
clock clk (rise edge)                                            0.000     0.000
clock source latency                                             0.000     0.000
clk.inpad[0] (.input)                                            0.000     0.000
sum~9.clk[0] (.latch)                                            0.000     0.000
sum~9.Q[0] (.latch) [clock-to-output]                            0.124     0.124
out:sum~9.outpad[0] (.output)                                    0.382     0.506
data arrival time                                                          0.506

clock clk (rise edge)                                            0.000     0.000
clock source latency                                             0.000     0.000
clock uncertainty                                                0.000     0.000
output external delay                                            0.000     0.000
data required time                                                         0.000
--------------------------------------------------------------------------------
data required time                                                        -0.000
data arrival time                                                          0.506
--------------------------------------------------------------------------------
slack (MET)                                                                0.506


#Path 29
Startpoint: sum~10.Q[0] (.latch clocked by clk)
Endpoint  : out:sum~10.outpad[0] (.output clocked by clk)
Path Type : hold

Point                                                             Incr      Path
--------------------------------------------------------------------------------
clock clk (rise edge)                                            0.000     0.000
clock source latency                                             0.000     0.000
clk.inpad[0] (.input)                                            0.000     0.000
sum~10.clk[0] (.latch)                                           0.000     0.000
sum~10.Q[0] (.latch) [clock-to-output]                           0.124     0.124
out:sum~10.outpad[0] (.output)                                   0.461     0.585
data arrival time                                                          0.585

clock clk (rise edge)                                            0.000     0.000
clock source latency                                             0.000     0.000
clock uncertainty                                                0.000     0.000
output external delay                                            0.000     0.000
data required time                                                         0.000
--------------------------------------------------------------------------------
data required time                                                        -0.000
data arrival time                                                          0.585
--------------------------------------------------------------------------------
slack (MET)                                                                0.585


#Path 30
Startpoint: sum~8.Q[0] (.latch clocked by clk)
Endpoint  : out:sum~8.outpad[0] (.output clocked by clk)
Path Type : hold

Point                                                             Incr      Path
--------------------------------------------------------------------------------
clock clk (rise edge)                                            0.000     0.000
clock source latency                                             0.000     0.000
clk.inpad[0] (.input)                                            0.000     0.000
sum~8.clk[0] (.latch)                                            0.000     0.000
sum~8.Q[0] (.latch) [clock-to-output]                            0.124     0.124
out:sum~8.outpad[0] (.output)                                    0.479     0.603
data arrival time                                                          0.603

clock clk (rise edge)                                            0.000     0.000
clock source latency                                             0.000     0.000
clock uncertainty                                                0.000     0.000
output external delay                                            0.000     0.000
data required time                                                         0.000
--------------------------------------------------------------------------------
data required time                                                        -0.000
data arrival time                                                          0.603
--------------------------------------------------------------------------------
slack (MET)                                                                0.603


#Path 31
Startpoint: cout.Q[0] (.latch clocked by clk)
Endpoint  : out:cout.outpad[0] (.output clocked by clk)
Path Type : hold

Point                                                             Incr      Path
--------------------------------------------------------------------------------
clock clk (rise edge)                                            0.000     0.000
clock source latency                                             0.000     0.000
clk.inpad[0] (.input)                                            0.000     0.000
cout.clk[0] (.latch)                                             0.000     0.000
cout.Q[0] (.latch) [clock-to-output]                             0.124     0.124
out:cout.outpad[0] (.output)                                     0.574     0.698
data arrival time                                                          0.698

clock clk (rise edge)                                            0.000     0.000
clock source latency                                             0.000     0.000
clock uncertainty                                                0.000     0.000
output external delay                                            0.000     0.000
data required time                                                         0.000
--------------------------------------------------------------------------------
data required time                                                        -0.000
data arrival time                                                          0.698
--------------------------------------------------------------------------------
slack (MET)                                                                0.698


#Path 32
Startpoint: sum~2.Q[0] (.latch clocked by clk)
Endpoint  : out:sum~2.outpad[0] (.output clocked by clk)
Path Type : hold

Point                                                             Incr      Path
--------------------------------------------------------------------------------
clock clk (rise edge)                                            0.000     0.000
clock source latency                                             0.000     0.000
clk.inpad[0] (.input)                                            0.000     0.000
sum~2.clk[0] (.latch)                                            0.000     0.000
sum~2.Q[0] (.latch) [clock-to-output]                            0.124     0.124
out:sum~2.outpad[0] (.output)                                    0.576     0.700
data arrival time                                                          0.700

clock clk (rise edge)                                            0.000     0.000
clock source latency                                             0.000     0.000
clock uncertainty                                                0.000     0.000
output external delay                                            0.000     0.000
data required time                                                         0.000
--------------------------------------------------------------------------------
data required time                                                        -0.000
data arrival time                                                          0.700
--------------------------------------------------------------------------------
slack (MET)                                                                0.700


#End of timing report
