#Timing report of worst 5 path(s)
# Unit scale: 1e-09 seconds
# Output precision: 3

#Path 1
Startpoint: A1~0.inpad[0] (.input clocked by virtual_io_clock)
Endpoint  : out:decision~0.outpad[0] (.output clocked by virtual_io_clock)
Path Type : hold

Point                                                             Incr      Path
--------------------------------------------------------------------------------
clock virtual_io_clock (rise edge)                               0.000     0.000
clock source latency                                             0.000     0.000
input external delay                                             0.000     0.000
A1~0.inpad[0] (.input)                                           0.000     0.000
out:decision~0.outpad[0] (.output)                               0.215     0.215
data arrival time                                                          0.215

clock virtual_io_clock (rise edge)                               0.000     0.000
clock source latency                                             0.000     0.000
clock uncertainty                                                0.000     0.000
output external delay                                            0.000     0.000
data required time                                                         0.000
--------------------------------------------------------------------------------
data required time                                                        -0.000
data arrival time                                                          0.215
--------------------------------------------------------------------------------
slack (MET)                                                                0.215


#Path 2
Startpoint: A1~1.inpad[0] (.input clocked by virtual_io_clock)
Endpoint  : out:decision~1.outpad[0] (.output clocked by virtual_io_clock)
Path Type : hold

Point                                                             Incr      Path
--------------------------------------------------------------------------------
clock virtual_io_clock (rise edge)                               0.000     0.000
clock source latency                                             0.000     0.000
input external delay                                             0.000     0.000
A1~1.inpad[0] (.input)                                           0.000     0.000
out:decision~1.outpad[0] (.output)                               0.357     0.357
data arrival time                                                          0.357

clock virtual_io_clock (rise edge)                               0.000     0.000
clock source latency                                             0.000     0.000
clock uncertainty                                                0.000     0.000
output external delay                                            0.000     0.000
data required time                                                         0.000
--------------------------------------------------------------------------------
data required time                                                        -0.000
data arrival time                                                          0.357
--------------------------------------------------------------------------------
slack (MET)                                                                0.357


#Path 3
Startpoint: A999992~9.inpad[0] (.input clocked by virtual_io_clock)
Endpoint  : out:decision~4.outpad[0] (.output clocked by virtual_io_clock)
Path Type : hold

Point                                                                                                                                      Incr      Path
---------------------------------------------------------------------------------------------------------------------------------------------------------
clock virtual_io_clock (rise edge)                                                                                                        0.000     0.000
clock source latency                                                                                                                      0.000     0.000
input external delay                                                                                                                      0.000     0.000
A999992~9.inpad[0] (.input)                                                                                                               0.000     0.000
new_n2029.in[3] (.names)                                                                                                                  0.503     0.503
new_n2029.out[0] (.names)                                                                                                                 0.235     0.738
new_n3195.in[1] (.names)                                                                                                                  0.000     0.738
new_n3195.out[0] (.names)                                                                                                                 0.235     0.973
$or~3375^Y~0.in[4] (.names)                                                                                                               0.218     1.191
$or~3375^Y~0.out[0] (.names)                                                                                                              0.261     1.452
$techmap$auto$hard_block.cc:122:cell_hard_block$10173.$auto$alumacc.cc:485:replace_alu$14933.B[0].b[0] (adder)                            0.000     1.452
$techmap$auto$hard_block.cc:122:cell_hard_block$10173.$auto$alumacc.cc:485:replace_alu$14933.B[0].sumout[0] (adder)                       0.300     1.752
new_n811.in[0] (.names)                                                                                                                   0.220     1.973
new_n811.out[0] (.names)                                                                                                                  0.261     2.234
decision~4.in[3] (.names)                                                                                                                 0.000     2.234
decision~4.out[0] (.names)                                                                                                                0.235     2.469
out:decision~4.outpad[0] (.output)                                                                                                        0.311     2.780
data arrival time                                                                                                                                   2.780

clock virtual_io_clock (rise edge)                                                                                                        0.000     0.000
clock source latency                                                                                                                      0.000     0.000
clock uncertainty                                                                                                                         0.000     0.000
output external delay                                                                                                                     0.000     0.000
data required time                                                                                                                                  0.000
---------------------------------------------------------------------------------------------------------------------------------------------------------
data required time                                                                                                                                 -0.000
data arrival time                                                                                                                                   2.780
---------------------------------------------------------------------------------------------------------------------------------------------------------
slack (MET)                                                                                                                                         2.780


#Path 4
Startpoint: A999992~9.inpad[0] (.input clocked by virtual_io_clock)
Endpoint  : out:decision~2.outpad[0] (.output clocked by virtual_io_clock)
Path Type : hold

Point                                                                                                                                      Incr      Path
---------------------------------------------------------------------------------------------------------------------------------------------------------
clock virtual_io_clock (rise edge)                                                                                                        0.000     0.000
clock source latency                                                                                                                      0.000     0.000
input external delay                                                                                                                      0.000     0.000
A999992~9.inpad[0] (.input)                                                                                                               0.000     0.000
new_n2029.in[3] (.names)                                                                                                                  0.503     0.503
new_n2029.out[0] (.names)                                                                                                                 0.235     0.738
new_n3195.in[1] (.names)                                                                                                                  0.000     0.738
new_n3195.out[0] (.names)                                                                                                                 0.235     0.973
$or~3375^Y~0.in[4] (.names)                                                                                                               0.218     1.191
$or~3375^Y~0.out[0] (.names)                                                                                                              0.261     1.452
$techmap$auto$hard_block.cc:122:cell_hard_block$10173.$auto$alumacc.cc:485:replace_alu$14933.B[0].b[0] (adder)                            0.000     1.452
$techmap$auto$hard_block.cc:122:cell_hard_block$10173.$auto$alumacc.cc:485:replace_alu$14933.B[0].sumout[0] (adder)                       0.300     1.752
new_n806.in[5] (.names)                                                                                                                   0.221     1.974
new_n806.out[0] (.names)                                                                                                                  0.261     2.235
decision~2.in[2] (.names)                                                                                                                 0.313     2.547
decision~2.out[0] (.names)                                                                                                                0.235     2.782
out:decision~2.outpad[0] (.output)                                                                                                        0.388     3.170
data arrival time                                                                                                                                   3.170

clock virtual_io_clock (rise edge)                                                                                                        0.000     0.000
clock source latency                                                                                                                      0.000     0.000
clock uncertainty                                                                                                                         0.000     0.000
output external delay                                                                                                                     0.000     0.000
data required time                                                                                                                                  0.000
---------------------------------------------------------------------------------------------------------------------------------------------------------
data required time                                                                                                                                 -0.000
data arrival time                                                                                                                                   3.170
---------------------------------------------------------------------------------------------------------------------------------------------------------
slack (MET)                                                                                                                                         3.170


#Path 5
Startpoint: A999992~9.inpad[0] (.input clocked by virtual_io_clock)
Endpoint  : out:decision~3.outpad[0] (.output clocked by virtual_io_clock)
Path Type : hold

Point                                                                                                                                      Incr      Path
---------------------------------------------------------------------------------------------------------------------------------------------------------
clock virtual_io_clock (rise edge)                                                                                                        0.000     0.000
clock source latency                                                                                                                      0.000     0.000
input external delay                                                                                                                      0.000     0.000
A999992~9.inpad[0] (.input)                                                                                                               0.000     0.000
new_n2029.in[3] (.names)                                                                                                                  0.503     0.503
new_n2029.out[0] (.names)                                                                                                                 0.235     0.738
new_n3195.in[1] (.names)                                                                                                                  0.000     0.738
new_n3195.out[0] (.names)                                                                                                                 0.235     0.973
$or~3375^Y~0.in[4] (.names)                                                                                                               0.218     1.191
$or~3375^Y~0.out[0] (.names)                                                                                                              0.261     1.452
$techmap$auto$hard_block.cc:122:cell_hard_block$10173.$auto$alumacc.cc:485:replace_alu$14933.B[0].b[0] (adder)                            0.000     1.452
$techmap$auto$hard_block.cc:122:cell_hard_block$10173.$auto$alumacc.cc:485:replace_alu$14933.B[0].sumout[0] (adder)                       0.300     1.752
new_n806.in[5] (.names)                                                                                                                   0.221     1.974
new_n806.out[0] (.names)                                                                                                                  0.261     2.235
decision~3.in[2] (.names)                                                                                                                 0.313     2.547
decision~3.out[0] (.names)                                                                                                                0.235     2.782
out:decision~3.outpad[0] (.output)                                                                                                        0.432     3.214
data arrival time                                                                                                                                   3.214

clock virtual_io_clock (rise edge)                                                                                                        0.000     0.000
clock source latency                                                                                                                      0.000     0.000
clock uncertainty                                                                                                                         0.000     0.000
output external delay                                                                                                                     0.000     0.000
data required time                                                                                                                                  0.000
---------------------------------------------------------------------------------------------------------------------------------------------------------
data required time                                                                                                                                 -0.000
data arrival time                                                                                                                                   3.214
---------------------------------------------------------------------------------------------------------------------------------------------------------
slack (MET)                                                                                                                                         3.214


#End of timing report
