#Timing report of worst 5 path(s)
# Unit scale: 1e-09 seconds
# Output precision: 3

#Path 1
Startpoint: A1~9.inpad[0] (.input clocked by virtual_io_clock)
Endpoint  : out:decision~3.outpad[0] (.output clocked by virtual_io_clock)
Path Type : setup

Point                                                                                                                                      Incr      Path
---------------------------------------------------------------------------------------------------------------------------------------------------------
clock virtual_io_clock (rise edge)                                                                                                        0.000     0.000
clock source latency                                                                                                                      0.000     0.000
input external delay                                                                                                                      0.000     0.000
A1~9.inpad[0] (.input)                                                                                                                    0.000     0.000
new_n836.in[0] (.names)                                                                                                                   0.651     0.651
new_n836.out[0] (.names)                                                                                                                  0.235     0.886
new_n2163.in[4] (.names)                                                                                                                  0.634     1.520
new_n2163.out[0] (.names)                                                                                                                 0.235     1.755
new_n2167.in[5] (.names)                                                                                                                  1.062     2.817
new_n2167.out[0] (.names)                                                                                                                 0.261     3.078
new_n2538.in[2] (.names)                                                                                                                  0.622     3.701
new_n2538.out[0] (.names)                                                                                                                 0.235     3.936
new_n2514.in[5] (.names)                                                                                                                  0.778     4.713
new_n2514.out[0] (.names)                                                                                                                 0.261     4.974
$or~2746^Y~0.in[2] (.names)                                                                                                               0.480     5.455
$or~2746^Y~0.out[0] (.names)                                                                                                              0.235     5.690
$add~4115^ADD~11-1[1].a[0] (adder)                                                                                                        0.295     5.985
$add~4115^ADD~11-1[1].cout[0] (adder)                                                                                                     0.300     6.285
$add~4115^ADD~11-2[1].cin[0] (adder)                                                                                                      0.000     6.285
$add~4115^ADD~11-2[1].sumout[0] (adder)                                                                                                   0.300     6.585
$add~4116^ADD~10-2[1].a[0] (adder)                                                                                                        0.826     7.411
$add~4116^ADD~10-2[1].cout[0] (adder)                                                                                                     0.300     7.711
$add~4116^ADD~10-3[1].cin[0] (adder)                                                                                                      0.000     7.711
$add~4116^ADD~10-3[1].sumout[0] (adder)                                                                                                   0.300     8.011
$add~4117^ADD~9-3[1].a[0] (adder)                                                                                                         0.682     8.692
$add~4117^ADD~9-3[1].sumout[0] (adder)                                                                                                    0.300     8.992
$techmap$auto$hard_block.cc:122:cell_hard_block$10120.$auto$alumacc.cc:485:replace_alu$14933.B[2].a[0] (adder)                            0.678     9.671
$techmap$auto$hard_block.cc:122:cell_hard_block$10120.$auto$alumacc.cc:485:replace_alu$14933.B[2].sumout[0] (adder)                       0.300     9.971
new_n808.in[4] (.names)                                                                                                                   0.338    10.309
new_n808.out[0] (.names)                                                                                                                  0.261    10.570
new_n809.in[5] (.names)                                                                                                                   0.100    10.670
new_n809.out[0] (.names)                                                                                                                  0.261    10.931
new_n804.in[3] (.names)                                                                                                                   0.100    11.031
new_n804.out[0] (.names)                                                                                                                  0.261    11.292
new_n811.in[4] (.names)                                                                                                                   0.100    11.392
new_n811.out[0] (.names)                                                                                                                  0.261    11.653
decision~4.in[3] (.names)                                                                                                                 0.100    11.753
decision~4.out[0] (.names)                                                                                                                0.235    11.988
decision~3.in[0] (.names)                                                                                                                 0.479    12.467
decision~3.out[0] (.names)                                                                                                                0.235    12.702
out:decision~3.outpad[0] (.output)                                                                                                        0.471    13.173
data arrival time                                                                                                                                  13.173

clock virtual_io_clock (rise edge)                                                                                                        0.000     0.000
clock source latency                                                                                                                      0.000     0.000
clock uncertainty                                                                                                                         0.000     0.000
output external delay                                                                                                                     0.000     0.000
data required time                                                                                                                                  0.000
---------------------------------------------------------------------------------------------------------------------------------------------------------
data required time                                                                                                                                  0.000
data arrival time                                                                                                                                 -13.173
---------------------------------------------------------------------------------------------------------------------------------------------------------
slack (VIOLATED)                                                                                                                                  -13.173


#Path 2
Startpoint: A1~9.inpad[0] (.input clocked by virtual_io_clock)
Endpoint  : out:decision~2.outpad[0] (.output clocked by virtual_io_clock)
Path Type : setup

Point                                                                                                                                      Incr      Path
---------------------------------------------------------------------------------------------------------------------------------------------------------
clock virtual_io_clock (rise edge)                                                                                                        0.000     0.000
clock source latency                                                                                                                      0.000     0.000
input external delay                                                                                                                      0.000     0.000
A1~9.inpad[0] (.input)                                                                                                                    0.000     0.000
new_n836.in[0] (.names)                                                                                                                   0.651     0.651
new_n836.out[0] (.names)                                                                                                                  0.235     0.886
new_n2163.in[4] (.names)                                                                                                                  0.634     1.520
new_n2163.out[0] (.names)                                                                                                                 0.235     1.755
new_n2167.in[5] (.names)                                                                                                                  1.062     2.817
new_n2167.out[0] (.names)                                                                                                                 0.261     3.078
new_n2538.in[2] (.names)                                                                                                                  0.622     3.701
new_n2538.out[0] (.names)                                                                                                                 0.235     3.936
new_n2514.in[5] (.names)                                                                                                                  0.778     4.713
new_n2514.out[0] (.names)                                                                                                                 0.261     4.974
$or~2746^Y~0.in[2] (.names)                                                                                                               0.480     5.455
$or~2746^Y~0.out[0] (.names)                                                                                                              0.235     5.690
$add~4115^ADD~11-1[1].a[0] (adder)                                                                                                        0.295     5.985
$add~4115^ADD~11-1[1].cout[0] (adder)                                                                                                     0.300     6.285
$add~4115^ADD~11-2[1].cin[0] (adder)                                                                                                      0.000     6.285
$add~4115^ADD~11-2[1].sumout[0] (adder)                                                                                                   0.300     6.585
$add~4116^ADD~10-2[1].a[0] (adder)                                                                                                        0.826     7.411
$add~4116^ADD~10-2[1].cout[0] (adder)                                                                                                     0.300     7.711
$add~4116^ADD~10-3[1].cin[0] (adder)                                                                                                      0.000     7.711
$add~4116^ADD~10-3[1].sumout[0] (adder)                                                                                                   0.300     8.011
$add~4117^ADD~9-3[1].a[0] (adder)                                                                                                         0.682     8.692
$add~4117^ADD~9-3[1].sumout[0] (adder)                                                                                                    0.300     8.992
$techmap$auto$hard_block.cc:122:cell_hard_block$10120.$auto$alumacc.cc:485:replace_alu$14933.B[2].a[0] (adder)                            0.678     9.671
$techmap$auto$hard_block.cc:122:cell_hard_block$10120.$auto$alumacc.cc:485:replace_alu$14933.B[2].sumout[0] (adder)                       0.300     9.971
new_n808.in[4] (.names)                                                                                                                   0.338    10.309
new_n808.out[0] (.names)                                                                                                                  0.261    10.570
new_n809.in[5] (.names)                                                                                                                   0.100    10.670
new_n809.out[0] (.names)                                                                                                                  0.261    10.931
new_n804.in[3] (.names)                                                                                                                   0.100    11.031
new_n804.out[0] (.names)                                                                                                                  0.261    11.292
new_n811.in[4] (.names)                                                                                                                   0.100    11.392
new_n811.out[0] (.names)                                                                                                                  0.261    11.653
decision~4.in[3] (.names)                                                                                                                 0.100    11.753
decision~4.out[0] (.names)                                                                                                                0.235    11.988
decision~2.in[0] (.names)                                                                                                                 0.479    12.467
decision~2.out[0] (.names)                                                                                                                0.235    12.702
out:decision~2.outpad[0] (.output)                                                                                                        0.427    13.129
data arrival time                                                                                                                                  13.129

clock virtual_io_clock (rise edge)                                                                                                        0.000     0.000
clock source latency                                                                                                                      0.000     0.000
clock uncertainty                                                                                                                         0.000     0.000
output external delay                                                                                                                     0.000     0.000
data required time                                                                                                                                  0.000
---------------------------------------------------------------------------------------------------------------------------------------------------------
data required time                                                                                                                                  0.000
data arrival time                                                                                                                                 -13.129
---------------------------------------------------------------------------------------------------------------------------------------------------------
slack (VIOLATED)                                                                                                                                  -13.129


#Path 3
Startpoint: A1~9.inpad[0] (.input clocked by virtual_io_clock)
Endpoint  : out:decision~4.outpad[0] (.output clocked by virtual_io_clock)
Path Type : setup

Point                                                                                                                                      Incr      Path
---------------------------------------------------------------------------------------------------------------------------------------------------------
clock virtual_io_clock (rise edge)                                                                                                        0.000     0.000
clock source latency                                                                                                                      0.000     0.000
input external delay                                                                                                                      0.000     0.000
A1~9.inpad[0] (.input)                                                                                                                    0.000     0.000
new_n836.in[0] (.names)                                                                                                                   0.651     0.651
new_n836.out[0] (.names)                                                                                                                  0.235     0.886
new_n2163.in[4] (.names)                                                                                                                  0.634     1.520
new_n2163.out[0] (.names)                                                                                                                 0.235     1.755
new_n2167.in[5] (.names)                                                                                                                  1.062     2.817
new_n2167.out[0] (.names)                                                                                                                 0.261     3.078
new_n2538.in[2] (.names)                                                                                                                  0.622     3.701
new_n2538.out[0] (.names)                                                                                                                 0.235     3.936
new_n2514.in[5] (.names)                                                                                                                  0.778     4.713
new_n2514.out[0] (.names)                                                                                                                 0.261     4.974
$or~2746^Y~0.in[2] (.names)                                                                                                               0.480     5.455
$or~2746^Y~0.out[0] (.names)                                                                                                              0.235     5.690
$add~4115^ADD~11-1[1].a[0] (adder)                                                                                                        0.295     5.985
$add~4115^ADD~11-1[1].cout[0] (adder)                                                                                                     0.300     6.285
$add~4115^ADD~11-2[1].cin[0] (adder)                                                                                                      0.000     6.285
$add~4115^ADD~11-2[1].sumout[0] (adder)                                                                                                   0.300     6.585
$add~4116^ADD~10-2[1].a[0] (adder)                                                                                                        0.826     7.411
$add~4116^ADD~10-2[1].cout[0] (adder)                                                                                                     0.300     7.711
$add~4116^ADD~10-3[1].cin[0] (adder)                                                                                                      0.000     7.711
$add~4116^ADD~10-3[1].sumout[0] (adder)                                                                                                   0.300     8.011
$add~4117^ADD~9-3[1].a[0] (adder)                                                                                                         0.682     8.692
$add~4117^ADD~9-3[1].sumout[0] (adder)                                                                                                    0.300     8.992
$techmap$auto$hard_block.cc:122:cell_hard_block$10120.$auto$alumacc.cc:485:replace_alu$14933.B[2].a[0] (adder)                            0.678     9.671
$techmap$auto$hard_block.cc:122:cell_hard_block$10120.$auto$alumacc.cc:485:replace_alu$14933.B[2].sumout[0] (adder)                       0.300     9.971
new_n808.in[4] (.names)                                                                                                                   0.338    10.309
new_n808.out[0] (.names)                                                                                                                  0.261    10.570
new_n809.in[5] (.names)                                                                                                                   0.100    10.670
new_n809.out[0] (.names)                                                                                                                  0.261    10.931
new_n804.in[3] (.names)                                                                                                                   0.100    11.031
new_n804.out[0] (.names)                                                                                                                  0.261    11.292
new_n811.in[4] (.names)                                                                                                                   0.100    11.392
new_n811.out[0] (.names)                                                                                                                  0.261    11.653
decision~4.in[3] (.names)                                                                                                                 0.100    11.753
decision~4.out[0] (.names)                                                                                                                0.235    11.988
out:decision~4.outpad[0] (.output)                                                                                                        0.350    12.338
data arrival time                                                                                                                                  12.338

clock virtual_io_clock (rise edge)                                                                                                        0.000     0.000
clock source latency                                                                                                                      0.000     0.000
clock uncertainty                                                                                                                         0.000     0.000
output external delay                                                                                                                     0.000     0.000
data required time                                                                                                                                  0.000
---------------------------------------------------------------------------------------------------------------------------------------------------------
data required time                                                                                                                                  0.000
data arrival time                                                                                                                                 -12.338
---------------------------------------------------------------------------------------------------------------------------------------------------------
slack (VIOLATED)                                                                                                                                  -12.338


#Path 4
Startpoint: A1~1.inpad[0] (.input clocked by virtual_io_clock)
Endpoint  : out:decision~1.outpad[0] (.output clocked by virtual_io_clock)
Path Type : setup

Point                                                             Incr      Path
--------------------------------------------------------------------------------
clock virtual_io_clock (rise edge)                               0.000     0.000
clock source latency                                             0.000     0.000
input external delay                                             0.000     0.000
A1~1.inpad[0] (.input)                                           0.000     0.000
out:decision~1.outpad[0] (.output)                               0.413     0.413
data arrival time                                                          0.413

clock virtual_io_clock (rise edge)                               0.000     0.000
clock source latency                                             0.000     0.000
clock uncertainty                                                0.000     0.000
output external delay                                            0.000     0.000
data required time                                                         0.000
--------------------------------------------------------------------------------
data required time                                                         0.000
data arrival time                                                         -0.413
--------------------------------------------------------------------------------
slack (VIOLATED)                                                          -0.413


#Path 5
Startpoint: A1~0.inpad[0] (.input clocked by virtual_io_clock)
Endpoint  : out:decision~0.outpad[0] (.output clocked by virtual_io_clock)
Path Type : setup

Point                                                             Incr      Path
--------------------------------------------------------------------------------
clock virtual_io_clock (rise edge)                               0.000     0.000
clock source latency                                             0.000     0.000
input external delay                                             0.000     0.000
A1~0.inpad[0] (.input)                                           0.000     0.000
out:decision~0.outpad[0] (.output)                               0.271     0.271
data arrival time                                                          0.271

clock virtual_io_clock (rise edge)                               0.000     0.000
clock source latency                                             0.000     0.000
clock uncertainty                                                0.000     0.000
output external delay                                            0.000     0.000
data required time                                                         0.000
--------------------------------------------------------------------------------
data required time                                                         0.000
data arrival time                                                         -0.271
--------------------------------------------------------------------------------
slack (VIOLATED)                                                          -0.271


#End of timing report
