#Timing report of worst 34 path(s)
# Unit scale: 1e-09 seconds
# Output precision: 3

#Path 1
Startpoint: X~7.inpad[0] (.input clocked by clk)
Endpoint  : S~7.D[0] (.latch clocked by clk)
Path Type : hold

Point                                                             Incr      Path
--------------------------------------------------------------------------------
clock clk (rise edge)                                            0.000     0.000
clock source latency                                             0.000     0.000
input external delay                                             0.000     0.000
X~7.inpad[0] (.input)                                            0.000     0.000
S~7.D[0] (.latch)                                                0.167     0.167
data arrival time                                                          0.167

clock clk (rise edge)                                            0.000     0.000
clock source latency                                             0.000     0.000
clk.inpad[0] (.input)                                            0.000     0.000
S~7.clk[0] (.latch)                                              0.000     0.000
clock uncertainty                                                0.000     0.000
cell hold time                                                   0.066     0.066
data required time                                                         0.066
--------------------------------------------------------------------------------
data required time                                                        -0.066
data arrival time                                                          0.167
--------------------------------------------------------------------------------
slack (MET)                                                                0.101


#Path 2
Startpoint: X~4.inpad[0] (.input clocked by clk)
Endpoint  : S~4.D[0] (.latch clocked by clk)
Path Type : hold

Point                                                             Incr      Path
--------------------------------------------------------------------------------
clock clk (rise edge)                                            0.000     0.000
clock source latency                                             0.000     0.000
input external delay                                             0.000     0.000
X~4.inpad[0] (.input)                                            0.000     0.000
S~4.D[0] (.latch)                                                0.168     0.168
data arrival time                                                          0.168

clock clk (rise edge)                                            0.000     0.000
clock source latency                                             0.000     0.000
clk.inpad[0] (.input)                                            0.000     0.000
S~4.clk[0] (.latch)                                              0.000     0.000
clock uncertainty                                                0.000     0.000
cell hold time                                                   0.066     0.066
data required time                                                         0.066
--------------------------------------------------------------------------------
data required time                                                        -0.066
data arrival time                                                          0.168
--------------------------------------------------------------------------------
slack (MET)                                                                0.102


#Path 3
Startpoint: X~6.inpad[0] (.input clocked by clk)
Endpoint  : S~6.D[0] (.latch clocked by clk)
Path Type : hold

Point                                                             Incr      Path
--------------------------------------------------------------------------------
clock clk (rise edge)                                            0.000     0.000
clock source latency                                             0.000     0.000
input external delay                                             0.000     0.000
X~6.inpad[0] (.input)                                            0.000     0.000
S~6.D[0] (.latch)                                                0.168     0.168
data arrival time                                                          0.168

clock clk (rise edge)                                            0.000     0.000
clock source latency                                             0.000     0.000
clk.inpad[0] (.input)                                            0.000     0.000
S~6.clk[0] (.latch)                                              0.000     0.000
clock uncertainty                                                0.000     0.000
cell hold time                                                   0.066     0.066
data required time                                                         0.066
--------------------------------------------------------------------------------
data required time                                                        -0.066
data arrival time                                                          0.168
--------------------------------------------------------------------------------
slack (MET)                                                                0.102


#Path 4
Startpoint: X~3.inpad[0] (.input clocked by clk)
Endpoint  : S~3.D[0] (.latch clocked by clk)
Path Type : hold

Point                                                             Incr      Path
--------------------------------------------------------------------------------
clock clk (rise edge)                                            0.000     0.000
clock source latency                                             0.000     0.000
input external delay                                             0.000     0.000
X~3.inpad[0] (.input)                                            0.000     0.000
S~3.D[0] (.latch)                                                0.191     0.191
data arrival time                                                          0.191

clock clk (rise edge)                                            0.000     0.000
clock source latency                                             0.000     0.000
clk.inpad[0] (.input)                                            0.000     0.000
S~3.clk[0] (.latch)                                              0.000     0.000
clock uncertainty                                                0.000     0.000
cell hold time                                                   0.066     0.066
data required time                                                         0.066
--------------------------------------------------------------------------------
data required time                                                        -0.066
data arrival time                                                          0.191
--------------------------------------------------------------------------------
slack (MET)                                                                0.125


#Path 5
Startpoint: X~2.inpad[0] (.input clocked by clk)
Endpoint  : S~2.D[0] (.latch clocked by clk)
Path Type : hold

Point                                                             Incr      Path
--------------------------------------------------------------------------------
clock clk (rise edge)                                            0.000     0.000
clock source latency                                             0.000     0.000
input external delay                                             0.000     0.000
X~2.inpad[0] (.input)                                            0.000     0.000
S~2.D[0] (.latch)                                                0.194     0.194
data arrival time                                                          0.194

clock clk (rise edge)                                            0.000     0.000
clock source latency                                             0.000     0.000
clk.inpad[0] (.input)                                            0.000     0.000
S~2.clk[0] (.latch)                                              0.000     0.000
clock uncertainty                                                0.000     0.000
cell hold time                                                   0.066     0.066
data required time                                                         0.066
--------------------------------------------------------------------------------
data required time                                                        -0.066
data arrival time                                                          0.194
--------------------------------------------------------------------------------
slack (MET)                                                                0.128


#Path 6
Startpoint: S~9.Q[0] (.latch clocked by clk)
Endpoint  : out:S~9.outpad[0] (.output clocked by clk)
Path Type : hold

Point                                                             Incr      Path
--------------------------------------------------------------------------------
clock clk (rise edge)                                            0.000     0.000
clock source latency                                             0.000     0.000
clk.inpad[0] (.input)                                            0.000     0.000
S~9.clk[0] (.latch)                                              0.000     0.000
S~9.Q[0] (.latch) [clock-to-output]                              0.124     0.124
out:S~9.outpad[0] (.output)                                      0.150     0.274
data arrival time                                                          0.274

clock clk (rise edge)                                            0.000     0.000
clock source latency                                             0.000     0.000
clock uncertainty                                                0.000     0.000
output external delay                                            0.000     0.000
data required time                                                         0.000
--------------------------------------------------------------------------------
data required time                                                        -0.000
data arrival time                                                          0.274
--------------------------------------------------------------------------------
slack (MET)                                                                0.274


#Path 7
Startpoint: S~8.Q[0] (.latch clocked by clk)
Endpoint  : out:S~8.outpad[0] (.output clocked by clk)
Path Type : hold

Point                                                             Incr      Path
--------------------------------------------------------------------------------
clock clk (rise edge)                                            0.000     0.000
clock source latency                                             0.000     0.000
clk.inpad[0] (.input)                                            0.000     0.000
S~8.clk[0] (.latch)                                              0.000     0.000
S~8.Q[0] (.latch) [clock-to-output]                              0.124     0.124
out:S~8.outpad[0] (.output)                                      0.150     0.274
data arrival time                                                          0.274

clock clk (rise edge)                                            0.000     0.000
clock source latency                                             0.000     0.000
clock uncertainty                                                0.000     0.000
output external delay                                            0.000     0.000
data required time                                                         0.000
--------------------------------------------------------------------------------
data required time                                                        -0.000
data arrival time                                                          0.274
--------------------------------------------------------------------------------
slack (MET)                                                                0.274


#Path 8
Startpoint: S~3.Q[0] (.latch clocked by clk)
Endpoint  : out:S~3.outpad[0] (.output clocked by clk)
Path Type : hold

Point                                                             Incr      Path
--------------------------------------------------------------------------------
clock clk (rise edge)                                            0.000     0.000
clock source latency                                             0.000     0.000
clk.inpad[0] (.input)                                            0.000     0.000
S~3.clk[0] (.latch)                                              0.000     0.000
S~3.Q[0] (.latch) [clock-to-output]                              0.124     0.124
out:S~3.outpad[0] (.output)                                      0.150     0.274
data arrival time                                                          0.274

clock clk (rise edge)                                            0.000     0.000
clock source latency                                             0.000     0.000
clock uncertainty                                                0.000     0.000
output external delay                                            0.000     0.000
data required time                                                         0.000
--------------------------------------------------------------------------------
data required time                                                        -0.000
data arrival time                                                          0.274
--------------------------------------------------------------------------------
slack (MET)                                                                0.274


#Path 9
Startpoint: X~0.inpad[0] (.input clocked by clk)
Endpoint  : S~0.D[0] (.latch clocked by clk)
Path Type : hold

Point                                                             Incr      Path
--------------------------------------------------------------------------------
clock clk (rise edge)                                            0.000     0.000
clock source latency                                             0.000     0.000
input external delay                                             0.000     0.000
X~0.inpad[0] (.input)                                            0.000     0.000
S~0.D[0] (.latch)                                                0.348     0.348
data arrival time                                                          0.348

clock clk (rise edge)                                            0.000     0.000
clock source latency                                             0.000     0.000
clk.inpad[0] (.input)                                            0.000     0.000
S~0.clk[0] (.latch)                                              0.000     0.000
clock uncertainty                                                0.000     0.000
cell hold time                                                   0.066     0.066
data required time                                                         0.066
--------------------------------------------------------------------------------
data required time                                                        -0.066
data arrival time                                                          0.348
--------------------------------------------------------------------------------
slack (MET)                                                                0.282


#Path 10
Startpoint: X~5.inpad[0] (.input clocked by clk)
Endpoint  : S~5.D[0] (.latch clocked by clk)
Path Type : hold

Point                                                             Incr      Path
--------------------------------------------------------------------------------
clock clk (rise edge)                                            0.000     0.000
clock source latency                                             0.000     0.000
input external delay                                             0.000     0.000
X~5.inpad[0] (.input)                                            0.000     0.000
S~5.D[0] (.latch)                                                0.357     0.357
data arrival time                                                          0.357

clock clk (rise edge)                                            0.000     0.000
clock source latency                                             0.000     0.000
clk.inpad[0] (.input)                                            0.000     0.000
S~5.clk[0] (.latch)                                              0.000     0.000
clock uncertainty                                                0.000     0.000
cell hold time                                                   0.066     0.066
data required time                                                         0.066
--------------------------------------------------------------------------------
data required time                                                        -0.066
data arrival time                                                          0.357
--------------------------------------------------------------------------------
slack (MET)                                                                0.291


#Path 11
Startpoint: S~12.Q[0] (.latch clocked by clk)
Endpoint  : out:S~12.outpad[0] (.output clocked by clk)
Path Type : hold

Point                                                             Incr      Path
--------------------------------------------------------------------------------
clock clk (rise edge)                                            0.000     0.000
clock source latency                                             0.000     0.000
clk.inpad[0] (.input)                                            0.000     0.000
S~12.clk[0] (.latch)                                             0.000     0.000
S~12.Q[0] (.latch) [clock-to-output]                             0.124     0.124
out:S~12.outpad[0] (.output)                                     0.170     0.294
data arrival time                                                          0.294

clock clk (rise edge)                                            0.000     0.000
clock source latency                                             0.000     0.000
clock uncertainty                                                0.000     0.000
output external delay                                            0.000     0.000
data required time                                                         0.000
--------------------------------------------------------------------------------
data required time                                                        -0.000
data arrival time                                                          0.294
--------------------------------------------------------------------------------
slack (MET)                                                                0.294


#Path 12
Startpoint: S~11.Q[0] (.latch clocked by clk)
Endpoint  : out:S~11.outpad[0] (.output clocked by clk)
Path Type : hold

Point                                                             Incr      Path
--------------------------------------------------------------------------------
clock clk (rise edge)                                            0.000     0.000
clock source latency                                             0.000     0.000
clk.inpad[0] (.input)                                            0.000     0.000
S~11.clk[0] (.latch)                                             0.000     0.000
S~11.Q[0] (.latch) [clock-to-output]                             0.124     0.124
out:S~11.outpad[0] (.output)                                     0.170     0.294
data arrival time                                                          0.294

clock clk (rise edge)                                            0.000     0.000
clock source latency                                             0.000     0.000
clock uncertainty                                                0.000     0.000
output external delay                                            0.000     0.000
data required time                                                         0.000
--------------------------------------------------------------------------------
data required time                                                        -0.000
data arrival time                                                          0.294
--------------------------------------------------------------------------------
slack (MET)                                                                0.294


#Path 13
Startpoint: X~1.inpad[0] (.input clocked by clk)
Endpoint  : S~1.D[0] (.latch clocked by clk)
Path Type : hold

Point                                                             Incr      Path
--------------------------------------------------------------------------------
clock clk (rise edge)                                            0.000     0.000
clock source latency                                             0.000     0.000
input external delay                                             0.000     0.000
X~1.inpad[0] (.input)                                            0.000     0.000
S~1.D[0] (.latch)                                                0.365     0.365
data arrival time                                                          0.365

clock clk (rise edge)                                            0.000     0.000
clock source latency                                             0.000     0.000
clk.inpad[0] (.input)                                            0.000     0.000
S~1.clk[0] (.latch)                                              0.000     0.000
clock uncertainty                                                0.000     0.000
cell hold time                                                   0.066     0.066
data required time                                                         0.066
--------------------------------------------------------------------------------
data required time                                                        -0.066
data arrival time                                                          0.365
--------------------------------------------------------------------------------
slack (MET)                                                                0.299


#Path 14
Startpoint: X~8.inpad[0] (.input clocked by clk)
Endpoint  : S~9.D[0] (.latch clocked by clk)
Path Type : hold

Point                                                             Incr      Path
--------------------------------------------------------------------------------
clock clk (rise edge)                                            0.000     0.000
clock source latency                                             0.000     0.000
input external delay                                             0.000     0.000
X~8.inpad[0] (.input)                                            0.000     0.000
n140.in[1] (.names)                                              0.167     0.167
n140.out[0] (.names)                                             0.235     0.402
S~9.D[0] (.latch)                                                0.000     0.402
data arrival time                                                          0.402

clock clk (rise edge)                                            0.000     0.000
clock source latency                                             0.000     0.000
clk.inpad[0] (.input)                                            0.000     0.000
S~9.clk[0] (.latch)                                              0.000     0.000
clock uncertainty                                                0.000     0.000
cell hold time                                                   0.066     0.066
data required time                                                         0.066
--------------------------------------------------------------------------------
data required time                                                        -0.066
data arrival time                                                          0.402
--------------------------------------------------------------------------------
slack (MET)                                                                0.336


#Path 15
Startpoint: S~4.Q[0] (.latch clocked by clk)
Endpoint  : out:S~4.outpad[0] (.output clocked by clk)
Path Type : hold

Point                                                             Incr      Path
--------------------------------------------------------------------------------
clock clk (rise edge)                                            0.000     0.000
clock source latency                                             0.000     0.000
clk.inpad[0] (.input)                                            0.000     0.000
S~4.clk[0] (.latch)                                              0.000     0.000
S~4.Q[0] (.latch) [clock-to-output]                              0.124     0.124
out:S~4.outpad[0] (.output)                                      0.226     0.350
data arrival time                                                          0.350

clock clk (rise edge)                                            0.000     0.000
clock source latency                                             0.000     0.000
clock uncertainty                                                0.000     0.000
output external delay                                            0.000     0.000
data required time                                                         0.000
--------------------------------------------------------------------------------
data required time                                                        -0.000
data arrival time                                                          0.350
--------------------------------------------------------------------------------
slack (MET)                                                                0.350


#Path 16
Startpoint: S~16.Q[0] (.latch clocked by clk)
Endpoint  : out:S~16.outpad[0] (.output clocked by clk)
Path Type : hold

Point                                                             Incr      Path
--------------------------------------------------------------------------------
clock clk (rise edge)                                            0.000     0.000
clock source latency                                             0.000     0.000
clk.inpad[0] (.input)                                            0.000     0.000
S~16.clk[0] (.latch)                                             0.000     0.000
S~16.Q[0] (.latch) [clock-to-output]                             0.124     0.124
out:S~16.outpad[0] (.output)                                     0.226     0.350
data arrival time                                                          0.350

clock clk (rise edge)                                            0.000     0.000
clock source latency                                             0.000     0.000
clock uncertainty                                                0.000     0.000
output external delay                                            0.000     0.000
data required time                                                         0.000
--------------------------------------------------------------------------------
data required time                                                        -0.000
data arrival time                                                          0.350
--------------------------------------------------------------------------------
slack (MET)                                                                0.350


#Path 17
Startpoint: S~6.Q[0] (.latch clocked by clk)
Endpoint  : out:S~6.outpad[0] (.output clocked by clk)
Path Type : hold

Point                                                             Incr      Path
--------------------------------------------------------------------------------
clock clk (rise edge)                                            0.000     0.000
clock source latency                                             0.000     0.000
clk.inpad[0] (.input)                                            0.000     0.000
S~6.clk[0] (.latch)                                              0.000     0.000
S~6.Q[0] (.latch) [clock-to-output]                              0.124     0.124
out:S~6.outpad[0] (.output)                                      0.227     0.351
data arrival time                                                          0.351

clock clk (rise edge)                                            0.000     0.000
clock source latency                                             0.000     0.000
clock uncertainty                                                0.000     0.000
output external delay                                            0.000     0.000
data required time                                                         0.000
--------------------------------------------------------------------------------
data required time                                                        -0.000
data arrival time                                                          0.351
--------------------------------------------------------------------------------
slack (MET)                                                                0.351


#Path 18
Startpoint: S~2.Q[0] (.latch clocked by clk)
Endpoint  : out:S~2.outpad[0] (.output clocked by clk)
Path Type : hold

Point                                                             Incr      Path
--------------------------------------------------------------------------------
clock clk (rise edge)                                            0.000     0.000
clock source latency                                             0.000     0.000
clk.inpad[0] (.input)                                            0.000     0.000
S~2.clk[0] (.latch)                                              0.000     0.000
S~2.Q[0] (.latch) [clock-to-output]                              0.124     0.124
out:S~2.outpad[0] (.output)                                      0.227     0.351
data arrival time                                                          0.351

clock clk (rise edge)                                            0.000     0.000
clock source latency                                             0.000     0.000
clock uncertainty                                                0.000     0.000
output external delay                                            0.000     0.000
data required time                                                         0.000
--------------------------------------------------------------------------------
data required time                                                        -0.000
data arrival time                                                          0.351
--------------------------------------------------------------------------------
slack (MET)                                                                0.351


#Path 19
Startpoint: S~14.Q[0] (.latch clocked by clk)
Endpoint  : out:S~14.outpad[0] (.output clocked by clk)
Path Type : hold

Point                                                             Incr      Path
--------------------------------------------------------------------------------
clock clk (rise edge)                                            0.000     0.000
clock source latency                                             0.000     0.000
clk.inpad[0] (.input)                                            0.000     0.000
S~14.clk[0] (.latch)                                             0.000     0.000
S~14.Q[0] (.latch) [clock-to-output]                             0.124     0.124
out:S~14.outpad[0] (.output)                                     0.246     0.370
data arrival time                                                          0.370

clock clk (rise edge)                                            0.000     0.000
clock source latency                                             0.000     0.000
clock uncertainty                                                0.000     0.000
output external delay                                            0.000     0.000
data required time                                                         0.000
--------------------------------------------------------------------------------
data required time                                                        -0.000
data arrival time                                                          0.370
--------------------------------------------------------------------------------
slack (MET)                                                                0.370


#Path 20
Startpoint: S~15.Q[0] (.latch clocked by clk)
Endpoint  : out:S~15.outpad[0] (.output clocked by clk)
Path Type : hold

Point                                                             Incr      Path
--------------------------------------------------------------------------------
clock clk (rise edge)                                            0.000     0.000
clock source latency                                             0.000     0.000
clk.inpad[0] (.input)                                            0.000     0.000
S~15.clk[0] (.latch)                                             0.000     0.000
S~15.Q[0] (.latch) [clock-to-output]                             0.124     0.124
out:S~15.outpad[0] (.output)                                     0.247     0.371
data arrival time                                                          0.371

clock clk (rise edge)                                            0.000     0.000
clock source latency                                             0.000     0.000
clock uncertainty                                                0.000     0.000
output external delay                                            0.000     0.000
data required time                                                         0.000
--------------------------------------------------------------------------------
data required time                                                        -0.000
data arrival time                                                          0.371
--------------------------------------------------------------------------------
slack (MET)                                                                0.371


#Path 21
Startpoint: S~13.Q[0] (.latch clocked by clk)
Endpoint  : out:S~13.outpad[0] (.output clocked by clk)
Path Type : hold

Point                                                             Incr      Path
--------------------------------------------------------------------------------
clock clk (rise edge)                                            0.000     0.000
clock source latency                                             0.000     0.000
clk.inpad[0] (.input)                                            0.000     0.000
S~13.clk[0] (.latch)                                             0.000     0.000
S~13.Q[0] (.latch) [clock-to-output]                             0.124     0.124
out:S~13.outpad[0] (.output)                                     0.249     0.373
data arrival time                                                          0.373

clock clk (rise edge)                                            0.000     0.000
clock source latency                                             0.000     0.000
clock uncertainty                                                0.000     0.000
output external delay                                            0.000     0.000
data required time                                                         0.000
--------------------------------------------------------------------------------
data required time                                                        -0.000
data arrival time                                                          0.373
--------------------------------------------------------------------------------
slack (MET)                                                                0.373


#Path 22
Startpoint: rst.inpad[0] (.input clocked by clk)
Endpoint  : S~14.D[0] (.latch clocked by clk)
Path Type : hold

Point                                                             Incr      Path
--------------------------------------------------------------------------------
clock clk (rise edge)                                            0.000     0.000
clock source latency                                             0.000     0.000
input external delay                                             0.000     0.000
rst.inpad[0] (.input)                                            0.000     0.000
n160.in[3] (.names)                                              0.245     0.245
n160.out[0] (.names)                                             0.235     0.480
S~14.D[0] (.latch)                                               0.000     0.480
data arrival time                                                          0.480

clock clk (rise edge)                                            0.000     0.000
clock source latency                                             0.000     0.000
clk.inpad[0] (.input)                                            0.000     0.000
S~14.clk[0] (.latch)                                             0.000     0.000
clock uncertainty                                                0.000     0.000
cell hold time                                                   0.066     0.066
data required time                                                         0.066
--------------------------------------------------------------------------------
data required time                                                        -0.066
data arrival time                                                          0.480
--------------------------------------------------------------------------------
slack (MET)                                                                0.414


#Path 23
Startpoint: S~5.Q[0] (.latch clocked by clk)
Endpoint  : out:S~5.outpad[0] (.output clocked by clk)
Path Type : hold

Point                                                             Incr      Path
--------------------------------------------------------------------------------
clock clk (rise edge)                                            0.000     0.000
clock source latency                                             0.000     0.000
clk.inpad[0] (.input)                                            0.000     0.000
S~5.clk[0] (.latch)                                              0.000     0.000
S~5.Q[0] (.latch) [clock-to-output]                              0.124     0.124
out:S~5.outpad[0] (.output)                                      0.321     0.445
data arrival time                                                          0.445

clock clk (rise edge)                                            0.000     0.000
clock source latency                                             0.000     0.000
clock uncertainty                                                0.000     0.000
output external delay                                            0.000     0.000
data required time                                                         0.000
--------------------------------------------------------------------------------
data required time                                                        -0.000
data arrival time                                                          0.445
--------------------------------------------------------------------------------
slack (MET)                                                                0.445


#Path 24
Startpoint: rst.inpad[0] (.input clocked by clk)
Endpoint  : S~13.D[0] (.latch clocked by clk)
Path Type : hold

Point                                                             Incr      Path
--------------------------------------------------------------------------------
clock clk (rise edge)                                            0.000     0.000
clock source latency                                             0.000     0.000
input external delay                                             0.000     0.000
rst.inpad[0] (.input)                                            0.000     0.000
n156.in[0] (.names)                                              0.283     0.283
n156.out[0] (.names)                                             0.235     0.518
S~13.D[0] (.latch)                                               0.000     0.518
data arrival time                                                          0.518

clock clk (rise edge)                                            0.000     0.000
clock source latency                                             0.000     0.000
clk.inpad[0] (.input)                                            0.000     0.000
S~13.clk[0] (.latch)                                             0.000     0.000
clock uncertainty                                                0.000     0.000
cell hold time                                                   0.066     0.066
data required time                                                         0.066
--------------------------------------------------------------------------------
data required time                                                        -0.066
data arrival time                                                          0.518
--------------------------------------------------------------------------------
slack (MET)                                                                0.452


#Path 25
Startpoint: Y~11.inpad[0] (.input clocked by clk)
Endpoint  : S~12.D[0] (.latch clocked by clk)
Path Type : hold

Point                                                             Incr      Path
--------------------------------------------------------------------------------
clock clk (rise edge)                                            0.000     0.000
clock source latency                                             0.000     0.000
input external delay                                             0.000     0.000
Y~11.inpad[0] (.input)                                           0.000     0.000
n152.in[0] (.names)                                              0.307     0.307
n152.out[0] (.names)                                             0.235     0.542
S~12.D[0] (.latch)                                               0.000     0.542
data arrival time                                                          0.542

clock clk (rise edge)                                            0.000     0.000
clock source latency                                             0.000     0.000
clk.inpad[0] (.input)                                            0.000     0.000
S~12.clk[0] (.latch)                                             0.000     0.000
clock uncertainty                                                0.000     0.000
cell hold time                                                   0.066     0.066
data required time                                                         0.066
--------------------------------------------------------------------------------
data required time                                                        -0.066
data arrival time                                                          0.542
--------------------------------------------------------------------------------
slack (MET)                                                                0.476


#Path 26
Startpoint: rst.inpad[0] (.input clocked by clk)
Endpoint  : S~15.D[0] (.latch clocked by clk)
Path Type : hold

Point                                                             Incr      Path
--------------------------------------------------------------------------------
clock clk (rise edge)                                            0.000     0.000
clock source latency                                             0.000     0.000
input external delay                                             0.000     0.000
rst.inpad[0] (.input)                                            0.000     0.000
n164.in[4] (.names)                                              0.283     0.283
n164.out[0] (.names)                                             0.261     0.544
S~15.D[0] (.latch)                                               0.000     0.544
data arrival time                                                          0.544

clock clk (rise edge)                                            0.000     0.000
clock source latency                                             0.000     0.000
clk.inpad[0] (.input)                                            0.000     0.000
S~15.clk[0] (.latch)                                             0.000     0.000
clock uncertainty                                                0.000     0.000
cell hold time                                                   0.066     0.066
data required time                                                         0.066
--------------------------------------------------------------------------------
data required time                                                        -0.066
data arrival time                                                          0.544
--------------------------------------------------------------------------------
slack (MET)                                                                0.478


#Path 27
Startpoint: rst.inpad[0] (.input clocked by clk)
Endpoint  : S~10.D[0] (.latch clocked by clk)
Path Type : hold

Point                                                             Incr      Path
--------------------------------------------------------------------------------
clock clk (rise edge)                                            0.000     0.000
clock source latency                                             0.000     0.000
input external delay                                             0.000     0.000
rst.inpad[0] (.input)                                            0.000     0.000
n144.in[2] (.names)                                              0.380     0.380
n144.out[0] (.names)                                             0.235     0.615
S~10.D[0] (.latch)                                               0.000     0.615
data arrival time                                                          0.615

clock clk (rise edge)                                            0.000     0.000
clock source latency                                             0.000     0.000
clk.inpad[0] (.input)                                            0.000     0.000
S~10.clk[0] (.latch)                                             0.000     0.000
clock uncertainty                                                0.000     0.000
cell hold time                                                   0.066     0.066
data required time                                                         0.066
--------------------------------------------------------------------------------
data required time                                                        -0.066
data arrival time                                                          0.615
--------------------------------------------------------------------------------
slack (MET)                                                                0.549


#Path 28
Startpoint: S~1.Q[0] (.latch clocked by clk)
Endpoint  : out:S~1.outpad[0] (.output clocked by clk)
Path Type : hold

Point                                                             Incr      Path
--------------------------------------------------------------------------------
clock clk (rise edge)                                            0.000     0.000
clock source latency                                             0.000     0.000
clk.inpad[0] (.input)                                            0.000     0.000
S~1.clk[0] (.latch)                                              0.000     0.000
S~1.Q[0] (.latch) [clock-to-output]                              0.124     0.124
out:S~1.outpad[0] (.output)                                      0.438     0.562
data arrival time                                                          0.562

clock clk (rise edge)                                            0.000     0.000
clock source latency                                             0.000     0.000
clock uncertainty                                                0.000     0.000
output external delay                                            0.000     0.000
data required time                                                         0.000
--------------------------------------------------------------------------------
data required time                                                        -0.000
data arrival time                                                          0.562
--------------------------------------------------------------------------------
slack (MET)                                                                0.562


#Path 29
Startpoint: S~0.Q[0] (.latch clocked by clk)
Endpoint  : out:S~0.outpad[0] (.output clocked by clk)
Path Type : hold

Point                                                             Incr      Path
--------------------------------------------------------------------------------
clock clk (rise edge)                                            0.000     0.000
clock source latency                                             0.000     0.000
clk.inpad[0] (.input)                                            0.000     0.000
S~0.clk[0] (.latch)                                              0.000     0.000
S~0.Q[0] (.latch) [clock-to-output]                              0.124     0.124
out:S~0.outpad[0] (.output)                                      0.455     0.579
data arrival time                                                          0.579

clock clk (rise edge)                                            0.000     0.000
clock source latency                                             0.000     0.000
clock uncertainty                                                0.000     0.000
output external delay                                            0.000     0.000
data required time                                                         0.000
--------------------------------------------------------------------------------
data required time                                                        -0.000
data arrival time                                                          0.579
--------------------------------------------------------------------------------
slack (MET)                                                                0.579


#Path 30
Startpoint: S~10.Q[0] (.latch clocked by clk)
Endpoint  : out:S~10.outpad[0] (.output clocked by clk)
Path Type : hold

Point                                                             Incr      Path
--------------------------------------------------------------------------------
clock clk (rise edge)                                            0.000     0.000
clock source latency                                             0.000     0.000
clk.inpad[0] (.input)                                            0.000     0.000
S~10.clk[0] (.latch)                                             0.000     0.000
S~10.Q[0] (.latch) [clock-to-output]                             0.124     0.124
out:S~10.outpad[0] (.output)                                     0.464     0.588
data arrival time                                                          0.588

clock clk (rise edge)                                            0.000     0.000
clock source latency                                             0.000     0.000
clock uncertainty                                                0.000     0.000
output external delay                                            0.000     0.000
data required time                                                         0.000
--------------------------------------------------------------------------------
data required time                                                        -0.000
data arrival time                                                          0.588
--------------------------------------------------------------------------------
slack (MET)                                                                0.588


#Path 31
Startpoint: S~7.Q[0] (.latch clocked by clk)
Endpoint  : out:S~7.outpad[0] (.output clocked by clk)
Path Type : hold

Point                                                             Incr      Path
--------------------------------------------------------------------------------
clock clk (rise edge)                                            0.000     0.000
clock source latency                                             0.000     0.000
clk.inpad[0] (.input)                                            0.000     0.000
S~7.clk[0] (.latch)                                              0.000     0.000
S~7.Q[0] (.latch) [clock-to-output]                              0.124     0.124
out:S~7.outpad[0] (.output)                                      0.518     0.642
data arrival time                                                          0.642

clock clk (rise edge)                                            0.000     0.000
clock source latency                                             0.000     0.000
clock uncertainty                                                0.000     0.000
output external delay                                            0.000     0.000
data required time                                                         0.000
--------------------------------------------------------------------------------
data required time                                                        -0.000
data arrival time                                                          0.642
--------------------------------------------------------------------------------
slack (MET)                                                                0.642


#Path 32
Startpoint: Y~13.inpad[0] (.input clocked by clk)
Endpoint  : S~16.D[0] (.latch clocked by clk)
Path Type : hold

Point                                                             Incr      Path
--------------------------------------------------------------------------------
clock clk (rise edge)                                            0.000     0.000
clock source latency                                             0.000     0.000
input external delay                                             0.000     0.000
Y~13.inpad[0] (.input)                                           0.000     0.000
new_new_n165.in[0] (.names)                                      0.168     0.168
new_new_n165.out[0] (.names)                                     0.235     0.403
n168.in[1] (.names)                                              0.150     0.554
n168.out[0] (.names)                                             0.261     0.815
S~16.D[0] (.latch)                                               0.000     0.815
data arrival time                                                          0.815

clock clk (rise edge)                                            0.000     0.000
clock source latency                                             0.000     0.000
clk.inpad[0] (.input)                                            0.000     0.000
S~16.clk[0] (.latch)                                             0.000     0.000
clock uncertainty                                                0.000     0.000
cell hold time                                                   0.066     0.066
data required time                                                         0.066
--------------------------------------------------------------------------------
data required time                                                        -0.066
data arrival time                                                          0.815
--------------------------------------------------------------------------------
slack (MET)                                                                0.749


#Path 33
Startpoint: rst.inpad[0] (.input clocked by clk)
Endpoint  : S~8.D[0] (.latch clocked by clk)
Path Type : hold

Point                                                             Incr      Path
--------------------------------------------------------------------------------
clock clk (rise edge)                                            0.000     0.000
clock source latency                                             0.000     0.000
input external delay                                             0.000     0.000
rst.inpad[0] (.input)                                            0.000     0.000
n136.in[4] (.names)                                              0.245     0.245
n136.out[0] (.names)                                             0.261     0.506
S~8.D[0] (.latch)                                                0.359     0.865
data arrival time                                                          0.865

clock clk (rise edge)                                            0.000     0.000
clock source latency                                             0.000     0.000
clk.inpad[0] (.input)                                            0.000     0.000
S~8.clk[0] (.latch)                                              0.000     0.000
clock uncertainty                                                0.000     0.000
cell hold time                                                   0.066     0.066
data required time                                                         0.066
--------------------------------------------------------------------------------
data required time                                                        -0.066
data arrival time                                                          0.865
--------------------------------------------------------------------------------
slack (MET)                                                                0.799


#Path 34
Startpoint: rst.inpad[0] (.input clocked by clk)
Endpoint  : S~11.D[0] (.latch clocked by clk)
Path Type : hold

Point                                                             Incr      Path
--------------------------------------------------------------------------------
clock clk (rise edge)                                            0.000     0.000
clock source latency                                             0.000     0.000
input external delay                                             0.000     0.000
rst.inpad[0] (.input)                                            0.000     0.000
n148.in[3] (.names)                                              0.285     0.285
n148.out[0] (.names)                                             0.235     0.520
S~11.D[0] (.latch)                                               0.380     0.900
data arrival time                                                          0.900

clock clk (rise edge)                                            0.000     0.000
clock source latency                                             0.000     0.000
clk.inpad[0] (.input)                                            0.000     0.000
S~11.clk[0] (.latch)                                             0.000     0.000
clock uncertainty                                                0.000     0.000
cell hold time                                                   0.066     0.066
data required time                                                         0.066
--------------------------------------------------------------------------------
data required time                                                        -0.066
data arrival time                                                          0.900
--------------------------------------------------------------------------------
slack (MET)                                                                0.834


#End of timing report
