#Packing pin usage report
Type: io
	Input Pin Usage:
		Max: 1.00 (0.50)
		Avg: 0.50 (0.25)
		Min: 0.00 (0.00)
		Histogram:
		[        0:      0.2) 32 ( 50.0%) |************************************************
		[      0.2:      0.4)  0 (  0.0%) |
		[      0.4:      0.6)  0 (  0.0%) |
		[      0.6:      0.8)  0 (  0.0%) |
		[      0.8:        1) 32 ( 50.0%) |************************************************
		[        1:      1.2)  0 (  0.0%) |
		[      1.2:      1.4)  0 (  0.0%) |
		[      1.4:      1.6)  0 (  0.0%) |
		[      1.6:      1.8)  0 (  0.0%) |
		[      1.8:        2)  0 (  0.0%) |
	Output Pin Usage:
		Max: 1.00 (1.00)
		Avg: 0.50 (0.50)
		Min: 0.00 (0.00)
		Histogram:
		[        0:      0.1) 32 ( 50.0%) |************************************************
		[      0.1:      0.2)  0 (  0.0%) |
		[      0.2:      0.3)  0 (  0.0%) |
		[      0.3:      0.4)  0 (  0.0%) |
		[      0.4:      0.5)  0 (  0.0%) |
		[      0.5:      0.6)  0 (  0.0%) |
		[      0.6:      0.7)  0 (  0.0%) |
		[      0.7:      0.8)  0 (  0.0%) |
		[      0.8:      0.9)  0 (  0.0%) |
		[      0.9:        1) 32 ( 50.0%) |************************************************

Type: clb
	Input Pin Usage:
		Max: 49.00 (0.91)
		Avg: 34.95 (0.65)
		Min: 2.00 (0.04)
		Histogram:
		[        0:      5.4)  28 (  4.5%) |******
		[      5.4:       11)  19 (  3.0%) |****
		[       11:       16)   2 (  0.3%) |
		[       16:       22)  14 (  2.2%) |***
		[       22:       27)  27 (  4.3%) |*****
		[       27:       32)  84 ( 13.4%) |*****************
		[       32:       38) 125 ( 20.0%) |*************************
		[       38:       43) 239 ( 38.2%) |***********************************************
		[       43:       49)  85 ( 13.6%) |*****************
		[       49:       54)   2 (  0.3%) |
	Output Pin Usage:
		Max: 19.00 (0.90)
		Avg: 7.84 (0.37)
		Min: 1.00 (0.05)
		Histogram:
		[        0:      2.1)  45 (  7.2%) |**********
		[      2.1:      4.2)  27 (  4.3%) |******
		[      4.2:      6.3) 107 ( 17.1%) |*************************
		[      6.3:      8.4) 202 ( 32.3%) |***********************************************
		[      8.4:       10) 144 ( 23.0%) |**********************************
		[       10:       13)  57 (  9.1%) |*************
		[       13:       15)  27 (  4.3%) |******
		[       15:       17)  12 (  1.9%) |***
		[       17:       19)   3 (  0.5%) |*
		[       19:       21)   1 (  0.2%) |

