#Timing report of worst 32 path(s)
# Unit scale: 1e-09 seconds
# Output precision: 3

#Path 1
Startpoint: a~1.inpad[0] (.input clocked by virtual_io_clock)
Endpoint  : out:result~1.outpad[0] (.output clocked by virtual_io_clock)
Path Type : hold

Point                                                             Incr      Path
--------------------------------------------------------------------------------
clock virtual_io_clock (rise edge)                               0.000     0.000
clock source latency                                             0.000     0.000
input external delay                                             0.000     0.000
a~1.inpad[0] (.input)                                            0.000     0.000
out:result~1.outpad[0] (.output)                                 0.217     0.217
data arrival time                                                          0.217

clock virtual_io_clock (rise edge)                               0.000     0.000
clock source latency                                             0.000     0.000
clock uncertainty                                                0.000     0.000
output external delay                                            0.000     0.000
data required time                                                         0.000
--------------------------------------------------------------------------------
data required time                                                        -0.000
data arrival time                                                          0.217
--------------------------------------------------------------------------------
slack (MET)                                                                0.217


#Path 2
Startpoint: a~0.inpad[0] (.input clocked by virtual_io_clock)
Endpoint  : out:result~0.outpad[0] (.output clocked by virtual_io_clock)
Path Type : hold

Point                                                             Incr      Path
--------------------------------------------------------------------------------
clock virtual_io_clock (rise edge)                               0.000     0.000
clock source latency                                             0.000     0.000
input external delay                                             0.000     0.000
a~0.inpad[0] (.input)                                            0.000     0.000
out:result~0.outpad[0] (.output)                                 0.217     0.217
data arrival time                                                          0.217

clock virtual_io_clock (rise edge)                               0.000     0.000
clock source latency                                             0.000     0.000
clock uncertainty                                                0.000     0.000
output external delay                                            0.000     0.000
data required time                                                         0.000
--------------------------------------------------------------------------------
data required time                                                        -0.000
data arrival time                                                          0.217
--------------------------------------------------------------------------------
slack (MET)                                                                0.217


#Path 3
Startpoint: a~20.inpad[0] (.input clocked by virtual_io_clock)
Endpoint  : out:result~26.outpad[0] (.output clocked by virtual_io_clock)
Path Type : hold

Point                                                             Incr      Path
--------------------------------------------------------------------------------
clock virtual_io_clock (rise edge)                               0.000     0.000
clock source latency                                             0.000     0.000
input external delay                                             0.000     0.000
a~20.inpad[0] (.input)                                           0.000     0.000
new_n8187.in[1] (.names)                                         0.604     0.604
new_n8187.out[0] (.names)                                        0.235     0.839
result~26.in[4] (.names)                                         0.000     0.839
result~26.out[0] (.names)                                        0.261     1.100
out:result~26.outpad[0] (.output)                                0.458     1.558
data arrival time                                                          1.558

clock virtual_io_clock (rise edge)                               0.000     0.000
clock source latency                                             0.000     0.000
clock uncertainty                                                0.000     0.000
output external delay                                            0.000     0.000
data required time                                                         0.000
--------------------------------------------------------------------------------
data required time                                                        -0.000
data arrival time                                                          1.558
--------------------------------------------------------------------------------
slack (MET)                                                                1.558


#Path 4
Startpoint: a~20.inpad[0] (.input clocked by virtual_io_clock)
Endpoint  : out:result~23.outpad[0] (.output clocked by virtual_io_clock)
Path Type : hold

Point                                                             Incr      Path
--------------------------------------------------------------------------------
clock virtual_io_clock (rise edge)                               0.000     0.000
clock source latency                                             0.000     0.000
input external delay                                             0.000     0.000
a~20.inpad[0] (.input)                                           0.000     0.000
new_n8087.in[3] (.names)                                         0.604     0.604
new_n8087.out[0] (.names)                                        0.235     0.839
result~23.in[3] (.names)                                         0.316     1.155
result~23.out[0] (.names)                                        0.235     1.390
out:result~23.outpad[0] (.output)                                0.295     1.685
data arrival time                                                          1.685

clock virtual_io_clock (rise edge)                               0.000     0.000
clock source latency                                             0.000     0.000
clock uncertainty                                                0.000     0.000
output external delay                                            0.000     0.000
data required time                                                         0.000
--------------------------------------------------------------------------------
data required time                                                        -0.000
data arrival time                                                          1.685
--------------------------------------------------------------------------------
slack (MET)                                                                1.685


#Path 5
Startpoint: a~1.inpad[0] (.input clocked by virtual_io_clock)
Endpoint  : out:result~6.outpad[0] (.output clocked by virtual_io_clock)
Path Type : hold

Point                                                             Incr      Path
--------------------------------------------------------------------------------
clock virtual_io_clock (rise edge)                               0.000     0.000
clock source latency                                             0.000     0.000
input external delay                                             0.000     0.000
a~1.inpad[0] (.input)                                            0.000     0.000
new_n7379.in[1] (.names)                                         0.896     0.896
new_n7379.out[0] (.names)                                        0.235     1.131
result~6.in[3] (.names)                                          0.000     1.131
result~6.out[0] (.names)                                         0.261     1.392
out:result~6.outpad[0] (.output)                                 0.314     1.707
data arrival time                                                          1.707

clock virtual_io_clock (rise edge)                               0.000     0.000
clock source latency                                             0.000     0.000
clock uncertainty                                                0.000     0.000
output external delay                                            0.000     0.000
data required time                                                         0.000
--------------------------------------------------------------------------------
data required time                                                        -0.000
data arrival time                                                          1.707
--------------------------------------------------------------------------------
slack (MET)                                                                1.707


#Path 6
Startpoint: a~2.inpad[0] (.input clocked by virtual_io_clock)
Endpoint  : out:result~3.outpad[0] (.output clocked by virtual_io_clock)
Path Type : hold

Point                                                             Incr      Path
--------------------------------------------------------------------------------
clock virtual_io_clock (rise edge)                               0.000     0.000
clock source latency                                             0.000     0.000
input external delay                                             0.000     0.000
a~2.inpad[0] (.input)                                            0.000     0.000
result~3.in[4] (.names)                                          1.192     1.192
result~3.out[0] (.names)                                         0.261     1.453
out:result~3.outpad[0] (.output)                                 0.309     1.762
data arrival time                                                          1.762

clock virtual_io_clock (rise edge)                               0.000     0.000
clock source latency                                             0.000     0.000
clock uncertainty                                                0.000     0.000
output external delay                                            0.000     0.000
data required time                                                         0.000
--------------------------------------------------------------------------------
data required time                                                        -0.000
data arrival time                                                          1.762
--------------------------------------------------------------------------------
slack (MET)                                                                1.762


#Path 7
Startpoint: a~1.inpad[0] (.input clocked by virtual_io_clock)
Endpoint  : out:result~5.outpad[0] (.output clocked by virtual_io_clock)
Path Type : hold

Point                                                             Incr      Path
--------------------------------------------------------------------------------
clock virtual_io_clock (rise edge)                               0.000     0.000
clock source latency                                             0.000     0.000
input external delay                                             0.000     0.000
a~1.inpad[0] (.input)                                            0.000     0.000
new_n7379.in[1] (.names)                                         0.896     0.896
new_n7379.out[0] (.names)                                        0.235     1.131
result~5.in[3] (.names)                                          0.000     1.131
result~5.out[0] (.names)                                         0.235     1.366
out:result~5.outpad[0] (.output)                                 0.439     1.805
data arrival time                                                          1.805

clock virtual_io_clock (rise edge)                               0.000     0.000
clock source latency                                             0.000     0.000
clock uncertainty                                                0.000     0.000
output external delay                                            0.000     0.000
data required time                                                         0.000
--------------------------------------------------------------------------------
data required time                                                        -0.000
data arrival time                                                          1.805
--------------------------------------------------------------------------------
slack (MET)                                                                1.805


#Path 8
Startpoint: a~20.inpad[0] (.input clocked by virtual_io_clock)
Endpoint  : out:result~24.outpad[0] (.output clocked by virtual_io_clock)
Path Type : hold

Point                                                             Incr      Path
--------------------------------------------------------------------------------
clock virtual_io_clock (rise edge)                               0.000     0.000
clock source latency                                             0.000     0.000
input external delay                                             0.000     0.000
a~20.inpad[0] (.input)                                           0.000     0.000
new_n8114.in[3] (.names)                                         0.604     0.604
new_n8114.out[0] (.names)                                        0.235     0.839
new_n8143.in[2] (.names)                                         0.217     1.056
new_n8143.out[0] (.names)                                        0.235     1.291
result~24.in[1] (.names)                                         0.000     1.291
result~24.out[0] (.names)                                        0.235     1.526
out:result~24.outpad[0] (.output)                                0.295     1.821
data arrival time                                                          1.821

clock virtual_io_clock (rise edge)                               0.000     0.000
clock source latency                                             0.000     0.000
clock uncertainty                                                0.000     0.000
output external delay                                            0.000     0.000
data required time                                                         0.000
--------------------------------------------------------------------------------
data required time                                                        -0.000
data arrival time                                                          1.821
--------------------------------------------------------------------------------
slack (MET)                                                                1.821


#Path 9
Startpoint: a~20.inpad[0] (.input clocked by virtual_io_clock)
Endpoint  : out:result~27.outpad[0] (.output clocked by virtual_io_clock)
Path Type : hold

Point                                                             Incr      Path
--------------------------------------------------------------------------------
clock virtual_io_clock (rise edge)                               0.000     0.000
clock source latency                                             0.000     0.000
input external delay                                             0.000     0.000
a~20.inpad[0] (.input)                                           0.000     0.000
new_n8187.in[1] (.names)                                         0.604     0.604
new_n8187.out[0] (.names)                                        0.235     0.839
new_n8211.in[4] (.names)                                         0.218     1.057
new_n8211.out[0] (.names)                                        0.235     1.292
result~27.in[1] (.names)                                         0.000     1.292
result~27.out[0] (.names)                                        0.235     1.527
out:result~27.outpad[0] (.output)                                0.295     1.822
data arrival time                                                          1.822

clock virtual_io_clock (rise edge)                               0.000     0.000
clock source latency                                             0.000     0.000
clock uncertainty                                                0.000     0.000
output external delay                                            0.000     0.000
data required time                                                         0.000
--------------------------------------------------------------------------------
data required time                                                        -0.000
data arrival time                                                          1.822
--------------------------------------------------------------------------------
slack (MET)                                                                1.822


#Path 10
Startpoint: a~20.inpad[0] (.input clocked by virtual_io_clock)
Endpoint  : out:result~22.outpad[0] (.output clocked by virtual_io_clock)
Path Type : hold

Point                                                             Incr      Path
--------------------------------------------------------------------------------
clock virtual_io_clock (rise edge)                               0.000     0.000
clock source latency                                             0.000     0.000
input external delay                                             0.000     0.000
a~20.inpad[0] (.input)                                           0.000     0.000
new_n8087.in[3] (.names)                                         0.604     0.604
new_n8087.out[0] (.names)                                        0.235     0.839
new_n8085.in[1] (.names)                                         0.315     1.154
new_n8085.out[0] (.names)                                        0.235     1.389
result~22.in[1] (.names)                                         0.000     1.389
result~22.out[0] (.names)                                        0.235     1.624
out:result~22.outpad[0] (.output)                                0.296     1.920
data arrival time                                                          1.920

clock virtual_io_clock (rise edge)                               0.000     0.000
clock source latency                                             0.000     0.000
clock uncertainty                                                0.000     0.000
output external delay                                            0.000     0.000
data required time                                                         0.000
--------------------------------------------------------------------------------
data required time                                                        -0.000
data arrival time                                                          1.920
--------------------------------------------------------------------------------
slack (MET)                                                                1.920


#Path 11
Startpoint: a~26.inpad[0] (.input clocked by virtual_io_clock)
Endpoint  : out:result~31.outpad[0] (.output clocked by virtual_io_clock)
Path Type : hold

Point                                                             Incr      Path
--------------------------------------------------------------------------------
clock virtual_io_clock (rise edge)                               0.000     0.000
clock source latency                                             0.000     0.000
input external delay                                             0.000     0.000
a~26.inpad[0] (.input)                                           0.000     0.000
new_n8273.in[3] (.names)                                         0.925     0.925
new_n8273.out[0] (.names)                                        0.261     1.186
result~31.in[3] (.names)                                         0.294     1.481
result~31.out[0] (.names)                                        0.261     1.742
out:result~31.outpad[0] (.output)                                0.217     1.958
data arrival time                                                          1.958

clock virtual_io_clock (rise edge)                               0.000     0.000
clock source latency                                             0.000     0.000
clock uncertainty                                                0.000     0.000
output external delay                                            0.000     0.000
data required time                                                         0.000
--------------------------------------------------------------------------------
data required time                                                        -0.000
data arrival time                                                          1.958
--------------------------------------------------------------------------------
slack (MET)                                                                1.958


#Path 12
Startpoint: a~20.inpad[0] (.input clocked by virtual_io_clock)
Endpoint  : out:result~29.outpad[0] (.output clocked by virtual_io_clock)
Path Type : hold

Point                                                             Incr      Path
--------------------------------------------------------------------------------
clock virtual_io_clock (rise edge)                               0.000     0.000
clock source latency                                             0.000     0.000
input external delay                                             0.000     0.000
a~20.inpad[0] (.input)                                           0.000     0.000
new_n8187.in[1] (.names)                                         0.604     0.604
new_n8187.out[0] (.names)                                        0.235     0.839
new_n8211.in[4] (.names)                                         0.218     1.057
new_n8211.out[0] (.names)                                        0.235     1.292
new_n8249.in[1] (.names)                                         0.000     1.292
new_n8249.out[0] (.names)                                        0.261     1.553
result~29.in[0] (.names)                                         0.000     1.553
result~29.out[0] (.names)                                        0.235     1.788
out:result~29.outpad[0] (.output)                                0.214     2.002
data arrival time                                                          2.002

clock virtual_io_clock (rise edge)                               0.000     0.000
clock source latency                                             0.000     0.000
clock uncertainty                                                0.000     0.000
output external delay                                            0.000     0.000
data required time                                                         0.000
--------------------------------------------------------------------------------
data required time                                                        -0.000
data arrival time                                                          2.002
--------------------------------------------------------------------------------
slack (MET)                                                                2.002


#Path 13
Startpoint: a~26.inpad[0] (.input clocked by virtual_io_clock)
Endpoint  : out:result~30.outpad[0] (.output clocked by virtual_io_clock)
Path Type : hold

Point                                                             Incr      Path
--------------------------------------------------------------------------------
clock virtual_io_clock (rise edge)                               0.000     0.000
clock source latency                                             0.000     0.000
input external delay                                             0.000     0.000
a~26.inpad[0] (.input)                                           0.000     0.000
new_n8273.in[3] (.names)                                         0.925     0.925
new_n8273.out[0] (.names)                                        0.261     1.186
result~30.in[3] (.names)                                         0.294     1.481
result~30.out[0] (.names)                                        0.235     1.716
out:result~30.outpad[0] (.output)                                0.294     2.009
data arrival time                                                          2.009

clock virtual_io_clock (rise edge)                               0.000     0.000
clock source latency                                             0.000     0.000
clock uncertainty                                                0.000     0.000
output external delay                                            0.000     0.000
data required time                                                         0.000
--------------------------------------------------------------------------------
data required time                                                        -0.000
data arrival time                                                          2.009
--------------------------------------------------------------------------------
slack (MET)                                                                2.009


#Path 14
Startpoint: a~14.inpad[0] (.input clocked by virtual_io_clock)
Endpoint  : out:result~16.outpad[0] (.output clocked by virtual_io_clock)
Path Type : hold

Point                                                             Incr      Path
--------------------------------------------------------------------------------
clock virtual_io_clock (rise edge)                               0.000     0.000
clock source latency                                             0.000     0.000
input external delay                                             0.000     0.000
a~14.inpad[0] (.input)                                           0.000     0.000
new_n7855.in[2] (.names)                                         0.789     0.789
new_n7855.out[0] (.names)                                        0.235     1.024
new_n7923.in[2] (.names)                                         0.000     1.024
new_n7923.out[0] (.names)                                        0.261     1.285
result~16.in[4] (.names)                                         0.219     1.504
result~16.out[0] (.names)                                        0.261     1.765
out:result~16.outpad[0] (.output)                                0.291     2.056
data arrival time                                                          2.056

clock virtual_io_clock (rise edge)                               0.000     0.000
clock source latency                                             0.000     0.000
clock uncertainty                                                0.000     0.000
output external delay                                            0.000     0.000
data required time                                                         0.000
--------------------------------------------------------------------------------
data required time                                                        -0.000
data arrival time                                                          2.056
--------------------------------------------------------------------------------
slack (MET)                                                                2.056


#Path 15
Startpoint: a~14.inpad[0] (.input clocked by virtual_io_clock)
Endpoint  : out:result~15.outpad[0] (.output clocked by virtual_io_clock)
Path Type : hold

Point                                                             Incr      Path
--------------------------------------------------------------------------------
clock virtual_io_clock (rise edge)                               0.000     0.000
clock source latency                                             0.000     0.000
input external delay                                             0.000     0.000
a~14.inpad[0] (.input)                                           0.000     0.000
new_n7855.in[2] (.names)                                         0.789     0.789
new_n7855.out[0] (.names)                                        0.235     1.024
new_n7854.in[3] (.names)                                         0.000     1.024
new_n7854.out[0] (.names)                                        0.261     1.285
result~15.in[3] (.names)                                         0.370     1.655
result~15.out[0] (.names)                                        0.235     1.890
out:result~15.outpad[0] (.output)                                0.217     2.107
data arrival time                                                          2.107

clock virtual_io_clock (rise edge)                               0.000     0.000
clock source latency                                             0.000     0.000
clock uncertainty                                                0.000     0.000
output external delay                                            0.000     0.000
data required time                                                         0.000
--------------------------------------------------------------------------------
data required time                                                        -0.000
data arrival time                                                          2.107
--------------------------------------------------------------------------------
slack (MET)                                                                2.107


#Path 16
Startpoint: a~2.inpad[0] (.input clocked by virtual_io_clock)
Endpoint  : out:result~8.outpad[0] (.output clocked by virtual_io_clock)
Path Type : hold

Point                                                             Incr      Path
--------------------------------------------------------------------------------
clock virtual_io_clock (rise edge)                               0.000     0.000
clock source latency                                             0.000     0.000
input external delay                                             0.000     0.000
a~2.inpad[0] (.input)                                            0.000     0.000
new_n7496.in[1] (.names)                                         1.020     1.020
new_n7496.out[0] (.names)                                        0.235     1.255
result~8.in[2] (.names)                                          0.190     1.444
result~8.out[0] (.names)                                         0.235     1.679
out:result~8.outpad[0] (.output)                                 0.438     2.117
data arrival time                                                          2.117

clock virtual_io_clock (rise edge)                               0.000     0.000
clock source latency                                             0.000     0.000
clock uncertainty                                                0.000     0.000
output external delay                                            0.000     0.000
data required time                                                         0.000
--------------------------------------------------------------------------------
data required time                                                        -0.000
data arrival time                                                          2.117
--------------------------------------------------------------------------------
slack (MET)                                                                2.117


#Path 17
Startpoint: a~14.inpad[0] (.input clocked by virtual_io_clock)
Endpoint  : out:result~19.outpad[0] (.output clocked by virtual_io_clock)
Path Type : hold

Point                                                             Incr      Path
--------------------------------------------------------------------------------
clock virtual_io_clock (rise edge)                               0.000     0.000
clock source latency                                             0.000     0.000
input external delay                                             0.000     0.000
a~14.inpad[0] (.input)                                           0.000     0.000
new_n7929.in[3] (.names)                                         0.789     0.789
new_n7929.out[0] (.names)                                        0.235     1.024
new_n7991.in[1] (.names)                                         0.150     1.174
new_n7991.out[0] (.names)                                        0.235     1.409
result~19.in[0] (.names)                                         0.292     1.701
result~19.out[0] (.names)                                        0.235     1.936
out:result~19.outpad[0] (.output)                                0.217     2.153
data arrival time                                                          2.153

clock virtual_io_clock (rise edge)                               0.000     0.000
clock source latency                                             0.000     0.000
clock uncertainty                                                0.000     0.000
output external delay                                            0.000     0.000
data required time                                                         0.000
--------------------------------------------------------------------------------
data required time                                                        -0.000
data arrival time                                                          2.153
--------------------------------------------------------------------------------
slack (MET)                                                                2.153


#Path 18
Startpoint: a~20.inpad[0] (.input clocked by virtual_io_clock)
Endpoint  : out:result~20.outpad[0] (.output clocked by virtual_io_clock)
Path Type : hold

Point                                                             Incr      Path
--------------------------------------------------------------------------------
clock virtual_io_clock (rise edge)                               0.000     0.000
clock source latency                                             0.000     0.000
input external delay                                             0.000     0.000
a~20.inpad[0] (.input)                                           0.000     0.000
new_n7997.in[3] (.names)                                         0.847     0.847
new_n7997.out[0] (.names)                                        0.235     1.082
new_n8052.in[1] (.names)                                         0.000     1.082
new_n8052.out[0] (.names)                                        0.235     1.317
result~20.in[4] (.names)                                         0.170     1.487
result~20.out[0] (.names)                                        0.235     1.722
out:result~20.outpad[0] (.output)                                0.435     2.157
data arrival time                                                          2.157

clock virtual_io_clock (rise edge)                               0.000     0.000
clock source latency                                             0.000     0.000
clock uncertainty                                                0.000     0.000
output external delay                                            0.000     0.000
data required time                                                         0.000
--------------------------------------------------------------------------------
data required time                                                        -0.000
data arrival time                                                          2.157
--------------------------------------------------------------------------------
slack (MET)                                                                2.157


#Path 19
Startpoint: a~2.inpad[0] (.input clocked by virtual_io_clock)
Endpoint  : out:result~11.outpad[0] (.output clocked by virtual_io_clock)
Path Type : hold

Point                                                             Incr      Path
--------------------------------------------------------------------------------
clock virtual_io_clock (rise edge)                               0.000     0.000
clock source latency                                             0.000     0.000
input external delay                                             0.000     0.000
a~2.inpad[0] (.input)                                            0.000     0.000
new_n7496.in[1] (.names)                                         1.020     1.020
new_n7496.out[0] (.names)                                        0.235     1.255
new_n7595.in[1] (.names)                                         0.000     1.255
new_n7595.out[0] (.names)                                        0.235     1.490
result~11.in[0] (.names)                                         0.195     1.685
result~11.out[0] (.names)                                        0.261     1.946
out:result~11.outpad[0] (.output)                                0.214     2.159
data arrival time                                                          2.159

clock virtual_io_clock (rise edge)                               0.000     0.000
clock source latency                                             0.000     0.000
clock uncertainty                                                0.000     0.000
output external delay                                            0.000     0.000
data required time                                                         0.000
--------------------------------------------------------------------------------
data required time                                                        -0.000
data arrival time                                                          2.159
--------------------------------------------------------------------------------
slack (MET)                                                                2.159


#Path 20
Startpoint: a~14.inpad[0] (.input clocked by virtual_io_clock)
Endpoint  : out:result~18.outpad[0] (.output clocked by virtual_io_clock)
Path Type : hold

Point                                                             Incr      Path
--------------------------------------------------------------------------------
clock virtual_io_clock (rise edge)                               0.000     0.000
clock source latency                                             0.000     0.000
input external delay                                             0.000     0.000
a~14.inpad[0] (.input)                                           0.000     0.000
new_n7929.in[3] (.names)                                         0.789     0.789
new_n7929.out[0] (.names)                                        0.235     1.024
result~18.in[2] (.names)                                         0.391     1.414
result~18.out[0] (.names)                                        0.235     1.649
out:result~18.outpad[0] (.output)                                0.517     2.167
data arrival time                                                          2.167

clock virtual_io_clock (rise edge)                               0.000     0.000
clock source latency                                             0.000     0.000
clock uncertainty                                                0.000     0.000
output external delay                                            0.000     0.000
data required time                                                         0.000
--------------------------------------------------------------------------------
data required time                                                        -0.000
data arrival time                                                          2.167
--------------------------------------------------------------------------------
slack (MET)                                                                2.167


#Path 21
Startpoint: a~20.inpad[0] (.input clocked by virtual_io_clock)
Endpoint  : out:result~21.outpad[0] (.output clocked by virtual_io_clock)
Path Type : hold

Point                                                             Incr      Path
--------------------------------------------------------------------------------
clock virtual_io_clock (rise edge)                               0.000     0.000
clock source latency                                             0.000     0.000
input external delay                                             0.000     0.000
a~20.inpad[0] (.input)                                           0.000     0.000
new_n7997.in[3] (.names)                                         0.847     0.847
new_n7997.out[0] (.names)                                        0.235     1.082
new_n8052.in[1] (.names)                                         0.000     1.082
new_n8052.out[0] (.names)                                        0.235     1.317
result~21.in[4] (.names)                                         0.171     1.488
result~21.out[0] (.names)                                        0.261     1.749
out:result~21.outpad[0] (.output)                                0.436     2.185
data arrival time                                                          2.185

clock virtual_io_clock (rise edge)                               0.000     0.000
clock source latency                                             0.000     0.000
clock uncertainty                                                0.000     0.000
output external delay                                            0.000     0.000
data required time                                                         0.000
--------------------------------------------------------------------------------
data required time                                                        -0.000
data arrival time                                                          2.185
--------------------------------------------------------------------------------
slack (MET)                                                                2.185


#Path 22
Startpoint: a~2.inpad[0] (.input clocked by virtual_io_clock)
Endpoint  : out:result~10.outpad[0] (.output clocked by virtual_io_clock)
Path Type : hold

Point                                                             Incr      Path
--------------------------------------------------------------------------------
clock virtual_io_clock (rise edge)                               0.000     0.000
clock source latency                                             0.000     0.000
input external delay                                             0.000     0.000
a~2.inpad[0] (.input)                                            0.000     0.000
new_n7496.in[1] (.names)                                         1.020     1.020
new_n7496.out[0] (.names)                                        0.235     1.255
new_n7595.in[1] (.names)                                         0.000     1.255
new_n7595.out[0] (.names)                                        0.235     1.490
result~10.in[0] (.names)                                         0.195     1.685
result~10.out[0] (.names)                                        0.235     1.920
out:result~10.outpad[0] (.output)                                0.294     2.213
data arrival time                                                          2.213

clock virtual_io_clock (rise edge)                               0.000     0.000
clock source latency                                             0.000     0.000
clock uncertainty                                                0.000     0.000
output external delay                                            0.000     0.000
data required time                                                         0.000
--------------------------------------------------------------------------------
data required time                                                        -0.000
data arrival time                                                          2.213
--------------------------------------------------------------------------------
slack (MET)                                                                2.213


#Path 23
Startpoint: a~20.inpad[0] (.input clocked by virtual_io_clock)
Endpoint  : out:result~28.outpad[0] (.output clocked by virtual_io_clock)
Path Type : hold

Point                                                             Incr      Path
--------------------------------------------------------------------------------
clock virtual_io_clock (rise edge)                               0.000     0.000
clock source latency                                             0.000     0.000
input external delay                                             0.000     0.000
a~20.inpad[0] (.input)                                           0.000     0.000
new_n8187.in[1] (.names)                                         0.604     0.604
new_n8187.out[0] (.names)                                        0.235     0.839
new_n8211.in[4] (.names)                                         0.218     1.057
new_n8211.out[0] (.names)                                        0.235     1.292
result~28.in[1] (.names)                                         0.218     1.510
result~28.out[0] (.names)                                        0.261     1.771
out:result~28.outpad[0] (.output)                                0.456     2.227
data arrival time                                                          2.227

clock virtual_io_clock (rise edge)                               0.000     0.000
clock source latency                                             0.000     0.000
clock uncertainty                                                0.000     0.000
output external delay                                            0.000     0.000
data required time                                                         0.000
--------------------------------------------------------------------------------
data required time                                                        -0.000
data arrival time                                                          2.227
--------------------------------------------------------------------------------
slack (MET)                                                                2.227


#Path 24
Startpoint: a~14.inpad[0] (.input clocked by virtual_io_clock)
Endpoint  : out:result~17.outpad[0] (.output clocked by virtual_io_clock)
Path Type : hold

Point                                                             Incr      Path
--------------------------------------------------------------------------------
clock virtual_io_clock (rise edge)                               0.000     0.000
clock source latency                                             0.000     0.000
input external delay                                             0.000     0.000
a~14.inpad[0] (.input)                                           0.000     0.000
new_n7929.in[3] (.names)                                         0.789     0.789
new_n7929.out[0] (.names)                                        0.235     1.024
new_n7928.in[0] (.names)                                         0.150     1.174
new_n7928.out[0] (.names)                                        0.235     1.409
result~17.in[1] (.names)                                         0.340     1.749
result~17.out[0] (.names)                                        0.235     1.984
out:result~17.outpad[0] (.output)                                0.293     2.277
data arrival time                                                          2.277

clock virtual_io_clock (rise edge)                               0.000     0.000
clock source latency                                             0.000     0.000
clock uncertainty                                                0.000     0.000
output external delay                                            0.000     0.000
data required time                                                         0.000
--------------------------------------------------------------------------------
data required time                                                        -0.000
data arrival time                                                          2.277
--------------------------------------------------------------------------------
slack (MET)                                                                2.277


#Path 25
Startpoint: a~2.inpad[0] (.input clocked by virtual_io_clock)
Endpoint  : out:result~9.outpad[0] (.output clocked by virtual_io_clock)
Path Type : hold

Point                                                             Incr      Path
--------------------------------------------------------------------------------
clock virtual_io_clock (rise edge)                               0.000     0.000
clock source latency                                             0.000     0.000
input external delay                                             0.000     0.000
a~2.inpad[0] (.input)                                            0.000     0.000
new_n7496.in[1] (.names)                                         1.020     1.020
new_n7496.out[0] (.names)                                        0.235     1.255
new_n7595.in[1] (.names)                                         0.000     1.255
new_n7595.out[0] (.names)                                        0.235     1.490
result~9.in[0] (.names)                                          0.195     1.685
result~9.out[0] (.names)                                         0.235     1.920
out:result~9.outpad[0] (.output)                                 0.441     2.361
data arrival time                                                          2.361

clock virtual_io_clock (rise edge)                               0.000     0.000
clock source latency                                             0.000     0.000
clock uncertainty                                                0.000     0.000
output external delay                                            0.000     0.000
data required time                                                         0.000
--------------------------------------------------------------------------------
data required time                                                        -0.000
data arrival time                                                          2.361
--------------------------------------------------------------------------------
slack (MET)                                                                2.361


#Path 26
Startpoint: a~14.inpad[0] (.input clocked by virtual_io_clock)
Endpoint  : out:result~13.outpad[0] (.output clocked by virtual_io_clock)
Path Type : hold

Point                                                             Incr      Path
--------------------------------------------------------------------------------
clock virtual_io_clock (rise edge)                               0.000     0.000
clock source latency                                             0.000     0.000
input external delay                                             0.000     0.000
a~14.inpad[0] (.input)                                           0.000     0.000
new_n7779.in[3] (.names)                                         0.932     0.932
new_n7779.out[0] (.names)                                        0.235     1.167
new_n7777.in[1] (.names)                                         0.000     1.167
new_n7777.out[0] (.names)                                        0.235     1.402
result~13.in[5] (.names)                                         0.295     1.697
result~13.out[0] (.names)                                        0.261     1.958
out:result~13.outpad[0] (.output)                                0.440     2.398
data arrival time                                                          2.398

clock virtual_io_clock (rise edge)                               0.000     0.000
clock source latency                                             0.000     0.000
clock uncertainty                                                0.000     0.000
output external delay                                            0.000     0.000
data required time                                                         0.000
--------------------------------------------------------------------------------
data required time                                                        -0.000
data arrival time                                                          2.398
--------------------------------------------------------------------------------
slack (MET)                                                                2.398


#Path 27
Startpoint: a~2.inpad[0] (.input clocked by virtual_io_clock)
Endpoint  : out:result~7.outpad[0] (.output clocked by virtual_io_clock)
Path Type : hold

Point                                                             Incr      Path
--------------------------------------------------------------------------------
clock virtual_io_clock (rise edge)                               0.000     0.000
clock source latency                                             0.000     0.000
input external delay                                             0.000     0.000
a~2.inpad[0] (.input)                                            0.000     0.000
new_n7496.in[1] (.names)                                         1.020     1.020
new_n7496.out[0] (.names)                                        0.235     1.255
new_n7495.in[0] (.names)                                         0.000     1.255
new_n7495.out[0] (.names)                                        0.235     1.490
result~7.in[1] (.names)                                          0.337     1.827
result~7.out[0] (.names)                                         0.235     2.062
out:result~7.outpad[0] (.output)                                 0.456     2.518
data arrival time                                                          2.518

clock virtual_io_clock (rise edge)                               0.000     0.000
clock source latency                                             0.000     0.000
clock uncertainty                                                0.000     0.000
output external delay                                            0.000     0.000
data required time                                                         0.000
--------------------------------------------------------------------------------
data required time                                                        -0.000
data arrival time                                                          2.518
--------------------------------------------------------------------------------
slack (MET)                                                                2.518


#Path 28
Startpoint: a~2.inpad[0] (.input clocked by virtual_io_clock)
Endpoint  : out:result~12.outpad[0] (.output clocked by virtual_io_clock)
Path Type : hold

Point                                                             Incr      Path
--------------------------------------------------------------------------------
clock virtual_io_clock (rise edge)                               0.000     0.000
clock source latency                                             0.000     0.000
input external delay                                             0.000     0.000
a~2.inpad[0] (.input)                                            0.000     0.000
new_n7496.in[1] (.names)                                         1.020     1.020
new_n7496.out[0] (.names)                                        0.235     1.255
new_n7595.in[1] (.names)                                         0.000     1.255
new_n7595.out[0] (.names)                                        0.235     1.490
new_n7727.in[4] (.names)                                         0.195     1.685
new_n7727.out[0] (.names)                                        0.261     1.946
result~12.in[3] (.names)                                         0.150     2.096
result~12.out[0] (.names)                                        0.235     2.331
out:result~12.outpad[0] (.output)                                0.217     2.548
data arrival time                                                          2.548

clock virtual_io_clock (rise edge)                               0.000     0.000
clock source latency                                             0.000     0.000
clock uncertainty                                                0.000     0.000
output external delay                                            0.000     0.000
data required time                                                         0.000
--------------------------------------------------------------------------------
data required time                                                        -0.000
data arrival time                                                          2.548
--------------------------------------------------------------------------------
slack (MET)                                                                2.548


#Path 29
Startpoint: a~2.inpad[0] (.input clocked by virtual_io_clock)
Endpoint  : out:result~4.outpad[0] (.output clocked by virtual_io_clock)
Path Type : hold

Point                                                             Incr      Path
--------------------------------------------------------------------------------
clock virtual_io_clock (rise edge)                               0.000     0.000
clock source latency                                             0.000     0.000
input external delay                                             0.000     0.000
a~2.inpad[0] (.input)                                            0.000     0.000
new_n7317.in[3] (.names)                                         1.632     1.632
new_n7317.out[0] (.names)                                        0.261     1.893
result~4.in[0] (.names)                                          0.000     1.893
result~4.out[0] (.names)                                         0.235     2.128
out:result~4.outpad[0] (.output)                                 0.459     2.587
data arrival time                                                          2.587

clock virtual_io_clock (rise edge)                               0.000     0.000
clock source latency                                             0.000     0.000
clock uncertainty                                                0.000     0.000
output external delay                                            0.000     0.000
data required time                                                         0.000
--------------------------------------------------------------------------------
data required time                                                        -0.000
data arrival time                                                          2.587
--------------------------------------------------------------------------------
slack (MET)                                                                2.587


#Path 30
Startpoint: a~5.inpad[0] (.input clocked by virtual_io_clock)
Endpoint  : out:result~2.outpad[0] (.output clocked by virtual_io_clock)
Path Type : hold

Point                                                             Incr      Path
--------------------------------------------------------------------------------
clock virtual_io_clock (rise edge)                               0.000     0.000
clock source latency                                             0.000     0.000
input external delay                                             0.000     0.000
a~5.inpad[0] (.input)                                            0.000     0.000
new_n7134.in[3] (.names)                                         1.239     1.239
new_n7134.out[0] (.names)                                        0.235     1.474
new_n7201.in[2] (.names)                                         0.000     1.474
new_n7201.out[0] (.names)                                        0.261     1.735
result~2.in[1] (.names)                                          0.442     2.177
result~2.out[0] (.names)                                         0.235     2.412
out:result~2.outpad[0] (.output)                                 0.315     2.728
data arrival time                                                          2.728

clock virtual_io_clock (rise edge)                               0.000     0.000
clock source latency                                             0.000     0.000
clock uncertainty                                                0.000     0.000
output external delay                                            0.000     0.000
data required time                                                         0.000
--------------------------------------------------------------------------------
data required time                                                        -0.000
data arrival time                                                          2.728
--------------------------------------------------------------------------------
slack (MET)                                                                2.728


#Path 31
Startpoint: a~14.inpad[0] (.input clocked by virtual_io_clock)
Endpoint  : out:result~14.outpad[0] (.output clocked by virtual_io_clock)
Path Type : hold

Point                                                             Incr      Path
--------------------------------------------------------------------------------
clock virtual_io_clock (rise edge)                               0.000     0.000
clock source latency                                             0.000     0.000
input external delay                                             0.000     0.000
a~14.inpad[0] (.input)                                           0.000     0.000
new_n7779.in[3] (.names)                                         0.932     0.932
new_n7779.out[0] (.names)                                        0.235     1.167
new_n7777.in[1] (.names)                                         0.000     1.167
new_n7777.out[0] (.names)                                        0.235     1.402
new_n7815.in[5] (.names)                                         0.292     1.694
new_n7815.out[0] (.names)                                        0.261     1.955
result~14.in[0] (.names)                                         0.294     2.249
result~14.out[0] (.names)                                        0.235     2.484
out:result~14.outpad[0] (.output)                                0.515     2.999
data arrival time                                                          2.999

clock virtual_io_clock (rise edge)                               0.000     0.000
clock source latency                                             0.000     0.000
clock uncertainty                                                0.000     0.000
output external delay                                            0.000     0.000
data required time                                                         0.000
--------------------------------------------------------------------------------
data required time                                                        -0.000
data arrival time                                                          2.999
--------------------------------------------------------------------------------
slack (MET)                                                                2.999


#Path 32
Startpoint: a~20.inpad[0] (.input clocked by virtual_io_clock)
Endpoint  : out:result~25.outpad[0] (.output clocked by virtual_io_clock)
Path Type : hold

Point                                                             Incr      Path
--------------------------------------------------------------------------------
clock virtual_io_clock (rise edge)                               0.000     0.000
clock source latency                                             0.000     0.000
input external delay                                             0.000     0.000
a~20.inpad[0] (.input)                                           0.000     0.000
new_n8187.in[1] (.names)                                         0.604     0.604
new_n8187.out[0] (.names)                                        0.235     0.839
result~25.in[4] (.names)                                         1.251     2.090
result~25.out[0] (.names)                                        0.235     2.325
out:result~25.outpad[0] (.output)                                1.520     3.845
data arrival time                                                          3.845

clock virtual_io_clock (rise edge)                               0.000     0.000
clock source latency                                             0.000     0.000
clock uncertainty                                                0.000     0.000
output external delay                                            0.000     0.000
data required time                                                         0.000
--------------------------------------------------------------------------------
data required time                                                        -0.000
data arrival time                                                          3.845
--------------------------------------------------------------------------------
slack (MET)                                                                3.845


#End of timing report
