/usr/bin/env time -v /home/moises-leiva/vtr-verilog-to-routing/abc/abc -c echo ""; echo "Load Netlist"; echo "============"; read 0_BK_16b.parmys.blif; time; echo ""; echo "Circuit Info"; echo "=========="; print_stats; print_latch; time; echo ""; echo "LUT Costs"; echo "========="; print_lut; time; echo ""; echo "Logic Opt + Techmap"; echo "==================="; strash; ifraig -v; scorr -v; dc2 -v; dch -f; if -K 6 -v; mfs2 -v; print_stats; time; echo ""; echo "Output Netlist"; echo "=============="; write_hie 0_BK_16b.parmys.blif 0_BK_16b.raw.abc.blif; time;
ABC command line: "echo ""; echo "Load Netlist"; echo "============"; read 0_BK_16b.parmys.blif; time; echo ""; echo "Circuit Info"; echo "=========="; print_stats; print_latch; time; echo ""; echo "LUT Costs"; echo "========="; print_lut; time; echo ""; echo "Logic Opt + Techmap"; echo "==================="; strash; ifraig -v; scorr -v; dc2 -v; dch -f; if -K 6 -v; mfs2 -v; print_stats; time; echo ""; echo "Output Netlist"; echo "=============="; write_hie 0_BK_16b.parmys.blif 0_BK_16b.raw.abc.blif; time;".

 
Load Netlist 
============ 
Hierarchy reader converted 1 instances of blackboxes.
elapse: 0.00 seconds, total: 0.00 seconds
 
Circuit Info 
========== 
[1;37mUBBKA_15_0_15_0               :[0m i/o =   34/   18  lat =   17  nd =   130  edge =    271  cube =   201  lev = 15
Total latches =    17. Init0 = 17. Init1 = 0. InitDC = 0. Const data = 0.
elapse: 0.00 seconds, total: 0.01 seconds
 
LUT Costs 
========= 
# The area/delay of k-variable LUTs:
# k    area     delay
1      1.00      1.00
2      1.00      1.00
3      1.00      1.00
4      1.00      1.00
elapse: 0.00 seconds, total: 0.01 seconds
 
Logic Opt + Techmap 
=================== 
SimWords = 32. Rounds = 4. Mem = 0.03 MB.  Classes: Beg = 0. End = 0.
Proof = 0. Counter-example = 0. Fail = 0. FailReal = 0. Zero = 0.
Final = 189. Miter = 189. Total = 189. Mux = 0. (Exor = 0.) SatVars = 0.
AIG simulation   =     0.00 sec
AIG traversal    =     0.00 sec
SAT solving      =     0.00 sec
    Unsat        =     0.00 sec
    Sat          =     0.00 sec
    Fail         =     0.00 sec
Class refining   =     0.00 sec
TOTAL RUNTIME    =     0.00 sec
Allocated 0.01 MB to store simulation information.
Initial simulation of 4 frames with 2 words.     Time =     0.00 sec
Collecting candidate equivalence classes.        Time =     0.00 sec
Simulation of 4 frames with 2 words ( 0 rounds). Time =     0.00 sec
Before BMC: Equiv classes: Const1 =     2. Class =     1. Lit =     3.
After  BMC: Equiv classes: Const1 =     0. Class =     0. Lit =     0.
  0 : C =      0. Cl =      0. LR =     0. NR =   378. F =    0. - T =     0.00 sec
Parameters: F = 1. AddF = 2. C-lim = 1000. Constr = 0. MaxLev = 0. Mem = 0.01 MB.
AIG       : PI = 34. PO = 18. Latch = 17. Node = 189.  Ave SAT vars = 0.
SAT calls : Proof = 0. Cex = 2. Fail = 0. Lits proved = 0.
SAT solver: Vars max = 152. Calls max = 0. Recycles = 0. Sim rounds = 0.
NBeg = 189. NEnd = 189. (Gain =   0.00 %).  RBeg = 17. REnd = 17. (Gain =   0.00 %).
BMC         =     0.00 sec (  3.88 %)
Spec reduce =     0.00 sec (  1.23 %)
Mark cones  =     0.00 sec (  0.00 %)
Sim SAT     =     0.00 sec (  0.46 %)
SAT solving =     0.00 sec (  2.46 %)
  unsat     =     0.00 sec (  0.00 %)
  sat       =     0.00 sec (  2.46 %)
  undecided =     0.00 sec (  0.00 %)
Other       =     0.00 sec ( 91.97 %)
TOTAL       =     0.00 sec (100.00 %)
Starting:  UBBKA_15_0_15_0 : pi =    34  po =    18  lat =    17  and =     189  lev =  17
Rewrite:   UBBKA_15_0_15_0 : pi =    34  po =    18  lat =    17  and =     171  lev =  21
Refactor:  UBBKA_15_0_15_0 : pi =    34  po =    18  lat =    17  and =     152  lev =  23
Balance:   UBBKA_15_0_15_0 : pi =    34  po =    18  lat =    17  and =     149  lev =  25
Rewrite:   UBBKA_15_0_15_0 : pi =    34  po =    18  lat =    17  and =     140  lev =  29
RewriteZ:  UBBKA_15_0_15_0 : pi =    34  po =    18  lat =    17  and =     129  lev =  33
RefactorZ: UBBKA_15_0_15_0 : pi =    34  po =    18  lat =    17  and =     129  lev =  33
RewriteZ:  UBBKA_15_0_15_0 : pi =    34  po =    18  lat =    17  and =     129  lev =  33
K = 6. Memory (bytes): Truth =    0. Cut =   56. Obj =  136. Set =  600. CutMin = no
Node =     154.  Ch =     9.  Total mem =    0.03 MB. Peak cut mem =    0.01 MB.
P:  Del =    7.00.  Ar =      45.0.  Edge =      158.  Cut =     1715.  T =     0.00 sec
P:  Del =    7.00.  Ar =      33.0.  Edge =      151.  Cut =     1644.  T =     0.00 sec
P:  Del =    7.00.  Ar =      32.0.  Edge =      147.  Cut =     1956.  T =     0.00 sec
F:  Del =    7.00.  Ar =      32.0.  Edge =      147.  Cut =     1559.  T =     0.00 sec
A:  Del =    7.00.  Ar =      32.0.  Edge =      138.  Cut =     1543.  T =     0.00 sec
A:  Del =    7.00.  Ar =      32.0.  Edge =      138.  Cut =     1569.  T =     0.00 sec
Total time =     0.00 sec
Performing MFS with 51 PIs, 35 POs, 32 nodes (32 flexible, 0 fixed, 0 empty).
Nodes = 32. Try = 32. Resub = 0. Div = 729 (ave = 22). SAT calls = 428. Timeouts = 0. MaxDivs = 0.
Attempts :   Remove      0 out of    138 (  0.00 %)   Resub       0 out of      5 (  0.00 %)   
Reduction:   Nodes       0 out of     32 (  0.00 %)   Edges       0 out of    138 (  0.00 %)   
Win =     0.00 sec (  0.65 %)
Div =     0.00 sec (  0.82 %)
Cnf =     0.00 sec ( 10.45 %)
Sat =     0.00 sec ( 56.47 %)
Oth =     0.00 sec ( 31.61 %)
ALL =     0.00 sec (100.00 %)
[1;37mUBBKA_15_0_15_0               :[0m i/o =   34/   18  lat =   17  nd =    32  edge =    138  cube =   166  lev = 7
elapse: 0.04 seconds, total: 0.05 seconds
 
Output Netlist 
============== 
Hierarchy writer reintroduced 1 instances of blackboxes.
elapse: 0.00 seconds, total: 0.05 seconds
	Command being timed: "/home/moises-leiva/vtr-verilog-to-routing/abc/abc -c echo ""; echo "Load Netlist"; echo "============"; read 0_BK_16b.parmys.blif; time; echo ""; echo "Circuit Info"; echo "=========="; print_stats; print_latch; time; echo ""; echo "LUT Costs"; echo "========="; print_lut; time; echo ""; echo "Logic Opt + Techmap"; echo "==================="; strash; ifraig -v; scorr -v; dc2 -v; dch -f; if -K 6 -v; mfs2 -v; print_stats; time; echo ""; echo "Output Netlist"; echo "=============="; write_hie 0_BK_16b.parmys.blif 0_BK_16b.raw.abc.blif; time;"
	User time (seconds): 0.03
	System time (seconds): 0.00
	Percent of CPU this job got: 62%
	Elapsed (wall clock) time (h:mm:ss or m:ss): 0:00.07
	Average shared text size (kbytes): 0
	Average unshared data size (kbytes): 0
	Average stack size (kbytes): 0
	Average total size (kbytes): 0
	Maximum resident set size (kbytes): 36476
	Average resident set size (kbytes): 0
	Major (requiring I/O) page faults: 84
	Minor (reclaiming a frame) page faults: 4198
	Voluntary context switches: 73
	Involuntary context switches: 1
	Swaps: 0
	File system inputs: 17632
	File system outputs: 8
	Socket messages sent: 0
	Socket messages received: 0
	Signals delivered: 0
	Page size (bytes): 4096
	Exit status: 0
