#! /usr/bin/vvp
:ivl_version "12.0 (stable)";
:ivl_delay_selection "TYPICAL";
:vpi_time_precision + 0;
:vpi_module "/usr/lib/x86_64-linux-gnu/ivl/system.vpi";
:vpi_module "/usr/lib/x86_64-linux-gnu/ivl/vhdl_sys.vpi";
:vpi_module "/usr/lib/x86_64-linux-gnu/ivl/vhdl_textio.vpi";
:vpi_module "/usr/lib/x86_64-linux-gnu/ivl/v2005_math.vpi";
:vpi_module "/usr/lib/x86_64-linux-gnu/ivl/va_math.vpi";
S_0x55734ea17ad0 .scope module, "tb_brentk_16b" "tb_brentk_16b" 2 1;
 .timescale 0 0;
v0x55734ea3f610_0 .var "a", 15 0;
v0x55734ea3f710_0 .var "b", 15 0;
v0x55734ea3f7f0_0 .var "clk", 0 0;
v0x55734ea3f890_0 .var/i "i", 31 0;
v0x55734ea3f930 .array "memA", 999999 0, 15 0;
v0x55734ea3f9f0 .array "memB", 999999 0, 15 0;
v0x55734ea3fab0_0 .var/i "out_file", 31 0;
v0x55734ea3fb90_0 .var "rst", 0 0;
v0x55734ea3fc30_0 .net "sum", 16 0, L_0x55734ea5e090;  1 drivers
L_0x55734ea5b7e0 .part v0x55734ea3f710_0, 7, 1;
L_0x55734ea5b880 .part v0x55734ea3f710_0, 15, 1;
L_0x55734ea5b970 .part v0x55734ea3f710_0, 14, 1;
L_0x55734ea5ba10 .part v0x55734ea3f710_0, 13, 1;
L_0x55734ea5bc00 .part v0x55734ea3f710_0, 12, 1;
L_0x55734ea5bca0 .part v0x55734ea3f710_0, 11, 1;
L_0x55734ea5be10 .part v0x55734ea3f710_0, 10, 1;
L_0x55734ea5bf40 .part v0x55734ea3f710_0, 9, 1;
L_0x55734ea5c0c0 .part v0x55734ea3f710_0, 8, 1;
L_0x55734ea5c160 .part v0x55734ea3f710_0, 6, 1;
L_0x55734ea5c2f0 .part v0x55734ea3f710_0, 5, 1;
L_0x55734ea5c420 .part v0x55734ea3f710_0, 4, 1;
L_0x55734ea5c5c0 .part v0x55734ea3f710_0, 3, 1;
L_0x55734ea5c660 .part v0x55734ea3f710_0, 2, 1;
L_0x55734ea5c780 .part v0x55734ea3f710_0, 1, 1;
L_0x55734ea5c8b0 .part v0x55734ea3f710_0, 0, 1;
L_0x55734ea5c9e0 .part v0x55734ea3f610_0, 15, 1;
L_0x55734ea5ca80 .part v0x55734ea3f610_0, 14, 1;
L_0x55734ea5cbc0 .part v0x55734ea3f610_0, 13, 1;
L_0x55734ea5cc60 .part v0x55734ea3f610_0, 12, 1;
L_0x55734ea5cb20 .part v0x55734ea3f610_0, 11, 1;
L_0x55734ea5ced0 .part v0x55734ea3f610_0, 10, 1;
L_0x55734ea5d0c0 .part v0x55734ea3f610_0, 9, 1;
L_0x55734ea5d1f0 .part v0x55734ea3f610_0, 8, 1;
L_0x55734ea5d3f0 .part v0x55734ea3f610_0, 7, 1;
L_0x55734ea5d490 .part v0x55734ea3f610_0, 6, 1;
L_0x55734ea5d610 .part v0x55734ea3f610_0, 5, 1;
L_0x55734ea5d740 .part v0x55734ea3f610_0, 4, 1;
L_0x55734ea5d960 .part v0x55734ea3f610_0, 3, 1;
L_0x55734ea5da00 .part v0x55734ea3f610_0, 2, 1;
L_0x55734ea5dba0 .part v0x55734ea3f610_0, 1, 1;
L_0x55734ea5dcd0 .part v0x55734ea3f610_0, 0, 1;
LS_0x55734ea5e090_0_0 .concat8 [ 1 1 1 1], v0x55734ea1c300_0, v0x55734ea1c670_0, v0x55734ea35600_0, v0x55734ea356c0_0;
LS_0x55734ea5e090_0_4 .concat8 [ 1 1 1 1], v0x55734ea35780_0, v0x55734ea35840_0, v0x55734ea35900_0, v0x55734ea359c0_0;
LS_0x55734ea5e090_0_8 .concat8 [ 1 1 1 1], v0x55734ea35a80_0, v0x55734ea35b40_0, v0x55734ea1c9e0_0, v0x55734ea1cd50_0;
LS_0x55734ea5e090_0_12 .concat8 [ 1 1 1 1], v0x55734ea1d0c0_0, v0x55734ea1d430_0, v0x55734ea1d7a0_0, v0x55734ea35480_0;
LS_0x55734ea5e090_0_16 .concat8 [ 1 0 0 0], v0x55734ea35540_0;
LS_0x55734ea5e090_1_0 .concat8 [ 4 4 4 4], LS_0x55734ea5e090_0_0, LS_0x55734ea5e090_0_4, LS_0x55734ea5e090_0_8, LS_0x55734ea5e090_0_12;
LS_0x55734ea5e090_1_4 .concat8 [ 1 0 0 0], LS_0x55734ea5e090_0_16;
L_0x55734ea5e090 .concat8 [ 16 1 0 0], LS_0x55734ea5e090_1_0, LS_0x55734ea5e090_1_4;
S_0x55734ea13b20 .scope module, "UUT" "UBBKA_15_0_15_0" 2 14, 3 3 0, S_0x55734ea17ad0;
 .timescale 0 0;
    .port_info 0 /INPUT 1 "Y~7";
    .port_info 1 /INPUT 1 "rst";
    .port_info 2 /INPUT 1 "clk";
    .port_info 3 /INPUT 1 "Y~15";
    .port_info 4 /INPUT 1 "Y~14";
    .port_info 5 /INPUT 1 "Y~13";
    .port_info 6 /INPUT 1 "Y~12";
    .port_info 7 /INPUT 1 "Y~11";
    .port_info 8 /INPUT 1 "Y~10";
    .port_info 9 /INPUT 1 "Y~9";
    .port_info 10 /INPUT 1 "Y~8";
    .port_info 11 /INPUT 1 "Y~6";
    .port_info 12 /INPUT 1 "Y~5";
    .port_info 13 /INPUT 1 "Y~4";
    .port_info 14 /INPUT 1 "Y~3";
    .port_info 15 /INPUT 1 "Y~2";
    .port_info 16 /INPUT 1 "Y~1";
    .port_info 17 /INPUT 1 "Y~0";
    .port_info 18 /INPUT 1 "X~15";
    .port_info 19 /INPUT 1 "X~14";
    .port_info 20 /INPUT 1 "X~13";
    .port_info 21 /INPUT 1 "X~12";
    .port_info 22 /INPUT 1 "X~11";
    .port_info 23 /INPUT 1 "X~10";
    .port_info 24 /INPUT 1 "X~9";
    .port_info 25 /INPUT 1 "X~8";
    .port_info 26 /INPUT 1 "X~7";
    .port_info 27 /INPUT 1 "X~6";
    .port_info 28 /INPUT 1 "X~5";
    .port_info 29 /INPUT 1 "X~4";
    .port_info 30 /INPUT 1 "X~3";
    .port_info 31 /INPUT 1 "X~2";
    .port_info 32 /INPUT 1 "X~1";
    .port_info 33 /INPUT 1 "X~0";
    .port_info 34 /OUTPUT 1 "S~8";
    .port_info 35 /OUTPUT 1 "S~9";
    .port_info 36 /OUTPUT 1 "S~7";
    .port_info 37 /OUTPUT 1 "S~6";
    .port_info 38 /OUTPUT 1 "S~5";
    .port_info 39 /OUTPUT 1 "S~4";
    .port_info 40 /OUTPUT 1 "S~3";
    .port_info 41 /OUTPUT 1 "S~2";
    .port_info 42 /OUTPUT 1 "S~1";
    .port_info 43 /OUTPUT 1 "S~0";
    .port_info 44 /OUTPUT 1 "S~14";
    .port_info 45 /OUTPUT 1 "S~15";
    .port_info 46 /OUTPUT 1 "S~16";
    .port_info 47 /OUTPUT 1 "S~10";
    .port_info 48 /OUTPUT 1 "S~11";
    .port_info 49 /OUTPUT 1 "S~12";
    .port_info 50 /OUTPUT 1 "S~13";
v0x55734ea1c300_0 .var "S~0", 0 0;
v0x55734ea1c670_0 .var "S~1", 0 0;
v0x55734ea1c9e0_0 .var "S~10", 0 0;
v0x55734ea1cd50_0 .var "S~11", 0 0;
v0x55734ea1d0c0_0 .var "S~12", 0 0;
v0x55734ea1d430_0 .var "S~13", 0 0;
v0x55734ea1d7a0_0 .var "S~14", 0 0;
v0x55734ea35480_0 .var "S~15", 0 0;
v0x55734ea35540_0 .var "S~16", 0 0;
v0x55734ea35600_0 .var "S~2", 0 0;
v0x55734ea356c0_0 .var "S~3", 0 0;
v0x55734ea35780_0 .var "S~4", 0 0;
v0x55734ea35840_0 .var "S~5", 0 0;
v0x55734ea35900_0 .var "S~6", 0 0;
v0x55734ea359c0_0 .var "S~7", 0 0;
v0x55734ea35a80_0 .var "S~8", 0 0;
v0x55734ea35b40_0 .var "S~9", 0 0;
v0x55734ea35c00_0 .net "X~0", 0 0, L_0x55734ea5dcd0;  1 drivers
v0x55734ea35cc0_0 .net "X~1", 0 0, L_0x55734ea5dba0;  1 drivers
v0x55734ea35d80_0 .net "X~10", 0 0, L_0x55734ea5ced0;  1 drivers
v0x55734ea35e40_0 .net "X~11", 0 0, L_0x55734ea5cb20;  1 drivers
v0x55734ea35f00_0 .net "X~12", 0 0, L_0x55734ea5cc60;  1 drivers
v0x55734ea35fc0_0 .net "X~13", 0 0, L_0x55734ea5cbc0;  1 drivers
v0x55734ea36080_0 .net "X~14", 0 0, L_0x55734ea5ca80;  1 drivers
v0x55734ea36140_0 .net "X~15", 0 0, L_0x55734ea5c9e0;  1 drivers
v0x55734ea36200_0 .net "X~2", 0 0, L_0x55734ea5da00;  1 drivers
v0x55734ea362c0_0 .net "X~3", 0 0, L_0x55734ea5d960;  1 drivers
v0x55734ea36380_0 .net "X~4", 0 0, L_0x55734ea5d740;  1 drivers
v0x55734ea36440_0 .net "X~5", 0 0, L_0x55734ea5d610;  1 drivers
v0x55734ea36500_0 .net "X~6", 0 0, L_0x55734ea5d490;  1 drivers
v0x55734ea365c0_0 .net "X~7", 0 0, L_0x55734ea5d3f0;  1 drivers
v0x55734ea36680_0 .net "X~8", 0 0, L_0x55734ea5d1f0;  1 drivers
v0x55734ea36740_0 .net "X~9", 0 0, L_0x55734ea5d0c0;  1 drivers
v0x55734ea36a10_0 .net "Y~0", 0 0, L_0x55734ea5c8b0;  1 drivers
v0x55734ea36ad0_0 .net "Y~1", 0 0, L_0x55734ea5c780;  1 drivers
v0x55734ea36b90_0 .net "Y~10", 0 0, L_0x55734ea5be10;  1 drivers
v0x55734ea36c50_0 .net "Y~11", 0 0, L_0x55734ea5bca0;  1 drivers
v0x55734ea36d10_0 .net "Y~12", 0 0, L_0x55734ea5bc00;  1 drivers
v0x55734ea36dd0_0 .net "Y~13", 0 0, L_0x55734ea5ba10;  1 drivers
v0x55734ea36e90_0 .net "Y~14", 0 0, L_0x55734ea5b970;  1 drivers
v0x55734ea36f50_0 .net "Y~15", 0 0, L_0x55734ea5b880;  1 drivers
v0x55734ea37010_0 .net "Y~2", 0 0, L_0x55734ea5c660;  1 drivers
v0x55734ea370d0_0 .net "Y~3", 0 0, L_0x55734ea5c5c0;  1 drivers
v0x55734ea37190_0 .net "Y~4", 0 0, L_0x55734ea5c420;  1 drivers
v0x55734ea37250_0 .net "Y~5", 0 0, L_0x55734ea5c2f0;  1 drivers
v0x55734ea37310_0 .net "Y~6", 0 0, L_0x55734ea5c160;  1 drivers
v0x55734ea373d0_0 .net "Y~7", 0 0, L_0x55734ea5b7e0;  1 drivers
v0x55734ea37490_0 .net "Y~8", 0 0, L_0x55734ea5c0c0;  1 drivers
v0x55734ea37550_0 .net "Y~9", 0 0, L_0x55734ea5bf40;  1 drivers
L_0x7f754f0b9018 .functor BUFT 1, C4<00010100>, C4<0>, C4<0>, C4<0>;
v0x55734ea37610_0 .net/2u *"_ivl_0", 7 0, L_0x7f754f0b9018;  1 drivers
v0x55734ea376f0_0 .net *"_ivl_10", 4 0, L_0x55734ea50030;  1 drivers
v0x55734ea377d0_0 .net *"_ivl_100", 3 0, L_0x55734ea53210;  1 drivers
L_0x7f754f0b93c0 .functor BUFT 1, C4<0001010001000001>, C4<0>, C4<0>, C4<0>;
v0x55734ea378b0_0 .net/2u *"_ivl_104", 15 0, L_0x7f754f0b93c0;  1 drivers
v0x55734ea37990_0 .net *"_ivl_106", 3 0, L_0x55734ea53580;  1 drivers
v0x55734ea37a70_0 .net *"_ivl_108", 15 0, L_0x55734ea53770;  1 drivers
L_0x7f754f0b9408 .functor BUFT 1, C4<0001000100010111>, C4<0>, C4<0>, C4<0>;
v0x55734ea37b50_0 .net/2u *"_ivl_112", 15 0, L_0x7f754f0b9408;  1 drivers
v0x55734ea37c30_0 .net *"_ivl_114", 3 0, L_0x55734ea53b00;  1 drivers
v0x55734ea37d10_0 .net *"_ivl_116", 15 0, L_0x55734ea53c40;  1 drivers
v0x55734ea37df0_0 .net *"_ivl_12", 31 0, L_0x55734ea501d0;  1 drivers
L_0x7f754f0b9450 .functor BUFT 1, C4<0001010001000001>, C4<0>, C4<0>, C4<0>;
v0x55734ea37ed0_0 .net/2u *"_ivl_120", 15 0, L_0x7f754f0b9450;  1 drivers
v0x55734ea37fb0_0 .net *"_ivl_122", 3 0, L_0x55734ea54030;  1 drivers
v0x55734ea38090_0 .net *"_ivl_124", 15 0, L_0x55734ea54250;  1 drivers
L_0x7f754f0b9498 .functor BUFT 1, C4<0000000101010111000000010101011100000001010101110001010101111111>, C4<0>, C4<0>, C4<0>;
v0x55734ea38170_0 .net/2u *"_ivl_128", 63 0, L_0x7f754f0b9498;  1 drivers
v0x55734ea38250_0 .net *"_ivl_130", 5 0, L_0x55734ea54610;  1 drivers
v0x55734ea38330_0 .net *"_ivl_132", 63 0, L_0x55734ea54820;  1 drivers
L_0x7f754f0b94e0 .functor BUFT 1, C4<0001010001000001>, C4<0>, C4<0>, C4<0>;
v0x55734ea38820_0 .net/2u *"_ivl_136", 15 0, L_0x7f754f0b94e0;  1 drivers
v0x55734ea38900_0 .net *"_ivl_138", 3 0, L_0x55734ea54ba0;  1 drivers
v0x55734ea389e0_0 .net *"_ivl_140", 15 0, L_0x55734ea54e20;  1 drivers
L_0x7f754f0b9528 .functor BUFT 1, C4<00101011>, C4<0>, C4<0>, C4<0>;
v0x55734ea38ac0_0 .net/2u *"_ivl_144", 7 0, L_0x7f754f0b9528;  1 drivers
v0x55734ea38ba0_0 .net *"_ivl_146", 2 0, L_0x55734ea55240;  1 drivers
v0x55734ea38c80_0 .net *"_ivl_148", 7 0, L_0x55734ea553b0;  1 drivers
L_0x7f754f0b9570 .functor BUFT 1, C4<0000000011010100000000000010101100000000001010110000000011010100>, C4<0>, C4<0>, C4<0>;
v0x55734ea38d60_0 .net/2u *"_ivl_152", 63 0, L_0x7f754f0b9570;  1 drivers
v0x55734ea38e40_0 .net *"_ivl_154", 5 0, L_0x55734ea55800;  1 drivers
v0x55734ea38f20_0 .net *"_ivl_156", 63 0, L_0x55734ea55b60;  1 drivers
L_0x7f754f0b90a8 .functor BUFT 1, C4<0001010001000001>, C4<0>, C4<0>, C4<0>;
v0x55734ea39000_0 .net/2u *"_ivl_16", 15 0, L_0x7f754f0b90a8;  1 drivers
L_0x7f754f0b95b8 .functor BUFT 1, C4<0001010001000001>, C4<0>, C4<0>, C4<0>;
v0x55734ea390e0_0 .net/2u *"_ivl_160", 15 0, L_0x7f754f0b95b8;  1 drivers
v0x55734ea391c0_0 .net *"_ivl_162", 3 0, L_0x55734ea55f80;  1 drivers
v0x55734ea392a0_0 .net *"_ivl_164", 15 0, L_0x55734ea56080;  1 drivers
L_0x7f754f0b9600 .functor BUFT 1, C4<0001>, C4<0>, C4<0>, C4<0>;
v0x55734ea39380_0 .net/2u *"_ivl_168", 3 0, L_0x7f754f0b9600;  1 drivers
v0x55734ea39460_0 .net *"_ivl_170", 1 0, L_0x55734ea564e0;  1 drivers
v0x55734ea39540_0 .net *"_ivl_172", 3 0, L_0x55734ea567f0;  1 drivers
L_0x7f754f0b9648 .functor BUFT 1, C4<1111110011010100110101001100000000000000000000000000000000000000>, C4<0>, C4<0>, C4<0>;
v0x55734ea39620_0 .net/2u *"_ivl_176", 63 0, L_0x7f754f0b9648;  1 drivers
v0x55734ea39700_0 .net *"_ivl_178", 5 0, L_0x55734ea56cc0;  1 drivers
v0x55734ea397e0_0 .net *"_ivl_18", 3 0, L_0x55734ea50470;  1 drivers
v0x55734ea398c0_0 .net *"_ivl_180", 63 0, L_0x55734ea56e30;  1 drivers
L_0x7f754f0b9690 .functor BUFT 1, C4<0110>, C4<0>, C4<0>, C4<0>;
v0x55734ea399a0_0 .net/2u *"_ivl_184", 3 0, L_0x7f754f0b9690;  1 drivers
v0x55734ea39a80_0 .net *"_ivl_186", 1 0, L_0x55734ea57290;  1 drivers
v0x55734ea39b60_0 .net *"_ivl_188", 3 0, L_0x55734ea57610;  1 drivers
L_0x7f754f0b96d8 .functor BUFT 1, C4<1000>, C4<0>, C4<0>, C4<0>;
v0x55734ea39c40_0 .net/2u *"_ivl_192", 3 0, L_0x7f754f0b96d8;  1 drivers
v0x55734ea39d20_0 .net *"_ivl_194", 1 0, L_0x55734ea57ae0;  1 drivers
v0x55734ea39e00_0 .net *"_ivl_196", 3 0, L_0x55734ea57b80;  1 drivers
v0x55734ea39ee0_0 .net *"_ivl_2", 2 0, L_0x55734ea3fcf0;  1 drivers
v0x55734ea39fc0_0 .net *"_ivl_20", 15 0, L_0x55734ea505d0;  1 drivers
L_0x7f754f0b9720 .functor BUFT 1, C4<0000000011010100000000000010101100000000001010110000000011010100>, C4<0>, C4<0>, C4<0>;
v0x55734ea3a0a0_0 .net/2u *"_ivl_200", 63 0, L_0x7f754f0b9720;  1 drivers
v0x55734ea3a180_0 .net *"_ivl_202", 5 0, L_0x55734ea58060;  1 drivers
v0x55734ea3a260_0 .net *"_ivl_204", 63 0, L_0x55734ea58450;  1 drivers
L_0x7f754f0b9768 .functor BUFT 1, C4<0001010001000001>, C4<0>, C4<0>, C4<0>;
v0x55734ea3a340_0 .net/2u *"_ivl_208", 15 0, L_0x7f754f0b9768;  1 drivers
v0x55734ea3a420_0 .net *"_ivl_210", 3 0, L_0x55734ea58900;  1 drivers
v0x55734ea3a500_0 .net *"_ivl_212", 15 0, L_0x55734ea589a0;  1 drivers
L_0x7f754f0b97b0 .functor BUFT 1, C4<0000000101010111000000010101011100000001010101110001010101111111>, C4<0>, C4<0>, C4<0>;
v0x55734ea3a5e0_0 .net/2u *"_ivl_216", 63 0, L_0x7f754f0b97b0;  1 drivers
v0x55734ea3a6c0_0 .net *"_ivl_218", 5 0, L_0x55734ea58e60;  1 drivers
v0x55734ea3a7a0_0 .net *"_ivl_220", 63 0, L_0x55734ea59280;  1 drivers
L_0x7f754f0b97f8 .functor BUFT 1, C4<0000000011010100000000000010101100000000001010110000000011010100>, C4<0>, C4<0>, C4<0>;
v0x55734ea3a880_0 .net/2u *"_ivl_224", 63 0, L_0x7f754f0b97f8;  1 drivers
v0x55734ea3a960_0 .net *"_ivl_226", 5 0, L_0x55734ea597b0;  1 drivers
v0x55734ea3aa40_0 .net *"_ivl_228", 63 0, L_0x55734ea59930;  1 drivers
L_0x7f754f0b9840 .functor BUFT 1, C4<0001010001000001>, C4<0>, C4<0>, C4<0>;
v0x55734ea3ab20_0 .net/2u *"_ivl_232", 15 0, L_0x7f754f0b9840;  1 drivers
v0x55734ea3ac00_0 .net *"_ivl_234", 3 0, L_0x55734ea59e20;  1 drivers
v0x55734ea3ace0_0 .net *"_ivl_236", 15 0, L_0x55734ea5a1f0;  1 drivers
L_0x7f754f0b90f0 .functor BUFT 1, C4<0001011101110111>, C4<0>, C4<0>, C4<0>;
v0x55734ea3adc0_0 .net/2u *"_ivl_24", 15 0, L_0x7f754f0b90f0;  1 drivers
L_0x7f754f0b9888 .functor BUFT 1, C4<00000011001010110010101100111111>, C4<0>, C4<0>, C4<0>;
v0x55734ea3aea0_0 .net/2u *"_ivl_240", 31 0, L_0x7f754f0b9888;  1 drivers
v0x55734ea3af80_0 .net *"_ivl_242", 4 0, L_0x55734ea5a730;  1 drivers
v0x55734ea3b060_0 .net *"_ivl_244", 31 0, L_0x55734ea5a8f0;  1 drivers
L_0x7f754f0b98d0 .functor BUFT 1, C4<0000000011010100>, C4<0>, C4<0>, C4<0>;
v0x55734ea3b140_0 .net/2u *"_ivl_248", 15 0, L_0x7f754f0b98d0;  1 drivers
v0x55734ea3b220_0 .net *"_ivl_250", 3 0, L_0x55734ea5ae60;  1 drivers
v0x55734ea3b300_0 .net *"_ivl_252", 15 0, L_0x55734ea5b2a0;  1 drivers
v0x55734ea3b3e0_0 .net *"_ivl_26", 3 0, L_0x55734ea50830;  1 drivers
v0x55734ea3b4c0_0 .net *"_ivl_28", 15 0, L_0x55734ea50a00;  1 drivers
L_0x7f754f0b9138 .functor BUFT 1, C4<0001010001000001>, C4<0>, C4<0>, C4<0>;
v0x55734ea3b5a0_0 .net/2u *"_ivl_32", 15 0, L_0x7f754f0b9138;  1 drivers
v0x55734ea3b680_0 .net *"_ivl_34", 3 0, L_0x55734ea50cf0;  1 drivers
v0x55734ea3b760_0 .net *"_ivl_36", 15 0, L_0x55734ea50d90;  1 drivers
v0x55734ea3b840_0 .net *"_ivl_4", 7 0, L_0x55734ea3fdc0;  1 drivers
L_0x7f754f0b9180 .functor BUFT 1, C4<0000000101010111000101010111111100010101011111110001010101111111>, C4<0>, C4<0>, C4<0>;
v0x55734ea3b920_0 .net/2u *"_ivl_40", 63 0, L_0x7f754f0b9180;  1 drivers
v0x55734ea3ba00_0 .net *"_ivl_42", 5 0, L_0x55734ea510c0;  1 drivers
v0x55734ea3bae0_0 .net *"_ivl_44", 63 0, L_0x55734ea513b0;  1 drivers
L_0x7f754f0b91c8 .functor BUFT 1, C4<0000000011010100000000000010101100000000001010110000000011010100>, C4<0>, C4<0>, C4<0>;
v0x55734ea3bbc0_0 .net/2u *"_ivl_48", 63 0, L_0x7f754f0b91c8;  1 drivers
v0x55734ea3bca0_0 .net *"_ivl_50", 5 0, L_0x55734ea51630;  1 drivers
v0x55734ea3bd80_0 .net *"_ivl_52", 63 0, L_0x55734ea51770;  1 drivers
L_0x7f754f0b9210 .functor BUFT 1, C4<0001010001000001>, C4<0>, C4<0>, C4<0>;
v0x55734ea3be60_0 .net/2u *"_ivl_56", 15 0, L_0x7f754f0b9210;  1 drivers
v0x55734ea3bf40_0 .net *"_ivl_58", 3 0, L_0x55734ea519b0;  1 drivers
v0x55734ea3c830_0 .net *"_ivl_60", 15 0, L_0x55734ea51b40;  1 drivers
L_0x7f754f0b9258 .functor BUFT 1, C4<00000011001010110010101100111111>, C4<0>, C4<0>, C4<0>;
v0x55734ea3c910_0 .net/2u *"_ivl_64", 31 0, L_0x7f754f0b9258;  1 drivers
v0x55734ea3c9f0_0 .net *"_ivl_66", 4 0, L_0x55734ea51e70;  1 drivers
v0x55734ea3cad0_0 .net *"_ivl_68", 31 0, L_0x55734ea51fa0;  1 drivers
L_0x7f754f0b92a0 .functor BUFT 1, C4<00001110000000010000000100001110>, C4<0>, C4<0>, C4<0>;
v0x55734ea3cbb0_0 .net/2u *"_ivl_72", 31 0, L_0x7f754f0b92a0;  1 drivers
v0x55734ea3cc90_0 .net *"_ivl_74", 4 0, L_0x55734ea52300;  1 drivers
v0x55734ea3cd70_0 .net *"_ivl_76", 31 0, L_0x55734ea524c0;  1 drivers
L_0x7f754f0b9060 .functor BUFT 1, C4<00001000000001110000011100001000>, C4<0>, C4<0>, C4<0>;
v0x55734ea3ce50_0 .net/2u *"_ivl_8", 31 0, L_0x7f754f0b9060;  1 drivers
L_0x7f754f0b92e8 .functor BUFT 1, C4<1111110011010100110101001100000000000000000000000000000000000000>, C4<0>, C4<0>, C4<0>;
v0x55734ea3cf30_0 .net/2u *"_ivl_80", 63 0, L_0x7f754f0b92e8;  1 drivers
v0x55734ea3d010_0 .net *"_ivl_82", 5 0, L_0x55734ea52820;  1 drivers
v0x55734ea3d0f0_0 .net *"_ivl_84", 63 0, L_0x55734ea52980;  1 drivers
L_0x7f754f0b9330 .functor BUFT 1, C4<0110>, C4<0>, C4<0>, C4<0>;
v0x55734ea3d1d0_0 .net/2u *"_ivl_88", 3 0, L_0x7f754f0b9330;  1 drivers
v0x55734ea3d2b0_0 .net *"_ivl_90", 1 0, L_0x55734ea52ca0;  1 drivers
v0x55734ea3d390_0 .net *"_ivl_92", 3 0, L_0x55734ea52f00;  1 drivers
L_0x7f754f0b9378 .functor BUFT 1, C4<1000>, C4<0>, C4<0>, C4<0>;
v0x55734ea3d470_0 .net/2u *"_ivl_96", 3 0, L_0x7f754f0b9378;  1 drivers
v0x55734ea3d550_0 .net *"_ivl_98", 1 0, L_0x55734ea52de0;  1 drivers
v0x55734ea3d630_0 .net "clk", 0 0, v0x55734ea3f7f0_0;  1 drivers
v0x55734ea3d6f0_0 .net "n104", 0 0, L_0x55734ea3ff30;  1 drivers
v0x55734ea3d7b0_0 .net "n108", 0 0, L_0x55734ea50340;  1 drivers
v0x55734ea3d870_0 .net "n112", 0 0, L_0x55734ea50740;  1 drivers
v0x55734ea3d930_0 .net "n116", 0 0, L_0x55734ea50f80;  1 drivers
v0x55734ea3d9f0_0 .net "n120", 0 0, L_0x55734ea51590;  1 drivers
v0x55734ea3dab0_0 .net "n124", 0 0, L_0x55734ea51cb0;  1 drivers
v0x55734ea3db70_0 .net "n128", 0 0, L_0x55734ea52630;  1 drivers
v0x55734ea3dc30_0 .net "n132", 0 0, L_0x55734ea538b0;  1 drivers
v0x55734ea3dcf0_0 .net "n136", 0 0, L_0x55734ea54390;  1 drivers
v0x55734ea3ddb0_0 .net "n140", 0 0, L_0x55734ea54f90;  1 drivers
v0x55734ea3de70_0 .net "n144", 0 0, L_0x55734ea55ca0;  1 drivers
v0x55734ea3df30_0 .net "n148", 0 0, L_0x55734ea563f0;  1 drivers
v0x55734ea3dff0_0 .net "n152", 0 0, L_0x55734ea58590;  1 drivers
v0x55734ea3e0b0_0 .net "n156", 0 0, L_0x55734ea58d70;  1 drivers
v0x55734ea3e170_0 .net "n160", 0 0, L_0x55734ea59d30;  1 drivers
v0x55734ea3e230_0 .net "n164", 0 0, L_0x55734ea5a360;  1 drivers
v0x55734ea3e2f0_0 .net "n168", 0 0, L_0x55734ea5b3e0;  1 drivers
v0x55734ea3e3b0_0 .net "new_new_n108_1", 0 0, L_0x55734ea50af0;  1 drivers
v0x55734ea3e470_0 .net "new_new_n110", 0 0, L_0x55734ea51450;  1 drivers
v0x55734ea3e530_0 .net "new_new_n113", 0 0, L_0x55734ea521c0;  1 drivers
v0x55734ea3e5f0_0 .net "new_new_n115_1", 0 0, L_0x55734ea52b60;  1 drivers
v0x55734ea3e6b0_0 .net "new_new_n116_1", 0 0, L_0x55734ea52ff0;  1 drivers
v0x55734ea3e770_0 .net "new_new_n117", 0 0, L_0x55734ea53440;  1 drivers
v0x55734ea3e830_0 .net "new_new_n119_1", 0 0, L_0x55734ea53ef0;  1 drivers
v0x55734ea3e8f0_0 .net "new_new_n121", 0 0, L_0x55734ea54a60;  1 drivers
v0x55734ea3e9b0_0 .net "new_new_n123_1", 0 0, L_0x55734ea556c0;  1 drivers
v0x55734ea3ea70_0 .net "new_new_n126", 0 0, L_0x55734ea56960;  1 drivers
v0x55734ea3eb30_0 .net "new_new_n127_1", 0 0, L_0x55734ea57150;  1 drivers
v0x55734ea3ebf0_0 .net "new_new_n128_1", 0 0, L_0x55734ea57750;  1 drivers
v0x55734ea3ecb0_0 .net "new_new_n129", 0 0, L_0x55734ea57f20;  1 drivers
v0x55734ea3ed70_0 .net "new_new_n132_1", 0 0, L_0x55734ea593c0;  1 drivers
v0x55734ea3ee30_0 .net "new_new_n135_1", 0 0, L_0x55734ea5ad20;  1 drivers
v0x55734ea3eef0_0 .net "rst", 0 0, v0x55734ea3fb90_0;  1 drivers
E_0x55734e9e5ca0 .event posedge, v0x55734ea3d630_0;
L_0x55734ea3fcf0 .concat [ 1 1 1 0], v0x55734ea3fb90_0, L_0x55734ea5c8b0, L_0x55734ea5dcd0;
L_0x55734ea3fdc0 .shift/r 8, L_0x7f754f0b9018, L_0x55734ea3fcf0;
L_0x55734ea3ff30 .part L_0x55734ea3fdc0, 0, 1;
LS_0x55734ea50030_0_0 .concat [ 1 1 1 1], L_0x55734ea5c8b0, L_0x55734ea5dcd0, v0x55734ea3fb90_0, L_0x55734ea5c780;
LS_0x55734ea50030_0_4 .concat [ 1 0 0 0], L_0x55734ea5dba0;
L_0x55734ea50030 .concat [ 4 1 0 0], LS_0x55734ea50030_0_0, LS_0x55734ea50030_0_4;
L_0x55734ea501d0 .shift/r 32, L_0x7f754f0b9060, L_0x55734ea50030;
L_0x55734ea50340 .part L_0x55734ea501d0, 0, 1;
L_0x55734ea50470 .concat [ 1 1 1 1], v0x55734ea3fb90_0, L_0x55734ea50af0, L_0x55734ea5c660, L_0x55734ea5da00;
L_0x55734ea505d0 .shift/r 16, L_0x7f754f0b90a8, L_0x55734ea50470;
L_0x55734ea50740 .part L_0x55734ea505d0, 0, 1;
L_0x55734ea50830 .concat [ 1 1 1 1], L_0x55734ea5c780, L_0x55734ea5dba0, L_0x55734ea5c8b0, L_0x55734ea5dcd0;
L_0x55734ea50a00 .shift/r 16, L_0x7f754f0b90f0, L_0x55734ea50830;
L_0x55734ea50af0 .part L_0x55734ea50a00, 0, 1;
L_0x55734ea50cf0 .concat [ 1 1 1 1], v0x55734ea3fb90_0, L_0x55734ea51450, L_0x55734ea5c5c0, L_0x55734ea5d960;
L_0x55734ea50d90 .shift/r 16, L_0x7f754f0b9138, L_0x55734ea50cf0;
L_0x55734ea50f80 .part L_0x55734ea50d90, 0, 1;
LS_0x55734ea510c0_0_0 .concat [ 1 1 1 1], L_0x55734ea5c660, L_0x55734ea5c780, L_0x55734ea5dba0, L_0x55734ea5da00;
LS_0x55734ea510c0_0_4 .concat [ 1 1 0 0], L_0x55734ea5c8b0, L_0x55734ea5dcd0;
L_0x55734ea510c0 .concat [ 4 2 0 0], LS_0x55734ea510c0_0_0, LS_0x55734ea510c0_0_4;
L_0x55734ea513b0 .shift/r 64, L_0x7f754f0b9180, L_0x55734ea510c0;
L_0x55734ea51450 .part L_0x55734ea513b0, 0, 1;
LS_0x55734ea51630_0_0 .concat [ 1 1 1 1], L_0x55734ea51450, L_0x55734ea5c5c0, L_0x55734ea5d960, v0x55734ea3fb90_0;
LS_0x55734ea51630_0_4 .concat [ 1 1 0 0], L_0x55734ea5c420, L_0x55734ea5d740;
L_0x55734ea51630 .concat [ 4 2 0 0], LS_0x55734ea51630_0_0, LS_0x55734ea51630_0_4;
L_0x55734ea51770 .shift/r 64, L_0x7f754f0b91c8, L_0x55734ea51630;
L_0x55734ea51590 .part L_0x55734ea51770, 0, 1;
L_0x55734ea519b0 .concat [ 1 1 1 1], v0x55734ea3fb90_0, L_0x55734ea521c0, L_0x55734ea5c2f0, L_0x55734ea5d610;
L_0x55734ea51b40 .shift/r 16, L_0x7f754f0b9210, L_0x55734ea519b0;
L_0x55734ea51cb0 .part L_0x55734ea51b40, 0, 1;
LS_0x55734ea51e70_0_0 .concat [ 1 1 1 1], L_0x55734ea51450, L_0x55734ea5c420, L_0x55734ea5d740, L_0x55734ea5c5c0;
LS_0x55734ea51e70_0_4 .concat [ 1 0 0 0], L_0x55734ea5d960;
L_0x55734ea51e70 .concat [ 4 1 0 0], LS_0x55734ea51e70_0_0, LS_0x55734ea51e70_0_4;
L_0x55734ea51fa0 .shift/r 32, L_0x7f754f0b9258, L_0x55734ea51e70;
L_0x55734ea521c0 .part L_0x55734ea51fa0, 0, 1;
LS_0x55734ea52300_0_0 .concat [ 1 1 1 1], L_0x55734ea52b60, L_0x55734ea53440, v0x55734ea3fb90_0, L_0x55734ea5c160;
LS_0x55734ea52300_0_4 .concat [ 1 0 0 0], L_0x55734ea5d490;
L_0x55734ea52300 .concat [ 4 1 0 0], LS_0x55734ea52300_0_0, LS_0x55734ea52300_0_4;
L_0x55734ea524c0 .shift/r 32, L_0x7f754f0b92a0, L_0x55734ea52300;
L_0x55734ea52630 .part L_0x55734ea524c0, 0, 1;
LS_0x55734ea52820_0_0 .concat [ 1 1 1 1], L_0x55734ea51450, L_0x55734ea5c420, L_0x55734ea5d740, L_0x55734ea5c5c0;
LS_0x55734ea52820_0_4 .concat [ 1 1 0 0], L_0x55734ea5d960, L_0x55734ea52ff0;
L_0x55734ea52820 .concat [ 4 2 0 0], LS_0x55734ea52820_0_0, LS_0x55734ea52820_0_4;
L_0x55734ea52980 .shift/r 64, L_0x7f754f0b92e8, L_0x55734ea52820;
L_0x55734ea52b60 .part L_0x55734ea52980, 0, 1;
L_0x55734ea52ca0 .concat [ 1 1 0 0], L_0x55734ea5c2f0, L_0x55734ea5d610;
L_0x55734ea52f00 .shift/r 4, L_0x7f754f0b9330, L_0x55734ea52ca0;
L_0x55734ea52ff0 .part L_0x55734ea52f00, 0, 1;
L_0x55734ea52de0 .concat [ 1 1 0 0], L_0x55734ea5c2f0, L_0x55734ea5d610;
L_0x55734ea53210 .shift/r 4, L_0x7f754f0b9378, L_0x55734ea52de0;
L_0x55734ea53440 .part L_0x55734ea53210, 0, 1;
L_0x55734ea53580 .concat [ 1 1 1 1], v0x55734ea3fb90_0, L_0x55734ea53ef0, L_0x55734ea5b7e0, L_0x55734ea5d3f0;
L_0x55734ea53770 .shift/r 16, L_0x7f754f0b93c0, L_0x55734ea53580;
L_0x55734ea538b0 .part L_0x55734ea53770, 0, 1;
L_0x55734ea53b00 .concat [ 1 1 1 1], L_0x55734ea5c160, L_0x55734ea5d490, L_0x55734ea52b60, L_0x55734ea53440;
L_0x55734ea53c40 .shift/r 16, L_0x7f754f0b9408, L_0x55734ea53b00;
L_0x55734ea53ef0 .part L_0x55734ea53c40, 0, 1;
L_0x55734ea54030 .concat [ 1 1 1 1], v0x55734ea3fb90_0, L_0x55734ea54a60, L_0x55734ea5c0c0, L_0x55734ea5d1f0;
L_0x55734ea54250 .shift/r 16, L_0x7f754f0b9450, L_0x55734ea54030;
L_0x55734ea54390 .part L_0x55734ea54250, 0, 1;
LS_0x55734ea54610_0_0 .concat [ 1 1 1 1], L_0x55734ea5b7e0, L_0x55734ea5c160, L_0x55734ea5d490, L_0x55734ea5d3f0;
LS_0x55734ea54610_0_4 .concat [ 1 1 0 0], L_0x55734ea53440, L_0x55734ea52b60;
L_0x55734ea54610 .concat [ 4 2 0 0], LS_0x55734ea54610_0_0, LS_0x55734ea54610_0_4;
L_0x55734ea54820 .shift/r 64, L_0x7f754f0b9498, L_0x55734ea54610;
L_0x55734ea54a60 .part L_0x55734ea54820, 0, 1;
L_0x55734ea54ba0 .concat [ 1 1 1 1], v0x55734ea3fb90_0, L_0x55734ea556c0, L_0x55734ea5bf40, L_0x55734ea5d0c0;
L_0x55734ea54e20 .shift/r 16, L_0x7f754f0b94e0, L_0x55734ea54ba0;
L_0x55734ea54f90 .part L_0x55734ea54e20, 0, 1;
L_0x55734ea55240 .concat [ 1 1 1 0], L_0x55734ea54a60, L_0x55734ea5c0c0, L_0x55734ea5d1f0;
L_0x55734ea553b0 .shift/r 8, L_0x7f754f0b9528, L_0x55734ea55240;
L_0x55734ea556c0 .part L_0x55734ea553b0, 0, 1;
LS_0x55734ea55800_0_0 .concat [ 1 1 1 1], L_0x55734ea556c0, L_0x55734ea5bf40, L_0x55734ea5d0c0, v0x55734ea3fb90_0;
LS_0x55734ea55800_0_4 .concat [ 1 1 0 0], L_0x55734ea5be10, L_0x55734ea5ced0;
L_0x55734ea55800 .concat [ 4 2 0 0], LS_0x55734ea55800_0_0, LS_0x55734ea55800_0_4;
L_0x55734ea55b60 .shift/r 64, L_0x7f754f0b9570, L_0x55734ea55800;
L_0x55734ea55ca0 .part L_0x55734ea55b60, 0, 1;
L_0x55734ea55f80 .concat [ 1 1 1 1], v0x55734ea3fb90_0, L_0x55734ea56960, L_0x55734ea5bca0, L_0x55734ea5cb20;
L_0x55734ea56080 .shift/r 16, L_0x7f754f0b95b8, L_0x55734ea55f80;
L_0x55734ea563f0 .part L_0x55734ea56080, 0, 1;
L_0x55734ea564e0 .concat [ 1 1 0 0], L_0x55734ea57150, L_0x55734ea57f20;
L_0x55734ea567f0 .shift/r 4, L_0x7f754f0b9600, L_0x55734ea564e0;
L_0x55734ea56960 .part L_0x55734ea567f0, 0, 1;
LS_0x55734ea56cc0_0_0 .concat [ 1 1 1 1], L_0x55734ea54a60, L_0x55734ea5bf40, L_0x55734ea5d0c0, L_0x55734ea5c0c0;
LS_0x55734ea56cc0_0_4 .concat [ 1 1 0 0], L_0x55734ea5d1f0, L_0x55734ea57750;
L_0x55734ea56cc0 .concat [ 4 2 0 0], LS_0x55734ea56cc0_0_0, LS_0x55734ea56cc0_0_4;
L_0x55734ea56e30 .shift/r 64, L_0x7f754f0b9648, L_0x55734ea56cc0;
L_0x55734ea57150 .part L_0x55734ea56e30, 0, 1;
L_0x55734ea57290 .concat [ 1 1 0 0], L_0x55734ea5be10, L_0x55734ea5ced0;
L_0x55734ea57610 .shift/r 4, L_0x7f754f0b9690, L_0x55734ea57290;
L_0x55734ea57750 .part L_0x55734ea57610, 0, 1;
L_0x55734ea57ae0 .concat [ 1 1 0 0], L_0x55734ea5be10, L_0x55734ea5ced0;
L_0x55734ea57b80 .shift/r 4, L_0x7f754f0b96d8, L_0x55734ea57ae0;
L_0x55734ea57f20 .part L_0x55734ea57b80, 0, 1;
LS_0x55734ea58060_0_0 .concat [ 1 1 1 1], L_0x55734ea56960, L_0x55734ea5bca0, L_0x55734ea5cb20, v0x55734ea3fb90_0;
LS_0x55734ea58060_0_4 .concat [ 1 1 0 0], L_0x55734ea5bc00, L_0x55734ea5cc60;
L_0x55734ea58060 .concat [ 4 2 0 0], LS_0x55734ea58060_0_0, LS_0x55734ea58060_0_4;
L_0x55734ea58450 .shift/r 64, L_0x7f754f0b9720, L_0x55734ea58060;
L_0x55734ea58590 .part L_0x55734ea58450, 0, 1;
L_0x55734ea58900 .concat [ 1 1 1 1], v0x55734ea3fb90_0, L_0x55734ea593c0, L_0x55734ea5ba10, L_0x55734ea5cbc0;
L_0x55734ea589a0 .shift/r 16, L_0x7f754f0b9768, L_0x55734ea58900;
L_0x55734ea58d70 .part L_0x55734ea589a0, 0, 1;
LS_0x55734ea58e60_0_0 .concat [ 1 1 1 1], L_0x55734ea5bc00, L_0x55734ea5bca0, L_0x55734ea5cb20, L_0x55734ea5cc60;
LS_0x55734ea58e60_0_4 .concat [ 1 1 0 0], L_0x55734ea57f20, L_0x55734ea57150;
L_0x55734ea58e60 .concat [ 4 2 0 0], LS_0x55734ea58e60_0_0, LS_0x55734ea58e60_0_4;
L_0x55734ea59280 .shift/r 64, L_0x7f754f0b97b0, L_0x55734ea58e60;
L_0x55734ea593c0 .part L_0x55734ea59280, 0, 1;
LS_0x55734ea597b0_0_0 .concat [ 1 1 1 1], L_0x55734ea593c0, L_0x55734ea5ba10, L_0x55734ea5cbc0, v0x55734ea3fb90_0;
LS_0x55734ea597b0_0_4 .concat [ 1 1 0 0], L_0x55734ea5b970, L_0x55734ea5ca80;
L_0x55734ea597b0 .concat [ 4 2 0 0], LS_0x55734ea597b0_0_0, LS_0x55734ea597b0_0_4;
L_0x55734ea59930 .shift/r 64, L_0x7f754f0b97f8, L_0x55734ea597b0;
L_0x55734ea59d30 .part L_0x55734ea59930, 0, 1;
L_0x55734ea59e20 .concat [ 1 1 1 1], v0x55734ea3fb90_0, L_0x55734ea5ad20, L_0x55734ea5b880, L_0x55734ea5c9e0;
L_0x55734ea5a1f0 .shift/r 16, L_0x7f754f0b9840, L_0x55734ea59e20;
L_0x55734ea5a360 .part L_0x55734ea5a1f0, 0, 1;
LS_0x55734ea5a730_0_0 .concat [ 1 1 1 1], L_0x55734ea593c0, L_0x55734ea5b970, L_0x55734ea5ca80, L_0x55734ea5ba10;
LS_0x55734ea5a730_0_4 .concat [ 1 0 0 0], L_0x55734ea5cbc0;
L_0x55734ea5a730 .concat [ 4 1 0 0], LS_0x55734ea5a730_0_0, LS_0x55734ea5a730_0_4;
L_0x55734ea5a8f0 .shift/r 32, L_0x7f754f0b9888, L_0x55734ea5a730;
L_0x55734ea5ad20 .part L_0x55734ea5a8f0, 0, 1;
L_0x55734ea5ae60 .concat [ 1 1 1 1], L_0x55734ea5ad20, L_0x55734ea5b880, L_0x55734ea5c9e0, v0x55734ea3fb90_0;
L_0x55734ea5b2a0 .shift/r 16, L_0x7f754f0b98d0, L_0x55734ea5ae60;
L_0x55734ea5b3e0 .part L_0x55734ea5b2a0, 0, 1;
    .scope S_0x55734ea13b20;
T_0 ;
    %wait E_0x55734e9e5ca0;
    %load/vec4 v0x55734ea3d6f0_0;
    %assign/vec4 v0x55734ea1c300_0, 0;
    %jmp T_0;
    .thread T_0;
    .scope S_0x55734ea13b20;
T_1 ;
    %wait E_0x55734e9e5ca0;
    %load/vec4 v0x55734ea3ddb0_0;
    %assign/vec4 v0x55734ea35b40_0, 0;
    %jmp T_1;
    .thread T_1;
    .scope S_0x55734ea13b20;
T_2 ;
    %wait E_0x55734e9e5ca0;
    %load/vec4 v0x55734ea3de70_0;
    %assign/vec4 v0x55734ea1c9e0_0, 0;
    %jmp T_2;
    .thread T_2;
    .scope S_0x55734ea13b20;
T_3 ;
    %wait E_0x55734e9e5ca0;
    %load/vec4 v0x55734ea3df30_0;
    %assign/vec4 v0x55734ea1cd50_0, 0;
    %jmp T_3;
    .thread T_3;
    .scope S_0x55734ea13b20;
T_4 ;
    %wait E_0x55734e9e5ca0;
    %load/vec4 v0x55734ea3dff0_0;
    %assign/vec4 v0x55734ea1d0c0_0, 0;
    %jmp T_4;
    .thread T_4;
    .scope S_0x55734ea13b20;
T_5 ;
    %wait E_0x55734e9e5ca0;
    %load/vec4 v0x55734ea3e0b0_0;
    %assign/vec4 v0x55734ea1d430_0, 0;
    %jmp T_5;
    .thread T_5;
    .scope S_0x55734ea13b20;
T_6 ;
    %wait E_0x55734e9e5ca0;
    %load/vec4 v0x55734ea3e170_0;
    %assign/vec4 v0x55734ea1d7a0_0, 0;
    %jmp T_6;
    .thread T_6;
    .scope S_0x55734ea13b20;
T_7 ;
    %wait E_0x55734e9e5ca0;
    %load/vec4 v0x55734ea3e230_0;
    %assign/vec4 v0x55734ea35480_0, 0;
    %jmp T_7;
    .thread T_7;
    .scope S_0x55734ea13b20;
T_8 ;
    %wait E_0x55734e9e5ca0;
    %load/vec4 v0x55734ea3e2f0_0;
    %assign/vec4 v0x55734ea35540_0, 0;
    %jmp T_8;
    .thread T_8;
    .scope S_0x55734ea13b20;
T_9 ;
    %wait E_0x55734e9e5ca0;
    %load/vec4 v0x55734ea3d7b0_0;
    %assign/vec4 v0x55734ea1c670_0, 0;
    %jmp T_9;
    .thread T_9;
    .scope S_0x55734ea13b20;
T_10 ;
    %wait E_0x55734e9e5ca0;
    %load/vec4 v0x55734ea3d870_0;
    %assign/vec4 v0x55734ea35600_0, 0;
    %jmp T_10;
    .thread T_10;
    .scope S_0x55734ea13b20;
T_11 ;
    %wait E_0x55734e9e5ca0;
    %load/vec4 v0x55734ea3d930_0;
    %assign/vec4 v0x55734ea356c0_0, 0;
    %jmp T_11;
    .thread T_11;
    .scope S_0x55734ea13b20;
T_12 ;
    %wait E_0x55734e9e5ca0;
    %load/vec4 v0x55734ea3d9f0_0;
    %assign/vec4 v0x55734ea35780_0, 0;
    %jmp T_12;
    .thread T_12;
    .scope S_0x55734ea13b20;
T_13 ;
    %wait E_0x55734e9e5ca0;
    %load/vec4 v0x55734ea3dab0_0;
    %assign/vec4 v0x55734ea35840_0, 0;
    %jmp T_13;
    .thread T_13;
    .scope S_0x55734ea13b20;
T_14 ;
    %wait E_0x55734e9e5ca0;
    %load/vec4 v0x55734ea3db70_0;
    %assign/vec4 v0x55734ea35900_0, 0;
    %jmp T_14;
    .thread T_14;
    .scope S_0x55734ea13b20;
T_15 ;
    %wait E_0x55734e9e5ca0;
    %load/vec4 v0x55734ea3dc30_0;
    %assign/vec4 v0x55734ea359c0_0, 0;
    %jmp T_15;
    .thread T_15;
    .scope S_0x55734ea13b20;
T_16 ;
    %wait E_0x55734e9e5ca0;
    %load/vec4 v0x55734ea3dcf0_0;
    %assign/vec4 v0x55734ea35a80_0, 0;
    %jmp T_16;
    .thread T_16;
    .scope S_0x55734ea17ad0;
T_17 ;
    %delay 5, 0;
    %load/vec4 v0x55734ea3f7f0_0;
    %inv;
    %store/vec4 v0x55734ea3f7f0_0, 0, 1;
    %jmp T_17;
    .thread T_17;
    .scope S_0x55734ea17ad0;
T_18 ;
    %pushi/vec4 0, 0, 1;
    %store/vec4 v0x55734ea3f7f0_0, 0, 1;
    %pushi/vec4 1, 0, 1;
    %store/vec4 v0x55734ea3fb90_0, 0, 1;
    %pushi/vec4 0, 0, 16;
    %store/vec4 v0x55734ea3f610_0, 0, 16;
    %pushi/vec4 0, 0, 16;
    %store/vec4 v0x55734ea3f710_0, 0, 16;
    %vpi_call 2 42 "$readmemh", "memA.dat", v0x55734ea3f930 {0 0 0};
    %vpi_call 2 43 "$readmemh", "memB.dat", v0x55734ea3f9f0 {0 0 0};
    %vpi_func 2 46 "$fopen" 32, "output_sum.txt", "w" {0 0 0};
    %store/vec4 v0x55734ea3fab0_0, 0, 32;
    %delay 10, 0;
    %pushi/vec4 0, 0, 1;
    %store/vec4 v0x55734ea3fb90_0, 0, 1;
    %pushi/vec4 0, 0, 32;
    %store/vec4 v0x55734ea3f890_0, 0, 32;
T_18.0 ;
    %load/vec4 v0x55734ea3f890_0;
    %cmpi/s 1000000, 0, 32;
    %jmp/0xz T_18.1, 5;
    %ix/getv/s 4, v0x55734ea3f890_0;
    %load/vec4a v0x55734ea3f930, 4;
    %store/vec4 v0x55734ea3f610_0, 0, 16;
    %ix/getv/s 4, v0x55734ea3f890_0;
    %load/vec4a v0x55734ea3f9f0, 4;
    %store/vec4 v0x55734ea3f710_0, 0, 16;
    %delay 10, 0;
    %vpi_call 2 56 "$fwrite", v0x55734ea3fab0_0, "%h\012", v0x55734ea3fc30_0 {0 0 0};
    %load/vec4 v0x55734ea3f890_0;
    %addi 1, 0, 32;
    %store/vec4 v0x55734ea3f890_0, 0, 32;
    %jmp T_18.0;
T_18.1 ;
    %vpi_call 2 60 "$fclose", v0x55734ea3fab0_0 {0 0 0};
    %delay 10, 0;
    %vpi_call 2 63 "$finish" {0 0 0};
    %end;
    .thread T_18;
# The file index is used to find the file name in the following table.
:file_names 4;
    "N/A";
    "<interactive>";
    "bk_tb.v";
    "BK_16b_exacto.v";
