#Timing report of worst 32 path(s)
# Unit scale: 1e-09 seconds
# Output precision: 3

#Path 1
Startpoint: a~1.inpad[0] (.input clocked by virtual_io_clock)
Endpoint  : out:result~1.outpad[0] (.output clocked by virtual_io_clock)
Path Type : hold

Point                                                             Incr      Path
--------------------------------------------------------------------------------
clock virtual_io_clock (rise edge)                               0.000     0.000
clock source latency                                             0.000     0.000
input external delay                                             0.000     0.000
a~1.inpad[0] (.input)                                            0.000     0.000
out:result~1.outpad[0] (.output)                                 0.215     0.215
data arrival time                                                          0.215

clock virtual_io_clock (rise edge)                               0.000     0.000
clock source latency                                             0.000     0.000
clock uncertainty                                                0.000     0.000
output external delay                                            0.000     0.000
data required time                                                         0.000
--------------------------------------------------------------------------------
data required time                                                        -0.000
data arrival time                                                          0.215
--------------------------------------------------------------------------------
slack (MET)                                                                0.215


#Path 2
Startpoint: a~0.inpad[0] (.input clocked by virtual_io_clock)
Endpoint  : out:result~0.outpad[0] (.output clocked by virtual_io_clock)
Path Type : hold

Point                                                             Incr      Path
--------------------------------------------------------------------------------
clock virtual_io_clock (rise edge)                               0.000     0.000
clock source latency                                             0.000     0.000
input external delay                                             0.000     0.000
a~0.inpad[0] (.input)                                            0.000     0.000
out:result~0.outpad[0] (.output)                                 0.216     0.216
data arrival time                                                          0.216

clock virtual_io_clock (rise edge)                               0.000     0.000
clock source latency                                             0.000     0.000
clock uncertainty                                                0.000     0.000
output external delay                                            0.000     0.000
data required time                                                         0.000
--------------------------------------------------------------------------------
data required time                                                        -0.000
data arrival time                                                          0.216
--------------------------------------------------------------------------------
slack (MET)                                                                0.216


#Path 3
Startpoint: a~2.inpad[0] (.input clocked by virtual_io_clock)
Endpoint  : out:result~2.outpad[0] (.output clocked by virtual_io_clock)
Path Type : hold

Point                                                             Incr      Path
--------------------------------------------------------------------------------
clock virtual_io_clock (rise edge)                               0.000     0.000
clock source latency                                             0.000     0.000
input external delay                                             0.000     0.000
a~2.inpad[0] (.input)                                            0.000     0.000
out:result~2.outpad[0] (.output)                                 0.217     0.217
data arrival time                                                          0.217

clock virtual_io_clock (rise edge)                               0.000     0.000
clock source latency                                             0.000     0.000
clock uncertainty                                                0.000     0.000
output external delay                                            0.000     0.000
data required time                                                         0.000
--------------------------------------------------------------------------------
data required time                                                        -0.000
data arrival time                                                          0.217
--------------------------------------------------------------------------------
slack (MET)                                                                0.217


#Path 4
Startpoint: a~20.inpad[0] (.input clocked by virtual_io_clock)
Endpoint  : out:result~26.outpad[0] (.output clocked by virtual_io_clock)
Path Type : hold

Point                                                             Incr      Path
--------------------------------------------------------------------------------
clock virtual_io_clock (rise edge)                               0.000     0.000
clock source latency                                             0.000     0.000
input external delay                                             0.000     0.000
a~20.inpad[0] (.input)                                           0.000     0.000
new_n8187.in[1] (.names)                                         0.791     0.791
new_n8187.out[0] (.names)                                        0.235     1.026
result~26.in[4] (.names)                                         0.000     1.026
result~26.out[0] (.names)                                        0.261     1.287
out:result~26.outpad[0] (.output)                                1.352     2.639
data arrival time                                                          2.639

clock virtual_io_clock (rise edge)                               0.000     0.000
clock source latency                                             0.000     0.000
clock uncertainty                                                0.000     0.000
output external delay                                            0.000     0.000
data required time                                                         0.000
--------------------------------------------------------------------------------
data required time                                                        -0.000
data arrival time                                                          2.639
--------------------------------------------------------------------------------
slack (MET)                                                                2.639


#Path 5
Startpoint: a~20.inpad[0] (.input clocked by virtual_io_clock)
Endpoint  : out:result~23.outpad[0] (.output clocked by virtual_io_clock)
Path Type : hold

Point                                                             Incr      Path
--------------------------------------------------------------------------------
clock virtual_io_clock (rise edge)                               0.000     0.000
clock source latency                                             0.000     0.000
input external delay                                             0.000     0.000
a~20.inpad[0] (.input)                                           0.000     0.000
new_n8087.in[3] (.names)                                         0.791     0.791
new_n8087.out[0] (.names)                                        0.235     1.026
result~23.in[3] (.names)                                         0.360     1.386
result~23.out[0] (.names)                                        0.235     1.621
out:result~23.outpad[0] (.output)                                1.110     2.731
data arrival time                                                          2.731

clock virtual_io_clock (rise edge)                               0.000     0.000
clock source latency                                             0.000     0.000
clock uncertainty                                                0.000     0.000
output external delay                                            0.000     0.000
data required time                                                         0.000
--------------------------------------------------------------------------------
data required time                                                        -0.000
data arrival time                                                          2.731
--------------------------------------------------------------------------------
slack (MET)                                                                2.731


#Path 6
Startpoint: a~20.inpad[0] (.input clocked by virtual_io_clock)
Endpoint  : out:result~27.outpad[0] (.output clocked by virtual_io_clock)
Path Type : hold

Point                                                             Incr      Path
--------------------------------------------------------------------------------
clock virtual_io_clock (rise edge)                               0.000     0.000
clock source latency                                             0.000     0.000
input external delay                                             0.000     0.000
a~20.inpad[0] (.input)                                           0.000     0.000
new_n8187.in[1] (.names)                                         0.791     0.791
new_n8187.out[0] (.names)                                        0.235     1.026
new_n8211.in[4] (.names)                                         0.218     1.244
new_n8211.out[0] (.names)                                        0.235     1.479
result~27.in[1] (.names)                                         0.000     1.479
result~27.out[0] (.names)                                        0.235     1.714
out:result~27.outpad[0] (.output)                                1.032     2.746
data arrival time                                                          2.746

clock virtual_io_clock (rise edge)                               0.000     0.000
clock source latency                                             0.000     0.000
clock uncertainty                                                0.000     0.000
output external delay                                            0.000     0.000
data required time                                                         0.000
--------------------------------------------------------------------------------
data required time                                                        -0.000
data arrival time                                                          2.746
--------------------------------------------------------------------------------
slack (MET)                                                                2.746


#Path 7
Startpoint: a~17.inpad[0] (.input clocked by virtual_io_clock)
Endpoint  : out:result~21.outpad[0] (.output clocked by virtual_io_clock)
Path Type : hold

Point                                                             Incr      Path
--------------------------------------------------------------------------------
clock virtual_io_clock (rise edge)                               0.000     0.000
clock source latency                                             0.000     0.000
input external delay                                             0.000     0.000
a~17.inpad[0] (.input)                                           0.000     0.000
new_n8054.in[5] (.names)                                         1.083     1.083
new_n8054.out[0] (.names)                                        0.261     1.344
result~21.in[5] (.names)                                         0.000     1.344
result~21.out[0] (.names)                                        0.261     1.605
out:result~21.outpad[0] (.output)                                1.207     2.812
data arrival time                                                          2.812

clock virtual_io_clock (rise edge)                               0.000     0.000
clock source latency                                             0.000     0.000
clock uncertainty                                                0.000     0.000
output external delay                                            0.000     0.000
data required time                                                         0.000
--------------------------------------------------------------------------------
data required time                                                        -0.000
data arrival time                                                          2.812
--------------------------------------------------------------------------------
slack (MET)                                                                2.812


#Path 8
Startpoint: a~20.inpad[0] (.input clocked by virtual_io_clock)
Endpoint  : out:result~25.outpad[0] (.output clocked by virtual_io_clock)
Path Type : hold

Point                                                             Incr      Path
--------------------------------------------------------------------------------
clock virtual_io_clock (rise edge)                               0.000     0.000
clock source latency                                             0.000     0.000
input external delay                                             0.000     0.000
a~20.inpad[0] (.input)                                           0.000     0.000
new_n8187.in[1] (.names)                                         0.791     0.791
new_n8187.out[0] (.names)                                        0.235     1.026
result~25.in[4] (.names)                                         0.360     1.386
result~25.out[0] (.names)                                        0.235     1.621
out:result~25.outpad[0] (.output)                                1.204     2.825
data arrival time                                                          2.825

clock virtual_io_clock (rise edge)                               0.000     0.000
clock source latency                                             0.000     0.000
clock uncertainty                                                0.000     0.000
output external delay                                            0.000     0.000
data required time                                                         0.000
--------------------------------------------------------------------------------
data required time                                                        -0.000
data arrival time                                                          2.825
--------------------------------------------------------------------------------
slack (MET)                                                                2.825


#Path 9
Startpoint: a~20.inpad[0] (.input clocked by virtual_io_clock)
Endpoint  : out:result~24.outpad[0] (.output clocked by virtual_io_clock)
Path Type : hold

Point                                                             Incr      Path
--------------------------------------------------------------------------------
clock virtual_io_clock (rise edge)                               0.000     0.000
clock source latency                                             0.000     0.000
input external delay                                             0.000     0.000
a~20.inpad[0] (.input)                                           0.000     0.000
new_n8115.in[3] (.names)                                         0.791     0.791
new_n8115.out[0] (.names)                                        0.235     1.026
new_n8143.in[3] (.names)                                         0.216     1.242
new_n8143.out[0] (.names)                                        0.235     1.477
result~24.in[1] (.names)                                         0.000     1.477
result~24.out[0] (.names)                                        0.235     1.712
out:result~24.outpad[0] (.output)                                1.197     2.908
data arrival time                                                          2.908

clock virtual_io_clock (rise edge)                               0.000     0.000
clock source latency                                             0.000     0.000
clock uncertainty                                                0.000     0.000
output external delay                                            0.000     0.000
data required time                                                         0.000
--------------------------------------------------------------------------------
data required time                                                        -0.000
data arrival time                                                          2.908
--------------------------------------------------------------------------------
slack (MET)                                                                2.908


#Path 10
Startpoint: a~0.inpad[0] (.input clocked by virtual_io_clock)
Endpoint  : out:result~6.outpad[0] (.output clocked by virtual_io_clock)
Path Type : hold

Point                                                             Incr      Path
--------------------------------------------------------------------------------
clock virtual_io_clock (rise edge)                               0.000     0.000
clock source latency                                             0.000     0.000
input external delay                                             0.000     0.000
a~0.inpad[0] (.input)                                            0.000     0.000
new_n7379.in[0] (.names)                                         1.348     1.348
new_n7379.out[0] (.names)                                        0.235     1.583
result~6.in[3] (.names)                                          0.000     1.583
result~6.out[0] (.names)                                         0.261     1.844
out:result~6.outpad[0] (.output)                                 1.108     2.952
data arrival time                                                          2.952

clock virtual_io_clock (rise edge)                               0.000     0.000
clock source latency                                             0.000     0.000
clock uncertainty                                                0.000     0.000
output external delay                                            0.000     0.000
data required time                                                         0.000
--------------------------------------------------------------------------------
data required time                                                        -0.000
data arrival time                                                          2.952
--------------------------------------------------------------------------------
slack (MET)                                                                2.952


#Path 11
Startpoint: a~17.inpad[0] (.input clocked by virtual_io_clock)
Endpoint  : out:result~18.outpad[0] (.output clocked by virtual_io_clock)
Path Type : hold

Point                                                             Incr      Path
--------------------------------------------------------------------------------
clock virtual_io_clock (rise edge)                               0.000     0.000
clock source latency                                             0.000     0.000
input external delay                                             0.000     0.000
a~17.inpad[0] (.input)                                           0.000     0.000
new_n7894.in[3] (.names)                                         0.643     0.643
new_n7894.out[0] (.names)                                        0.235     0.878
new_n7929.in[1] (.names)                                         0.000     0.878
new_n7929.out[0] (.names)                                        0.235     1.113
result~18.in[2] (.names)                                         0.366     1.479
result~18.out[0] (.names)                                        0.235     1.714
out:result~18.outpad[0] (.output)                                1.249     2.963
data arrival time                                                          2.963

clock virtual_io_clock (rise edge)                               0.000     0.000
clock source latency                                             0.000     0.000
clock uncertainty                                                0.000     0.000
output external delay                                            0.000     0.000
data required time                                                         0.000
--------------------------------------------------------------------------------
data required time                                                        -0.000
data arrival time                                                          2.963
--------------------------------------------------------------------------------
slack (MET)                                                                2.963


#Path 12
Startpoint: a~20.inpad[0] (.input clocked by virtual_io_clock)
Endpoint  : out:result~30.outpad[0] (.output clocked by virtual_io_clock)
Path Type : hold

Point                                                             Incr      Path
--------------------------------------------------------------------------------
clock virtual_io_clock (rise edge)                               0.000     0.000
clock source latency                                             0.000     0.000
input external delay                                             0.000     0.000
a~20.inpad[0] (.input)                                           0.000     0.000
new_n8187.in[1] (.names)                                         0.791     0.791
new_n8187.out[0] (.names)                                        0.235     1.026
new_n8211.in[4] (.names)                                         0.218     1.244
new_n8211.out[0] (.names)                                        0.235     1.479
new_n8249.in[1] (.names)                                         0.000     1.479
new_n8249.out[0] (.names)                                        0.261     1.740
result~30.in[0] (.names)                                         0.000     1.740
result~30.out[0] (.names)                                        0.235     1.975
out:result~30.outpad[0] (.output)                                1.008     2.983
data arrival time                                                          2.983

clock virtual_io_clock (rise edge)                               0.000     0.000
clock source latency                                             0.000     0.000
clock uncertainty                                                0.000     0.000
output external delay                                            0.000     0.000
data required time                                                         0.000
--------------------------------------------------------------------------------
data required time                                                        -0.000
data arrival time                                                          2.983
--------------------------------------------------------------------------------
slack (MET)                                                                2.983


#Path 13
Startpoint: a~17.inpad[0] (.input clocked by virtual_io_clock)
Endpoint  : out:result~20.outpad[0] (.output clocked by virtual_io_clock)
Path Type : hold

Point                                                             Incr      Path
--------------------------------------------------------------------------------
clock virtual_io_clock (rise edge)                               0.000     0.000
clock source latency                                             0.000     0.000
input external delay                                             0.000     0.000
a~17.inpad[0] (.input)                                           0.000     0.000
new_n8025.in[3] (.names)                                         1.081     1.081
new_n8025.out[0] (.names)                                        0.235     1.316
result~20.in[3] (.names)                                         0.217     1.533
result~20.out[0] (.names)                                        0.235     1.768
out:result~20.outpad[0] (.output)                                1.246     3.014
data arrival time                                                          3.014

clock virtual_io_clock (rise edge)                               0.000     0.000
clock source latency                                             0.000     0.000
clock uncertainty                                                0.000     0.000
output external delay                                            0.000     0.000
data required time                                                         0.000
--------------------------------------------------------------------------------
data required time                                                        -0.000
data arrival time                                                          3.014
--------------------------------------------------------------------------------
slack (MET)                                                                3.014


#Path 14
Startpoint: a~20.inpad[0] (.input clocked by virtual_io_clock)
Endpoint  : out:result~22.outpad[0] (.output clocked by virtual_io_clock)
Path Type : hold

Point                                                             Incr      Path
--------------------------------------------------------------------------------
clock virtual_io_clock (rise edge)                               0.000     0.000
clock source latency                                             0.000     0.000
input external delay                                             0.000     0.000
a~20.inpad[0] (.input)                                           0.000     0.000
new_n8087.in[3] (.names)                                         0.791     0.791
new_n8087.out[0] (.names)                                        0.235     1.026
new_n8085.in[1] (.names)                                         0.360     1.386
new_n8085.out[0] (.names)                                        0.235     1.621
result~22.in[1] (.names)                                         0.000     1.621
result~22.out[0] (.names)                                        0.235     1.856
out:result~22.outpad[0] (.output)                                1.166     3.022
data arrival time                                                          3.022

clock virtual_io_clock (rise edge)                               0.000     0.000
clock source latency                                             0.000     0.000
clock uncertainty                                                0.000     0.000
output external delay                                            0.000     0.000
data required time                                                         0.000
--------------------------------------------------------------------------------
data required time                                                        -0.000
data arrival time                                                          3.022
--------------------------------------------------------------------------------
slack (MET)                                                                3.022


#Path 15
Startpoint: a~0.inpad[0] (.input clocked by virtual_io_clock)
Endpoint  : out:result~5.outpad[0] (.output clocked by virtual_io_clock)
Path Type : hold

Point                                                             Incr      Path
--------------------------------------------------------------------------------
clock virtual_io_clock (rise edge)                               0.000     0.000
clock source latency                                             0.000     0.000
input external delay                                             0.000     0.000
a~0.inpad[0] (.input)                                            0.000     0.000
new_n7379.in[0] (.names)                                         1.348     1.348
new_n7379.out[0] (.names)                                        0.235     1.583
result~5.in[3] (.names)                                          0.000     1.583
result~5.out[0] (.names)                                         0.235     1.818
out:result~5.outpad[0] (.output)                                 1.219     3.037
data arrival time                                                          3.037

clock virtual_io_clock (rise edge)                               0.000     0.000
clock source latency                                             0.000     0.000
clock uncertainty                                                0.000     0.000
output external delay                                            0.000     0.000
data required time                                                         0.000
--------------------------------------------------------------------------------
data required time                                                        -0.000
data arrival time                                                          3.037
--------------------------------------------------------------------------------
slack (MET)                                                                3.037


#Path 16
Startpoint: a~20.inpad[0] (.input clocked by virtual_io_clock)
Endpoint  : out:result~31.outpad[0] (.output clocked by virtual_io_clock)
Path Type : hold

Point                                                             Incr      Path
--------------------------------------------------------------------------------
clock virtual_io_clock (rise edge)                               0.000     0.000
clock source latency                                             0.000     0.000
input external delay                                             0.000     0.000
a~20.inpad[0] (.input)                                           0.000     0.000
new_n8187.in[1] (.names)                                         0.791     0.791
new_n8187.out[0] (.names)                                        0.235     1.026
new_n8211.in[4] (.names)                                         0.218     1.244
new_n8211.out[0] (.names)                                        0.235     1.479
new_n8249.in[1] (.names)                                         0.000     1.479
new_n8249.out[0] (.names)                                        0.261     1.740
result~31.in[0] (.names)                                         0.000     1.740
result~31.out[0] (.names)                                        0.261     2.001
out:result~31.outpad[0] (.output)                                1.069     3.070
data arrival time                                                          3.070

clock virtual_io_clock (rise edge)                               0.000     0.000
clock source latency                                             0.000     0.000
clock uncertainty                                                0.000     0.000
output external delay                                            0.000     0.000
data required time                                                         0.000
--------------------------------------------------------------------------------
data required time                                                        -0.000
data arrival time                                                          3.070
--------------------------------------------------------------------------------
slack (MET)                                                                3.070


#Path 17
Startpoint: a~20.inpad[0] (.input clocked by virtual_io_clock)
Endpoint  : out:result~29.outpad[0] (.output clocked by virtual_io_clock)
Path Type : hold

Point                                                             Incr      Path
--------------------------------------------------------------------------------
clock virtual_io_clock (rise edge)                               0.000     0.000
clock source latency                                             0.000     0.000
input external delay                                             0.000     0.000
a~20.inpad[0] (.input)                                           0.000     0.000
new_n8187.in[1] (.names)                                         0.791     0.791
new_n8187.out[0] (.names)                                        0.235     1.026
new_n8211.in[4] (.names)                                         0.218     1.244
new_n8211.out[0] (.names)                                        0.235     1.479
new_n8249.in[1] (.names)                                         0.000     1.479
new_n8249.out[0] (.names)                                        0.261     1.740
result~29.in[0] (.names)                                         0.000     1.740
result~29.out[0] (.names)                                        0.235     1.975
out:result~29.outpad[0] (.output)                                1.098     3.073
data arrival time                                                          3.073

clock virtual_io_clock (rise edge)                               0.000     0.000
clock source latency                                             0.000     0.000
clock uncertainty                                                0.000     0.000
output external delay                                            0.000     0.000
data required time                                                         0.000
--------------------------------------------------------------------------------
data required time                                                        -0.000
data arrival time                                                          3.073
--------------------------------------------------------------------------------
slack (MET)                                                                3.073


#Path 18
Startpoint: a~17.inpad[0] (.input clocked by virtual_io_clock)
Endpoint  : out:result~17.outpad[0] (.output clocked by virtual_io_clock)
Path Type : hold

Point                                                             Incr      Path
--------------------------------------------------------------------------------
clock virtual_io_clock (rise edge)                               0.000     0.000
clock source latency                                             0.000     0.000
input external delay                                             0.000     0.000
a~17.inpad[0] (.input)                                           0.000     0.000
new_n7894.in[3] (.names)                                         0.643     0.643
new_n7894.out[0] (.names)                                        0.235     0.878
new_n7892.in[1] (.names)                                         0.000     0.878
new_n7892.out[0] (.names)                                        0.235     1.113
new_n7926.in[3] (.names)                                         0.218     1.331
new_n7926.out[0] (.names)                                        0.235     1.566
result~17.in[0] (.names)                                         0.221     1.788
result~17.out[0] (.names)                                        0.235     2.023
out:result~17.outpad[0] (.output)                                1.063     3.086
data arrival time                                                          3.086

clock virtual_io_clock (rise edge)                               0.000     0.000
clock source latency                                             0.000     0.000
clock uncertainty                                                0.000     0.000
output external delay                                            0.000     0.000
data required time                                                         0.000
--------------------------------------------------------------------------------
data required time                                                        -0.000
data arrival time                                                          3.086
--------------------------------------------------------------------------------
slack (MET)                                                                3.086


#Path 19
Startpoint: a~20.inpad[0] (.input clocked by virtual_io_clock)
Endpoint  : out:result~28.outpad[0] (.output clocked by virtual_io_clock)
Path Type : hold

Point                                                             Incr      Path
--------------------------------------------------------------------------------
clock virtual_io_clock (rise edge)                               0.000     0.000
clock source latency                                             0.000     0.000
input external delay                                             0.000     0.000
a~20.inpad[0] (.input)                                           0.000     0.000
new_n868.in[0] (.names)                                          0.500     0.500
new_n868.out[0] (.names)                                         0.235     0.735
new_n8208.in[1] (.names)                                         0.506     1.241
new_n8208.out[0] (.names)                                        0.235     1.476
new_n8212.in[2] (.names)                                         0.000     1.476
new_n8212.out[0] (.names)                                        0.261     1.737
result~28.in[0] (.names)                                         0.000     1.737
result~28.out[0] (.names)                                        0.261     1.998
out:result~28.outpad[0] (.output)                                1.229     3.226
data arrival time                                                          3.226

clock virtual_io_clock (rise edge)                               0.000     0.000
clock source latency                                             0.000     0.000
clock uncertainty                                                0.000     0.000
output external delay                                            0.000     0.000
data required time                                                         0.000
--------------------------------------------------------------------------------
data required time                                                        -0.000
data arrival time                                                          3.226
--------------------------------------------------------------------------------
slack (MET)                                                                3.226


#Path 20
Startpoint: a~17.inpad[0] (.input clocked by virtual_io_clock)
Endpoint  : out:result~16.outpad[0] (.output clocked by virtual_io_clock)
Path Type : hold

Point                                                             Incr      Path
--------------------------------------------------------------------------------
clock virtual_io_clock (rise edge)                               0.000     0.000
clock source latency                                             0.000     0.000
input external delay                                             0.000     0.000
a~17.inpad[0] (.input)                                           0.000     0.000
new_n7781.in[3] (.names)                                         0.585     0.585
new_n7781.out[0] (.names)                                        0.235     0.820
new_n7849.in[1] (.names)                                         0.000     0.820
new_n7849.out[0] (.names)                                        0.235     1.055
new_n7854.in[1] (.names)                                         0.218     1.273
new_n7854.out[0] (.names)                                        0.261     1.534
result~16.in[3] (.names)                                         0.359     1.893
result~16.out[0] (.names)                                        0.261     2.154
out:result~16.outpad[0] (.output)                                1.075     3.229
data arrival time                                                          3.229

clock virtual_io_clock (rise edge)                               0.000     0.000
clock source latency                                             0.000     0.000
clock uncertainty                                                0.000     0.000
output external delay                                            0.000     0.000
data required time                                                         0.000
--------------------------------------------------------------------------------
data required time                                                        -0.000
data arrival time                                                          3.229
--------------------------------------------------------------------------------
slack (MET)                                                                3.229


#Path 21
Startpoint: a~17.inpad[0] (.input clocked by virtual_io_clock)
Endpoint  : out:result~15.outpad[0] (.output clocked by virtual_io_clock)
Path Type : hold

Point                                                             Incr      Path
--------------------------------------------------------------------------------
clock virtual_io_clock (rise edge)                               0.000     0.000
clock source latency                                             0.000     0.000
input external delay                                             0.000     0.000
a~17.inpad[0] (.input)                                           0.000     0.000
new_n7781.in[3] (.names)                                         0.585     0.585
new_n7781.out[0] (.names)                                        0.235     0.820
new_n7849.in[1] (.names)                                         0.000     0.820
new_n7849.out[0] (.names)                                        0.235     1.055
new_n7854.in[1] (.names)                                         0.218     1.273
new_n7854.out[0] (.names)                                        0.261     1.534
result~15.in[3] (.names)                                         0.359     1.893
result~15.out[0] (.names)                                        0.235     2.128
out:result~15.outpad[0] (.output)                                1.191     3.319
data arrival time                                                          3.319

clock virtual_io_clock (rise edge)                               0.000     0.000
clock source latency                                             0.000     0.000
clock uncertainty                                                0.000     0.000
output external delay                                            0.000     0.000
data required time                                                         0.000
--------------------------------------------------------------------------------
data required time                                                        -0.000
data arrival time                                                          3.319
--------------------------------------------------------------------------------
slack (MET)                                                                3.319


#Path 22
Startpoint: a~17.inpad[0] (.input clocked by virtual_io_clock)
Endpoint  : out:result~13.outpad[0] (.output clocked by virtual_io_clock)
Path Type : hold

Point                                                             Incr      Path
--------------------------------------------------------------------------------
clock virtual_io_clock (rise edge)                               0.000     0.000
clock source latency                                             0.000     0.000
input external delay                                             0.000     0.000
a~17.inpad[0] (.input)                                           0.000     0.000
new_n7781.in[3] (.names)                                         0.585     0.585
new_n7781.out[0] (.names)                                        0.235     0.820
new_n7779.in[1] (.names)                                         0.000     0.820
new_n7779.out[0] (.names)                                        0.235     1.055
new_n7777.in[1] (.names)                                         0.000     1.055
new_n7777.out[0] (.names)                                        0.235     1.290
result~13.in[5] (.names)                                         0.434     1.724
result~13.out[0] (.names)                                        0.261     1.985
out:result~13.outpad[0] (.output)                                1.346     3.331
data arrival time                                                          3.331

clock virtual_io_clock (rise edge)                               0.000     0.000
clock source latency                                             0.000     0.000
clock uncertainty                                                0.000     0.000
output external delay                                            0.000     0.000
data required time                                                         0.000
--------------------------------------------------------------------------------
data required time                                                        -0.000
data arrival time                                                          3.331
--------------------------------------------------------------------------------
slack (MET)                                                                3.331


#Path 23
Startpoint: a~17.inpad[0] (.input clocked by virtual_io_clock)
Endpoint  : out:result~19.outpad[0] (.output clocked by virtual_io_clock)
Path Type : hold

Point                                                             Incr      Path
--------------------------------------------------------------------------------
clock virtual_io_clock (rise edge)                               0.000     0.000
clock source latency                                             0.000     0.000
input external delay                                             0.000     0.000
a~17.inpad[0] (.input)                                           0.000     0.000
new_n7894.in[3] (.names)                                         0.643     0.643
new_n7894.out[0] (.names)                                        0.235     0.878
new_n7929.in[1] (.names)                                         0.000     0.878
new_n7929.out[0] (.names)                                        0.235     1.113
new_n7991.in[1] (.names)                                         0.366     1.479
new_n7991.out[0] (.names)                                        0.235     1.714
result~19.in[0] (.names)                                         0.220     1.934
result~19.out[0] (.names)                                        0.235     2.169
out:result~19.outpad[0] (.output)                                1.188     3.357
data arrival time                                                          3.357

clock virtual_io_clock (rise edge)                               0.000     0.000
clock source latency                                             0.000     0.000
clock uncertainty                                                0.000     0.000
output external delay                                            0.000     0.000
data required time                                                         0.000
--------------------------------------------------------------------------------
data required time                                                        -0.000
data arrival time                                                          3.357
--------------------------------------------------------------------------------
slack (MET)                                                                3.357


#Path 24
Startpoint: a~17.inpad[0] (.input clocked by virtual_io_clock)
Endpoint  : out:result~14.outpad[0] (.output clocked by virtual_io_clock)
Path Type : hold

Point                                                             Incr      Path
--------------------------------------------------------------------------------
clock virtual_io_clock (rise edge)                               0.000     0.000
clock source latency                                             0.000     0.000
input external delay                                             0.000     0.000
a~17.inpad[0] (.input)                                           0.000     0.000
new_n7781.in[3] (.names)                                         0.585     0.585
new_n7781.out[0] (.names)                                        0.235     0.820
new_n7779.in[1] (.names)                                         0.000     0.820
new_n7779.out[0] (.names)                                        0.235     1.055
new_n7777.in[1] (.names)                                         0.000     1.055
new_n7777.out[0] (.names)                                        0.235     1.290
new_n7815.in[5] (.names)                                         0.338     1.628
new_n7815.out[0] (.names)                                        0.261     1.889
result~14.in[0] (.names)                                         0.215     2.104
result~14.out[0] (.names)                                        0.235     2.339
out:result~14.outpad[0] (.output)                                1.070     3.408
data arrival time                                                          3.408

clock virtual_io_clock (rise edge)                               0.000     0.000
clock source latency                                             0.000     0.000
clock uncertainty                                                0.000     0.000
output external delay                                            0.000     0.000
data required time                                                         0.000
--------------------------------------------------------------------------------
data required time                                                        -0.000
data arrival time                                                          3.408
--------------------------------------------------------------------------------
slack (MET)                                                                3.408


#Path 25
Startpoint: a~17.inpad[0] (.input clocked by virtual_io_clock)
Endpoint  : out:result~12.outpad[0] (.output clocked by virtual_io_clock)
Path Type : hold

Point                                                             Incr      Path
--------------------------------------------------------------------------------
clock virtual_io_clock (rise edge)                               0.000     0.000
clock source latency                                             0.000     0.000
input external delay                                             0.000     0.000
a~17.inpad[0] (.input)                                           0.000     0.000
new_n7734.in[5] (.names)                                         0.499     0.499
new_n7734.out[0] (.names)                                        0.261     0.760
new_n7733.in[0] (.names)                                         0.000     0.760
new_n7733.out[0] (.names)                                        0.235     0.995
new_n7730.in[4] (.names)                                         0.366     1.361
new_n7730.out[0] (.names)                                        0.261     1.622
result~12.in[1] (.names)                                         0.218     1.840
result~12.out[0] (.names)                                        0.235     2.075
out:result~12.outpad[0] (.output)                                1.376     3.451
data arrival time                                                          3.451

clock virtual_io_clock (rise edge)                               0.000     0.000
clock source latency                                             0.000     0.000
clock uncertainty                                                0.000     0.000
output external delay                                            0.000     0.000
data required time                                                         0.000
--------------------------------------------------------------------------------
data required time                                                        -0.000
data arrival time                                                          3.451
--------------------------------------------------------------------------------
slack (MET)                                                                3.451


#Path 26
Startpoint: a~2.inpad[0] (.input clocked by virtual_io_clock)
Endpoint  : out:result~3.outpad[0] (.output clocked by virtual_io_clock)
Path Type : hold

Point                                                             Incr      Path
--------------------------------------------------------------------------------
clock virtual_io_clock (rise edge)                               0.000     0.000
clock source latency                                             0.000     0.000
input external delay                                             0.000     0.000
a~2.inpad[0] (.input)                                            0.000     0.000
result~3.in[4] (.names)                                          2.098     2.098
result~3.out[0] (.names)                                         0.261     2.359
out:result~3.outpad[0] (.output)                                 1.102     3.461
data arrival time                                                          3.461

clock virtual_io_clock (rise edge)                               0.000     0.000
clock source latency                                             0.000     0.000
clock uncertainty                                                0.000     0.000
output external delay                                            0.000     0.000
data required time                                                         0.000
--------------------------------------------------------------------------------
data required time                                                        -0.000
data arrival time                                                          3.461
--------------------------------------------------------------------------------
slack (MET)                                                                3.461


#Path 27
Startpoint: a~17.inpad[0] (.input clocked by virtual_io_clock)
Endpoint  : out:result~10.outpad[0] (.output clocked by virtual_io_clock)
Path Type : hold

Point                                                             Incr      Path
--------------------------------------------------------------------------------
clock virtual_io_clock (rise edge)                               0.000     0.000
clock source latency                                             0.000     0.000
input external delay                                             0.000     0.000
a~17.inpad[0] (.input)                                           0.000     0.000
new_n7554.in[3] (.names)                                         0.592     0.592
new_n7554.out[0] (.names)                                        0.235     0.827
new_n7553.in[3] (.names)                                         0.000     0.827
new_n7553.out[0] (.names)                                        0.261     1.088
new_n7639.in[3] (.names)                                         0.000     1.088
new_n7639.out[0] (.names)                                        0.261     1.349
new_n7681.in[0] (.names)                                         0.000     1.349
new_n7681.out[0] (.names)                                        0.235     1.584
result~10.in[4] (.names)                                         0.478     2.062
result~10.out[0] (.names)                                        0.235     2.297
out:result~10.outpad[0] (.output)                                1.204     3.502
data arrival time                                                          3.502

clock virtual_io_clock (rise edge)                               0.000     0.000
clock source latency                                             0.000     0.000
clock uncertainty                                                0.000     0.000
output external delay                                            0.000     0.000
data required time                                                         0.000
--------------------------------------------------------------------------------
data required time                                                        -0.000
data arrival time                                                          3.502
--------------------------------------------------------------------------------
slack (MET)                                                                3.502


#Path 28
Startpoint: a~17.inpad[0] (.input clocked by virtual_io_clock)
Endpoint  : out:result~11.outpad[0] (.output clocked by virtual_io_clock)
Path Type : hold

Point                                                             Incr      Path
--------------------------------------------------------------------------------
clock virtual_io_clock (rise edge)                               0.000     0.000
clock source latency                                             0.000     0.000
input external delay                                             0.000     0.000
a~17.inpad[0] (.input)                                           0.000     0.000
new_n7554.in[3] (.names)                                         0.592     0.592
new_n7554.out[0] (.names)                                        0.235     0.827
new_n7553.in[3] (.names)                                         0.000     0.827
new_n7553.out[0] (.names)                                        0.261     1.088
new_n7639.in[3] (.names)                                         0.000     1.088
new_n7639.out[0] (.names)                                        0.261     1.349
new_n7681.in[0] (.names)                                         0.000     1.349
new_n7681.out[0] (.names)                                        0.235     1.584
result~11.in[4] (.names)                                         0.478     2.062
result~11.out[0] (.names)                                        0.261     2.323
out:result~11.outpad[0] (.output)                                1.339     3.662
data arrival time                                                          3.662

clock virtual_io_clock (rise edge)                               0.000     0.000
clock source latency                                             0.000     0.000
clock uncertainty                                                0.000     0.000
output external delay                                            0.000     0.000
data required time                                                         0.000
--------------------------------------------------------------------------------
data required time                                                        -0.000
data arrival time                                                          3.662
--------------------------------------------------------------------------------
slack (MET)                                                                3.662


#Path 29
Startpoint: a~0.inpad[0] (.input clocked by virtual_io_clock)
Endpoint  : out:result~8.outpad[0] (.output clocked by virtual_io_clock)
Path Type : hold

Point                                                             Incr      Path
--------------------------------------------------------------------------------
clock virtual_io_clock (rise edge)                               0.000     0.000
clock source latency                                             0.000     0.000
input external delay                                             0.000     0.000
a~0.inpad[0] (.input)                                            0.000     0.000
new_n7379.in[0] (.names)                                         1.348     1.348
new_n7379.out[0] (.names)                                        0.235     1.583
new_n7492.in[0] (.names)                                         0.217     1.800
new_n7492.out[0] (.names)                                        0.235     2.035
result~8.in[0] (.names)                                          0.959     2.994
result~8.out[0] (.names)                                         0.235     3.229
out:result~8.outpad[0] (.output)                                 0.438     3.667
data arrival time                                                          3.667

clock virtual_io_clock (rise edge)                               0.000     0.000
clock source latency                                             0.000     0.000
clock uncertainty                                                0.000     0.000
output external delay                                            0.000     0.000
data required time                                                         0.000
--------------------------------------------------------------------------------
data required time                                                        -0.000
data arrival time                                                          3.667
--------------------------------------------------------------------------------
slack (MET)                                                                3.667


#Path 30
Startpoint: a~2.inpad[0] (.input clocked by virtual_io_clock)
Endpoint  : out:result~4.outpad[0] (.output clocked by virtual_io_clock)
Path Type : hold

Point                                                             Incr      Path
--------------------------------------------------------------------------------
clock virtual_io_clock (rise edge)                               0.000     0.000
clock source latency                                             0.000     0.000
input external delay                                             0.000     0.000
a~2.inpad[0] (.input)                                            0.000     0.000
new_n7317.in[3] (.names)                                         2.098     2.098
new_n7317.out[0] (.names)                                        0.261     2.359
result~4.in[0] (.names)                                          0.000     2.359
result~4.out[0] (.names)                                         0.235     2.594
out:result~4.outpad[0] (.output)                                 1.249     3.843
data arrival time                                                          3.843

clock virtual_io_clock (rise edge)                               0.000     0.000
clock source latency                                             0.000     0.000
clock uncertainty                                                0.000     0.000
output external delay                                            0.000     0.000
data required time                                                         0.000
--------------------------------------------------------------------------------
data required time                                                        -0.000
data arrival time                                                          3.843
--------------------------------------------------------------------------------
slack (MET)                                                                3.843


#Path 31
Startpoint: a~0.inpad[0] (.input clocked by virtual_io_clock)
Endpoint  : out:result~7.outpad[0] (.output clocked by virtual_io_clock)
Path Type : hold

Point                                                             Incr      Path
--------------------------------------------------------------------------------
clock virtual_io_clock (rise edge)                               0.000     0.000
clock source latency                                             0.000     0.000
input external delay                                             0.000     0.000
a~0.inpad[0] (.input)                                            0.000     0.000
new_n7379.in[0] (.names)                                         1.348     1.348
new_n7379.out[0] (.names)                                        0.235     1.583
new_n7492.in[0] (.names)                                         0.217     1.800
new_n7492.out[0] (.names)                                        0.235     2.035
result~7.in[0] (.names)                                          0.959     2.994
result~7.out[0] (.names)                                         0.235     3.229
out:result~7.outpad[0] (.output)                                 0.658     3.887
data arrival time                                                          3.887

clock virtual_io_clock (rise edge)                               0.000     0.000
clock source latency                                             0.000     0.000
clock uncertainty                                                0.000     0.000
output external delay                                            0.000     0.000
data required time                                                         0.000
--------------------------------------------------------------------------------
data required time                                                        -0.000
data arrival time                                                          3.887
--------------------------------------------------------------------------------
slack (MET)                                                                3.887


#Path 32
Startpoint: a~17.inpad[0] (.input clocked by virtual_io_clock)
Endpoint  : out:result~9.outpad[0] (.output clocked by virtual_io_clock)
Path Type : hold

Point                                                             Incr      Path
--------------------------------------------------------------------------------
clock virtual_io_clock (rise edge)                               0.000     0.000
clock source latency                                             0.000     0.000
input external delay                                             0.000     0.000
a~17.inpad[0] (.input)                                           0.000     0.000
new_n7554.in[3] (.names)                                         0.592     0.592
new_n7554.out[0] (.names)                                        0.235     0.827
new_n7553.in[3] (.names)                                         0.000     0.827
new_n7553.out[0] (.names)                                        0.261     1.088
new_n7549.in[2] (.names)                                         0.217     1.305
new_n7549.out[0] (.names)                                        0.261     1.566
new_n7548.in[2] (.names)                                         0.000     1.566
new_n7548.out[0] (.names)                                        0.235     1.801
new_n7596.in[2] (.names)                                         0.000     1.801
new_n7596.out[0] (.names)                                        0.261     2.062
result~9.in[1] (.names)                                          0.315     2.377
result~9.out[0] (.names)                                         0.235     2.612
out:result~9.outpad[0] (.output)                                 1.502     4.114
data arrival time                                                          4.114

clock virtual_io_clock (rise edge)                               0.000     0.000
clock source latency                                             0.000     0.000
clock uncertainty                                                0.000     0.000
output external delay                                            0.000     0.000
data required time                                                         0.000
--------------------------------------------------------------------------------
data required time                                                        -0.000
data arrival time                                                          4.114
--------------------------------------------------------------------------------
slack (MET)                                                                4.114


#End of timing report
