#! /usr/bin/vvp
:ivl_version "12.0 (stable)";
:ivl_delay_selection "TYPICAL";
:vpi_time_precision + 0;
:vpi_module "/usr/lib/x86_64-linux-gnu/ivl/system.vpi";
:vpi_module "/usr/lib/x86_64-linux-gnu/ivl/vhdl_sys.vpi";
:vpi_module "/usr/lib/x86_64-linux-gnu/ivl/vhdl_textio.vpi";
:vpi_module "/usr/lib/x86_64-linux-gnu/ivl/v2005_math.vpi";
:vpi_module "/usr/lib/x86_64-linux-gnu/ivl/va_math.vpi";
S_0x56137251aa10 .scope module, "tb_brentk_16b" "tb_brentk_16b" 2 1;
 .timescale 0 0;
v0x561372542310_0 .var "a", 15 0;
v0x561372542410_0 .var "b", 15 0;
v0x5613725424f0_0 .var "clk", 0 0;
v0x561372542590_0 .var/i "i", 31 0;
v0x561372542630 .array "memA", 999999 0, 15 0;
v0x5613725426f0 .array "memB", 999999 0, 15 0;
v0x5613725427b0_0 .var/i "out_file", 31 0;
v0x561372542890_0 .var "rst", 0 0;
v0x561372542930_0 .net "sum", 16 0, L_0x56137255fda0;  1 drivers
L_0x56137255d4f0 .part v0x561372542410_0, 7, 1;
L_0x56137255d590 .part v0x561372542410_0, 15, 1;
L_0x56137255d680 .part v0x561372542410_0, 14, 1;
L_0x56137255d720 .part v0x561372542410_0, 13, 1;
L_0x56137255d910 .part v0x561372542410_0, 12, 1;
L_0x56137255d9b0 .part v0x561372542410_0, 11, 1;
L_0x56137255db20 .part v0x561372542410_0, 10, 1;
L_0x56137255dc50 .part v0x561372542410_0, 9, 1;
L_0x56137255ddd0 .part v0x561372542410_0, 8, 1;
L_0x56137255de70 .part v0x561372542410_0, 6, 1;
L_0x56137255e000 .part v0x561372542410_0, 5, 1;
L_0x56137255e130 .part v0x561372542410_0, 4, 1;
L_0x56137255e2d0 .part v0x561372542410_0, 3, 1;
L_0x56137255e370 .part v0x561372542410_0, 2, 1;
L_0x56137255e490 .part v0x561372542410_0, 1, 1;
L_0x56137255e5c0 .part v0x561372542410_0, 0, 1;
L_0x56137255e780 .part v0x561372542310_0, 15, 1;
L_0x56137255e820 .part v0x561372542310_0, 14, 1;
L_0x56137255e960 .part v0x561372542310_0, 13, 1;
L_0x56137255ea00 .part v0x561372542310_0, 12, 1;
L_0x56137255e8c0 .part v0x561372542310_0, 11, 1;
L_0x56137255ec70 .part v0x561372542310_0, 10, 1;
L_0x56137255ee60 .part v0x561372542310_0, 9, 1;
L_0x56137255ef90 .part v0x561372542310_0, 8, 1;
L_0x56137255f190 .part v0x561372542310_0, 7, 1;
L_0x56137255f230 .part v0x561372542310_0, 6, 1;
L_0x56137255f3b0 .part v0x561372542310_0, 5, 1;
L_0x56137255f4e0 .part v0x561372542310_0, 4, 1;
L_0x56137255f700 .part v0x561372542310_0, 3, 1;
L_0x56137255f7a0 .part v0x561372542310_0, 2, 1;
L_0x56137255f940 .part v0x561372542310_0, 1, 1;
L_0x56137255f9e0 .part v0x561372542310_0, 0, 1;
LS_0x56137255fda0_0_0 .concat8 [ 1 1 1 1], v0x56137251f240_0, v0x56137251f5b0_0, v0x561372538840_0, v0x561372538900_0;
LS_0x56137255fda0_0_4 .concat8 [ 1 1 1 1], v0x5613725389c0_0, v0x561372538a80_0, v0x561372538b40_0, v0x561372538c00_0;
LS_0x56137255fda0_0_8 .concat8 [ 1 1 1 1], v0x561372538cc0_0, v0x561372538d80_0, v0x56137251f920_0, v0x56137251fc90_0;
LS_0x56137255fda0_0_12 .concat8 [ 1 1 1 1], v0x561372520000_0, v0x561372520370_0, v0x5613725206e0_0, v0x5613725386c0_0;
LS_0x56137255fda0_0_16 .concat8 [ 1 0 0 0], v0x561372538780_0;
LS_0x56137255fda0_1_0 .concat8 [ 4 4 4 4], LS_0x56137255fda0_0_0, LS_0x56137255fda0_0_4, LS_0x56137255fda0_0_8, LS_0x56137255fda0_0_12;
LS_0x56137255fda0_1_4 .concat8 [ 1 0 0 0], LS_0x56137255fda0_0_16;
L_0x56137255fda0 .concat8 [ 16 1 0 0], LS_0x56137255fda0_1_0, LS_0x56137255fda0_1_4;
S_0x5613725124c0 .scope module, "UUT" "UBBKA_15_0_15_0" 2 14, 3 3 0, S_0x56137251aa10;
 .timescale 0 0;
    .port_info 0 /INPUT 1 "Y~7";
    .port_info 1 /INPUT 1 "rst";
    .port_info 2 /INPUT 1 "clk";
    .port_info 3 /INPUT 1 "Y~15";
    .port_info 4 /INPUT 1 "Y~14";
    .port_info 5 /INPUT 1 "Y~13";
    .port_info 6 /INPUT 1 "Y~12";
    .port_info 7 /INPUT 1 "Y~11";
    .port_info 8 /INPUT 1 "Y~10";
    .port_info 9 /INPUT 1 "Y~9";
    .port_info 10 /INPUT 1 "Y~8";
    .port_info 11 /INPUT 1 "Y~6";
    .port_info 12 /INPUT 1 "Y~5";
    .port_info 13 /INPUT 1 "Y~4";
    .port_info 14 /INPUT 1 "Y~3";
    .port_info 15 /INPUT 1 "Y~2";
    .port_info 16 /INPUT 1 "Y~1";
    .port_info 17 /INPUT 1 "Y~0";
    .port_info 18 /INPUT 1 "X~15";
    .port_info 19 /INPUT 1 "X~14";
    .port_info 20 /INPUT 1 "X~13";
    .port_info 21 /INPUT 1 "X~12";
    .port_info 22 /INPUT 1 "X~11";
    .port_info 23 /INPUT 1 "X~10";
    .port_info 24 /INPUT 1 "X~9";
    .port_info 25 /INPUT 1 "X~8";
    .port_info 26 /INPUT 1 "X~7";
    .port_info 27 /INPUT 1 "X~6";
    .port_info 28 /INPUT 1 "X~5";
    .port_info 29 /INPUT 1 "X~4";
    .port_info 30 /INPUT 1 "X~3";
    .port_info 31 /INPUT 1 "X~2";
    .port_info 32 /INPUT 1 "X~1";
    .port_info 33 /INPUT 1 "X~0";
    .port_info 34 /OUTPUT 1 "S~8";
    .port_info 35 /OUTPUT 1 "S~9";
    .port_info 36 /OUTPUT 1 "S~7";
    .port_info 37 /OUTPUT 1 "S~6";
    .port_info 38 /OUTPUT 1 "S~5";
    .port_info 39 /OUTPUT 1 "S~4";
    .port_info 40 /OUTPUT 1 "S~3";
    .port_info 41 /OUTPUT 1 "S~2";
    .port_info 42 /OUTPUT 1 "S~1";
    .port_info 43 /OUTPUT 1 "S~0";
    .port_info 44 /OUTPUT 1 "S~14";
    .port_info 45 /OUTPUT 1 "S~15";
    .port_info 46 /OUTPUT 1 "S~16";
    .port_info 47 /OUTPUT 1 "S~10";
    .port_info 48 /OUTPUT 1 "S~11";
    .port_info 49 /OUTPUT 1 "S~12";
    .port_info 50 /OUTPUT 1 "S~13";
L_0x561372514b90 .functor BUFZ 1, L_0x56137255e490, C4<0>, C4<0>, C4<0>;
L_0x561372514ed0 .functor BUFZ 1, L_0x56137255e5c0, C4<0>, C4<0>, C4<0>;
v0x56137251f240_0 .var "S~0", 0 0;
v0x56137251f5b0_0 .var "S~1", 0 0;
v0x56137251f920_0 .var "S~10", 0 0;
v0x56137251fc90_0 .var "S~11", 0 0;
v0x561372520000_0 .var "S~12", 0 0;
v0x561372520370_0 .var "S~13", 0 0;
v0x5613725206e0_0 .var "S~14", 0 0;
v0x5613725386c0_0 .var "S~15", 0 0;
v0x561372538780_0 .var "S~16", 0 0;
v0x561372538840_0 .var "S~2", 0 0;
v0x561372538900_0 .var "S~3", 0 0;
v0x5613725389c0_0 .var "S~4", 0 0;
v0x561372538a80_0 .var "S~5", 0 0;
v0x561372538b40_0 .var "S~6", 0 0;
v0x561372538c00_0 .var "S~7", 0 0;
v0x561372538cc0_0 .var "S~8", 0 0;
v0x561372538d80_0 .var "S~9", 0 0;
v0x561372538e40_0 .net "X~0", 0 0, L_0x56137255f9e0;  1 drivers
v0x561372538f00_0 .net "X~1", 0 0, L_0x56137255f940;  1 drivers
v0x561372538fc0_0 .net "X~10", 0 0, L_0x56137255ec70;  1 drivers
v0x561372539080_0 .net "X~11", 0 0, L_0x56137255e8c0;  1 drivers
v0x561372539140_0 .net "X~12", 0 0, L_0x56137255ea00;  1 drivers
v0x561372539200_0 .net "X~13", 0 0, L_0x56137255e960;  1 drivers
v0x5613725392c0_0 .net "X~14", 0 0, L_0x56137255e820;  1 drivers
v0x561372539380_0 .net "X~15", 0 0, L_0x56137255e780;  1 drivers
v0x561372539440_0 .net "X~2", 0 0, L_0x56137255f7a0;  1 drivers
v0x561372539500_0 .net "X~3", 0 0, L_0x56137255f700;  1 drivers
v0x5613725395c0_0 .net "X~4", 0 0, L_0x56137255f4e0;  1 drivers
v0x561372539680_0 .net "X~5", 0 0, L_0x56137255f3b0;  1 drivers
v0x561372539740_0 .net "X~6", 0 0, L_0x56137255f230;  1 drivers
v0x561372539800_0 .net "X~7", 0 0, L_0x56137255f190;  1 drivers
v0x5613725398c0_0 .net "X~8", 0 0, L_0x56137255ef90;  1 drivers
v0x561372539980_0 .net "X~9", 0 0, L_0x56137255ee60;  1 drivers
v0x561372539c50_0 .net "Y~0", 0 0, L_0x56137255e5c0;  1 drivers
v0x561372539d10_0 .net "Y~1", 0 0, L_0x56137255e490;  1 drivers
v0x561372539dd0_0 .net "Y~10", 0 0, L_0x56137255db20;  1 drivers
v0x561372539e90_0 .net "Y~11", 0 0, L_0x56137255d9b0;  1 drivers
v0x561372539f50_0 .net "Y~12", 0 0, L_0x56137255d910;  1 drivers
v0x56137253a010_0 .net "Y~13", 0 0, L_0x56137255d720;  1 drivers
v0x56137253a0d0_0 .net "Y~14", 0 0, L_0x56137255d680;  1 drivers
v0x56137253a190_0 .net "Y~15", 0 0, L_0x56137255d590;  1 drivers
v0x56137253a250_0 .net "Y~2", 0 0, L_0x56137255e370;  1 drivers
v0x56137253a310_0 .net "Y~3", 0 0, L_0x56137255e2d0;  1 drivers
v0x56137253a3d0_0 .net "Y~4", 0 0, L_0x56137255e130;  1 drivers
v0x56137253a490_0 .net "Y~5", 0 0, L_0x56137255e000;  1 drivers
v0x56137253a550_0 .net "Y~6", 0 0, L_0x56137255de70;  1 drivers
v0x56137253a610_0 .net "Y~7", 0 0, L_0x56137255d4f0;  1 drivers
v0x56137253a6d0_0 .net "Y~8", 0 0, L_0x56137255ddd0;  1 drivers
v0x56137253a790_0 .net "Y~9", 0 0, L_0x56137255dc50;  1 drivers
L_0x7f80d3cb2018 .functor BUFT 1, C4<0001010001000001>, C4<0>, C4<0>, C4<0>;
v0x56137253a850_0 .net/2u *"_ivl_0", 15 0, L_0x7f80d3cb2018;  1 drivers
v0x56137253a930_0 .net *"_ivl_10", 3 0, L_0x561372552d80;  1 drivers
v0x56137253aa10_0 .net *"_ivl_100", 15 0, L_0x561372555ff0;  1 drivers
L_0x7f80d3cb23c0 .functor BUFT 1, C4<0001010001000001>, C4<0>, C4<0>, C4<0>;
v0x56137253aaf0_0 .net/2u *"_ivl_104", 15 0, L_0x7f80d3cb23c0;  1 drivers
v0x56137253abd0_0 .net *"_ivl_106", 3 0, L_0x5613725563b0;  1 drivers
v0x56137253acb0_0 .net *"_ivl_108", 15 0, L_0x5613725565a0;  1 drivers
L_0x7f80d3cb2408 .functor BUFT 1, C4<0000000101010111000000010101011100000001010101110001010101111111>, C4<0>, C4<0>, C4<0>;
v0x56137253ad90_0 .net/2u *"_ivl_112", 63 0, L_0x7f80d3cb2408;  1 drivers
v0x56137253ae70_0 .net *"_ivl_114", 5 0, L_0x561372556960;  1 drivers
v0x56137253af50_0 .net *"_ivl_116", 63 0, L_0x561372556b30;  1 drivers
v0x56137253b030_0 .net *"_ivl_12", 15 0, L_0x561372552f40;  1 drivers
L_0x7f80d3cb2450 .functor BUFT 1, C4<0001010001000001>, C4<0>, C4<0>, C4<0>;
v0x56137253b110_0 .net/2u *"_ivl_120", 15 0, L_0x7f80d3cb2450;  1 drivers
v0x56137253b1f0_0 .net *"_ivl_122", 3 0, L_0x561372556e80;  1 drivers
v0x56137253b2d0_0 .net *"_ivl_124", 15 0, L_0x5613725570d0;  1 drivers
L_0x7f80d3cb2498 .functor BUFT 1, C4<00101011>, C4<0>, C4<0>, C4<0>;
v0x56137253b3b0_0 .net/2u *"_ivl_128", 7 0, L_0x7f80d3cb2498;  1 drivers
v0x56137253b490_0 .net *"_ivl_130", 2 0, L_0x5613725574c0;  1 drivers
v0x56137253b570_0 .net *"_ivl_132", 7 0, L_0x561372557630;  1 drivers
L_0x7f80d3cb24e0 .functor BUFT 1, C4<0000000011010100000000000010101100000000001010110000000011010100>, C4<0>, C4<0>, C4<0>;
v0x56137253ba60_0 .net/2u *"_ivl_136", 63 0, L_0x7f80d3cb24e0;  1 drivers
v0x56137253bb40_0 .net *"_ivl_138", 5 0, L_0x561372557a50;  1 drivers
v0x56137253bc20_0 .net *"_ivl_140", 63 0, L_0x561372557d80;  1 drivers
L_0x7f80d3cb2528 .functor BUFT 1, C4<0001010001000001>, C4<0>, C4<0>, C4<0>;
v0x56137253bd00_0 .net/2u *"_ivl_144", 15 0, L_0x7f80d3cb2528;  1 drivers
v0x56137253bde0_0 .net *"_ivl_146", 3 0, L_0x561372558170;  1 drivers
v0x56137253bec0_0 .net *"_ivl_148", 15 0, L_0x561372558210;  1 drivers
L_0x7f80d3cb2570 .functor BUFT 1, C4<0001>, C4<0>, C4<0>, C4<0>;
v0x56137253bfa0_0 .net/2u *"_ivl_152", 3 0, L_0x7f80d3cb2570;  1 drivers
v0x56137253c080_0 .net *"_ivl_154", 1 0, L_0x5613725585c0;  1 drivers
v0x56137253c160_0 .net *"_ivl_156", 3 0, L_0x5613725588a0;  1 drivers
L_0x7f80d3cb20a8 .functor BUFT 1, C4<0001010001000001>, C4<0>, C4<0>, C4<0>;
v0x56137253c240_0 .net/2u *"_ivl_16", 15 0, L_0x7f80d3cb20a8;  1 drivers
L_0x7f80d3cb25b8 .functor BUFT 1, C4<1111110011010100110101001100000000000000000000000000000000000000>, C4<0>, C4<0>, C4<0>;
v0x56137253c320_0 .net/2u *"_ivl_160", 63 0, L_0x7f80d3cb25b8;  1 drivers
v0x56137253c400_0 .net *"_ivl_162", 5 0, L_0x561372558d40;  1 drivers
v0x56137253c4e0_0 .net *"_ivl_164", 63 0, L_0x561372558e20;  1 drivers
L_0x7f80d3cb2600 .functor BUFT 1, C4<0110>, C4<0>, C4<0>, C4<0>;
v0x56137253c5c0_0 .net/2u *"_ivl_168", 3 0, L_0x7f80d3cb2600;  1 drivers
v0x56137253c6a0_0 .net *"_ivl_170", 1 0, L_0x561372559250;  1 drivers
v0x56137253c780_0 .net *"_ivl_172", 3 0, L_0x5613725595a0;  1 drivers
L_0x7f80d3cb2648 .functor BUFT 1, C4<1000>, C4<0>, C4<0>, C4<0>;
v0x56137253c860_0 .net/2u *"_ivl_176", 3 0, L_0x7f80d3cb2648;  1 drivers
v0x56137253c940_0 .net *"_ivl_178", 1 0, L_0x561372559a40;  1 drivers
v0x56137253ca20_0 .net *"_ivl_18", 3 0, L_0x561372553230;  1 drivers
v0x56137253cb00_0 .net *"_ivl_180", 3 0, L_0x561372559ae0;  1 drivers
L_0x7f80d3cb2690 .functor BUFT 1, C4<0000000011010100000000000010101100000000001010110000000011010100>, C4<0>, C4<0>, C4<0>;
v0x56137253cbe0_0 .net/2u *"_ivl_184", 63 0, L_0x7f80d3cb2690;  1 drivers
v0x56137253ccc0_0 .net *"_ivl_186", 5 0, L_0x561372559f90;  1 drivers
v0x56137253cda0_0 .net *"_ivl_188", 63 0, L_0x56137255a350;  1 drivers
L_0x7f80d3cb26d8 .functor BUFT 1, C4<0001010001000001>, C4<0>, C4<0>, C4<0>;
v0x56137253ce80_0 .net/2u *"_ivl_192", 15 0, L_0x7f80d3cb26d8;  1 drivers
v0x56137253cf60_0 .net *"_ivl_194", 3 0, L_0x56137255a7d0;  1 drivers
v0x56137253d040_0 .net *"_ivl_196", 15 0, L_0x56137255a870;  1 drivers
v0x56137253d120_0 .net *"_ivl_2", 3 0, L_0x561372552a20;  1 drivers
v0x56137253d200_0 .net *"_ivl_20", 15 0, L_0x561372553330;  1 drivers
L_0x7f80d3cb2720 .functor BUFT 1, C4<0000000101010111000000010101011100000001010101110001010101111111>, C4<0>, C4<0>, C4<0>;
v0x56137253d2e0_0 .net/2u *"_ivl_200", 63 0, L_0x7f80d3cb2720;  1 drivers
v0x56137253d3c0_0 .net *"_ivl_202", 5 0, L_0x56137255ad30;  1 drivers
v0x56137253d4a0_0 .net *"_ivl_204", 63 0, L_0x56137255b0e0;  1 drivers
L_0x7f80d3cb2768 .functor BUFT 1, C4<0000000011010100000000000010101100000000001010110000000011010100>, C4<0>, C4<0>, C4<0>;
v0x56137253d580_0 .net/2u *"_ivl_208", 63 0, L_0x7f80d3cb2768;  1 drivers
v0x56137253d660_0 .net *"_ivl_210", 5 0, L_0x56137255b5e0;  1 drivers
v0x56137253d740_0 .net *"_ivl_212", 63 0, L_0x56137255b760;  1 drivers
L_0x7f80d3cb27b0 .functor BUFT 1, C4<0001010001000001>, C4<0>, C4<0>, C4<0>;
v0x56137253d820_0 .net/2u *"_ivl_216", 15 0, L_0x7f80d3cb27b0;  1 drivers
v0x56137253d900_0 .net *"_ivl_218", 3 0, L_0x56137255bc20;  1 drivers
v0x56137253d9e0_0 .net *"_ivl_220", 15 0, L_0x56137255bfc0;  1 drivers
L_0x7f80d3cb27f8 .functor BUFT 1, C4<00000011001010110010101100111111>, C4<0>, C4<0>, C4<0>;
v0x56137253dac0_0 .net/2u *"_ivl_224", 31 0, L_0x7f80d3cb27f8;  1 drivers
v0x56137253dba0_0 .net *"_ivl_226", 4 0, L_0x56137255c4d0;  1 drivers
v0x56137253dc80_0 .net *"_ivl_228", 31 0, L_0x56137255c690;  1 drivers
L_0x7f80d3cb2840 .functor BUFT 1, C4<0000000011010100>, C4<0>, C4<0>, C4<0>;
v0x56137253dd60_0 .net/2u *"_ivl_232", 15 0, L_0x7f80d3cb2840;  1 drivers
v0x56137253de40_0 .net *"_ivl_234", 3 0, L_0x56137255cbd0;  1 drivers
v0x56137253df20_0 .net *"_ivl_236", 15 0, L_0x56137255cfe0;  1 drivers
L_0x7f80d3cb20f0 .functor BUFT 1, C4<0000000101010111000101010111111100010101011111110001010101111111>, C4<0>, C4<0>, C4<0>;
v0x56137253e000_0 .net/2u *"_ivl_24", 63 0, L_0x7f80d3cb20f0;  1 drivers
v0x56137253e0e0_0 .net *"_ivl_26", 5 0, L_0x561372553630;  1 drivers
v0x56137253e1c0_0 .net *"_ivl_28", 63 0, L_0x561372553910;  1 drivers
L_0x7f80d3cb2138 .functor BUFT 1, C4<0000000011010100000000000010101100000000001010110000000011010100>, C4<0>, C4<0>, C4<0>;
v0x56137253e2a0_0 .net/2u *"_ivl_32", 63 0, L_0x7f80d3cb2138;  1 drivers
v0x56137253e380_0 .net *"_ivl_34", 5 0, L_0x561372553c00;  1 drivers
v0x56137253e460_0 .net *"_ivl_36", 63 0, L_0x561372553d40;  1 drivers
v0x56137253e540_0 .net *"_ivl_4", 15 0, L_0x561372552b20;  1 drivers
L_0x7f80d3cb2180 .functor BUFT 1, C4<0001010001000001>, C4<0>, C4<0>, C4<0>;
v0x56137253e620_0 .net/2u *"_ivl_40", 15 0, L_0x7f80d3cb2180;  1 drivers
v0x56137253e700_0 .net *"_ivl_42", 3 0, L_0x561372553fa0;  1 drivers
v0x56137253e7e0_0 .net *"_ivl_44", 15 0, L_0x5613725540d0;  1 drivers
L_0x7f80d3cb21c8 .functor BUFT 1, C4<00000011001010110010101100111111>, C4<0>, C4<0>, C4<0>;
v0x56137253e8c0_0 .net/2u *"_ivl_48", 31 0, L_0x7f80d3cb21c8;  1 drivers
v0x56137253e9a0_0 .net *"_ivl_50", 4 0, L_0x5613725543a0;  1 drivers
v0x56137253ea80_0 .net *"_ivl_52", 31 0, L_0x561372554490;  1 drivers
L_0x7f80d3cb2210 .functor BUFT 1, C4<00001110000000010000000100001110>, C4<0>, C4<0>, C4<0>;
v0x56137253eb60_0 .net/2u *"_ivl_56", 31 0, L_0x7f80d3cb2210;  1 drivers
v0x56137253ec40_0 .net *"_ivl_58", 4 0, L_0x561372554720;  1 drivers
v0x56137253ed20_0 .net *"_ivl_60", 31 0, L_0x561372554880;  1 drivers
L_0x7f80d3cb2258 .functor BUFT 1, C4<1111110011010100110101001100000000000000000000000000000000000000>, C4<0>, C4<0>, C4<0>;
v0x56137253ee00_0 .net/2u *"_ivl_64", 63 0, L_0x7f80d3cb2258;  1 drivers
v0x56137253eee0_0 .net *"_ivl_66", 5 0, L_0x561372554c10;  1 drivers
v0x56137253efc0_0 .net *"_ivl_68", 63 0, L_0x561372554e00;  1 drivers
L_0x7f80d3cb22a0 .functor BUFT 1, C4<0110>, C4<0>, C4<0>, C4<0>;
v0x56137253f0a0_0 .net/2u *"_ivl_72", 3 0, L_0x7f80d3cb22a0;  1 drivers
v0x56137253f180_0 .net *"_ivl_74", 1 0, L_0x5613725550a0;  1 drivers
v0x56137253fa70_0 .net *"_ivl_76", 3 0, L_0x5613725552d0;  1 drivers
L_0x7f80d3cb2060 .functor BUFT 1, C4<0001011101110111>, C4<0>, C4<0>, C4<0>;
v0x56137253fb50_0 .net/2u *"_ivl_8", 15 0, L_0x7f80d3cb2060;  1 drivers
L_0x7f80d3cb22e8 .functor BUFT 1, C4<1000>, C4<0>, C4<0>, C4<0>;
v0x56137253fc30_0 .net/2u *"_ivl_80", 3 0, L_0x7f80d3cb22e8;  1 drivers
v0x56137253fd10_0 .net *"_ivl_82", 1 0, L_0x561372555650;  1 drivers
v0x56137253fdf0_0 .net *"_ivl_84", 3 0, L_0x5613725556f0;  1 drivers
L_0x7f80d3cb2330 .functor BUFT 1, C4<0001010001000001>, C4<0>, C4<0>, C4<0>;
v0x56137253fed0_0 .net/2u *"_ivl_88", 15 0, L_0x7f80d3cb2330;  1 drivers
v0x56137253ffb0_0 .net *"_ivl_90", 3 0, L_0x561372555a80;  1 drivers
v0x561372540090_0 .net *"_ivl_92", 15 0, L_0x561372555c40;  1 drivers
L_0x7f80d3cb2378 .functor BUFT 1, C4<0001000100010111>, C4<0>, C4<0>, C4<0>;
v0x561372540170_0 .net/2u *"_ivl_96", 15 0, L_0x7f80d3cb2378;  1 drivers
v0x561372540250_0 .net *"_ivl_98", 3 0, L_0x561372555b20;  1 drivers
v0x561372540330_0 .net "clk", 0 0, v0x5613725424f0_0;  1 drivers
v0x5613725403f0_0 .net "n104", 0 0, L_0x561372514ed0;  1 drivers
v0x5613725404b0_0 .net "n108", 0 0, L_0x561372514b90;  1 drivers
v0x561372540570_0 .net "n112", 0 0, L_0x561372552c90;  1 drivers
v0x561372540630_0 .net "n116", 0 0, L_0x5613725534f0;  1 drivers
v0x5613725406f0_0 .net "n120", 0 0, L_0x561372553eb0;  1 drivers
v0x5613725407b0_0 .net "n124", 0 0, L_0x561372554210;  1 drivers
v0x561372540870_0 .net "n128", 0 0, L_0x5613725549c0;  1 drivers
v0x561372540930_0 .net "n132", 0 0, L_0x561372555d80;  1 drivers
v0x5613725409f0_0 .net "n136", 0 0, L_0x561372556710;  1 drivers
v0x561372540ab0_0 .net "n140", 0 0, L_0x561372557240;  1 drivers
v0x561372540b70_0 .net "n144", 0 0, L_0x561372557ec0;  1 drivers
v0x561372540c30_0 .net "n148", 0 0, L_0x5613725584d0;  1 drivers
v0x561372540cf0_0 .net "n152", 0 0, L_0x56137255a490;  1 drivers
v0x561372540db0_0 .net "n156", 0 0, L_0x56137255ac40;  1 drivers
v0x561372540e70_0 .net "n160", 0 0, L_0x56137255bb30;  1 drivers
v0x561372540f30_0 .net "n164", 0 0, L_0x56137255c130;  1 drivers
v0x561372540ff0_0 .net "n168", 0 0, L_0x56137255d120;  1 drivers
v0x5613725410b0_0 .net "new_new_n108_1", 0 0, L_0x5613725530b0;  1 drivers
v0x561372541170_0 .net "new_new_n110", 0 0, L_0x561372553a00;  1 drivers
v0x561372541230_0 .net "new_new_n113", 0 0, L_0x561372554300;  1 drivers
v0x5613725412f0_0 .net "new_new_n115_1", 0 0, L_0x561372554fb0;  1 drivers
v0x5613725413b0_0 .net "new_new_n116_1", 0 0, L_0x561372555410;  1 drivers
v0x561372541470_0 .net "new_new_n117", 0 0, L_0x561372555940;  1 drivers
v0x561372541530_0 .net "new_new_n119_1", 0 0, L_0x561372556270;  1 drivers
v0x5613725415f0_0 .net "new_new_n121", 0 0, L_0x561372556d40;  1 drivers
v0x5613725416b0_0 .net "new_new_n123_1", 0 0, L_0x561372557910;  1 drivers
v0x561372541770_0 .net "new_new_n126", 0 0, L_0x561372558a10;  1 drivers
v0x561372541830_0 .net "new_new_n127_1", 0 0, L_0x561372559110;  1 drivers
v0x5613725418f0_0 .net "new_new_n128_1", 0 0, L_0x5613725596e0;  1 drivers
v0x5613725419b0_0 .net "new_new_n129", 0 0, L_0x561372559e50;  1 drivers
v0x561372541a70_0 .net "new_new_n132_1", 0 0, L_0x56137255b220;  1 drivers
v0x561372541b30_0 .net "new_new_n135_1", 0 0, L_0x56137255ca90;  1 drivers
v0x561372541bf0_0 .net "rst", 0 0, v0x561372542890_0;  1 drivers
E_0x5613724eaca0 .event posedge, v0x561372540330_0;
L_0x561372552a20 .concat [ 1 1 1 1], v0x561372542890_0, L_0x5613725530b0, L_0x56137255e370, L_0x56137255f7a0;
L_0x561372552b20 .shift/r 16, L_0x7f80d3cb2018, L_0x561372552a20;
L_0x561372552c90 .part L_0x561372552b20, 0, 1;
L_0x561372552d80 .concat [ 1 1 1 1], L_0x56137255e490, L_0x56137255f940, L_0x56137255e5c0, L_0x56137255f9e0;
L_0x561372552f40 .shift/r 16, L_0x7f80d3cb2060, L_0x561372552d80;
L_0x5613725530b0 .part L_0x561372552f40, 0, 1;
L_0x561372553230 .concat [ 1 1 1 1], v0x561372542890_0, L_0x561372553a00, L_0x56137255e2d0, L_0x56137255f700;
L_0x561372553330 .shift/r 16, L_0x7f80d3cb20a8, L_0x561372553230;
L_0x5613725534f0 .part L_0x561372553330, 0, 1;
LS_0x561372553630_0_0 .concat [ 1 1 1 1], L_0x56137255e370, L_0x56137255e490, L_0x56137255f940, L_0x56137255f7a0;
LS_0x561372553630_0_4 .concat [ 1 1 0 0], L_0x56137255e5c0, L_0x56137255f9e0;
L_0x561372553630 .concat [ 4 2 0 0], LS_0x561372553630_0_0, LS_0x561372553630_0_4;
L_0x561372553910 .shift/r 64, L_0x7f80d3cb20f0, L_0x561372553630;
L_0x561372553a00 .part L_0x561372553910, 0, 1;
LS_0x561372553c00_0_0 .concat [ 1 1 1 1], L_0x561372553a00, L_0x56137255e2d0, L_0x56137255f700, v0x561372542890_0;
LS_0x561372553c00_0_4 .concat [ 1 1 0 0], L_0x56137255e130, L_0x56137255f4e0;
L_0x561372553c00 .concat [ 4 2 0 0], LS_0x561372553c00_0_0, LS_0x561372553c00_0_4;
L_0x561372553d40 .shift/r 64, L_0x7f80d3cb2138, L_0x561372553c00;
L_0x561372553eb0 .part L_0x561372553d40, 0, 1;
L_0x561372553fa0 .concat [ 1 1 1 1], v0x561372542890_0, L_0x561372554300, L_0x56137255e000, L_0x56137255f3b0;
L_0x5613725540d0 .shift/r 16, L_0x7f80d3cb2180, L_0x561372553fa0;
L_0x561372554210 .part L_0x5613725540d0, 0, 1;
LS_0x5613725543a0_0_0 .concat [ 1 1 1 1], L_0x561372553a00, L_0x56137255e130, L_0x56137255f4e0, L_0x56137255e2d0;
LS_0x5613725543a0_0_4 .concat [ 1 0 0 0], L_0x56137255f700;
L_0x5613725543a0 .concat [ 4 1 0 0], LS_0x5613725543a0_0_0, LS_0x5613725543a0_0_4;
L_0x561372554490 .shift/r 32, L_0x7f80d3cb21c8, L_0x5613725543a0;
L_0x561372554300 .part L_0x561372554490, 0, 1;
LS_0x561372554720_0_0 .concat [ 1 1 1 1], L_0x561372554fb0, L_0x561372555940, v0x561372542890_0, L_0x56137255de70;
LS_0x561372554720_0_4 .concat [ 1 0 0 0], L_0x56137255f230;
L_0x561372554720 .concat [ 4 1 0 0], LS_0x561372554720_0_0, LS_0x561372554720_0_4;
L_0x561372554880 .shift/r 32, L_0x7f80d3cb2210, L_0x561372554720;
L_0x5613725549c0 .part L_0x561372554880, 0, 1;
LS_0x561372554c10_0_0 .concat [ 1 1 1 1], L_0x561372553a00, L_0x56137255e130, L_0x56137255f4e0, L_0x56137255e2d0;
LS_0x561372554c10_0_4 .concat [ 1 1 0 0], L_0x56137255f700, L_0x561372555410;
L_0x561372554c10 .concat [ 4 2 0 0], LS_0x561372554c10_0_0, LS_0x561372554c10_0_4;
L_0x561372554e00 .shift/r 64, L_0x7f80d3cb2258, L_0x561372554c10;
L_0x561372554fb0 .part L_0x561372554e00, 0, 1;
L_0x5613725550a0 .concat [ 1 1 0 0], L_0x56137255e000, L_0x56137255f3b0;
L_0x5613725552d0 .shift/r 4, L_0x7f80d3cb22a0, L_0x5613725550a0;
L_0x561372555410 .part L_0x5613725552d0, 0, 1;
L_0x561372555650 .concat [ 1 1 0 0], L_0x56137255e000, L_0x56137255f3b0;
L_0x5613725556f0 .shift/r 4, L_0x7f80d3cb22e8, L_0x561372555650;
L_0x561372555940 .part L_0x5613725556f0, 0, 1;
L_0x561372555a80 .concat [ 1 1 1 1], v0x561372542890_0, L_0x561372556270, L_0x56137255d4f0, L_0x56137255f190;
L_0x561372555c40 .shift/r 16, L_0x7f80d3cb2330, L_0x561372555a80;
L_0x561372555d80 .part L_0x561372555c40, 0, 1;
L_0x561372555b20 .concat [ 1 1 1 1], L_0x56137255de70, L_0x56137255f230, L_0x561372554fb0, L_0x561372555940;
L_0x561372555ff0 .shift/r 16, L_0x7f80d3cb2378, L_0x561372555b20;
L_0x561372556270 .part L_0x561372555ff0, 0, 1;
L_0x5613725563b0 .concat [ 1 1 1 1], v0x561372542890_0, L_0x561372556d40, L_0x56137255ddd0, L_0x56137255ef90;
L_0x5613725565a0 .shift/r 16, L_0x7f80d3cb23c0, L_0x5613725563b0;
L_0x561372556710 .part L_0x5613725565a0, 0, 1;
LS_0x561372556960_0_0 .concat [ 1 1 1 1], L_0x56137255d4f0, L_0x56137255de70, L_0x56137255f230, L_0x56137255f190;
LS_0x561372556960_0_4 .concat [ 1 1 0 0], L_0x561372555940, L_0x561372554fb0;
L_0x561372556960 .concat [ 4 2 0 0], LS_0x561372556960_0_0, LS_0x561372556960_0_4;
L_0x561372556b30 .shift/r 64, L_0x7f80d3cb2408, L_0x561372556960;
L_0x561372556d40 .part L_0x561372556b30, 0, 1;
L_0x561372556e80 .concat [ 1 1 1 1], v0x561372542890_0, L_0x561372557910, L_0x56137255dc50, L_0x56137255ee60;
L_0x5613725570d0 .shift/r 16, L_0x7f80d3cb2450, L_0x561372556e80;
L_0x561372557240 .part L_0x5613725570d0, 0, 1;
L_0x5613725574c0 .concat [ 1 1 1 0], L_0x561372556d40, L_0x56137255ddd0, L_0x56137255ef90;
L_0x561372557630 .shift/r 8, L_0x7f80d3cb2498, L_0x5613725574c0;
L_0x561372557910 .part L_0x561372557630, 0, 1;
LS_0x561372557a50_0_0 .concat [ 1 1 1 1], L_0x561372557910, L_0x56137255dc50, L_0x56137255ee60, v0x561372542890_0;
LS_0x561372557a50_0_4 .concat [ 1 1 0 0], L_0x56137255db20, L_0x56137255ec70;
L_0x561372557a50 .concat [ 4 2 0 0], LS_0x561372557a50_0_0, LS_0x561372557a50_0_4;
L_0x561372557d80 .shift/r 64, L_0x7f80d3cb24e0, L_0x561372557a50;
L_0x561372557ec0 .part L_0x561372557d80, 0, 1;
L_0x561372558170 .concat [ 1 1 1 1], v0x561372542890_0, L_0x561372558a10, L_0x56137255d9b0, L_0x56137255e8c0;
L_0x561372558210 .shift/r 16, L_0x7f80d3cb2528, L_0x561372558170;
L_0x5613725584d0 .part L_0x561372558210, 0, 1;
L_0x5613725585c0 .concat [ 1 1 0 0], L_0x561372559110, L_0x561372559e50;
L_0x5613725588a0 .shift/r 4, L_0x7f80d3cb2570, L_0x5613725585c0;
L_0x561372558a10 .part L_0x5613725588a0, 0, 1;
LS_0x561372558d40_0_0 .concat [ 1 1 1 1], L_0x561372556d40, L_0x56137255dc50, L_0x56137255ee60, L_0x56137255ddd0;
LS_0x561372558d40_0_4 .concat [ 1 1 0 0], L_0x56137255ef90, L_0x5613725596e0;
L_0x561372558d40 .concat [ 4 2 0 0], LS_0x561372558d40_0_0, LS_0x561372558d40_0_4;
L_0x561372558e20 .shift/r 64, L_0x7f80d3cb25b8, L_0x561372558d40;
L_0x561372559110 .part L_0x561372558e20, 0, 1;
L_0x561372559250 .concat [ 1 1 0 0], L_0x56137255db20, L_0x56137255ec70;
L_0x5613725595a0 .shift/r 4, L_0x7f80d3cb2600, L_0x561372559250;
L_0x5613725596e0 .part L_0x5613725595a0, 0, 1;
L_0x561372559a40 .concat [ 1 1 0 0], L_0x56137255db20, L_0x56137255ec70;
L_0x561372559ae0 .shift/r 4, L_0x7f80d3cb2648, L_0x561372559a40;
L_0x561372559e50 .part L_0x561372559ae0, 0, 1;
LS_0x561372559f90_0_0 .concat [ 1 1 1 1], L_0x561372558a10, L_0x56137255d9b0, L_0x56137255e8c0, v0x561372542890_0;
LS_0x561372559f90_0_4 .concat [ 1 1 0 0], L_0x56137255d910, L_0x56137255ea00;
L_0x561372559f90 .concat [ 4 2 0 0], LS_0x561372559f90_0_0, LS_0x561372559f90_0_4;
L_0x56137255a350 .shift/r 64, L_0x7f80d3cb2690, L_0x561372559f90;
L_0x56137255a490 .part L_0x56137255a350, 0, 1;
L_0x56137255a7d0 .concat [ 1 1 1 1], v0x561372542890_0, L_0x56137255b220, L_0x56137255d720, L_0x56137255e960;
L_0x56137255a870 .shift/r 16, L_0x7f80d3cb26d8, L_0x56137255a7d0;
L_0x56137255ac40 .part L_0x56137255a870, 0, 1;
LS_0x56137255ad30_0_0 .concat [ 1 1 1 1], L_0x56137255d910, L_0x56137255d9b0, L_0x56137255e8c0, L_0x56137255ea00;
LS_0x56137255ad30_0_4 .concat [ 1 1 0 0], L_0x561372559e50, L_0x561372559110;
L_0x56137255ad30 .concat [ 4 2 0 0], LS_0x56137255ad30_0_0, LS_0x56137255ad30_0_4;
L_0x56137255b0e0 .shift/r 64, L_0x7f80d3cb2720, L_0x56137255ad30;
L_0x56137255b220 .part L_0x56137255b0e0, 0, 1;
LS_0x56137255b5e0_0_0 .concat [ 1 1 1 1], L_0x56137255b220, L_0x56137255d720, L_0x56137255e960, v0x561372542890_0;
LS_0x56137255b5e0_0_4 .concat [ 1 1 0 0], L_0x56137255d680, L_0x56137255e820;
L_0x56137255b5e0 .concat [ 4 2 0 0], LS_0x56137255b5e0_0_0, LS_0x56137255b5e0_0_4;
L_0x56137255b760 .shift/r 64, L_0x7f80d3cb2768, L_0x56137255b5e0;
L_0x56137255bb30 .part L_0x56137255b760, 0, 1;
L_0x56137255bc20 .concat [ 1 1 1 1], v0x561372542890_0, L_0x56137255ca90, L_0x56137255d590, L_0x56137255e780;
L_0x56137255bfc0 .shift/r 16, L_0x7f80d3cb27b0, L_0x56137255bc20;
L_0x56137255c130 .part L_0x56137255bfc0, 0, 1;
LS_0x56137255c4d0_0_0 .concat [ 1 1 1 1], L_0x56137255b220, L_0x56137255d680, L_0x56137255e820, L_0x56137255d720;
LS_0x56137255c4d0_0_4 .concat [ 1 0 0 0], L_0x56137255e960;
L_0x56137255c4d0 .concat [ 4 1 0 0], LS_0x56137255c4d0_0_0, LS_0x56137255c4d0_0_4;
L_0x56137255c690 .shift/r 32, L_0x7f80d3cb27f8, L_0x56137255c4d0;
L_0x56137255ca90 .part L_0x56137255c690, 0, 1;
L_0x56137255cbd0 .concat [ 1 1 1 1], L_0x56137255ca90, L_0x56137255d590, L_0x56137255e780, v0x561372542890_0;
L_0x56137255cfe0 .shift/r 16, L_0x7f80d3cb2840, L_0x56137255cbd0;
L_0x56137255d120 .part L_0x56137255cfe0, 0, 1;
    .scope S_0x5613725124c0;
T_0 ;
    %wait E_0x5613724eaca0;
    %load/vec4 v0x5613725403f0_0;
    %assign/vec4 v0x56137251f240_0, 0;
    %jmp T_0;
    .thread T_0;
    .scope S_0x5613725124c0;
T_1 ;
    %wait E_0x5613724eaca0;
    %load/vec4 v0x561372540ab0_0;
    %assign/vec4 v0x561372538d80_0, 0;
    %jmp T_1;
    .thread T_1;
    .scope S_0x5613725124c0;
T_2 ;
    %wait E_0x5613724eaca0;
    %load/vec4 v0x561372540b70_0;
    %assign/vec4 v0x56137251f920_0, 0;
    %jmp T_2;
    .thread T_2;
    .scope S_0x5613725124c0;
T_3 ;
    %wait E_0x5613724eaca0;
    %load/vec4 v0x561372540c30_0;
    %assign/vec4 v0x56137251fc90_0, 0;
    %jmp T_3;
    .thread T_3;
    .scope S_0x5613725124c0;
T_4 ;
    %wait E_0x5613724eaca0;
    %load/vec4 v0x561372540cf0_0;
    %assign/vec4 v0x561372520000_0, 0;
    %jmp T_4;
    .thread T_4;
    .scope S_0x5613725124c0;
T_5 ;
    %wait E_0x5613724eaca0;
    %load/vec4 v0x561372540db0_0;
    %assign/vec4 v0x561372520370_0, 0;
    %jmp T_5;
    .thread T_5;
    .scope S_0x5613725124c0;
T_6 ;
    %wait E_0x5613724eaca0;
    %load/vec4 v0x561372540e70_0;
    %assign/vec4 v0x5613725206e0_0, 0;
    %jmp T_6;
    .thread T_6;
    .scope S_0x5613725124c0;
T_7 ;
    %wait E_0x5613724eaca0;
    %load/vec4 v0x561372540f30_0;
    %assign/vec4 v0x5613725386c0_0, 0;
    %jmp T_7;
    .thread T_7;
    .scope S_0x5613725124c0;
T_8 ;
    %wait E_0x5613724eaca0;
    %load/vec4 v0x561372540ff0_0;
    %assign/vec4 v0x561372538780_0, 0;
    %jmp T_8;
    .thread T_8;
    .scope S_0x5613725124c0;
T_9 ;
    %wait E_0x5613724eaca0;
    %load/vec4 v0x5613725404b0_0;
    %assign/vec4 v0x56137251f5b0_0, 0;
    %jmp T_9;
    .thread T_9;
    .scope S_0x5613725124c0;
T_10 ;
    %wait E_0x5613724eaca0;
    %load/vec4 v0x561372540570_0;
    %assign/vec4 v0x561372538840_0, 0;
    %jmp T_10;
    .thread T_10;
    .scope S_0x5613725124c0;
T_11 ;
    %wait E_0x5613724eaca0;
    %load/vec4 v0x561372540630_0;
    %assign/vec4 v0x561372538900_0, 0;
    %jmp T_11;
    .thread T_11;
    .scope S_0x5613725124c0;
T_12 ;
    %wait E_0x5613724eaca0;
    %load/vec4 v0x5613725406f0_0;
    %assign/vec4 v0x5613725389c0_0, 0;
    %jmp T_12;
    .thread T_12;
    .scope S_0x5613725124c0;
T_13 ;
    %wait E_0x5613724eaca0;
    %load/vec4 v0x5613725407b0_0;
    %assign/vec4 v0x561372538a80_0, 0;
    %jmp T_13;
    .thread T_13;
    .scope S_0x5613725124c0;
T_14 ;
    %wait E_0x5613724eaca0;
    %load/vec4 v0x561372540870_0;
    %assign/vec4 v0x561372538b40_0, 0;
    %jmp T_14;
    .thread T_14;
    .scope S_0x5613725124c0;
T_15 ;
    %wait E_0x5613724eaca0;
    %load/vec4 v0x561372540930_0;
    %assign/vec4 v0x561372538c00_0, 0;
    %jmp T_15;
    .thread T_15;
    .scope S_0x5613725124c0;
T_16 ;
    %wait E_0x5613724eaca0;
    %load/vec4 v0x5613725409f0_0;
    %assign/vec4 v0x561372538cc0_0, 0;
    %jmp T_16;
    .thread T_16;
    .scope S_0x56137251aa10;
T_17 ;
    %delay 5, 0;
    %load/vec4 v0x5613725424f0_0;
    %inv;
    %store/vec4 v0x5613725424f0_0, 0, 1;
    %jmp T_17;
    .thread T_17;
    .scope S_0x56137251aa10;
T_18 ;
    %pushi/vec4 0, 0, 1;
    %store/vec4 v0x5613725424f0_0, 0, 1;
    %pushi/vec4 1, 0, 1;
    %store/vec4 v0x561372542890_0, 0, 1;
    %pushi/vec4 0, 0, 16;
    %store/vec4 v0x561372542310_0, 0, 16;
    %pushi/vec4 0, 0, 16;
    %store/vec4 v0x561372542410_0, 0, 16;
    %vpi_call 2 42 "$readmemh", "memA.dat", v0x561372542630 {0 0 0};
    %vpi_call 2 43 "$readmemh", "memB.dat", v0x5613725426f0 {0 0 0};
    %vpi_func 2 46 "$fopen" 32, "output_sum.txt", "w" {0 0 0};
    %store/vec4 v0x5613725427b0_0, 0, 32;
    %delay 10, 0;
    %pushi/vec4 0, 0, 1;
    %store/vec4 v0x561372542890_0, 0, 1;
    %pushi/vec4 0, 0, 32;
    %store/vec4 v0x561372542590_0, 0, 32;
T_18.0 ;
    %load/vec4 v0x561372542590_0;
    %cmpi/s 1000000, 0, 32;
    %jmp/0xz T_18.1, 5;
    %ix/getv/s 4, v0x561372542590_0;
    %load/vec4a v0x561372542630, 4;
    %store/vec4 v0x561372542310_0, 0, 16;
    %ix/getv/s 4, v0x561372542590_0;
    %load/vec4a v0x5613725426f0, 4;
    %store/vec4 v0x561372542410_0, 0, 16;
    %delay 10, 0;
    %vpi_call 2 56 "$fwrite", v0x5613725427b0_0, "%h\012", v0x561372542930_0 {0 0 0};
    %load/vec4 v0x561372542590_0;
    %addi 1, 0, 32;
    %store/vec4 v0x561372542590_0, 0, 32;
    %jmp T_18.0;
T_18.1 ;
    %vpi_call 2 60 "$fclose", v0x5613725427b0_0 {0 0 0};
    %delay 10, 0;
    %vpi_call 2 63 "$finish" {0 0 0};
    %end;
    .thread T_18;
# The file index is used to find the file name in the following table.
:file_names 4;
    "N/A";
    "<interactive>";
    "bk_tb.v";
    "BK_16b_aprox_2.v";
