#Timing report of worst 8 path(s)
# Unit scale: 1e-09 seconds
# Output precision: 3

#Path 1
Startpoint: p0~1.inpad[0] (.input clocked by virtual_io_clock)
Endpoint  : out:out~1.outpad[0] (.output clocked by virtual_io_clock)
Path Type : hold

Point                                                             Incr      Path
--------------------------------------------------------------------------------
clock virtual_io_clock (rise edge)                               0.000     0.000
clock source latency                                             0.000     0.000
input external delay                                             0.000     0.000
p0~1.inpad[0] (.input)                                           0.000     0.000
out:out~1.outpad[0] (.output)                                    0.415     0.415
data arrival time                                                          0.415

clock virtual_io_clock (rise edge)                               0.000     0.000
clock source latency                                             0.000     0.000
clock uncertainty                                                0.000     0.000
output external delay                                            0.000     0.000
data required time                                                         0.000
--------------------------------------------------------------------------------
data required time                                                        -0.000
data arrival time                                                          0.415
--------------------------------------------------------------------------------
slack (MET)                                                                0.415


#Path 2
Startpoint: p0~0.inpad[0] (.input clocked by virtual_io_clock)
Endpoint  : out:out~0.outpad[0] (.output clocked by virtual_io_clock)
Path Type : hold

Point                                                             Incr      Path
--------------------------------------------------------------------------------
clock virtual_io_clock (rise edge)                               0.000     0.000
clock source latency                                             0.000     0.000
input external delay                                             0.000     0.000
p0~0.inpad[0] (.input)                                           0.000     0.000
out:out~0.outpad[0] (.output)                                    0.465     0.465
data arrival time                                                          0.465

clock virtual_io_clock (rise edge)                               0.000     0.000
clock source latency                                             0.000     0.000
clock uncertainty                                                0.000     0.000
output external delay                                            0.000     0.000
data required time                                                         0.000
--------------------------------------------------------------------------------
data required time                                                        -0.000
data arrival time                                                          0.465
--------------------------------------------------------------------------------
slack (MET)                                                                0.465


#Path 3
Startpoint: p0~0.inpad[0] (.input clocked by virtual_io_clock)
Endpoint  : out:out~3.outpad[0] (.output clocked by virtual_io_clock)
Path Type : hold

Point                                                             Incr      Path
--------------------------------------------------------------------------------
clock virtual_io_clock (rise edge)                               0.000     0.000
clock source latency                                             0.000     0.000
input external delay                                             0.000     0.000
p0~0.inpad[0] (.input)                                           0.000     0.000
out~3.in[3] (.names)                                             0.271     0.271
out~3.out[0] (.names)                                            0.261     0.532
out:out~3.outpad[0] (.output)                                    0.382     0.913
data arrival time                                                          0.913

clock virtual_io_clock (rise edge)                               0.000     0.000
clock source latency                                             0.000     0.000
clock uncertainty                                                0.000     0.000
output external delay                                            0.000     0.000
data required time                                                         0.000
--------------------------------------------------------------------------------
data required time                                                        -0.000
data arrival time                                                          0.913
--------------------------------------------------------------------------------
slack (MET)                                                                0.913


#Path 4
Startpoint: p0~0.inpad[0] (.input clocked by virtual_io_clock)
Endpoint  : out:out~2.outpad[0] (.output clocked by virtual_io_clock)
Path Type : hold

Point                                                             Incr      Path
--------------------------------------------------------------------------------
clock virtual_io_clock (rise edge)                               0.000     0.000
clock source latency                                             0.000     0.000
input external delay                                             0.000     0.000
p0~0.inpad[0] (.input)                                           0.000     0.000
out~2.in[0] (.names)                                             0.271     0.271
out~2.out[0] (.names)                                            0.235     0.506
out:out~2.outpad[0] (.output)                                    0.509     1.014
data arrival time                                                          1.014

clock virtual_io_clock (rise edge)                               0.000     0.000
clock source latency                                             0.000     0.000
clock uncertainty                                                0.000     0.000
output external delay                                            0.000     0.000
data required time                                                         0.000
--------------------------------------------------------------------------------
data required time                                                        -0.000
data arrival time                                                          1.014
--------------------------------------------------------------------------------
slack (MET)                                                                1.014


#Path 5
Startpoint: p0~0.inpad[0] (.input clocked by virtual_io_clock)
Endpoint  : out:out~6.outpad[0] (.output clocked by virtual_io_clock)
Path Type : hold

Point                                                             Incr      Path
--------------------------------------------------------------------------------
clock virtual_io_clock (rise edge)                               0.000     0.000
clock source latency                                             0.000     0.000
input external delay                                             0.000     0.000
p0~0.inpad[0] (.input)                                           0.000     0.000
out~6.in[0] (.names)                                             0.453     0.453
out~6.out[0] (.names)                                            0.235     0.688
out:out~6.outpad[0] (.output)                                    0.386     1.074
data arrival time                                                          1.074

clock virtual_io_clock (rise edge)                               0.000     0.000
clock source latency                                             0.000     0.000
clock uncertainty                                                0.000     0.000
output external delay                                            0.000     0.000
data required time                                                         0.000
--------------------------------------------------------------------------------
data required time                                                        -0.000
data arrival time                                                          1.074
--------------------------------------------------------------------------------
slack (MET)                                                                1.074


#Path 6
Startpoint: p0~0.inpad[0] (.input clocked by virtual_io_clock)
Endpoint  : out:out~5.outpad[0] (.output clocked by virtual_io_clock)
Path Type : hold

Point                                                             Incr      Path
--------------------------------------------------------------------------------
clock virtual_io_clock (rise edge)                               0.000     0.000
clock source latency                                             0.000     0.000
input external delay                                             0.000     0.000
p0~0.inpad[0] (.input)                                           0.000     0.000
out~5.in[0] (.names)                                             0.453     0.453
out~5.out[0] (.names)                                            0.235     0.688
out:out~5.outpad[0] (.output)                                    0.417     1.105
data arrival time                                                          1.105

clock virtual_io_clock (rise edge)                               0.000     0.000
clock source latency                                             0.000     0.000
clock uncertainty                                                0.000     0.000
output external delay                                            0.000     0.000
data required time                                                         0.000
--------------------------------------------------------------------------------
data required time                                                        -0.000
data arrival time                                                          1.105
--------------------------------------------------------------------------------
slack (MET)                                                                1.105


#Path 7
Startpoint: p0~0.inpad[0] (.input clocked by virtual_io_clock)
Endpoint  : out:out~4.outpad[0] (.output clocked by virtual_io_clock)
Path Type : hold

Point                                                             Incr      Path
--------------------------------------------------------------------------------
clock virtual_io_clock (rise edge)                               0.000     0.000
clock source latency                                             0.000     0.000
input external delay                                             0.000     0.000
p0~0.inpad[0] (.input)                                           0.000     0.000
out~4.in[0] (.names)                                             0.435     0.435
out~4.out[0] (.names)                                            0.235     0.670
out:out~4.outpad[0] (.output)                                    0.491     1.161
data arrival time                                                          1.161

clock virtual_io_clock (rise edge)                               0.000     0.000
clock source latency                                             0.000     0.000
clock uncertainty                                                0.000     0.000
output external delay                                            0.000     0.000
data required time                                                         0.000
--------------------------------------------------------------------------------
data required time                                                        -0.000
data arrival time                                                          1.161
--------------------------------------------------------------------------------
slack (MET)                                                                1.161


#Path 8
Startpoint: p5~6.inpad[0] (.input clocked by virtual_io_clock)
Endpoint  : out:out~7.outpad[0] (.output clocked by virtual_io_clock)
Path Type : hold

Point                                                             Incr      Path
--------------------------------------------------------------------------------
clock virtual_io_clock (rise edge)                               0.000     0.000
clock source latency                                             0.000     0.000
input external delay                                             0.000     0.000
p5~6.inpad[0] (.input)                                           0.000     0.000
new_n206.in[4] (.names)                                          0.169     0.169
new_n206.out[0] (.names)                                         0.235     0.404
new_n236.in[5] (.names)                                          0.000     0.404
new_n236.out[0] (.names)                                         0.261     0.665
new_n233.in[2] (.names)                                          0.217     0.882
new_n233.out[0] (.names)                                         0.235     1.117
out~7.in[3] (.names)                                             0.000     1.117
out~7.out[0] (.names)                                            0.261     1.378
out:out~7.outpad[0] (.output)                                    0.289     1.667
data arrival time                                                          1.667

clock virtual_io_clock (rise edge)                               0.000     0.000
clock source latency                                             0.000     0.000
clock uncertainty                                                0.000     0.000
output external delay                                            0.000     0.000
data required time                                                         0.000
--------------------------------------------------------------------------------
data required time                                                        -0.000
data arrival time                                                          1.667
--------------------------------------------------------------------------------
slack (MET)                                                                1.667


#End of timing report
