#! /usr/bin/vvp
:ivl_version "12.0 (stable)";
:ivl_delay_selection "TYPICAL";
:vpi_time_precision + 0;
:vpi_module "/usr/lib/x86_64-linux-gnu/ivl/system.vpi";
:vpi_module "/usr/lib/x86_64-linux-gnu/ivl/vhdl_sys.vpi";
:vpi_module "/usr/lib/x86_64-linux-gnu/ivl/vhdl_textio.vpi";
:vpi_module "/usr/lib/x86_64-linux-gnu/ivl/v2005_math.vpi";
:vpi_module "/usr/lib/x86_64-linux-gnu/ivl/va_math.vpi";
S_0x556fc19f4c80 .scope module, "tb_CSkipA_16b" "tb_CSkipA_16b" 2 1;
 .timescale 0 0;
v0x556fc1a1dd60_0 .var "a", 15 0;
v0x556fc1a1de60_0 .var "b", 15 0;
v0x556fc1a1df40_0 .var "clk", 0 0;
v0x556fc1a1dfe0_0 .var/i "i", 31 0;
v0x556fc1a1e080 .array "memA", 999999 0, 15 0;
v0x556fc1a1e140 .array "memB", 999999 0, 15 0;
v0x556fc1a1e200_0 .var/i "out_file", 31 0;
v0x556fc1a1e2e0_0 .var "rst", 0 0;
v0x556fc1a1e380_0 .net "sum", 16 0, L_0x556fc1a39e70;  1 drivers
L_0x556fc1a37780 .part v0x556fc1a1dd60_0, 4, 1;
L_0x556fc1a378b0 .part v0x556fc1a1dd60_0, 0, 1;
L_0x556fc1a379e0 .part v0x556fc1a1dd60_0, 1, 1;
L_0x556fc1a37b10 .part v0x556fc1a1dd60_0, 2, 1;
L_0x556fc1a37c40 .part v0x556fc1a1dd60_0, 3, 1;
L_0x556fc1a37d70 .part v0x556fc1a1dd60_0, 5, 1;
L_0x556fc1a37ea0 .part v0x556fc1a1dd60_0, 8, 1;
L_0x556fc1a37fd0 .part v0x556fc1a1dd60_0, 6, 1;
L_0x556fc1a38150 .part v0x556fc1a1dd60_0, 7, 1;
L_0x556fc1a381f0 .part v0x556fc1a1de60_0, 0, 1;
L_0x556fc1a382f0 .part v0x556fc1a1de60_0, 1, 1;
L_0x556fc1a38390 .part v0x556fc1a1de60_0, 2, 1;
L_0x556fc1a384a0 .part v0x556fc1a1de60_0, 3, 1;
L_0x556fc1a38540 .part v0x556fc1a1de60_0, 4, 1;
L_0x556fc1a38660 .part v0x556fc1a1de60_0, 5, 1;
L_0x556fc1a38790 .part v0x556fc1a1dd60_0, 15, 1;
L_0x556fc1a388c0 .part v0x556fc1a1dd60_0, 14, 1;
L_0x556fc1a38960 .part v0x556fc1a1de60_0, 13, 1;
L_0x556fc1a38b30 .part v0x556fc1a1de60_0, 12, 1;
L_0x556fc1a38ce0 .part v0x556fc1a1de60_0, 11, 1;
L_0x556fc1a38a90 .part v0x556fc1a1de60_0, 10, 1;
L_0x556fc1a38e30 .part v0x556fc1a1de60_0, 9, 1;
L_0x556fc1a39020 .part v0x556fc1a1de60_0, 8, 1;
L_0x556fc1a39150 .part v0x556fc1a1de60_0, 7, 1;
L_0x556fc1a392c0 .part v0x556fc1a1de60_0, 6, 1;
L_0x556fc1a393f0 .part v0x556fc1a1de60_0, 15, 1;
L_0x556fc1a39570 .part v0x556fc1a1de60_0, 14, 1;
L_0x556fc1a39610 .part v0x556fc1a1dd60_0, 9, 1;
L_0x556fc1a39830 .part v0x556fc1a1dd60_0, 10, 1;
L_0x556fc1a39960 .part v0x556fc1a1dd60_0, 11, 1;
L_0x556fc1a39b90 .part v0x556fc1a1dd60_0, 12, 1;
L_0x556fc1a39c30 .part v0x556fc1a1dd60_0, 13, 1;
LS_0x556fc1a39e70_0_0 .concat8 [ 1 1 1 1], v0x556fc1a1cb00_0, v0x556fc1a1cbc0_0, v0x556fc1a1d100_0, v0x556fc1a1d1c0_0;
LS_0x556fc1a39e70_0_4 .concat8 [ 1 1 1 1], v0x556fc1a1d280_0, v0x556fc1a1d340_0, v0x556fc1a1d400_0, v0x556fc1a1d4c0_0;
LS_0x556fc1a39e70_0_8 .concat8 [ 1 1 1 1], v0x556fc1a1d580_0, v0x556fc1a1d640_0, v0x556fc1a1cc80_0, v0x556fc1a1cd40_0;
LS_0x556fc1a39e70_0_12 .concat8 [ 1 1 1 1], v0x556fc1a1ce00_0, v0x556fc1a1cec0_0, v0x556fc1a1cf80_0, v0x556fc1a1d040_0;
LS_0x556fc1a39e70_0_16 .concat8 [ 1 0 0 0], v0x556fc1a1a970_0;
LS_0x556fc1a39e70_1_0 .concat8 [ 4 4 4 4], LS_0x556fc1a39e70_0_0, LS_0x556fc1a39e70_0_4, LS_0x556fc1a39e70_0_8, LS_0x556fc1a39e70_0_12;
LS_0x556fc1a39e70_1_4 .concat8 [ 1 0 0 0], LS_0x556fc1a39e70_0_16;
L_0x556fc1a39e70 .concat8 [ 16 1 0 0], LS_0x556fc1a39e70_1_0, LS_0x556fc1a39e70_1_4;
S_0x556fc19a0310 .scope module, "UUT" "CSkipA_16b" 2 15, 3 3 0, S_0x556fc19f4c80;
 .timescale 0 0;
    .port_info 0 /INPUT 1 "a~4";
    .port_info 1 /INPUT 1 "a~0";
    .port_info 2 /INPUT 1 "a~1";
    .port_info 3 /INPUT 1 "a~2";
    .port_info 4 /INPUT 1 "a~3";
    .port_info 5 /INPUT 1 "a~5";
    .port_info 6 /INPUT 1 "a~8";
    .port_info 7 /INPUT 1 "a~6";
    .port_info 8 /INPUT 1 "a~7";
    .port_info 9 /INPUT 1 "b~0";
    .port_info 10 /INPUT 1 "b~1";
    .port_info 11 /INPUT 1 "b~2";
    .port_info 12 /INPUT 1 "b~3";
    .port_info 13 /INPUT 1 "b~4";
    .port_info 14 /INPUT 1 "b~5";
    .port_info 15 /INPUT 1 "a~15";
    .port_info 16 /INPUT 1 "a~14";
    .port_info 17 /INPUT 1 "b~13";
    .port_info 18 /INPUT 1 "b~12";
    .port_info 19 /INPUT 1 "b~11";
    .port_info 20 /INPUT 1 "b~10";
    .port_info 21 /INPUT 1 "b~9";
    .port_info 22 /INPUT 1 "b~8";
    .port_info 23 /INPUT 1 "b~7";
    .port_info 24 /INPUT 1 "b~6";
    .port_info 25 /INPUT 1 "rst";
    .port_info 26 /INPUT 1 "clk";
    .port_info 27 /INPUT 1 "b~15";
    .port_info 28 /INPUT 1 "b~14";
    .port_info 29 /INPUT 1 "a~9";
    .port_info 30 /INPUT 1 "a~10";
    .port_info 31 /INPUT 1 "a~11";
    .port_info 32 /INPUT 1 "a~12";
    .port_info 33 /INPUT 1 "a~13";
    .port_info 34 /OUTPUT 1 "sum~13";
    .port_info 35 /OUTPUT 1 "sum~14";
    .port_info 36 /OUTPUT 1 "sum~15";
    .port_info 37 /OUTPUT 1 "cout";
    .port_info 38 /OUTPUT 1 "sum~3";
    .port_info 39 /OUTPUT 1 "sum~2";
    .port_info 40 /OUTPUT 1 "sum~1";
    .port_info 41 /OUTPUT 1 "sum~0";
    .port_info 42 /OUTPUT 1 "sum~11";
    .port_info 43 /OUTPUT 1 "sum~10";
    .port_info 44 /OUTPUT 1 "sum~9";
    .port_info 45 /OUTPUT 1 "sum~8";
    .port_info 46 /OUTPUT 1 "sum~7";
    .port_info 47 /OUTPUT 1 "sum~6";
    .port_info 48 /OUTPUT 1 "sum~5";
    .port_info 49 /OUTPUT 1 "sum~4";
    .port_info 50 /OUTPUT 1 "sum~12";
L_0x556fc19f0a00 .functor BUFZ 1, L_0x556fc1a37780, C4<0>, C4<0>, C4<0>;
L_0x556fc19f0d40 .functor BUFZ 1, L_0x556fc1a37c40, C4<0>, C4<0>, C4<0>;
L_0x556fc19f1080 .functor BUFZ 1, L_0x556fc1a37b10, C4<0>, C4<0>, C4<0>;
L_0x556fc19f13c0 .functor BUFZ 1, L_0x556fc1a379e0, C4<0>, C4<0>, C4<0>;
L_0x556fc19f1700 .functor BUFZ 1, L_0x556fc1a378b0, C4<0>, C4<0>, C4<0>;
L_0x7fe62bacb018 .functor BUFT 1, C4<0001011101110111>, C4<0>, C4<0>, C4<0>;
v0x556fc19fd310_0 .net/2u *"_ivl_0", 15 0, L_0x7fe62bacb018;  1 drivers
v0x556fc19fd680_0 .net *"_ivl_10", 5 0, L_0x556fc1a2e830;  1 drivers
v0x556fc19fd9f0_0 .net *"_ivl_100", 15 0, L_0x556fc1a31aa0;  1 drivers
L_0x7fe62bacb3c0 .functor BUFT 1, C4<00101011>, C4<0>, C4<0>, C4<0>;
v0x556fc19fb420_0 .net/2u *"_ivl_104", 7 0, L_0x7fe62bacb3c0;  1 drivers
v0x556fc19fb790_0 .net *"_ivl_106", 2 0, L_0x556fc1a31e10;  1 drivers
v0x556fc19fbb00_0 .net *"_ivl_108", 7 0, L_0x556fc1a320d0;  1 drivers
L_0x7fe62bacb408 .functor BUFT 1, C4<0000000011010100000000000010101100000000001010110000000011010100>, C4<0>, C4<0>, C4<0>;
v0x556fc19fbe70_0 .net/2u *"_ivl_112", 63 0, L_0x7fe62bacb408;  1 drivers
v0x556fc1a149d0_0 .net *"_ivl_114", 5 0, L_0x556fc1a324b0;  1 drivers
v0x556fc1a14ab0_0 .net *"_ivl_116", 63 0, L_0x556fc1a325f0;  1 drivers
v0x556fc1a14b90_0 .net *"_ivl_12", 63 0, L_0x556fc1a2ea70;  1 drivers
L_0x7fe62bacb450 .functor BUFT 1, C4<0001010001000001>, C4<0>, C4<0>, C4<0>;
v0x556fc1a14c70_0 .net/2u *"_ivl_120", 15 0, L_0x7fe62bacb450;  1 drivers
v0x556fc1a14d50_0 .net *"_ivl_122", 3 0, L_0x556fc1a32990;  1 drivers
v0x556fc1a14e30_0 .net *"_ivl_124", 15 0, L_0x556fc1a32c10;  1 drivers
L_0x7fe62bacb498 .functor BUFT 1, C4<0001>, C4<0>, C4<0>, C4<0>;
v0x556fc1a14f10_0 .net/2u *"_ivl_128", 3 0, L_0x7fe62bacb498;  1 drivers
v0x556fc1a14ff0_0 .net *"_ivl_130", 1 0, L_0x556fc1a33000;  1 drivers
v0x556fc1a150d0_0 .net *"_ivl_132", 3 0, L_0x556fc1a33100;  1 drivers
L_0x7fe62bacb4e0 .functor BUFT 1, C4<1111110011010100110101001100000000000000000000000000000000000000>, C4<0>, C4<0>, C4<0>;
v0x556fc1a151b0_0 .net/2u *"_ivl_136", 63 0, L_0x7fe62bacb4e0;  1 drivers
v0x556fc1a15290_0 .net *"_ivl_138", 5 0, L_0x556fc1a33550;  1 drivers
v0x556fc1a15370_0 .net *"_ivl_140", 63 0, L_0x556fc1a337e0;  1 drivers
L_0x7fe62bacb528 .functor BUFT 1, C4<0110>, C4<0>, C4<0>, C4<0>;
v0x556fc1a15450_0 .net/2u *"_ivl_144", 3 0, L_0x7fe62bacb528;  1 drivers
v0x556fc1a15530_0 .net *"_ivl_146", 1 0, L_0x556fc1a33bd0;  1 drivers
v0x556fc1a15610_0 .net *"_ivl_148", 3 0, L_0x556fc1a33d10;  1 drivers
L_0x7fe62bacb570 .functor BUFT 1, C4<1000>, C4<0>, C4<0>, C4<0>;
v0x556fc1a156f0_0 .net/2u *"_ivl_152", 3 0, L_0x7fe62bacb570;  1 drivers
v0x556fc1a157d0_0 .net *"_ivl_154", 1 0, L_0x556fc1a34160;  1 drivers
v0x556fc1a158b0_0 .net *"_ivl_156", 3 0, L_0x556fc1a343e0;  1 drivers
L_0x7fe62bacb0a8 .functor BUFT 1, C4<0001010001000001>, C4<0>, C4<0>, C4<0>;
v0x556fc1a15990_0 .net/2u *"_ivl_16", 15 0, L_0x7fe62bacb0a8;  1 drivers
L_0x7fe62bacb5b8 .functor BUFT 1, C4<0000000011010100000000000010101100000000001010110000000011010100>, C4<0>, C4<0>, C4<0>;
v0x556fc1a15a70_0 .net/2u *"_ivl_160", 63 0, L_0x7fe62bacb5b8;  1 drivers
v0x556fc1a15b50_0 .net *"_ivl_162", 5 0, L_0x556fc1a34850;  1 drivers
v0x556fc1a15c30_0 .net *"_ivl_164", 63 0, L_0x556fc1a349d0;  1 drivers
L_0x7fe62bacb600 .functor BUFT 1, C4<0001010001000001>, C4<0>, C4<0>, C4<0>;
v0x556fc1a15d10_0 .net/2u *"_ivl_168", 15 0, L_0x7fe62bacb600;  1 drivers
v0x556fc1a15df0_0 .net *"_ivl_170", 3 0, L_0x556fc1a34e00;  1 drivers
v0x556fc1a15ed0_0 .net *"_ivl_172", 15 0, L_0x556fc1a350b0;  1 drivers
L_0x7fe62bacb648 .functor BUFT 1, C4<0000000101010111000000010101011100000001010101110001010101111111>, C4<0>, C4<0>, C4<0>;
v0x556fc1a15fb0_0 .net/2u *"_ivl_176", 63 0, L_0x7fe62bacb648;  1 drivers
v0x556fc1a162a0_0 .net *"_ivl_178", 5 0, L_0x556fc1a35500;  1 drivers
v0x556fc1a16380_0 .net *"_ivl_18", 3 0, L_0x556fc1a2ece0;  1 drivers
v0x556fc1a16460_0 .net *"_ivl_180", 63 0, L_0x556fc1a35680;  1 drivers
L_0x7fe62bacb690 .functor BUFT 1, C4<0000000011010100000000000010101100000000001010110000000011010100>, C4<0>, C4<0>, C4<0>;
v0x556fc1a16540_0 .net/2u *"_ivl_184", 63 0, L_0x7fe62bacb690;  1 drivers
v0x556fc1a16620_0 .net *"_ivl_186", 5 0, L_0x556fc1a35b30;  1 drivers
v0x556fc1a16700_0 .net *"_ivl_188", 63 0, L_0x556fc1a35ef0;  1 drivers
L_0x7fe62bacb6d8 .functor BUFT 1, C4<0001010001000001>, C4<0>, C4<0>, C4<0>;
v0x556fc1a167e0_0 .net/2u *"_ivl_192", 15 0, L_0x7fe62bacb6d8;  1 drivers
v0x556fc1a168c0_0 .net *"_ivl_194", 3 0, L_0x556fc1a36370;  1 drivers
v0x556fc1a169a0_0 .net *"_ivl_196", 15 0, L_0x556fc1a36470;  1 drivers
v0x556fc1a16a80_0 .net *"_ivl_2", 3 0, L_0x556fc1a2e470;  1 drivers
v0x556fc1a16b60_0 .net *"_ivl_20", 15 0, L_0x556fc1a2ee00;  1 drivers
L_0x7fe62bacb720 .functor BUFT 1, C4<00000011001010110010101100111111>, C4<0>, C4<0>, C4<0>;
v0x556fc1a16c40_0 .net/2u *"_ivl_200", 31 0, L_0x7fe62bacb720;  1 drivers
v0x556fc1a16d20_0 .net *"_ivl_202", 4 0, L_0x556fc1a36930;  1 drivers
v0x556fc1a16e00_0 .net *"_ivl_204", 31 0, L_0x556fc1a36cd0;  1 drivers
L_0x7fe62bacb768 .functor BUFT 1, C4<0000000011010100>, C4<0>, C4<0>, C4<0>;
v0x556fc1a16ee0_0 .net/2u *"_ivl_208", 15 0, L_0x7fe62bacb768;  1 drivers
v0x556fc1a16fc0_0 .net *"_ivl_210", 3 0, L_0x556fc1a371d0;  1 drivers
v0x556fc1a170a0_0 .net *"_ivl_212", 15 0, L_0x556fc1a37270;  1 drivers
L_0x7fe62bacb0f0 .functor BUFT 1, C4<00000011001010110010101100111111>, C4<0>, C4<0>, C4<0>;
v0x556fc1a17180_0 .net/2u *"_ivl_24", 31 0, L_0x7fe62bacb0f0;  1 drivers
v0x556fc1a17260_0 .net *"_ivl_26", 4 0, L_0x556fc1a2f0b0;  1 drivers
v0x556fc1a17340_0 .net *"_ivl_28", 31 0, L_0x556fc1a2f290;  1 drivers
L_0x7fe62bacb138 .functor BUFT 1, C4<00001110000000010000000100001110>, C4<0>, C4<0>, C4<0>;
v0x556fc1a17420_0 .net/2u *"_ivl_32", 31 0, L_0x7fe62bacb138;  1 drivers
v0x556fc1a17500_0 .net *"_ivl_34", 4 0, L_0x556fc1a2f5b0;  1 drivers
v0x556fc1a175e0_0 .net *"_ivl_36", 31 0, L_0x556fc1a2f680;  1 drivers
v0x556fc1a176c0_0 .net *"_ivl_4", 15 0, L_0x556fc1a2e5d0;  1 drivers
L_0x7fe62bacb180 .functor BUFT 1, C4<1111110011010100110101001100000000000000000000000000000000000000>, C4<0>, C4<0>, C4<0>;
v0x556fc1a177a0_0 .net/2u *"_ivl_40", 63 0, L_0x7fe62bacb180;  1 drivers
v0x556fc1a17880_0 .net *"_ivl_42", 5 0, L_0x556fc1a2f960;  1 drivers
v0x556fc1a17960_0 .net *"_ivl_44", 63 0, L_0x556fc1a2fbd0;  1 drivers
L_0x7fe62bacb1c8 .functor BUFT 1, C4<0110>, C4<0>, C4<0>, C4<0>;
v0x556fc1a17a40_0 .net/2u *"_ivl_48", 3 0, L_0x7fe62bacb1c8;  1 drivers
v0x556fc1a17b20_0 .net *"_ivl_50", 1 0, L_0x556fc1a2fef0;  1 drivers
v0x556fc1a17c00_0 .net *"_ivl_52", 3 0, L_0x556fc1a30030;  1 drivers
L_0x7fe62bacb210 .functor BUFT 1, C4<1000>, C4<0>, C4<0>, C4<0>;
v0x556fc1a17ce0_0 .net/2u *"_ivl_56", 3 0, L_0x7fe62bacb210;  1 drivers
v0x556fc1a17dc0_0 .net *"_ivl_58", 1 0, L_0x556fc1a302c0;  1 drivers
v0x556fc1a182b0_0 .net *"_ivl_60", 3 0, L_0x556fc1a30420;  1 drivers
L_0x7fe62bacb258 .functor BUFT 1, C4<0001010001000001>, C4<0>, C4<0>, C4<0>;
v0x556fc1a18390_0 .net/2u *"_ivl_64", 15 0, L_0x7fe62bacb258;  1 drivers
v0x556fc1a18470_0 .net *"_ivl_66", 3 0, L_0x556fc1a30770;  1 drivers
v0x556fc1a18550_0 .net *"_ivl_68", 15 0, L_0x556fc1a30810;  1 drivers
L_0x7fe62bacb2a0 .functor BUFT 1, C4<0001000100010111>, C4<0>, C4<0>, C4<0>;
v0x556fc1a18630_0 .net/2u *"_ivl_72", 15 0, L_0x7fe62bacb2a0;  1 drivers
v0x556fc1a18710_0 .net *"_ivl_74", 3 0, L_0x556fc1a30a80;  1 drivers
v0x556fc1a187f0_0 .net *"_ivl_76", 15 0, L_0x556fc1a30cb0;  1 drivers
L_0x7fe62bacb060 .functor BUFT 1, C4<0000001100010111000101110011111100010111001111110001011100111111>, C4<0>, C4<0>, C4<0>;
v0x556fc1a188d0_0 .net/2u *"_ivl_8", 63 0, L_0x7fe62bacb060;  1 drivers
L_0x7fe62bacb2e8 .functor BUFT 1, C4<0001010001000001>, C4<0>, C4<0>, C4<0>;
v0x556fc1a189b0_0 .net/2u *"_ivl_80", 15 0, L_0x7fe62bacb2e8;  1 drivers
v0x556fc1a18a90_0 .net *"_ivl_82", 3 0, L_0x556fc1a31030;  1 drivers
v0x556fc1a18b70_0 .net *"_ivl_84", 15 0, L_0x556fc1a310d0;  1 drivers
L_0x7fe62bacb330 .functor BUFT 1, C4<0000001100010111000000110001011100000011000101110001011100111111>, C4<0>, C4<0>, C4<0>;
v0x556fc1a18c50_0 .net/2u *"_ivl_88", 63 0, L_0x7fe62bacb330;  1 drivers
v0x556fc1a18d30_0 .net *"_ivl_90", 5 0, L_0x556fc1a31410;  1 drivers
v0x556fc1a18e10_0 .net *"_ivl_92", 63 0, L_0x556fc1a31790;  1 drivers
L_0x7fe62bacb378 .functor BUFT 1, C4<0001010001000001>, C4<0>, C4<0>, C4<0>;
v0x556fc1a18ef0_0 .net/2u *"_ivl_96", 15 0, L_0x7fe62bacb378;  1 drivers
v0x556fc1a18fd0_0 .net *"_ivl_98", 3 0, L_0x556fc1a31670;  1 drivers
v0x556fc1a190b0_0 .net "a~0", 0 0, L_0x556fc1a378b0;  1 drivers
v0x556fc1a19170_0 .net "a~1", 0 0, L_0x556fc1a379e0;  1 drivers
v0x556fc1a19230_0 .net "a~10", 0 0, L_0x556fc1a39830;  1 drivers
v0x556fc1a192f0_0 .net "a~11", 0 0, L_0x556fc1a39960;  1 drivers
v0x556fc1a193b0_0 .net "a~12", 0 0, L_0x556fc1a39b90;  1 drivers
v0x556fc1a19470_0 .net "a~13", 0 0, L_0x556fc1a39c30;  1 drivers
v0x556fc1a19530_0 .net "a~14", 0 0, L_0x556fc1a388c0;  1 drivers
v0x556fc1a195f0_0 .net "a~15", 0 0, L_0x556fc1a38790;  1 drivers
v0x556fc1a196b0_0 .net "a~2", 0 0, L_0x556fc1a37b10;  1 drivers
v0x556fc1a19770_0 .net "a~3", 0 0, L_0x556fc1a37c40;  1 drivers
v0x556fc1a19830_0 .net "a~4", 0 0, L_0x556fc1a37780;  1 drivers
v0x556fc1a198f0_0 .net "a~5", 0 0, L_0x556fc1a37d70;  1 drivers
v0x556fc1a199b0_0 .net "a~6", 0 0, L_0x556fc1a37fd0;  1 drivers
v0x556fc1a19a70_0 .net "a~7", 0 0, L_0x556fc1a38150;  1 drivers
v0x556fc1a19b30_0 .net "a~8", 0 0, L_0x556fc1a37ea0;  1 drivers
v0x556fc1a19bf0_0 .net "a~9", 0 0, L_0x556fc1a39610;  1 drivers
v0x556fc1a19cb0_0 .net "b~0", 0 0, L_0x556fc1a381f0;  1 drivers
v0x556fc1a19d70_0 .net "b~1", 0 0, L_0x556fc1a382f0;  1 drivers
v0x556fc1a19e30_0 .net "b~10", 0 0, L_0x556fc1a38a90;  1 drivers
v0x556fc1a19ef0_0 .net "b~11", 0 0, L_0x556fc1a38ce0;  1 drivers
v0x556fc1a19fb0_0 .net "b~12", 0 0, L_0x556fc1a38b30;  1 drivers
v0x556fc1a1a070_0 .net "b~13", 0 0, L_0x556fc1a38960;  1 drivers
v0x556fc1a1a130_0 .net "b~14", 0 0, L_0x556fc1a39570;  1 drivers
v0x556fc1a1a1f0_0 .net "b~15", 0 0, L_0x556fc1a393f0;  1 drivers
v0x556fc1a1a2b0_0 .net "b~2", 0 0, L_0x556fc1a38390;  1 drivers
v0x556fc1a1a370_0 .net "b~3", 0 0, L_0x556fc1a384a0;  1 drivers
v0x556fc1a1a430_0 .net "b~4", 0 0, L_0x556fc1a38540;  1 drivers
v0x556fc1a1a4f0_0 .net "b~5", 0 0, L_0x556fc1a38660;  1 drivers
v0x556fc1a1a5b0_0 .net "b~6", 0 0, L_0x556fc1a392c0;  1 drivers
v0x556fc1a1a670_0 .net "b~7", 0 0, L_0x556fc1a39150;  1 drivers
v0x556fc1a1a730_0 .net "b~8", 0 0, L_0x556fc1a39020;  1 drivers
v0x556fc1a1a7f0_0 .net "b~9", 0 0, L_0x556fc1a38e30;  1 drivers
v0x556fc1a1a8b0_0 .net "clk", 0 0, v0x556fc1a1df40_0;  1 drivers
v0x556fc1a1a970_0 .var "cout", 0 0;
v0x556fc1a1aa30_0 .net "n104", 0 0, L_0x556fc19f1700;  1 drivers
v0x556fc1a1aaf0_0 .net "n108", 0 0, L_0x556fc19f13c0;  1 drivers
v0x556fc1a1abb0_0 .net "n112", 0 0, L_0x556fc19f1080;  1 drivers
v0x556fc1a1ac70_0 .net "n116", 0 0, L_0x556fc19f0d40;  1 drivers
v0x556fc1a1ad30_0 .net "n120", 0 0, L_0x556fc19f0a00;  1 drivers
v0x556fc1a1adf0_0 .net "n124", 0 0, L_0x556fc1a2efc0;  1 drivers
v0x556fc1a1aeb0_0 .net "n128", 0 0, L_0x556fc1a2f870;  1 drivers
v0x556fc1a1af70_0 .net "n132", 0 0, L_0x556fc1a30990;  1 drivers
v0x556fc1a1b030_0 .net "n136", 0 0, L_0x556fc1a31320;  1 drivers
v0x556fc1a1b0f0_0 .net "n140", 0 0, L_0x556fc1a31d20;  1 drivers
v0x556fc1a1b1b0_0 .net "n144", 0 0, L_0x556fc1a328a0;  1 drivers
v0x556fc1a1b270_0 .net "n148", 0 0, L_0x556fc1a32d80;  1 drivers
v0x556fc1a1b330_0 .net "n152", 0 0, L_0x556fc1a34d10;  1 drivers
v0x556fc1a1b3f0_0 .net "n156", 0 0, L_0x556fc1a351f0;  1 drivers
v0x556fc1a1bcc0_0 .net "n160", 0 0, L_0x556fc1a36030;  1 drivers
v0x556fc1a1bd80_0 .net "n164", 0 0, L_0x556fc1a36840;  1 drivers
v0x556fc1a1be40_0 .net "n168", 0 0, L_0x556fc1a37640;  1 drivers
v0x556fc1a1bf00_0 .net "new_new_n108_1", 0 0, L_0x556fc1a2e6f0;  1 drivers
v0x556fc1a1bfc0_0 .net "new_new_n110", 0 0, L_0x556fc1a2ebb0;  1 drivers
v0x556fc1a1c080_0 .net "new_new_n113", 0 0, L_0x556fc1a2f3b0;  1 drivers
v0x556fc1a1c140_0 .net "new_new_n115_1", 0 0, L_0x556fc1a2fd10;  1 drivers
v0x556fc1a1c200_0 .net "new_new_n116_1", 0 0, L_0x556fc1a2fe50;  1 drivers
v0x556fc1a1c2c0_0 .net "new_new_n117", 0 0, L_0x556fc1a30560;  1 drivers
v0x556fc1a1c380_0 .net "new_new_n119_1", 0 0, L_0x556fc1a30df0;  1 drivers
v0x556fc1a1c440_0 .net "new_new_n121", 0 0, L_0x556fc1a31830;  1 drivers
v0x556fc1a1c500_0 .net "new_new_n123_1", 0 0, L_0x556fc1a32210;  1 drivers
v0x556fc1a1c5c0_0 .net "new_new_n126", 0 0, L_0x556fc1a33410;  1 drivers
v0x556fc1a1c680_0 .net "new_new_n127_1", 0 0, L_0x556fc1a338d0;  1 drivers
v0x556fc1a1c740_0 .net "new_new_n128_1", 0 0, L_0x556fc1a34020;  1 drivers
v0x556fc1a1c800_0 .net "new_new_n129", 0 0, L_0x556fc1a34520;  1 drivers
v0x556fc1a1c8c0_0 .net "new_new_n132_1", 0 0, L_0x556fc1a359f0;  1 drivers
v0x556fc1a1c980_0 .net "new_new_n135_1", 0 0, L_0x556fc1a36e10;  1 drivers
v0x556fc1a1ca40_0 .net "rst", 0 0, v0x556fc1a1e2e0_0;  1 drivers
v0x556fc1a1cb00_0 .var "sum~0", 0 0;
v0x556fc1a1cbc0_0 .var "sum~1", 0 0;
v0x556fc1a1cc80_0 .var "sum~10", 0 0;
v0x556fc1a1cd40_0 .var "sum~11", 0 0;
v0x556fc1a1ce00_0 .var "sum~12", 0 0;
v0x556fc1a1cec0_0 .var "sum~13", 0 0;
v0x556fc1a1cf80_0 .var "sum~14", 0 0;
v0x556fc1a1d040_0 .var "sum~15", 0 0;
v0x556fc1a1d100_0 .var "sum~2", 0 0;
v0x556fc1a1d1c0_0 .var "sum~3", 0 0;
v0x556fc1a1d280_0 .var "sum~4", 0 0;
v0x556fc1a1d340_0 .var "sum~5", 0 0;
v0x556fc1a1d400_0 .var "sum~6", 0 0;
v0x556fc1a1d4c0_0 .var "sum~7", 0 0;
v0x556fc1a1d580_0 .var "sum~8", 0 0;
v0x556fc1a1d640_0 .var "sum~9", 0 0;
E_0x556fc19c9e10 .event posedge, v0x556fc1a1a8b0_0;
L_0x556fc1a2e470 .concat [ 1 1 1 1], L_0x556fc1a379e0, L_0x556fc1a382f0, L_0x556fc1a381f0, L_0x556fc1a378b0;
L_0x556fc1a2e5d0 .shift/r 16, L_0x7fe62bacb018, L_0x556fc1a2e470;
L_0x556fc1a2e6f0 .part L_0x556fc1a2e5d0, 0, 1;
LS_0x556fc1a2e830_0_0 .concat [ 1 1 1 1], L_0x556fc1a379e0, L_0x556fc1a37b10, L_0x556fc1a38390, L_0x556fc1a382f0;
LS_0x556fc1a2e830_0_4 .concat [ 1 1 0 0], L_0x556fc1a381f0, L_0x556fc1a378b0;
L_0x556fc1a2e830 .concat [ 4 2 0 0], LS_0x556fc1a2e830_0_0, LS_0x556fc1a2e830_0_4;
L_0x556fc1a2ea70 .shift/r 64, L_0x7fe62bacb060, L_0x556fc1a2e830;
L_0x556fc1a2ebb0 .part L_0x556fc1a2ea70, 0, 1;
L_0x556fc1a2ece0 .concat [ 1 1 1 1], v0x556fc1a1e2e0_0, L_0x556fc1a2f3b0, L_0x556fc1a37d70, L_0x556fc1a38660;
L_0x556fc1a2ee00 .shift/r 16, L_0x7fe62bacb0a8, L_0x556fc1a2ece0;
L_0x556fc1a2efc0 .part L_0x556fc1a2ee00, 0, 1;
LS_0x556fc1a2f0b0_0_0 .concat [ 1 1 1 1], L_0x556fc1a2ebb0, L_0x556fc1a37780, L_0x556fc1a38540, L_0x556fc1a37c40;
LS_0x556fc1a2f0b0_0_4 .concat [ 1 0 0 0], L_0x556fc1a384a0;
L_0x556fc1a2f0b0 .concat [ 4 1 0 0], LS_0x556fc1a2f0b0_0_0, LS_0x556fc1a2f0b0_0_4;
L_0x556fc1a2f290 .shift/r 32, L_0x7fe62bacb0f0, L_0x556fc1a2f0b0;
L_0x556fc1a2f3b0 .part L_0x556fc1a2f290, 0, 1;
LS_0x556fc1a2f5b0_0_0 .concat [ 1 1 1 1], L_0x556fc1a2fd10, L_0x556fc1a30560, v0x556fc1a1e2e0_0, L_0x556fc1a37fd0;
LS_0x556fc1a2f5b0_0_4 .concat [ 1 0 0 0], L_0x556fc1a392c0;
L_0x556fc1a2f5b0 .concat [ 4 1 0 0], LS_0x556fc1a2f5b0_0_0, LS_0x556fc1a2f5b0_0_4;
L_0x556fc1a2f680 .shift/r 32, L_0x7fe62bacb138, L_0x556fc1a2f5b0;
L_0x556fc1a2f870 .part L_0x556fc1a2f680, 0, 1;
LS_0x556fc1a2f960_0_0 .concat [ 1 1 1 1], L_0x556fc1a2ebb0, L_0x556fc1a37780, L_0x556fc1a38540, L_0x556fc1a37c40;
LS_0x556fc1a2f960_0_4 .concat [ 1 1 0 0], L_0x556fc1a384a0, L_0x556fc1a2fe50;
L_0x556fc1a2f960 .concat [ 4 2 0 0], LS_0x556fc1a2f960_0_0, LS_0x556fc1a2f960_0_4;
L_0x556fc1a2fbd0 .shift/r 64, L_0x7fe62bacb180, L_0x556fc1a2f960;
L_0x556fc1a2fd10 .part L_0x556fc1a2fbd0, 0, 1;
L_0x556fc1a2fef0 .concat [ 1 1 0 0], L_0x556fc1a37d70, L_0x556fc1a38660;
L_0x556fc1a30030 .shift/r 4, L_0x7fe62bacb1c8, L_0x556fc1a2fef0;
L_0x556fc1a2fe50 .part L_0x556fc1a30030, 0, 1;
L_0x556fc1a302c0 .concat [ 1 1 0 0], L_0x556fc1a37d70, L_0x556fc1a38660;
L_0x556fc1a30420 .shift/r 4, L_0x7fe62bacb210, L_0x556fc1a302c0;
L_0x556fc1a30560 .part L_0x556fc1a30420, 0, 1;
L_0x556fc1a30770 .concat [ 1 1 1 1], v0x556fc1a1e2e0_0, L_0x556fc1a30df0, L_0x556fc1a38150, L_0x556fc1a39150;
L_0x556fc1a30810 .shift/r 16, L_0x7fe62bacb258, L_0x556fc1a30770;
L_0x556fc1a30990 .part L_0x556fc1a30810, 0, 1;
L_0x556fc1a30a80 .concat [ 1 1 1 1], L_0x556fc1a37fd0, L_0x556fc1a392c0, L_0x556fc1a2fd10, L_0x556fc1a30560;
L_0x556fc1a30cb0 .shift/r 16, L_0x7fe62bacb2a0, L_0x556fc1a30a80;
L_0x556fc1a30df0 .part L_0x556fc1a30cb0, 0, 1;
L_0x556fc1a31030 .concat [ 1 1 1 1], v0x556fc1a1e2e0_0, L_0x556fc1a31830, L_0x556fc1a37ea0, L_0x556fc1a39020;
L_0x556fc1a310d0 .shift/r 16, L_0x7fe62bacb2e8, L_0x556fc1a31030;
L_0x556fc1a31320 .part L_0x556fc1a310d0, 0, 1;
LS_0x556fc1a31410_0_0 .concat [ 1 1 1 1], L_0x556fc1a37fd0, L_0x556fc1a38150, L_0x556fc1a39150, L_0x556fc1a392c0;
LS_0x556fc1a31410_0_4 .concat [ 1 1 0 0], L_0x556fc1a2fd10, L_0x556fc1a30560;
L_0x556fc1a31410 .concat [ 4 2 0 0], LS_0x556fc1a31410_0_0, LS_0x556fc1a31410_0_4;
L_0x556fc1a31790 .shift/r 64, L_0x7fe62bacb330, L_0x556fc1a31410;
L_0x556fc1a31830 .part L_0x556fc1a31790, 0, 1;
L_0x556fc1a31670 .concat [ 1 1 1 1], v0x556fc1a1e2e0_0, L_0x556fc1a32210, L_0x556fc1a38e30, L_0x556fc1a39610;
L_0x556fc1a31aa0 .shift/r 16, L_0x7fe62bacb378, L_0x556fc1a31670;
L_0x556fc1a31d20 .part L_0x556fc1a31aa0, 0, 1;
L_0x556fc1a31e10 .concat [ 1 1 1 0], L_0x556fc1a31830, L_0x556fc1a37ea0, L_0x556fc1a39020;
L_0x556fc1a320d0 .shift/r 8, L_0x7fe62bacb3c0, L_0x556fc1a31e10;
L_0x556fc1a32210 .part L_0x556fc1a320d0, 0, 1;
LS_0x556fc1a324b0_0_0 .concat [ 1 1 1 1], L_0x556fc1a32210, L_0x556fc1a38e30, L_0x556fc1a39610, v0x556fc1a1e2e0_0;
LS_0x556fc1a324b0_0_4 .concat [ 1 1 0 0], L_0x556fc1a38a90, L_0x556fc1a39830;
L_0x556fc1a324b0 .concat [ 4 2 0 0], LS_0x556fc1a324b0_0_0, LS_0x556fc1a324b0_0_4;
L_0x556fc1a325f0 .shift/r 64, L_0x7fe62bacb408, L_0x556fc1a324b0;
L_0x556fc1a328a0 .part L_0x556fc1a325f0, 0, 1;
L_0x556fc1a32990 .concat [ 1 1 1 1], v0x556fc1a1e2e0_0, L_0x556fc1a33410, L_0x556fc1a38ce0, L_0x556fc1a39960;
L_0x556fc1a32c10 .shift/r 16, L_0x7fe62bacb450, L_0x556fc1a32990;
L_0x556fc1a32d80 .part L_0x556fc1a32c10, 0, 1;
L_0x556fc1a33000 .concat [ 1 1 0 0], L_0x556fc1a338d0, L_0x556fc1a34520;
L_0x556fc1a33100 .shift/r 4, L_0x7fe62bacb498, L_0x556fc1a33000;
L_0x556fc1a33410 .part L_0x556fc1a33100, 0, 1;
LS_0x556fc1a33550_0_0 .concat [ 1 1 1 1], L_0x556fc1a31830, L_0x556fc1a38e30, L_0x556fc1a39610, L_0x556fc1a37ea0;
LS_0x556fc1a33550_0_4 .concat [ 1 1 0 0], L_0x556fc1a39020, L_0x556fc1a34020;
L_0x556fc1a33550 .concat [ 4 2 0 0], LS_0x556fc1a33550_0_0, LS_0x556fc1a33550_0_4;
L_0x556fc1a337e0 .shift/r 64, L_0x7fe62bacb4e0, L_0x556fc1a33550;
L_0x556fc1a338d0 .part L_0x556fc1a337e0, 0, 1;
L_0x556fc1a33bd0 .concat [ 1 1 0 0], L_0x556fc1a38a90, L_0x556fc1a39830;
L_0x556fc1a33d10 .shift/r 4, L_0x7fe62bacb528, L_0x556fc1a33bd0;
L_0x556fc1a34020 .part L_0x556fc1a33d10, 0, 1;
L_0x556fc1a34160 .concat [ 1 1 0 0], L_0x556fc1a38a90, L_0x556fc1a39830;
L_0x556fc1a343e0 .shift/r 4, L_0x7fe62bacb570, L_0x556fc1a34160;
L_0x556fc1a34520 .part L_0x556fc1a343e0, 0, 1;
LS_0x556fc1a34850_0_0 .concat [ 1 1 1 1], L_0x556fc1a33410, L_0x556fc1a38ce0, L_0x556fc1a39960, v0x556fc1a1e2e0_0;
LS_0x556fc1a34850_0_4 .concat [ 1 1 0 0], L_0x556fc1a38b30, L_0x556fc1a39b90;
L_0x556fc1a34850 .concat [ 4 2 0 0], LS_0x556fc1a34850_0_0, LS_0x556fc1a34850_0_4;
L_0x556fc1a349d0 .shift/r 64, L_0x7fe62bacb5b8, L_0x556fc1a34850;
L_0x556fc1a34d10 .part L_0x556fc1a349d0, 0, 1;
L_0x556fc1a34e00 .concat [ 1 1 1 1], v0x556fc1a1e2e0_0, L_0x556fc1a359f0, L_0x556fc1a38960, L_0x556fc1a39c30;
L_0x556fc1a350b0 .shift/r 16, L_0x7fe62bacb600, L_0x556fc1a34e00;
L_0x556fc1a351f0 .part L_0x556fc1a350b0, 0, 1;
LS_0x556fc1a35500_0_0 .concat [ 1 1 1 1], L_0x556fc1a38b30, L_0x556fc1a38ce0, L_0x556fc1a39960, L_0x556fc1a39b90;
LS_0x556fc1a35500_0_4 .concat [ 1 1 0 0], L_0x556fc1a338d0, L_0x556fc1a34520;
L_0x556fc1a35500 .concat [ 4 2 0 0], LS_0x556fc1a35500_0_0, LS_0x556fc1a35500_0_4;
L_0x556fc1a35680 .shift/r 64, L_0x7fe62bacb648, L_0x556fc1a35500;
L_0x556fc1a359f0 .part L_0x556fc1a35680, 0, 1;
LS_0x556fc1a35b30_0_0 .concat [ 1 1 1 1], L_0x556fc1a359f0, L_0x556fc1a38960, L_0x556fc1a39c30, v0x556fc1a1e2e0_0;
LS_0x556fc1a35b30_0_4 .concat [ 1 1 0 0], L_0x556fc1a388c0, L_0x556fc1a39570;
L_0x556fc1a35b30 .concat [ 4 2 0 0], LS_0x556fc1a35b30_0_0, LS_0x556fc1a35b30_0_4;
L_0x556fc1a35ef0 .shift/r 64, L_0x7fe62bacb690, L_0x556fc1a35b30;
L_0x556fc1a36030 .part L_0x556fc1a35ef0, 0, 1;
L_0x556fc1a36370 .concat [ 1 1 1 1], v0x556fc1a1e2e0_0, L_0x556fc1a36e10, L_0x556fc1a38790, L_0x556fc1a393f0;
L_0x556fc1a36470 .shift/r 16, L_0x7fe62bacb6d8, L_0x556fc1a36370;
L_0x556fc1a36840 .part L_0x556fc1a36470, 0, 1;
LS_0x556fc1a36930_0_0 .concat [ 1 1 1 1], L_0x556fc1a359f0, L_0x556fc1a388c0, L_0x556fc1a39570, L_0x556fc1a38960;
LS_0x556fc1a36930_0_4 .concat [ 1 0 0 0], L_0x556fc1a39c30;
L_0x556fc1a36930 .concat [ 4 1 0 0], LS_0x556fc1a36930_0_0, LS_0x556fc1a36930_0_4;
L_0x556fc1a36cd0 .shift/r 32, L_0x7fe62bacb720, L_0x556fc1a36930;
L_0x556fc1a36e10 .part L_0x556fc1a36cd0, 0, 1;
L_0x556fc1a371d0 .concat [ 1 1 1 1], L_0x556fc1a36e10, L_0x556fc1a38790, L_0x556fc1a393f0, v0x556fc1a1e2e0_0;
L_0x556fc1a37270 .shift/r 16, L_0x7fe62bacb768, L_0x556fc1a371d0;
L_0x556fc1a37640 .part L_0x556fc1a37270, 0, 1;
    .scope S_0x556fc19a0310;
T_0 ;
    %wait E_0x556fc19c9e10;
    %load/vec4 v0x556fc1a1aa30_0;
    %assign/vec4 v0x556fc1a1cb00_0, 0;
    %jmp T_0;
    .thread T_0;
    .scope S_0x556fc19a0310;
T_1 ;
    %wait E_0x556fc19c9e10;
    %load/vec4 v0x556fc1a1b0f0_0;
    %assign/vec4 v0x556fc1a1d640_0, 0;
    %jmp T_1;
    .thread T_1;
    .scope S_0x556fc19a0310;
T_2 ;
    %wait E_0x556fc19c9e10;
    %load/vec4 v0x556fc1a1b1b0_0;
    %assign/vec4 v0x556fc1a1cc80_0, 0;
    %jmp T_2;
    .thread T_2;
    .scope S_0x556fc19a0310;
T_3 ;
    %wait E_0x556fc19c9e10;
    %load/vec4 v0x556fc1a1b270_0;
    %assign/vec4 v0x556fc1a1cd40_0, 0;
    %jmp T_3;
    .thread T_3;
    .scope S_0x556fc19a0310;
T_4 ;
    %wait E_0x556fc19c9e10;
    %load/vec4 v0x556fc1a1b330_0;
    %assign/vec4 v0x556fc1a1ce00_0, 0;
    %jmp T_4;
    .thread T_4;
    .scope S_0x556fc19a0310;
T_5 ;
    %wait E_0x556fc19c9e10;
    %load/vec4 v0x556fc1a1b3f0_0;
    %assign/vec4 v0x556fc1a1cec0_0, 0;
    %jmp T_5;
    .thread T_5;
    .scope S_0x556fc19a0310;
T_6 ;
    %wait E_0x556fc19c9e10;
    %load/vec4 v0x556fc1a1bcc0_0;
    %assign/vec4 v0x556fc1a1cf80_0, 0;
    %jmp T_6;
    .thread T_6;
    .scope S_0x556fc19a0310;
T_7 ;
    %wait E_0x556fc19c9e10;
    %load/vec4 v0x556fc1a1bd80_0;
    %assign/vec4 v0x556fc1a1d040_0, 0;
    %jmp T_7;
    .thread T_7;
    .scope S_0x556fc19a0310;
T_8 ;
    %wait E_0x556fc19c9e10;
    %load/vec4 v0x556fc1a1be40_0;
    %assign/vec4 v0x556fc1a1a970_0, 0;
    %jmp T_8;
    .thread T_8;
    .scope S_0x556fc19a0310;
T_9 ;
    %wait E_0x556fc19c9e10;
    %load/vec4 v0x556fc1a1aaf0_0;
    %assign/vec4 v0x556fc1a1cbc0_0, 0;
    %jmp T_9;
    .thread T_9;
    .scope S_0x556fc19a0310;
T_10 ;
    %wait E_0x556fc19c9e10;
    %load/vec4 v0x556fc1a1abb0_0;
    %assign/vec4 v0x556fc1a1d100_0, 0;
    %jmp T_10;
    .thread T_10;
    .scope S_0x556fc19a0310;
T_11 ;
    %wait E_0x556fc19c9e10;
    %load/vec4 v0x556fc1a1ac70_0;
    %assign/vec4 v0x556fc1a1d1c0_0, 0;
    %jmp T_11;
    .thread T_11;
    .scope S_0x556fc19a0310;
T_12 ;
    %wait E_0x556fc19c9e10;
    %load/vec4 v0x556fc1a1ad30_0;
    %assign/vec4 v0x556fc1a1d280_0, 0;
    %jmp T_12;
    .thread T_12;
    .scope S_0x556fc19a0310;
T_13 ;
    %wait E_0x556fc19c9e10;
    %load/vec4 v0x556fc1a1adf0_0;
    %assign/vec4 v0x556fc1a1d340_0, 0;
    %jmp T_13;
    .thread T_13;
    .scope S_0x556fc19a0310;
T_14 ;
    %wait E_0x556fc19c9e10;
    %load/vec4 v0x556fc1a1aeb0_0;
    %assign/vec4 v0x556fc1a1d400_0, 0;
    %jmp T_14;
    .thread T_14;
    .scope S_0x556fc19a0310;
T_15 ;
    %wait E_0x556fc19c9e10;
    %load/vec4 v0x556fc1a1af70_0;
    %assign/vec4 v0x556fc1a1d4c0_0, 0;
    %jmp T_15;
    .thread T_15;
    .scope S_0x556fc19a0310;
T_16 ;
    %wait E_0x556fc19c9e10;
    %load/vec4 v0x556fc1a1b030_0;
    %assign/vec4 v0x556fc1a1d580_0, 0;
    %jmp T_16;
    .thread T_16;
    .scope S_0x556fc19f4c80;
T_17 ;
    %delay 5, 0;
    %load/vec4 v0x556fc1a1df40_0;
    %inv;
    %store/vec4 v0x556fc1a1df40_0, 0, 1;
    %jmp T_17;
    .thread T_17;
    .scope S_0x556fc19f4c80;
T_18 ;
    %pushi/vec4 0, 0, 1;
    %store/vec4 v0x556fc1a1df40_0, 0, 1;
    %pushi/vec4 1, 0, 1;
    %store/vec4 v0x556fc1a1e2e0_0, 0, 1;
    %pushi/vec4 0, 0, 16;
    %store/vec4 v0x556fc1a1dd60_0, 0, 16;
    %pushi/vec4 0, 0, 16;
    %store/vec4 v0x556fc1a1de60_0, 0, 16;
    %vpi_call 2 44 "$readmemh", "memA.dat", v0x556fc1a1e080 {0 0 0};
    %vpi_call 2 45 "$readmemh", "memB.dat", v0x556fc1a1e140 {0 0 0};
    %vpi_func 2 48 "$fopen" 32, "output_sum.txt", "w" {0 0 0};
    %store/vec4 v0x556fc1a1e200_0, 0, 32;
    %delay 10, 0;
    %pushi/vec4 0, 0, 1;
    %store/vec4 v0x556fc1a1e2e0_0, 0, 1;
    %pushi/vec4 0, 0, 32;
    %store/vec4 v0x556fc1a1dfe0_0, 0, 32;
T_18.0 ;
    %load/vec4 v0x556fc1a1dfe0_0;
    %cmpi/s 1000000, 0, 32;
    %jmp/0xz T_18.1, 5;
    %ix/getv/s 4, v0x556fc1a1dfe0_0;
    %load/vec4a v0x556fc1a1e080, 4;
    %store/vec4 v0x556fc1a1dd60_0, 0, 16;
    %ix/getv/s 4, v0x556fc1a1dfe0_0;
    %load/vec4a v0x556fc1a1e140, 4;
    %store/vec4 v0x556fc1a1de60_0, 0, 16;
    %delay 10, 0;
    %vpi_call 2 58 "$fwrite", v0x556fc1a1e200_0, "%h\012", v0x556fc1a1e380_0 {0 0 0};
    %load/vec4 v0x556fc1a1dfe0_0;
    %addi 1, 0, 32;
    %store/vec4 v0x556fc1a1dfe0_0, 0, 32;
    %jmp T_18.0;
T_18.1 ;
    %vpi_call 2 62 "$fclose", v0x556fc1a1e200_0 {0 0 0};
    %delay 10, 0;
    %vpi_call 2 65 "$finish" {0 0 0};
    %end;
    .thread T_18;
# The file index is used to find the file name in the following table.
:file_names 4;
    "N/A";
    "<interactive>";
    "cs_tb.v";
    "CS_16b_try_5.v";
