/usr/bin/env time -v /home/moises-leiva/vtr-verilog-to-routing/abc/abc -c echo ""; echo "Load Netlist"; echo "============"; read 0_CS_16b.parmys.blif; time; echo ""; echo "Circuit Info"; echo "=========="; print_stats; print_latch; time; echo ""; echo "LUT Costs"; echo "========="; print_lut; time; echo ""; echo "Logic Opt + Techmap"; echo "==================="; strash; ifraig -v; scorr -v; dc2 -v; dch -f; if -K 6 -v; mfs2 -v; print_stats; time; echo ""; echo "Output Netlist"; echo "=============="; write_hie 0_CS_16b.parmys.blif 0_CS_16b.raw.abc.blif; time;
ABC command line: "echo ""; echo "Load Netlist"; echo "============"; read 0_CS_16b.parmys.blif; time; echo ""; echo "Circuit Info"; echo "=========="; print_stats; print_latch; time; echo ""; echo "LUT Costs"; echo "========="; print_lut; time; echo ""; echo "Logic Opt + Techmap"; echo "==================="; strash; ifraig -v; scorr -v; dc2 -v; dch -f; if -K 6 -v; mfs2 -v; print_stats; time; echo ""; echo "Output Netlist"; echo "=============="; write_hie 0_CS_16b.parmys.blif 0_CS_16b.raw.abc.blif; time;".

 
Load Netlist 
============ 
Hierarchy reader converted 1 instances of blackboxes.
elapse: 0.00 seconds, total: 0.00 seconds
 
Circuit Info 
========== 
[1;37mCSkipA_16b                    :[0m i/o =   34/   18  lat =   17  nd =   124  edge =    259  cube =   199  lev = 35
Total latches =    17. Init0 = 17. Init1 = 0. InitDC = 0. Const data = 0.
elapse: 0.00 seconds, total: 0.01 seconds
 
LUT Costs 
========= 
# The area/delay of k-variable LUTs:
# k    area     delay
1      1.00      1.00
2      1.00      1.00
3      1.00      1.00
4      1.00      1.00
elapse: 0.00 seconds, total: 0.01 seconds
 
Logic Opt + Techmap 
=================== 
SimWords = 32. Rounds = 4. Mem = 0.03 MB.  Classes: Beg = 3. End = 3.
Proof = 3. Counter-example = 0. Fail = 0. FailReal = 0. Zero = 0.
Final = 156. Miter = 183. Total = 183. Mux = 0. (Exor = 0.) SatVars = 112.
starts        :                3
conflicts     :               24
decisions     :             8634
propagations  :             9158
AIG simulation   =     0.00 sec
AIG traversal    =     0.00 sec
SAT solving      =     0.00 sec
    Unsat        =     0.00 sec
    Sat          =     0.00 sec
    Fail         =     0.00 sec
Class refining   =     0.00 sec
TOTAL RUNTIME    =     0.00 sec
Allocated 0.01 MB to store simulation information.
Initial simulation of 4 frames with 2 words.     Time =     0.00 sec
Collecting candidate equivalence classes.        Time =     0.00 sec
Simulation of 4 frames with 2 words ( 0 rounds). Time =     0.00 sec
Before BMC: Equiv classes: Const1 =     0. Class =     0. Lit =     0.
After  BMC: Equiv classes: Const1 =     0. Class =     0. Lit =     0.
  0 : C =      0. Cl =      0. LR =     0. NR =   312. F =    0. - T =     0.00 sec
Parameters: F = 1. AddF = 2. C-lim = 1000. Constr = 0. MaxLev = 0. Mem = 0.01 MB.
AIG       : PI = 34. PO = 18. Latch = 17. Node = 156.  Ave SAT vars = 0.
SAT calls : Proof = 0. Cex = 0. Fail = 0. Lits proved = 0.
SAT solver: Vars max = 129. Calls max = 0. Recycles = 0. Sim rounds = 0.
NBeg = 156. NEnd = 156. (Gain =   0.00 %).  RBeg = 17. REnd = 17. (Gain =   0.00 %).
BMC         =     0.00 sec (  0.58 %)
Spec reduce =     0.00 sec (  1.38 %)
Mark cones  =     0.00 sec (  0.00 %)
Sim SAT     =     0.00 sec (  0.00 %)
SAT solving =     0.00 sec (  0.00 %)
  unsat     =     0.00 sec (  0.00 %)
  sat       =     0.00 sec (  0.00 %)
  undecided =     0.00 sec (  0.00 %)
Other       =     0.00 sec ( 98.04 %)
TOTAL       =     0.00 sec (100.00 %)
Starting:  CSkipA_16b      : pi =    34  po =    18  lat =    17  and =     156  lev =  33
Rewrite:   CSkipA_16b      : pi =    34  po =    18  lat =    17  and =     140  lev =  33
Refactor:  CSkipA_16b      : pi =    34  po =    18  lat =    17  and =     125  lev =  33
Balance:   CSkipA_16b      : pi =    34  po =    18  lat =    17  and =     125  lev =  33
Rewrite:   CSkipA_16b      : pi =    34  po =    18  lat =    17  and =     125  lev =  33
RewriteZ:  CSkipA_16b      : pi =    34  po =    18  lat =    17  and =     125  lev =  33
RefactorZ: CSkipA_16b      : pi =    34  po =    18  lat =    17  and =     125  lev =  33
RewriteZ:  CSkipA_16b      : pi =    34  po =    18  lat =    17  and =     125  lev =  33
K = 6. Memory (bytes): Truth =    0. Cut =   56. Obj =  136. Set =  600. CutMin = no
Node =     125.  Ch =     0.  Total mem =    0.03 MB. Peak cut mem =    0.00 MB.
P:  Del =    7.00.  Ar =      44.0.  Edge =      156.  Cut =     1256.  T =     0.00 sec
P:  Del =    7.00.  Ar =      34.0.  Edge =      158.  Cut =     1220.  T =     0.00 sec
P:  Del =    7.00.  Ar =      33.0.  Edge =      152.  Cut =     1447.  T =     0.00 sec
E:  Del =    7.00.  Ar =      33.0.  Edge =      152.  Cut =     1447.  T =     0.00 sec
F:  Del =    7.00.  Ar =      33.0.  Edge =      152.  Cut =     1155.  T =     0.00 sec
E:  Del =    7.00.  Ar =      33.0.  Edge =      152.  Cut =     1155.  T =     0.00 sec
A:  Del =    7.00.  Ar =      33.0.  Edge =      139.  Cut =     1146.  T =     0.00 sec
E:  Del =    7.00.  Ar =      33.0.  Edge =      139.  Cut =     1146.  T =     0.00 sec
A:  Del =    7.00.  Ar =      32.0.  Edge =      138.  Cut =     1226.  T =     0.00 sec
E:  Del =    7.00.  Ar =      32.0.  Edge =      138.  Cut =     1226.  T =     0.00 sec
Total time =     0.00 sec
Performing MFS with 51 PIs, 35 POs, 32 nodes (32 flexible, 0 fixed, 0 empty).
Nodes = 32. Try = 32. Resub = 0. Div = 729 (ave = 22). SAT calls = 420. Timeouts = 0. MaxDivs = 0.
Attempts :   Remove      0 out of    138 (  0.00 %)   Resub       0 out of      5 (  0.00 %)   
Reduction:   Nodes       0 out of     32 (  0.00 %)   Edges       0 out of    138 (  0.00 %)   
Win =     0.00 sec (  0.73 %)
Div =     0.00 sec (  0.88 %)
Cnf =     0.00 sec (  9.77 %)
Sat =     0.00 sec ( 58.40 %)
Oth =     0.00 sec ( 30.22 %)
ALL =     0.00 sec (100.00 %)
[1;37mCSkipA_16b                    :[0m i/o =   34/   18  lat =   17  nd =    32  edge =    138  cube =   166  lev = 7
elapse: 0.04 seconds, total: 0.05 seconds
 
Output Netlist 
============== 
Hierarchy writer reintroduced 1 instances of blackboxes.
elapse: 0.00 seconds, total: 0.05 seconds
	Command being timed: "/home/moises-leiva/vtr-verilog-to-routing/abc/abc -c echo ""; echo "Load Netlist"; echo "============"; read 0_CS_16b.parmys.blif; time; echo ""; echo "Circuit Info"; echo "=========="; print_stats; print_latch; time; echo ""; echo "LUT Costs"; echo "========="; print_lut; time; echo ""; echo "Logic Opt + Techmap"; echo "==================="; strash; ifraig -v; scorr -v; dc2 -v; dch -f; if -K 6 -v; mfs2 -v; print_stats; time; echo ""; echo "Output Netlist"; echo "=============="; write_hie 0_CS_16b.parmys.blif 0_CS_16b.raw.abc.blif; time;"
	User time (seconds): 0.04
	System time (seconds): 0.00
	Percent of CPU this job got: 65%
	Elapsed (wall clock) time (h:mm:ss or m:ss): 0:00.07
	Average shared text size (kbytes): 0
	Average unshared data size (kbytes): 0
	Average stack size (kbytes): 0
	Average total size (kbytes): 0
	Maximum resident set size (kbytes): 37912
	Average resident set size (kbytes): 0
	Major (requiring I/O) page faults: 84
	Minor (reclaiming a frame) page faults: 4414
	Voluntary context switches: 73
	Involuntary context switches: 0
	Swaps: 0
	File system inputs: 17896
	File system outputs: 8
	Socket messages sent: 0
	Socket messages received: 0
	Signals delivered: 0
	Page size (bytes): 4096
	Exit status: 0
