#! /usr/bin/vvp
:ivl_version "12.0 (stable)";
:ivl_delay_selection "TYPICAL";
:vpi_time_precision + 0;
:vpi_module "/usr/lib/x86_64-linux-gnu/ivl/system.vpi";
:vpi_module "/usr/lib/x86_64-linux-gnu/ivl/vhdl_sys.vpi";
:vpi_module "/usr/lib/x86_64-linux-gnu/ivl/vhdl_textio.vpi";
:vpi_module "/usr/lib/x86_64-linux-gnu/ivl/v2005_math.vpi";
:vpi_module "/usr/lib/x86_64-linux-gnu/ivl/va_math.vpi";
S_0x562e8b980280 .scope module, "tb_CSkipA_16b" "tb_CSkipA_16b" 2 1;
 .timescale 0 0;
v0x562e8b9a9900_0 .var "a", 15 0;
v0x562e8b9a9a00_0 .var "b", 15 0;
v0x562e8b9a9ae0_0 .var "clk", 0 0;
v0x562e8b9a9b80_0 .var/i "i", 31 0;
v0x562e8b9a9c20 .array "memA", 999999 0, 15 0;
v0x562e8b9a9ce0 .array "memB", 999999 0, 15 0;
v0x562e8b9a9da0_0 .var/i "out_file", 31 0;
v0x562e8b9a9e80_0 .var "rst", 0 0;
v0x562e8b9a9f20_0 .net "sum", 16 0, L_0x562e8b9c8330;  1 drivers
L_0x562e8b9c5ad0 .part v0x562e8b9a9900_0, 4, 1;
L_0x562e8b9c5c00 .part v0x562e8b9a9900_0, 0, 1;
L_0x562e8b9c5ca0 .part v0x562e8b9a9900_0, 1, 1;
L_0x562e8b9c5dd0 .part v0x562e8b9a9900_0, 2, 1;
L_0x562e8b9c5f30 .part v0x562e8b9a9900_0, 3, 1;
L_0x562e8b9c5fd0 .part v0x562e8b9a9900_0, 5, 1;
L_0x562e8b9c6140 .part v0x562e8b9a9900_0, 8, 1;
L_0x562e8b9c6270 .part v0x562e8b9a9900_0, 6, 1;
L_0x562e8b9c63f0 .part v0x562e8b9a9900_0, 7, 1;
L_0x562e8b9c6490 .part v0x562e8b9a9a00_0, 0, 1;
L_0x562e8b9c6590 .part v0x562e8b9a9a00_0, 1, 1;
L_0x562e8b9c6630 .part v0x562e8b9a9a00_0, 2, 1;
L_0x562e8b9c6740 .part v0x562e8b9a9a00_0, 3, 1;
L_0x562e8b9c6870 .part v0x562e8b9a9a00_0, 4, 1;
L_0x562e8b9c6a20 .part v0x562e8b9a9a00_0, 5, 1;
L_0x562e8b9c6b50 .part v0x562e8b9a9900_0, 15, 1;
L_0x562e8b9c6c80 .part v0x562e8b9a9900_0, 14, 1;
L_0x562e8b9c6d20 .part v0x562e8b9a9a00_0, 13, 1;
L_0x562e8b9c6ef0 .part v0x562e8b9a9a00_0, 12, 1;
L_0x562e8b9c6f90 .part v0x562e8b9a9a00_0, 11, 1;
L_0x562e8b9c6e50 .part v0x562e8b9a9a00_0, 10, 1;
L_0x562e8b9c70e0 .part v0x562e8b9a9a00_0, 9, 1;
L_0x562e8b9c72d0 .part v0x562e8b9a9a00_0, 8, 1;
L_0x562e8b9c7400 .part v0x562e8b9a9a00_0, 7, 1;
L_0x562e8b9c7570 .part v0x562e8b9a9a00_0, 6, 1;
L_0x562e8b9c76a0 .part v0x562e8b9a9a00_0, 15, 1;
L_0x562e8b9c7820 .part v0x562e8b9a9a00_0, 14, 1;
L_0x562e8b9c78c0 .part v0x562e8b9a9900_0, 9, 1;
L_0x562e8b9c7ae0 .part v0x562e8b9a9900_0, 10, 1;
L_0x562e8b9c7c10 .part v0x562e8b9a9900_0, 11, 1;
L_0x562e8b9c7e40 .part v0x562e8b9a9900_0, 12, 1;
L_0x562e8b9c7ee0 .part v0x562e8b9a9900_0, 13, 1;
LS_0x562e8b9c8330_0_0 .concat8 [ 1 1 1 1], v0x562e8b9a86a0_0, v0x562e8b9a8760_0, v0x562e8b9a8ca0_0, v0x562e8b9a8d60_0;
LS_0x562e8b9c8330_0_4 .concat8 [ 1 1 1 1], v0x562e8b9a8e20_0, v0x562e8b9a8ee0_0, v0x562e8b9a8fa0_0, v0x562e8b9a9060_0;
LS_0x562e8b9c8330_0_8 .concat8 [ 1 1 1 1], v0x562e8b9a9120_0, v0x562e8b9a91e0_0, v0x562e8b9a8820_0, v0x562e8b9a88e0_0;
LS_0x562e8b9c8330_0_12 .concat8 [ 1 1 1 1], v0x562e8b9a89a0_0, v0x562e8b9a8a60_0, v0x562e8b9a8b20_0, v0x562e8b9a8be0_0;
LS_0x562e8b9c8330_0_16 .concat8 [ 1 0 0 0], v0x562e8b9a6d20_0;
LS_0x562e8b9c8330_1_0 .concat8 [ 4 4 4 4], LS_0x562e8b9c8330_0_0, LS_0x562e8b9c8330_0_4, LS_0x562e8b9c8330_0_8, LS_0x562e8b9c8330_0_12;
LS_0x562e8b9c8330_1_4 .concat8 [ 1 0 0 0], LS_0x562e8b9c8330_0_16;
L_0x562e8b9c8330 .concat8 [ 16 1 0 0], LS_0x562e8b9c8330_1_0, LS_0x562e8b9c8330_1_4;
S_0x562e8b926310 .scope module, "UUT" "CSkipA_16b" 2 15, 3 3 0, S_0x562e8b980280;
 .timescale 0 0;
    .port_info 0 /INPUT 1 "a~4";
    .port_info 1 /INPUT 1 "a~0";
    .port_info 2 /INPUT 1 "a~1";
    .port_info 3 /INPUT 1 "a~2";
    .port_info 4 /INPUT 1 "a~3";
    .port_info 5 /INPUT 1 "a~5";
    .port_info 6 /INPUT 1 "a~8";
    .port_info 7 /INPUT 1 "a~6";
    .port_info 8 /INPUT 1 "a~7";
    .port_info 9 /INPUT 1 "b~0";
    .port_info 10 /INPUT 1 "b~1";
    .port_info 11 /INPUT 1 "b~2";
    .port_info 12 /INPUT 1 "b~3";
    .port_info 13 /INPUT 1 "b~4";
    .port_info 14 /INPUT 1 "b~5";
    .port_info 15 /INPUT 1 "a~15";
    .port_info 16 /INPUT 1 "a~14";
    .port_info 17 /INPUT 1 "b~13";
    .port_info 18 /INPUT 1 "b~12";
    .port_info 19 /INPUT 1 "b~11";
    .port_info 20 /INPUT 1 "b~10";
    .port_info 21 /INPUT 1 "b~9";
    .port_info 22 /INPUT 1 "b~8";
    .port_info 23 /INPUT 1 "b~7";
    .port_info 24 /INPUT 1 "b~6";
    .port_info 25 /INPUT 1 "rst";
    .port_info 26 /INPUT 1 "clk";
    .port_info 27 /INPUT 1 "b~15";
    .port_info 28 /INPUT 1 "b~14";
    .port_info 29 /INPUT 1 "a~9";
    .port_info 30 /INPUT 1 "a~10";
    .port_info 31 /INPUT 1 "a~11";
    .port_info 32 /INPUT 1 "a~12";
    .port_info 33 /INPUT 1 "a~13";
    .port_info 34 /OUTPUT 1 "sum~13";
    .port_info 35 /OUTPUT 1 "sum~14";
    .port_info 36 /OUTPUT 1 "sum~15";
    .port_info 37 /OUTPUT 1 "cout";
    .port_info 38 /OUTPUT 1 "sum~3";
    .port_info 39 /OUTPUT 1 "sum~2";
    .port_info 40 /OUTPUT 1 "sum~1";
    .port_info 41 /OUTPUT 1 "sum~0";
    .port_info 42 /OUTPUT 1 "sum~11";
    .port_info 43 /OUTPUT 1 "sum~10";
    .port_info 44 /OUTPUT 1 "sum~9";
    .port_info 45 /OUTPUT 1 "sum~8";
    .port_info 46 /OUTPUT 1 "sum~7";
    .port_info 47 /OUTPUT 1 "sum~6";
    .port_info 48 /OUTPUT 1 "sum~5";
    .port_info 49 /OUTPUT 1 "sum~4";
    .port_info 50 /OUTPUT 1 "sum~12";
L_0x7fd925b0d018 .functor BUFT 1, C4<00010100>, C4<0>, C4<0>, C4<0>;
v0x562e8b988910_0 .net/2u *"_ivl_0", 7 0, L_0x7fd925b0d018;  1 drivers
v0x562e8b988c80_0 .net *"_ivl_10", 4 0, L_0x562e8b9ba320;  1 drivers
v0x562e8b988ff0_0 .net *"_ivl_100", 3 0, L_0x562e8b9bd500;  1 drivers
L_0x7fd925b0d3c0 .functor BUFT 1, C4<0001010001000001>, C4<0>, C4<0>, C4<0>;
v0x562e8b986a20_0 .net/2u *"_ivl_104", 15 0, L_0x7fd925b0d3c0;  1 drivers
v0x562e8b986d90_0 .net *"_ivl_106", 3 0, L_0x562e8b9bd870;  1 drivers
v0x562e8b987100_0 .net *"_ivl_108", 15 0, L_0x562e8b9bda60;  1 drivers
L_0x7fd925b0d408 .functor BUFT 1, C4<0001000100010111>, C4<0>, C4<0>, C4<0>;
v0x562e8b987470_0 .net/2u *"_ivl_112", 15 0, L_0x7fd925b0d408;  1 drivers
v0x562e8b99f850_0 .net *"_ivl_114", 3 0, L_0x562e8b9bddf0;  1 drivers
v0x562e8b99f930_0 .net *"_ivl_116", 15 0, L_0x562e8b9bdf30;  1 drivers
v0x562e8b99fa10_0 .net *"_ivl_12", 31 0, L_0x562e8b9ba4c0;  1 drivers
L_0x7fd925b0d450 .functor BUFT 1, C4<0001010001000001>, C4<0>, C4<0>, C4<0>;
v0x562e8b99faf0_0 .net/2u *"_ivl_120", 15 0, L_0x7fd925b0d450;  1 drivers
v0x562e8b99fbd0_0 .net *"_ivl_122", 3 0, L_0x562e8b9be320;  1 drivers
v0x562e8b99fcb0_0 .net *"_ivl_124", 15 0, L_0x562e8b9be540;  1 drivers
L_0x7fd925b0d498 .functor BUFT 1, C4<0000001100010111000000110001011100000011000101110001011100111111>, C4<0>, C4<0>, C4<0>;
v0x562e8b99fd90_0 .net/2u *"_ivl_128", 63 0, L_0x7fd925b0d498;  1 drivers
v0x562e8b99fe70_0 .net *"_ivl_130", 5 0, L_0x562e8b9be900;  1 drivers
v0x562e8b99ff50_0 .net *"_ivl_132", 63 0, L_0x562e8b9beb10;  1 drivers
L_0x7fd925b0d4e0 .functor BUFT 1, C4<0001010001000001>, C4<0>, C4<0>, C4<0>;
v0x562e8b9a0030_0 .net/2u *"_ivl_136", 15 0, L_0x7fd925b0d4e0;  1 drivers
v0x562e8b9a0110_0 .net *"_ivl_138", 3 0, L_0x562e8b9bee90;  1 drivers
v0x562e8b9a01f0_0 .net *"_ivl_140", 15 0, L_0x562e8b9bf110;  1 drivers
L_0x7fd925b0d528 .functor BUFT 1, C4<00101011>, C4<0>, C4<0>, C4<0>;
v0x562e8b9a02d0_0 .net/2u *"_ivl_144", 7 0, L_0x7fd925b0d528;  1 drivers
v0x562e8b9a03b0_0 .net *"_ivl_146", 2 0, L_0x562e8b9bf530;  1 drivers
v0x562e8b9a0490_0 .net *"_ivl_148", 7 0, L_0x562e8b9bf6a0;  1 drivers
L_0x7fd925b0d570 .functor BUFT 1, C4<0000000011010100000000000010101100000000001010110000000011010100>, C4<0>, C4<0>, C4<0>;
v0x562e8b9a0570_0 .net/2u *"_ivl_152", 63 0, L_0x7fd925b0d570;  1 drivers
v0x562e8b9a0650_0 .net *"_ivl_154", 5 0, L_0x562e8b9bfaf0;  1 drivers
v0x562e8b9a0730_0 .net *"_ivl_156", 63 0, L_0x562e8b9bfe50;  1 drivers
L_0x7fd925b0d0a8 .functor BUFT 1, C4<0001010001000001>, C4<0>, C4<0>, C4<0>;
v0x562e8b9a0810_0 .net/2u *"_ivl_16", 15 0, L_0x7fd925b0d0a8;  1 drivers
L_0x7fd925b0d5b8 .functor BUFT 1, C4<0001010001000001>, C4<0>, C4<0>, C4<0>;
v0x562e8b9a08f0_0 .net/2u *"_ivl_160", 15 0, L_0x7fd925b0d5b8;  1 drivers
v0x562e8b9a09d0_0 .net *"_ivl_162", 3 0, L_0x562e8b9c0270;  1 drivers
v0x562e8b9a0ab0_0 .net *"_ivl_164", 15 0, L_0x562e8b9c0370;  1 drivers
L_0x7fd925b0d600 .functor BUFT 1, C4<0001>, C4<0>, C4<0>, C4<0>;
v0x562e8b9a0b90_0 .net/2u *"_ivl_168", 3 0, L_0x7fd925b0d600;  1 drivers
v0x562e8b9a0c70_0 .net *"_ivl_170", 1 0, L_0x562e8b9c07d0;  1 drivers
v0x562e8b9a0d50_0 .net *"_ivl_172", 3 0, L_0x562e8b9c0ae0;  1 drivers
L_0x7fd925b0d648 .functor BUFT 1, C4<1111110011010100110101001100000000000000000000000000000000000000>, C4<0>, C4<0>, C4<0>;
v0x562e8b9a0e30_0 .net/2u *"_ivl_176", 63 0, L_0x7fd925b0d648;  1 drivers
v0x562e8b9a1120_0 .net *"_ivl_178", 5 0, L_0x562e8b9c0fb0;  1 drivers
v0x562e8b9a1200_0 .net *"_ivl_18", 3 0, L_0x562e8b9ba760;  1 drivers
v0x562e8b9a12e0_0 .net *"_ivl_180", 63 0, L_0x562e8b9c1120;  1 drivers
L_0x7fd925b0d690 .functor BUFT 1, C4<0110>, C4<0>, C4<0>, C4<0>;
v0x562e8b9a13c0_0 .net/2u *"_ivl_184", 3 0, L_0x7fd925b0d690;  1 drivers
v0x562e8b9a14a0_0 .net *"_ivl_186", 1 0, L_0x562e8b9c1580;  1 drivers
v0x562e8b9a1580_0 .net *"_ivl_188", 3 0, L_0x562e8b9c1900;  1 drivers
L_0x7fd925b0d6d8 .functor BUFT 1, C4<1000>, C4<0>, C4<0>, C4<0>;
v0x562e8b9a1660_0 .net/2u *"_ivl_192", 3 0, L_0x7fd925b0d6d8;  1 drivers
v0x562e8b9a1740_0 .net *"_ivl_194", 1 0, L_0x562e8b9c1dd0;  1 drivers
v0x562e8b9a1820_0 .net *"_ivl_196", 3 0, L_0x562e8b9c1e70;  1 drivers
v0x562e8b9a1900_0 .net *"_ivl_2", 2 0, L_0x562e8b9a9fe0;  1 drivers
v0x562e8b9a19e0_0 .net *"_ivl_20", 15 0, L_0x562e8b9ba8c0;  1 drivers
L_0x7fd925b0d720 .functor BUFT 1, C4<0000000011010100000000000010101100000000001010110000000011010100>, C4<0>, C4<0>, C4<0>;
v0x562e8b9a1ac0_0 .net/2u *"_ivl_200", 63 0, L_0x7fd925b0d720;  1 drivers
v0x562e8b9a1ba0_0 .net *"_ivl_202", 5 0, L_0x562e8b9c2350;  1 drivers
v0x562e8b9a1c80_0 .net *"_ivl_204", 63 0, L_0x562e8b9c2740;  1 drivers
L_0x7fd925b0d768 .functor BUFT 1, C4<0001010001000001>, C4<0>, C4<0>, C4<0>;
v0x562e8b9a1d60_0 .net/2u *"_ivl_208", 15 0, L_0x7fd925b0d768;  1 drivers
v0x562e8b9a1e40_0 .net *"_ivl_210", 3 0, L_0x562e8b9c2bf0;  1 drivers
v0x562e8b9a1f20_0 .net *"_ivl_212", 15 0, L_0x562e8b9c2c90;  1 drivers
L_0x7fd925b0d7b0 .functor BUFT 1, C4<0000000101010111000000010101011100000001010101110001010101111111>, C4<0>, C4<0>, C4<0>;
v0x562e8b9a2000_0 .net/2u *"_ivl_216", 63 0, L_0x7fd925b0d7b0;  1 drivers
v0x562e8b9a20e0_0 .net *"_ivl_218", 5 0, L_0x562e8b9c3150;  1 drivers
v0x562e8b9a21c0_0 .net *"_ivl_220", 63 0, L_0x562e8b9c3570;  1 drivers
L_0x7fd925b0d7f8 .functor BUFT 1, C4<0000000011010100000000000010101100000000001010110000000011010100>, C4<0>, C4<0>, C4<0>;
v0x562e8b9a22a0_0 .net/2u *"_ivl_224", 63 0, L_0x7fd925b0d7f8;  1 drivers
v0x562e8b9a2380_0 .net *"_ivl_226", 5 0, L_0x562e8b9c3aa0;  1 drivers
v0x562e8b9a2460_0 .net *"_ivl_228", 63 0, L_0x562e8b9c3c20;  1 drivers
L_0x7fd925b0d840 .functor BUFT 1, C4<0001010001000001>, C4<0>, C4<0>, C4<0>;
v0x562e8b9a2540_0 .net/2u *"_ivl_232", 15 0, L_0x7fd925b0d840;  1 drivers
v0x562e8b9a2620_0 .net *"_ivl_234", 3 0, L_0x562e8b9c4110;  1 drivers
v0x562e8b9a2700_0 .net *"_ivl_236", 15 0, L_0x562e8b9c44e0;  1 drivers
L_0x7fd925b0d0f0 .functor BUFT 1, C4<0001011101110111>, C4<0>, C4<0>, C4<0>;
v0x562e8b9a27e0_0 .net/2u *"_ivl_24", 15 0, L_0x7fd925b0d0f0;  1 drivers
L_0x7fd925b0d888 .functor BUFT 1, C4<00000011001010110010101100111111>, C4<0>, C4<0>, C4<0>;
v0x562e8b9a28c0_0 .net/2u *"_ivl_240", 31 0, L_0x7fd925b0d888;  1 drivers
v0x562e8b9a29a0_0 .net *"_ivl_242", 4 0, L_0x562e8b9c4a20;  1 drivers
v0x562e8b9a2a80_0 .net *"_ivl_244", 31 0, L_0x562e8b9c4be0;  1 drivers
L_0x7fd925b0d8d0 .functor BUFT 1, C4<0000000011010100>, C4<0>, C4<0>, C4<0>;
v0x562e8b9a2b60_0 .net/2u *"_ivl_248", 15 0, L_0x7fd925b0d8d0;  1 drivers
v0x562e8b9a2c40_0 .net *"_ivl_250", 3 0, L_0x562e8b9c5150;  1 drivers
v0x562e8b9a3130_0 .net *"_ivl_252", 15 0, L_0x562e8b9c5590;  1 drivers
v0x562e8b9a3210_0 .net *"_ivl_26", 3 0, L_0x562e8b9bab20;  1 drivers
v0x562e8b9a32f0_0 .net *"_ivl_28", 15 0, L_0x562e8b9bacf0;  1 drivers
L_0x7fd925b0d138 .functor BUFT 1, C4<0001010001000001>, C4<0>, C4<0>, C4<0>;
v0x562e8b9a33d0_0 .net/2u *"_ivl_32", 15 0, L_0x7fd925b0d138;  1 drivers
v0x562e8b9a34b0_0 .net *"_ivl_34", 3 0, L_0x562e8b9bafe0;  1 drivers
v0x562e8b9a3590_0 .net *"_ivl_36", 15 0, L_0x562e8b9bb080;  1 drivers
v0x562e8b9a3670_0 .net *"_ivl_4", 7 0, L_0x562e8b9aa0b0;  1 drivers
L_0x7fd925b0d180 .functor BUFT 1, C4<0000001100010111000101110011111100010111001111110001011100111111>, C4<0>, C4<0>, C4<0>;
v0x562e8b9a3750_0 .net/2u *"_ivl_40", 63 0, L_0x7fd925b0d180;  1 drivers
v0x562e8b9a3830_0 .net *"_ivl_42", 5 0, L_0x562e8b9bb3b0;  1 drivers
v0x562e8b9a3910_0 .net *"_ivl_44", 63 0, L_0x562e8b9bb6a0;  1 drivers
L_0x7fd925b0d1c8 .functor BUFT 1, C4<0000000011010100000000000010101100000000001010110000000011010100>, C4<0>, C4<0>, C4<0>;
v0x562e8b9a39f0_0 .net/2u *"_ivl_48", 63 0, L_0x7fd925b0d1c8;  1 drivers
v0x562e8b9a3ad0_0 .net *"_ivl_50", 5 0, L_0x562e8b9bb920;  1 drivers
v0x562e8b9a3bb0_0 .net *"_ivl_52", 63 0, L_0x562e8b9bba60;  1 drivers
L_0x7fd925b0d210 .functor BUFT 1, C4<0001010001000001>, C4<0>, C4<0>, C4<0>;
v0x562e8b9a3c90_0 .net/2u *"_ivl_56", 15 0, L_0x7fd925b0d210;  1 drivers
v0x562e8b9a3d70_0 .net *"_ivl_58", 3 0, L_0x562e8b9bbca0;  1 drivers
v0x562e8b9a3e50_0 .net *"_ivl_60", 15 0, L_0x562e8b9bbe30;  1 drivers
L_0x7fd925b0d258 .functor BUFT 1, C4<00000011001010110010101100111111>, C4<0>, C4<0>, C4<0>;
v0x562e8b9a3f30_0 .net/2u *"_ivl_64", 31 0, L_0x7fd925b0d258;  1 drivers
v0x562e8b9a4010_0 .net *"_ivl_66", 4 0, L_0x562e8b9bc160;  1 drivers
v0x562e8b9a40f0_0 .net *"_ivl_68", 31 0, L_0x562e8b9bc290;  1 drivers
L_0x7fd925b0d2a0 .functor BUFT 1, C4<00001110000000010000000100001110>, C4<0>, C4<0>, C4<0>;
v0x562e8b9a41d0_0 .net/2u *"_ivl_72", 31 0, L_0x7fd925b0d2a0;  1 drivers
v0x562e8b9a42b0_0 .net *"_ivl_74", 4 0, L_0x562e8b9bc5f0;  1 drivers
v0x562e8b9a4390_0 .net *"_ivl_76", 31 0, L_0x562e8b9bc7b0;  1 drivers
L_0x7fd925b0d060 .functor BUFT 1, C4<00001000000001110000011100001000>, C4<0>, C4<0>, C4<0>;
v0x562e8b9a4470_0 .net/2u *"_ivl_8", 31 0, L_0x7fd925b0d060;  1 drivers
L_0x7fd925b0d2e8 .functor BUFT 1, C4<1111110011010100110101001100000000000000000000000000000000000000>, C4<0>, C4<0>, C4<0>;
v0x562e8b9a4550_0 .net/2u *"_ivl_80", 63 0, L_0x7fd925b0d2e8;  1 drivers
v0x562e8b9a4630_0 .net *"_ivl_82", 5 0, L_0x562e8b9bcb10;  1 drivers
v0x562e8b9a4710_0 .net *"_ivl_84", 63 0, L_0x562e8b9bcc70;  1 drivers
L_0x7fd925b0d330 .functor BUFT 1, C4<0110>, C4<0>, C4<0>, C4<0>;
v0x562e8b9a47f0_0 .net/2u *"_ivl_88", 3 0, L_0x7fd925b0d330;  1 drivers
v0x562e8b9a48d0_0 .net *"_ivl_90", 1 0, L_0x562e8b9bcf90;  1 drivers
v0x562e8b9a49b0_0 .net *"_ivl_92", 3 0, L_0x562e8b9bd150;  1 drivers
L_0x7fd925b0d378 .functor BUFT 1, C4<1000>, C4<0>, C4<0>, C4<0>;
v0x562e8b9a4a90_0 .net/2u *"_ivl_96", 3 0, L_0x7fd925b0d378;  1 drivers
v0x562e8b9a4b70_0 .net *"_ivl_98", 1 0, L_0x562e8b9bd030;  1 drivers
v0x562e8b9a4c50_0 .net "a~0", 0 0, L_0x562e8b9c5c00;  1 drivers
v0x562e8b9a4d10_0 .net "a~1", 0 0, L_0x562e8b9c5ca0;  1 drivers
v0x562e8b9a4dd0_0 .net "a~10", 0 0, L_0x562e8b9c7ae0;  1 drivers
v0x562e8b9a4e90_0 .net "a~11", 0 0, L_0x562e8b9c7c10;  1 drivers
v0x562e8b9a4f50_0 .net "a~12", 0 0, L_0x562e8b9c7e40;  1 drivers
v0x562e8b9a5010_0 .net "a~13", 0 0, L_0x562e8b9c7ee0;  1 drivers
v0x562e8b9a50d0_0 .net "a~14", 0 0, L_0x562e8b9c6c80;  1 drivers
v0x562e8b9a5190_0 .net "a~15", 0 0, L_0x562e8b9c6b50;  1 drivers
v0x562e8b9a5250_0 .net "a~2", 0 0, L_0x562e8b9c5dd0;  1 drivers
v0x562e8b9a5310_0 .net "a~3", 0 0, L_0x562e8b9c5f30;  1 drivers
v0x562e8b9a53d0_0 .net "a~4", 0 0, L_0x562e8b9c5ad0;  1 drivers
v0x562e8b9a5490_0 .net "a~5", 0 0, L_0x562e8b9c5fd0;  1 drivers
v0x562e8b9a5550_0 .net "a~6", 0 0, L_0x562e8b9c6270;  1 drivers
v0x562e8b9a5610_0 .net "a~7", 0 0, L_0x562e8b9c63f0;  1 drivers
v0x562e8b9a56d0_0 .net "a~8", 0 0, L_0x562e8b9c6140;  1 drivers
v0x562e8b9a5790_0 .net "a~9", 0 0, L_0x562e8b9c78c0;  1 drivers
v0x562e8b9a5850_0 .net "b~0", 0 0, L_0x562e8b9c6490;  1 drivers
v0x562e8b9a5910_0 .net "b~1", 0 0, L_0x562e8b9c6590;  1 drivers
v0x562e8b9a59d0_0 .net "b~10", 0 0, L_0x562e8b9c6e50;  1 drivers
v0x562e8b9a5a90_0 .net "b~11", 0 0, L_0x562e8b9c6f90;  1 drivers
v0x562e8b9a5b50_0 .net "b~12", 0 0, L_0x562e8b9c6ef0;  1 drivers
v0x562e8b9a5c10_0 .net "b~13", 0 0, L_0x562e8b9c6d20;  1 drivers
v0x562e8b9a5cd0_0 .net "b~14", 0 0, L_0x562e8b9c7820;  1 drivers
v0x562e8b9a5d90_0 .net "b~15", 0 0, L_0x562e8b9c76a0;  1 drivers
v0x562e8b9a5e50_0 .net "b~2", 0 0, L_0x562e8b9c6630;  1 drivers
v0x562e8b9a5f10_0 .net "b~3", 0 0, L_0x562e8b9c6740;  1 drivers
v0x562e8b9a5fd0_0 .net "b~4", 0 0, L_0x562e8b9c6870;  1 drivers
v0x562e8b9a6090_0 .net "b~5", 0 0, L_0x562e8b9c6a20;  1 drivers
v0x562e8b9a6150_0 .net "b~6", 0 0, L_0x562e8b9c7570;  1 drivers
v0x562e8b9a6210_0 .net "b~7", 0 0, L_0x562e8b9c7400;  1 drivers
v0x562e8b9a62d0_0 .net "b~8", 0 0, L_0x562e8b9c72d0;  1 drivers
v0x562e8b9a6390_0 .net "b~9", 0 0, L_0x562e8b9c70e0;  1 drivers
v0x562e8b9a6450_0 .net "clk", 0 0, v0x562e8b9a9ae0_0;  1 drivers
v0x562e8b9a6d20_0 .var "cout", 0 0;
v0x562e8b9a6de0_0 .net "n104", 0 0, L_0x562e8b9aa220;  1 drivers
v0x562e8b9a6ea0_0 .net "n108", 0 0, L_0x562e8b9ba630;  1 drivers
v0x562e8b9a6f60_0 .net "n112", 0 0, L_0x562e8b9baa30;  1 drivers
v0x562e8b9a7020_0 .net "n116", 0 0, L_0x562e8b9bb270;  1 drivers
v0x562e8b9a70e0_0 .net "n120", 0 0, L_0x562e8b9bb880;  1 drivers
v0x562e8b9a71a0_0 .net "n124", 0 0, L_0x562e8b9bbfa0;  1 drivers
v0x562e8b9a7260_0 .net "n128", 0 0, L_0x562e8b9bc920;  1 drivers
v0x562e8b9a7320_0 .net "n132", 0 0, L_0x562e8b9bdba0;  1 drivers
v0x562e8b9a73e0_0 .net "n136", 0 0, L_0x562e8b9be680;  1 drivers
v0x562e8b9a74a0_0 .net "n140", 0 0, L_0x562e8b9bf280;  1 drivers
v0x562e8b9a7560_0 .net "n144", 0 0, L_0x562e8b9bff90;  1 drivers
v0x562e8b9a7620_0 .net "n148", 0 0, L_0x562e8b9c06e0;  1 drivers
v0x562e8b9a76e0_0 .net "n152", 0 0, L_0x562e8b9c2880;  1 drivers
v0x562e8b9a77a0_0 .net "n156", 0 0, L_0x562e8b9c3060;  1 drivers
v0x562e8b9a7860_0 .net "n160", 0 0, L_0x562e8b9c4020;  1 drivers
v0x562e8b9a7920_0 .net "n164", 0 0, L_0x562e8b9c4650;  1 drivers
v0x562e8b9a79e0_0 .net "n168", 0 0, L_0x562e8b9c56d0;  1 drivers
v0x562e8b9a7aa0_0 .net "new_new_n108_1", 0 0, L_0x562e8b9bade0;  1 drivers
v0x562e8b9a7b60_0 .net "new_new_n110", 0 0, L_0x562e8b9bb740;  1 drivers
v0x562e8b9a7c20_0 .net "new_new_n113", 0 0, L_0x562e8b9bc4b0;  1 drivers
v0x562e8b9a7ce0_0 .net "new_new_n115_1", 0 0, L_0x562e8b9bce50;  1 drivers
v0x562e8b9a7da0_0 .net "new_new_n116_1", 0 0, L_0x562e8b9bd290;  1 drivers
v0x562e8b9a7e60_0 .net "new_new_n117", 0 0, L_0x562e8b9bd730;  1 drivers
v0x562e8b9a7f20_0 .net "new_new_n119_1", 0 0, L_0x562e8b9be1e0;  1 drivers
v0x562e8b9a7fe0_0 .net "new_new_n121", 0 0, L_0x562e8b9bed50;  1 drivers
v0x562e8b9a80a0_0 .net "new_new_n123_1", 0 0, L_0x562e8b9bf9b0;  1 drivers
v0x562e8b9a8160_0 .net "new_new_n126", 0 0, L_0x562e8b9c0c50;  1 drivers
v0x562e8b9a8220_0 .net "new_new_n127_1", 0 0, L_0x562e8b9c1440;  1 drivers
v0x562e8b9a82e0_0 .net "new_new_n128_1", 0 0, L_0x562e8b9c1a40;  1 drivers
v0x562e8b9a83a0_0 .net "new_new_n129", 0 0, L_0x562e8b9c2210;  1 drivers
v0x562e8b9a8460_0 .net "new_new_n132_1", 0 0, L_0x562e8b9c36b0;  1 drivers
v0x562e8b9a8520_0 .net "new_new_n135_1", 0 0, L_0x562e8b9c5010;  1 drivers
v0x562e8b9a85e0_0 .net "rst", 0 0, v0x562e8b9a9e80_0;  1 drivers
v0x562e8b9a86a0_0 .var "sum~0", 0 0;
v0x562e8b9a8760_0 .var "sum~1", 0 0;
v0x562e8b9a8820_0 .var "sum~10", 0 0;
v0x562e8b9a88e0_0 .var "sum~11", 0 0;
v0x562e8b9a89a0_0 .var "sum~12", 0 0;
v0x562e8b9a8a60_0 .var "sum~13", 0 0;
v0x562e8b9a8b20_0 .var "sum~14", 0 0;
v0x562e8b9a8be0_0 .var "sum~15", 0 0;
v0x562e8b9a8ca0_0 .var "sum~2", 0 0;
v0x562e8b9a8d60_0 .var "sum~3", 0 0;
v0x562e8b9a8e20_0 .var "sum~4", 0 0;
v0x562e8b9a8ee0_0 .var "sum~5", 0 0;
v0x562e8b9a8fa0_0 .var "sum~6", 0 0;
v0x562e8b9a9060_0 .var "sum~7", 0 0;
v0x562e8b9a9120_0 .var "sum~8", 0 0;
v0x562e8b9a91e0_0 .var "sum~9", 0 0;
E_0x562e8b94fe10 .event posedge, v0x562e8b9a6450_0;
L_0x562e8b9a9fe0 .concat [ 1 1 1 0], v0x562e8b9a9e80_0, L_0x562e8b9c5c00, L_0x562e8b9c6490;
L_0x562e8b9aa0b0 .shift/r 8, L_0x7fd925b0d018, L_0x562e8b9a9fe0;
L_0x562e8b9aa220 .part L_0x562e8b9aa0b0, 0, 1;
LS_0x562e8b9ba320_0_0 .concat [ 1 1 1 1], L_0x562e8b9c5c00, L_0x562e8b9c6490, v0x562e8b9a9e80_0, L_0x562e8b9c5ca0;
LS_0x562e8b9ba320_0_4 .concat [ 1 0 0 0], L_0x562e8b9c6590;
L_0x562e8b9ba320 .concat [ 4 1 0 0], LS_0x562e8b9ba320_0_0, LS_0x562e8b9ba320_0_4;
L_0x562e8b9ba4c0 .shift/r 32, L_0x7fd925b0d060, L_0x562e8b9ba320;
L_0x562e8b9ba630 .part L_0x562e8b9ba4c0, 0, 1;
L_0x562e8b9ba760 .concat [ 1 1 1 1], v0x562e8b9a9e80_0, L_0x562e8b9bade0, L_0x562e8b9c5dd0, L_0x562e8b9c6630;
L_0x562e8b9ba8c0 .shift/r 16, L_0x7fd925b0d0a8, L_0x562e8b9ba760;
L_0x562e8b9baa30 .part L_0x562e8b9ba8c0, 0, 1;
L_0x562e8b9bab20 .concat [ 1 1 1 1], L_0x562e8b9c5ca0, L_0x562e8b9c6590, L_0x562e8b9c6490, L_0x562e8b9c5c00;
L_0x562e8b9bacf0 .shift/r 16, L_0x7fd925b0d0f0, L_0x562e8b9bab20;
L_0x562e8b9bade0 .part L_0x562e8b9bacf0, 0, 1;
L_0x562e8b9bafe0 .concat [ 1 1 1 1], v0x562e8b9a9e80_0, L_0x562e8b9bb740, L_0x562e8b9c5f30, L_0x562e8b9c6740;
L_0x562e8b9bb080 .shift/r 16, L_0x7fd925b0d138, L_0x562e8b9bafe0;
L_0x562e8b9bb270 .part L_0x562e8b9bb080, 0, 1;
LS_0x562e8b9bb3b0_0_0 .concat [ 1 1 1 1], L_0x562e8b9c5ca0, L_0x562e8b9c5dd0, L_0x562e8b9c6630, L_0x562e8b9c6590;
LS_0x562e8b9bb3b0_0_4 .concat [ 1 1 0 0], L_0x562e8b9c6490, L_0x562e8b9c5c00;
L_0x562e8b9bb3b0 .concat [ 4 2 0 0], LS_0x562e8b9bb3b0_0_0, LS_0x562e8b9bb3b0_0_4;
L_0x562e8b9bb6a0 .shift/r 64, L_0x7fd925b0d180, L_0x562e8b9bb3b0;
L_0x562e8b9bb740 .part L_0x562e8b9bb6a0, 0, 1;
LS_0x562e8b9bb920_0_0 .concat [ 1 1 1 1], L_0x562e8b9bb740, L_0x562e8b9c5f30, L_0x562e8b9c6740, v0x562e8b9a9e80_0;
LS_0x562e8b9bb920_0_4 .concat [ 1 1 0 0], L_0x562e8b9c5ad0, L_0x562e8b9c6870;
L_0x562e8b9bb920 .concat [ 4 2 0 0], LS_0x562e8b9bb920_0_0, LS_0x562e8b9bb920_0_4;
L_0x562e8b9bba60 .shift/r 64, L_0x7fd925b0d1c8, L_0x562e8b9bb920;
L_0x562e8b9bb880 .part L_0x562e8b9bba60, 0, 1;
L_0x562e8b9bbca0 .concat [ 1 1 1 1], v0x562e8b9a9e80_0, L_0x562e8b9bc4b0, L_0x562e8b9c5fd0, L_0x562e8b9c6a20;
L_0x562e8b9bbe30 .shift/r 16, L_0x7fd925b0d210, L_0x562e8b9bbca0;
L_0x562e8b9bbfa0 .part L_0x562e8b9bbe30, 0, 1;
LS_0x562e8b9bc160_0_0 .concat [ 1 1 1 1], L_0x562e8b9bb740, L_0x562e8b9c5ad0, L_0x562e8b9c6870, L_0x562e8b9c5f30;
LS_0x562e8b9bc160_0_4 .concat [ 1 0 0 0], L_0x562e8b9c6740;
L_0x562e8b9bc160 .concat [ 4 1 0 0], LS_0x562e8b9bc160_0_0, LS_0x562e8b9bc160_0_4;
L_0x562e8b9bc290 .shift/r 32, L_0x7fd925b0d258, L_0x562e8b9bc160;
L_0x562e8b9bc4b0 .part L_0x562e8b9bc290, 0, 1;
LS_0x562e8b9bc5f0_0_0 .concat [ 1 1 1 1], L_0x562e8b9bce50, L_0x562e8b9bd730, v0x562e8b9a9e80_0, L_0x562e8b9c6270;
LS_0x562e8b9bc5f0_0_4 .concat [ 1 0 0 0], L_0x562e8b9c7570;
L_0x562e8b9bc5f0 .concat [ 4 1 0 0], LS_0x562e8b9bc5f0_0_0, LS_0x562e8b9bc5f0_0_4;
L_0x562e8b9bc7b0 .shift/r 32, L_0x7fd925b0d2a0, L_0x562e8b9bc5f0;
L_0x562e8b9bc920 .part L_0x562e8b9bc7b0, 0, 1;
LS_0x562e8b9bcb10_0_0 .concat [ 1 1 1 1], L_0x562e8b9bb740, L_0x562e8b9c5ad0, L_0x562e8b9c6870, L_0x562e8b9c5f30;
LS_0x562e8b9bcb10_0_4 .concat [ 1 1 0 0], L_0x562e8b9c6740, L_0x562e8b9bd290;
L_0x562e8b9bcb10 .concat [ 4 2 0 0], LS_0x562e8b9bcb10_0_0, LS_0x562e8b9bcb10_0_4;
L_0x562e8b9bcc70 .shift/r 64, L_0x7fd925b0d2e8, L_0x562e8b9bcb10;
L_0x562e8b9bce50 .part L_0x562e8b9bcc70, 0, 1;
L_0x562e8b9bcf90 .concat [ 1 1 0 0], L_0x562e8b9c5fd0, L_0x562e8b9c6a20;
L_0x562e8b9bd150 .shift/r 4, L_0x7fd925b0d330, L_0x562e8b9bcf90;
L_0x562e8b9bd290 .part L_0x562e8b9bd150, 0, 1;
L_0x562e8b9bd030 .concat [ 1 1 0 0], L_0x562e8b9c5fd0, L_0x562e8b9c6a20;
L_0x562e8b9bd500 .shift/r 4, L_0x7fd925b0d378, L_0x562e8b9bd030;
L_0x562e8b9bd730 .part L_0x562e8b9bd500, 0, 1;
L_0x562e8b9bd870 .concat [ 1 1 1 1], v0x562e8b9a9e80_0, L_0x562e8b9be1e0, L_0x562e8b9c63f0, L_0x562e8b9c7400;
L_0x562e8b9bda60 .shift/r 16, L_0x7fd925b0d3c0, L_0x562e8b9bd870;
L_0x562e8b9bdba0 .part L_0x562e8b9bda60, 0, 1;
L_0x562e8b9bddf0 .concat [ 1 1 1 1], L_0x562e8b9c6270, L_0x562e8b9c7570, L_0x562e8b9bce50, L_0x562e8b9bd730;
L_0x562e8b9bdf30 .shift/r 16, L_0x7fd925b0d408, L_0x562e8b9bddf0;
L_0x562e8b9be1e0 .part L_0x562e8b9bdf30, 0, 1;
L_0x562e8b9be320 .concat [ 1 1 1 1], v0x562e8b9a9e80_0, L_0x562e8b9bed50, L_0x562e8b9c6140, L_0x562e8b9c72d0;
L_0x562e8b9be540 .shift/r 16, L_0x7fd925b0d450, L_0x562e8b9be320;
L_0x562e8b9be680 .part L_0x562e8b9be540, 0, 1;
LS_0x562e8b9be900_0_0 .concat [ 1 1 1 1], L_0x562e8b9c6270, L_0x562e8b9c63f0, L_0x562e8b9c7400, L_0x562e8b9c7570;
LS_0x562e8b9be900_0_4 .concat [ 1 1 0 0], L_0x562e8b9bce50, L_0x562e8b9bd730;
L_0x562e8b9be900 .concat [ 4 2 0 0], LS_0x562e8b9be900_0_0, LS_0x562e8b9be900_0_4;
L_0x562e8b9beb10 .shift/r 64, L_0x7fd925b0d498, L_0x562e8b9be900;
L_0x562e8b9bed50 .part L_0x562e8b9beb10, 0, 1;
L_0x562e8b9bee90 .concat [ 1 1 1 1], v0x562e8b9a9e80_0, L_0x562e8b9bf9b0, L_0x562e8b9c70e0, L_0x562e8b9c78c0;
L_0x562e8b9bf110 .shift/r 16, L_0x7fd925b0d4e0, L_0x562e8b9bee90;
L_0x562e8b9bf280 .part L_0x562e8b9bf110, 0, 1;
L_0x562e8b9bf530 .concat [ 1 1 1 0], L_0x562e8b9bed50, L_0x562e8b9c6140, L_0x562e8b9c72d0;
L_0x562e8b9bf6a0 .shift/r 8, L_0x7fd925b0d528, L_0x562e8b9bf530;
L_0x562e8b9bf9b0 .part L_0x562e8b9bf6a0, 0, 1;
LS_0x562e8b9bfaf0_0_0 .concat [ 1 1 1 1], L_0x562e8b9bf9b0, L_0x562e8b9c70e0, L_0x562e8b9c78c0, v0x562e8b9a9e80_0;
LS_0x562e8b9bfaf0_0_4 .concat [ 1 1 0 0], L_0x562e8b9c6e50, L_0x562e8b9c7ae0;
L_0x562e8b9bfaf0 .concat [ 4 2 0 0], LS_0x562e8b9bfaf0_0_0, LS_0x562e8b9bfaf0_0_4;
L_0x562e8b9bfe50 .shift/r 64, L_0x7fd925b0d570, L_0x562e8b9bfaf0;
L_0x562e8b9bff90 .part L_0x562e8b9bfe50, 0, 1;
L_0x562e8b9c0270 .concat [ 1 1 1 1], v0x562e8b9a9e80_0, L_0x562e8b9c0c50, L_0x562e8b9c6f90, L_0x562e8b9c7c10;
L_0x562e8b9c0370 .shift/r 16, L_0x7fd925b0d5b8, L_0x562e8b9c0270;
L_0x562e8b9c06e0 .part L_0x562e8b9c0370, 0, 1;
L_0x562e8b9c07d0 .concat [ 1 1 0 0], L_0x562e8b9c1440, L_0x562e8b9c2210;
L_0x562e8b9c0ae0 .shift/r 4, L_0x7fd925b0d600, L_0x562e8b9c07d0;
L_0x562e8b9c0c50 .part L_0x562e8b9c0ae0, 0, 1;
LS_0x562e8b9c0fb0_0_0 .concat [ 1 1 1 1], L_0x562e8b9bed50, L_0x562e8b9c70e0, L_0x562e8b9c78c0, L_0x562e8b9c6140;
LS_0x562e8b9c0fb0_0_4 .concat [ 1 1 0 0], L_0x562e8b9c72d0, L_0x562e8b9c1a40;
L_0x562e8b9c0fb0 .concat [ 4 2 0 0], LS_0x562e8b9c0fb0_0_0, LS_0x562e8b9c0fb0_0_4;
L_0x562e8b9c1120 .shift/r 64, L_0x7fd925b0d648, L_0x562e8b9c0fb0;
L_0x562e8b9c1440 .part L_0x562e8b9c1120, 0, 1;
L_0x562e8b9c1580 .concat [ 1 1 0 0], L_0x562e8b9c6e50, L_0x562e8b9c7ae0;
L_0x562e8b9c1900 .shift/r 4, L_0x7fd925b0d690, L_0x562e8b9c1580;
L_0x562e8b9c1a40 .part L_0x562e8b9c1900, 0, 1;
L_0x562e8b9c1dd0 .concat [ 1 1 0 0], L_0x562e8b9c6e50, L_0x562e8b9c7ae0;
L_0x562e8b9c1e70 .shift/r 4, L_0x7fd925b0d6d8, L_0x562e8b9c1dd0;
L_0x562e8b9c2210 .part L_0x562e8b9c1e70, 0, 1;
LS_0x562e8b9c2350_0_0 .concat [ 1 1 1 1], L_0x562e8b9c0c50, L_0x562e8b9c6f90, L_0x562e8b9c7c10, v0x562e8b9a9e80_0;
LS_0x562e8b9c2350_0_4 .concat [ 1 1 0 0], L_0x562e8b9c6ef0, L_0x562e8b9c7e40;
L_0x562e8b9c2350 .concat [ 4 2 0 0], LS_0x562e8b9c2350_0_0, LS_0x562e8b9c2350_0_4;
L_0x562e8b9c2740 .shift/r 64, L_0x7fd925b0d720, L_0x562e8b9c2350;
L_0x562e8b9c2880 .part L_0x562e8b9c2740, 0, 1;
L_0x562e8b9c2bf0 .concat [ 1 1 1 1], v0x562e8b9a9e80_0, L_0x562e8b9c36b0, L_0x562e8b9c6d20, L_0x562e8b9c7ee0;
L_0x562e8b9c2c90 .shift/r 16, L_0x7fd925b0d768, L_0x562e8b9c2bf0;
L_0x562e8b9c3060 .part L_0x562e8b9c2c90, 0, 1;
LS_0x562e8b9c3150_0_0 .concat [ 1 1 1 1], L_0x562e8b9c6ef0, L_0x562e8b9c6f90, L_0x562e8b9c7c10, L_0x562e8b9c7e40;
LS_0x562e8b9c3150_0_4 .concat [ 1 1 0 0], L_0x562e8b9c1440, L_0x562e8b9c2210;
L_0x562e8b9c3150 .concat [ 4 2 0 0], LS_0x562e8b9c3150_0_0, LS_0x562e8b9c3150_0_4;
L_0x562e8b9c3570 .shift/r 64, L_0x7fd925b0d7b0, L_0x562e8b9c3150;
L_0x562e8b9c36b0 .part L_0x562e8b9c3570, 0, 1;
LS_0x562e8b9c3aa0_0_0 .concat [ 1 1 1 1], L_0x562e8b9c36b0, L_0x562e8b9c6d20, L_0x562e8b9c7ee0, v0x562e8b9a9e80_0;
LS_0x562e8b9c3aa0_0_4 .concat [ 1 1 0 0], L_0x562e8b9c6c80, L_0x562e8b9c7820;
L_0x562e8b9c3aa0 .concat [ 4 2 0 0], LS_0x562e8b9c3aa0_0_0, LS_0x562e8b9c3aa0_0_4;
L_0x562e8b9c3c20 .shift/r 64, L_0x7fd925b0d7f8, L_0x562e8b9c3aa0;
L_0x562e8b9c4020 .part L_0x562e8b9c3c20, 0, 1;
L_0x562e8b9c4110 .concat [ 1 1 1 1], v0x562e8b9a9e80_0, L_0x562e8b9c5010, L_0x562e8b9c6b50, L_0x562e8b9c76a0;
L_0x562e8b9c44e0 .shift/r 16, L_0x7fd925b0d840, L_0x562e8b9c4110;
L_0x562e8b9c4650 .part L_0x562e8b9c44e0, 0, 1;
LS_0x562e8b9c4a20_0_0 .concat [ 1 1 1 1], L_0x562e8b9c36b0, L_0x562e8b9c6c80, L_0x562e8b9c7820, L_0x562e8b9c6d20;
LS_0x562e8b9c4a20_0_4 .concat [ 1 0 0 0], L_0x562e8b9c7ee0;
L_0x562e8b9c4a20 .concat [ 4 1 0 0], LS_0x562e8b9c4a20_0_0, LS_0x562e8b9c4a20_0_4;
L_0x562e8b9c4be0 .shift/r 32, L_0x7fd925b0d888, L_0x562e8b9c4a20;
L_0x562e8b9c5010 .part L_0x562e8b9c4be0, 0, 1;
L_0x562e8b9c5150 .concat [ 1 1 1 1], L_0x562e8b9c5010, L_0x562e8b9c6b50, L_0x562e8b9c76a0, v0x562e8b9a9e80_0;
L_0x562e8b9c5590 .shift/r 16, L_0x7fd925b0d8d0, L_0x562e8b9c5150;
L_0x562e8b9c56d0 .part L_0x562e8b9c5590, 0, 1;
    .scope S_0x562e8b926310;
T_0 ;
    %wait E_0x562e8b94fe10;
    %load/vec4 v0x562e8b9a6de0_0;
    %assign/vec4 v0x562e8b9a86a0_0, 0;
    %jmp T_0;
    .thread T_0;
    .scope S_0x562e8b926310;
T_1 ;
    %wait E_0x562e8b94fe10;
    %load/vec4 v0x562e8b9a74a0_0;
    %assign/vec4 v0x562e8b9a91e0_0, 0;
    %jmp T_1;
    .thread T_1;
    .scope S_0x562e8b926310;
T_2 ;
    %wait E_0x562e8b94fe10;
    %load/vec4 v0x562e8b9a7560_0;
    %assign/vec4 v0x562e8b9a8820_0, 0;
    %jmp T_2;
    .thread T_2;
    .scope S_0x562e8b926310;
T_3 ;
    %wait E_0x562e8b94fe10;
    %load/vec4 v0x562e8b9a7620_0;
    %assign/vec4 v0x562e8b9a88e0_0, 0;
    %jmp T_3;
    .thread T_3;
    .scope S_0x562e8b926310;
T_4 ;
    %wait E_0x562e8b94fe10;
    %load/vec4 v0x562e8b9a76e0_0;
    %assign/vec4 v0x562e8b9a89a0_0, 0;
    %jmp T_4;
    .thread T_4;
    .scope S_0x562e8b926310;
T_5 ;
    %wait E_0x562e8b94fe10;
    %load/vec4 v0x562e8b9a77a0_0;
    %assign/vec4 v0x562e8b9a8a60_0, 0;
    %jmp T_5;
    .thread T_5;
    .scope S_0x562e8b926310;
T_6 ;
    %wait E_0x562e8b94fe10;
    %load/vec4 v0x562e8b9a7860_0;
    %assign/vec4 v0x562e8b9a8b20_0, 0;
    %jmp T_6;
    .thread T_6;
    .scope S_0x562e8b926310;
T_7 ;
    %wait E_0x562e8b94fe10;
    %load/vec4 v0x562e8b9a7920_0;
    %assign/vec4 v0x562e8b9a8be0_0, 0;
    %jmp T_7;
    .thread T_7;
    .scope S_0x562e8b926310;
T_8 ;
    %wait E_0x562e8b94fe10;
    %load/vec4 v0x562e8b9a79e0_0;
    %assign/vec4 v0x562e8b9a6d20_0, 0;
    %jmp T_8;
    .thread T_8;
    .scope S_0x562e8b926310;
T_9 ;
    %wait E_0x562e8b94fe10;
    %load/vec4 v0x562e8b9a6ea0_0;
    %assign/vec4 v0x562e8b9a8760_0, 0;
    %jmp T_9;
    .thread T_9;
    .scope S_0x562e8b926310;
T_10 ;
    %wait E_0x562e8b94fe10;
    %load/vec4 v0x562e8b9a6f60_0;
    %assign/vec4 v0x562e8b9a8ca0_0, 0;
    %jmp T_10;
    .thread T_10;
    .scope S_0x562e8b926310;
T_11 ;
    %wait E_0x562e8b94fe10;
    %load/vec4 v0x562e8b9a7020_0;
    %assign/vec4 v0x562e8b9a8d60_0, 0;
    %jmp T_11;
    .thread T_11;
    .scope S_0x562e8b926310;
T_12 ;
    %wait E_0x562e8b94fe10;
    %load/vec4 v0x562e8b9a70e0_0;
    %assign/vec4 v0x562e8b9a8e20_0, 0;
    %jmp T_12;
    .thread T_12;
    .scope S_0x562e8b926310;
T_13 ;
    %wait E_0x562e8b94fe10;
    %load/vec4 v0x562e8b9a71a0_0;
    %assign/vec4 v0x562e8b9a8ee0_0, 0;
    %jmp T_13;
    .thread T_13;
    .scope S_0x562e8b926310;
T_14 ;
    %wait E_0x562e8b94fe10;
    %load/vec4 v0x562e8b9a7260_0;
    %assign/vec4 v0x562e8b9a8fa0_0, 0;
    %jmp T_14;
    .thread T_14;
    .scope S_0x562e8b926310;
T_15 ;
    %wait E_0x562e8b94fe10;
    %load/vec4 v0x562e8b9a7320_0;
    %assign/vec4 v0x562e8b9a9060_0, 0;
    %jmp T_15;
    .thread T_15;
    .scope S_0x562e8b926310;
T_16 ;
    %wait E_0x562e8b94fe10;
    %load/vec4 v0x562e8b9a73e0_0;
    %assign/vec4 v0x562e8b9a9120_0, 0;
    %jmp T_16;
    .thread T_16;
    .scope S_0x562e8b980280;
T_17 ;
    %delay 5, 0;
    %load/vec4 v0x562e8b9a9ae0_0;
    %inv;
    %store/vec4 v0x562e8b9a9ae0_0, 0, 1;
    %jmp T_17;
    .thread T_17;
    .scope S_0x562e8b980280;
T_18 ;
    %pushi/vec4 0, 0, 1;
    %store/vec4 v0x562e8b9a9ae0_0, 0, 1;
    %pushi/vec4 1, 0, 1;
    %store/vec4 v0x562e8b9a9e80_0, 0, 1;
    %pushi/vec4 0, 0, 16;
    %store/vec4 v0x562e8b9a9900_0, 0, 16;
    %pushi/vec4 0, 0, 16;
    %store/vec4 v0x562e8b9a9a00_0, 0, 16;
    %vpi_call 2 44 "$readmemh", "memA.dat", v0x562e8b9a9c20 {0 0 0};
    %vpi_call 2 45 "$readmemh", "memB.dat", v0x562e8b9a9ce0 {0 0 0};
    %vpi_func 2 48 "$fopen" 32, "output_sum.txt", "w" {0 0 0};
    %store/vec4 v0x562e8b9a9da0_0, 0, 32;
    %delay 10, 0;
    %pushi/vec4 0, 0, 1;
    %store/vec4 v0x562e8b9a9e80_0, 0, 1;
    %pushi/vec4 0, 0, 32;
    %store/vec4 v0x562e8b9a9b80_0, 0, 32;
T_18.0 ;
    %load/vec4 v0x562e8b9a9b80_0;
    %cmpi/s 1000000, 0, 32;
    %jmp/0xz T_18.1, 5;
    %ix/getv/s 4, v0x562e8b9a9b80_0;
    %load/vec4a v0x562e8b9a9c20, 4;
    %store/vec4 v0x562e8b9a9900_0, 0, 16;
    %ix/getv/s 4, v0x562e8b9a9b80_0;
    %load/vec4a v0x562e8b9a9ce0, 4;
    %store/vec4 v0x562e8b9a9a00_0, 0, 16;
    %delay 10, 0;
    %vpi_call 2 58 "$fwrite", v0x562e8b9a9da0_0, "%h\012", v0x562e8b9a9f20_0 {0 0 0};
    %load/vec4 v0x562e8b9a9b80_0;
    %addi 1, 0, 32;
    %store/vec4 v0x562e8b9a9b80_0, 0, 32;
    %jmp T_18.0;
T_18.1 ;
    %vpi_call 2 62 "$fclose", v0x562e8b9a9da0_0 {0 0 0};
    %delay 10, 0;
    %vpi_call 2 65 "$finish" {0 0 0};
    %end;
    .thread T_18;
# The file index is used to find the file name in the following table.
:file_names 4;
    "N/A";
    "<interactive>";
    "cs_tb.v";
    "CS_16_exacto.v";
