#Timing report of worst 34 path(s)
# Unit scale: 1e-09 seconds
# Output precision: 3

#Path 1
Startpoint: a~1.inpad[0] (.input clocked by clk)
Endpoint  : cout.D[0] (.latch clocked by clk)
Path Type : setup

Point                                                             Incr      Path
--------------------------------------------------------------------------------
clock clk (rise edge)                                            0.000     0.000
clock source latency                                             0.000     0.000
input external delay                                             0.000     0.000
a~1.inpad[0] (.input)                                            0.000     0.000
new_new_n110.in[0] (.names)                                      0.444     0.444
new_new_n110.out[0] (.names)                                     0.261     0.705
new_new_n115_1.in[0] (.names)                                    0.100     0.805
new_new_n115_1.out[0] (.names)                                   0.261     1.066
new_new_n121.in[4] (.names)                                      0.100     1.166
new_new_n121.out[0] (.names)                                     0.261     1.427
new_new_n127_1.in[0] (.names)                                    0.100     1.527
new_new_n127_1.out[0] (.names)                                   0.261     1.788
new_new_n132_1.in[4] (.names)                                    0.100     1.888
new_new_n132_1.out[0] (.names)                                   0.261     2.149
new_new_n135_1.in[0] (.names)                                    0.100     2.249
new_new_n135_1.out[0] (.names)                                   0.235     2.484
n168.in[0] (.names)                                              0.100     2.584
n168.out[0] (.names)                                             0.235     2.819
cout.D[0] (.latch)                                               0.000     2.819
data arrival time                                                          2.819

clock clk (rise edge)                                            0.000     0.000
clock source latency                                             0.000     0.000
clk.inpad[0] (.input)                                            0.000     0.000
cout.clk[0] (.latch)                                             0.042     0.042
clock uncertainty                                                0.000     0.042
cell setup time                                                 -0.066    -0.024
data required time                                                        -0.024
--------------------------------------------------------------------------------
data required time                                                        -0.024
data arrival time                                                         -2.819
--------------------------------------------------------------------------------
slack (VIOLATED)                                                          -2.843


#Path 2
Startpoint: a~1.inpad[0] (.input clocked by clk)
Endpoint  : sum~15.D[0] (.latch clocked by clk)
Path Type : setup

Point                                                             Incr      Path
--------------------------------------------------------------------------------
clock clk (rise edge)                                            0.000     0.000
clock source latency                                             0.000     0.000
input external delay                                             0.000     0.000
a~1.inpad[0] (.input)                                            0.000     0.000
new_new_n110.in[0] (.names)                                      0.444     0.444
new_new_n110.out[0] (.names)                                     0.261     0.705
new_new_n115_1.in[0] (.names)                                    0.100     0.805
new_new_n115_1.out[0] (.names)                                   0.261     1.066
new_new_n121.in[4] (.names)                                      0.100     1.166
new_new_n121.out[0] (.names)                                     0.261     1.427
new_new_n127_1.in[0] (.names)                                    0.100     1.527
new_new_n127_1.out[0] (.names)                                   0.261     1.788
new_new_n132_1.in[4] (.names)                                    0.100     1.888
new_new_n132_1.out[0] (.names)                                   0.261     2.149
new_new_n135_1.in[0] (.names)                                    0.100     2.249
new_new_n135_1.out[0] (.names)                                   0.235     2.484
n164.in[1] (.names)                                              0.100     2.584
n164.out[0] (.names)                                             0.235     2.819
sum~15.D[0] (.latch)                                             0.000     2.819
data arrival time                                                          2.819

clock clk (rise edge)                                            0.000     0.000
clock source latency                                             0.000     0.000
clk.inpad[0] (.input)                                            0.000     0.000
sum~15.clk[0] (.latch)                                           0.042     0.042
clock uncertainty                                                0.000     0.042
cell setup time                                                 -0.066    -0.024
data required time                                                        -0.024
--------------------------------------------------------------------------------
data required time                                                        -0.024
data arrival time                                                         -2.819
--------------------------------------------------------------------------------
slack (VIOLATED)                                                          -2.843


#Path 3
Startpoint: a~1.inpad[0] (.input clocked by clk)
Endpoint  : sum~12.D[0] (.latch clocked by clk)
Path Type : setup

Point                                                             Incr      Path
--------------------------------------------------------------------------------
clock clk (rise edge)                                            0.000     0.000
clock source latency                                             0.000     0.000
input external delay                                             0.000     0.000
a~1.inpad[0] (.input)                                            0.000     0.000
new_new_n110.in[0] (.names)                                      0.444     0.444
new_new_n110.out[0] (.names)                                     0.261     0.705
new_new_n115_1.in[0] (.names)                                    0.100     0.805
new_new_n115_1.out[0] (.names)                                   0.261     1.066
new_new_n121.in[4] (.names)                                      0.100     1.166
new_new_n121.out[0] (.names)                                     0.261     1.427
new_new_n127_1.in[0] (.names)                                    0.100     1.527
new_new_n127_1.out[0] (.names)                                   0.261     1.788
new_new_n126.in[0] (.names)                                      0.100     1.888
new_new_n126.out[0] (.names)                                     0.235     2.123
n152.in[0] (.names)                                              0.289     2.412
n152.out[0] (.names)                                             0.261     2.673
sum~12.D[0] (.latch)                                             0.000     2.673
data arrival time                                                          2.673

clock clk (rise edge)                                            0.000     0.000
clock source latency                                             0.000     0.000
clk.inpad[0] (.input)                                            0.000     0.000
sum~12.clk[0] (.latch)                                           0.042     0.042
clock uncertainty                                                0.000     0.042
cell setup time                                                 -0.066    -0.024
data required time                                                        -0.024
--------------------------------------------------------------------------------
data required time                                                        -0.024
data arrival time                                                         -2.673
--------------------------------------------------------------------------------
slack (VIOLATED)                                                          -2.697


#Path 4
Startpoint: a~1.inpad[0] (.input clocked by clk)
Endpoint  : sum~14.D[0] (.latch clocked by clk)
Path Type : setup

Point                                                             Incr      Path
--------------------------------------------------------------------------------
clock clk (rise edge)                                            0.000     0.000
clock source latency                                             0.000     0.000
input external delay                                             0.000     0.000
a~1.inpad[0] (.input)                                            0.000     0.000
new_new_n110.in[0] (.names)                                      0.444     0.444
new_new_n110.out[0] (.names)                                     0.261     0.705
new_new_n115_1.in[0] (.names)                                    0.100     0.805
new_new_n115_1.out[0] (.names)                                   0.261     1.066
new_new_n121.in[4] (.names)                                      0.100     1.166
new_new_n121.out[0] (.names)                                     0.261     1.427
new_new_n127_1.in[0] (.names)                                    0.100     1.527
new_new_n127_1.out[0] (.names)                                   0.261     1.788
new_new_n132_1.in[4] (.names)                                    0.100     1.888
new_new_n132_1.out[0] (.names)                                   0.261     2.149
n160.in[0] (.names)                                              0.100     2.249
n160.out[0] (.names)                                             0.261     2.510
sum~14.D[0] (.latch)                                             0.000     2.510
data arrival time                                                          2.510

clock clk (rise edge)                                            0.000     0.000
clock source latency                                             0.000     0.000
clk.inpad[0] (.input)                                            0.000     0.000
sum~14.clk[0] (.latch)                                           0.042     0.042
clock uncertainty                                                0.000     0.042
cell setup time                                                 -0.066    -0.024
data required time                                                        -0.024
--------------------------------------------------------------------------------
data required time                                                        -0.024
data arrival time                                                         -2.510
--------------------------------------------------------------------------------
slack (VIOLATED)                                                          -2.534


#Path 5
Startpoint: a~1.inpad[0] (.input clocked by clk)
Endpoint  : sum~13.D[0] (.latch clocked by clk)
Path Type : setup

Point                                                             Incr      Path
--------------------------------------------------------------------------------
clock clk (rise edge)                                            0.000     0.000
clock source latency                                             0.000     0.000
input external delay                                             0.000     0.000
a~1.inpad[0] (.input)                                            0.000     0.000
new_new_n110.in[0] (.names)                                      0.444     0.444
new_new_n110.out[0] (.names)                                     0.261     0.705
new_new_n115_1.in[0] (.names)                                    0.100     0.805
new_new_n115_1.out[0] (.names)                                   0.261     1.066
new_new_n121.in[4] (.names)                                      0.100     1.166
new_new_n121.out[0] (.names)                                     0.261     1.427
new_new_n127_1.in[0] (.names)                                    0.100     1.527
new_new_n127_1.out[0] (.names)                                   0.261     1.788
new_new_n132_1.in[4] (.names)                                    0.100     1.888
new_new_n132_1.out[0] (.names)                                   0.261     2.149
n156.in[1] (.names)                                              0.100     2.249
n156.out[0] (.names)                                             0.235     2.484
sum~13.D[0] (.latch)                                             0.000     2.484
data arrival time                                                          2.484

clock clk (rise edge)                                            0.000     0.000
clock source latency                                             0.000     0.000
clk.inpad[0] (.input)                                            0.000     0.000
sum~13.clk[0] (.latch)                                           0.042     0.042
clock uncertainty                                                0.000     0.042
cell setup time                                                 -0.066    -0.024
data required time                                                        -0.024
--------------------------------------------------------------------------------
data required time                                                        -0.024
data arrival time                                                         -2.484
--------------------------------------------------------------------------------
slack (VIOLATED)                                                          -2.508


#Path 6
Startpoint: a~1.inpad[0] (.input clocked by clk)
Endpoint  : sum~11.D[0] (.latch clocked by clk)
Path Type : setup

Point                                                             Incr      Path
--------------------------------------------------------------------------------
clock clk (rise edge)                                            0.000     0.000
clock source latency                                             0.000     0.000
input external delay                                             0.000     0.000
a~1.inpad[0] (.input)                                            0.000     0.000
new_new_n110.in[0] (.names)                                      0.444     0.444
new_new_n110.out[0] (.names)                                     0.261     0.705
new_new_n115_1.in[0] (.names)                                    0.100     0.805
new_new_n115_1.out[0] (.names)                                   0.261     1.066
new_new_n121.in[4] (.names)                                      0.100     1.166
new_new_n121.out[0] (.names)                                     0.261     1.427
new_new_n127_1.in[0] (.names)                                    0.100     1.527
new_new_n127_1.out[0] (.names)                                   0.261     1.788
new_new_n126.in[0] (.names)                                      0.100     1.888
new_new_n126.out[0] (.names)                                     0.235     2.123
n148.in[1] (.names)                                              0.100     2.223
n148.out[0] (.names)                                             0.235     2.458
sum~11.D[0] (.latch)                                             0.000     2.458
data arrival time                                                          2.458

clock clk (rise edge)                                            0.000     0.000
clock source latency                                             0.000     0.000
clk.inpad[0] (.input)                                            0.000     0.000
sum~11.clk[0] (.latch)                                           0.042     0.042
clock uncertainty                                                0.000     0.042
cell setup time                                                 -0.066    -0.024
data required time                                                        -0.024
--------------------------------------------------------------------------------
data required time                                                        -0.024
data arrival time                                                         -2.458
--------------------------------------------------------------------------------
slack (VIOLATED)                                                          -2.482


#Path 7
Startpoint: a~1.inpad[0] (.input clocked by clk)
Endpoint  : sum~10.D[0] (.latch clocked by clk)
Path Type : setup

Point                                                             Incr      Path
--------------------------------------------------------------------------------
clock clk (rise edge)                                            0.000     0.000
clock source latency                                             0.000     0.000
input external delay                                             0.000     0.000
a~1.inpad[0] (.input)                                            0.000     0.000
new_new_n110.in[0] (.names)                                      0.444     0.444
new_new_n110.out[0] (.names)                                     0.261     0.705
new_new_n115_1.in[0] (.names)                                    0.100     0.805
new_new_n115_1.out[0] (.names)                                   0.261     1.066
new_new_n121.in[4] (.names)                                      0.100     1.166
new_new_n121.out[0] (.names)                                     0.261     1.427
new_new_n123_1.in[0] (.names)                                    0.290     1.717
new_new_n123_1.out[0] (.names)                                   0.235     1.952
n144.in[0] (.names)                                              0.100     2.052
n144.out[0] (.names)                                             0.261     2.313
sum~10.D[0] (.latch)                                             0.000     2.313
data arrival time                                                          2.313

clock clk (rise edge)                                            0.000     0.000
clock source latency                                             0.000     0.000
clk.inpad[0] (.input)                                            0.000     0.000
sum~10.clk[0] (.latch)                                           0.042     0.042
clock uncertainty                                                0.000     0.042
cell setup time                                                 -0.066    -0.024
data required time                                                        -0.024
--------------------------------------------------------------------------------
data required time                                                        -0.024
data arrival time                                                         -2.313
--------------------------------------------------------------------------------
slack (VIOLATED)                                                          -2.337


#Path 8
Startpoint: a~1.inpad[0] (.input clocked by clk)
Endpoint  : sum~9.D[0] (.latch clocked by clk)
Path Type : setup

Point                                                             Incr      Path
--------------------------------------------------------------------------------
clock clk (rise edge)                                            0.000     0.000
clock source latency                                             0.000     0.000
input external delay                                             0.000     0.000
a~1.inpad[0] (.input)                                            0.000     0.000
new_new_n110.in[0] (.names)                                      0.444     0.444
new_new_n110.out[0] (.names)                                     0.261     0.705
new_new_n115_1.in[0] (.names)                                    0.100     0.805
new_new_n115_1.out[0] (.names)                                   0.261     1.066
new_new_n121.in[4] (.names)                                      0.100     1.166
new_new_n121.out[0] (.names)                                     0.261     1.427
new_new_n123_1.in[0] (.names)                                    0.290     1.717
new_new_n123_1.out[0] (.names)                                   0.235     1.952
n140.in[1] (.names)                                              0.100     2.052
n140.out[0] (.names)                                             0.235     2.287
sum~9.D[0] (.latch)                                              0.000     2.287
data arrival time                                                          2.287

clock clk (rise edge)                                            0.000     0.000
clock source latency                                             0.000     0.000
clk.inpad[0] (.input)                                            0.000     0.000
sum~9.clk[0] (.latch)                                            0.042     0.042
clock uncertainty                                                0.000     0.042
cell setup time                                                 -0.066    -0.024
data required time                                                        -0.024
--------------------------------------------------------------------------------
data required time                                                        -0.024
data arrival time                                                         -2.287
--------------------------------------------------------------------------------
slack (VIOLATED)                                                          -2.311


#Path 9
Startpoint: a~1.inpad[0] (.input clocked by clk)
Endpoint  : sum~7.D[0] (.latch clocked by clk)
Path Type : setup

Point                                                             Incr      Path
--------------------------------------------------------------------------------
clock clk (rise edge)                                            0.000     0.000
clock source latency                                             0.000     0.000
input external delay                                             0.000     0.000
a~1.inpad[0] (.input)                                            0.000     0.000
new_new_n110.in[0] (.names)                                      0.444     0.444
new_new_n110.out[0] (.names)                                     0.261     0.705
new_new_n115_1.in[0] (.names)                                    0.100     0.805
new_new_n115_1.out[0] (.names)                                   0.261     1.066
new_new_n119_1.in[2] (.names)                                    0.364     1.430
new_new_n119_1.out[0] (.names)                                   0.235     1.665
n132.in[1] (.names)                                              0.100     1.765
n132.out[0] (.names)                                             0.235     2.000
sum~7.D[0] (.latch)                                              0.000     2.000
data arrival time                                                          2.000

clock clk (rise edge)                                            0.000     0.000
clock source latency                                             0.000     0.000
clk.inpad[0] (.input)                                            0.000     0.000
sum~7.clk[0] (.latch)                                            0.042     0.042
clock uncertainty                                                0.000     0.042
cell setup time                                                 -0.066    -0.024
data required time                                                        -0.024
--------------------------------------------------------------------------------
data required time                                                        -0.024
data arrival time                                                         -2.000
--------------------------------------------------------------------------------
slack (VIOLATED)                                                          -2.024


#Path 10
Startpoint: a~1.inpad[0] (.input clocked by clk)
Endpoint  : sum~8.D[0] (.latch clocked by clk)
Path Type : setup

Point                                                             Incr      Path
--------------------------------------------------------------------------------
clock clk (rise edge)                                            0.000     0.000
clock source latency                                             0.000     0.000
input external delay                                             0.000     0.000
a~1.inpad[0] (.input)                                            0.000     0.000
new_new_n110.in[0] (.names)                                      0.444     0.444
new_new_n110.out[0] (.names)                                     0.261     0.705
new_new_n115_1.in[0] (.names)                                    0.100     0.805
new_new_n115_1.out[0] (.names)                                   0.261     1.066
new_new_n121.in[4] (.names)                                      0.100     1.166
new_new_n121.out[0] (.names)                                     0.261     1.427
n136.in[1] (.names)                                              0.290     1.717
n136.out[0] (.names)                                             0.235     1.952
sum~8.D[0] (.latch)                                              0.000     1.952
data arrival time                                                          1.952

clock clk (rise edge)                                            0.000     0.000
clock source latency                                             0.000     0.000
clk.inpad[0] (.input)                                            0.000     0.000
sum~8.clk[0] (.latch)                                            0.042     0.042
clock uncertainty                                                0.000     0.042
cell setup time                                                 -0.066    -0.024
data required time                                                        -0.024
--------------------------------------------------------------------------------
data required time                                                        -0.024
data arrival time                                                         -1.952
--------------------------------------------------------------------------------
slack (VIOLATED)                                                          -1.976


#Path 11
Startpoint: a~1.inpad[0] (.input clocked by clk)
Endpoint  : sum~6.D[0] (.latch clocked by clk)
Path Type : setup

Point                                                             Incr      Path
--------------------------------------------------------------------------------
clock clk (rise edge)                                            0.000     0.000
clock source latency                                             0.000     0.000
input external delay                                             0.000     0.000
a~1.inpad[0] (.input)                                            0.000     0.000
new_new_n110.in[0] (.names)                                      0.444     0.444
new_new_n110.out[0] (.names)                                     0.261     0.705
new_new_n115_1.in[0] (.names)                                    0.100     0.805
new_new_n115_1.out[0] (.names)                                   0.261     1.066
n128.in[0] (.names)                                              0.364     1.430
n128.out[0] (.names)                                             0.235     1.665
sum~6.D[0] (.latch)                                              0.000     1.665
data arrival time                                                          1.665

clock clk (rise edge)                                            0.000     0.000
clock source latency                                             0.000     0.000
clk.inpad[0] (.input)                                            0.000     0.000
sum~6.clk[0] (.latch)                                            0.042     0.042
clock uncertainty                                                0.000     0.042
cell setup time                                                 -0.066    -0.024
data required time                                                        -0.024
--------------------------------------------------------------------------------
data required time                                                        -0.024
data arrival time                                                         -1.665
--------------------------------------------------------------------------------
slack (VIOLATED)                                                          -1.689


#Path 12
Startpoint: a~1.inpad[0] (.input clocked by clk)
Endpoint  : sum~5.D[0] (.latch clocked by clk)
Path Type : setup

Point                                                             Incr      Path
--------------------------------------------------------------------------------
clock clk (rise edge)                                            0.000     0.000
clock source latency                                             0.000     0.000
input external delay                                             0.000     0.000
a~1.inpad[0] (.input)                                            0.000     0.000
new_new_n110.in[0] (.names)                                      0.444     0.444
new_new_n110.out[0] (.names)                                     0.261     0.705
new_new_n113.in[0] (.names)                                      0.288     0.993
new_new_n113.out[0] (.names)                                     0.235     1.228
n124.in[1] (.names)                                              0.100     1.328
n124.out[0] (.names)                                             0.235     1.563
sum~5.D[0] (.latch)                                              0.000     1.563
data arrival time                                                          1.563

clock clk (rise edge)                                            0.000     0.000
clock source latency                                             0.000     0.000
clk.inpad[0] (.input)                                            0.000     0.000
sum~5.clk[0] (.latch)                                            0.042     0.042
clock uncertainty                                                0.000     0.042
cell setup time                                                 -0.066    -0.024
data required time                                                        -0.024
--------------------------------------------------------------------------------
data required time                                                        -0.024
data arrival time                                                         -1.563
--------------------------------------------------------------------------------
slack (VIOLATED)                                                          -1.587


#Path 13
Startpoint: a~1.inpad[0] (.input clocked by clk)
Endpoint  : sum~4.D[0] (.latch clocked by clk)
Path Type : setup

Point                                                             Incr      Path
--------------------------------------------------------------------------------
clock clk (rise edge)                                            0.000     0.000
clock source latency                                             0.000     0.000
input external delay                                             0.000     0.000
a~1.inpad[0] (.input)                                            0.000     0.000
new_new_n110.in[0] (.names)                                      0.444     0.444
new_new_n110.out[0] (.names)                                     0.261     0.705
n120.in[0] (.names)                                              0.287     0.992
n120.out[0] (.names)                                             0.261     1.253
sum~4.D[0] (.latch)                                              0.000     1.253
data arrival time                                                          1.253

clock clk (rise edge)                                            0.000     0.000
clock source latency                                             0.000     0.000
clk.inpad[0] (.input)                                            0.000     0.000
sum~4.clk[0] (.latch)                                            0.042     0.042
clock uncertainty                                                0.000     0.042
cell setup time                                                 -0.066    -0.024
data required time                                                        -0.024
--------------------------------------------------------------------------------
data required time                                                        -0.024
data arrival time                                                         -1.253
--------------------------------------------------------------------------------
slack (VIOLATED)                                                          -1.277


#Path 14
Startpoint: a~1.inpad[0] (.input clocked by clk)
Endpoint  : sum~3.D[0] (.latch clocked by clk)
Path Type : setup

Point                                                             Incr      Path
--------------------------------------------------------------------------------
clock clk (rise edge)                                            0.000     0.000
clock source latency                                             0.000     0.000
input external delay                                             0.000     0.000
a~1.inpad[0] (.input)                                            0.000     0.000
new_new_n110.in[0] (.names)                                      0.444     0.444
new_new_n110.out[0] (.names)                                     0.261     0.705
n116.in[1] (.names)                                              0.288     0.993
n116.out[0] (.names)                                             0.235     1.228
sum~3.D[0] (.latch)                                              0.000     1.228
data arrival time                                                          1.228

clock clk (rise edge)                                            0.000     0.000
clock source latency                                             0.000     0.000
clk.inpad[0] (.input)                                            0.000     0.000
sum~3.clk[0] (.latch)                                            0.042     0.042
clock uncertainty                                                0.000     0.042
cell setup time                                                 -0.066    -0.024
data required time                                                        -0.024
--------------------------------------------------------------------------------
data required time                                                        -0.024
data arrival time                                                         -1.228
--------------------------------------------------------------------------------
slack (VIOLATED)                                                          -1.252


#Path 15
Startpoint: a~0.inpad[0] (.input clocked by clk)
Endpoint  : sum~2.D[0] (.latch clocked by clk)
Path Type : setup

Point                                                             Incr      Path
--------------------------------------------------------------------------------
clock clk (rise edge)                                            0.000     0.000
clock source latency                                             0.000     0.000
input external delay                                             0.000     0.000
a~0.inpad[0] (.input)                                            0.000     0.000
new_new_n108_1.in[3] (.names)                                    0.615     0.615
new_new_n108_1.out[0] (.names)                                   0.235     0.850
n112.in[1] (.names)                                              0.100     0.950
n112.out[0] (.names)                                             0.235     1.185
sum~2.D[0] (.latch)                                              0.000     1.185
data arrival time                                                          1.185

clock clk (rise edge)                                            0.000     0.000
clock source latency                                             0.000     0.000
clk.inpad[0] (.input)                                            0.000     0.000
sum~2.clk[0] (.latch)                                            0.042     0.042
clock uncertainty                                                0.000     0.042
cell setup time                                                 -0.066    -0.024
data required time                                                        -0.024
--------------------------------------------------------------------------------
data required time                                                        -0.024
data arrival time                                                         -1.185
--------------------------------------------------------------------------------
slack (VIOLATED)                                                          -1.209


#Path 16
Startpoint: a~0.inpad[0] (.input clocked by clk)
Endpoint  : sum~1.D[0] (.latch clocked by clk)
Path Type : setup

Point                                                             Incr      Path
--------------------------------------------------------------------------------
clock clk (rise edge)                                            0.000     0.000
clock source latency                                             0.000     0.000
input external delay                                             0.000     0.000
a~0.inpad[0] (.input)                                            0.000     0.000
n108.in[0] (.names)                                              0.615     0.615
n108.out[0] (.names)                                             0.235     0.850
sum~1.D[0] (.latch)                                              0.000     0.850
data arrival time                                                          0.850

clock clk (rise edge)                                            0.000     0.000
clock source latency                                             0.000     0.000
clk.inpad[0] (.input)                                            0.000     0.000
sum~1.clk[0] (.latch)                                            0.042     0.042
clock uncertainty                                                0.000     0.042
cell setup time                                                 -0.066    -0.024
data required time                                                        -0.024
--------------------------------------------------------------------------------
data required time                                                        -0.024
data arrival time                                                         -0.850
--------------------------------------------------------------------------------
slack (VIOLATED)                                                          -0.874


#Path 17
Startpoint: a~0.inpad[0] (.input clocked by clk)
Endpoint  : sum~0.D[0] (.latch clocked by clk)
Path Type : setup

Point                                                             Incr      Path
--------------------------------------------------------------------------------
clock clk (rise edge)                                            0.000     0.000
clock source latency                                             0.000     0.000
input external delay                                             0.000     0.000
a~0.inpad[0] (.input)                                            0.000     0.000
n104.in[1] (.names)                                              0.615     0.615
n104.out[0] (.names)                                             0.235     0.850
sum~0.D[0] (.latch)                                              0.000     0.850
data arrival time                                                          0.850

clock clk (rise edge)                                            0.000     0.000
clock source latency                                             0.000     0.000
clk.inpad[0] (.input)                                            0.000     0.000
sum~0.clk[0] (.latch)                                            0.042     0.042
clock uncertainty                                                0.000     0.042
cell setup time                                                 -0.066    -0.024
data required time                                                        -0.024
--------------------------------------------------------------------------------
data required time                                                        -0.024
data arrival time                                                         -0.850
--------------------------------------------------------------------------------
slack (VIOLATED)                                                          -0.874


#Path 18
Startpoint: sum~3.Q[0] (.latch clocked by clk)
Endpoint  : out:sum~3.outpad[0] (.output clocked by clk)
Path Type : setup

Point                                                             Incr      Path
--------------------------------------------------------------------------------
clock clk (rise edge)                                            0.000     0.000
clock source latency                                             0.000     0.000
clk.inpad[0] (.input)                                            0.000     0.000
sum~3.clk[0] (.latch)                                            0.042     0.042
sum~3.Q[0] (.latch) [clock-to-output]                            0.124     0.166
out:sum~3.outpad[0] (.output)                                    0.574     0.741
data arrival time                                                          0.741

clock clk (rise edge)                                            0.000     0.000
clock source latency                                             0.000     0.000
clock uncertainty                                                0.000     0.000
output external delay                                            0.000     0.000
data required time                                                         0.000
--------------------------------------------------------------------------------
data required time                                                         0.000
data arrival time                                                         -0.741
--------------------------------------------------------------------------------
slack (VIOLATED)                                                          -0.741


#Path 19
Startpoint: sum~0.Q[0] (.latch clocked by clk)
Endpoint  : out:sum~0.outpad[0] (.output clocked by clk)
Path Type : setup

Point                                                             Incr      Path
--------------------------------------------------------------------------------
clock clk (rise edge)                                            0.000     0.000
clock source latency                                             0.000     0.000
clk.inpad[0] (.input)                                            0.000     0.000
sum~0.clk[0] (.latch)                                            0.042     0.042
sum~0.Q[0] (.latch) [clock-to-output]                            0.124     0.166
out:sum~0.outpad[0] (.output)                                    0.554     0.720
data arrival time                                                          0.720

clock clk (rise edge)                                            0.000     0.000
clock source latency                                             0.000     0.000
clock uncertainty                                                0.000     0.000
output external delay                                            0.000     0.000
data required time                                                         0.000
--------------------------------------------------------------------------------
data required time                                                         0.000
data arrival time                                                         -0.720
--------------------------------------------------------------------------------
slack (VIOLATED)                                                          -0.720


#Path 20
Startpoint: sum~8.Q[0] (.latch clocked by clk)
Endpoint  : out:sum~8.outpad[0] (.output clocked by clk)
Path Type : setup

Point                                                             Incr      Path
--------------------------------------------------------------------------------
clock clk (rise edge)                                            0.000     0.000
clock source latency                                             0.000     0.000
clk.inpad[0] (.input)                                            0.000     0.000
sum~8.clk[0] (.latch)                                            0.042     0.042
sum~8.Q[0] (.latch) [clock-to-output]                            0.124     0.166
out:sum~8.outpad[0] (.output)                                    0.536     0.702
data arrival time                                                          0.702

clock clk (rise edge)                                            0.000     0.000
clock source latency                                             0.000     0.000
clock uncertainty                                                0.000     0.000
output external delay                                            0.000     0.000
data required time                                                         0.000
--------------------------------------------------------------------------------
data required time                                                         0.000
data arrival time                                                         -0.702
--------------------------------------------------------------------------------
slack (VIOLATED)                                                          -0.702


#Path 21
Startpoint: sum~14.Q[0] (.latch clocked by clk)
Endpoint  : out:sum~14.outpad[0] (.output clocked by clk)
Path Type : setup

Point                                                             Incr      Path
--------------------------------------------------------------------------------
clock clk (rise edge)                                            0.000     0.000
clock source latency                                             0.000     0.000
clk.inpad[0] (.input)                                            0.000     0.000
sum~14.clk[0] (.latch)                                           0.042     0.042
sum~14.Q[0] (.latch) [clock-to-output]                           0.124     0.166
out:sum~14.outpad[0] (.output)                                   0.518     0.684
data arrival time                                                          0.684

clock clk (rise edge)                                            0.000     0.000
clock source latency                                             0.000     0.000
clock uncertainty                                                0.000     0.000
output external delay                                            0.000     0.000
data required time                                                         0.000
--------------------------------------------------------------------------------
data required time                                                         0.000
data arrival time                                                         -0.684
--------------------------------------------------------------------------------
slack (VIOLATED)                                                          -0.684


#Path 22
Startpoint: sum~9.Q[0] (.latch clocked by clk)
Endpoint  : out:sum~9.outpad[0] (.output clocked by clk)
Path Type : setup

Point                                                             Incr      Path
--------------------------------------------------------------------------------
clock clk (rise edge)                                            0.000     0.000
clock source latency                                             0.000     0.000
clk.inpad[0] (.input)                                            0.000     0.000
sum~9.clk[0] (.latch)                                            0.042     0.042
sum~9.Q[0] (.latch) [clock-to-output]                            0.124     0.166
out:sum~9.outpad[0] (.output)                                    0.496     0.662
data arrival time                                                          0.662

clock clk (rise edge)                                            0.000     0.000
clock source latency                                             0.000     0.000
clock uncertainty                                                0.000     0.000
output external delay                                            0.000     0.000
data required time                                                         0.000
--------------------------------------------------------------------------------
data required time                                                         0.000
data arrival time                                                         -0.662
--------------------------------------------------------------------------------
slack (VIOLATED)                                                          -0.662


#Path 23
Startpoint: sum~10.Q[0] (.latch clocked by clk)
Endpoint  : out:sum~10.outpad[0] (.output clocked by clk)
Path Type : setup

Point                                                             Incr      Path
--------------------------------------------------------------------------------
clock clk (rise edge)                                            0.000     0.000
clock source latency                                             0.000     0.000
clk.inpad[0] (.input)                                            0.000     0.000
sum~10.clk[0] (.latch)                                           0.042     0.042
sum~10.Q[0] (.latch) [clock-to-output]                           0.124     0.166
out:sum~10.outpad[0] (.output)                                   0.485     0.651
data arrival time                                                          0.651

clock clk (rise edge)                                            0.000     0.000
clock source latency                                             0.000     0.000
clock uncertainty                                                0.000     0.000
output external delay                                            0.000     0.000
data required time                                                         0.000
--------------------------------------------------------------------------------
data required time                                                         0.000
data arrival time                                                         -0.651
--------------------------------------------------------------------------------
slack (VIOLATED)                                                          -0.651


#Path 24
Startpoint: sum~1.Q[0] (.latch clocked by clk)
Endpoint  : out:sum~1.outpad[0] (.output clocked by clk)
Path Type : setup

Point                                                             Incr      Path
--------------------------------------------------------------------------------
clock clk (rise edge)                                            0.000     0.000
clock source latency                                             0.000     0.000
clk.inpad[0] (.input)                                            0.000     0.000
sum~1.clk[0] (.latch)                                            0.042     0.042
sum~1.Q[0] (.latch) [clock-to-output]                            0.124     0.166
out:sum~1.outpad[0] (.output)                                    0.477     0.643
data arrival time                                                          0.643

clock clk (rise edge)                                            0.000     0.000
clock source latency                                             0.000     0.000
clock uncertainty                                                0.000     0.000
output external delay                                            0.000     0.000
data required time                                                         0.000
--------------------------------------------------------------------------------
data required time                                                         0.000
data arrival time                                                         -0.643
--------------------------------------------------------------------------------
slack (VIOLATED)                                                          -0.643


#Path 25
Startpoint: sum~6.Q[0] (.latch clocked by clk)
Endpoint  : out:sum~6.outpad[0] (.output clocked by clk)
Path Type : setup

Point                                                             Incr      Path
--------------------------------------------------------------------------------
clock clk (rise edge)                                            0.000     0.000
clock source latency                                             0.000     0.000
clk.inpad[0] (.input)                                            0.000     0.000
sum~6.clk[0] (.latch)                                            0.042     0.042
sum~6.Q[0] (.latch) [clock-to-output]                            0.124     0.166
out:sum~6.outpad[0] (.output)                                    0.460     0.627
data arrival time                                                          0.627

clock clk (rise edge)                                            0.000     0.000
clock source latency                                             0.000     0.000
clock uncertainty                                                0.000     0.000
output external delay                                            0.000     0.000
data required time                                                         0.000
--------------------------------------------------------------------------------
data required time                                                         0.000
data arrival time                                                         -0.627
--------------------------------------------------------------------------------
slack (VIOLATED)                                                          -0.627


#Path 26
Startpoint: sum~5.Q[0] (.latch clocked by clk)
Endpoint  : out:sum~5.outpad[0] (.output clocked by clk)
Path Type : setup

Point                                                             Incr      Path
--------------------------------------------------------------------------------
clock clk (rise edge)                                            0.000     0.000
clock source latency                                             0.000     0.000
clk.inpad[0] (.input)                                            0.000     0.000
sum~5.clk[0] (.latch)                                            0.042     0.042
sum~5.Q[0] (.latch) [clock-to-output]                            0.124     0.166
out:sum~5.outpad[0] (.output)                                    0.382     0.549
data arrival time                                                          0.549

clock clk (rise edge)                                            0.000     0.000
clock source latency                                             0.000     0.000
clock uncertainty                                                0.000     0.000
output external delay                                            0.000     0.000
data required time                                                         0.000
--------------------------------------------------------------------------------
data required time                                                         0.000
data arrival time                                                         -0.549
--------------------------------------------------------------------------------
slack (VIOLATED)                                                          -0.549


#Path 27
Startpoint: sum~4.Q[0] (.latch clocked by clk)
Endpoint  : out:sum~4.outpad[0] (.output clocked by clk)
Path Type : setup

Point                                                             Incr      Path
--------------------------------------------------------------------------------
clock clk (rise edge)                                            0.000     0.000
clock source latency                                             0.000     0.000
clk.inpad[0] (.input)                                            0.000     0.000
sum~4.clk[0] (.latch)                                            0.042     0.042
sum~4.Q[0] (.latch) [clock-to-output]                            0.124     0.166
out:sum~4.outpad[0] (.output)                                    0.378     0.544
data arrival time                                                          0.544

clock clk (rise edge)                                            0.000     0.000
clock source latency                                             0.000     0.000
clock uncertainty                                                0.000     0.000
output external delay                                            0.000     0.000
data required time                                                         0.000
--------------------------------------------------------------------------------
data required time                                                         0.000
data arrival time                                                         -0.544
--------------------------------------------------------------------------------
slack (VIOLATED)                                                          -0.544


#Path 28
Startpoint: sum~15.Q[0] (.latch clocked by clk)
Endpoint  : out:sum~15.outpad[0] (.output clocked by clk)
Path Type : setup

Point                                                             Incr      Path
--------------------------------------------------------------------------------
clock clk (rise edge)                                            0.000     0.000
clock source latency                                             0.000     0.000
clk.inpad[0] (.input)                                            0.000     0.000
sum~15.clk[0] (.latch)                                           0.042     0.042
sum~15.Q[0] (.latch) [clock-to-output]                           0.124     0.166
out:sum~15.outpad[0] (.output)                                   0.322     0.488
data arrival time                                                          0.488

clock clk (rise edge)                                            0.000     0.000
clock source latency                                             0.000     0.000
clock uncertainty                                                0.000     0.000
output external delay                                            0.000     0.000
data required time                                                         0.000
--------------------------------------------------------------------------------
data required time                                                         0.000
data arrival time                                                         -0.488
--------------------------------------------------------------------------------
slack (VIOLATED)                                                          -0.488


#Path 29
Startpoint: sum~11.Q[0] (.latch clocked by clk)
Endpoint  : out:sum~11.outpad[0] (.output clocked by clk)
Path Type : setup

Point                                                             Incr      Path
--------------------------------------------------------------------------------
clock clk (rise edge)                                            0.000     0.000
clock source latency                                             0.000     0.000
clk.inpad[0] (.input)                                            0.000     0.000
sum~11.clk[0] (.latch)                                           0.042     0.042
sum~11.Q[0] (.latch) [clock-to-output]                           0.124     0.166
out:sum~11.outpad[0] (.output)                                   0.307     0.473
data arrival time                                                          0.473

clock clk (rise edge)                                            0.000     0.000
clock source latency                                             0.000     0.000
clock uncertainty                                                0.000     0.000
output external delay                                            0.000     0.000
data required time                                                         0.000
--------------------------------------------------------------------------------
data required time                                                         0.000
data arrival time                                                         -0.473
--------------------------------------------------------------------------------
slack (VIOLATED)                                                          -0.473


#Path 30
Startpoint: cout.Q[0] (.latch clocked by clk)
Endpoint  : out:cout.outpad[0] (.output clocked by clk)
Path Type : setup

Point                                                             Incr      Path
--------------------------------------------------------------------------------
clock clk (rise edge)                                            0.000     0.000
clock source latency                                             0.000     0.000
clk.inpad[0] (.input)                                            0.000     0.000
cout.clk[0] (.latch)                                             0.042     0.042
cout.Q[0] (.latch) [clock-to-output]                             0.124     0.166
out:cout.outpad[0] (.output)                                     0.305     0.472
data arrival time                                                          0.472

clock clk (rise edge)                                            0.000     0.000
clock source latency                                             0.000     0.000
clock uncertainty                                                0.000     0.000
output external delay                                            0.000     0.000
data required time                                                         0.000
--------------------------------------------------------------------------------
data required time                                                         0.000
data arrival time                                                         -0.472
--------------------------------------------------------------------------------
slack (VIOLATED)                                                          -0.472


#Path 31
Startpoint: sum~12.Q[0] (.latch clocked by clk)
Endpoint  : out:sum~12.outpad[0] (.output clocked by clk)
Path Type : setup

Point                                                             Incr      Path
--------------------------------------------------------------------------------
clock clk (rise edge)                                            0.000     0.000
clock source latency                                             0.000     0.000
clk.inpad[0] (.input)                                            0.000     0.000
sum~12.clk[0] (.latch)                                           0.042     0.042
sum~12.Q[0] (.latch) [clock-to-output]                           0.124     0.166
out:sum~12.outpad[0] (.output)                                   0.303     0.470
data arrival time                                                          0.470

clock clk (rise edge)                                            0.000     0.000
clock source latency                                             0.000     0.000
clock uncertainty                                                0.000     0.000
output external delay                                            0.000     0.000
data required time                                                         0.000
--------------------------------------------------------------------------------
data required time                                                         0.000
data arrival time                                                         -0.470
--------------------------------------------------------------------------------
slack (VIOLATED)                                                          -0.470


#Path 32
Startpoint: sum~7.Q[0] (.latch clocked by clk)
Endpoint  : out:sum~7.outpad[0] (.output clocked by clk)
Path Type : setup

Point                                                             Incr      Path
--------------------------------------------------------------------------------
clock clk (rise edge)                                            0.000     0.000
clock source latency                                             0.000     0.000
clk.inpad[0] (.input)                                            0.000     0.000
sum~7.clk[0] (.latch)                                            0.042     0.042
sum~7.Q[0] (.latch) [clock-to-output]                            0.124     0.166
out:sum~7.outpad[0] (.output)                                    0.302     0.469
data arrival time                                                          0.469

clock clk (rise edge)                                            0.000     0.000
clock source latency                                             0.000     0.000
clock uncertainty                                                0.000     0.000
output external delay                                            0.000     0.000
data required time                                                         0.000
--------------------------------------------------------------------------------
data required time                                                         0.000
data arrival time                                                         -0.469
--------------------------------------------------------------------------------
slack (VIOLATED)                                                          -0.469


#Path 33
Startpoint: sum~13.Q[0] (.latch clocked by clk)
Endpoint  : out:sum~13.outpad[0] (.output clocked by clk)
Path Type : setup

Point                                                             Incr      Path
--------------------------------------------------------------------------------
clock clk (rise edge)                                            0.000     0.000
clock source latency                                             0.000     0.000
clk.inpad[0] (.input)                                            0.000     0.000
sum~13.clk[0] (.latch)                                           0.042     0.042
sum~13.Q[0] (.latch) [clock-to-output]                           0.124     0.166
out:sum~13.outpad[0] (.output)                                   0.286     0.453
data arrival time                                                          0.453

clock clk (rise edge)                                            0.000     0.000
clock source latency                                             0.000     0.000
clock uncertainty                                                0.000     0.000
output external delay                                            0.000     0.000
data required time                                                         0.000
--------------------------------------------------------------------------------
data required time                                                         0.000
data arrival time                                                         -0.453
--------------------------------------------------------------------------------
slack (VIOLATED)                                                          -0.453


#Path 34
Startpoint: sum~2.Q[0] (.latch clocked by clk)
Endpoint  : out:sum~2.outpad[0] (.output clocked by clk)
Path Type : setup

Point                                                             Incr      Path
--------------------------------------------------------------------------------
clock clk (rise edge)                                            0.000     0.000
clock source latency                                             0.000     0.000
clk.inpad[0] (.input)                                            0.000     0.000
sum~2.clk[0] (.latch)                                            0.042     0.042
sum~2.Q[0] (.latch) [clock-to-output]                            0.124     0.166
out:sum~2.outpad[0] (.output)                                    0.251     0.417
data arrival time                                                          0.417

clock clk (rise edge)                                            0.000     0.000
clock source latency                                             0.000     0.000
clock uncertainty                                                0.000     0.000
output external delay                                            0.000     0.000
data required time                                                         0.000
--------------------------------------------------------------------------------
data required time                                                         0.000
data arrival time                                                         -0.417
--------------------------------------------------------------------------------
slack (VIOLATED)                                                          -0.417


#End of timing report
