#Timing report of worst 8 path(s)
# Unit scale: 1e-09 seconds
# Output precision: 3

#Path 1
Startpoint: p0~3.inpad[0] (.input clocked by virtual_io_clock)
Endpoint  : out:out~3.outpad[0] (.output clocked by virtual_io_clock)
Path Type : hold

Point                                                             Incr      Path
--------------------------------------------------------------------------------
clock virtual_io_clock (rise edge)                               0.000     0.000
clock source latency                                             0.000     0.000
input external delay                                             0.000     0.000
p0~3.inpad[0] (.input)                                           0.000     0.000
out:out~3.outpad[0] (.output)                                    0.191     0.191
data arrival time                                                          0.191

clock virtual_io_clock (rise edge)                               0.000     0.000
clock source latency                                             0.000     0.000
clock uncertainty                                                0.000     0.000
output external delay                                            0.000     0.000
data required time                                                         0.000
--------------------------------------------------------------------------------
data required time                                                        -0.000
data arrival time                                                          0.191
--------------------------------------------------------------------------------
slack (MET)                                                                0.191


#Path 2
Startpoint: p0~2.inpad[0] (.input clocked by virtual_io_clock)
Endpoint  : out:out~2.outpad[0] (.output clocked by virtual_io_clock)
Path Type : hold

Point                                                             Incr      Path
--------------------------------------------------------------------------------
clock virtual_io_clock (rise edge)                               0.000     0.000
clock source latency                                             0.000     0.000
input external delay                                             0.000     0.000
p0~2.inpad[0] (.input)                                           0.000     0.000
out:out~2.outpad[0] (.output)                                    0.270     0.270
data arrival time                                                          0.270

clock virtual_io_clock (rise edge)                               0.000     0.000
clock source latency                                             0.000     0.000
clock uncertainty                                                0.000     0.000
output external delay                                            0.000     0.000
data required time                                                         0.000
--------------------------------------------------------------------------------
data required time                                                        -0.000
data arrival time                                                          0.270
--------------------------------------------------------------------------------
slack (MET)                                                                0.270


#Path 3
Startpoint: p0~0.inpad[0] (.input clocked by virtual_io_clock)
Endpoint  : out:out~0.outpad[0] (.output clocked by virtual_io_clock)
Path Type : hold

Point                                                             Incr      Path
--------------------------------------------------------------------------------
clock virtual_io_clock (rise edge)                               0.000     0.000
clock source latency                                             0.000     0.000
input external delay                                             0.000     0.000
p0~0.inpad[0] (.input)                                           0.000     0.000
out:out~0.outpad[0] (.output)                                    0.389     0.389
data arrival time                                                          0.389

clock virtual_io_clock (rise edge)                               0.000     0.000
clock source latency                                             0.000     0.000
clock uncertainty                                                0.000     0.000
output external delay                                            0.000     0.000
data required time                                                         0.000
--------------------------------------------------------------------------------
data required time                                                        -0.000
data arrival time                                                          0.389
--------------------------------------------------------------------------------
slack (MET)                                                                0.389


#Path 4
Startpoint: p0~1.inpad[0] (.input clocked by virtual_io_clock)
Endpoint  : out:out~1.outpad[0] (.output clocked by virtual_io_clock)
Path Type : hold

Point                                                             Incr      Path
--------------------------------------------------------------------------------
clock virtual_io_clock (rise edge)                               0.000     0.000
clock source latency                                             0.000     0.000
input external delay                                             0.000     0.000
p0~1.inpad[0] (.input)                                           0.000     0.000
out:out~1.outpad[0] (.output)                                    0.490     0.490
data arrival time                                                          0.490

clock virtual_io_clock (rise edge)                               0.000     0.000
clock source latency                                             0.000     0.000
clock uncertainty                                                0.000     0.000
output external delay                                            0.000     0.000
data required time                                                         0.000
--------------------------------------------------------------------------------
data required time                                                        -0.000
data arrival time                                                          0.490
--------------------------------------------------------------------------------
slack (MET)                                                                0.490


#Path 5
Startpoint: p0~4.inpad[0] (.input clocked by virtual_io_clock)
Endpoint  : out:out~4.outpad[0] (.output clocked by virtual_io_clock)
Path Type : hold

Point                                                             Incr      Path
--------------------------------------------------------------------------------
clock virtual_io_clock (rise edge)                               0.000     0.000
clock source latency                                             0.000     0.000
input external delay                                             0.000     0.000
p0~4.inpad[0] (.input)                                           0.000     0.000
out:out~4.outpad[0] (.output)                                    0.649     0.649
data arrival time                                                          0.649

clock virtual_io_clock (rise edge)                               0.000     0.000
clock source latency                                             0.000     0.000
clock uncertainty                                                0.000     0.000
output external delay                                            0.000     0.000
data required time                                                         0.000
--------------------------------------------------------------------------------
data required time                                                        -0.000
data arrival time                                                          0.649
--------------------------------------------------------------------------------
slack (MET)                                                                0.649


#Path 6
Startpoint: p0~0.inpad[0] (.input clocked by virtual_io_clock)
Endpoint  : out:out~6.outpad[0] (.output clocked by virtual_io_clock)
Path Type : hold

Point                                                             Incr      Path
--------------------------------------------------------------------------------
clock virtual_io_clock (rise edge)                               0.000     0.000
clock source latency                                             0.000     0.000
input external delay                                             0.000     0.000
p0~0.inpad[0] (.input)                                           0.000     0.000
out~6.in[0] (.names)                                             0.191     0.191
out~6.out[0] (.names)                                            0.235     0.426
out:out~6.outpad[0] (.output)                                    0.439     0.864
data arrival time                                                          0.864

clock virtual_io_clock (rise edge)                               0.000     0.000
clock source latency                                             0.000     0.000
clock uncertainty                                                0.000     0.000
output external delay                                            0.000     0.000
data required time                                                         0.000
--------------------------------------------------------------------------------
data required time                                                        -0.000
data arrival time                                                          0.864
--------------------------------------------------------------------------------
slack (MET)                                                                0.864


#Path 7
Startpoint: p0~0.inpad[0] (.input clocked by virtual_io_clock)
Endpoint  : out:out~5.outpad[0] (.output clocked by virtual_io_clock)
Path Type : hold

Point                                                             Incr      Path
--------------------------------------------------------------------------------
clock virtual_io_clock (rise edge)                               0.000     0.000
clock source latency                                             0.000     0.000
input external delay                                             0.000     0.000
p0~0.inpad[0] (.input)                                           0.000     0.000
out~5.in[0] (.names)                                             0.490     0.490
out~5.out[0] (.names)                                            0.235     0.725
out:out~5.outpad[0] (.output)                                    0.596     1.321
data arrival time                                                          1.321

clock virtual_io_clock (rise edge)                               0.000     0.000
clock source latency                                             0.000     0.000
clock uncertainty                                                0.000     0.000
output external delay                                            0.000     0.000
data required time                                                         0.000
--------------------------------------------------------------------------------
data required time                                                        -0.000
data arrival time                                                          1.321
--------------------------------------------------------------------------------
slack (MET)                                                                1.321


#Path 8
Startpoint: p1~6.inpad[0] (.input clocked by virtual_io_clock)
Endpoint  : out:out~7.outpad[0] (.output clocked by virtual_io_clock)
Path Type : hold

Point                                                             Incr      Path
--------------------------------------------------------------------------------
clock virtual_io_clock (rise edge)                               0.000     0.000
clock source latency                                             0.000     0.000
input external delay                                             0.000     0.000
p1~6.inpad[0] (.input)                                           0.000     0.000
new_n147.in[3] (.names)                                          0.170     0.170
new_n147.out[0] (.names)                                         0.235     0.405
new_n238.in[3] (.names)                                          0.000     0.405
new_n238.out[0] (.names)                                         0.261     0.666
new_n237.in[3] (.names)                                          0.000     0.666
new_n237.out[0] (.names)                                         0.235     0.901
out~7.in[4] (.names)                                             0.000     0.901
out~7.out[0] (.names)                                            0.261     1.162
out:out~7.outpad[0] (.output)                                    0.473     1.635
data arrival time                                                          1.635

clock virtual_io_clock (rise edge)                               0.000     0.000
clock source latency                                             0.000     0.000
clock uncertainty                                                0.000     0.000
output external delay                                            0.000     0.000
data required time                                                         0.000
--------------------------------------------------------------------------------
data required time                                                        -0.000
data arrival time                                                          1.635
--------------------------------------------------------------------------------
slack (MET)                                                                1.635


#End of timing report
