#Packing pin usage report
Type: io
	Input Pin Usage:
		Max: 1.00 (0.50)
		Avg: 0.50 (0.25)
		Min: 0.00 (0.00)
		Histogram:
		[        0:      0.2) 32 ( 50.0%) |************************************************
		[      0.2:      0.4)  0 (  0.0%) |
		[      0.4:      0.6)  0 (  0.0%) |
		[      0.6:      0.8)  0 (  0.0%) |
		[      0.8:        1) 32 ( 50.0%) |************************************************
		[        1:      1.2)  0 (  0.0%) |
		[      1.2:      1.4)  0 (  0.0%) |
		[      1.4:      1.6)  0 (  0.0%) |
		[      1.6:      1.8)  0 (  0.0%) |
		[      1.8:        2)  0 (  0.0%) |
	Output Pin Usage:
		Max: 1.00 (1.00)
		Avg: 0.50 (0.50)
		Min: 0.00 (0.00)
		Histogram:
		[        0:      0.1) 32 ( 50.0%) |************************************************
		[      0.1:      0.2)  0 (  0.0%) |
		[      0.2:      0.3)  0 (  0.0%) |
		[      0.3:      0.4)  0 (  0.0%) |
		[      0.4:      0.5)  0 (  0.0%) |
		[      0.5:      0.6)  0 (  0.0%) |
		[      0.6:      0.7)  0 (  0.0%) |
		[      0.7:      0.8)  0 (  0.0%) |
		[      0.8:      0.9)  0 (  0.0%) |
		[      0.9:        1) 32 ( 50.0%) |************************************************

Type: clb
	Input Pin Usage:
		Max: 49.00 (0.91)
		Avg: 34.99 (0.65)
		Min: 2.00 (0.04)
		Histogram:
		[        0:      5.4)  29 (  4.7%) |******
		[      5.4:       11)  14 (  2.2%) |***
		[       11:       16)   4 (  0.6%) |*
		[       16:       22)  13 (  2.1%) |***
		[       22:       27)  29 (  4.7%) |******
		[       27:       32)  83 ( 13.3%) |****************
		[       32:       38) 131 ( 21.0%) |**************************
		[       38:       43) 239 ( 38.4%) |***********************************************
		[       43:       49)  79 ( 12.7%) |****************
		[       49:       54)   2 (  0.3%) |
	Output Pin Usage:
		Max: 19.00 (0.90)
		Avg: 7.86 (0.37)
		Min: 1.00 (0.05)
		Histogram:
		[        0:      2.1)  44 (  7.1%) |**********
		[      2.1:      4.2)  32 (  5.1%) |*******
		[      4.2:      6.3) 101 ( 16.2%) |************************
		[      6.3:      8.4) 202 ( 32.4%) |***********************************************
		[      8.4:       10) 139 ( 22.3%) |********************************
		[       10:       13)  61 (  9.8%) |**************
		[       13:       15)  30 (  4.8%) |*******
		[       15:       17)  10 (  1.6%) |**
		[       17:       19)   3 (  0.5%) |*
		[       19:       21)   1 (  0.2%) |

