#Timing report of worst 32 path(s)
# Unit scale: 1e-09 seconds
# Output precision: 3

#Path 1
Startpoint: a~4.inpad[0] (.input clocked by virtual_io_clock)
Endpoint  : out:result~4.outpad[0] (.output clocked by virtual_io_clock)
Path Type : hold

Point                                                             Incr      Path
--------------------------------------------------------------------------------
clock virtual_io_clock (rise edge)                               0.000     0.000
clock source latency                                             0.000     0.000
input external delay                                             0.000     0.000
a~4.inpad[0] (.input)                                            0.000     0.000
out:result~4.outpad[0] (.output)                                 0.215     0.215
data arrival time                                                          0.215

clock virtual_io_clock (rise edge)                               0.000     0.000
clock source latency                                             0.000     0.000
clock uncertainty                                                0.000     0.000
output external delay                                            0.000     0.000
data required time                                                         0.000
--------------------------------------------------------------------------------
data required time                                                        -0.000
data arrival time                                                          0.215
--------------------------------------------------------------------------------
slack (MET)                                                                0.215


#Path 2
Startpoint: a~7.inpad[0] (.input clocked by virtual_io_clock)
Endpoint  : out:result~7.outpad[0] (.output clocked by virtual_io_clock)
Path Type : hold

Point                                                             Incr      Path
--------------------------------------------------------------------------------
clock virtual_io_clock (rise edge)                               0.000     0.000
clock source latency                                             0.000     0.000
input external delay                                             0.000     0.000
a~7.inpad[0] (.input)                                            0.000     0.000
out:result~7.outpad[0] (.output)                                 0.215     0.215
data arrival time                                                          0.215

clock virtual_io_clock (rise edge)                               0.000     0.000
clock source latency                                             0.000     0.000
clock uncertainty                                                0.000     0.000
output external delay                                            0.000     0.000
data required time                                                         0.000
--------------------------------------------------------------------------------
data required time                                                        -0.000
data arrival time                                                          0.215
--------------------------------------------------------------------------------
slack (MET)                                                                0.215


#Path 3
Startpoint: a~0.inpad[0] (.input clocked by virtual_io_clock)
Endpoint  : out:result~0.outpad[0] (.output clocked by virtual_io_clock)
Path Type : hold

Point                                                             Incr      Path
--------------------------------------------------------------------------------
clock virtual_io_clock (rise edge)                               0.000     0.000
clock source latency                                             0.000     0.000
input external delay                                             0.000     0.000
a~0.inpad[0] (.input)                                            0.000     0.000
out:result~0.outpad[0] (.output)                                 0.215     0.215
data arrival time                                                          0.215

clock virtual_io_clock (rise edge)                               0.000     0.000
clock source latency                                             0.000     0.000
clock uncertainty                                                0.000     0.000
output external delay                                            0.000     0.000
data required time                                                         0.000
--------------------------------------------------------------------------------
data required time                                                        -0.000
data arrival time                                                          0.215
--------------------------------------------------------------------------------
slack (MET)                                                                0.215


#Path 4
Startpoint: a~3.inpad[0] (.input clocked by virtual_io_clock)
Endpoint  : out:result~3.outpad[0] (.output clocked by virtual_io_clock)
Path Type : hold

Point                                                             Incr      Path
--------------------------------------------------------------------------------
clock virtual_io_clock (rise edge)                               0.000     0.000
clock source latency                                             0.000     0.000
input external delay                                             0.000     0.000
a~3.inpad[0] (.input)                                            0.000     0.000
out:result~3.outpad[0] (.output)                                 0.216     0.216
data arrival time                                                          0.216

clock virtual_io_clock (rise edge)                               0.000     0.000
clock source latency                                             0.000     0.000
clock uncertainty                                                0.000     0.000
output external delay                                            0.000     0.000
data required time                                                         0.000
--------------------------------------------------------------------------------
data required time                                                        -0.000
data arrival time                                                          0.216
--------------------------------------------------------------------------------
slack (MET)                                                                0.216


#Path 5
Startpoint: a~1.inpad[0] (.input clocked by virtual_io_clock)
Endpoint  : out:result~1.outpad[0] (.output clocked by virtual_io_clock)
Path Type : hold

Point                                                             Incr      Path
--------------------------------------------------------------------------------
clock virtual_io_clock (rise edge)                               0.000     0.000
clock source latency                                             0.000     0.000
input external delay                                             0.000     0.000
a~1.inpad[0] (.input)                                            0.000     0.000
out:result~1.outpad[0] (.output)                                 0.217     0.217
data arrival time                                                          0.217

clock virtual_io_clock (rise edge)                               0.000     0.000
clock source latency                                             0.000     0.000
clock uncertainty                                                0.000     0.000
output external delay                                            0.000     0.000
data required time                                                         0.000
--------------------------------------------------------------------------------
data required time                                                        -0.000
data arrival time                                                          0.217
--------------------------------------------------------------------------------
slack (MET)                                                                0.217


#Path 6
Startpoint: a~6.inpad[0] (.input clocked by virtual_io_clock)
Endpoint  : out:result~6.outpad[0] (.output clocked by virtual_io_clock)
Path Type : hold

Point                                                             Incr      Path
--------------------------------------------------------------------------------
clock virtual_io_clock (rise edge)                               0.000     0.000
clock source latency                                             0.000     0.000
input external delay                                             0.000     0.000
a~6.inpad[0] (.input)                                            0.000     0.000
out:result~6.outpad[0] (.output)                                 0.218     0.218
data arrival time                                                          0.218

clock virtual_io_clock (rise edge)                               0.000     0.000
clock source latency                                             0.000     0.000
clock uncertainty                                                0.000     0.000
output external delay                                            0.000     0.000
data required time                                                         0.000
--------------------------------------------------------------------------------
data required time                                                        -0.000
data arrival time                                                          0.218
--------------------------------------------------------------------------------
slack (MET)                                                                0.218


#Path 7
Startpoint: a~2.inpad[0] (.input clocked by virtual_io_clock)
Endpoint  : out:result~2.outpad[0] (.output clocked by virtual_io_clock)
Path Type : hold

Point                                                             Incr      Path
--------------------------------------------------------------------------------
clock virtual_io_clock (rise edge)                               0.000     0.000
clock source latency                                             0.000     0.000
input external delay                                             0.000     0.000
a~2.inpad[0] (.input)                                            0.000     0.000
out:result~2.outpad[0] (.output)                                 0.361     0.361
data arrival time                                                          0.361

clock virtual_io_clock (rise edge)                               0.000     0.000
clock source latency                                             0.000     0.000
clock uncertainty                                                0.000     0.000
output external delay                                            0.000     0.000
data required time                                                         0.000
--------------------------------------------------------------------------------
data required time                                                        -0.000
data arrival time                                                          0.361
--------------------------------------------------------------------------------
slack (MET)                                                                0.361


#Path 8
Startpoint: a~17.inpad[0] (.input clocked by virtual_io_clock)
Endpoint  : out:result~20.outpad[0] (.output clocked by virtual_io_clock)
Path Type : hold

Point                                                             Incr      Path
--------------------------------------------------------------------------------
clock virtual_io_clock (rise edge)                               0.000     0.000
clock source latency                                             0.000     0.000
input external delay                                             0.000     0.000
a~17.inpad[0] (.input)                                           0.000     0.000
new_n8025.in[3] (.names)                                         0.554     0.554
new_n8025.out[0] (.names)                                        0.235     0.789
result~20.in[3] (.names)                                         0.000     0.789
result~20.out[0] (.names)                                        0.235     1.024
out:result~20.outpad[0] (.output)                                0.216     1.240
data arrival time                                                          1.240

clock virtual_io_clock (rise edge)                               0.000     0.000
clock source latency                                             0.000     0.000
clock uncertainty                                                0.000     0.000
output external delay                                            0.000     0.000
data required time                                                         0.000
--------------------------------------------------------------------------------
data required time                                                        -0.000
data arrival time                                                          1.240
--------------------------------------------------------------------------------
slack (MET)                                                                1.240


#Path 9
Startpoint: a~17.inpad[0] (.input clocked by virtual_io_clock)
Endpoint  : out:result~23.outpad[0] (.output clocked by virtual_io_clock)
Path Type : hold

Point                                                             Incr      Path
--------------------------------------------------------------------------------
clock virtual_io_clock (rise edge)                               0.000     0.000
clock source latency                                             0.000     0.000
input external delay                                             0.000     0.000
a~17.inpad[0] (.input)                                           0.000     0.000
new_n8086.in[2] (.names)                                         0.337     0.337
new_n8086.out[0] (.names)                                        0.235     0.572
result~23.in[2] (.names)                                         0.318     0.890
result~23.out[0] (.names)                                        0.235     1.125
out:result~23.outpad[0] (.output)                                0.317     1.441
data arrival time                                                          1.441

clock virtual_io_clock (rise edge)                               0.000     0.000
clock source latency                                             0.000     0.000
clock uncertainty                                                0.000     0.000
output external delay                                            0.000     0.000
data required time                                                         0.000
--------------------------------------------------------------------------------
data required time                                                        -0.000
data arrival time                                                          1.441
--------------------------------------------------------------------------------
slack (MET)                                                                1.441


#Path 10
Startpoint: a~17.inpad[0] (.input clocked by virtual_io_clock)
Endpoint  : out:result~21.outpad[0] (.output clocked by virtual_io_clock)
Path Type : hold

Point                                                             Incr      Path
--------------------------------------------------------------------------------
clock virtual_io_clock (rise edge)                               0.000     0.000
clock source latency                                             0.000     0.000
input external delay                                             0.000     0.000
a~17.inpad[0] (.input)                                           0.000     0.000
new_n8025.in[3] (.names)                                         0.554     0.554
new_n8025.out[0] (.names)                                        0.235     0.789
result~21.in[3] (.names)                                         0.000     0.789
result~21.out[0] (.names)                                        0.261     1.050
out:result~21.outpad[0] (.output)                                0.439     1.489
data arrival time                                                          1.489

clock virtual_io_clock (rise edge)                               0.000     0.000
clock source latency                                             0.000     0.000
clock uncertainty                                                0.000     0.000
output external delay                                            0.000     0.000
data required time                                                         0.000
--------------------------------------------------------------------------------
data required time                                                        -0.000
data arrival time                                                          1.489
--------------------------------------------------------------------------------
slack (MET)                                                                1.489


#Path 11
Startpoint: a~14.inpad[0] (.input clocked by virtual_io_clock)
Endpoint  : out:result~13.outpad[0] (.output clocked by virtual_io_clock)
Path Type : hold

Point                                                             Incr      Path
--------------------------------------------------------------------------------
clock virtual_io_clock (rise edge)                               0.000     0.000
clock source latency                                             0.000     0.000
input external delay                                             0.000     0.000
a~14.inpad[0] (.input)                                           0.000     0.000
new_n7779.in[3] (.names)                                         0.458     0.458
new_n7779.out[0] (.names)                                        0.235     0.693
new_n7777.in[1] (.names)                                         0.000     0.693
new_n7777.out[0] (.names)                                        0.235     0.928
result~13.in[5] (.names)                                         0.000     0.928
result~13.out[0] (.names)                                        0.261     1.189
out:result~13.outpad[0] (.output)                                0.336     1.525
data arrival time                                                          1.525

clock virtual_io_clock (rise edge)                               0.000     0.000
clock source latency                                             0.000     0.000
clock uncertainty                                                0.000     0.000
output external delay                                            0.000     0.000
data required time                                                         0.000
--------------------------------------------------------------------------------
data required time                                                        -0.000
data arrival time                                                          1.525
--------------------------------------------------------------------------------
slack (MET)                                                                1.525


#Path 12
Startpoint: a~17.inpad[0] (.input clocked by virtual_io_clock)
Endpoint  : out:result~22.outpad[0] (.output clocked by virtual_io_clock)
Path Type : hold

Point                                                             Incr      Path
--------------------------------------------------------------------------------
clock virtual_io_clock (rise edge)                               0.000     0.000
clock source latency                                             0.000     0.000
input external delay                                             0.000     0.000
a~17.inpad[0] (.input)                                           0.000     0.000
new_n8083.in[5] (.names)                                         0.358     0.358
new_n8083.out[0] (.names)                                        0.261     0.619
new_n8082.in[4] (.names)                                         0.216     0.835
new_n8082.out[0] (.names)                                        0.235     1.070
result~22.in[0] (.names)                                         0.000     1.070
result~22.out[0] (.names)                                        0.235     1.305
out:result~22.outpad[0] (.output)                                0.294     1.599
data arrival time                                                          1.599

clock virtual_io_clock (rise edge)                               0.000     0.000
clock source latency                                             0.000     0.000
clock uncertainty                                                0.000     0.000
output external delay                                            0.000     0.000
data required time                                                         0.000
--------------------------------------------------------------------------------
data required time                                                        -0.000
data arrival time                                                          1.599
--------------------------------------------------------------------------------
slack (MET)                                                                1.599


#Path 13
Startpoint: a~14.inpad[0] (.input clocked by virtual_io_clock)
Endpoint  : out:result~18.outpad[0] (.output clocked by virtual_io_clock)
Path Type : hold

Point                                                             Incr      Path
--------------------------------------------------------------------------------
clock virtual_io_clock (rise edge)                               0.000     0.000
clock source latency                                             0.000     0.000
input external delay                                             0.000     0.000
a~14.inpad[0] (.input)                                           0.000     0.000
new_n7929.in[3] (.names)                                         0.556     0.556
new_n7929.out[0] (.names)                                        0.235     0.791
result~18.in[2] (.names)                                         0.218     1.009
result~18.out[0] (.names)                                        0.235     1.244
out:result~18.outpad[0] (.output)                                0.439     1.683
data arrival time                                                          1.683

clock virtual_io_clock (rise edge)                               0.000     0.000
clock source latency                                             0.000     0.000
clock uncertainty                                                0.000     0.000
output external delay                                            0.000     0.000
data required time                                                         0.000
--------------------------------------------------------------------------------
data required time                                                        -0.000
data arrival time                                                          1.683
--------------------------------------------------------------------------------
slack (MET)                                                                1.683


#Path 14
Startpoint: a~2.inpad[0] (.input clocked by virtual_io_clock)
Endpoint  : out:result~8.outpad[0] (.output clocked by virtual_io_clock)
Path Type : hold

Point                                                             Incr      Path
--------------------------------------------------------------------------------
clock virtual_io_clock (rise edge)                               0.000     0.000
clock source latency                                             0.000     0.000
input external delay                                             0.000     0.000
a~2.inpad[0] (.input)                                            0.000     0.000
new_n7496.in[1] (.names)                                         0.801     0.801
new_n7496.out[0] (.names)                                        0.235     1.036
result~8.in[2] (.names)                                          0.000     1.036
result~8.out[0] (.names)                                         0.235     1.271
out:result~8.outpad[0] (.output)                                 0.444     1.715
data arrival time                                                          1.715

clock virtual_io_clock (rise edge)                               0.000     0.000
clock source latency                                             0.000     0.000
clock uncertainty                                                0.000     0.000
output external delay                                            0.000     0.000
data required time                                                         0.000
--------------------------------------------------------------------------------
data required time                                                        -0.000
data arrival time                                                          1.715
--------------------------------------------------------------------------------
slack (MET)                                                                1.715


#Path 15
Startpoint: a~14.inpad[0] (.input clocked by virtual_io_clock)
Endpoint  : out:result~16.outpad[0] (.output clocked by virtual_io_clock)
Path Type : hold

Point                                                             Incr      Path
--------------------------------------------------------------------------------
clock virtual_io_clock (rise edge)                               0.000     0.000
clock source latency                                             0.000     0.000
input external delay                                             0.000     0.000
a~14.inpad[0] (.input)                                           0.000     0.000
new_n7849.in[3] (.names)                                         0.458     0.458
new_n7849.out[0] (.names)                                        0.235     0.693
new_n7854.in[1] (.names)                                         0.218     0.911
new_n7854.out[0] (.names)                                        0.261     1.172
result~16.in[3] (.names)                                         0.000     1.172
result~16.out[0] (.names)                                        0.261     1.433
out:result~16.outpad[0] (.output)                                0.334     1.767
data arrival time                                                          1.767

clock virtual_io_clock (rise edge)                               0.000     0.000
clock source latency                                             0.000     0.000
clock uncertainty                                                0.000     0.000
output external delay                                            0.000     0.000
data required time                                                         0.000
--------------------------------------------------------------------------------
data required time                                                        -0.000
data arrival time                                                          1.767
--------------------------------------------------------------------------------
slack (MET)                                                                1.767


#Path 16
Startpoint: a~14.inpad[0] (.input clocked by virtual_io_clock)
Endpoint  : out:result~15.outpad[0] (.output clocked by virtual_io_clock)
Path Type : hold

Point                                                             Incr      Path
--------------------------------------------------------------------------------
clock virtual_io_clock (rise edge)                               0.000     0.000
clock source latency                                             0.000     0.000
input external delay                                             0.000     0.000
a~14.inpad[0] (.input)                                           0.000     0.000
new_n7849.in[3] (.names)                                         0.458     0.458
new_n7849.out[0] (.names)                                        0.235     0.693
new_n7854.in[1] (.names)                                         0.218     0.911
new_n7854.out[0] (.names)                                        0.261     1.172
result~15.in[3] (.names)                                         0.000     1.172
result~15.out[0] (.names)                                        0.235     1.407
out:result~15.outpad[0] (.output)                                0.554     1.961
data arrival time                                                          1.961

clock virtual_io_clock (rise edge)                               0.000     0.000
clock source latency                                             0.000     0.000
clock uncertainty                                                0.000     0.000
output external delay                                            0.000     0.000
data required time                                                         0.000
--------------------------------------------------------------------------------
data required time                                                        -0.000
data arrival time                                                          1.961
--------------------------------------------------------------------------------
slack (MET)                                                                1.961


#Path 17
Startpoint: a~5.inpad[0] (.input clocked by virtual_io_clock)
Endpoint  : out:result~5.outpad[0] (.output clocked by virtual_io_clock)
Path Type : hold

Point                                                             Incr      Path
--------------------------------------------------------------------------------
clock virtual_io_clock (rise edge)                               0.000     0.000
clock source latency                                             0.000     0.000
input external delay                                             0.000     0.000
a~5.inpad[0] (.input)                                            0.000     0.000
out:result~5.outpad[0] (.output)                                 1.964     1.964
data arrival time                                                          1.964

clock virtual_io_clock (rise edge)                               0.000     0.000
clock source latency                                             0.000     0.000
clock uncertainty                                                0.000     0.000
output external delay                                            0.000     0.000
data required time                                                         0.000
--------------------------------------------------------------------------------
data required time                                                        -0.000
data arrival time                                                          1.964
--------------------------------------------------------------------------------
slack (MET)                                                                1.964


#Path 18
Startpoint: a~0.inpad[0] (.input clocked by virtual_io_clock)
Endpoint  : out:result~11.outpad[0] (.output clocked by virtual_io_clock)
Path Type : hold

Point                                                             Incr      Path
--------------------------------------------------------------------------------
clock virtual_io_clock (rise edge)                               0.000     0.000
clock source latency                                             0.000     0.000
input external delay                                             0.000     0.000
a~0.inpad[0] (.input)                                            0.000     0.000
new_n7379.in[0] (.names)                                         0.363     0.363
new_n7379.out[0] (.names)                                        0.235     0.598
new_n7492.in[0] (.names)                                         0.000     0.598
new_n7492.out[0] (.names)                                        0.235     0.833
new_n7595.in[0] (.names)                                         0.000     0.833
new_n7595.out[0] (.names)                                        0.235     1.068
result~11.in[0] (.names)                                         0.359     1.427
result~11.out[0] (.names)                                        0.261     1.688
out:result~11.outpad[0] (.output)                                0.363     2.052
data arrival time                                                          2.052

clock virtual_io_clock (rise edge)                               0.000     0.000
clock source latency                                             0.000     0.000
clock uncertainty                                                0.000     0.000
output external delay                                            0.000     0.000
data required time                                                         0.000
--------------------------------------------------------------------------------
data required time                                                        -0.000
data arrival time                                                          2.052
--------------------------------------------------------------------------------
slack (MET)                                                                2.052


#Path 19
Startpoint: a~17.inpad[0] (.input clocked by virtual_io_clock)
Endpoint  : out:result~24.outpad[0] (.output clocked by virtual_io_clock)
Path Type : hold

Point                                                             Incr      Path
--------------------------------------------------------------------------------
clock virtual_io_clock (rise edge)                               0.000     0.000
clock source latency                                             0.000     0.000
input external delay                                             0.000     0.000
a~17.inpad[0] (.input)                                           0.000     0.000
new_n8086.in[2] (.names)                                         0.337     0.337
new_n8086.out[0] (.names)                                        0.235     0.572
new_n8142.in[1] (.names)                                         0.292     0.864
new_n8142.out[0] (.names)                                        0.235     1.099
result~24.in[0] (.names)                                         0.442     1.541
result~24.out[0] (.names)                                        0.235     1.776
out:result~24.outpad[0] (.output)                                0.313     2.089
data arrival time                                                          2.089

clock virtual_io_clock (rise edge)                               0.000     0.000
clock source latency                                             0.000     0.000
clock uncertainty                                                0.000     0.000
output external delay                                            0.000     0.000
data required time                                                         0.000
--------------------------------------------------------------------------------
data required time                                                        -0.000
data arrival time                                                          2.089
--------------------------------------------------------------------------------
slack (MET)                                                                2.089


#Path 20
Startpoint: a~17.inpad[0] (.input clocked by virtual_io_clock)
Endpoint  : out:result~25.outpad[0] (.output clocked by virtual_io_clock)
Path Type : hold

Point                                                             Incr      Path
--------------------------------------------------------------------------------
clock virtual_io_clock (rise edge)                               0.000     0.000
clock source latency                                             0.000     0.000
input external delay                                             0.000     0.000
a~17.inpad[0] (.input)                                           0.000     0.000
new_n8086.in[2] (.names)                                         0.337     0.337
new_n8086.out[0] (.names)                                        0.235     0.572
new_n8142.in[1] (.names)                                         0.292     0.864
new_n8142.out[0] (.names)                                        0.235     1.099
result~25.in[0] (.names)                                         0.442     1.541
result~25.out[0] (.names)                                        0.235     1.776
out:result~25.outpad[0] (.output)                                0.317     2.093
data arrival time                                                          2.093

clock virtual_io_clock (rise edge)                               0.000     0.000
clock source latency                                             0.000     0.000
clock uncertainty                                                0.000     0.000
output external delay                                            0.000     0.000
data required time                                                         0.000
--------------------------------------------------------------------------------
data required time                                                        -0.000
data arrival time                                                          2.093
--------------------------------------------------------------------------------
slack (MET)                                                                2.093


#Path 21
Startpoint: a~17.inpad[0] (.input clocked by virtual_io_clock)
Endpoint  : out:result~26.outpad[0] (.output clocked by virtual_io_clock)
Path Type : hold

Point                                                             Incr      Path
--------------------------------------------------------------------------------
clock virtual_io_clock (rise edge)                               0.000     0.000
clock source latency                                             0.000     0.000
input external delay                                             0.000     0.000
a~17.inpad[0] (.input)                                           0.000     0.000
new_n8086.in[2] (.names)                                         0.337     0.337
new_n8086.out[0] (.names)                                        0.235     0.572
new_n8142.in[1] (.names)                                         0.292     0.864
new_n8142.out[0] (.names)                                        0.235     1.099
result~26.in[0] (.names)                                         0.296     1.394
result~26.out[0] (.names)                                        0.261     1.655
out:result~26.outpad[0] (.output)                                0.456     2.112
data arrival time                                                          2.112

clock virtual_io_clock (rise edge)                               0.000     0.000
clock source latency                                             0.000     0.000
clock uncertainty                                                0.000     0.000
output external delay                                            0.000     0.000
data required time                                                         0.000
--------------------------------------------------------------------------------
data required time                                                        -0.000
data arrival time                                                          2.112
--------------------------------------------------------------------------------
slack (MET)                                                                2.112


#Path 22
Startpoint: a~0.inpad[0] (.input clocked by virtual_io_clock)
Endpoint  : out:result~9.outpad[0] (.output clocked by virtual_io_clock)
Path Type : hold

Point                                                             Incr      Path
--------------------------------------------------------------------------------
clock virtual_io_clock (rise edge)                               0.000     0.000
clock source latency                                             0.000     0.000
input external delay                                             0.000     0.000
a~0.inpad[0] (.input)                                            0.000     0.000
new_n7379.in[0] (.names)                                         0.363     0.363
new_n7379.out[0] (.names)                                        0.235     0.598
new_n7492.in[0] (.names)                                         0.000     0.598
new_n7492.out[0] (.names)                                        0.235     0.833
new_n7595.in[0] (.names)                                         0.000     0.833
new_n7595.out[0] (.names)                                        0.235     1.068
result~9.in[0] (.names)                                          0.361     1.430
result~9.out[0] (.names)                                         0.235     1.665
out:result~9.outpad[0] (.output)                                 0.503     2.168
data arrival time                                                          2.168

clock virtual_io_clock (rise edge)                               0.000     0.000
clock source latency                                             0.000     0.000
clock uncertainty                                                0.000     0.000
output external delay                                            0.000     0.000
data required time                                                         0.000
--------------------------------------------------------------------------------
data required time                                                        -0.000
data arrival time                                                          2.168
--------------------------------------------------------------------------------
slack (MET)                                                                2.168


#Path 23
Startpoint: a~0.inpad[0] (.input clocked by virtual_io_clock)
Endpoint  : out:result~10.outpad[0] (.output clocked by virtual_io_clock)
Path Type : hold

Point                                                             Incr      Path
--------------------------------------------------------------------------------
clock virtual_io_clock (rise edge)                               0.000     0.000
clock source latency                                             0.000     0.000
input external delay                                             0.000     0.000
a~0.inpad[0] (.input)                                            0.000     0.000
new_n7379.in[0] (.names)                                         0.363     0.363
new_n7379.out[0] (.names)                                        0.235     0.598
new_n7492.in[0] (.names)                                         0.000     0.598
new_n7492.out[0] (.names)                                        0.235     0.833
new_n7595.in[0] (.names)                                         0.000     0.833
new_n7595.out[0] (.names)                                        0.235     1.068
result~10.in[0] (.names)                                         0.361     1.430
result~10.out[0] (.names)                                        0.235     1.665
out:result~10.outpad[0] (.output)                                0.509     2.174
data arrival time                                                          2.174

clock virtual_io_clock (rise edge)                               0.000     0.000
clock source latency                                             0.000     0.000
clock uncertainty                                                0.000     0.000
output external delay                                            0.000     0.000
data required time                                                         0.000
--------------------------------------------------------------------------------
data required time                                                        -0.000
data arrival time                                                          2.174
--------------------------------------------------------------------------------
slack (MET)                                                                2.174


#Path 24
Startpoint: a~14.inpad[0] (.input clocked by virtual_io_clock)
Endpoint  : out:result~14.outpad[0] (.output clocked by virtual_io_clock)
Path Type : hold

Point                                                             Incr      Path
--------------------------------------------------------------------------------
clock virtual_io_clock (rise edge)                               0.000     0.000
clock source latency                                             0.000     0.000
input external delay                                             0.000     0.000
a~14.inpad[0] (.input)                                           0.000     0.000
new_n7779.in[3] (.names)                                         0.458     0.458
new_n7779.out[0] (.names)                                        0.235     0.693
new_n7851.in[1] (.names)                                         0.000     0.693
new_n7851.out[0] (.names)                                        0.235     0.928
new_n7816.in[5] (.names)                                         0.218     1.146
new_n7816.out[0] (.names)                                        0.261     1.407
result~14.in[1] (.names)                                         0.218     1.625
result~14.out[0] (.names)                                        0.235     1.860
out:result~14.outpad[0] (.output)                                0.336     2.196
data arrival time                                                          2.196

clock virtual_io_clock (rise edge)                               0.000     0.000
clock source latency                                             0.000     0.000
clock uncertainty                                                0.000     0.000
output external delay                                            0.000     0.000
data required time                                                         0.000
--------------------------------------------------------------------------------
data required time                                                        -0.000
data arrival time                                                          2.196
--------------------------------------------------------------------------------
slack (MET)                                                                2.196


#Path 25
Startpoint: a~14.inpad[0] (.input clocked by virtual_io_clock)
Endpoint  : out:result~17.outpad[0] (.output clocked by virtual_io_clock)
Path Type : hold

Point                                                             Incr      Path
--------------------------------------------------------------------------------
clock virtual_io_clock (rise edge)                               0.000     0.000
clock source latency                                             0.000     0.000
input external delay                                             0.000     0.000
a~14.inpad[0] (.input)                                           0.000     0.000
new_n7892.in[3] (.names)                                         0.556     0.556
new_n7892.out[0] (.names)                                        0.235     0.791
new_n7926.in[3] (.names)                                         0.314     1.105
new_n7926.out[0] (.names)                                        0.235     1.340
result~17.in[0] (.names)                                         0.195     1.535
result~17.out[0] (.names)                                        0.235     1.770
out:result~17.outpad[0] (.output)                                0.457     2.226
data arrival time                                                          2.226

clock virtual_io_clock (rise edge)                               0.000     0.000
clock source latency                                             0.000     0.000
clock uncertainty                                                0.000     0.000
output external delay                                            0.000     0.000
data required time                                                         0.000
--------------------------------------------------------------------------------
data required time                                                        -0.000
data arrival time                                                          2.226
--------------------------------------------------------------------------------
slack (MET)                                                                2.226


#Path 26
Startpoint: a~14.inpad[0] (.input clocked by virtual_io_clock)
Endpoint  : out:result~19.outpad[0] (.output clocked by virtual_io_clock)
Path Type : hold

Point                                                             Incr      Path
--------------------------------------------------------------------------------
clock virtual_io_clock (rise edge)                               0.000     0.000
clock source latency                                             0.000     0.000
input external delay                                             0.000     0.000
a~14.inpad[0] (.input)                                           0.000     0.000
new_n7929.in[3] (.names)                                         0.556     0.556
new_n7929.out[0] (.names)                                        0.235     0.791
new_n7991.in[1] (.names)                                         0.219     1.010
new_n7991.out[0] (.names)                                        0.235     1.245
result~19.in[0] (.names)                                         0.294     1.539
result~19.out[0] (.names)                                        0.235     1.774
out:result~19.outpad[0] (.output)                                0.518     2.292
data arrival time                                                          2.292

clock virtual_io_clock (rise edge)                               0.000     0.000
clock source latency                                             0.000     0.000
clock uncertainty                                                0.000     0.000
output external delay                                            0.000     0.000
data required time                                                         0.000
--------------------------------------------------------------------------------
data required time                                                        -0.000
data arrival time                                                          2.292
--------------------------------------------------------------------------------
slack (MET)                                                                2.292


#Path 27
Startpoint: a~17.inpad[0] (.input clocked by virtual_io_clock)
Endpoint  : out:result~27.outpad[0] (.output clocked by virtual_io_clock)
Path Type : hold

Point                                                             Incr      Path
--------------------------------------------------------------------------------
clock virtual_io_clock (rise edge)                               0.000     0.000
clock source latency                                             0.000     0.000
input external delay                                             0.000     0.000
a~17.inpad[0] (.input)                                           0.000     0.000
new_n8086.in[2] (.names)                                         0.337     0.337
new_n8086.out[0] (.names)                                        0.235     0.572
new_n8142.in[1] (.names)                                         0.292     0.864
new_n8142.out[0] (.names)                                        0.235     1.099
new_n8210.in[4] (.names)                                         0.442     1.541
new_n8210.out[0] (.names)                                        0.261     1.802
result~27.in[0] (.names)                                         0.000     1.802
result~27.out[0] (.names)                                        0.235     2.037
out:result~27.outpad[0] (.output)                                0.532     2.569
data arrival time                                                          2.569

clock virtual_io_clock (rise edge)                               0.000     0.000
clock source latency                                             0.000     0.000
clock uncertainty                                                0.000     0.000
output external delay                                            0.000     0.000
data required time                                                         0.000
--------------------------------------------------------------------------------
data required time                                                        -0.000
data arrival time                                                          2.569
--------------------------------------------------------------------------------
slack (MET)                                                                2.569


#Path 28
Startpoint: a~17.inpad[0] (.input clocked by virtual_io_clock)
Endpoint  : out:result~30.outpad[0] (.output clocked by virtual_io_clock)
Path Type : hold

Point                                                             Incr      Path
--------------------------------------------------------------------------------
clock virtual_io_clock (rise edge)                               0.000     0.000
clock source latency                                             0.000     0.000
input external delay                                             0.000     0.000
a~17.inpad[0] (.input)                                           0.000     0.000
new_n8086.in[2] (.names)                                         0.337     0.337
new_n8086.out[0] (.names)                                        0.235     0.572
new_n8142.in[1] (.names)                                         0.292     0.864
new_n8142.out[0] (.names)                                        0.235     1.099
new_n8210.in[4] (.names)                                         0.442     1.541
new_n8210.out[0] (.names)                                        0.261     1.802
new_n8249.in[0] (.names)                                         0.000     1.802
new_n8249.out[0] (.names)                                        0.261     2.063
result~30.in[0] (.names)                                         0.000     2.063
result~30.out[0] (.names)                                        0.235     2.298
out:result~30.outpad[0] (.output)                                0.312     2.610
data arrival time                                                          2.610

clock virtual_io_clock (rise edge)                               0.000     0.000
clock source latency                                             0.000     0.000
clock uncertainty                                                0.000     0.000
output external delay                                            0.000     0.000
data required time                                                         0.000
--------------------------------------------------------------------------------
data required time                                                        -0.000
data arrival time                                                          2.610
--------------------------------------------------------------------------------
slack (MET)                                                                2.610


#Path 29
Startpoint: a~31.inpad[0] (.input clocked by virtual_io_clock)
Endpoint  : out:result~28.outpad[0] (.output clocked by virtual_io_clock)
Path Type : hold

Point                                                             Incr      Path
--------------------------------------------------------------------------------
clock virtual_io_clock (rise edge)                               0.000     0.000
clock source latency                                             0.000     0.000
input external delay                                             0.000     0.000
a~31.inpad[0] (.input)                                           0.000     0.000
new_n8235.in[3] (.names)                                         0.502     0.502
new_n8235.out[0] (.names)                                        0.261     0.763
new_n8234.in[3] (.names)                                         0.000     0.763
new_n8234.out[0] (.names)                                        0.235     0.998
new_n8233.in[3] (.names)                                         0.000     0.998
new_n8233.out[0] (.names)                                        0.235     1.233
new_n8231.in[1] (.names)                                         0.000     1.233
new_n8231.out[0] (.names)                                        0.235     1.468
new_n8230.in[0] (.names)                                         0.000     1.468
new_n8230.out[0] (.names)                                        0.235     1.703
result~28.in[4] (.names)                                         0.218     1.921
result~28.out[0] (.names)                                        0.261     2.182
out:result~28.outpad[0] (.output)                                0.483     2.666
data arrival time                                                          2.666

clock virtual_io_clock (rise edge)                               0.000     0.000
clock source latency                                             0.000     0.000
clock uncertainty                                                0.000     0.000
output external delay                                            0.000     0.000
data required time                                                         0.000
--------------------------------------------------------------------------------
data required time                                                        -0.000
data arrival time                                                          2.666
--------------------------------------------------------------------------------
slack (MET)                                                                2.666


#Path 30
Startpoint: a~17.inpad[0] (.input clocked by virtual_io_clock)
Endpoint  : out:result~29.outpad[0] (.output clocked by virtual_io_clock)
Path Type : hold

Point                                                             Incr      Path
--------------------------------------------------------------------------------
clock virtual_io_clock (rise edge)                               0.000     0.000
clock source latency                                             0.000     0.000
input external delay                                             0.000     0.000
a~17.inpad[0] (.input)                                           0.000     0.000
new_n8086.in[2] (.names)                                         0.337     0.337
new_n8086.out[0] (.names)                                        0.235     0.572
new_n8142.in[1] (.names)                                         0.292     0.864
new_n8142.out[0] (.names)                                        0.235     1.099
new_n8210.in[4] (.names)                                         0.442     1.541
new_n8210.out[0] (.names)                                        0.261     1.802
new_n8249.in[0] (.names)                                         0.000     1.802
new_n8249.out[0] (.names)                                        0.261     2.063
result~29.in[0] (.names)                                         0.000     2.063
result~29.out[0] (.names)                                        0.235     2.298
out:result~29.outpad[0] (.output)                                0.438     2.736
data arrival time                                                          2.736

clock virtual_io_clock (rise edge)                               0.000     0.000
clock source latency                                             0.000     0.000
clock uncertainty                                                0.000     0.000
output external delay                                            0.000     0.000
data required time                                                         0.000
--------------------------------------------------------------------------------
data required time                                                        -0.000
data arrival time                                                          2.736
--------------------------------------------------------------------------------
slack (MET)                                                                2.736


#Path 31
Startpoint: a~17.inpad[0] (.input clocked by virtual_io_clock)
Endpoint  : out:result~31.outpad[0] (.output clocked by virtual_io_clock)
Path Type : hold

Point                                                             Incr      Path
--------------------------------------------------------------------------------
clock virtual_io_clock (rise edge)                               0.000     0.000
clock source latency                                             0.000     0.000
input external delay                                             0.000     0.000
a~17.inpad[0] (.input)                                           0.000     0.000
new_n8086.in[2] (.names)                                         0.337     0.337
new_n8086.out[0] (.names)                                        0.235     0.572
new_n8142.in[1] (.names)                                         0.292     0.864
new_n8142.out[0] (.names)                                        0.235     1.099
new_n8210.in[4] (.names)                                         0.442     1.541
new_n8210.out[0] (.names)                                        0.261     1.802
new_n8249.in[0] (.names)                                         0.000     1.802
new_n8249.out[0] (.names)                                        0.261     2.063
result~31.in[0] (.names)                                         0.000     2.063
result~31.out[0] (.names)                                        0.261     2.324
out:result~31.outpad[0] (.output)                                0.439     2.763
data arrival time                                                          2.763

clock virtual_io_clock (rise edge)                               0.000     0.000
clock source latency                                             0.000     0.000
clock uncertainty                                                0.000     0.000
output external delay                                            0.000     0.000
data required time                                                         0.000
--------------------------------------------------------------------------------
data required time                                                        -0.000
data arrival time                                                          2.763
--------------------------------------------------------------------------------
slack (MET)                                                                2.763


#Path 32
Startpoint: a~14.inpad[0] (.input clocked by virtual_io_clock)
Endpoint  : out:result~12.outpad[0] (.output clocked by virtual_io_clock)
Path Type : hold

Point                                                             Incr      Path
--------------------------------------------------------------------------------
clock virtual_io_clock (rise edge)                               0.000     0.000
clock source latency                                             0.000     0.000
input external delay                                             0.000     0.000
a~14.inpad[0] (.input)                                           0.000     0.000
new_n7687.in[4] (.names)                                         0.356     0.356
new_n7687.out[0] (.names)                                        0.261     0.617
new_n7731.in[0] (.names)                                         0.000     0.617
new_n7731.out[0] (.names)                                        0.235     0.852
new_n7730.in[3] (.names)                                         0.000     0.852
new_n7730.out[0] (.names)                                        0.261     1.113
result~12.in[1] (.names)                                         1.200     2.313
result~12.out[0] (.names)                                        0.235     2.548
out:result~12.outpad[0] (.output)                                0.298     2.846
data arrival time                                                          2.846

clock virtual_io_clock (rise edge)                               0.000     0.000
clock source latency                                             0.000     0.000
clock uncertainty                                                0.000     0.000
output external delay                                            0.000     0.000
data required time                                                         0.000
--------------------------------------------------------------------------------
data required time                                                        -0.000
data arrival time                                                          2.846
--------------------------------------------------------------------------------
slack (MET)                                                                2.846


#End of timing report
