#Timing report of worst 34 path(s)
# Unit scale: 1e-09 seconds
# Output precision: 3

#Path 1
Startpoint: X~4.inpad[0] (.input clocked by clk)
Endpoint  : S~4.D[0] (.latch clocked by clk)
Path Type : hold

Point                                                             Incr      Path
--------------------------------------------------------------------------------
clock clk (rise edge)                                            0.000     0.000
clock source latency                                             0.000     0.000
input external delay                                             0.000     0.000
X~4.inpad[0] (.input)                                            0.000     0.000
S~4.D[0] (.latch)                                                0.169     0.169
data arrival time                                                          0.169

clock clk (rise edge)                                            0.000     0.000
clock source latency                                             0.000     0.000
clk.inpad[0] (.input)                                            0.000     0.000
S~4.clk[0] (.latch)                                              0.000     0.000
clock uncertainty                                                0.000     0.000
cell hold time                                                   0.066     0.066
data required time                                                         0.066
--------------------------------------------------------------------------------
data required time                                                        -0.066
data arrival time                                                          0.169
--------------------------------------------------------------------------------
slack (MET)                                                                0.103


#Path 2
Startpoint: X~5.inpad[0] (.input clocked by clk)
Endpoint  : S~5.D[0] (.latch clocked by clk)
Path Type : hold

Point                                                             Incr      Path
--------------------------------------------------------------------------------
clock clk (rise edge)                                            0.000     0.000
clock source latency                                             0.000     0.000
input external delay                                             0.000     0.000
X~5.inpad[0] (.input)                                            0.000     0.000
S~5.D[0] (.latch)                                                0.171     0.171
data arrival time                                                          0.171

clock clk (rise edge)                                            0.000     0.000
clock source latency                                             0.000     0.000
clk.inpad[0] (.input)                                            0.000     0.000
S~5.clk[0] (.latch)                                              0.000     0.000
clock uncertainty                                                0.000     0.000
cell hold time                                                   0.066     0.066
data required time                                                         0.066
--------------------------------------------------------------------------------
data required time                                                        -0.066
data arrival time                                                          0.171
--------------------------------------------------------------------------------
slack (MET)                                                                0.105


#Path 3
Startpoint: X~6.inpad[0] (.input clocked by clk)
Endpoint  : S~6.D[0] (.latch clocked by clk)
Path Type : hold

Point                                                             Incr      Path
--------------------------------------------------------------------------------
clock clk (rise edge)                                            0.000     0.000
clock source latency                                             0.000     0.000
input external delay                                             0.000     0.000
X~6.inpad[0] (.input)                                            0.000     0.000
S~6.D[0] (.latch)                                                0.193     0.193
data arrival time                                                          0.193

clock clk (rise edge)                                            0.000     0.000
clock source latency                                             0.000     0.000
clk.inpad[0] (.input)                                            0.000     0.000
S~6.clk[0] (.latch)                                              0.000     0.000
clock uncertainty                                                0.000     0.000
cell hold time                                                   0.066     0.066
data required time                                                         0.066
--------------------------------------------------------------------------------
data required time                                                        -0.066
data arrival time                                                          0.193
--------------------------------------------------------------------------------
slack (MET)                                                                0.127


#Path 4
Startpoint: X~3.inpad[0] (.input clocked by clk)
Endpoint  : S~3.D[0] (.latch clocked by clk)
Path Type : hold

Point                                                             Incr      Path
--------------------------------------------------------------------------------
clock clk (rise edge)                                            0.000     0.000
clock source latency                                             0.000     0.000
input external delay                                             0.000     0.000
X~3.inpad[0] (.input)                                            0.000     0.000
S~3.D[0] (.latch)                                                0.285     0.285
data arrival time                                                          0.285

clock clk (rise edge)                                            0.000     0.000
clock source latency                                             0.000     0.000
clk.inpad[0] (.input)                                            0.000     0.000
S~3.clk[0] (.latch)                                              0.000     0.000
clock uncertainty                                                0.000     0.000
cell hold time                                                   0.066     0.066
data required time                                                         0.066
--------------------------------------------------------------------------------
data required time                                                        -0.066
data arrival time                                                          0.285
--------------------------------------------------------------------------------
slack (MET)                                                                0.219


#Path 5
Startpoint: X~1.inpad[0] (.input clocked by clk)
Endpoint  : S~1.D[0] (.latch clocked by clk)
Path Type : hold

Point                                                             Incr      Path
--------------------------------------------------------------------------------
clock clk (rise edge)                                            0.000     0.000
clock source latency                                             0.000     0.000
input external delay                                             0.000     0.000
X~1.inpad[0] (.input)                                            0.000     0.000
S~1.D[0] (.latch)                                                0.306     0.306
data arrival time                                                          0.306

clock clk (rise edge)                                            0.000     0.000
clock source latency                                             0.000     0.000
clk.inpad[0] (.input)                                            0.000     0.000
S~1.clk[0] (.latch)                                              0.000     0.000
clock uncertainty                                                0.000     0.000
cell hold time                                                   0.066     0.066
data required time                                                         0.066
--------------------------------------------------------------------------------
data required time                                                        -0.066
data arrival time                                                          0.306
--------------------------------------------------------------------------------
slack (MET)                                                                0.240


#Path 6
Startpoint: X~2.inpad[0] (.input clocked by clk)
Endpoint  : S~2.D[0] (.latch clocked by clk)
Path Type : hold

Point                                                             Incr      Path
--------------------------------------------------------------------------------
clock clk (rise edge)                                            0.000     0.000
clock source latency                                             0.000     0.000
input external delay                                             0.000     0.000
X~2.inpad[0] (.input)                                            0.000     0.000
S~2.D[0] (.latch)                                                0.309     0.309
data arrival time                                                          0.309

clock clk (rise edge)                                            0.000     0.000
clock source latency                                             0.000     0.000
clk.inpad[0] (.input)                                            0.000     0.000
S~2.clk[0] (.latch)                                              0.000     0.000
clock uncertainty                                                0.000     0.000
cell hold time                                                   0.066     0.066
data required time                                                         0.066
--------------------------------------------------------------------------------
data required time                                                        -0.066
data arrival time                                                          0.309
--------------------------------------------------------------------------------
slack (MET)                                                                0.243


#Path 7
Startpoint: X~0.inpad[0] (.input clocked by clk)
Endpoint  : S~0.D[0] (.latch clocked by clk)
Path Type : hold

Point                                                             Incr      Path
--------------------------------------------------------------------------------
clock clk (rise edge)                                            0.000     0.000
clock source latency                                             0.000     0.000
input external delay                                             0.000     0.000
X~0.inpad[0] (.input)                                            0.000     0.000
S~0.D[0] (.latch)                                                0.342     0.342
data arrival time                                                          0.342

clock clk (rise edge)                                            0.000     0.000
clock source latency                                             0.000     0.000
clk.inpad[0] (.input)                                            0.000     0.000
S~0.clk[0] (.latch)                                              0.000     0.000
clock uncertainty                                                0.000     0.000
cell hold time                                                   0.066     0.066
data required time                                                         0.066
--------------------------------------------------------------------------------
data required time                                                        -0.066
data arrival time                                                          0.342
--------------------------------------------------------------------------------
slack (MET)                                                                0.276


#Path 8
Startpoint: S~5.Q[0] (.latch clocked by clk)
Endpoint  : out:S~5.outpad[0] (.output clocked by clk)
Path Type : hold

Point                                                             Incr      Path
--------------------------------------------------------------------------------
clock clk (rise edge)                                            0.000     0.000
clock source latency                                             0.000     0.000
clk.inpad[0] (.input)                                            0.000     0.000
S~5.clk[0] (.latch)                                              0.000     0.000
S~5.Q[0] (.latch) [clock-to-output]                              0.124     0.124
out:S~5.outpad[0] (.output)                                      0.169     0.293
data arrival time                                                          0.293

clock clk (rise edge)                                            0.000     0.000
clock source latency                                             0.000     0.000
clock uncertainty                                                0.000     0.000
output external delay                                            0.000     0.000
data required time                                                         0.000
--------------------------------------------------------------------------------
data required time                                                        -0.000
data arrival time                                                          0.293
--------------------------------------------------------------------------------
slack (MET)                                                                0.293


#Path 9
Startpoint: S~7.Q[0] (.latch clocked by clk)
Endpoint  : out:S~7.outpad[0] (.output clocked by clk)
Path Type : hold

Point                                                             Incr      Path
--------------------------------------------------------------------------------
clock clk (rise edge)                                            0.000     0.000
clock source latency                                             0.000     0.000
clk.inpad[0] (.input)                                            0.000     0.000
S~7.clk[0] (.latch)                                              0.000     0.000
S~7.Q[0] (.latch) [clock-to-output]                              0.124     0.124
out:S~7.outpad[0] (.output)                                      0.169     0.293
data arrival time                                                          0.293

clock clk (rise edge)                                            0.000     0.000
clock source latency                                             0.000     0.000
clock uncertainty                                                0.000     0.000
output external delay                                            0.000     0.000
data required time                                                         0.000
--------------------------------------------------------------------------------
data required time                                                        -0.000
data arrival time                                                          0.293
--------------------------------------------------------------------------------
slack (MET)                                                                0.293


#Path 10
Startpoint: S~0.Q[0] (.latch clocked by clk)
Endpoint  : out:S~0.outpad[0] (.output clocked by clk)
Path Type : hold

Point                                                             Incr      Path
--------------------------------------------------------------------------------
clock clk (rise edge)                                            0.000     0.000
clock source latency                                             0.000     0.000
clk.inpad[0] (.input)                                            0.000     0.000
S~0.clk[0] (.latch)                                              0.000     0.000
S~0.Q[0] (.latch) [clock-to-output]                              0.124     0.124
out:S~0.outpad[0] (.output)                                      0.170     0.294
data arrival time                                                          0.294

clock clk (rise edge)                                            0.000     0.000
clock source latency                                             0.000     0.000
clock uncertainty                                                0.000     0.000
output external delay                                            0.000     0.000
data required time                                                         0.000
--------------------------------------------------------------------------------
data required time                                                        -0.000
data arrival time                                                          0.294
--------------------------------------------------------------------------------
slack (MET)                                                                0.294


#Path 11
Startpoint: S~1.Q[0] (.latch clocked by clk)
Endpoint  : out:S~1.outpad[0] (.output clocked by clk)
Path Type : hold

Point                                                             Incr      Path
--------------------------------------------------------------------------------
clock clk (rise edge)                                            0.000     0.000
clock source latency                                             0.000     0.000
clk.inpad[0] (.input)                                            0.000     0.000
S~1.clk[0] (.latch)                                              0.000     0.000
S~1.Q[0] (.latch) [clock-to-output]                              0.124     0.124
out:S~1.outpad[0] (.output)                                      0.170     0.294
data arrival time                                                          0.294

clock clk (rise edge)                                            0.000     0.000
clock source latency                                             0.000     0.000
clock uncertainty                                                0.000     0.000
output external delay                                            0.000     0.000
data required time                                                         0.000
--------------------------------------------------------------------------------
data required time                                                        -0.000
data arrival time                                                          0.294
--------------------------------------------------------------------------------
slack (MET)                                                                0.294


#Path 12
Startpoint: S~6.Q[0] (.latch clocked by clk)
Endpoint  : out:S~6.outpad[0] (.output clocked by clk)
Path Type : hold

Point                                                             Incr      Path
--------------------------------------------------------------------------------
clock clk (rise edge)                                            0.000     0.000
clock source latency                                             0.000     0.000
clk.inpad[0] (.input)                                            0.000     0.000
S~6.clk[0] (.latch)                                              0.000     0.000
S~6.Q[0] (.latch) [clock-to-output]                              0.124     0.124
out:S~6.outpad[0] (.output)                                      0.170     0.294
data arrival time                                                          0.294

clock clk (rise edge)                                            0.000     0.000
clock source latency                                             0.000     0.000
clock uncertainty                                                0.000     0.000
output external delay                                            0.000     0.000
data required time                                                         0.000
--------------------------------------------------------------------------------
data required time                                                        -0.000
data arrival time                                                          0.294
--------------------------------------------------------------------------------
slack (MET)                                                                0.294


#Path 13
Startpoint: Y~8.inpad[0] (.input clocked by clk)
Endpoint  : S~9.D[0] (.latch clocked by clk)
Path Type : hold

Point                                                             Incr      Path
--------------------------------------------------------------------------------
clock clk (rise edge)                                            0.000     0.000
clock source latency                                             0.000     0.000
input external delay                                             0.000     0.000
Y~8.inpad[0] (.input)                                            0.000     0.000
n140.in[0] (.names)                                              0.167     0.167
n140.out[0] (.names)                                             0.235     0.402
S~9.D[0] (.latch)                                                0.000     0.402
data arrival time                                                          0.402

clock clk (rise edge)                                            0.000     0.000
clock source latency                                             0.000     0.000
clk.inpad[0] (.input)                                            0.000     0.000
S~9.clk[0] (.latch)                                              0.000     0.000
clock uncertainty                                                0.000     0.000
cell hold time                                                   0.066     0.066
data required time                                                         0.066
--------------------------------------------------------------------------------
data required time                                                        -0.066
data arrival time                                                          0.402
--------------------------------------------------------------------------------
slack (MET)                                                                0.336


#Path 14
Startpoint: S~16.Q[0] (.latch clocked by clk)
Endpoint  : out:S~16.outpad[0] (.output clocked by clk)
Path Type : hold

Point                                                             Incr      Path
--------------------------------------------------------------------------------
clock clk (rise edge)                                            0.000     0.000
clock source latency                                             0.000     0.000
clk.inpad[0] (.input)                                            0.000     0.000
S~16.clk[0] (.latch)                                             0.000     0.000
S~16.Q[0] (.latch) [clock-to-output]                             0.124     0.124
out:S~16.outpad[0] (.output)                                     0.227     0.351
data arrival time                                                          0.351

clock clk (rise edge)                                            0.000     0.000
clock source latency                                             0.000     0.000
clock uncertainty                                                0.000     0.000
output external delay                                            0.000     0.000
data required time                                                         0.000
--------------------------------------------------------------------------------
data required time                                                        -0.000
data arrival time                                                          0.351
--------------------------------------------------------------------------------
slack (MET)                                                                0.351


#Path 15
Startpoint: S~13.Q[0] (.latch clocked by clk)
Endpoint  : out:S~13.outpad[0] (.output clocked by clk)
Path Type : hold

Point                                                             Incr      Path
--------------------------------------------------------------------------------
clock clk (rise edge)                                            0.000     0.000
clock source latency                                             0.000     0.000
clk.inpad[0] (.input)                                            0.000     0.000
S~13.clk[0] (.latch)                                             0.000     0.000
S~13.Q[0] (.latch) [clock-to-output]                             0.124     0.124
out:S~13.outpad[0] (.output)                                     0.228     0.352
data arrival time                                                          0.352

clock clk (rise edge)                                            0.000     0.000
clock source latency                                             0.000     0.000
clock uncertainty                                                0.000     0.000
output external delay                                            0.000     0.000
data required time                                                         0.000
--------------------------------------------------------------------------------
data required time                                                        -0.000
data arrival time                                                          0.352
--------------------------------------------------------------------------------
slack (MET)                                                                0.352


#Path 16
Startpoint: S~15.Q[0] (.latch clocked by clk)
Endpoint  : out:S~15.outpad[0] (.output clocked by clk)
Path Type : hold

Point                                                             Incr      Path
--------------------------------------------------------------------------------
clock clk (rise edge)                                            0.000     0.000
clock source latency                                             0.000     0.000
clk.inpad[0] (.input)                                            0.000     0.000
S~15.clk[0] (.latch)                                             0.000     0.000
S~15.Q[0] (.latch) [clock-to-output]                             0.124     0.124
out:S~15.outpad[0] (.output)                                     0.248     0.372
data arrival time                                                          0.372

clock clk (rise edge)                                            0.000     0.000
clock source latency                                             0.000     0.000
clock uncertainty                                                0.000     0.000
output external delay                                            0.000     0.000
data required time                                                         0.000
--------------------------------------------------------------------------------
data required time                                                        -0.000
data arrival time                                                          0.372
--------------------------------------------------------------------------------
slack (MET)                                                                0.372


#Path 17
Startpoint: rst.inpad[0] (.input clocked by clk)
Endpoint  : S~12.D[0] (.latch clocked by clk)
Path Type : hold

Point                                                             Incr      Path
--------------------------------------------------------------------------------
clock clk (rise edge)                                            0.000     0.000
clock source latency                                             0.000     0.000
input external delay                                             0.000     0.000
rst.inpad[0] (.input)                                            0.000     0.000
n152.in[3] (.names)                                              0.285     0.285
n152.out[0] (.names)                                             0.235     0.520
S~12.D[0] (.latch)                                               0.000     0.520
data arrival time                                                          0.520

clock clk (rise edge)                                            0.000     0.000
clock source latency                                             0.000     0.000
clk.inpad[0] (.input)                                            0.000     0.000
S~12.clk[0] (.latch)                                             0.000     0.000
clock uncertainty                                                0.000     0.000
cell hold time                                                   0.066     0.066
data required time                                                         0.066
--------------------------------------------------------------------------------
data required time                                                        -0.066
data arrival time                                                          0.520
--------------------------------------------------------------------------------
slack (MET)                                                                0.454


#Path 18
Startpoint: rst.inpad[0] (.input clocked by clk)
Endpoint  : S~14.D[0] (.latch clocked by clk)
Path Type : hold

Point                                                             Incr      Path
--------------------------------------------------------------------------------
clock clk (rise edge)                                            0.000     0.000
clock source latency                                             0.000     0.000
input external delay                                             0.000     0.000
rst.inpad[0] (.input)                                            0.000     0.000
n160.in[3] (.names)                                              0.285     0.285
n160.out[0] (.names)                                             0.235     0.520
S~14.D[0] (.latch)                                               0.000     0.520
data arrival time                                                          0.520

clock clk (rise edge)                                            0.000     0.000
clock source latency                                             0.000     0.000
clk.inpad[0] (.input)                                            0.000     0.000
S~14.clk[0] (.latch)                                             0.000     0.000
clock uncertainty                                                0.000     0.000
cell hold time                                                   0.066     0.066
data required time                                                         0.066
--------------------------------------------------------------------------------
data required time                                                        -0.066
data arrival time                                                          0.520
--------------------------------------------------------------------------------
slack (MET)                                                                0.454


#Path 19
Startpoint: S~2.Q[0] (.latch clocked by clk)
Endpoint  : out:S~2.outpad[0] (.output clocked by clk)
Path Type : hold

Point                                                             Incr      Path
--------------------------------------------------------------------------------
clock clk (rise edge)                                            0.000     0.000
clock source latency                                             0.000     0.000
clk.inpad[0] (.input)                                            0.000     0.000
S~2.clk[0] (.latch)                                              0.000     0.000
S~2.Q[0] (.latch) [clock-to-output]                              0.124     0.124
out:S~2.outpad[0] (.output)                                      0.345     0.469
data arrival time                                                          0.469

clock clk (rise edge)                                            0.000     0.000
clock source latency                                             0.000     0.000
clock uncertainty                                                0.000     0.000
output external delay                                            0.000     0.000
data required time                                                         0.000
--------------------------------------------------------------------------------
data required time                                                        -0.000
data arrival time                                                          0.469
--------------------------------------------------------------------------------
slack (MET)                                                                0.469


#Path 20
Startpoint: rst.inpad[0] (.input clocked by clk)
Endpoint  : S~15.D[0] (.latch clocked by clk)
Path Type : hold

Point                                                             Incr      Path
--------------------------------------------------------------------------------
clock clk (rise edge)                                            0.000     0.000
clock source latency                                             0.000     0.000
input external delay                                             0.000     0.000
rst.inpad[0] (.input)                                            0.000     0.000
n164.in[4] (.names)                                              0.285     0.285
n164.out[0] (.names)                                             0.261     0.546
S~15.D[0] (.latch)                                               0.000     0.546
data arrival time                                                          0.546

clock clk (rise edge)                                            0.000     0.000
clock source latency                                             0.000     0.000
clk.inpad[0] (.input)                                            0.000     0.000
S~15.clk[0] (.latch)                                             0.000     0.000
clock uncertainty                                                0.000     0.000
cell hold time                                                   0.066     0.066
data required time                                                         0.066
--------------------------------------------------------------------------------
data required time                                                        -0.066
data arrival time                                                          0.546
--------------------------------------------------------------------------------
slack (MET)                                                                0.480


#Path 21
Startpoint: S~4.Q[0] (.latch clocked by clk)
Endpoint  : out:S~4.outpad[0] (.output clocked by clk)
Path Type : hold

Point                                                             Incr      Path
--------------------------------------------------------------------------------
clock clk (rise edge)                                            0.000     0.000
clock source latency                                             0.000     0.000
clk.inpad[0] (.input)                                            0.000     0.000
S~4.clk[0] (.latch)                                              0.000     0.000
S~4.Q[0] (.latch) [clock-to-output]                              0.124     0.124
out:S~4.outpad[0] (.output)                                      0.363     0.487
data arrival time                                                          0.487

clock clk (rise edge)                                            0.000     0.000
clock source latency                                             0.000     0.000
clock uncertainty                                                0.000     0.000
output external delay                                            0.000     0.000
data required time                                                         0.000
--------------------------------------------------------------------------------
data required time                                                        -0.000
data arrival time                                                          0.487
--------------------------------------------------------------------------------
slack (MET)                                                                0.487


#Path 22
Startpoint: S~12.Q[0] (.latch clocked by clk)
Endpoint  : out:S~12.outpad[0] (.output clocked by clk)
Path Type : hold

Point                                                             Incr      Path
--------------------------------------------------------------------------------
clock clk (rise edge)                                            0.000     0.000
clock source latency                                             0.000     0.000
clk.inpad[0] (.input)                                            0.000     0.000
S~12.clk[0] (.latch)                                             0.000     0.000
S~12.Q[0] (.latch) [clock-to-output]                             0.124     0.124
out:S~12.outpad[0] (.output)                                     0.364     0.488
data arrival time                                                          0.488

clock clk (rise edge)                                            0.000     0.000
clock source latency                                             0.000     0.000
clock uncertainty                                                0.000     0.000
output external delay                                            0.000     0.000
data required time                                                         0.000
--------------------------------------------------------------------------------
data required time                                                        -0.000
data arrival time                                                          0.488
--------------------------------------------------------------------------------
slack (MET)                                                                0.488


#Path 23
Startpoint: S~3.Q[0] (.latch clocked by clk)
Endpoint  : out:S~3.outpad[0] (.output clocked by clk)
Path Type : hold

Point                                                             Incr      Path
--------------------------------------------------------------------------------
clock clk (rise edge)                                            0.000     0.000
clock source latency                                             0.000     0.000
clk.inpad[0] (.input)                                            0.000     0.000
S~3.clk[0] (.latch)                                              0.000     0.000
S~3.Q[0] (.latch) [clock-to-output]                              0.124     0.124
out:S~3.outpad[0] (.output)                                      0.399     0.523
data arrival time                                                          0.523

clock clk (rise edge)                                            0.000     0.000
clock source latency                                             0.000     0.000
clock uncertainty                                                0.000     0.000
output external delay                                            0.000     0.000
data required time                                                         0.000
--------------------------------------------------------------------------------
data required time                                                        -0.000
data arrival time                                                          0.523
--------------------------------------------------------------------------------
slack (MET)                                                                0.523


#Path 24
Startpoint: rst.inpad[0] (.input clocked by clk)
Endpoint  : S~10.D[0] (.latch clocked by clk)
Path Type : hold

Point                                                             Incr      Path
--------------------------------------------------------------------------------
clock clk (rise edge)                                            0.000     0.000
clock source latency                                             0.000     0.000
input external delay                                             0.000     0.000
rst.inpad[0] (.input)                                            0.000     0.000
n144.in[2] (.names)                                              0.378     0.378
n144.out[0] (.names)                                             0.235     0.613
S~10.D[0] (.latch)                                               0.000     0.613
data arrival time                                                          0.613

clock clk (rise edge)                                            0.000     0.000
clock source latency                                             0.000     0.000
clk.inpad[0] (.input)                                            0.000     0.000
S~10.clk[0] (.latch)                                             0.000     0.000
clock uncertainty                                                0.000     0.000
cell hold time                                                   0.066     0.066
data required time                                                         0.066
--------------------------------------------------------------------------------
data required time                                                        -0.066
data arrival time                                                          0.613
--------------------------------------------------------------------------------
slack (MET)                                                                0.547


#Path 25
Startpoint: rst.inpad[0] (.input clocked by clk)
Endpoint  : S~7.D[0] (.latch clocked by clk)
Path Type : hold

Point                                                             Incr      Path
--------------------------------------------------------------------------------
clock clk (rise edge)                                            0.000     0.000
clock source latency                                             0.000     0.000
input external delay                                             0.000     0.000
rst.inpad[0] (.input)                                            0.000     0.000
n132.in[0] (.names)                                              0.378     0.378
n132.out[0] (.names)                                             0.235     0.613
S~7.D[0] (.latch)                                                0.000     0.613
data arrival time                                                          0.613

clock clk (rise edge)                                            0.000     0.000
clock source latency                                             0.000     0.000
clk.inpad[0] (.input)                                            0.000     0.000
S~7.clk[0] (.latch)                                              0.000     0.000
clock uncertainty                                                0.000     0.000
cell hold time                                                   0.066     0.066
data required time                                                         0.066
--------------------------------------------------------------------------------
data required time                                                        -0.066
data arrival time                                                          0.613
--------------------------------------------------------------------------------
slack (MET)                                                                0.547


#Path 26
Startpoint: S~14.Q[0] (.latch clocked by clk)
Endpoint  : out:S~14.outpad[0] (.output clocked by clk)
Path Type : hold

Point                                                             Incr      Path
--------------------------------------------------------------------------------
clock clk (rise edge)                                            0.000     0.000
clock source latency                                             0.000     0.000
clk.inpad[0] (.input)                                            0.000     0.000
S~14.clk[0] (.latch)                                             0.000     0.000
S~14.Q[0] (.latch) [clock-to-output]                             0.124     0.124
out:S~14.outpad[0] (.output)                                     0.438     0.562
data arrival time                                                          0.562

clock clk (rise edge)                                            0.000     0.000
clock source latency                                             0.000     0.000
clock uncertainty                                                0.000     0.000
output external delay                                            0.000     0.000
data required time                                                         0.000
--------------------------------------------------------------------------------
data required time                                                        -0.000
data arrival time                                                          0.562
--------------------------------------------------------------------------------
slack (MET)                                                                0.562


#Path 27
Startpoint: rst.inpad[0] (.input clocked by clk)
Endpoint  : S~13.D[0] (.latch clocked by clk)
Path Type : hold

Point                                                             Incr      Path
--------------------------------------------------------------------------------
clock clk (rise edge)                                            0.000     0.000
clock source latency                                             0.000     0.000
input external delay                                             0.000     0.000
rst.inpad[0] (.input)                                            0.000     0.000
n156.in[0] (.names)                                              0.401     0.401
n156.out[0] (.names)                                             0.235     0.636
S~13.D[0] (.latch)                                               0.000     0.636
data arrival time                                                          0.636

clock clk (rise edge)                                            0.000     0.000
clock source latency                                             0.000     0.000
clk.inpad[0] (.input)                                            0.000     0.000
S~13.clk[0] (.latch)                                             0.000     0.000
clock uncertainty                                                0.000     0.000
cell hold time                                                   0.066     0.066
data required time                                                         0.066
--------------------------------------------------------------------------------
data required time                                                        -0.066
data arrival time                                                          0.636
--------------------------------------------------------------------------------
slack (MET)                                                                0.570


#Path 28
Startpoint: Y~12.inpad[0] (.input clocked by clk)
Endpoint  : S~16.D[0] (.latch clocked by clk)
Path Type : hold

Point                                                             Incr      Path
--------------------------------------------------------------------------------
clock clk (rise edge)                                            0.000     0.000
clock source latency                                             0.000     0.000
input external delay                                             0.000     0.000
Y~12.inpad[0] (.input)                                           0.000     0.000
new_new_n165.in[2] (.names)                                      0.150     0.150
new_new_n165.out[0] (.names)                                     0.235     0.385
n168.in[1] (.names)                                              0.000     0.385
n168.out[0] (.names)                                             0.261     0.646
S~16.D[0] (.latch)                                               0.000     0.646
data arrival time                                                          0.646

clock clk (rise edge)                                            0.000     0.000
clock source latency                                             0.000     0.000
clk.inpad[0] (.input)                                            0.000     0.000
S~16.clk[0] (.latch)                                             0.000     0.000
clock uncertainty                                                0.000     0.000
cell hold time                                                   0.066     0.066
data required time                                                         0.066
--------------------------------------------------------------------------------
data required time                                                        -0.066
data arrival time                                                          0.646
--------------------------------------------------------------------------------
slack (MET)                                                                0.580


#Path 29
Startpoint: S~8.Q[0] (.latch clocked by clk)
Endpoint  : out:S~8.outpad[0] (.output clocked by clk)
Path Type : hold

Point                                                             Incr      Path
--------------------------------------------------------------------------------
clock clk (rise edge)                                            0.000     0.000
clock source latency                                             0.000     0.000
clk.inpad[0] (.input)                                            0.000     0.000
S~8.clk[0] (.latch)                                              0.000     0.000
S~8.Q[0] (.latch) [clock-to-output]                              0.124     0.124
out:S~8.outpad[0] (.output)                                      0.456     0.580
data arrival time                                                          0.580

clock clk (rise edge)                                            0.000     0.000
clock source latency                                             0.000     0.000
clock uncertainty                                                0.000     0.000
output external delay                                            0.000     0.000
data required time                                                         0.000
--------------------------------------------------------------------------------
data required time                                                        -0.000
data arrival time                                                          0.580
--------------------------------------------------------------------------------
slack (MET)                                                                0.580


#Path 30
Startpoint: rst.inpad[0] (.input clocked by clk)
Endpoint  : S~11.D[0] (.latch clocked by clk)
Path Type : hold

Point                                                             Incr      Path
--------------------------------------------------------------------------------
clock clk (rise edge)                                            0.000     0.000
clock source latency                                             0.000     0.000
input external delay                                             0.000     0.000
rst.inpad[0] (.input)                                            0.000     0.000
n148.in[3] (.names)                                              0.285     0.285
n148.out[0] (.names)                                             0.235     0.520
S~11.D[0] (.latch)                                               0.191     0.711
data arrival time                                                          0.711

clock clk (rise edge)                                            0.000     0.000
clock source latency                                             0.000     0.000
clk.inpad[0] (.input)                                            0.000     0.000
S~11.clk[0] (.latch)                                             0.000     0.000
clock uncertainty                                                0.000     0.000
cell hold time                                                   0.066     0.066
data required time                                                         0.066
--------------------------------------------------------------------------------
data required time                                                        -0.066
data arrival time                                                          0.711
--------------------------------------------------------------------------------
slack (MET)                                                                0.645


#Path 31
Startpoint: S~10.Q[0] (.latch clocked by clk)
Endpoint  : out:S~10.outpad[0] (.output clocked by clk)
Path Type : hold

Point                                                             Incr      Path
--------------------------------------------------------------------------------
clock clk (rise edge)                                            0.000     0.000
clock source latency                                             0.000     0.000
clk.inpad[0] (.input)                                            0.000     0.000
S~10.clk[0] (.latch)                                             0.000     0.000
S~10.Q[0] (.latch) [clock-to-output]                             0.124     0.124
out:S~10.outpad[0] (.output)                                     0.525     0.649
data arrival time                                                          0.649

clock clk (rise edge)                                            0.000     0.000
clock source latency                                             0.000     0.000
clock uncertainty                                                0.000     0.000
output external delay                                            0.000     0.000
data required time                                                         0.000
--------------------------------------------------------------------------------
data required time                                                        -0.000
data arrival time                                                          0.649
--------------------------------------------------------------------------------
slack (MET)                                                                0.649


#Path 32
Startpoint: S~11.Q[0] (.latch clocked by clk)
Endpoint  : out:S~11.outpad[0] (.output clocked by clk)
Path Type : hold

Point                                                             Incr      Path
--------------------------------------------------------------------------------
clock clk (rise edge)                                            0.000     0.000
clock source latency                                             0.000     0.000
clk.inpad[0] (.input)                                            0.000     0.000
S~11.clk[0] (.latch)                                             0.000     0.000
S~11.Q[0] (.latch) [clock-to-output]                             0.124     0.124
out:S~11.outpad[0] (.output)                                     0.526     0.650
data arrival time                                                          0.650

clock clk (rise edge)                                            0.000     0.000
clock source latency                                             0.000     0.000
clock uncertainty                                                0.000     0.000
output external delay                                            0.000     0.000
data required time                                                         0.000
--------------------------------------------------------------------------------
data required time                                                        -0.000
data arrival time                                                          0.650
--------------------------------------------------------------------------------
slack (MET)                                                                0.650


#Path 33
Startpoint: S~9.Q[0] (.latch clocked by clk)
Endpoint  : out:S~9.outpad[0] (.output clocked by clk)
Path Type : hold

Point                                                             Incr      Path
--------------------------------------------------------------------------------
clock clk (rise edge)                                            0.000     0.000
clock source latency                                             0.000     0.000
clk.inpad[0] (.input)                                            0.000     0.000
S~9.clk[0] (.latch)                                              0.000     0.000
S~9.Q[0] (.latch) [clock-to-output]                              0.124     0.124
out:S~9.outpad[0] (.output)                                      0.536     0.660
data arrival time                                                          0.660

clock clk (rise edge)                                            0.000     0.000
clock source latency                                             0.000     0.000
clock uncertainty                                                0.000     0.000
output external delay                                            0.000     0.000
data required time                                                         0.000
--------------------------------------------------------------------------------
data required time                                                        -0.000
data arrival time                                                          0.660
--------------------------------------------------------------------------------
slack (MET)                                                                0.660


#Path 34
Startpoint: rst.inpad[0] (.input clocked by clk)
Endpoint  : S~8.D[0] (.latch clocked by clk)
Path Type : hold

Point                                                             Incr      Path
--------------------------------------------------------------------------------
clock clk (rise edge)                                            0.000     0.000
clock source latency                                             0.000     0.000
input external delay                                             0.000     0.000
rst.inpad[0] (.input)                                            0.000     0.000
n136.in[4] (.names)                                              0.380     0.380
n136.out[0] (.names)                                             0.261     0.641
S~8.D[0] (.latch)                                                0.258     0.899
data arrival time                                                          0.899

clock clk (rise edge)                                            0.000     0.000
clock source latency                                             0.000     0.000
clk.inpad[0] (.input)                                            0.000     0.000
S~8.clk[0] (.latch)                                              0.000     0.000
clock uncertainty                                                0.000     0.000
cell hold time                                                   0.066     0.066
data required time                                                         0.066
--------------------------------------------------------------------------------
data required time                                                        -0.066
data arrival time                                                          0.899
--------------------------------------------------------------------------------
slack (MET)                                                                0.833


#End of timing report
