#! /usr/bin/vvp
:ivl_version "12.0 (stable)";
:ivl_delay_selection "TYPICAL";
:vpi_time_precision + 0;
:vpi_module "/usr/lib/x86_64-linux-gnu/ivl/system.vpi";
:vpi_module "/usr/lib/x86_64-linux-gnu/ivl/vhdl_sys.vpi";
:vpi_module "/usr/lib/x86_64-linux-gnu/ivl/vhdl_textio.vpi";
:vpi_module "/usr/lib/x86_64-linux-gnu/ivl/v2005_math.vpi";
:vpi_module "/usr/lib/x86_64-linux-gnu/ivl/va_math.vpi";
S_0x5587ed7df1c0 .scope module, "tb_CSkipA_16b" "tb_CSkipA_16b" 2 1;
 .timescale 0 0;
v0x5587ed808600_0 .var "a", 15 0;
v0x5587ed808700_0 .var "b", 15 0;
v0x5587ed8087e0_0 .var "clk", 0 0;
v0x5587ed808880_0 .var/i "i", 31 0;
v0x5587ed808920 .array "memA", 999999 0, 15 0;
v0x5587ed8089e0 .array "memB", 999999 0, 15 0;
v0x5587ed808aa0_0 .var/i "out_file", 31 0;
v0x5587ed808b80_0 .var "rst", 0 0;
v0x5587ed808c20_0 .net "sum", 16 0, L_0x5587ed826060;  1 drivers
L_0x5587ed823800 .part v0x5587ed808600_0, 4, 1;
L_0x5587ed823930 .part v0x5587ed808600_0, 0, 1;
L_0x5587ed823a60 .part v0x5587ed808600_0, 1, 1;
L_0x5587ed823b90 .part v0x5587ed808600_0, 2, 1;
L_0x5587ed823cf0 .part v0x5587ed808600_0, 3, 1;
L_0x5587ed823d90 .part v0x5587ed808600_0, 5, 1;
L_0x5587ed823f00 .part v0x5587ed808600_0, 8, 1;
L_0x5587ed824030 .part v0x5587ed808600_0, 6, 1;
L_0x5587ed8241b0 .part v0x5587ed808600_0, 7, 1;
L_0x5587ed824250 .part v0x5587ed808700_0, 0, 1;
L_0x5587ed824350 .part v0x5587ed808700_0, 1, 1;
L_0x5587ed8243f0 .part v0x5587ed808700_0, 2, 1;
L_0x5587ed824500 .part v0x5587ed808700_0, 3, 1;
L_0x5587ed8245a0 .part v0x5587ed808700_0, 4, 1;
L_0x5587ed824750 .part v0x5587ed808700_0, 5, 1;
L_0x5587ed824880 .part v0x5587ed808600_0, 15, 1;
L_0x5587ed8249b0 .part v0x5587ed808600_0, 14, 1;
L_0x5587ed824a50 .part v0x5587ed808700_0, 13, 1;
L_0x5587ed824c20 .part v0x5587ed808700_0, 12, 1;
L_0x5587ed824cc0 .part v0x5587ed808700_0, 11, 1;
L_0x5587ed824b80 .part v0x5587ed808700_0, 10, 1;
L_0x5587ed824e10 .part v0x5587ed808700_0, 9, 1;
L_0x5587ed825000 .part v0x5587ed808700_0, 8, 1;
L_0x5587ed825130 .part v0x5587ed808700_0, 7, 1;
L_0x5587ed8252a0 .part v0x5587ed808700_0, 6, 1;
L_0x5587ed8253d0 .part v0x5587ed808700_0, 15, 1;
L_0x5587ed825550 .part v0x5587ed808700_0, 14, 1;
L_0x5587ed8255f0 .part v0x5587ed808600_0, 9, 1;
L_0x5587ed825810 .part v0x5587ed808600_0, 10, 1;
L_0x5587ed825940 .part v0x5587ed808600_0, 11, 1;
L_0x5587ed825b70 .part v0x5587ed808600_0, 12, 1;
L_0x5587ed825c10 .part v0x5587ed808600_0, 13, 1;
LS_0x5587ed826060_0_0 .concat8 [ 1 1 1 1], v0x5587ed8073a0_0, v0x5587ed807460_0, v0x5587ed8079a0_0, v0x5587ed807a60_0;
LS_0x5587ed826060_0_4 .concat8 [ 1 1 1 1], v0x5587ed807b20_0, v0x5587ed807be0_0, v0x5587ed807ca0_0, v0x5587ed807d60_0;
LS_0x5587ed826060_0_8 .concat8 [ 1 1 1 1], v0x5587ed807e20_0, v0x5587ed807ee0_0, v0x5587ed807520_0, v0x5587ed8075e0_0;
LS_0x5587ed826060_0_12 .concat8 [ 1 1 1 1], v0x5587ed8076a0_0, v0x5587ed807760_0, v0x5587ed807820_0, v0x5587ed8078e0_0;
LS_0x5587ed826060_0_16 .concat8 [ 1 0 0 0], v0x5587ed805210_0;
LS_0x5587ed826060_1_0 .concat8 [ 4 4 4 4], LS_0x5587ed826060_0_0, LS_0x5587ed826060_0_4, LS_0x5587ed826060_0_8, LS_0x5587ed826060_0_12;
LS_0x5587ed826060_1_4 .concat8 [ 1 0 0 0], LS_0x5587ed826060_0_16;
L_0x5587ed826060 .concat8 [ 16 1 0 0], LS_0x5587ed826060_1_0, LS_0x5587ed826060_1_4;
S_0x5587ed787310 .scope module, "UUT" "CSkipA_16b" 2 15, 3 3 0, S_0x5587ed7df1c0;
 .timescale 0 0;
    .port_info 0 /INPUT 1 "a~4";
    .port_info 1 /INPUT 1 "a~0";
    .port_info 2 /INPUT 1 "a~1";
    .port_info 3 /INPUT 1 "a~2";
    .port_info 4 /INPUT 1 "a~3";
    .port_info 5 /INPUT 1 "a~5";
    .port_info 6 /INPUT 1 "a~8";
    .port_info 7 /INPUT 1 "a~6";
    .port_info 8 /INPUT 1 "a~7";
    .port_info 9 /INPUT 1 "b~0";
    .port_info 10 /INPUT 1 "b~1";
    .port_info 11 /INPUT 1 "b~2";
    .port_info 12 /INPUT 1 "b~3";
    .port_info 13 /INPUT 1 "b~4";
    .port_info 14 /INPUT 1 "b~5";
    .port_info 15 /INPUT 1 "a~15";
    .port_info 16 /INPUT 1 "a~14";
    .port_info 17 /INPUT 1 "b~13";
    .port_info 18 /INPUT 1 "b~12";
    .port_info 19 /INPUT 1 "b~11";
    .port_info 20 /INPUT 1 "b~10";
    .port_info 21 /INPUT 1 "b~9";
    .port_info 22 /INPUT 1 "b~8";
    .port_info 23 /INPUT 1 "b~7";
    .port_info 24 /INPUT 1 "b~6";
    .port_info 25 /INPUT 1 "rst";
    .port_info 26 /INPUT 1 "clk";
    .port_info 27 /INPUT 1 "b~15";
    .port_info 28 /INPUT 1 "b~14";
    .port_info 29 /INPUT 1 "a~9";
    .port_info 30 /INPUT 1 "a~10";
    .port_info 31 /INPUT 1 "a~11";
    .port_info 32 /INPUT 1 "a~12";
    .port_info 33 /INPUT 1 "a~13";
    .port_info 34 /OUTPUT 1 "sum~13";
    .port_info 35 /OUTPUT 1 "sum~14";
    .port_info 36 /OUTPUT 1 "sum~15";
    .port_info 37 /OUTPUT 1 "cout";
    .port_info 38 /OUTPUT 1 "sum~3";
    .port_info 39 /OUTPUT 1 "sum~2";
    .port_info 40 /OUTPUT 1 "sum~1";
    .port_info 41 /OUTPUT 1 "sum~0";
    .port_info 42 /OUTPUT 1 "sum~11";
    .port_info 43 /OUTPUT 1 "sum~10";
    .port_info 44 /OUTPUT 1 "sum~9";
    .port_info 45 /OUTPUT 1 "sum~8";
    .port_info 46 /OUTPUT 1 "sum~7";
    .port_info 47 /OUTPUT 1 "sum~6";
    .port_info 48 /OUTPUT 1 "sum~5";
    .port_info 49 /OUTPUT 1 "sum~4";
    .port_info 50 /OUTPUT 1 "sum~12";
L_0x5587ed7daf40 .functor BUFZ 1, L_0x5587ed823a60, C4<0>, C4<0>, C4<0>;
L_0x5587ed7db280 .functor BUFZ 1, L_0x5587ed823930, C4<0>, C4<0>, C4<0>;
L_0x7fd416b48018 .functor BUFT 1, C4<0001010001000001>, C4<0>, C4<0>, C4<0>;
v0x5587ed7e7850_0 .net/2u *"_ivl_0", 15 0, L_0x7fd416b48018;  1 drivers
v0x5587ed7e7bc0_0 .net *"_ivl_10", 3 0, L_0x5587ed819070;  1 drivers
v0x5587ed7e7f30_0 .net *"_ivl_100", 15 0, L_0x5587ed81c2e0;  1 drivers
L_0x7fd416b483c0 .functor BUFT 1, C4<0001010001000001>, C4<0>, C4<0>, C4<0>;
v0x5587ed7e5960_0 .net/2u *"_ivl_104", 15 0, L_0x7fd416b483c0;  1 drivers
v0x5587ed7e5cd0_0 .net *"_ivl_106", 3 0, L_0x5587ed81c6a0;  1 drivers
v0x5587ed7e6040_0 .net *"_ivl_108", 15 0, L_0x5587ed81c890;  1 drivers
L_0x7fd416b48408 .functor BUFT 1, C4<0000001100010111000000110001011100000011000101110001011100111111>, C4<0>, C4<0>, C4<0>;
v0x5587ed7e63b0_0 .net/2u *"_ivl_112", 63 0, L_0x7fd416b48408;  1 drivers
v0x5587ed7fea90_0 .net *"_ivl_114", 5 0, L_0x5587ed81cc50;  1 drivers
v0x5587ed7feb70_0 .net *"_ivl_116", 63 0, L_0x5587ed81ce20;  1 drivers
v0x5587ed7fec50_0 .net *"_ivl_12", 15 0, L_0x5587ed819230;  1 drivers
L_0x7fd416b48450 .functor BUFT 1, C4<0001010001000001>, C4<0>, C4<0>, C4<0>;
v0x5587ed7fed30_0 .net/2u *"_ivl_120", 15 0, L_0x7fd416b48450;  1 drivers
v0x5587ed7fee10_0 .net *"_ivl_122", 3 0, L_0x5587ed81d170;  1 drivers
v0x5587ed7feef0_0 .net *"_ivl_124", 15 0, L_0x5587ed81d3c0;  1 drivers
L_0x7fd416b48498 .functor BUFT 1, C4<00101011>, C4<0>, C4<0>, C4<0>;
v0x5587ed7fefd0_0 .net/2u *"_ivl_128", 7 0, L_0x7fd416b48498;  1 drivers
v0x5587ed7ff0b0_0 .net *"_ivl_130", 2 0, L_0x5587ed81d7b0;  1 drivers
v0x5587ed7ff190_0 .net *"_ivl_132", 7 0, L_0x5587ed81d920;  1 drivers
L_0x7fd416b484e0 .functor BUFT 1, C4<0000000011010100000000000010101100000000001010110000000011010100>, C4<0>, C4<0>, C4<0>;
v0x5587ed7ff270_0 .net/2u *"_ivl_136", 63 0, L_0x7fd416b484e0;  1 drivers
v0x5587ed7ff350_0 .net *"_ivl_138", 5 0, L_0x5587ed81dd40;  1 drivers
v0x5587ed7ff430_0 .net *"_ivl_140", 63 0, L_0x5587ed81e070;  1 drivers
L_0x7fd416b48528 .functor BUFT 1, C4<0001010001000001>, C4<0>, C4<0>, C4<0>;
v0x5587ed7ff510_0 .net/2u *"_ivl_144", 15 0, L_0x7fd416b48528;  1 drivers
v0x5587ed7ff5f0_0 .net *"_ivl_146", 3 0, L_0x5587ed81e3c0;  1 drivers
v0x5587ed7ff6d0_0 .net *"_ivl_148", 15 0, L_0x5587ed81e490;  1 drivers
L_0x7fd416b48570 .functor BUFT 1, C4<0001>, C4<0>, C4<0>, C4<0>;
v0x5587ed7ff7b0_0 .net/2u *"_ivl_152", 3 0, L_0x7fd416b48570;  1 drivers
v0x5587ed7ff890_0 .net *"_ivl_154", 1 0, L_0x5587ed81e8c0;  1 drivers
v0x5587ed7ff970_0 .net *"_ivl_156", 3 0, L_0x5587ed81eba0;  1 drivers
L_0x7fd416b480a8 .functor BUFT 1, C4<0001010001000001>, C4<0>, C4<0>, C4<0>;
v0x5587ed7ffa50_0 .net/2u *"_ivl_16", 15 0, L_0x7fd416b480a8;  1 drivers
L_0x7fd416b485b8 .functor BUFT 1, C4<1111110011010100110101001100000000000000000000000000000000000000>, C4<0>, C4<0>, C4<0>;
v0x5587ed7ffb30_0 .net/2u *"_ivl_160", 63 0, L_0x7fd416b485b8;  1 drivers
v0x5587ed7ffc10_0 .net *"_ivl_162", 5 0, L_0x5587ed81f040;  1 drivers
v0x5587ed7ffcf0_0 .net *"_ivl_164", 63 0, L_0x5587ed81f120;  1 drivers
L_0x7fd416b48600 .functor BUFT 1, C4<0110>, C4<0>, C4<0>, C4<0>;
v0x5587ed7ffdd0_0 .net/2u *"_ivl_168", 3 0, L_0x7fd416b48600;  1 drivers
v0x5587ed7ffeb0_0 .net *"_ivl_170", 1 0, L_0x5587ed81f550;  1 drivers
v0x5587ed7fff90_0 .net *"_ivl_172", 3 0, L_0x5587ed81f8a0;  1 drivers
L_0x7fd416b48648 .functor BUFT 1, C4<1000>, C4<0>, C4<0>, C4<0>;
v0x5587ed800070_0 .net/2u *"_ivl_176", 3 0, L_0x7fd416b48648;  1 drivers
v0x5587ed800360_0 .net *"_ivl_178", 1 0, L_0x5587ed81fd40;  1 drivers
v0x5587ed800440_0 .net *"_ivl_18", 3 0, L_0x5587ed819520;  1 drivers
v0x5587ed800520_0 .net *"_ivl_180", 3 0, L_0x5587ed81fde0;  1 drivers
L_0x7fd416b48690 .functor BUFT 1, C4<0000000011010100000000000010101100000000001010110000000011010100>, C4<0>, C4<0>, C4<0>;
v0x5587ed800600_0 .net/2u *"_ivl_184", 63 0, L_0x7fd416b48690;  1 drivers
v0x5587ed8006e0_0 .net *"_ivl_186", 5 0, L_0x5587ed820290;  1 drivers
v0x5587ed8007c0_0 .net *"_ivl_188", 63 0, L_0x5587ed820650;  1 drivers
L_0x7fd416b486d8 .functor BUFT 1, C4<0001010001000001>, C4<0>, C4<0>, C4<0>;
v0x5587ed8008a0_0 .net/2u *"_ivl_192", 15 0, L_0x7fd416b486d8;  1 drivers
v0x5587ed800980_0 .net *"_ivl_194", 3 0, L_0x5587ed820ad0;  1 drivers
v0x5587ed800a60_0 .net *"_ivl_196", 15 0, L_0x5587ed820b70;  1 drivers
v0x5587ed800b40_0 .net *"_ivl_2", 3 0, L_0x5587ed818d10;  1 drivers
v0x5587ed800c20_0 .net *"_ivl_20", 15 0, L_0x5587ed819620;  1 drivers
L_0x7fd416b48720 .functor BUFT 1, C4<0000000101010111000000010101011100000001010101110001010101111111>, C4<0>, C4<0>, C4<0>;
v0x5587ed800d00_0 .net/2u *"_ivl_200", 63 0, L_0x7fd416b48720;  1 drivers
v0x5587ed800de0_0 .net *"_ivl_202", 5 0, L_0x5587ed821000;  1 drivers
v0x5587ed800ec0_0 .net *"_ivl_204", 63 0, L_0x5587ed8213f0;  1 drivers
L_0x7fd416b48768 .functor BUFT 1, C4<0000000011010100000000000010101100000000001010110000000011010100>, C4<0>, C4<0>, C4<0>;
v0x5587ed800fa0_0 .net/2u *"_ivl_208", 63 0, L_0x7fd416b48768;  1 drivers
v0x5587ed801080_0 .net *"_ivl_210", 5 0, L_0x5587ed8218f0;  1 drivers
v0x5587ed801160_0 .net *"_ivl_212", 63 0, L_0x5587ed821a70;  1 drivers
L_0x7fd416b487b0 .functor BUFT 1, C4<0001010001000001>, C4<0>, C4<0>, C4<0>;
v0x5587ed801240_0 .net/2u *"_ivl_216", 15 0, L_0x7fd416b487b0;  1 drivers
v0x5587ed801320_0 .net *"_ivl_218", 3 0, L_0x5587ed821f30;  1 drivers
v0x5587ed801400_0 .net *"_ivl_220", 15 0, L_0x5587ed8222d0;  1 drivers
L_0x7fd416b487f8 .functor BUFT 1, C4<00000011001010110010101100111111>, C4<0>, C4<0>, C4<0>;
v0x5587ed8014e0_0 .net/2u *"_ivl_224", 31 0, L_0x7fd416b487f8;  1 drivers
v0x5587ed8015c0_0 .net *"_ivl_226", 4 0, L_0x5587ed8227e0;  1 drivers
v0x5587ed8016a0_0 .net *"_ivl_228", 31 0, L_0x5587ed8229a0;  1 drivers
L_0x7fd416b48840 .functor BUFT 1, C4<0000000011010100>, C4<0>, C4<0>, C4<0>;
v0x5587ed801780_0 .net/2u *"_ivl_232", 15 0, L_0x7fd416b48840;  1 drivers
v0x5587ed801860_0 .net *"_ivl_234", 3 0, L_0x5587ed822ee0;  1 drivers
v0x5587ed801940_0 .net *"_ivl_236", 15 0, L_0x5587ed8232f0;  1 drivers
L_0x7fd416b480f0 .functor BUFT 1, C4<0000001100010111000101110011111100010111001111110001011100111111>, C4<0>, C4<0>, C4<0>;
v0x5587ed801a20_0 .net/2u *"_ivl_24", 63 0, L_0x7fd416b480f0;  1 drivers
v0x5587ed801b00_0 .net *"_ivl_26", 5 0, L_0x5587ed819920;  1 drivers
v0x5587ed801be0_0 .net *"_ivl_28", 63 0, L_0x5587ed819c00;  1 drivers
L_0x7fd416b48138 .functor BUFT 1, C4<0000000011010100000000000010101100000000001010110000000011010100>, C4<0>, C4<0>, C4<0>;
v0x5587ed801cc0_0 .net/2u *"_ivl_32", 63 0, L_0x7fd416b48138;  1 drivers
v0x5587ed801da0_0 .net *"_ivl_34", 5 0, L_0x5587ed819ef0;  1 drivers
v0x5587ed801e80_0 .net *"_ivl_36", 63 0, L_0x5587ed81a030;  1 drivers
v0x5587ed802370_0 .net *"_ivl_4", 15 0, L_0x5587ed818e10;  1 drivers
L_0x7fd416b48180 .functor BUFT 1, C4<0001010001000001>, C4<0>, C4<0>, C4<0>;
v0x5587ed802450_0 .net/2u *"_ivl_40", 15 0, L_0x7fd416b48180;  1 drivers
v0x5587ed802530_0 .net *"_ivl_42", 3 0, L_0x5587ed81a290;  1 drivers
v0x5587ed802610_0 .net *"_ivl_44", 15 0, L_0x5587ed81a3c0;  1 drivers
L_0x7fd416b481c8 .functor BUFT 1, C4<00000011001010110010101100111111>, C4<0>, C4<0>, C4<0>;
v0x5587ed8026f0_0 .net/2u *"_ivl_48", 31 0, L_0x7fd416b481c8;  1 drivers
v0x5587ed8027d0_0 .net *"_ivl_50", 4 0, L_0x5587ed81a690;  1 drivers
v0x5587ed8028b0_0 .net *"_ivl_52", 31 0, L_0x5587ed81a780;  1 drivers
L_0x7fd416b48210 .functor BUFT 1, C4<00001110000000010000000100001110>, C4<0>, C4<0>, C4<0>;
v0x5587ed802990_0 .net/2u *"_ivl_56", 31 0, L_0x7fd416b48210;  1 drivers
v0x5587ed802a70_0 .net *"_ivl_58", 4 0, L_0x5587ed81aa10;  1 drivers
v0x5587ed802b50_0 .net *"_ivl_60", 31 0, L_0x5587ed81ab70;  1 drivers
L_0x7fd416b48258 .functor BUFT 1, C4<1111110011010100110101001100000000000000000000000000000000000000>, C4<0>, C4<0>, C4<0>;
v0x5587ed802c30_0 .net/2u *"_ivl_64", 63 0, L_0x7fd416b48258;  1 drivers
v0x5587ed802d10_0 .net *"_ivl_66", 5 0, L_0x5587ed81af00;  1 drivers
v0x5587ed802df0_0 .net *"_ivl_68", 63 0, L_0x5587ed81b0f0;  1 drivers
L_0x7fd416b482a0 .functor BUFT 1, C4<0110>, C4<0>, C4<0>, C4<0>;
v0x5587ed802ed0_0 .net/2u *"_ivl_72", 3 0, L_0x7fd416b482a0;  1 drivers
v0x5587ed802fb0_0 .net *"_ivl_74", 1 0, L_0x5587ed81b390;  1 drivers
v0x5587ed803090_0 .net *"_ivl_76", 3 0, L_0x5587ed81b5c0;  1 drivers
L_0x7fd416b48060 .functor BUFT 1, C4<0001011101110111>, C4<0>, C4<0>, C4<0>;
v0x5587ed803170_0 .net/2u *"_ivl_8", 15 0, L_0x7fd416b48060;  1 drivers
L_0x7fd416b482e8 .functor BUFT 1, C4<1000>, C4<0>, C4<0>, C4<0>;
v0x5587ed803250_0 .net/2u *"_ivl_80", 3 0, L_0x7fd416b482e8;  1 drivers
v0x5587ed803330_0 .net *"_ivl_82", 1 0, L_0x5587ed81b940;  1 drivers
v0x5587ed803410_0 .net *"_ivl_84", 3 0, L_0x5587ed81b9e0;  1 drivers
L_0x7fd416b48330 .functor BUFT 1, C4<0001010001000001>, C4<0>, C4<0>, C4<0>;
v0x5587ed8034f0_0 .net/2u *"_ivl_88", 15 0, L_0x7fd416b48330;  1 drivers
v0x5587ed8035d0_0 .net *"_ivl_90", 3 0, L_0x5587ed81bd70;  1 drivers
v0x5587ed8036b0_0 .net *"_ivl_92", 15 0, L_0x5587ed81bf30;  1 drivers
L_0x7fd416b48378 .functor BUFT 1, C4<0001000100010111>, C4<0>, C4<0>, C4<0>;
v0x5587ed803790_0 .net/2u *"_ivl_96", 15 0, L_0x7fd416b48378;  1 drivers
v0x5587ed803870_0 .net *"_ivl_98", 3 0, L_0x5587ed81be10;  1 drivers
v0x5587ed803950_0 .net "a~0", 0 0, L_0x5587ed823930;  1 drivers
v0x5587ed803a10_0 .net "a~1", 0 0, L_0x5587ed823a60;  1 drivers
v0x5587ed803ad0_0 .net "a~10", 0 0, L_0x5587ed825810;  1 drivers
v0x5587ed803b90_0 .net "a~11", 0 0, L_0x5587ed825940;  1 drivers
v0x5587ed803c50_0 .net "a~12", 0 0, L_0x5587ed825b70;  1 drivers
v0x5587ed803d10_0 .net "a~13", 0 0, L_0x5587ed825c10;  1 drivers
v0x5587ed803dd0_0 .net "a~14", 0 0, L_0x5587ed8249b0;  1 drivers
v0x5587ed803e90_0 .net "a~15", 0 0, L_0x5587ed824880;  1 drivers
v0x5587ed803f50_0 .net "a~2", 0 0, L_0x5587ed823b90;  1 drivers
v0x5587ed804010_0 .net "a~3", 0 0, L_0x5587ed823cf0;  1 drivers
v0x5587ed8040d0_0 .net "a~4", 0 0, L_0x5587ed823800;  1 drivers
v0x5587ed804190_0 .net "a~5", 0 0, L_0x5587ed823d90;  1 drivers
v0x5587ed804250_0 .net "a~6", 0 0, L_0x5587ed824030;  1 drivers
v0x5587ed804310_0 .net "a~7", 0 0, L_0x5587ed8241b0;  1 drivers
v0x5587ed8043d0_0 .net "a~8", 0 0, L_0x5587ed823f00;  1 drivers
v0x5587ed804490_0 .net "a~9", 0 0, L_0x5587ed8255f0;  1 drivers
v0x5587ed804550_0 .net "b~0", 0 0, L_0x5587ed824250;  1 drivers
v0x5587ed804610_0 .net "b~1", 0 0, L_0x5587ed824350;  1 drivers
v0x5587ed8046d0_0 .net "b~10", 0 0, L_0x5587ed824b80;  1 drivers
v0x5587ed804790_0 .net "b~11", 0 0, L_0x5587ed824cc0;  1 drivers
v0x5587ed804850_0 .net "b~12", 0 0, L_0x5587ed824c20;  1 drivers
v0x5587ed804910_0 .net "b~13", 0 0, L_0x5587ed824a50;  1 drivers
v0x5587ed8049d0_0 .net "b~14", 0 0, L_0x5587ed825550;  1 drivers
v0x5587ed804a90_0 .net "b~15", 0 0, L_0x5587ed8253d0;  1 drivers
v0x5587ed804b50_0 .net "b~2", 0 0, L_0x5587ed8243f0;  1 drivers
v0x5587ed804c10_0 .net "b~3", 0 0, L_0x5587ed824500;  1 drivers
v0x5587ed804cd0_0 .net "b~4", 0 0, L_0x5587ed8245a0;  1 drivers
v0x5587ed804d90_0 .net "b~5", 0 0, L_0x5587ed824750;  1 drivers
v0x5587ed804e50_0 .net "b~6", 0 0, L_0x5587ed8252a0;  1 drivers
v0x5587ed804f10_0 .net "b~7", 0 0, L_0x5587ed825130;  1 drivers
v0x5587ed804fd0_0 .net "b~8", 0 0, L_0x5587ed825000;  1 drivers
v0x5587ed805090_0 .net "b~9", 0 0, L_0x5587ed824e10;  1 drivers
v0x5587ed805150_0 .net "clk", 0 0, v0x5587ed8087e0_0;  1 drivers
v0x5587ed805210_0 .var "cout", 0 0;
v0x5587ed8052d0_0 .net "n104", 0 0, L_0x5587ed7db280;  1 drivers
v0x5587ed805390_0 .net "n108", 0 0, L_0x5587ed7daf40;  1 drivers
v0x5587ed805450_0 .net "n112", 0 0, L_0x5587ed818f80;  1 drivers
v0x5587ed805510_0 .net "n116", 0 0, L_0x5587ed8197e0;  1 drivers
v0x5587ed8055d0_0 .net "n120", 0 0, L_0x5587ed81a1a0;  1 drivers
v0x5587ed805ea0_0 .net "n124", 0 0, L_0x5587ed81a500;  1 drivers
v0x5587ed805f60_0 .net "n128", 0 0, L_0x5587ed81acb0;  1 drivers
v0x5587ed806020_0 .net "n132", 0 0, L_0x5587ed81c070;  1 drivers
v0x5587ed8060e0_0 .net "n136", 0 0, L_0x5587ed81ca00;  1 drivers
v0x5587ed8061a0_0 .net "n140", 0 0, L_0x5587ed81d530;  1 drivers
v0x5587ed806260_0 .net "n144", 0 0, L_0x5587ed81e110;  1 drivers
v0x5587ed806320_0 .net "n148", 0 0, L_0x5587ed81e7d0;  1 drivers
v0x5587ed8063e0_0 .net "n152", 0 0, L_0x5587ed820790;  1 drivers
v0x5587ed8064a0_0 .net "n156", 0 0, L_0x5587ed820f10;  1 drivers
v0x5587ed806560_0 .net "n160", 0 0, L_0x5587ed821e40;  1 drivers
v0x5587ed806620_0 .net "n164", 0 0, L_0x5587ed822440;  1 drivers
v0x5587ed8066e0_0 .net "n168", 0 0, L_0x5587ed823430;  1 drivers
v0x5587ed8067a0_0 .net "new_new_n108_1", 0 0, L_0x5587ed8193a0;  1 drivers
v0x5587ed806860_0 .net "new_new_n110", 0 0, L_0x5587ed819cf0;  1 drivers
v0x5587ed806920_0 .net "new_new_n113", 0 0, L_0x5587ed81a5f0;  1 drivers
v0x5587ed8069e0_0 .net "new_new_n115_1", 0 0, L_0x5587ed81b2a0;  1 drivers
v0x5587ed806aa0_0 .net "new_new_n116_1", 0 0, L_0x5587ed81b700;  1 drivers
v0x5587ed806b60_0 .net "new_new_n117", 0 0, L_0x5587ed81bc30;  1 drivers
v0x5587ed806c20_0 .net "new_new_n119_1", 0 0, L_0x5587ed81c560;  1 drivers
v0x5587ed806ce0_0 .net "new_new_n121", 0 0, L_0x5587ed81d030;  1 drivers
v0x5587ed806da0_0 .net "new_new_n123_1", 0 0, L_0x5587ed81dc00;  1 drivers
v0x5587ed806e60_0 .net "new_new_n126", 0 0, L_0x5587ed81ed10;  1 drivers
v0x5587ed806f20_0 .net "new_new_n127_1", 0 0, L_0x5587ed81f410;  1 drivers
v0x5587ed806fe0_0 .net "new_new_n128_1", 0 0, L_0x5587ed81f9e0;  1 drivers
v0x5587ed8070a0_0 .net "new_new_n129", 0 0, L_0x5587ed820150;  1 drivers
v0x5587ed807160_0 .net "new_new_n132_1", 0 0, L_0x5587ed821530;  1 drivers
v0x5587ed807220_0 .net "new_new_n135_1", 0 0, L_0x5587ed822da0;  1 drivers
v0x5587ed8072e0_0 .net "rst", 0 0, v0x5587ed808b80_0;  1 drivers
v0x5587ed8073a0_0 .var "sum~0", 0 0;
v0x5587ed807460_0 .var "sum~1", 0 0;
v0x5587ed807520_0 .var "sum~10", 0 0;
v0x5587ed8075e0_0 .var "sum~11", 0 0;
v0x5587ed8076a0_0 .var "sum~12", 0 0;
v0x5587ed807760_0 .var "sum~13", 0 0;
v0x5587ed807820_0 .var "sum~14", 0 0;
v0x5587ed8078e0_0 .var "sum~15", 0 0;
v0x5587ed8079a0_0 .var "sum~2", 0 0;
v0x5587ed807a60_0 .var "sum~3", 0 0;
v0x5587ed807b20_0 .var "sum~4", 0 0;
v0x5587ed807be0_0 .var "sum~5", 0 0;
v0x5587ed807ca0_0 .var "sum~6", 0 0;
v0x5587ed807d60_0 .var "sum~7", 0 0;
v0x5587ed807e20_0 .var "sum~8", 0 0;
v0x5587ed807ee0_0 .var "sum~9", 0 0;
E_0x5587ed7b0e10 .event posedge, v0x5587ed805150_0;
L_0x5587ed818d10 .concat [ 1 1 1 1], v0x5587ed808b80_0, L_0x5587ed8193a0, L_0x5587ed823b90, L_0x5587ed8243f0;
L_0x5587ed818e10 .shift/r 16, L_0x7fd416b48018, L_0x5587ed818d10;
L_0x5587ed818f80 .part L_0x5587ed818e10, 0, 1;
L_0x5587ed819070 .concat [ 1 1 1 1], L_0x5587ed823a60, L_0x5587ed824350, L_0x5587ed824250, L_0x5587ed823930;
L_0x5587ed819230 .shift/r 16, L_0x7fd416b48060, L_0x5587ed819070;
L_0x5587ed8193a0 .part L_0x5587ed819230, 0, 1;
L_0x5587ed819520 .concat [ 1 1 1 1], v0x5587ed808b80_0, L_0x5587ed819cf0, L_0x5587ed823cf0, L_0x5587ed824500;
L_0x5587ed819620 .shift/r 16, L_0x7fd416b480a8, L_0x5587ed819520;
L_0x5587ed8197e0 .part L_0x5587ed819620, 0, 1;
LS_0x5587ed819920_0_0 .concat [ 1 1 1 1], L_0x5587ed823a60, L_0x5587ed823b90, L_0x5587ed8243f0, L_0x5587ed824350;
LS_0x5587ed819920_0_4 .concat [ 1 1 0 0], L_0x5587ed824250, L_0x5587ed823930;
L_0x5587ed819920 .concat [ 4 2 0 0], LS_0x5587ed819920_0_0, LS_0x5587ed819920_0_4;
L_0x5587ed819c00 .shift/r 64, L_0x7fd416b480f0, L_0x5587ed819920;
L_0x5587ed819cf0 .part L_0x5587ed819c00, 0, 1;
LS_0x5587ed819ef0_0_0 .concat [ 1 1 1 1], L_0x5587ed819cf0, L_0x5587ed823cf0, L_0x5587ed824500, v0x5587ed808b80_0;
LS_0x5587ed819ef0_0_4 .concat [ 1 1 0 0], L_0x5587ed823800, L_0x5587ed8245a0;
L_0x5587ed819ef0 .concat [ 4 2 0 0], LS_0x5587ed819ef0_0_0, LS_0x5587ed819ef0_0_4;
L_0x5587ed81a030 .shift/r 64, L_0x7fd416b48138, L_0x5587ed819ef0;
L_0x5587ed81a1a0 .part L_0x5587ed81a030, 0, 1;
L_0x5587ed81a290 .concat [ 1 1 1 1], v0x5587ed808b80_0, L_0x5587ed81a5f0, L_0x5587ed823d90, L_0x5587ed824750;
L_0x5587ed81a3c0 .shift/r 16, L_0x7fd416b48180, L_0x5587ed81a290;
L_0x5587ed81a500 .part L_0x5587ed81a3c0, 0, 1;
LS_0x5587ed81a690_0_0 .concat [ 1 1 1 1], L_0x5587ed819cf0, L_0x5587ed823800, L_0x5587ed8245a0, L_0x5587ed823cf0;
LS_0x5587ed81a690_0_4 .concat [ 1 0 0 0], L_0x5587ed824500;
L_0x5587ed81a690 .concat [ 4 1 0 0], LS_0x5587ed81a690_0_0, LS_0x5587ed81a690_0_4;
L_0x5587ed81a780 .shift/r 32, L_0x7fd416b481c8, L_0x5587ed81a690;
L_0x5587ed81a5f0 .part L_0x5587ed81a780, 0, 1;
LS_0x5587ed81aa10_0_0 .concat [ 1 1 1 1], L_0x5587ed81b2a0, L_0x5587ed81bc30, v0x5587ed808b80_0, L_0x5587ed824030;
LS_0x5587ed81aa10_0_4 .concat [ 1 0 0 0], L_0x5587ed8252a0;
L_0x5587ed81aa10 .concat [ 4 1 0 0], LS_0x5587ed81aa10_0_0, LS_0x5587ed81aa10_0_4;
L_0x5587ed81ab70 .shift/r 32, L_0x7fd416b48210, L_0x5587ed81aa10;
L_0x5587ed81acb0 .part L_0x5587ed81ab70, 0, 1;
LS_0x5587ed81af00_0_0 .concat [ 1 1 1 1], L_0x5587ed819cf0, L_0x5587ed823800, L_0x5587ed8245a0, L_0x5587ed823cf0;
LS_0x5587ed81af00_0_4 .concat [ 1 1 0 0], L_0x5587ed824500, L_0x5587ed81b700;
L_0x5587ed81af00 .concat [ 4 2 0 0], LS_0x5587ed81af00_0_0, LS_0x5587ed81af00_0_4;
L_0x5587ed81b0f0 .shift/r 64, L_0x7fd416b48258, L_0x5587ed81af00;
L_0x5587ed81b2a0 .part L_0x5587ed81b0f0, 0, 1;
L_0x5587ed81b390 .concat [ 1 1 0 0], L_0x5587ed823d90, L_0x5587ed824750;
L_0x5587ed81b5c0 .shift/r 4, L_0x7fd416b482a0, L_0x5587ed81b390;
L_0x5587ed81b700 .part L_0x5587ed81b5c0, 0, 1;
L_0x5587ed81b940 .concat [ 1 1 0 0], L_0x5587ed823d90, L_0x5587ed824750;
L_0x5587ed81b9e0 .shift/r 4, L_0x7fd416b482e8, L_0x5587ed81b940;
L_0x5587ed81bc30 .part L_0x5587ed81b9e0, 0, 1;
L_0x5587ed81bd70 .concat [ 1 1 1 1], v0x5587ed808b80_0, L_0x5587ed81c560, L_0x5587ed8241b0, L_0x5587ed825130;
L_0x5587ed81bf30 .shift/r 16, L_0x7fd416b48330, L_0x5587ed81bd70;
L_0x5587ed81c070 .part L_0x5587ed81bf30, 0, 1;
L_0x5587ed81be10 .concat [ 1 1 1 1], L_0x5587ed824030, L_0x5587ed8252a0, L_0x5587ed81b2a0, L_0x5587ed81bc30;
L_0x5587ed81c2e0 .shift/r 16, L_0x7fd416b48378, L_0x5587ed81be10;
L_0x5587ed81c560 .part L_0x5587ed81c2e0, 0, 1;
L_0x5587ed81c6a0 .concat [ 1 1 1 1], v0x5587ed808b80_0, L_0x5587ed81d030, L_0x5587ed823f00, L_0x5587ed825000;
L_0x5587ed81c890 .shift/r 16, L_0x7fd416b483c0, L_0x5587ed81c6a0;
L_0x5587ed81ca00 .part L_0x5587ed81c890, 0, 1;
LS_0x5587ed81cc50_0_0 .concat [ 1 1 1 1], L_0x5587ed824030, L_0x5587ed8241b0, L_0x5587ed825130, L_0x5587ed8252a0;
LS_0x5587ed81cc50_0_4 .concat [ 1 1 0 0], L_0x5587ed81b2a0, L_0x5587ed81bc30;
L_0x5587ed81cc50 .concat [ 4 2 0 0], LS_0x5587ed81cc50_0_0, LS_0x5587ed81cc50_0_4;
L_0x5587ed81ce20 .shift/r 64, L_0x7fd416b48408, L_0x5587ed81cc50;
L_0x5587ed81d030 .part L_0x5587ed81ce20, 0, 1;
L_0x5587ed81d170 .concat [ 1 1 1 1], v0x5587ed808b80_0, L_0x5587ed81dc00, L_0x5587ed824e10, L_0x5587ed8255f0;
L_0x5587ed81d3c0 .shift/r 16, L_0x7fd416b48450, L_0x5587ed81d170;
L_0x5587ed81d530 .part L_0x5587ed81d3c0, 0, 1;
L_0x5587ed81d7b0 .concat [ 1 1 1 0], L_0x5587ed81d030, L_0x5587ed823f00, L_0x5587ed825000;
L_0x5587ed81d920 .shift/r 8, L_0x7fd416b48498, L_0x5587ed81d7b0;
L_0x5587ed81dc00 .part L_0x5587ed81d920, 0, 1;
LS_0x5587ed81dd40_0_0 .concat [ 1 1 1 1], L_0x5587ed81dc00, L_0x5587ed824e10, L_0x5587ed8255f0, v0x5587ed808b80_0;
LS_0x5587ed81dd40_0_4 .concat [ 1 1 0 0], L_0x5587ed824b80, L_0x5587ed825810;
L_0x5587ed81dd40 .concat [ 4 2 0 0], LS_0x5587ed81dd40_0_0, LS_0x5587ed81dd40_0_4;
L_0x5587ed81e070 .shift/r 64, L_0x7fd416b484e0, L_0x5587ed81dd40;
L_0x5587ed81e110 .part L_0x5587ed81e070, 0, 1;
L_0x5587ed81e3c0 .concat [ 1 1 1 1], v0x5587ed808b80_0, L_0x5587ed81ed10, L_0x5587ed824cc0, L_0x5587ed825940;
L_0x5587ed81e490 .shift/r 16, L_0x7fd416b48528, L_0x5587ed81e3c0;
L_0x5587ed81e7d0 .part L_0x5587ed81e490, 0, 1;
L_0x5587ed81e8c0 .concat [ 1 1 0 0], L_0x5587ed81f410, L_0x5587ed820150;
L_0x5587ed81eba0 .shift/r 4, L_0x7fd416b48570, L_0x5587ed81e8c0;
L_0x5587ed81ed10 .part L_0x5587ed81eba0, 0, 1;
LS_0x5587ed81f040_0_0 .concat [ 1 1 1 1], L_0x5587ed81d030, L_0x5587ed824e10, L_0x5587ed8255f0, L_0x5587ed823f00;
LS_0x5587ed81f040_0_4 .concat [ 1 1 0 0], L_0x5587ed825000, L_0x5587ed81f9e0;
L_0x5587ed81f040 .concat [ 4 2 0 0], LS_0x5587ed81f040_0_0, LS_0x5587ed81f040_0_4;
L_0x5587ed81f120 .shift/r 64, L_0x7fd416b485b8, L_0x5587ed81f040;
L_0x5587ed81f410 .part L_0x5587ed81f120, 0, 1;
L_0x5587ed81f550 .concat [ 1 1 0 0], L_0x5587ed824b80, L_0x5587ed825810;
L_0x5587ed81f8a0 .shift/r 4, L_0x7fd416b48600, L_0x5587ed81f550;
L_0x5587ed81f9e0 .part L_0x5587ed81f8a0, 0, 1;
L_0x5587ed81fd40 .concat [ 1 1 0 0], L_0x5587ed824b80, L_0x5587ed825810;
L_0x5587ed81fde0 .shift/r 4, L_0x7fd416b48648, L_0x5587ed81fd40;
L_0x5587ed820150 .part L_0x5587ed81fde0, 0, 1;
LS_0x5587ed820290_0_0 .concat [ 1 1 1 1], L_0x5587ed81ed10, L_0x5587ed824cc0, L_0x5587ed825940, v0x5587ed808b80_0;
LS_0x5587ed820290_0_4 .concat [ 1 1 0 0], L_0x5587ed824c20, L_0x5587ed825b70;
L_0x5587ed820290 .concat [ 4 2 0 0], LS_0x5587ed820290_0_0, LS_0x5587ed820290_0_4;
L_0x5587ed820650 .shift/r 64, L_0x7fd416b48690, L_0x5587ed820290;
L_0x5587ed820790 .part L_0x5587ed820650, 0, 1;
L_0x5587ed820ad0 .concat [ 1 1 1 1], v0x5587ed808b80_0, L_0x5587ed821530, L_0x5587ed824a50, L_0x5587ed825c10;
L_0x5587ed820b70 .shift/r 16, L_0x7fd416b486d8, L_0x5587ed820ad0;
L_0x5587ed820f10 .part L_0x5587ed820b70, 0, 1;
LS_0x5587ed821000_0_0 .concat [ 1 1 1 1], L_0x5587ed824c20, L_0x5587ed824cc0, L_0x5587ed825940, L_0x5587ed825b70;
LS_0x5587ed821000_0_4 .concat [ 1 1 0 0], L_0x5587ed81f410, L_0x5587ed820150;
L_0x5587ed821000 .concat [ 4 2 0 0], LS_0x5587ed821000_0_0, LS_0x5587ed821000_0_4;
L_0x5587ed8213f0 .shift/r 64, L_0x7fd416b48720, L_0x5587ed821000;
L_0x5587ed821530 .part L_0x5587ed8213f0, 0, 1;
LS_0x5587ed8218f0_0_0 .concat [ 1 1 1 1], L_0x5587ed821530, L_0x5587ed824a50, L_0x5587ed825c10, v0x5587ed808b80_0;
LS_0x5587ed8218f0_0_4 .concat [ 1 1 0 0], L_0x5587ed8249b0, L_0x5587ed825550;
L_0x5587ed8218f0 .concat [ 4 2 0 0], LS_0x5587ed8218f0_0_0, LS_0x5587ed8218f0_0_4;
L_0x5587ed821a70 .shift/r 64, L_0x7fd416b48768, L_0x5587ed8218f0;
L_0x5587ed821e40 .part L_0x5587ed821a70, 0, 1;
L_0x5587ed821f30 .concat [ 1 1 1 1], v0x5587ed808b80_0, L_0x5587ed822da0, L_0x5587ed824880, L_0x5587ed8253d0;
L_0x5587ed8222d0 .shift/r 16, L_0x7fd416b487b0, L_0x5587ed821f30;
L_0x5587ed822440 .part L_0x5587ed8222d0, 0, 1;
LS_0x5587ed8227e0_0_0 .concat [ 1 1 1 1], L_0x5587ed821530, L_0x5587ed8249b0, L_0x5587ed825550, L_0x5587ed824a50;
LS_0x5587ed8227e0_0_4 .concat [ 1 0 0 0], L_0x5587ed825c10;
L_0x5587ed8227e0 .concat [ 4 1 0 0], LS_0x5587ed8227e0_0_0, LS_0x5587ed8227e0_0_4;
L_0x5587ed8229a0 .shift/r 32, L_0x7fd416b487f8, L_0x5587ed8227e0;
L_0x5587ed822da0 .part L_0x5587ed8229a0, 0, 1;
L_0x5587ed822ee0 .concat [ 1 1 1 1], L_0x5587ed822da0, L_0x5587ed824880, L_0x5587ed8253d0, v0x5587ed808b80_0;
L_0x5587ed8232f0 .shift/r 16, L_0x7fd416b48840, L_0x5587ed822ee0;
L_0x5587ed823430 .part L_0x5587ed8232f0, 0, 1;
    .scope S_0x5587ed787310;
T_0 ;
    %wait E_0x5587ed7b0e10;
    %load/vec4 v0x5587ed8052d0_0;
    %assign/vec4 v0x5587ed8073a0_0, 0;
    %jmp T_0;
    .thread T_0;
    .scope S_0x5587ed787310;
T_1 ;
    %wait E_0x5587ed7b0e10;
    %load/vec4 v0x5587ed8061a0_0;
    %assign/vec4 v0x5587ed807ee0_0, 0;
    %jmp T_1;
    .thread T_1;
    .scope S_0x5587ed787310;
T_2 ;
    %wait E_0x5587ed7b0e10;
    %load/vec4 v0x5587ed806260_0;
    %assign/vec4 v0x5587ed807520_0, 0;
    %jmp T_2;
    .thread T_2;
    .scope S_0x5587ed787310;
T_3 ;
    %wait E_0x5587ed7b0e10;
    %load/vec4 v0x5587ed806320_0;
    %assign/vec4 v0x5587ed8075e0_0, 0;
    %jmp T_3;
    .thread T_3;
    .scope S_0x5587ed787310;
T_4 ;
    %wait E_0x5587ed7b0e10;
    %load/vec4 v0x5587ed8063e0_0;
    %assign/vec4 v0x5587ed8076a0_0, 0;
    %jmp T_4;
    .thread T_4;
    .scope S_0x5587ed787310;
T_5 ;
    %wait E_0x5587ed7b0e10;
    %load/vec4 v0x5587ed8064a0_0;
    %assign/vec4 v0x5587ed807760_0, 0;
    %jmp T_5;
    .thread T_5;
    .scope S_0x5587ed787310;
T_6 ;
    %wait E_0x5587ed7b0e10;
    %load/vec4 v0x5587ed806560_0;
    %assign/vec4 v0x5587ed807820_0, 0;
    %jmp T_6;
    .thread T_6;
    .scope S_0x5587ed787310;
T_7 ;
    %wait E_0x5587ed7b0e10;
    %load/vec4 v0x5587ed806620_0;
    %assign/vec4 v0x5587ed8078e0_0, 0;
    %jmp T_7;
    .thread T_7;
    .scope S_0x5587ed787310;
T_8 ;
    %wait E_0x5587ed7b0e10;
    %load/vec4 v0x5587ed8066e0_0;
    %assign/vec4 v0x5587ed805210_0, 0;
    %jmp T_8;
    .thread T_8;
    .scope S_0x5587ed787310;
T_9 ;
    %wait E_0x5587ed7b0e10;
    %load/vec4 v0x5587ed805390_0;
    %assign/vec4 v0x5587ed807460_0, 0;
    %jmp T_9;
    .thread T_9;
    .scope S_0x5587ed787310;
T_10 ;
    %wait E_0x5587ed7b0e10;
    %load/vec4 v0x5587ed805450_0;
    %assign/vec4 v0x5587ed8079a0_0, 0;
    %jmp T_10;
    .thread T_10;
    .scope S_0x5587ed787310;
T_11 ;
    %wait E_0x5587ed7b0e10;
    %load/vec4 v0x5587ed805510_0;
    %assign/vec4 v0x5587ed807a60_0, 0;
    %jmp T_11;
    .thread T_11;
    .scope S_0x5587ed787310;
T_12 ;
    %wait E_0x5587ed7b0e10;
    %load/vec4 v0x5587ed8055d0_0;
    %assign/vec4 v0x5587ed807b20_0, 0;
    %jmp T_12;
    .thread T_12;
    .scope S_0x5587ed787310;
T_13 ;
    %wait E_0x5587ed7b0e10;
    %load/vec4 v0x5587ed805ea0_0;
    %assign/vec4 v0x5587ed807be0_0, 0;
    %jmp T_13;
    .thread T_13;
    .scope S_0x5587ed787310;
T_14 ;
    %wait E_0x5587ed7b0e10;
    %load/vec4 v0x5587ed805f60_0;
    %assign/vec4 v0x5587ed807ca0_0, 0;
    %jmp T_14;
    .thread T_14;
    .scope S_0x5587ed787310;
T_15 ;
    %wait E_0x5587ed7b0e10;
    %load/vec4 v0x5587ed806020_0;
    %assign/vec4 v0x5587ed807d60_0, 0;
    %jmp T_15;
    .thread T_15;
    .scope S_0x5587ed787310;
T_16 ;
    %wait E_0x5587ed7b0e10;
    %load/vec4 v0x5587ed8060e0_0;
    %assign/vec4 v0x5587ed807e20_0, 0;
    %jmp T_16;
    .thread T_16;
    .scope S_0x5587ed7df1c0;
T_17 ;
    %delay 5, 0;
    %load/vec4 v0x5587ed8087e0_0;
    %inv;
    %store/vec4 v0x5587ed8087e0_0, 0, 1;
    %jmp T_17;
    .thread T_17;
    .scope S_0x5587ed7df1c0;
T_18 ;
    %pushi/vec4 0, 0, 1;
    %store/vec4 v0x5587ed8087e0_0, 0, 1;
    %pushi/vec4 1, 0, 1;
    %store/vec4 v0x5587ed808b80_0, 0, 1;
    %pushi/vec4 0, 0, 16;
    %store/vec4 v0x5587ed808600_0, 0, 16;
    %pushi/vec4 0, 0, 16;
    %store/vec4 v0x5587ed808700_0, 0, 16;
    %vpi_call 2 44 "$readmemh", "memA.dat", v0x5587ed808920 {0 0 0};
    %vpi_call 2 45 "$readmemh", "memB.dat", v0x5587ed8089e0 {0 0 0};
    %vpi_func 2 48 "$fopen" 32, "output_sum.txt", "w" {0 0 0};
    %store/vec4 v0x5587ed808aa0_0, 0, 32;
    %delay 10, 0;
    %pushi/vec4 0, 0, 1;
    %store/vec4 v0x5587ed808b80_0, 0, 1;
    %pushi/vec4 0, 0, 32;
    %store/vec4 v0x5587ed808880_0, 0, 32;
T_18.0 ;
    %load/vec4 v0x5587ed808880_0;
    %cmpi/s 1000000, 0, 32;
    %jmp/0xz T_18.1, 5;
    %ix/getv/s 4, v0x5587ed808880_0;
    %load/vec4a v0x5587ed808920, 4;
    %store/vec4 v0x5587ed808600_0, 0, 16;
    %ix/getv/s 4, v0x5587ed808880_0;
    %load/vec4a v0x5587ed8089e0, 4;
    %store/vec4 v0x5587ed808700_0, 0, 16;
    %delay 10, 0;
    %vpi_call 2 58 "$fwrite", v0x5587ed808aa0_0, "%h\012", v0x5587ed808c20_0 {0 0 0};
    %load/vec4 v0x5587ed808880_0;
    %addi 1, 0, 32;
    %store/vec4 v0x5587ed808880_0, 0, 32;
    %jmp T_18.0;
T_18.1 ;
    %vpi_call 2 62 "$fclose", v0x5587ed808aa0_0 {0 0 0};
    %delay 10, 0;
    %vpi_call 2 65 "$finish" {0 0 0};
    %end;
    .thread T_18;
# The file index is used to find the file name in the following table.
:file_names 4;
    "N/A";
    "<interactive>";
    "cs_tb.v";
    "CS_16b_try_2.v";
