#Timing report of worst 34 path(s)
# Unit scale: 1e-09 seconds
# Output precision: 3

#Path 1
Startpoint: a~0.inpad[0] (.input clocked by clk)
Endpoint  : sum~0.D[0] (.latch clocked by clk)
Path Type : hold

Point                                                             Incr      Path
--------------------------------------------------------------------------------
clock clk (rise edge)                                            0.000     0.000
clock source latency                                             0.000     0.000
input external delay                                             0.000     0.000
a~0.inpad[0] (.input)                                            0.000     0.000
sum~0.D[0] (.latch)                                              0.227     0.227
data arrival time                                                          0.227

clock clk (rise edge)                                            0.000     0.000
clock source latency                                             0.000     0.000
clk.inpad[0] (.input)                                            0.000     0.000
sum~0.clk[0] (.latch)                                            0.000     0.000
clock uncertainty                                                0.000     0.000
cell hold time                                                   0.066     0.066
data required time                                                         0.066
--------------------------------------------------------------------------------
data required time                                                        -0.066
data arrival time                                                          0.227
--------------------------------------------------------------------------------
slack (MET)                                                                0.161


#Path 2
Startpoint: cout.Q[0] (.latch clocked by clk)
Endpoint  : out:cout.outpad[0] (.output clocked by clk)
Path Type : hold

Point                                                             Incr      Path
--------------------------------------------------------------------------------
clock clk (rise edge)                                            0.000     0.000
clock source latency                                             0.000     0.000
clk.inpad[0] (.input)                                            0.000     0.000
cout.clk[0] (.latch)                                             0.000     0.000
cout.Q[0] (.latch) [clock-to-output]                             0.124     0.124
out:cout.outpad[0] (.output)                                     0.150     0.274
data arrival time                                                          0.274

clock clk (rise edge)                                            0.000     0.000
clock source latency                                             0.000     0.000
clock uncertainty                                                0.000     0.000
output external delay                                            0.000     0.000
data required time                                                         0.000
--------------------------------------------------------------------------------
data required time                                                        -0.000
data arrival time                                                          0.274
--------------------------------------------------------------------------------
slack (MET)                                                                0.274


#Path 3
Startpoint: sum~5.Q[0] (.latch clocked by clk)
Endpoint  : out:sum~5.outpad[0] (.output clocked by clk)
Path Type : hold

Point                                                             Incr      Path
--------------------------------------------------------------------------------
clock clk (rise edge)                                            0.000     0.000
clock source latency                                             0.000     0.000
clk.inpad[0] (.input)                                            0.000     0.000
sum~5.clk[0] (.latch)                                            0.000     0.000
sum~5.Q[0] (.latch) [clock-to-output]                            0.124     0.124
out:sum~5.outpad[0] (.output)                                    0.169     0.293
data arrival time                                                          0.293

clock clk (rise edge)                                            0.000     0.000
clock source latency                                             0.000     0.000
clock uncertainty                                                0.000     0.000
output external delay                                            0.000     0.000
data required time                                                         0.000
--------------------------------------------------------------------------------
data required time                                                        -0.000
data arrival time                                                          0.293
--------------------------------------------------------------------------------
slack (MET)                                                                0.293


#Path 4
Startpoint: a~1.inpad[0] (.input clocked by clk)
Endpoint  : sum~1.D[0] (.latch clocked by clk)
Path Type : hold

Point                                                             Incr      Path
--------------------------------------------------------------------------------
clock clk (rise edge)                                            0.000     0.000
clock source latency                                             0.000     0.000
input external delay                                             0.000     0.000
a~1.inpad[0] (.input)                                            0.000     0.000
sum~1.D[0] (.latch)                                              0.377     0.377
data arrival time                                                          0.377

clock clk (rise edge)                                            0.000     0.000
clock source latency                                             0.000     0.000
clk.inpad[0] (.input)                                            0.000     0.000
sum~1.clk[0] (.latch)                                            0.000     0.000
clock uncertainty                                                0.000     0.000
cell hold time                                                   0.066     0.066
data required time                                                         0.066
--------------------------------------------------------------------------------
data required time                                                        -0.066
data arrival time                                                          0.377
--------------------------------------------------------------------------------
slack (MET)                                                                0.311


#Path 5
Startpoint: sum~13.Q[0] (.latch clocked by clk)
Endpoint  : out:sum~13.outpad[0] (.output clocked by clk)
Path Type : hold

Point                                                             Incr      Path
--------------------------------------------------------------------------------
clock clk (rise edge)                                            0.000     0.000
clock source latency                                             0.000     0.000
clk.inpad[0] (.input)                                            0.000     0.000
sum~13.clk[0] (.latch)                                           0.000     0.000
sum~13.Q[0] (.latch) [clock-to-output]                           0.124     0.124
out:sum~13.outpad[0] (.output)                                   0.191     0.315
data arrival time                                                          0.315

clock clk (rise edge)                                            0.000     0.000
clock source latency                                             0.000     0.000
clock uncertainty                                                0.000     0.000
output external delay                                            0.000     0.000
data required time                                                         0.000
--------------------------------------------------------------------------------
data required time                                                        -0.000
data arrival time                                                          0.315
--------------------------------------------------------------------------------
slack (MET)                                                                0.315


#Path 6
Startpoint: a~9.inpad[0] (.input clocked by clk)
Endpoint  : sum~9.D[0] (.latch clocked by clk)
Path Type : hold

Point                                                             Incr      Path
--------------------------------------------------------------------------------
clock clk (rise edge)                                            0.000     0.000
clock source latency                                             0.000     0.000
input external delay                                             0.000     0.000
a~9.inpad[0] (.input)                                            0.000     0.000
n140.in[3] (.names)                                              0.169     0.169
n140.out[0] (.names)                                             0.235     0.404
sum~9.D[0] (.latch)                                              0.000     0.404
data arrival time                                                          0.404

clock clk (rise edge)                                            0.000     0.000
clock source latency                                             0.000     0.000
clk.inpad[0] (.input)                                            0.000     0.000
sum~9.clk[0] (.latch)                                            0.000     0.000
clock uncertainty                                                0.000     0.000
cell hold time                                                   0.066     0.066
data required time                                                         0.066
--------------------------------------------------------------------------------
data required time                                                        -0.066
data arrival time                                                          0.404
--------------------------------------------------------------------------------
slack (MET)                                                                0.338


#Path 7
Startpoint: rst.inpad[0] (.input clocked by clk)
Endpoint  : sum~13.D[0] (.latch clocked by clk)
Path Type : hold

Point                                                             Incr      Path
--------------------------------------------------------------------------------
clock clk (rise edge)                                            0.000     0.000
clock source latency                                             0.000     0.000
input external delay                                             0.000     0.000
rst.inpad[0] (.input)                                            0.000     0.000
n156.in[0] (.names)                                              0.170     0.170
n156.out[0] (.names)                                             0.235     0.405
sum~13.D[0] (.latch)                                             0.000     0.405
data arrival time                                                          0.405

clock clk (rise edge)                                            0.000     0.000
clock source latency                                             0.000     0.000
clk.inpad[0] (.input)                                            0.000     0.000
sum~13.clk[0] (.latch)                                           0.000     0.000
clock uncertainty                                                0.000     0.000
cell hold time                                                   0.066     0.066
data required time                                                         0.066
--------------------------------------------------------------------------------
data required time                                                        -0.066
data arrival time                                                          0.405
--------------------------------------------------------------------------------
slack (MET)                                                                0.339


#Path 8
Startpoint: rst.inpad[0] (.input clocked by clk)
Endpoint  : sum~11.D[0] (.latch clocked by clk)
Path Type : hold

Point                                                             Incr      Path
--------------------------------------------------------------------------------
clock clk (rise edge)                                            0.000     0.000
clock source latency                                             0.000     0.000
input external delay                                             0.000     0.000
rst.inpad[0] (.input)                                            0.000     0.000
n148.in[0] (.names)                                              0.170     0.170
n148.out[0] (.names)                                             0.235     0.405
sum~11.D[0] (.latch)                                             0.000     0.405
data arrival time                                                          0.405

clock clk (rise edge)                                            0.000     0.000
clock source latency                                             0.000     0.000
clk.inpad[0] (.input)                                            0.000     0.000
sum~11.clk[0] (.latch)                                           0.000     0.000
clock uncertainty                                                0.000     0.000
cell hold time                                                   0.066     0.066
data required time                                                         0.066
--------------------------------------------------------------------------------
data required time                                                        -0.066
data arrival time                                                          0.405
--------------------------------------------------------------------------------
slack (MET)                                                                0.339


#Path 9
Startpoint: a~7.inpad[0] (.input clocked by clk)
Endpoint  : sum~7.D[0] (.latch clocked by clk)
Path Type : hold

Point                                                             Incr      Path
--------------------------------------------------------------------------------
clock clk (rise edge)                                            0.000     0.000
clock source latency                                             0.000     0.000
input external delay                                             0.000     0.000
a~7.inpad[0] (.input)                                            0.000     0.000
n132.in[2] (.names)                                              0.170     0.170
n132.out[0] (.names)                                             0.235     0.405
sum~7.D[0] (.latch)                                              0.000     0.405
data arrival time                                                          0.405

clock clk (rise edge)                                            0.000     0.000
clock source latency                                             0.000     0.000
clk.inpad[0] (.input)                                            0.000     0.000
sum~7.clk[0] (.latch)                                            0.000     0.000
clock uncertainty                                                0.000     0.000
cell hold time                                                   0.066     0.066
data required time                                                         0.066
--------------------------------------------------------------------------------
data required time                                                        -0.066
data arrival time                                                          0.405
--------------------------------------------------------------------------------
slack (MET)                                                                0.339


#Path 10
Startpoint: rst.inpad[0] (.input clocked by clk)
Endpoint  : sum~6.D[0] (.latch clocked by clk)
Path Type : hold

Point                                                             Incr      Path
--------------------------------------------------------------------------------
clock clk (rise edge)                                            0.000     0.000
clock source latency                                             0.000     0.000
input external delay                                             0.000     0.000
rst.inpad[0] (.input)                                            0.000     0.000
n128.in[2] (.names)                                              0.170     0.170
n128.out[0] (.names)                                             0.235     0.405
sum~6.D[0] (.latch)                                              0.000     0.405
data arrival time                                                          0.405

clock clk (rise edge)                                            0.000     0.000
clock source latency                                             0.000     0.000
clk.inpad[0] (.input)                                            0.000     0.000
sum~6.clk[0] (.latch)                                            0.000     0.000
clock uncertainty                                                0.000     0.000
cell hold time                                                   0.066     0.066
data required time                                                         0.066
--------------------------------------------------------------------------------
data required time                                                        -0.066
data arrival time                                                          0.405
--------------------------------------------------------------------------------
slack (MET)                                                                0.339


#Path 11
Startpoint: a~14.inpad[0] (.input clocked by clk)
Endpoint  : sum~14.D[0] (.latch clocked by clk)
Path Type : hold

Point                                                             Incr      Path
--------------------------------------------------------------------------------
clock clk (rise edge)                                            0.000     0.000
clock source latency                                             0.000     0.000
input external delay                                             0.000     0.000
a~14.inpad[0] (.input)                                           0.000     0.000
n160.in[4] (.names)                                              0.167     0.167
n160.out[0] (.names)                                             0.261     0.428
sum~14.D[0] (.latch)                                             0.000     0.428
data arrival time                                                          0.428

clock clk (rise edge)                                            0.000     0.000
clock source latency                                             0.000     0.000
clk.inpad[0] (.input)                                            0.000     0.000
sum~14.clk[0] (.latch)                                           0.000     0.000
clock uncertainty                                                0.000     0.000
cell hold time                                                   0.066     0.066
data required time                                                         0.066
--------------------------------------------------------------------------------
data required time                                                        -0.066
data arrival time                                                          0.428
--------------------------------------------------------------------------------
slack (MET)                                                                0.362


#Path 12
Startpoint: a~9.inpad[0] (.input clocked by clk)
Endpoint  : sum~10.D[0] (.latch clocked by clk)
Path Type : hold

Point                                                             Incr      Path
--------------------------------------------------------------------------------
clock clk (rise edge)                                            0.000     0.000
clock source latency                                             0.000     0.000
input external delay                                             0.000     0.000
a~9.inpad[0] (.input)                                            0.000     0.000
n144.in[2] (.names)                                              0.169     0.169
n144.out[0] (.names)                                             0.261     0.430
sum~10.D[0] (.latch)                                             0.000     0.430
data arrival time                                                          0.430

clock clk (rise edge)                                            0.000     0.000
clock source latency                                             0.000     0.000
clk.inpad[0] (.input)                                            0.000     0.000
sum~10.clk[0] (.latch)                                           0.000     0.000
clock uncertainty                                                0.000     0.000
cell hold time                                                   0.066     0.066
data required time                                                         0.066
--------------------------------------------------------------------------------
data required time                                                        -0.066
data arrival time                                                          0.430
--------------------------------------------------------------------------------
slack (MET)                                                                0.364


#Path 13
Startpoint: rst.inpad[0] (.input clocked by clk)
Endpoint  : sum~12.D[0] (.latch clocked by clk)
Path Type : hold

Point                                                             Incr      Path
--------------------------------------------------------------------------------
clock clk (rise edge)                                            0.000     0.000
clock source latency                                             0.000     0.000
input external delay                                             0.000     0.000
rst.inpad[0] (.input)                                            0.000     0.000
n152.in[3] (.names)                                              0.170     0.170
n152.out[0] (.names)                                             0.261     0.431
sum~12.D[0] (.latch)                                             0.000     0.431
data arrival time                                                          0.431

clock clk (rise edge)                                            0.000     0.000
clock source latency                                             0.000     0.000
clk.inpad[0] (.input)                                            0.000     0.000
sum~12.clk[0] (.latch)                                           0.000     0.000
clock uncertainty                                                0.000     0.000
cell hold time                                                   0.066     0.066
data required time                                                         0.066
--------------------------------------------------------------------------------
data required time                                                        -0.066
data arrival time                                                          0.431
--------------------------------------------------------------------------------
slack (MET)                                                                0.365


#Path 14
Startpoint: sum~15.Q[0] (.latch clocked by clk)
Endpoint  : out:sum~15.outpad[0] (.output clocked by clk)
Path Type : hold

Point                                                             Incr      Path
--------------------------------------------------------------------------------
clock clk (rise edge)                                            0.000     0.000
clock source latency                                             0.000     0.000
clk.inpad[0] (.input)                                            0.000     0.000
sum~15.clk[0] (.latch)                                           0.000     0.000
sum~15.Q[0] (.latch) [clock-to-output]                           0.124     0.124
out:sum~15.outpad[0] (.output)                                   0.244     0.368
data arrival time                                                          0.368

clock clk (rise edge)                                            0.000     0.000
clock source latency                                             0.000     0.000
clock uncertainty                                                0.000     0.000
output external delay                                            0.000     0.000
data required time                                                         0.000
--------------------------------------------------------------------------------
data required time                                                        -0.000
data arrival time                                                          0.368
--------------------------------------------------------------------------------
slack (MET)                                                                0.368


#Path 15
Startpoint: sum~4.Q[0] (.latch clocked by clk)
Endpoint  : out:sum~4.outpad[0] (.output clocked by clk)
Path Type : hold

Point                                                             Incr      Path
--------------------------------------------------------------------------------
clock clk (rise edge)                                            0.000     0.000
clock source latency                                             0.000     0.000
clk.inpad[0] (.input)                                            0.000     0.000
sum~4.clk[0] (.latch)                                            0.000     0.000
sum~4.Q[0] (.latch) [clock-to-output]                            0.124     0.124
out:sum~4.outpad[0] (.output)                                    0.246     0.370
data arrival time                                                          0.370

clock clk (rise edge)                                            0.000     0.000
clock source latency                                             0.000     0.000
clock uncertainty                                                0.000     0.000
output external delay                                            0.000     0.000
data required time                                                         0.000
--------------------------------------------------------------------------------
data required time                                                        -0.000
data arrival time                                                          0.370
--------------------------------------------------------------------------------
slack (MET)                                                                0.370


#Path 16
Startpoint: a~4.inpad[0] (.input clocked by clk)
Endpoint  : sum~4.D[0] (.latch clocked by clk)
Path Type : hold

Point                                                             Incr      Path
--------------------------------------------------------------------------------
clock clk (rise edge)                                            0.000     0.000
clock source latency                                             0.000     0.000
input external delay                                             0.000     0.000
a~4.inpad[0] (.input)                                            0.000     0.000
n120.in[4] (.names)                                              0.193     0.193
n120.out[0] (.names)                                             0.261     0.454
sum~4.D[0] (.latch)                                              0.000     0.454
data arrival time                                                          0.454

clock clk (rise edge)                                            0.000     0.000
clock source latency                                             0.000     0.000
clk.inpad[0] (.input)                                            0.000     0.000
sum~4.clk[0] (.latch)                                            0.000     0.000
clock uncertainty                                                0.000     0.000
cell hold time                                                   0.066     0.066
data required time                                                         0.066
--------------------------------------------------------------------------------
data required time                                                        -0.066
data arrival time                                                          0.454
--------------------------------------------------------------------------------
slack (MET)                                                                0.388


#Path 17
Startpoint: sum~2.Q[0] (.latch clocked by clk)
Endpoint  : out:sum~2.outpad[0] (.output clocked by clk)
Path Type : hold

Point                                                             Incr      Path
--------------------------------------------------------------------------------
clock clk (rise edge)                                            0.000     0.000
clock source latency                                             0.000     0.000
clk.inpad[0] (.input)                                            0.000     0.000
sum~2.clk[0] (.latch)                                            0.000     0.000
sum~2.Q[0] (.latch) [clock-to-output]                            0.124     0.124
out:sum~2.outpad[0] (.output)                                    0.266     0.390
data arrival time                                                          0.390

clock clk (rise edge)                                            0.000     0.000
clock source latency                                             0.000     0.000
clock uncertainty                                                0.000     0.000
output external delay                                            0.000     0.000
data required time                                                         0.000
--------------------------------------------------------------------------------
data required time                                                        -0.000
data arrival time                                                          0.390
--------------------------------------------------------------------------------
slack (MET)                                                                0.390


#Path 18
Startpoint: b~15.inpad[0] (.input clocked by clk)
Endpoint  : cout.D[0] (.latch clocked by clk)
Path Type : hold

Point                                                             Incr      Path
--------------------------------------------------------------------------------
clock clk (rise edge)                                            0.000     0.000
clock source latency                                             0.000     0.000
input external delay                                             0.000     0.000
b~15.inpad[0] (.input)                                           0.000     0.000
n168.in[2] (.names)                                              0.226     0.226
n168.out[0] (.names)                                             0.235     0.461
cout.D[0] (.latch)                                               0.000     0.461
data arrival time                                                          0.461

clock clk (rise edge)                                            0.000     0.000
clock source latency                                             0.000     0.000
clk.inpad[0] (.input)                                            0.000     0.000
cout.clk[0] (.latch)                                             0.000     0.000
clock uncertainty                                                0.000     0.000
cell hold time                                                   0.066     0.066
data required time                                                         0.066
--------------------------------------------------------------------------------
data required time                                                        -0.066
data arrival time                                                          0.461
--------------------------------------------------------------------------------
slack (MET)                                                                0.395


#Path 19
Startpoint: b~15.inpad[0] (.input clocked by clk)
Endpoint  : sum~15.D[0] (.latch clocked by clk)
Path Type : hold

Point                                                             Incr      Path
--------------------------------------------------------------------------------
clock clk (rise edge)                                            0.000     0.000
clock source latency                                             0.000     0.000
input external delay                                             0.000     0.000
b~15.inpad[0] (.input)                                           0.000     0.000
n164.in[3] (.names)                                              0.226     0.226
n164.out[0] (.names)                                             0.235     0.461
sum~15.D[0] (.latch)                                             0.000     0.461
data arrival time                                                          0.461

clock clk (rise edge)                                            0.000     0.000
clock source latency                                             0.000     0.000
clk.inpad[0] (.input)                                            0.000     0.000
sum~15.clk[0] (.latch)                                           0.000     0.000
clock uncertainty                                                0.000     0.000
cell hold time                                                   0.066     0.066
data required time                                                         0.066
--------------------------------------------------------------------------------
data required time                                                        -0.066
data arrival time                                                          0.461
--------------------------------------------------------------------------------
slack (MET)                                                                0.395


#Path 20
Startpoint: a~5.inpad[0] (.input clocked by clk)
Endpoint  : sum~5.D[0] (.latch clocked by clk)
Path Type : hold

Point                                                             Incr      Path
--------------------------------------------------------------------------------
clock clk (rise edge)                                            0.000     0.000
clock source latency                                             0.000     0.000
input external delay                                             0.000     0.000
a~5.inpad[0] (.input)                                            0.000     0.000
n124.in[2] (.names)                                              0.246     0.246
n124.out[0] (.names)                                             0.235     0.481
sum~5.D[0] (.latch)                                              0.000     0.481
data arrival time                                                          0.481

clock clk (rise edge)                                            0.000     0.000
clock source latency                                             0.000     0.000
clk.inpad[0] (.input)                                            0.000     0.000
sum~5.clk[0] (.latch)                                            0.000     0.000
clock uncertainty                                                0.000     0.000
cell hold time                                                   0.066     0.066
data required time                                                         0.066
--------------------------------------------------------------------------------
data required time                                                        -0.066
data arrival time                                                          0.481
--------------------------------------------------------------------------------
slack (MET)                                                                0.415


#Path 21
Startpoint: a~8.inpad[0] (.input clocked by clk)
Endpoint  : sum~8.D[0] (.latch clocked by clk)
Path Type : hold

Point                                                             Incr      Path
--------------------------------------------------------------------------------
clock clk (rise edge)                                            0.000     0.000
clock source latency                                             0.000     0.000
input external delay                                             0.000     0.000
a~8.inpad[0] (.input)                                            0.000     0.000
n136.in[2] (.names)                                              0.249     0.249
n136.out[0] (.names)                                             0.235     0.484
sum~8.D[0] (.latch)                                              0.000     0.484
data arrival time                                                          0.484

clock clk (rise edge)                                            0.000     0.000
clock source latency                                             0.000     0.000
clk.inpad[0] (.input)                                            0.000     0.000
sum~8.clk[0] (.latch)                                            0.000     0.000
clock uncertainty                                                0.000     0.000
cell hold time                                                   0.066     0.066
data required time                                                         0.066
--------------------------------------------------------------------------------
data required time                                                        -0.066
data arrival time                                                          0.484
--------------------------------------------------------------------------------
slack (MET)                                                                0.418


#Path 22
Startpoint: sum~9.Q[0] (.latch clocked by clk)
Endpoint  : out:sum~9.outpad[0] (.output clocked by clk)
Path Type : hold

Point                                                             Incr      Path
--------------------------------------------------------------------------------
clock clk (rise edge)                                            0.000     0.000
clock source latency                                             0.000     0.000
clk.inpad[0] (.input)                                            0.000     0.000
sum~9.clk[0] (.latch)                                            0.000     0.000
sum~9.Q[0] (.latch) [clock-to-output]                            0.124     0.124
out:sum~9.outpad[0] (.output)                                    0.305     0.429
data arrival time                                                          0.429

clock clk (rise edge)                                            0.000     0.000
clock source latency                                             0.000     0.000
clock uncertainty                                                0.000     0.000
output external delay                                            0.000     0.000
data required time                                                         0.000
--------------------------------------------------------------------------------
data required time                                                        -0.000
data arrival time                                                          0.429
--------------------------------------------------------------------------------
slack (MET)                                                                0.429


#Path 23
Startpoint: sum~1.Q[0] (.latch clocked by clk)
Endpoint  : out:sum~1.outpad[0] (.output clocked by clk)
Path Type : hold

Point                                                             Incr      Path
--------------------------------------------------------------------------------
clock clk (rise edge)                                            0.000     0.000
clock source latency                                             0.000     0.000
clk.inpad[0] (.input)                                            0.000     0.000
sum~1.clk[0] (.latch)                                            0.000     0.000
sum~1.Q[0] (.latch) [clock-to-output]                            0.124     0.124
out:sum~1.outpad[0] (.output)                                    0.305     0.429
data arrival time                                                          0.429

clock clk (rise edge)                                            0.000     0.000
clock source latency                                             0.000     0.000
clock uncertainty                                                0.000     0.000
output external delay                                            0.000     0.000
data required time                                                         0.000
--------------------------------------------------------------------------------
data required time                                                        -0.000
data arrival time                                                          0.429
--------------------------------------------------------------------------------
slack (MET)                                                                0.429


#Path 24
Startpoint: rst.inpad[0] (.input clocked by clk)
Endpoint  : sum~2.D[0] (.latch clocked by clk)
Path Type : hold

Point                                                             Incr      Path
--------------------------------------------------------------------------------
clock clk (rise edge)                                            0.000     0.000
clock source latency                                             0.000     0.000
input external delay                                             0.000     0.000
rst.inpad[0] (.input)                                            0.000     0.000
n112.in[0] (.names)                                              0.265     0.265
n112.out[0] (.names)                                             0.235     0.500
sum~2.D[0] (.latch)                                              0.000     0.500
data arrival time                                                          0.500

clock clk (rise edge)                                            0.000     0.000
clock source latency                                             0.000     0.000
clk.inpad[0] (.input)                                            0.000     0.000
sum~2.clk[0] (.latch)                                            0.000     0.000
clock uncertainty                                                0.000     0.000
cell hold time                                                   0.066     0.066
data required time                                                         0.066
--------------------------------------------------------------------------------
data required time                                                        -0.066
data arrival time                                                          0.500
--------------------------------------------------------------------------------
slack (MET)                                                                0.434


#Path 25
Startpoint: rst.inpad[0] (.input clocked by clk)
Endpoint  : sum~3.D[0] (.latch clocked by clk)
Path Type : hold

Point                                                             Incr      Path
--------------------------------------------------------------------------------
clock clk (rise edge)                                            0.000     0.000
clock source latency                                             0.000     0.000
input external delay                                             0.000     0.000
rst.inpad[0] (.input)                                            0.000     0.000
n116.in[0] (.names)                                              0.265     0.265
n116.out[0] (.names)                                             0.235     0.500
sum~3.D[0] (.latch)                                              0.000     0.500
data arrival time                                                          0.500

clock clk (rise edge)                                            0.000     0.000
clock source latency                                             0.000     0.000
clk.inpad[0] (.input)                                            0.000     0.000
sum~3.clk[0] (.latch)                                            0.000     0.000
clock uncertainty                                                0.000     0.000
cell hold time                                                   0.066     0.066
data required time                                                         0.066
--------------------------------------------------------------------------------
data required time                                                        -0.066
data arrival time                                                          0.500
--------------------------------------------------------------------------------
slack (MET)                                                                0.434


#Path 26
Startpoint: sum~10.Q[0] (.latch clocked by clk)
Endpoint  : out:sum~10.outpad[0] (.output clocked by clk)
Path Type : hold

Point                                                             Incr      Path
--------------------------------------------------------------------------------
clock clk (rise edge)                                            0.000     0.000
clock source latency                                             0.000     0.000
clk.inpad[0] (.input)                                            0.000     0.000
sum~10.clk[0] (.latch)                                           0.000     0.000
sum~10.Q[0] (.latch) [clock-to-output]                           0.124     0.124
out:sum~10.outpad[0] (.output)                                   0.381     0.505
data arrival time                                                          0.505

clock clk (rise edge)                                            0.000     0.000
clock source latency                                             0.000     0.000
clock uncertainty                                                0.000     0.000
output external delay                                            0.000     0.000
data required time                                                         0.000
--------------------------------------------------------------------------------
data required time                                                        -0.000
data arrival time                                                          0.505
--------------------------------------------------------------------------------
slack (MET)                                                                0.505


#Path 27
Startpoint: sum~6.Q[0] (.latch clocked by clk)
Endpoint  : out:sum~6.outpad[0] (.output clocked by clk)
Path Type : hold

Point                                                             Incr      Path
--------------------------------------------------------------------------------
clock clk (rise edge)                                            0.000     0.000
clock source latency                                             0.000     0.000
clk.inpad[0] (.input)                                            0.000     0.000
sum~6.clk[0] (.latch)                                            0.000     0.000
sum~6.Q[0] (.latch) [clock-to-output]                            0.124     0.124
out:sum~6.outpad[0] (.output)                                    0.399     0.523
data arrival time                                                          0.523

clock clk (rise edge)                                            0.000     0.000
clock source latency                                             0.000     0.000
clock uncertainty                                                0.000     0.000
output external delay                                            0.000     0.000
data required time                                                         0.000
--------------------------------------------------------------------------------
data required time                                                        -0.000
data arrival time                                                          0.523
--------------------------------------------------------------------------------
slack (MET)                                                                0.523


#Path 28
Startpoint: sum~12.Q[0] (.latch clocked by clk)
Endpoint  : out:sum~12.outpad[0] (.output clocked by clk)
Path Type : hold

Point                                                             Incr      Path
--------------------------------------------------------------------------------
clock clk (rise edge)                                            0.000     0.000
clock source latency                                             0.000     0.000
clk.inpad[0] (.input)                                            0.000     0.000
sum~12.clk[0] (.latch)                                           0.000     0.000
sum~12.Q[0] (.latch) [clock-to-output]                           0.124     0.124
out:sum~12.outpad[0] (.output)                                   0.421     0.545
data arrival time                                                          0.545

clock clk (rise edge)                                            0.000     0.000
clock source latency                                             0.000     0.000
clock uncertainty                                                0.000     0.000
output external delay                                            0.000     0.000
data required time                                                         0.000
--------------------------------------------------------------------------------
data required time                                                        -0.000
data arrival time                                                          0.545
--------------------------------------------------------------------------------
slack (MET)                                                                0.545


#Path 29
Startpoint: sum~11.Q[0] (.latch clocked by clk)
Endpoint  : out:sum~11.outpad[0] (.output clocked by clk)
Path Type : hold

Point                                                             Incr      Path
--------------------------------------------------------------------------------
clock clk (rise edge)                                            0.000     0.000
clock source latency                                             0.000     0.000
clk.inpad[0] (.input)                                            0.000     0.000
sum~11.clk[0] (.latch)                                           0.000     0.000
sum~11.Q[0] (.latch) [clock-to-output]                           0.124     0.124
out:sum~11.outpad[0] (.output)                                   0.440     0.564
data arrival time                                                          0.564

clock clk (rise edge)                                            0.000     0.000
clock source latency                                             0.000     0.000
clock uncertainty                                                0.000     0.000
output external delay                                            0.000     0.000
data required time                                                         0.000
--------------------------------------------------------------------------------
data required time                                                        -0.000
data arrival time                                                          0.564
--------------------------------------------------------------------------------
slack (MET)                                                                0.564


#Path 30
Startpoint: sum~8.Q[0] (.latch clocked by clk)
Endpoint  : out:sum~8.outpad[0] (.output clocked by clk)
Path Type : hold

Point                                                             Incr      Path
--------------------------------------------------------------------------------
clock clk (rise edge)                                            0.000     0.000
clock source latency                                             0.000     0.000
clk.inpad[0] (.input)                                            0.000     0.000
sum~8.clk[0] (.latch)                                            0.000     0.000
sum~8.Q[0] (.latch) [clock-to-output]                            0.124     0.124
out:sum~8.outpad[0] (.output)                                    0.456     0.580
data arrival time                                                          0.580

clock clk (rise edge)                                            0.000     0.000
clock source latency                                             0.000     0.000
clock uncertainty                                                0.000     0.000
output external delay                                            0.000     0.000
data required time                                                         0.000
--------------------------------------------------------------------------------
data required time                                                        -0.000
data arrival time                                                          0.580
--------------------------------------------------------------------------------
slack (MET)                                                                0.580


#Path 31
Startpoint: sum~3.Q[0] (.latch clocked by clk)
Endpoint  : out:sum~3.outpad[0] (.output clocked by clk)
Path Type : hold

Point                                                             Incr      Path
--------------------------------------------------------------------------------
clock clk (rise edge)                                            0.000     0.000
clock source latency                                             0.000     0.000
clk.inpad[0] (.input)                                            0.000     0.000
sum~3.clk[0] (.latch)                                            0.000     0.000
sum~3.Q[0] (.latch) [clock-to-output]                            0.124     0.124
out:sum~3.outpad[0] (.output)                                    0.474     0.598
data arrival time                                                          0.598

clock clk (rise edge)                                            0.000     0.000
clock source latency                                             0.000     0.000
clock uncertainty                                                0.000     0.000
output external delay                                            0.000     0.000
data required time                                                         0.000
--------------------------------------------------------------------------------
data required time                                                        -0.000
data arrival time                                                          0.598
--------------------------------------------------------------------------------
slack (MET)                                                                0.598


#Path 32
Startpoint: sum~7.Q[0] (.latch clocked by clk)
Endpoint  : out:sum~7.outpad[0] (.output clocked by clk)
Path Type : hold

Point                                                             Incr      Path
--------------------------------------------------------------------------------
clock clk (rise edge)                                            0.000     0.000
clock source latency                                             0.000     0.000
clk.inpad[0] (.input)                                            0.000     0.000
sum~7.clk[0] (.latch)                                            0.000     0.000
sum~7.Q[0] (.latch) [clock-to-output]                            0.124     0.124
out:sum~7.outpad[0] (.output)                                    0.478     0.602
data arrival time                                                          0.602

clock clk (rise edge)                                            0.000     0.000
clock source latency                                             0.000     0.000
clock uncertainty                                                0.000     0.000
output external delay                                            0.000     0.000
data required time                                                         0.000
--------------------------------------------------------------------------------
data required time                                                        -0.000
data arrival time                                                          0.602
--------------------------------------------------------------------------------
slack (MET)                                                                0.602


#Path 33
Startpoint: sum~0.Q[0] (.latch clocked by clk)
Endpoint  : out:sum~0.outpad[0] (.output clocked by clk)
Path Type : hold

Point                                                             Incr      Path
--------------------------------------------------------------------------------
clock clk (rise edge)                                            0.000     0.000
clock source latency                                             0.000     0.000
clk.inpad[0] (.input)                                            0.000     0.000
sum~0.clk[0] (.latch)                                            0.000     0.000
sum~0.Q[0] (.latch) [clock-to-output]                            0.124     0.124
out:sum~0.outpad[0] (.output)                                    0.481     0.605
data arrival time                                                          0.605

clock clk (rise edge)                                            0.000     0.000
clock source latency                                             0.000     0.000
clock uncertainty                                                0.000     0.000
output external delay                                            0.000     0.000
data required time                                                         0.000
--------------------------------------------------------------------------------
data required time                                                        -0.000
data arrival time                                                          0.605
--------------------------------------------------------------------------------
slack (MET)                                                                0.605


#Path 34
Startpoint: sum~14.Q[0] (.latch clocked by clk)
Endpoint  : out:sum~14.outpad[0] (.output clocked by clk)
Path Type : hold

Point                                                             Incr      Path
--------------------------------------------------------------------------------
clock clk (rise edge)                                            0.000     0.000
clock source latency                                             0.000     0.000
clk.inpad[0] (.input)                                            0.000     0.000
sum~14.clk[0] (.latch)                                           0.000     0.000
sum~14.Q[0] (.latch) [clock-to-output]                           0.124     0.124
out:sum~14.outpad[0] (.output)                                   0.485     0.609
data arrival time                                                          0.609

clock clk (rise edge)                                            0.000     0.000
clock source latency                                             0.000     0.000
clock uncertainty                                                0.000     0.000
output external delay                                            0.000     0.000
data required time                                                         0.000
--------------------------------------------------------------------------------
data required time                                                        -0.000
data arrival time                                                          0.609
--------------------------------------------------------------------------------
slack (MET)                                                                0.609


#End of timing report
