#Packing pin usage report
Type: io
	Input Pin Usage:
		Max: 1.00 (0.50)
		Avg: 0.50 (0.25)
		Min: 0.00 (0.00)
		Histogram:
		[        0:      0.2) 64 ( 50.0%) |************************************************
		[      0.2:      0.4)  0 (  0.0%) |
		[      0.4:      0.6)  0 (  0.0%) |
		[      0.6:      0.8)  0 (  0.0%) |
		[      0.8:        1) 64 ( 50.0%) |************************************************
		[        1:      1.2)  0 (  0.0%) |
		[      1.2:      1.4)  0 (  0.0%) |
		[      1.4:      1.6)  0 (  0.0%) |
		[      1.6:      1.8)  0 (  0.0%) |
		[      1.8:        2)  0 (  0.0%) |
	Output Pin Usage:
		Max: 1.00 (1.00)
		Avg: 0.50 (0.50)
		Min: 0.00 (0.00)
		Histogram:
		[        0:      0.1) 64 ( 50.0%) |************************************************
		[      0.1:      0.2)  0 (  0.0%) |
		[      0.2:      0.3)  0 (  0.0%) |
		[      0.3:      0.4)  0 (  0.0%) |
		[      0.4:      0.5)  0 (  0.0%) |
		[      0.5:      0.6)  0 (  0.0%) |
		[      0.6:      0.7)  0 (  0.0%) |
		[      0.7:      0.8)  0 (  0.0%) |
		[      0.8:      0.9)  0 (  0.0%) |
		[      0.9:        1) 64 ( 50.0%) |************************************************

Type: clb
	Input Pin Usage:
		Max: 48.00 (0.89)
		Avg: 32.06 (0.59)
		Min: 3.00 (0.06)
		Histogram:
		[        0:      5.4)  3 (  1.9%) |***
		[      5.4:       11)  1 (  0.6%) |*
		[       11:       16)  1 (  0.6%) |*
		[       16:       22)  4 (  2.5%) |****
		[       22:       27) 29 ( 18.1%) |*****************************
		[       27:       32) 43 ( 26.9%) |*******************************************
		[       32:       38) 48 ( 30.0%) |************************************************
		[       38:       43) 23 ( 14.4%) |***********************
		[       43:       49)  8 (  5.0%) |********
		[       49:       54)  0 (  0.0%) |
	Output Pin Usage:
		Max: 18.00 (0.86)
		Avg: 10.54 (0.50)
		Min: 1.00 (0.05)
		Histogram:
		[        0:      2.1)  3 (  1.9%) |***
		[      2.1:      4.2)  1 (  0.6%) |*
		[      4.2:      6.3)  5 (  3.1%) |*****
		[      6.3:      8.4) 25 ( 15.6%) |*************************
		[      8.4:       10) 43 ( 26.9%) |*******************************************
		[       10:       13) 48 ( 30.0%) |************************************************
		[       13:       15) 20 ( 12.5%) |********************
		[       15:       17) 13 (  8.1%) |*************
		[       17:       19)  2 (  1.2%) |**
		[       19:       21)  0 (  0.0%) |

