#Timing report of worst 17 path(s)
# Unit scale: 1e-09 seconds
# Output precision: 3

#Path 1
Startpoint: A~4.inpad[0] (.input clocked by virtual_io_clock)
Endpoint  : out:S~4.outpad[0] (.output clocked by virtual_io_clock)
Path Type : hold

Point                                                             Incr      Path
--------------------------------------------------------------------------------
clock virtual_io_clock (rise edge)                               0.000     0.000
clock source latency                                             0.000     0.000
input external delay                                             0.000     0.000
A~4.inpad[0] (.input)                                            0.000     0.000
out:S~4.outpad[0] (.output)                                      0.169     0.169
data arrival time                                                          0.169

clock virtual_io_clock (rise edge)                               0.000     0.000
clock source latency                                             0.000     0.000
clock uncertainty                                                0.000     0.000
output external delay                                            0.000     0.000
data required time                                                         0.000
--------------------------------------------------------------------------------
data required time                                                        -0.000
data arrival time                                                          0.169
--------------------------------------------------------------------------------
slack (MET)                                                                0.169


#Path 2
Startpoint: A~7.inpad[0] (.input clocked by virtual_io_clock)
Endpoint  : out:S~7.outpad[0] (.output clocked by virtual_io_clock)
Path Type : hold

Point                                                             Incr      Path
--------------------------------------------------------------------------------
clock virtual_io_clock (rise edge)                               0.000     0.000
clock source latency                                             0.000     0.000
input external delay                                             0.000     0.000
A~7.inpad[0] (.input)                                            0.000     0.000
out:S~7.outpad[0] (.output)                                      0.171     0.171
data arrival time                                                          0.171

clock virtual_io_clock (rise edge)                               0.000     0.000
clock source latency                                             0.000     0.000
clock uncertainty                                                0.000     0.000
output external delay                                            0.000     0.000
data required time                                                         0.000
--------------------------------------------------------------------------------
data required time                                                        -0.000
data arrival time                                                          0.171
--------------------------------------------------------------------------------
slack (MET)                                                                0.171


#Path 3
Startpoint: A~0.inpad[0] (.input clocked by virtual_io_clock)
Endpoint  : out:S~0.outpad[0] (.output clocked by virtual_io_clock)
Path Type : hold

Point                                                             Incr      Path
--------------------------------------------------------------------------------
clock virtual_io_clock (rise edge)                               0.000     0.000
clock source latency                                             0.000     0.000
input external delay                                             0.000     0.000
A~0.inpad[0] (.input)                                            0.000     0.000
out:S~0.outpad[0] (.output)                                      0.227     0.227
data arrival time                                                          0.227

clock virtual_io_clock (rise edge)                               0.000     0.000
clock source latency                                             0.000     0.000
clock uncertainty                                                0.000     0.000
output external delay                                            0.000     0.000
data required time                                                         0.000
--------------------------------------------------------------------------------
data required time                                                        -0.000
data arrival time                                                          0.227
--------------------------------------------------------------------------------
slack (MET)                                                                0.227


#Path 4
Startpoint: A~3.inpad[0] (.input clocked by virtual_io_clock)
Endpoint  : out:S~3.outpad[0] (.output clocked by virtual_io_clock)
Path Type : hold

Point                                                             Incr      Path
--------------------------------------------------------------------------------
clock virtual_io_clock (rise edge)                               0.000     0.000
clock source latency                                             0.000     0.000
input external delay                                             0.000     0.000
A~3.inpad[0] (.input)                                            0.000     0.000
out:S~3.outpad[0] (.output)                                      0.241     0.241
data arrival time                                                          0.241

clock virtual_io_clock (rise edge)                               0.000     0.000
clock source latency                                             0.000     0.000
clock uncertainty                                                0.000     0.000
output external delay                                            0.000     0.000
data required time                                                         0.000
--------------------------------------------------------------------------------
data required time                                                        -0.000
data arrival time                                                          0.241
--------------------------------------------------------------------------------
slack (MET)                                                                0.241


#Path 5
Startpoint: A~5.inpad[0] (.input clocked by virtual_io_clock)
Endpoint  : out:S~5.outpad[0] (.output clocked by virtual_io_clock)
Path Type : hold

Point                                                             Incr      Path
--------------------------------------------------------------------------------
clock virtual_io_clock (rise edge)                               0.000     0.000
clock source latency                                             0.000     0.000
input external delay                                             0.000     0.000
A~5.inpad[0] (.input)                                            0.000     0.000
out:S~5.outpad[0] (.output)                                      0.241     0.241
data arrival time                                                          0.241

clock virtual_io_clock (rise edge)                               0.000     0.000
clock source latency                                             0.000     0.000
clock uncertainty                                                0.000     0.000
output external delay                                            0.000     0.000
data required time                                                         0.000
--------------------------------------------------------------------------------
data required time                                                        -0.000
data arrival time                                                          0.241
--------------------------------------------------------------------------------
slack (MET)                                                                0.241


#Path 6
Startpoint: A~6.inpad[0] (.input clocked by virtual_io_clock)
Endpoint  : out:S~6.outpad[0] (.output clocked by virtual_io_clock)
Path Type : hold

Point                                                             Incr      Path
--------------------------------------------------------------------------------
clock virtual_io_clock (rise edge)                               0.000     0.000
clock source latency                                             0.000     0.000
input external delay                                             0.000     0.000
A~6.inpad[0] (.input)                                            0.000     0.000
out:S~6.outpad[0] (.output)                                      0.242     0.242
data arrival time                                                          0.242

clock virtual_io_clock (rise edge)                               0.000     0.000
clock source latency                                             0.000     0.000
clock uncertainty                                                0.000     0.000
output external delay                                            0.000     0.000
data required time                                                         0.000
--------------------------------------------------------------------------------
data required time                                                        -0.000
data arrival time                                                          0.242
--------------------------------------------------------------------------------
slack (MET)                                                                0.242


#Path 7
Startpoint: A~2.inpad[0] (.input clocked by virtual_io_clock)
Endpoint  : out:S~2.outpad[0] (.output clocked by virtual_io_clock)
Path Type : hold

Point                                                             Incr      Path
--------------------------------------------------------------------------------
clock virtual_io_clock (rise edge)                               0.000     0.000
clock source latency                                             0.000     0.000
input external delay                                             0.000     0.000
A~2.inpad[0] (.input)                                            0.000     0.000
out:S~2.outpad[0] (.output)                                      0.243     0.243
data arrival time                                                          0.243

clock virtual_io_clock (rise edge)                               0.000     0.000
clock source latency                                             0.000     0.000
clock uncertainty                                                0.000     0.000
output external delay                                            0.000     0.000
data required time                                                         0.000
--------------------------------------------------------------------------------
data required time                                                        -0.000
data arrival time                                                          0.243
--------------------------------------------------------------------------------
slack (MET)                                                                0.243


#Path 8
Startpoint: B~10.inpad[0] (.input clocked by virtual_io_clock)
Endpoint  : out:S~10.outpad[0] (.output clocked by virtual_io_clock)
Path Type : hold

Point                                                             Incr      Path
--------------------------------------------------------------------------------
clock virtual_io_clock (rise edge)                               0.000     0.000
clock source latency                                             0.000     0.000
input external delay                                             0.000     0.000
B~10.inpad[0] (.input)                                           0.000     0.000
S~10.in[2] (.names)                                              0.150     0.150
S~10.out[0] (.names)                                             0.235     0.385
out:S~10.outpad[0] (.output)                                     0.150     0.535
data arrival time                                                          0.535

clock virtual_io_clock (rise edge)                               0.000     0.000
clock source latency                                             0.000     0.000
clock uncertainty                                                0.000     0.000
output external delay                                            0.000     0.000
data required time                                                         0.000
--------------------------------------------------------------------------------
data required time                                                        -0.000
data arrival time                                                          0.535
--------------------------------------------------------------------------------
slack (MET)                                                                0.535


#Path 9
Startpoint: B~15.inpad[0] (.input clocked by virtual_io_clock)
Endpoint  : out:S~15.outpad[0] (.output clocked by virtual_io_clock)
Path Type : hold

Point                                                             Incr      Path
--------------------------------------------------------------------------------
clock virtual_io_clock (rise edge)                               0.000     0.000
clock source latency                                             0.000     0.000
input external delay                                             0.000     0.000
B~15.inpad[0] (.input)                                           0.000     0.000
S~15.in[4] (.names)                                              0.167     0.167
S~15.out[0] (.names)                                             0.261     0.428
out:S~15.outpad[0] (.output)                                     0.150     0.579
data arrival time                                                          0.579

clock virtual_io_clock (rise edge)                               0.000     0.000
clock source latency                                             0.000     0.000
clock uncertainty                                                0.000     0.000
output external delay                                            0.000     0.000
data required time                                                         0.000
--------------------------------------------------------------------------------
data required time                                                        -0.000
data arrival time                                                          0.579
--------------------------------------------------------------------------------
slack (MET)                                                                0.579


#Path 10
Startpoint: B~12.inpad[0] (.input clocked by virtual_io_clock)
Endpoint  : out:S~13.outpad[0] (.output clocked by virtual_io_clock)
Path Type : hold

Point                                                             Incr      Path
--------------------------------------------------------------------------------
clock virtual_io_clock (rise edge)                               0.000     0.000
clock source latency                                             0.000     0.000
input external delay                                             0.000     0.000
B~12.inpad[0] (.input)                                           0.000     0.000
S~13.in[2] (.names)                                              0.170     0.170
S~13.out[0] (.names)                                             0.261     0.431
out:S~13.outpad[0] (.output)                                     0.150     0.581
data arrival time                                                          0.581

clock virtual_io_clock (rise edge)                               0.000     0.000
clock source latency                                             0.000     0.000
clock uncertainty                                                0.000     0.000
output external delay                                            0.000     0.000
data required time                                                         0.000
--------------------------------------------------------------------------------
data required time                                                        -0.000
data arrival time                                                          0.581
--------------------------------------------------------------------------------
slack (MET)                                                                0.581


#Path 11
Startpoint: A~1.inpad[0] (.input clocked by virtual_io_clock)
Endpoint  : out:S~1.outpad[0] (.output clocked by virtual_io_clock)
Path Type : hold

Point                                                             Incr      Path
--------------------------------------------------------------------------------
clock virtual_io_clock (rise edge)                               0.000     0.000
clock source latency                                             0.000     0.000
input external delay                                             0.000     0.000
A~1.inpad[0] (.input)                                            0.000     0.000
out:S~1.outpad[0] (.output)                                      0.603     0.603
data arrival time                                                          0.603

clock virtual_io_clock (rise edge)                               0.000     0.000
clock source latency                                             0.000     0.000
clock uncertainty                                                0.000     0.000
output external delay                                            0.000     0.000
data required time                                                         0.000
--------------------------------------------------------------------------------
data required time                                                        -0.000
data arrival time                                                          0.603
--------------------------------------------------------------------------------
slack (MET)                                                                0.603


#Path 12
Startpoint: A~11.inpad[0] (.input clocked by virtual_io_clock)
Endpoint  : out:S~11.outpad[0] (.output clocked by virtual_io_clock)
Path Type : hold

Point                                                             Incr      Path
--------------------------------------------------------------------------------
clock virtual_io_clock (rise edge)                               0.000     0.000
clock source latency                                             0.000     0.000
input external delay                                             0.000     0.000
A~11.inpad[0] (.input)                                           0.000     0.000
S~11.in[2] (.names)                                              0.150     0.150
S~11.out[0] (.names)                                             0.235     0.385
out:S~11.outpad[0] (.output)                                     0.246     0.631
data arrival time                                                          0.631

clock virtual_io_clock (rise edge)                               0.000     0.000
clock source latency                                             0.000     0.000
clock uncertainty                                                0.000     0.000
output external delay                                            0.000     0.000
data required time                                                         0.000
--------------------------------------------------------------------------------
data required time                                                        -0.000
data arrival time                                                          0.631
--------------------------------------------------------------------------------
slack (MET)                                                                0.631


#Path 13
Startpoint: A~8.inpad[0] (.input clocked by virtual_io_clock)
Endpoint  : out:S~9.outpad[0] (.output clocked by virtual_io_clock)
Path Type : hold

Point                                                             Incr      Path
--------------------------------------------------------------------------------
clock virtual_io_clock (rise edge)                               0.000     0.000
clock source latency                                             0.000     0.000
input external delay                                             0.000     0.000
A~8.inpad[0] (.input)                                            0.000     0.000
S~9.in[1] (.names)                                               0.170     0.170
S~9.out[0] (.names)                                              0.235     0.405
out:S~9.outpad[0] (.output)                                      0.227     0.632
data arrival time                                                          0.632

clock virtual_io_clock (rise edge)                               0.000     0.000
clock source latency                                             0.000     0.000
clock uncertainty                                                0.000     0.000
output external delay                                            0.000     0.000
data required time                                                         0.000
--------------------------------------------------------------------------------
data required time                                                        -0.000
data arrival time                                                          0.632
--------------------------------------------------------------------------------
slack (MET)                                                                0.632


#Path 14
Startpoint: B~15.inpad[0] (.input clocked by virtual_io_clock)
Endpoint  : out:Cout.outpad[0] (.output clocked by virtual_io_clock)
Path Type : hold

Point                                                             Incr      Path
--------------------------------------------------------------------------------
clock virtual_io_clock (rise edge)                               0.000     0.000
clock source latency                                             0.000     0.000
input external delay                                             0.000     0.000
B~15.inpad[0] (.input)                                           0.000     0.000
Cout.in[1] (.names)                                              0.167     0.167
Cout.out[0] (.names)                                             0.261     0.428
out:Cout.outpad[0] (.output)                                     0.303     0.731
data arrival time                                                          0.731

clock virtual_io_clock (rise edge)                               0.000     0.000
clock source latency                                             0.000     0.000
clock uncertainty                                                0.000     0.000
output external delay                                            0.000     0.000
data required time                                                         0.000
--------------------------------------------------------------------------------
data required time                                                        -0.000
data arrival time                                                          0.731
--------------------------------------------------------------------------------
slack (MET)                                                                0.731


#Path 15
Startpoint: B~14.inpad[0] (.input clocked by virtual_io_clock)
Endpoint  : out:S~14.outpad[0] (.output clocked by virtual_io_clock)
Path Type : hold

Point                                                             Incr      Path
--------------------------------------------------------------------------------
clock virtual_io_clock (rise edge)                               0.000     0.000
clock source latency                                             0.000     0.000
input external delay                                             0.000     0.000
B~14.inpad[0] (.input)                                           0.000     0.000
S~14.in[2] (.names)                                              0.267     0.267
S~14.out[0] (.names)                                             0.235     0.502
out:S~14.outpad[0] (.output)                                     0.303     0.805
data arrival time                                                          0.805

clock virtual_io_clock (rise edge)                               0.000     0.000
clock source latency                                             0.000     0.000
clock uncertainty                                                0.000     0.000
output external delay                                            0.000     0.000
data required time                                                         0.000
--------------------------------------------------------------------------------
data required time                                                        -0.000
data arrival time                                                          0.805
--------------------------------------------------------------------------------
slack (MET)                                                                0.805


#Path 16
Startpoint: A~8.inpad[0] (.input clocked by virtual_io_clock)
Endpoint  : out:S~8.outpad[0] (.output clocked by virtual_io_clock)
Path Type : hold

Point                                                             Incr      Path
--------------------------------------------------------------------------------
clock virtual_io_clock (rise edge)                               0.000     0.000
clock source latency                                             0.000     0.000
input external delay                                             0.000     0.000
A~8.inpad[0] (.input)                                            0.000     0.000
S~8.in[1] (.names)                                               0.170     0.170
S~8.out[0] (.names)                                              0.235     0.405
out:S~8.outpad[0] (.output)                                      0.476     0.881
data arrival time                                                          0.881

clock virtual_io_clock (rise edge)                               0.000     0.000
clock source latency                                             0.000     0.000
clock uncertainty                                                0.000     0.000
output external delay                                            0.000     0.000
data required time                                                         0.000
--------------------------------------------------------------------------------
data required time                                                        -0.000
data arrival time                                                          0.881
--------------------------------------------------------------------------------
slack (MET)                                                                0.881


#Path 17
Startpoint: B~12.inpad[0] (.input clocked by virtual_io_clock)
Endpoint  : out:S~12.outpad[0] (.output clocked by virtual_io_clock)
Path Type : hold

Point                                                             Incr      Path
--------------------------------------------------------------------------------
clock virtual_io_clock (rise edge)                               0.000     0.000
clock source latency                                             0.000     0.000
input external delay                                             0.000     0.000
B~12.inpad[0] (.input)                                           0.000     0.000
S~12.in[3] (.names)                                              0.170     0.170
S~12.out[0] (.names)                                             0.235     0.405
out:S~12.outpad[0] (.output)                                     0.510     0.915
data arrival time                                                          0.915

clock virtual_io_clock (rise edge)                               0.000     0.000
clock source latency                                             0.000     0.000
clock uncertainty                                                0.000     0.000
output external delay                                            0.000     0.000
data required time                                                         0.000
--------------------------------------------------------------------------------
data required time                                                        -0.000
data arrival time                                                          0.915
--------------------------------------------------------------------------------
slack (MET)                                                                0.915


#End of timing report
