#Timing report of worst 17 path(s)
# Unit scale: 1e-09 seconds
# Output precision: 3

#Path 1
Startpoint: A~1.inpad[0] (.input clocked by virtual_io_clock)
Endpoint  : out:Cout.outpad[0] (.output clocked by virtual_io_clock)
Path Type : setup

Point                                                             Incr      Path
--------------------------------------------------------------------------------
clock virtual_io_clock (rise edge)                               0.000     0.000
clock source latency                                             0.000     0.000
input external delay                                             0.000     0.000
A~1.inpad[0] (.input)                                            0.000     0.000
new_n58.in[1] (.names)                                           0.306     0.306
new_n58.out[0] (.names)                                          0.235     0.541
new_n57.in[0] (.names)                                           0.100     0.641
new_n57.out[0] (.names)                                          0.261     0.902
new_n56.in[4] (.names)                                           0.100     1.002
new_n56.out[0] (.names)                                          0.261     1.263
new_n55.in[0] (.names)                                           0.100     1.363
new_n55.out[0] (.names)                                          0.261     1.624
new_n69.in[0] (.names)                                           0.100     1.724
new_n69.out[0] (.names)                                          0.261     1.985
Cout.in[5] (.names)                                              0.100     2.085
Cout.out[0] (.names)                                             0.261     2.346
out:Cout.outpad[0] (.output)                                     0.342     2.687
data arrival time                                                          2.687

clock virtual_io_clock (rise edge)                               0.000     0.000
clock source latency                                             0.000     0.000
clock uncertainty                                                0.000     0.000
output external delay                                            0.000     0.000
data required time                                                         0.000
--------------------------------------------------------------------------------
data required time                                                         0.000
data arrival time                                                         -2.687
--------------------------------------------------------------------------------
slack (VIOLATED)                                                          -2.687


#Path 2
Startpoint: A~1.inpad[0] (.input clocked by virtual_io_clock)
Endpoint  : out:S~12.outpad[0] (.output clocked by virtual_io_clock)
Path Type : setup

Point                                                             Incr      Path
--------------------------------------------------------------------------------
clock virtual_io_clock (rise edge)                               0.000     0.000
clock source latency                                             0.000     0.000
input external delay                                             0.000     0.000
A~1.inpad[0] (.input)                                            0.000     0.000
new_n58.in[1] (.names)                                           0.306     0.306
new_n58.out[0] (.names)                                          0.235     0.541
new_n57.in[0] (.names)                                           0.100     0.641
new_n57.out[0] (.names)                                          0.261     0.902
new_n56.in[4] (.names)                                           0.100     1.002
new_n56.out[0] (.names)                                          0.261     1.263
new_n55.in[0] (.names)                                           0.100     1.363
new_n55.out[0] (.names)                                          0.261     1.624
S~12.in[0] (.names)                                              0.270     1.894
S~12.out[0] (.names)                                             0.235     2.129
out:S~12.outpad[0] (.output)                                     0.549     2.678
data arrival time                                                          2.678

clock virtual_io_clock (rise edge)                               0.000     0.000
clock source latency                                             0.000     0.000
clock uncertainty                                                0.000     0.000
output external delay                                            0.000     0.000
data required time                                                         0.000
--------------------------------------------------------------------------------
data required time                                                         0.000
data arrival time                                                         -2.678
--------------------------------------------------------------------------------
slack (VIOLATED)                                                          -2.678


#Path 3
Startpoint: A~1.inpad[0] (.input clocked by virtual_io_clock)
Endpoint  : out:S~14.outpad[0] (.output clocked by virtual_io_clock)
Path Type : setup

Point                                                             Incr      Path
--------------------------------------------------------------------------------
clock virtual_io_clock (rise edge)                               0.000     0.000
clock source latency                                             0.000     0.000
input external delay                                             0.000     0.000
A~1.inpad[0] (.input)                                            0.000     0.000
new_n58.in[1] (.names)                                           0.306     0.306
new_n58.out[0] (.names)                                          0.235     0.541
new_n57.in[0] (.names)                                           0.100     0.641
new_n57.out[0] (.names)                                          0.261     0.902
new_n56.in[4] (.names)                                           0.100     1.002
new_n56.out[0] (.names)                                          0.261     1.263
new_n55.in[0] (.names)                                           0.100     1.363
new_n55.out[0] (.names)                                          0.261     1.624
new_n69.in[0] (.names)                                           0.100     1.724
new_n69.out[0] (.names)                                          0.261     1.985
S~14.in[0] (.names)                                              0.100     2.085
S~14.out[0] (.names)                                             0.235     2.320
out:S~14.outpad[0] (.output)                                     0.342     2.661
data arrival time                                                          2.661

clock virtual_io_clock (rise edge)                               0.000     0.000
clock source latency                                             0.000     0.000
clock uncertainty                                                0.000     0.000
output external delay                                            0.000     0.000
data required time                                                         0.000
--------------------------------------------------------------------------------
data required time                                                         0.000
data arrival time                                                         -2.661
--------------------------------------------------------------------------------
slack (VIOLATED)                                                          -2.661


#Path 4
Startpoint: A~1.inpad[0] (.input clocked by virtual_io_clock)
Endpoint  : out:S~15.outpad[0] (.output clocked by virtual_io_clock)
Path Type : setup

Point                                                             Incr      Path
--------------------------------------------------------------------------------
clock virtual_io_clock (rise edge)                               0.000     0.000
clock source latency                                             0.000     0.000
input external delay                                             0.000     0.000
A~1.inpad[0] (.input)                                            0.000     0.000
new_n58.in[1] (.names)                                           0.306     0.306
new_n58.out[0] (.names)                                          0.235     0.541
new_n57.in[0] (.names)                                           0.100     0.641
new_n57.out[0] (.names)                                          0.261     0.902
new_n56.in[4] (.names)                                           0.100     1.002
new_n56.out[0] (.names)                                          0.261     1.263
new_n55.in[0] (.names)                                           0.100     1.363
new_n55.out[0] (.names)                                          0.261     1.624
new_n69.in[0] (.names)                                           0.100     1.724
new_n69.out[0] (.names)                                          0.261     1.985
S~15.in[0] (.names)                                              0.100     2.085
S~15.out[0] (.names)                                             0.261     2.346
out:S~15.outpad[0] (.output)                                     0.189     2.535
data arrival time                                                          2.535

clock virtual_io_clock (rise edge)                               0.000     0.000
clock source latency                                             0.000     0.000
clock uncertainty                                                0.000     0.000
output external delay                                            0.000     0.000
data required time                                                         0.000
--------------------------------------------------------------------------------
data required time                                                         0.000
data arrival time                                                         -2.535
--------------------------------------------------------------------------------
slack (VIOLATED)                                                          -2.535


#Path 5
Startpoint: A~1.inpad[0] (.input clocked by virtual_io_clock)
Endpoint  : out:S~11.outpad[0] (.output clocked by virtual_io_clock)
Path Type : setup

Point                                                             Incr      Path
--------------------------------------------------------------------------------
clock virtual_io_clock (rise edge)                               0.000     0.000
clock source latency                                             0.000     0.000
input external delay                                             0.000     0.000
A~1.inpad[0] (.input)                                            0.000     0.000
new_n58.in[1] (.names)                                           0.306     0.306
new_n58.out[0] (.names)                                          0.235     0.541
new_n57.in[0] (.names)                                           0.100     0.641
new_n57.out[0] (.names)                                          0.261     0.902
new_n56.in[4] (.names)                                           0.100     1.002
new_n56.out[0] (.names)                                          0.261     1.263
new_n55.in[0] (.names)                                           0.100     1.363
new_n55.out[0] (.names)                                          0.261     1.624
S~11.in[0] (.names)                                              0.270     1.894
S~11.out[0] (.names)                                             0.235     2.129
out:S~11.outpad[0] (.output)                                     0.285     2.414
data arrival time                                                          2.414

clock virtual_io_clock (rise edge)                               0.000     0.000
clock source latency                                             0.000     0.000
clock uncertainty                                                0.000     0.000
output external delay                                            0.000     0.000
data required time                                                         0.000
--------------------------------------------------------------------------------
data required time                                                         0.000
data arrival time                                                         -2.414
--------------------------------------------------------------------------------
slack (VIOLATED)                                                          -2.414


#Path 6
Startpoint: A~1.inpad[0] (.input clocked by virtual_io_clock)
Endpoint  : out:S~10.outpad[0] (.output clocked by virtual_io_clock)
Path Type : setup

Point                                                             Incr      Path
--------------------------------------------------------------------------------
clock virtual_io_clock (rise edge)                               0.000     0.000
clock source latency                                             0.000     0.000
input external delay                                             0.000     0.000
A~1.inpad[0] (.input)                                            0.000     0.000
new_n58.in[1] (.names)                                           0.306     0.306
new_n58.out[0] (.names)                                          0.235     0.541
new_n57.in[0] (.names)                                           0.100     0.641
new_n57.out[0] (.names)                                          0.261     0.902
new_n56.in[4] (.names)                                           0.100     1.002
new_n56.out[0] (.names)                                          0.261     1.263
new_n85.in[0] (.names)                                           0.364     1.627
new_n85.out[0] (.names)                                          0.235     1.862
S~10.in[0] (.names)                                              0.100     1.962
S~10.out[0] (.names)                                             0.235     2.197
out:S~10.outpad[0] (.output)                                     0.189     2.386
data arrival time                                                          2.386

clock virtual_io_clock (rise edge)                               0.000     0.000
clock source latency                                             0.000     0.000
clock uncertainty                                                0.000     0.000
output external delay                                            0.000     0.000
data required time                                                         0.000
--------------------------------------------------------------------------------
data required time                                                         0.000
data arrival time                                                         -2.386
--------------------------------------------------------------------------------
slack (VIOLATED)                                                          -2.386


#Path 7
Startpoint: A~1.inpad[0] (.input clocked by virtual_io_clock)
Endpoint  : out:S~8.outpad[0] (.output clocked by virtual_io_clock)
Path Type : setup

Point                                                             Incr      Path
--------------------------------------------------------------------------------
clock virtual_io_clock (rise edge)                               0.000     0.000
clock source latency                                             0.000     0.000
input external delay                                             0.000     0.000
A~1.inpad[0] (.input)                                            0.000     0.000
new_n58.in[1] (.names)                                           0.306     0.306
new_n58.out[0] (.names)                                          0.235     0.541
new_n57.in[0] (.names)                                           0.100     0.641
new_n57.out[0] (.names)                                          0.261     0.902
new_n56.in[4] (.names)                                           0.100     1.002
new_n56.out[0] (.names)                                          0.261     1.263
S~8.in[0] (.names)                                               0.364     1.627
S~8.out[0] (.names)                                              0.235     1.862
out:S~8.outpad[0] (.output)                                      0.515     2.377
data arrival time                                                          2.377

clock virtual_io_clock (rise edge)                               0.000     0.000
clock source latency                                             0.000     0.000
clock uncertainty                                                0.000     0.000
output external delay                                            0.000     0.000
data required time                                                         0.000
--------------------------------------------------------------------------------
data required time                                                         0.000
data arrival time                                                         -2.377
--------------------------------------------------------------------------------
slack (VIOLATED)                                                          -2.377


#Path 8
Startpoint: A~1.inpad[0] (.input clocked by virtual_io_clock)
Endpoint  : out:S~13.outpad[0] (.output clocked by virtual_io_clock)
Path Type : setup

Point                                                             Incr      Path
--------------------------------------------------------------------------------
clock virtual_io_clock (rise edge)                               0.000     0.000
clock source latency                                             0.000     0.000
input external delay                                             0.000     0.000
A~1.inpad[0] (.input)                                            0.000     0.000
new_n58.in[1] (.names)                                           0.306     0.306
new_n58.out[0] (.names)                                          0.235     0.541
new_n57.in[0] (.names)                                           0.100     0.641
new_n57.out[0] (.names)                                          0.261     0.902
new_n56.in[4] (.names)                                           0.100     1.002
new_n56.out[0] (.names)                                          0.261     1.263
new_n55.in[0] (.names)                                           0.100     1.363
new_n55.out[0] (.names)                                          0.261     1.624
S~13.in[0] (.names)                                              0.100     1.724
S~13.out[0] (.names)                                             0.261     1.985
out:S~13.outpad[0] (.output)                                     0.188     2.173
data arrival time                                                          2.173

clock virtual_io_clock (rise edge)                               0.000     0.000
clock source latency                                             0.000     0.000
clock uncertainty                                                0.000     0.000
output external delay                                            0.000     0.000
data required time                                                         0.000
--------------------------------------------------------------------------------
data required time                                                         0.000
data arrival time                                                         -2.173
--------------------------------------------------------------------------------
slack (VIOLATED)                                                          -2.173


#Path 9
Startpoint: A~1.inpad[0] (.input clocked by virtual_io_clock)
Endpoint  : out:S~9.outpad[0] (.output clocked by virtual_io_clock)
Path Type : setup

Point                                                             Incr      Path
--------------------------------------------------------------------------------
clock virtual_io_clock (rise edge)                               0.000     0.000
clock source latency                                             0.000     0.000
input external delay                                             0.000     0.000
A~1.inpad[0] (.input)                                            0.000     0.000
new_n58.in[1] (.names)                                           0.306     0.306
new_n58.out[0] (.names)                                          0.235     0.541
new_n57.in[0] (.names)                                           0.100     0.641
new_n57.out[0] (.names)                                          0.261     0.902
new_n56.in[4] (.names)                                           0.100     1.002
new_n56.out[0] (.names)                                          0.261     1.263
S~9.in[0] (.names)                                               0.364     1.627
S~9.out[0] (.names)                                              0.235     1.862
out:S~9.outpad[0] (.output)                                      0.266     2.127
data arrival time                                                          2.127

clock virtual_io_clock (rise edge)                               0.000     0.000
clock source latency                                             0.000     0.000
clock uncertainty                                                0.000     0.000
output external delay                                            0.000     0.000
data required time                                                         0.000
--------------------------------------------------------------------------------
data required time                                                         0.000
data arrival time                                                         -2.127
--------------------------------------------------------------------------------
slack (VIOLATED)                                                          -2.127


#Path 10
Startpoint: A~1.inpad[0] (.input clocked by virtual_io_clock)
Endpoint  : out:S~1.outpad[0] (.output clocked by virtual_io_clock)
Path Type : setup

Point                                                             Incr      Path
--------------------------------------------------------------------------------
clock virtual_io_clock (rise edge)                               0.000     0.000
clock source latency                                             0.000     0.000
input external delay                                             0.000     0.000
A~1.inpad[0] (.input)                                            0.000     0.000
out:S~1.outpad[0] (.output)                                      0.659     0.659
data arrival time                                                          0.659

clock virtual_io_clock (rise edge)                               0.000     0.000
clock source latency                                             0.000     0.000
clock uncertainty                                                0.000     0.000
output external delay                                            0.000     0.000
data required time                                                         0.000
--------------------------------------------------------------------------------
data required time                                                         0.000
data arrival time                                                         -0.659
--------------------------------------------------------------------------------
slack (VIOLATED)                                                          -0.659


#Path 11
Startpoint: A~2.inpad[0] (.input clocked by virtual_io_clock)
Endpoint  : out:S~2.outpad[0] (.output clocked by virtual_io_clock)
Path Type : setup

Point                                                             Incr      Path
--------------------------------------------------------------------------------
clock virtual_io_clock (rise edge)                               0.000     0.000
clock source latency                                             0.000     0.000
input external delay                                             0.000     0.000
A~2.inpad[0] (.input)                                            0.000     0.000
out:S~2.outpad[0] (.output)                                      0.299     0.299
data arrival time                                                          0.299

clock virtual_io_clock (rise edge)                               0.000     0.000
clock source latency                                             0.000     0.000
clock uncertainty                                                0.000     0.000
output external delay                                            0.000     0.000
data required time                                                         0.000
--------------------------------------------------------------------------------
data required time                                                         0.000
data arrival time                                                         -0.299
--------------------------------------------------------------------------------
slack (VIOLATED)                                                          -0.299


#Path 12
Startpoint: A~6.inpad[0] (.input clocked by virtual_io_clock)
Endpoint  : out:S~6.outpad[0] (.output clocked by virtual_io_clock)
Path Type : setup

Point                                                             Incr      Path
--------------------------------------------------------------------------------
clock virtual_io_clock (rise edge)                               0.000     0.000
clock source latency                                             0.000     0.000
input external delay                                             0.000     0.000
A~6.inpad[0] (.input)                                            0.000     0.000
out:S~6.outpad[0] (.output)                                      0.298     0.298
data arrival time                                                          0.298

clock virtual_io_clock (rise edge)                               0.000     0.000
clock source latency                                             0.000     0.000
clock uncertainty                                                0.000     0.000
output external delay                                            0.000     0.000
data required time                                                         0.000
--------------------------------------------------------------------------------
data required time                                                         0.000
data arrival time                                                         -0.298
--------------------------------------------------------------------------------
slack (VIOLATED)                                                          -0.298


#Path 13
Startpoint: A~5.inpad[0] (.input clocked by virtual_io_clock)
Endpoint  : out:S~5.outpad[0] (.output clocked by virtual_io_clock)
Path Type : setup

Point                                                             Incr      Path
--------------------------------------------------------------------------------
clock virtual_io_clock (rise edge)                               0.000     0.000
clock source latency                                             0.000     0.000
input external delay                                             0.000     0.000
A~5.inpad[0] (.input)                                            0.000     0.000
out:S~5.outpad[0] (.output)                                      0.297     0.297
data arrival time                                                          0.297

clock virtual_io_clock (rise edge)                               0.000     0.000
clock source latency                                             0.000     0.000
clock uncertainty                                                0.000     0.000
output external delay                                            0.000     0.000
data required time                                                         0.000
--------------------------------------------------------------------------------
data required time                                                         0.000
data arrival time                                                         -0.297
--------------------------------------------------------------------------------
slack (VIOLATED)                                                          -0.297


#Path 14
Startpoint: A~3.inpad[0] (.input clocked by virtual_io_clock)
Endpoint  : out:S~3.outpad[0] (.output clocked by virtual_io_clock)
Path Type : setup

Point                                                             Incr      Path
--------------------------------------------------------------------------------
clock virtual_io_clock (rise edge)                               0.000     0.000
clock source latency                                             0.000     0.000
input external delay                                             0.000     0.000
A~3.inpad[0] (.input)                                            0.000     0.000
out:S~3.outpad[0] (.output)                                      0.297     0.297
data arrival time                                                          0.297

clock virtual_io_clock (rise edge)                               0.000     0.000
clock source latency                                             0.000     0.000
clock uncertainty                                                0.000     0.000
output external delay                                            0.000     0.000
data required time                                                         0.000
--------------------------------------------------------------------------------
data required time                                                         0.000
data arrival time                                                         -0.297
--------------------------------------------------------------------------------
slack (VIOLATED)                                                          -0.297


#Path 15
Startpoint: A~0.inpad[0] (.input clocked by virtual_io_clock)
Endpoint  : out:S~0.outpad[0] (.output clocked by virtual_io_clock)
Path Type : setup

Point                                                             Incr      Path
--------------------------------------------------------------------------------
clock virtual_io_clock (rise edge)                               0.000     0.000
clock source latency                                             0.000     0.000
input external delay                                             0.000     0.000
A~0.inpad[0] (.input)                                            0.000     0.000
out:S~0.outpad[0] (.output)                                      0.284     0.284
data arrival time                                                          0.284

clock virtual_io_clock (rise edge)                               0.000     0.000
clock source latency                                             0.000     0.000
clock uncertainty                                                0.000     0.000
output external delay                                            0.000     0.000
data required time                                                         0.000
--------------------------------------------------------------------------------
data required time                                                         0.000
data arrival time                                                         -0.284
--------------------------------------------------------------------------------
slack (VIOLATED)                                                          -0.284


#Path 16
Startpoint: A~7.inpad[0] (.input clocked by virtual_io_clock)
Endpoint  : out:S~7.outpad[0] (.output clocked by virtual_io_clock)
Path Type : setup

Point                                                             Incr      Path
--------------------------------------------------------------------------------
clock virtual_io_clock (rise edge)                               0.000     0.000
clock source latency                                             0.000     0.000
input external delay                                             0.000     0.000
A~7.inpad[0] (.input)                                            0.000     0.000
out:S~7.outpad[0] (.output)                                      0.227     0.227
data arrival time                                                          0.227

clock virtual_io_clock (rise edge)                               0.000     0.000
clock source latency                                             0.000     0.000
clock uncertainty                                                0.000     0.000
output external delay                                            0.000     0.000
data required time                                                         0.000
--------------------------------------------------------------------------------
data required time                                                         0.000
data arrival time                                                         -0.227
--------------------------------------------------------------------------------
slack (VIOLATED)                                                          -0.227


#Path 17
Startpoint: A~4.inpad[0] (.input clocked by virtual_io_clock)
Endpoint  : out:S~4.outpad[0] (.output clocked by virtual_io_clock)
Path Type : setup

Point                                                             Incr      Path
--------------------------------------------------------------------------------
clock virtual_io_clock (rise edge)                               0.000     0.000
clock source latency                                             0.000     0.000
input external delay                                             0.000     0.000
A~4.inpad[0] (.input)                                            0.000     0.000
out:S~4.outpad[0] (.output)                                      0.226     0.226
data arrival time                                                          0.226

clock virtual_io_clock (rise edge)                               0.000     0.000
clock source latency                                             0.000     0.000
clock uncertainty                                                0.000     0.000
output external delay                                            0.000     0.000
data required time                                                         0.000
--------------------------------------------------------------------------------
data required time                                                         0.000
data arrival time                                                         -0.226
--------------------------------------------------------------------------------
slack (VIOLATED)                                                          -0.226


#End of timing report
