#! /usr/bin/vvp
:ivl_version "12.0 (stable)";
:ivl_delay_selection "TYPICAL";
:vpi_time_precision + 0;
:vpi_module "/usr/lib/x86_64-linux-gnu/ivl/system.vpi";
:vpi_module "/usr/lib/x86_64-linux-gnu/ivl/vhdl_sys.vpi";
:vpi_module "/usr/lib/x86_64-linux-gnu/ivl/vhdl_textio.vpi";
:vpi_module "/usr/lib/x86_64-linux-gnu/ivl/v2005_math.vpi";
:vpi_module "/usr/lib/x86_64-linux-gnu/ivl/va_math.vpi";
S_0x5594571fa1c0 .scope module, "tb_brentk_16b" "tb_brentk_16b" 2 1;
 .timescale 0 0;
v0x559457221180_0 .var "a", 15 0;
v0x559457221280_0 .var "b", 15 0;
v0x559457221360_0 .var "clk", 0 0;
v0x559457221400_0 .var/i "i", 31 0;
v0x5594572214a0 .array "memA", 999999 0, 15 0;
v0x559457221560 .array "memB", 999999 0, 15 0;
v0x559457221620_0 .var/i "out_file", 31 0;
v0x559457221700_0 .var "rst", 0 0;
v0x5594572217a0_0 .net "sum", 16 0, L_0x55945723be50;  1 drivers
L_0x559457239920 .part v0x559457221280_0, 7, 1;
L_0x5594572399f0 .part v0x559457221280_0, 15, 1;
L_0x559457239ae0 .part v0x559457221280_0, 14, 1;
L_0x559457239b80 .part v0x559457221280_0, 13, 1;
L_0x559457239ce0 .part v0x559457221280_0, 12, 1;
L_0x559457239d80 .part v0x559457221280_0, 11, 1;
L_0x559457239ef0 .part v0x559457221280_0, 10, 1;
L_0x55945723a020 .part v0x559457221280_0, 9, 1;
L_0x55945723a1a0 .part v0x559457221280_0, 8, 1;
L_0x55945723a240 .part v0x559457221280_0, 6, 1;
L_0x55945723a3d0 .part v0x559457221280_0, 5, 1;
L_0x55945723a500 .part v0x559457221280_0, 4, 1;
L_0x55945723a6a0 .part v0x559457221280_0, 3, 1;
L_0x55945723a7d0 .part v0x559457221280_0, 2, 1;
L_0x55945723a870 .part v0x559457221280_0, 1, 1;
L_0x55945723a9a0 .part v0x559457221280_0, 0, 1;
L_0x55945723ab60 .part v0x559457221180_0, 15, 1;
L_0x55945723ac00 .part v0x559457221180_0, 14, 1;
L_0x55945723ad40 .part v0x559457221180_0, 13, 1;
L_0x55945723ade0 .part v0x559457221180_0, 12, 1;
L_0x55945723aca0 .part v0x559457221180_0, 11, 1;
L_0x55945723b050 .part v0x559457221180_0, 10, 1;
L_0x55945723b240 .part v0x559457221180_0, 9, 1;
L_0x55945723b370 .part v0x559457221180_0, 8, 1;
L_0x55945723b570 .part v0x559457221180_0, 7, 1;
L_0x55945723b610 .part v0x559457221180_0, 6, 1;
L_0x55945723b790 .part v0x559457221180_0, 5, 1;
L_0x55945723b830 .part v0x559457221180_0, 4, 1;
L_0x55945723b9c0 .part v0x559457221180_0, 3, 1;
L_0x55945723ba60 .part v0x559457221180_0, 2, 1;
L_0x55945723bc00 .part v0x559457221180_0, 1, 1;
L_0x55945723bca0 .part v0x559457221180_0, 0, 1;
LS_0x55945723be50_0_0 .concat8 [ 1 1 1 1], v0x5594571fe9f0_0, v0x5594571fed60_0, v0x559457218670_0, v0x559457218730_0;
LS_0x55945723be50_0_4 .concat8 [ 1 1 1 1], v0x5594572187f0_0, v0x5594572188b0_0, v0x559457218970_0, v0x559457218a30_0;
LS_0x55945723be50_0_8 .concat8 [ 1 1 1 1], v0x559457218af0_0, v0x559457218bb0_0, v0x5594571ff0d0_0, v0x5594571ff440_0;
LS_0x55945723be50_0_12 .concat8 [ 1 1 1 1], v0x5594571ff7b0_0, v0x5594571ffb20_0, v0x5594571ffe90_0, v0x5594572184f0_0;
LS_0x55945723be50_0_16 .concat8 [ 1 0 0 0], v0x5594572185b0_0;
LS_0x55945723be50_1_0 .concat8 [ 4 4 4 4], LS_0x55945723be50_0_0, LS_0x55945723be50_0_4, LS_0x55945723be50_0_8, LS_0x55945723be50_0_12;
LS_0x55945723be50_1_4 .concat8 [ 1 0 0 0], LS_0x55945723be50_0_16;
L_0x55945723be50 .concat8 [ 16 1 0 0], LS_0x55945723be50_1_0, LS_0x55945723be50_1_4;
S_0x5594571f0e70 .scope module, "UUT" "UBBKA_15_0_15_0" 2 14, 3 3 0, S_0x5594571fa1c0;
 .timescale 0 0;
    .port_info 0 /INPUT 1 "Y~7";
    .port_info 1 /INPUT 1 "rst";
    .port_info 2 /INPUT 1 "clk";
    .port_info 3 /INPUT 1 "Y~15";
    .port_info 4 /INPUT 1 "Y~14";
    .port_info 5 /INPUT 1 "Y~13";
    .port_info 6 /INPUT 1 "Y~12";
    .port_info 7 /INPUT 1 "Y~11";
    .port_info 8 /INPUT 1 "Y~10";
    .port_info 9 /INPUT 1 "Y~9";
    .port_info 10 /INPUT 1 "Y~8";
    .port_info 11 /INPUT 1 "Y~6";
    .port_info 12 /INPUT 1 "Y~5";
    .port_info 13 /INPUT 1 "Y~4";
    .port_info 14 /INPUT 1 "Y~3";
    .port_info 15 /INPUT 1 "Y~2";
    .port_info 16 /INPUT 1 "Y~1";
    .port_info 17 /INPUT 1 "Y~0";
    .port_info 18 /INPUT 1 "X~15";
    .port_info 19 /INPUT 1 "X~14";
    .port_info 20 /INPUT 1 "X~13";
    .port_info 21 /INPUT 1 "X~12";
    .port_info 22 /INPUT 1 "X~11";
    .port_info 23 /INPUT 1 "X~10";
    .port_info 24 /INPUT 1 "X~9";
    .port_info 25 /INPUT 1 "X~8";
    .port_info 26 /INPUT 1 "X~7";
    .port_info 27 /INPUT 1 "X~6";
    .port_info 28 /INPUT 1 "X~5";
    .port_info 29 /INPUT 1 "X~4";
    .port_info 30 /INPUT 1 "X~3";
    .port_info 31 /INPUT 1 "X~2";
    .port_info 32 /INPUT 1 "X~1";
    .port_info 33 /INPUT 1 "X~0";
    .port_info 34 /OUTPUT 1 "S~8";
    .port_info 35 /OUTPUT 1 "S~9";
    .port_info 36 /OUTPUT 1 "S~7";
    .port_info 37 /OUTPUT 1 "S~6";
    .port_info 38 /OUTPUT 1 "S~5";
    .port_info 39 /OUTPUT 1 "S~4";
    .port_info 40 /OUTPUT 1 "S~3";
    .port_info 41 /OUTPUT 1 "S~2";
    .port_info 42 /OUTPUT 1 "S~1";
    .port_info 43 /OUTPUT 1 "S~0";
    .port_info 44 /OUTPUT 1 "S~14";
    .port_info 45 /OUTPUT 1 "S~15";
    .port_info 46 /OUTPUT 1 "S~16";
    .port_info 47 /OUTPUT 1 "S~10";
    .port_info 48 /OUTPUT 1 "S~11";
    .port_info 49 /OUTPUT 1 "S~12";
    .port_info 50 /OUTPUT 1 "S~13";
L_0x5594571f4340 .functor BUFZ 1, L_0x559457239920, C4<0>, C4<0>, C4<0>;
L_0x5594571f4680 .functor BUFZ 1, L_0x55945723a240, C4<0>, C4<0>, C4<0>;
L_0x5594571f49c0 .functor BUFZ 1, L_0x55945723a3d0, C4<0>, C4<0>, C4<0>;
L_0x5594571f4d00 .functor BUFZ 1, L_0x55945723a500, C4<0>, C4<0>, C4<0>;
L_0x5594571f5040 .functor BUFZ 1, L_0x55945723a6a0, C4<0>, C4<0>, C4<0>;
L_0x5594571f5380 .functor BUFZ 1, L_0x55945723a7d0, C4<0>, C4<0>, C4<0>;
L_0x559457202f90 .functor BUFZ 1, L_0x55945723a870, C4<0>, C4<0>, C4<0>;
L_0x5594572328f0 .functor BUFZ 1, L_0x55945723a9a0, C4<0>, C4<0>, C4<0>;
v0x5594571fe9f0_0 .var "S~0", 0 0;
v0x5594571fed60_0 .var "S~1", 0 0;
v0x5594571ff0d0_0 .var "S~10", 0 0;
v0x5594571ff440_0 .var "S~11", 0 0;
v0x5594571ff7b0_0 .var "S~12", 0 0;
v0x5594571ffb20_0 .var "S~13", 0 0;
v0x5594571ffe90_0 .var "S~14", 0 0;
v0x5594572184f0_0 .var "S~15", 0 0;
v0x5594572185b0_0 .var "S~16", 0 0;
v0x559457218670_0 .var "S~2", 0 0;
v0x559457218730_0 .var "S~3", 0 0;
v0x5594572187f0_0 .var "S~4", 0 0;
v0x5594572188b0_0 .var "S~5", 0 0;
v0x559457218970_0 .var "S~6", 0 0;
v0x559457218a30_0 .var "S~7", 0 0;
v0x559457218af0_0 .var "S~8", 0 0;
v0x559457218bb0_0 .var "S~9", 0 0;
v0x559457218c70_0 .net "X~0", 0 0, L_0x55945723bca0;  1 drivers
v0x559457218d30_0 .net "X~1", 0 0, L_0x55945723bc00;  1 drivers
v0x559457218df0_0 .net "X~10", 0 0, L_0x55945723b050;  1 drivers
v0x559457218eb0_0 .net "X~11", 0 0, L_0x55945723aca0;  1 drivers
v0x559457218f70_0 .net "X~12", 0 0, L_0x55945723ade0;  1 drivers
v0x559457219030_0 .net "X~13", 0 0, L_0x55945723ad40;  1 drivers
v0x5594572190f0_0 .net "X~14", 0 0, L_0x55945723ac00;  1 drivers
v0x5594572191b0_0 .net "X~15", 0 0, L_0x55945723ab60;  1 drivers
v0x559457219270_0 .net "X~2", 0 0, L_0x55945723ba60;  1 drivers
v0x559457219330_0 .net "X~3", 0 0, L_0x55945723b9c0;  1 drivers
v0x5594572193f0_0 .net "X~4", 0 0, L_0x55945723b830;  1 drivers
v0x5594572194b0_0 .net "X~5", 0 0, L_0x55945723b790;  1 drivers
v0x559457219570_0 .net "X~6", 0 0, L_0x55945723b610;  1 drivers
v0x559457219630_0 .net "X~7", 0 0, L_0x55945723b570;  1 drivers
v0x5594572196f0_0 .net "X~8", 0 0, L_0x55945723b370;  1 drivers
v0x5594572197b0_0 .net "X~9", 0 0, L_0x55945723b240;  1 drivers
v0x559457219a80_0 .net "Y~0", 0 0, L_0x55945723a9a0;  1 drivers
v0x559457219b40_0 .net "Y~1", 0 0, L_0x55945723a870;  1 drivers
v0x559457219c00_0 .net "Y~10", 0 0, L_0x559457239ef0;  1 drivers
v0x559457219cc0_0 .net "Y~11", 0 0, L_0x559457239d80;  1 drivers
v0x559457219d80_0 .net "Y~12", 0 0, L_0x559457239ce0;  1 drivers
v0x559457219e40_0 .net "Y~13", 0 0, L_0x559457239b80;  1 drivers
v0x559457219f00_0 .net "Y~14", 0 0, L_0x559457239ae0;  1 drivers
v0x559457219fc0_0 .net "Y~15", 0 0, L_0x5594572399f0;  1 drivers
v0x55945721a080_0 .net "Y~2", 0 0, L_0x55945723a7d0;  1 drivers
v0x55945721a140_0 .net "Y~3", 0 0, L_0x55945723a6a0;  1 drivers
v0x55945721a200_0 .net "Y~4", 0 0, L_0x55945723a500;  1 drivers
v0x55945721a2c0_0 .net "Y~5", 0 0, L_0x55945723a3d0;  1 drivers
v0x55945721a380_0 .net "Y~6", 0 0, L_0x55945723a240;  1 drivers
v0x55945721a440_0 .net "Y~7", 0 0, L_0x559457239920;  1 drivers
v0x55945721a500_0 .net "Y~8", 0 0, L_0x55945723a1a0;  1 drivers
v0x55945721a5c0_0 .net "Y~9", 0 0, L_0x55945723a020;  1 drivers
L_0x7fd4e4596018 .functor BUFT 1, C4<0001011101110111>, C4<0>, C4<0>, C4<0>;
v0x55945721a680_0 .net/2u *"_ivl_0", 15 0, L_0x7fd4e4596018;  1 drivers
v0x55945721a760_0 .net *"_ivl_10", 5 0, L_0x559457231c50;  1 drivers
v0x55945721a840_0 .net *"_ivl_100", 15 0, L_0x559457234ef0;  1 drivers
L_0x7fd4e45963c0 .functor BUFT 1, C4<0001>, C4<0>, C4<0>, C4<0>;
v0x55945721a920_0 .net/2u *"_ivl_104", 3 0, L_0x7fd4e45963c0;  1 drivers
v0x55945721aa00_0 .net *"_ivl_106", 1 0, L_0x559457235290;  1 drivers
v0x55945721aae0_0 .net *"_ivl_108", 3 0, L_0x5594572354e0;  1 drivers
L_0x7fd4e4596408 .functor BUFT 1, C4<1111110011010100110101001100000000000000000000000000000000000000>, C4<0>, C4<0>, C4<0>;
v0x55945721abc0_0 .net/2u *"_ivl_112", 63 0, L_0x7fd4e4596408;  1 drivers
v0x55945721aca0_0 .net *"_ivl_114", 5 0, L_0x5594572358f0;  1 drivers
v0x55945721ad80_0 .net *"_ivl_116", 63 0, L_0x559457235a20;  1 drivers
v0x55945721ae60_0 .net *"_ivl_12", 63 0, L_0x559457231e90;  1 drivers
L_0x7fd4e4596450 .functor BUFT 1, C4<0110>, C4<0>, C4<0>, C4<0>;
v0x55945721af40_0 .net/2u *"_ivl_120", 3 0, L_0x7fd4e4596450;  1 drivers
v0x55945721b020_0 .net *"_ivl_122", 1 0, L_0x559457235dc0;  1 drivers
v0x55945721b100_0 .net *"_ivl_124", 3 0, L_0x559457236080;  1 drivers
L_0x7fd4e4596498 .functor BUFT 1, C4<1000>, C4<0>, C4<0>, C4<0>;
v0x55945721b1e0_0 .net/2u *"_ivl_128", 3 0, L_0x7fd4e4596498;  1 drivers
v0x55945721b2c0_0 .net *"_ivl_130", 1 0, L_0x559457236490;  1 drivers
v0x55945721b3a0_0 .net *"_ivl_132", 3 0, L_0x559457236530;  1 drivers
L_0x7fd4e45964e0 .functor BUFT 1, C4<0000000011010100000000000010101100000000001010110000000011010100>, C4<0>, C4<0>, C4<0>;
v0x55945721b890_0 .net/2u *"_ivl_136", 63 0, L_0x7fd4e45964e0;  1 drivers
v0x55945721b970_0 .net *"_ivl_138", 5 0, L_0x559457236950;  1 drivers
v0x55945721ba50_0 .net *"_ivl_140", 63 0, L_0x559457236c80;  1 drivers
L_0x7fd4e4596528 .functor BUFT 1, C4<0001010001000001>, C4<0>, C4<0>, C4<0>;
v0x55945721bb30_0 .net/2u *"_ivl_144", 15 0, L_0x7fd4e4596528;  1 drivers
v0x55945721bc10_0 .net *"_ivl_146", 3 0, L_0x559457237070;  1 drivers
v0x55945721bcf0_0 .net *"_ivl_148", 15 0, L_0x559457237110;  1 drivers
L_0x7fd4e4596570 .functor BUFT 1, C4<0000000101010111000000010101011100000001010101110001010101111111>, C4<0>, C4<0>, C4<0>;
v0x55945721bdd0_0 .net/2u *"_ivl_152", 63 0, L_0x7fd4e4596570;  1 drivers
v0x55945721beb0_0 .net *"_ivl_154", 5 0, L_0x559457237510;  1 drivers
v0x55945721bf90_0 .net *"_ivl_156", 63 0, L_0x559457237870;  1 drivers
L_0x7fd4e45960a8 .functor BUFT 1, C4<00000011001010110010101100111111>, C4<0>, C4<0>, C4<0>;
v0x55945721c070_0 .net/2u *"_ivl_16", 31 0, L_0x7fd4e45960a8;  1 drivers
L_0x7fd4e45965b8 .functor BUFT 1, C4<0000000011010100000000000010101100000000001010110000000011010100>, C4<0>, C4<0>, C4<0>;
v0x55945721c150_0 .net/2u *"_ivl_160", 63 0, L_0x7fd4e45965b8;  1 drivers
v0x55945721c230_0 .net *"_ivl_162", 5 0, L_0x559457237ce0;  1 drivers
v0x55945721c310_0 .net *"_ivl_164", 63 0, L_0x559457237e60;  1 drivers
L_0x7fd4e4596600 .functor BUFT 1, C4<0001010001000001>, C4<0>, C4<0>, C4<0>;
v0x55945721c3f0_0 .net/2u *"_ivl_168", 15 0, L_0x7fd4e4596600;  1 drivers
v0x55945721c4d0_0 .net *"_ivl_170", 3 0, L_0x559457238290;  1 drivers
v0x55945721c5b0_0 .net *"_ivl_172", 15 0, L_0x5594572385a0;  1 drivers
L_0x7fd4e4596648 .functor BUFT 1, C4<00000011001010110010101100111111>, C4<0>, C4<0>, C4<0>;
v0x55945721c690_0 .net/2u *"_ivl_176", 31 0, L_0x7fd4e4596648;  1 drivers
v0x55945721c770_0 .net *"_ivl_178", 4 0, L_0x559457238a20;  1 drivers
v0x55945721c850_0 .net *"_ivl_18", 4 0, L_0x559457232100;  1 drivers
v0x55945721c930_0 .net *"_ivl_180", 31 0, L_0x559457238b50;  1 drivers
L_0x7fd4e4596690 .functor BUFT 1, C4<0000000011010100>, C4<0>, C4<0>, C4<0>;
v0x55945721ca10_0 .net/2u *"_ivl_184", 15 0, L_0x7fd4e4596690;  1 drivers
v0x55945721caf0_0 .net *"_ivl_186", 3 0, L_0x559457239000;  1 drivers
v0x55945721cbd0_0 .net *"_ivl_188", 15 0, L_0x559457239380;  1 drivers
v0x55945721ccb0_0 .net *"_ivl_2", 3 0, L_0x559457231890;  1 drivers
v0x55945721cd90_0 .net *"_ivl_20", 31 0, L_0x559457232220;  1 drivers
L_0x7fd4e45960f0 .functor BUFT 1, C4<1111110011010100110101001100000000000000000000000000000000000000>, C4<0>, C4<0>, C4<0>;
v0x55945721ce70_0 .net/2u *"_ivl_24", 63 0, L_0x7fd4e45960f0;  1 drivers
v0x55945721cf50_0 .net *"_ivl_26", 5 0, L_0x5594572324d0;  1 drivers
v0x55945721d030_0 .net *"_ivl_28", 63 0, L_0x559457232710;  1 drivers
L_0x7fd4e4596138 .functor BUFT 1, C4<0110>, C4<0>, C4<0>, C4<0>;
v0x55945721d110_0 .net/2u *"_ivl_32", 3 0, L_0x7fd4e4596138;  1 drivers
v0x55945721d1f0_0 .net *"_ivl_34", 1 0, L_0x5594572329b0;  1 drivers
v0x55945721d2d0_0 .net *"_ivl_36", 3 0, L_0x559457232a50;  1 drivers
v0x55945721d3b0_0 .net *"_ivl_4", 15 0, L_0x5594572319f0;  1 drivers
L_0x7fd4e4596180 .functor BUFT 1, C4<1000>, C4<0>, C4<0>, C4<0>;
v0x55945721d490_0 .net/2u *"_ivl_40", 3 0, L_0x7fd4e4596180;  1 drivers
v0x55945721d570_0 .net *"_ivl_42", 1 0, L_0x559457232d50;  1 drivers
v0x55945721d650_0 .net *"_ivl_44", 3 0, L_0x559457232f20;  1 drivers
L_0x7fd4e45961c8 .functor BUFT 1, C4<0001000100010111>, C4<0>, C4<0>, C4<0>;
v0x55945721d730_0 .net/2u *"_ivl_48", 15 0, L_0x7fd4e45961c8;  1 drivers
v0x55945721d810_0 .net *"_ivl_50", 3 0, L_0x5594572331f0;  1 drivers
v0x55945721d8f0_0 .net *"_ivl_52", 15 0, L_0x559457233330;  1 drivers
L_0x7fd4e4596210 .functor BUFT 1, C4<0001010001000001>, C4<0>, C4<0>, C4<0>;
v0x55945721d9d0_0 .net/2u *"_ivl_56", 15 0, L_0x7fd4e4596210;  1 drivers
v0x55945721dab0_0 .net *"_ivl_58", 3 0, L_0x559457233570;  1 drivers
v0x55945721db90_0 .net *"_ivl_60", 15 0, L_0x559457233780;  1 drivers
L_0x7fd4e4596258 .functor BUFT 1, C4<0000000101010111000000010101011100000001010101110001010101111111>, C4<0>, C4<0>, C4<0>;
v0x55945721dc70_0 .net/2u *"_ivl_64", 63 0, L_0x7fd4e4596258;  1 drivers
v0x55945721dd50_0 .net *"_ivl_66", 5 0, L_0x559457233ab0;  1 drivers
v0x55945721de30_0 .net *"_ivl_68", 63 0, L_0x559457233bd0;  1 drivers
L_0x7fd4e45962a0 .functor BUFT 1, C4<0001010001000001>, C4<0>, C4<0>, C4<0>;
v0x55945721df10_0 .net/2u *"_ivl_72", 15 0, L_0x7fd4e45962a0;  1 drivers
v0x55945721dff0_0 .net *"_ivl_74", 3 0, L_0x559457233f30;  1 drivers
v0x55945721e0d0_0 .net *"_ivl_76", 15 0, L_0x559457234120;  1 drivers
L_0x7fd4e4596060 .functor BUFT 1, C4<0000000101010111000101010111111100010101011111110001010101111111>, C4<0>, C4<0>, C4<0>;
v0x55945721e1b0_0 .net/2u *"_ivl_8", 63 0, L_0x7fd4e4596060;  1 drivers
L_0x7fd4e45962e8 .functor BUFT 1, C4<00101011>, C4<0>, C4<0>, C4<0>;
v0x55945721e290_0 .net/2u *"_ivl_80", 7 0, L_0x7fd4e45962e8;  1 drivers
v0x55945721e370_0 .net *"_ivl_82", 2 0, L_0x559457234480;  1 drivers
v0x55945721e450_0 .net *"_ivl_84", 7 0, L_0x5594572345f0;  1 drivers
L_0x7fd4e4596330 .functor BUFT 1, C4<0000000011010100000000000010101100000000001010110000000011010100>, C4<0>, C4<0>, C4<0>;
v0x55945721e530_0 .net/2u *"_ivl_88", 63 0, L_0x7fd4e4596330;  1 drivers
v0x55945721e610_0 .net *"_ivl_90", 5 0, L_0x559457234980;  1 drivers
v0x55945721e6f0_0 .net *"_ivl_92", 63 0, L_0x559457234be0;  1 drivers
L_0x7fd4e4596378 .functor BUFT 1, C4<0001010001000001>, C4<0>, C4<0>, C4<0>;
v0x55945721e7d0_0 .net/2u *"_ivl_96", 15 0, L_0x7fd4e4596378;  1 drivers
v0x55945721e8b0_0 .net *"_ivl_98", 3 0, L_0x559457234ac0;  1 drivers
v0x55945721e990_0 .net "clk", 0 0, v0x559457221360_0;  1 drivers
v0x55945721ea50_0 .net "n104", 0 0, L_0x5594572328f0;  1 drivers
v0x55945721eb10_0 .net "n108", 0 0, L_0x559457202f90;  1 drivers
v0x55945721ebd0_0 .net "n112", 0 0, L_0x5594571f5380;  1 drivers
v0x55945721ec90_0 .net "n116", 0 0, L_0x5594571f5040;  1 drivers
v0x55945721ed50_0 .net "n120", 0 0, L_0x5594571f4d00;  1 drivers
v0x55945721ee10_0 .net "n124", 0 0, L_0x5594571f49c0;  1 drivers
v0x55945721eed0_0 .net "n128", 0 0, L_0x5594571f4680;  1 drivers
v0x55945721f7a0_0 .net "n132", 0 0, L_0x5594571f4340;  1 drivers
v0x55945721f860_0 .net "n136", 0 0, L_0x5594572338f0;  1 drivers
v0x55945721f920_0 .net "n140", 0 0, L_0x559457234290;  1 drivers
v0x55945721f9e0_0 .net "n144", 0 0, L_0x559457234cd0;  1 drivers
v0x55945721faa0_0 .net "n148", 0 0, L_0x5594572351a0;  1 drivers
v0x55945721fb60_0 .net "n152", 0 0, L_0x559457236dc0;  1 drivers
v0x55945721fc20_0 .net "n156", 0 0, L_0x559457237420;  1 drivers
v0x55945721fce0_0 .net "n160", 0 0, L_0x5594572381a0;  1 drivers
v0x55945721fda0_0 .net "n164", 0 0, L_0x559457238710;  1 drivers
v0x55945721fe60_0 .net "n168", 0 0, L_0x5594572394c0;  1 drivers
v0x55945721ff20_0 .net "new_new_n108_1", 0 0, L_0x559457231b10;  1 drivers
v0x55945721ffe0_0 .net "new_new_n110", 0 0, L_0x559457231fd0;  1 drivers
v0x5594572200a0_0 .net "new_new_n113", 0 0, L_0x5594572323e0;  1 drivers
v0x559457220160_0 .net "new_new_n115_1", 0 0, L_0x559457232800;  1 drivers
v0x559457220220_0 .net "new_new_n116_1", 0 0, L_0x559457232c10;  1 drivers
v0x5594572202e0_0 .net "new_new_n117", 0 0, L_0x559457233060;  1 drivers
v0x5594572203a0_0 .net "new_new_n119_1", 0 0, L_0x559457233150;  1 drivers
v0x559457220460_0 .net "new_new_n121", 0 0, L_0x559457233df0;  1 drivers
v0x559457220520_0 .net "new_new_n123_1", 0 0, L_0x559457234840;  1 drivers
v0x5594572205e0_0 .net "new_new_n126", 0 0, L_0x559457235650;  1 drivers
v0x5594572206a0_0 .net "new_new_n127_1", 0 0, L_0x559457235c80;  1 drivers
v0x559457220760_0 .net "new_new_n128_1", 0 0, L_0x5594572361c0;  1 drivers
v0x559457220820_0 .net "new_new_n129", 0 0, L_0x559457236810;  1 drivers
v0x5594572208e0_0 .net "new_new_n132_1", 0 0, L_0x5594572379b0;  1 drivers
v0x5594572209a0_0 .net "new_new_n135_1", 0 0, L_0x559457238ec0;  1 drivers
v0x559457220a60_0 .net "rst", 0 0, v0x559457221700_0;  1 drivers
E_0x5594571d0ca0 .event posedge, v0x55945721e990_0;
L_0x559457231890 .concat [ 1 1 1 1], L_0x55945723a870, L_0x55945723bc00, L_0x55945723a9a0, L_0x55945723bca0;
L_0x5594572319f0 .shift/r 16, L_0x7fd4e4596018, L_0x559457231890;
L_0x559457231b10 .part L_0x5594572319f0, 0, 1;
LS_0x559457231c50_0_0 .concat [ 1 1 1 1], L_0x55945723a7d0, L_0x55945723a870, L_0x55945723bc00, L_0x55945723ba60;
LS_0x559457231c50_0_4 .concat [ 1 1 0 0], L_0x55945723a9a0, L_0x55945723bca0;
L_0x559457231c50 .concat [ 4 2 0 0], LS_0x559457231c50_0_0, LS_0x559457231c50_0_4;
L_0x559457231e90 .shift/r 64, L_0x7fd4e4596060, L_0x559457231c50;
L_0x559457231fd0 .part L_0x559457231e90, 0, 1;
LS_0x559457232100_0_0 .concat [ 1 1 1 1], L_0x559457231fd0, L_0x55945723a500, L_0x55945723b830, L_0x55945723a6a0;
LS_0x559457232100_0_4 .concat [ 1 0 0 0], L_0x55945723b9c0;
L_0x559457232100 .concat [ 4 1 0 0], LS_0x559457232100_0_0, LS_0x559457232100_0_4;
L_0x559457232220 .shift/r 32, L_0x7fd4e45960a8, L_0x559457232100;
L_0x5594572323e0 .part L_0x559457232220, 0, 1;
LS_0x5594572324d0_0_0 .concat [ 1 1 1 1], L_0x559457231fd0, L_0x55945723a500, L_0x55945723b830, L_0x55945723a6a0;
LS_0x5594572324d0_0_4 .concat [ 1 1 0 0], L_0x55945723b9c0, L_0x559457232c10;
L_0x5594572324d0 .concat [ 4 2 0 0], LS_0x5594572324d0_0_0, LS_0x5594572324d0_0_4;
L_0x559457232710 .shift/r 64, L_0x7fd4e45960f0, L_0x5594572324d0;
L_0x559457232800 .part L_0x559457232710, 0, 1;
L_0x5594572329b0 .concat [ 1 1 0 0], L_0x55945723a3d0, L_0x55945723b790;
L_0x559457232a50 .shift/r 4, L_0x7fd4e4596138, L_0x5594572329b0;
L_0x559457232c10 .part L_0x559457232a50, 0, 1;
L_0x559457232d50 .concat [ 1 1 0 0], L_0x55945723a3d0, L_0x55945723b790;
L_0x559457232f20 .shift/r 4, L_0x7fd4e4596180, L_0x559457232d50;
L_0x559457233060 .part L_0x559457232f20, 0, 1;
L_0x5594572331f0 .concat [ 1 1 1 1], L_0x55945723a240, L_0x55945723b610, L_0x559457232800, L_0x559457233060;
L_0x559457233330 .shift/r 16, L_0x7fd4e45961c8, L_0x5594572331f0;
L_0x559457233150 .part L_0x559457233330, 0, 1;
L_0x559457233570 .concat [ 1 1 1 1], v0x559457221700_0, L_0x559457233df0, L_0x55945723a1a0, L_0x55945723b370;
L_0x559457233780 .shift/r 16, L_0x7fd4e4596210, L_0x559457233570;
L_0x5594572338f0 .part L_0x559457233780, 0, 1;
LS_0x559457233ab0_0_0 .concat [ 1 1 1 1], L_0x559457239920, L_0x55945723a240, L_0x55945723b610, L_0x55945723b570;
LS_0x559457233ab0_0_4 .concat [ 1 1 0 0], L_0x559457233060, L_0x559457232800;
L_0x559457233ab0 .concat [ 4 2 0 0], LS_0x559457233ab0_0_0, LS_0x559457233ab0_0_4;
L_0x559457233bd0 .shift/r 64, L_0x7fd4e4596258, L_0x559457233ab0;
L_0x559457233df0 .part L_0x559457233bd0, 0, 1;
L_0x559457233f30 .concat [ 1 1 1 1], v0x559457221700_0, L_0x559457234840, L_0x55945723a020, L_0x55945723b240;
L_0x559457234120 .shift/r 16, L_0x7fd4e45962a0, L_0x559457233f30;
L_0x559457234290 .part L_0x559457234120, 0, 1;
L_0x559457234480 .concat [ 1 1 1 0], L_0x559457233df0, L_0x55945723a1a0, L_0x55945723b370;
L_0x5594572345f0 .shift/r 8, L_0x7fd4e45962e8, L_0x559457234480;
L_0x559457234840 .part L_0x5594572345f0, 0, 1;
LS_0x559457234980_0_0 .concat [ 1 1 1 1], L_0x559457234840, L_0x55945723a020, L_0x55945723b240, v0x559457221700_0;
LS_0x559457234980_0_4 .concat [ 1 1 0 0], L_0x559457239ef0, L_0x55945723b050;
L_0x559457234980 .concat [ 4 2 0 0], LS_0x559457234980_0_0, LS_0x559457234980_0_4;
L_0x559457234be0 .shift/r 64, L_0x7fd4e4596330, L_0x559457234980;
L_0x559457234cd0 .part L_0x559457234be0, 0, 1;
L_0x559457234ac0 .concat [ 1 1 1 1], v0x559457221700_0, L_0x559457235650, L_0x559457239d80, L_0x55945723aca0;
L_0x559457234ef0 .shift/r 16, L_0x7fd4e4596378, L_0x559457234ac0;
L_0x5594572351a0 .part L_0x559457234ef0, 0, 1;
L_0x559457235290 .concat [ 1 1 0 0], L_0x559457235c80, L_0x559457236810;
L_0x5594572354e0 .shift/r 4, L_0x7fd4e45963c0, L_0x559457235290;
L_0x559457235650 .part L_0x5594572354e0, 0, 1;
LS_0x5594572358f0_0_0 .concat [ 1 1 1 1], L_0x559457233df0, L_0x55945723a020, L_0x55945723b240, L_0x55945723a1a0;
LS_0x5594572358f0_0_4 .concat [ 1 1 0 0], L_0x55945723b370, L_0x5594572361c0;
L_0x5594572358f0 .concat [ 4 2 0 0], LS_0x5594572358f0_0_0, LS_0x5594572358f0_0_4;
L_0x559457235a20 .shift/r 64, L_0x7fd4e4596408, L_0x5594572358f0;
L_0x559457235c80 .part L_0x559457235a20, 0, 1;
L_0x559457235dc0 .concat [ 1 1 0 0], L_0x559457239ef0, L_0x55945723b050;
L_0x559457236080 .shift/r 4, L_0x7fd4e4596450, L_0x559457235dc0;
L_0x5594572361c0 .part L_0x559457236080, 0, 1;
L_0x559457236490 .concat [ 1 1 0 0], L_0x559457239ef0, L_0x55945723b050;
L_0x559457236530 .shift/r 4, L_0x7fd4e4596498, L_0x559457236490;
L_0x559457236810 .part L_0x559457236530, 0, 1;
LS_0x559457236950_0_0 .concat [ 1 1 1 1], L_0x559457235650, L_0x559457239d80, L_0x55945723aca0, v0x559457221700_0;
LS_0x559457236950_0_4 .concat [ 1 1 0 0], L_0x559457239ce0, L_0x55945723ade0;
L_0x559457236950 .concat [ 4 2 0 0], LS_0x559457236950_0_0, LS_0x559457236950_0_4;
L_0x559457236c80 .shift/r 64, L_0x7fd4e45964e0, L_0x559457236950;
L_0x559457236dc0 .part L_0x559457236c80, 0, 1;
L_0x559457237070 .concat [ 1 1 1 1], v0x559457221700_0, L_0x5594572379b0, L_0x559457239b80, L_0x55945723ad40;
L_0x559457237110 .shift/r 16, L_0x7fd4e4596528, L_0x559457237070;
L_0x559457237420 .part L_0x559457237110, 0, 1;
LS_0x559457237510_0_0 .concat [ 1 1 1 1], L_0x559457239ce0, L_0x559457239d80, L_0x55945723aca0, L_0x55945723ade0;
LS_0x559457237510_0_4 .concat [ 1 1 0 0], L_0x559457236810, L_0x559457235c80;
L_0x559457237510 .concat [ 4 2 0 0], LS_0x559457237510_0_0, LS_0x559457237510_0_4;
L_0x559457237870 .shift/r 64, L_0x7fd4e4596570, L_0x559457237510;
L_0x5594572379b0 .part L_0x559457237870, 0, 1;
LS_0x559457237ce0_0_0 .concat [ 1 1 1 1], L_0x5594572379b0, L_0x559457239b80, L_0x55945723ad40, v0x559457221700_0;
LS_0x559457237ce0_0_4 .concat [ 1 1 0 0], L_0x559457239ae0, L_0x55945723ac00;
L_0x559457237ce0 .concat [ 4 2 0 0], LS_0x559457237ce0_0_0, LS_0x559457237ce0_0_4;
L_0x559457237e60 .shift/r 64, L_0x7fd4e45965b8, L_0x559457237ce0;
L_0x5594572381a0 .part L_0x559457237e60, 0, 1;
L_0x559457238290 .concat [ 1 1 1 1], v0x559457221700_0, L_0x559457238ec0, L_0x5594572399f0, L_0x55945723ab60;
L_0x5594572385a0 .shift/r 16, L_0x7fd4e4596600, L_0x559457238290;
L_0x559457238710 .part L_0x5594572385a0, 0, 1;
LS_0x559457238a20_0_0 .concat [ 1 1 1 1], L_0x5594572379b0, L_0x559457239ae0, L_0x55945723ac00, L_0x559457239b80;
LS_0x559457238a20_0_4 .concat [ 1 0 0 0], L_0x55945723ad40;
L_0x559457238a20 .concat [ 4 1 0 0], LS_0x559457238a20_0_0, LS_0x559457238a20_0_4;
L_0x559457238b50 .shift/r 32, L_0x7fd4e4596648, L_0x559457238a20;
L_0x559457238ec0 .part L_0x559457238b50, 0, 1;
L_0x559457239000 .concat [ 1 1 1 1], L_0x559457238ec0, L_0x5594572399f0, L_0x55945723ab60, v0x559457221700_0;
L_0x559457239380 .shift/r 16, L_0x7fd4e4596690, L_0x559457239000;
L_0x5594572394c0 .part L_0x559457239380, 0, 1;
    .scope S_0x5594571f0e70;
T_0 ;
    %wait E_0x5594571d0ca0;
    %load/vec4 v0x55945721ea50_0;
    %assign/vec4 v0x5594571fe9f0_0, 0;
    %jmp T_0;
    .thread T_0;
    .scope S_0x5594571f0e70;
T_1 ;
    %wait E_0x5594571d0ca0;
    %load/vec4 v0x55945721f920_0;
    %assign/vec4 v0x559457218bb0_0, 0;
    %jmp T_1;
    .thread T_1;
    .scope S_0x5594571f0e70;
T_2 ;
    %wait E_0x5594571d0ca0;
    %load/vec4 v0x55945721f9e0_0;
    %assign/vec4 v0x5594571ff0d0_0, 0;
    %jmp T_2;
    .thread T_2;
    .scope S_0x5594571f0e70;
T_3 ;
    %wait E_0x5594571d0ca0;
    %load/vec4 v0x55945721faa0_0;
    %assign/vec4 v0x5594571ff440_0, 0;
    %jmp T_3;
    .thread T_3;
    .scope S_0x5594571f0e70;
T_4 ;
    %wait E_0x5594571d0ca0;
    %load/vec4 v0x55945721fb60_0;
    %assign/vec4 v0x5594571ff7b0_0, 0;
    %jmp T_4;
    .thread T_4;
    .scope S_0x5594571f0e70;
T_5 ;
    %wait E_0x5594571d0ca0;
    %load/vec4 v0x55945721fc20_0;
    %assign/vec4 v0x5594571ffb20_0, 0;
    %jmp T_5;
    .thread T_5;
    .scope S_0x5594571f0e70;
T_6 ;
    %wait E_0x5594571d0ca0;
    %load/vec4 v0x55945721fce0_0;
    %assign/vec4 v0x5594571ffe90_0, 0;
    %jmp T_6;
    .thread T_6;
    .scope S_0x5594571f0e70;
T_7 ;
    %wait E_0x5594571d0ca0;
    %load/vec4 v0x55945721fda0_0;
    %assign/vec4 v0x5594572184f0_0, 0;
    %jmp T_7;
    .thread T_7;
    .scope S_0x5594571f0e70;
T_8 ;
    %wait E_0x5594571d0ca0;
    %load/vec4 v0x55945721fe60_0;
    %assign/vec4 v0x5594572185b0_0, 0;
    %jmp T_8;
    .thread T_8;
    .scope S_0x5594571f0e70;
T_9 ;
    %wait E_0x5594571d0ca0;
    %load/vec4 v0x55945721eb10_0;
    %assign/vec4 v0x5594571fed60_0, 0;
    %jmp T_9;
    .thread T_9;
    .scope S_0x5594571f0e70;
T_10 ;
    %wait E_0x5594571d0ca0;
    %load/vec4 v0x55945721ebd0_0;
    %assign/vec4 v0x559457218670_0, 0;
    %jmp T_10;
    .thread T_10;
    .scope S_0x5594571f0e70;
T_11 ;
    %wait E_0x5594571d0ca0;
    %load/vec4 v0x55945721ec90_0;
    %assign/vec4 v0x559457218730_0, 0;
    %jmp T_11;
    .thread T_11;
    .scope S_0x5594571f0e70;
T_12 ;
    %wait E_0x5594571d0ca0;
    %load/vec4 v0x55945721ed50_0;
    %assign/vec4 v0x5594572187f0_0, 0;
    %jmp T_12;
    .thread T_12;
    .scope S_0x5594571f0e70;
T_13 ;
    %wait E_0x5594571d0ca0;
    %load/vec4 v0x55945721ee10_0;
    %assign/vec4 v0x5594572188b0_0, 0;
    %jmp T_13;
    .thread T_13;
    .scope S_0x5594571f0e70;
T_14 ;
    %wait E_0x5594571d0ca0;
    %load/vec4 v0x55945721eed0_0;
    %assign/vec4 v0x559457218970_0, 0;
    %jmp T_14;
    .thread T_14;
    .scope S_0x5594571f0e70;
T_15 ;
    %wait E_0x5594571d0ca0;
    %load/vec4 v0x55945721f7a0_0;
    %assign/vec4 v0x559457218a30_0, 0;
    %jmp T_15;
    .thread T_15;
    .scope S_0x5594571f0e70;
T_16 ;
    %wait E_0x5594571d0ca0;
    %load/vec4 v0x55945721f860_0;
    %assign/vec4 v0x559457218af0_0, 0;
    %jmp T_16;
    .thread T_16;
    .scope S_0x5594571fa1c0;
T_17 ;
    %delay 5, 0;
    %load/vec4 v0x559457221360_0;
    %inv;
    %store/vec4 v0x559457221360_0, 0, 1;
    %jmp T_17;
    .thread T_17;
    .scope S_0x5594571fa1c0;
T_18 ;
    %pushi/vec4 0, 0, 1;
    %store/vec4 v0x559457221360_0, 0, 1;
    %pushi/vec4 1, 0, 1;
    %store/vec4 v0x559457221700_0, 0, 1;
    %pushi/vec4 0, 0, 16;
    %store/vec4 v0x559457221180_0, 0, 16;
    %pushi/vec4 0, 0, 16;
    %store/vec4 v0x559457221280_0, 0, 16;
    %vpi_call 2 42 "$readmemh", "memA.dat", v0x5594572214a0 {0 0 0};
    %vpi_call 2 43 "$readmemh", "memB.dat", v0x559457221560 {0 0 0};
    %vpi_func 2 46 "$fopen" 32, "output_sum.txt", "w" {0 0 0};
    %store/vec4 v0x559457221620_0, 0, 32;
    %delay 10, 0;
    %pushi/vec4 0, 0, 1;
    %store/vec4 v0x559457221700_0, 0, 1;
    %pushi/vec4 0, 0, 32;
    %store/vec4 v0x559457221400_0, 0, 32;
T_18.0 ;
    %load/vec4 v0x559457221400_0;
    %cmpi/s 1000000, 0, 32;
    %jmp/0xz T_18.1, 5;
    %ix/getv/s 4, v0x559457221400_0;
    %load/vec4a v0x5594572214a0, 4;
    %store/vec4 v0x559457221180_0, 0, 16;
    %ix/getv/s 4, v0x559457221400_0;
    %load/vec4a v0x559457221560, 4;
    %store/vec4 v0x559457221280_0, 0, 16;
    %delay 10, 0;
    %vpi_call 2 56 "$fwrite", v0x559457221620_0, "%h\012", v0x5594572217a0_0 {0 0 0};
    %load/vec4 v0x559457221400_0;
    %addi 1, 0, 32;
    %store/vec4 v0x559457221400_0, 0, 32;
    %jmp T_18.0;
T_18.1 ;
    %vpi_call 2 60 "$fclose", v0x559457221620_0 {0 0 0};
    %delay 10, 0;
    %vpi_call 2 63 "$finish" {0 0 0};
    %end;
    .thread T_18;
# The file index is used to find the file name in the following table.
:file_names 4;
    "N/A";
    "<interactive>";
    "bk_tb.v";
    "BK_16b_aprox_8.v";
