#! /usr/bin/vvp
:ivl_version "12.0 (stable)";
:ivl_delay_selection "TYPICAL";
:vpi_time_precision + 0;
:vpi_module "/usr/lib/x86_64-linux-gnu/ivl/system.vpi";
:vpi_module "/usr/lib/x86_64-linux-gnu/ivl/vhdl_sys.vpi";
:vpi_module "/usr/lib/x86_64-linux-gnu/ivl/vhdl_textio.vpi";
:vpi_module "/usr/lib/x86_64-linux-gnu/ivl/v2005_math.vpi";
:vpi_module "/usr/lib/x86_64-linux-gnu/ivl/va_math.vpi";
S_0x55f458c17700 .scope module, "tb_KStone_16b" "tb_KStone_16b" 2 1;
 .timescale 0 0;
v0x55f458c41a70_0 .var "a", 15 0;
v0x55f458c41b70_0 .var "b", 15 0;
v0x55f458c41c50_0 .var "clk", 0 0;
v0x55f458c41cf0_0 .var/i "i", 31 0;
v0x55f458c41d90 .array "memA", 999999 0, 15 0;
v0x55f458c41e50 .array "memB", 999999 0, 15 0;
v0x55f458c41f10_0 .var/i "out_file", 31 0;
v0x55f458c41ff0_0 .var "rst", 0 0;
v0x55f458c42090_0 .net "sum", 16 0, L_0x55f458c6ae40;  1 drivers
L_0x55f458c68150 .part v0x55f458c41b70_0, 15, 1;
L_0x55f458c68280 .part v0x55f458c41b70_0, 14, 1;
L_0x55f458c68320 .part v0x55f458c41b70_0, 13, 1;
L_0x55f458c683c0 .part v0x55f458c41b70_0, 12, 1;
L_0x55f458c68d20 .part v0x55f458c41b70_0, 11, 1;
L_0x55f458c68dc0 .part v0x55f458c41b70_0, 10, 1;
L_0x55f458c68f30 .part v0x55f458c41b70_0, 9, 1;
L_0x55f458c69060 .part v0x55f458c41b70_0, 8, 1;
L_0x55f458c684f0 .part v0x55f458c41b70_0, 7, 1;
L_0x55f458c691e0 .part v0x55f458c41b70_0, 6, 1;
L_0x55f458c692e0 .part v0x55f458c41b70_0, 5, 1;
L_0x55f458c69380 .part v0x55f458c41b70_0, 4, 1;
L_0x55f458c69490 .part v0x55f458c41b70_0, 3, 1;
L_0x55f458c69530 .part v0x55f458c41b70_0, 2, 1;
L_0x55f458c69650 .part v0x55f458c41b70_0, 1, 1;
L_0x55f458c69780 .part v0x55f458c41b70_0, 0, 1;
L_0x55f458c69940 .part v0x55f458c41a70_0, 15, 1;
L_0x55f458c69a70 .part v0x55f458c41a70_0, 14, 1;
L_0x55f458c69bb0 .part v0x55f458c41a70_0, 13, 1;
L_0x55f458c69c50 .part v0x55f458c41a70_0, 12, 1;
L_0x55f458c69b10 .part v0x55f458c41a70_0, 11, 1;
L_0x55f458c69e30 .part v0x55f458c41a70_0, 10, 1;
L_0x55f458c6a020 .part v0x55f458c41a70_0, 9, 1;
L_0x55f458c6a150 .part v0x55f458c41a70_0, 8, 1;
L_0x55f458c6a2c0 .part v0x55f458c41a70_0, 7, 1;
L_0x55f458c6a360 .part v0x55f458c41a70_0, 6, 1;
L_0x55f458c6a4e0 .part v0x55f458c41a70_0, 5, 1;
L_0x55f458c6a580 .part v0x55f458c41a70_0, 4, 1;
L_0x55f458c6a710 .part v0x55f458c41a70_0, 3, 1;
L_0x55f458c6a7b0 .part v0x55f458c41a70_0, 2, 1;
L_0x55f458c6a950 .part v0x55f458c41a70_0, 1, 1;
L_0x55f458c6aa80 .part v0x55f458c41a70_0, 0, 1;
LS_0x55f458c6ae40_0_0 .concat8 [ 1 1 1 1], v0x55f458c1d740_0, v0x55f458c1dab0_0, v0x55f458c30230_0, v0x55f458c302f0_0;
LS_0x55f458c6ae40_0_4 .concat8 [ 1 1 1 1], v0x55f458c303b0_0, v0x55f458c30470_0, v0x55f458c30530_0, v0x55f458c305f0_0;
LS_0x55f458c6ae40_0_8 .concat8 [ 1 1 1 1], v0x55f458c306b0_0, v0x55f458c30770_0, v0x55f458c1de20_0, v0x55f458c1e190_0;
LS_0x55f458c6ae40_0_12 .concat8 [ 1 1 1 1], v0x55f458c1e500_0, v0x55f458c1e870_0, v0x55f458c1ebe0_0, v0x55f458c300b0_0;
LS_0x55f458c6ae40_0_16 .concat8 [ 1 0 0 0], v0x55f458c30170_0;
LS_0x55f458c6ae40_1_0 .concat8 [ 4 4 4 4], LS_0x55f458c6ae40_0_0, LS_0x55f458c6ae40_0_4, LS_0x55f458c6ae40_0_8, LS_0x55f458c6ae40_0_12;
LS_0x55f458c6ae40_1_4 .concat8 [ 1 0 0 0], LS_0x55f458c6ae40_0_16;
L_0x55f458c6ae40 .concat8 [ 16 1 0 0], LS_0x55f458c6ae40_1_0, LS_0x55f458c6ae40_1_4;
S_0x55f458b8a720 .scope module, "UUT" "KS_16b" 2 15, 3 3 0, S_0x55f458c17700;
 .timescale 0 0;
    .port_info 0 /INPUT 1 "rst";
    .port_info 1 /INPUT 1 "clk";
    .port_info 2 /INPUT 1 "Y~15";
    .port_info 3 /INPUT 1 "Y~14";
    .port_info 4 /INPUT 1 "Y~13";
    .port_info 5 /INPUT 1 "Y~12";
    .port_info 6 /INPUT 1 "Y~11";
    .port_info 7 /INPUT 1 "Y~10";
    .port_info 8 /INPUT 1 "Y~9";
    .port_info 9 /INPUT 1 "Y~8";
    .port_info 10 /INPUT 1 "Y~7";
    .port_info 11 /INPUT 1 "Y~6";
    .port_info 12 /INPUT 1 "Y~5";
    .port_info 13 /INPUT 1 "Y~4";
    .port_info 14 /INPUT 1 "Y~3";
    .port_info 15 /INPUT 1 "Y~2";
    .port_info 16 /INPUT 1 "Y~1";
    .port_info 17 /INPUT 1 "Y~0";
    .port_info 18 /INPUT 1 "X~15";
    .port_info 19 /INPUT 1 "X~14";
    .port_info 20 /INPUT 1 "X~13";
    .port_info 21 /INPUT 1 "X~12";
    .port_info 22 /INPUT 1 "X~11";
    .port_info 23 /INPUT 1 "X~10";
    .port_info 24 /INPUT 1 "X~9";
    .port_info 25 /INPUT 1 "X~8";
    .port_info 26 /INPUT 1 "X~7";
    .port_info 27 /INPUT 1 "X~6";
    .port_info 28 /INPUT 1 "X~5";
    .port_info 29 /INPUT 1 "X~4";
    .port_info 30 /INPUT 1 "X~3";
    .port_info 31 /INPUT 1 "X~2";
    .port_info 32 /INPUT 1 "X~1";
    .port_info 33 /INPUT 1 "X~0";
    .port_info 34 /OUTPUT 1 "S~12";
    .port_info 35 /OUTPUT 1 "S~16";
    .port_info 36 /OUTPUT 1 "S~15";
    .port_info 37 /OUTPUT 1 "S~14";
    .port_info 38 /OUTPUT 1 "S~13";
    .port_info 39 /OUTPUT 1 "S~11";
    .port_info 40 /OUTPUT 1 "S~10";
    .port_info 41 /OUTPUT 1 "S~9";
    .port_info 42 /OUTPUT 1 "S~8";
    .port_info 43 /OUTPUT 1 "S~7";
    .port_info 44 /OUTPUT 1 "S~6";
    .port_info 45 /OUTPUT 1 "S~5";
    .port_info 46 /OUTPUT 1 "S~4";
    .port_info 47 /OUTPUT 1 "S~3";
    .port_info 48 /OUTPUT 1 "S~2";
    .port_info 49 /OUTPUT 1 "S~1";
    .port_info 50 /OUTPUT 1 "S~0";
L_0x55f458c11880 .functor BUFZ 1, L_0x55f458c6aa80, C4<0>, C4<0>, C4<0>;
v0x55f458c1d740_0 .var "S~0", 0 0;
v0x55f458c1dab0_0 .var "S~1", 0 0;
v0x55f458c1de20_0 .var "S~10", 0 0;
v0x55f458c1e190_0 .var "S~11", 0 0;
v0x55f458c1e500_0 .var "S~12", 0 0;
v0x55f458c1e870_0 .var "S~13", 0 0;
v0x55f458c1ebe0_0 .var "S~14", 0 0;
v0x55f458c300b0_0 .var "S~15", 0 0;
v0x55f458c30170_0 .var "S~16", 0 0;
v0x55f458c30230_0 .var "S~2", 0 0;
v0x55f458c302f0_0 .var "S~3", 0 0;
v0x55f458c303b0_0 .var "S~4", 0 0;
v0x55f458c30470_0 .var "S~5", 0 0;
v0x55f458c30530_0 .var "S~6", 0 0;
v0x55f458c305f0_0 .var "S~7", 0 0;
v0x55f458c306b0_0 .var "S~8", 0 0;
v0x55f458c30770_0 .var "S~9", 0 0;
v0x55f458c30830_0 .net "X~0", 0 0, L_0x55f458c6aa80;  1 drivers
v0x55f458c308f0_0 .net "X~1", 0 0, L_0x55f458c6a950;  1 drivers
v0x55f458c309b0_0 .net "X~10", 0 0, L_0x55f458c69e30;  1 drivers
v0x55f458c30a70_0 .net "X~11", 0 0, L_0x55f458c69b10;  1 drivers
v0x55f458c30b30_0 .net "X~12", 0 0, L_0x55f458c69c50;  1 drivers
v0x55f458c30bf0_0 .net "X~13", 0 0, L_0x55f458c69bb0;  1 drivers
v0x55f458c30cb0_0 .net "X~14", 0 0, L_0x55f458c69a70;  1 drivers
v0x55f458c30d70_0 .net "X~15", 0 0, L_0x55f458c69940;  1 drivers
v0x55f458c30e30_0 .net "X~2", 0 0, L_0x55f458c6a7b0;  1 drivers
v0x55f458c30ef0_0 .net "X~3", 0 0, L_0x55f458c6a710;  1 drivers
v0x55f458c30fb0_0 .net "X~4", 0 0, L_0x55f458c6a580;  1 drivers
v0x55f458c31070_0 .net "X~5", 0 0, L_0x55f458c6a4e0;  1 drivers
v0x55f458c31130_0 .net "X~6", 0 0, L_0x55f458c6a360;  1 drivers
v0x55f458c311f0_0 .net "X~7", 0 0, L_0x55f458c6a2c0;  1 drivers
v0x55f458c312b0_0 .net "X~8", 0 0, L_0x55f458c6a150;  1 drivers
v0x55f458c31370_0 .net "X~9", 0 0, L_0x55f458c6a020;  1 drivers
v0x55f458c31640_0 .net "Y~0", 0 0, L_0x55f458c69780;  1 drivers
v0x55f458c31700_0 .net "Y~1", 0 0, L_0x55f458c69650;  1 drivers
v0x55f458c317c0_0 .net "Y~10", 0 0, L_0x55f458c68dc0;  1 drivers
v0x55f458c31880_0 .net "Y~11", 0 0, L_0x55f458c68d20;  1 drivers
v0x55f458c31940_0 .net "Y~12", 0 0, L_0x55f458c683c0;  1 drivers
v0x55f458c31a00_0 .net "Y~13", 0 0, L_0x55f458c68320;  1 drivers
v0x55f458c31ac0_0 .net "Y~14", 0 0, L_0x55f458c68280;  1 drivers
v0x55f458c31b80_0 .net "Y~15", 0 0, L_0x55f458c68150;  1 drivers
v0x55f458c31c40_0 .net "Y~2", 0 0, L_0x55f458c69530;  1 drivers
v0x55f458c31d00_0 .net "Y~3", 0 0, L_0x55f458c69490;  1 drivers
v0x55f458c31dc0_0 .net "Y~4", 0 0, L_0x55f458c69380;  1 drivers
v0x55f458c31e80_0 .net "Y~5", 0 0, L_0x55f458c692e0;  1 drivers
v0x55f458c31f40_0 .net "Y~6", 0 0, L_0x55f458c691e0;  1 drivers
v0x55f458c32000_0 .net "Y~7", 0 0, L_0x55f458c684f0;  1 drivers
v0x55f458c320c0_0 .net "Y~8", 0 0, L_0x55f458c69060;  1 drivers
v0x55f458c32180_0 .net "Y~9", 0 0, L_0x55f458c68f30;  1 drivers
L_0x7fcb5319f018 .functor BUFT 1, C4<00001000000001110000011100001000>, C4<0>, C4<0>, C4<0>;
v0x55f458c32240_0 .net/2u *"_ivl_0", 31 0, L_0x7fcb5319f018;  1 drivers
v0x55f458c32320_0 .net *"_ivl_10", 3 0, L_0x55f458c524f0;  1 drivers
v0x55f458c32400_0 .net *"_ivl_100", 7 0, L_0x55f458c55630;  1 drivers
L_0x7fcb5319f3c0 .functor BUFT 1, C4<0000000000000000000000000000000011110111011101010101010101010101>, C4<0>, C4<0>, C4<0>;
v0x55f458c324e0_0 .net/2u *"_ivl_104", 63 0, L_0x7fcb5319f3c0;  1 drivers
v0x55f458c325c0_0 .net *"_ivl_106", 5 0, L_0x55f458c55950;  1 drivers
v0x55f458c326a0_0 .net *"_ivl_108", 63 0, L_0x55f458c55b40;  1 drivers
L_0x7fcb5319f408 .functor BUFT 1, C4<0001>, C4<0>, C4<0>, C4<0>;
v0x55f458c32780_0 .net/2u *"_ivl_112", 3 0, L_0x7fcb5319f408;  1 drivers
v0x55f458c32860_0 .net *"_ivl_114", 1 0, L_0x55f458c55f50;  1 drivers
v0x55f458c32940_0 .net *"_ivl_116", 3 0, L_0x55f458c56090;  1 drivers
v0x55f458c32a20_0 .net *"_ivl_12", 15 0, L_0x55f458c52680;  1 drivers
L_0x7fcb5319f450 .functor BUFT 1, C4<0000011101110111>, C4<0>, C4<0>, C4<0>;
v0x55f458c32b00_0 .net/2u *"_ivl_120", 15 0, L_0x7fcb5319f450;  1 drivers
v0x55f458c32be0_0 .net *"_ivl_122", 3 0, L_0x55f458c56480;  1 drivers
v0x55f458c32cc0_0 .net *"_ivl_124", 15 0, L_0x55f458c567c0;  1 drivers
L_0x7fcb5319f498 .functor BUFT 1, C4<0110>, C4<0>, C4<0>, C4<0>;
v0x55f458c32da0_0 .net/2u *"_ivl_128", 3 0, L_0x7fcb5319f498;  1 drivers
v0x55f458c32e80_0 .net *"_ivl_130", 1 0, L_0x55f458c56b30;  1 drivers
v0x55f458c32f60_0 .net *"_ivl_132", 3 0, L_0x55f458c56bd0;  1 drivers
L_0x7fcb5319f4e0 .functor BUFT 1, C4<00010100>, C4<0>, C4<0>, C4<0>;
v0x55f458c33450_0 .net/2u *"_ivl_136", 7 0, L_0x7fcb5319f4e0;  1 drivers
v0x55f458c33530_0 .net *"_ivl_138", 2 0, L_0x55f458c56ff0;  1 drivers
v0x55f458c33610_0 .net *"_ivl_140", 7 0, L_0x55f458c57240;  1 drivers
L_0x7fcb5319f528 .functor BUFT 1, C4<0001>, C4<0>, C4<0>, C4<0>;
v0x55f458c336f0_0 .net/2u *"_ivl_144", 3 0, L_0x7fcb5319f528;  1 drivers
v0x55f458c337d0_0 .net *"_ivl_146", 1 0, L_0x55f458c57630;  1 drivers
v0x55f458c338b0_0 .net *"_ivl_148", 3 0, L_0x55f458c57730;  1 drivers
L_0x7fcb5319f570 .functor BUFT 1, C4<1111111100000000111000000000000011111111000000001111111100000000>, C4<0>, C4<0>, C4<0>;
v0x55f458c33990_0 .net/2u *"_ivl_152", 63 0, L_0x7fcb5319f570;  1 drivers
v0x55f458c33a70_0 .net *"_ivl_154", 5 0, L_0x55f458c57bb0;  1 drivers
v0x55f458c33b50_0 .net *"_ivl_156", 63 0, L_0x55f458c57e30;  1 drivers
L_0x7fcb5319f0a8 .functor BUFT 1, C4<0001011101110111>, C4<0>, C4<0>, C4<0>;
v0x55f458c33c30_0 .net/2u *"_ivl_16", 15 0, L_0x7fcb5319f0a8;  1 drivers
L_0x7fcb5319f5b8 .functor BUFT 1, C4<0000011101110111>, C4<0>, C4<0>, C4<0>;
v0x55f458c33d10_0 .net/2u *"_ivl_160", 15 0, L_0x7fcb5319f5b8;  1 drivers
v0x55f458c33df0_0 .net *"_ivl_162", 3 0, L_0x55f458c582a0;  1 drivers
v0x55f458c33ed0_0 .net *"_ivl_164", 15 0, L_0x55f458c583e0;  1 drivers
L_0x7fcb5319f600 .functor BUFT 1, C4<0001>, C4<0>, C4<0>, C4<0>;
v0x55f458c33fb0_0 .net/2u *"_ivl_168", 3 0, L_0x7fcb5319f600;  1 drivers
v0x55f458c34090_0 .net *"_ivl_170", 1 0, L_0x55f458c587c0;  1 drivers
v0x55f458c34170_0 .net *"_ivl_172", 3 0, L_0x55f458c58a70;  1 drivers
L_0x7fcb5319f648 .functor BUFT 1, C4<0110>, C4<0>, C4<0>, C4<0>;
v0x55f458c34250_0 .net/2u *"_ivl_176", 3 0, L_0x7fcb5319f648;  1 drivers
v0x55f458c34330_0 .net *"_ivl_178", 1 0, L_0x55f458c58f10;  1 drivers
v0x55f458c34410_0 .net *"_ivl_18", 3 0, L_0x55f458c52920;  1 drivers
v0x55f458c344f0_0 .net *"_ivl_180", 3 0, L_0x55f458c58fb0;  1 drivers
L_0x7fcb5319f690 .functor BUFT 1, C4<0000000000000000111111110111000000000000000000000000000010001111>, C4<0>, C4<0>, C4<0>;
v0x55f458c345d0_0 .net/2u *"_ivl_184", 63 0, L_0x7fcb5319f690;  1 drivers
v0x55f458c346b0_0 .net *"_ivl_186", 5 0, L_0x55f458c59460;  1 drivers
v0x55f458c34790_0 .net *"_ivl_188", 63 0, L_0x55f458c59780;  1 drivers
L_0x7fcb5319f6d8 .functor BUFT 1, C4<00000111>, C4<0>, C4<0>, C4<0>;
v0x55f458c34870_0 .net/2u *"_ivl_192", 7 0, L_0x7fcb5319f6d8;  1 drivers
v0x55f458c34950_0 .net *"_ivl_194", 2 0, L_0x55f458c59c00;  1 drivers
v0x55f458c34a30_0 .net *"_ivl_196", 7 0, L_0x55f458c59e20;  1 drivers
v0x55f458c34b10_0 .net *"_ivl_2", 4 0, L_0x55f458c52160;  1 drivers
v0x55f458c34bf0_0 .net *"_ivl_20", 15 0, L_0x55f458c52b30;  1 drivers
L_0x7fcb5319f720 .functor BUFT 1, C4<1000>, C4<0>, C4<0>, C4<0>;
v0x55f458c34cd0_0 .net/2u *"_ivl_200", 3 0, L_0x7fcb5319f720;  1 drivers
v0x55f458c34db0_0 .net *"_ivl_202", 1 0, L_0x55f458c5a290;  1 drivers
v0x55f458c34e90_0 .net *"_ivl_204", 3 0, L_0x55f458c5a640;  1 drivers
L_0x7fcb5319f768 .functor BUFT 1, C4<0001>, C4<0>, C4<0>, C4<0>;
v0x55f458c34f70_0 .net/2u *"_ivl_208", 3 0, L_0x7fcb5319f768;  1 drivers
v0x55f458c35050_0 .net *"_ivl_210", 1 0, L_0x55f458c5ab40;  1 drivers
v0x55f458c35130_0 .net *"_ivl_212", 3 0, L_0x55f458c5abe0;  1 drivers
L_0x7fcb5319f7b0 .functor BUFT 1, C4<0110>, C4<0>, C4<0>, C4<0>;
v0x55f458c35210_0 .net/2u *"_ivl_216", 3 0, L_0x7fcb5319f7b0;  1 drivers
v0x55f458c352f0_0 .net *"_ivl_218", 1 0, L_0x55f458c5b0f0;  1 drivers
v0x55f458c353d0_0 .net *"_ivl_220", 3 0, L_0x55f458c5b430;  1 drivers
L_0x7fcb5319f7f8 .functor BUFT 1, C4<00000000011100010000000010001110>, C4<0>, C4<0>, C4<0>;
v0x55f458c354b0_0 .net/2u *"_ivl_224", 31 0, L_0x7fcb5319f7f8;  1 drivers
v0x55f458c35590_0 .net *"_ivl_226", 4 0, L_0x55f458c5b960;  1 drivers
v0x55f458c35670_0 .net *"_ivl_228", 31 0, L_0x55f458c5bb30;  1 drivers
L_0x7fcb5319f840 .functor BUFT 1, C4<0110>, C4<0>, C4<0>, C4<0>;
v0x55f458c35750_0 .net/2u *"_ivl_232", 3 0, L_0x7fcb5319f840;  1 drivers
v0x55f458c35830_0 .net *"_ivl_234", 1 0, L_0x55f458c5c020;  1 drivers
v0x55f458c35910_0 .net *"_ivl_236", 3 0, L_0x55f458c5c390;  1 drivers
L_0x7fcb5319f0f0 .functor BUFT 1, C4<0001010001000001>, C4<0>, C4<0>, C4<0>;
v0x55f458c359f0_0 .net/2u *"_ivl_24", 15 0, L_0x7fcb5319f0f0;  1 drivers
L_0x7fcb5319f888 .functor BUFT 1, C4<0000111000000001>, C4<0>, C4<0>, C4<0>;
v0x55f458c35ad0_0 .net/2u *"_ivl_240", 15 0, L_0x7fcb5319f888;  1 drivers
v0x55f458c35bb0_0 .net *"_ivl_242", 3 0, L_0x55f458c5c8f0;  1 drivers
v0x55f458c35c90_0 .net *"_ivl_244", 15 0, L_0x55f458c5c990;  1 drivers
L_0x7fcb5319f8d0 .functor BUFT 1, C4<1111111100000000011100000000000011111111000000001111111100000000>, C4<0>, C4<0>, C4<0>;
v0x55f458c35d70_0 .net/2u *"_ivl_248", 63 0, L_0x7fcb5319f8d0;  1 drivers
v0x55f458c35e50_0 .net *"_ivl_250", 5 0, L_0x55f458c5ceb0;  1 drivers
v0x55f458c35f30_0 .net *"_ivl_252", 63 0, L_0x55f458c5d3e0;  1 drivers
L_0x7fcb5319f918 .functor BUFT 1, C4<0001>, C4<0>, C4<0>, C4<0>;
v0x55f458c36010_0 .net/2u *"_ivl_256", 3 0, L_0x7fcb5319f918;  1 drivers
v0x55f458c360f0_0 .net *"_ivl_258", 1 0, L_0x55f458c5d900;  1 drivers
v0x55f458c361d0_0 .net *"_ivl_26", 3 0, L_0x55f458c52e00;  1 drivers
v0x55f458c362b0_0 .net *"_ivl_260", 3 0, L_0x55f458c5d9a0;  1 drivers
L_0x7fcb5319f960 .functor BUFT 1, C4<1000>, C4<0>, C4<0>, C4<0>;
v0x55f458c36390_0 .net/2u *"_ivl_264", 3 0, L_0x7fcb5319f960;  1 drivers
v0x55f458c36470_0 .net *"_ivl_266", 1 0, L_0x55f458c5df70;  1 drivers
v0x55f458c36550_0 .net *"_ivl_268", 3 0, L_0x55f458c5e340;  1 drivers
L_0x7fcb5319f9a8 .functor BUFT 1, C4<1000>, C4<0>, C4<0>, C4<0>;
v0x55f458c36630_0 .net/2u *"_ivl_272", 3 0, L_0x7fcb5319f9a8;  1 drivers
v0x55f458c36710_0 .net *"_ivl_274", 1 0, L_0x55f458c5e900;  1 drivers
v0x55f458c367f0_0 .net *"_ivl_276", 3 0, L_0x55f458c5ea40;  1 drivers
v0x55f458c368d0_0 .net *"_ivl_28", 15 0, L_0x55f458c52f00;  1 drivers
L_0x7fcb5319f9f0 .functor BUFT 1, C4<0001>, C4<0>, C4<0>, C4<0>;
v0x55f458c369b0_0 .net/2u *"_ivl_280", 3 0, L_0x7fcb5319f9f0;  1 drivers
v0x55f458c36a90_0 .net *"_ivl_282", 1 0, L_0x55f458c5f010;  1 drivers
v0x55f458c36b70_0 .net *"_ivl_284", 3 0, L_0x55f458c5f410;  1 drivers
L_0x7fcb5319fa38 .functor BUFT 1, C4<0110>, C4<0>, C4<0>, C4<0>;
v0x55f458c37460_0 .net/2u *"_ivl_288", 3 0, L_0x7fcb5319fa38;  1 drivers
v0x55f458c37540_0 .net *"_ivl_290", 1 0, L_0x55f458c5fa00;  1 drivers
v0x55f458c37620_0 .net *"_ivl_292", 3 0, L_0x55f458c5faa0;  1 drivers
L_0x7fcb5319fa80 .functor BUFT 1, C4<00000000111101000000000000001011>, C4<0>, C4<0>, C4<0>;
v0x55f458c37700_0 .net/2u *"_ivl_296", 31 0, L_0x7fcb5319fa80;  1 drivers
v0x55f458c377e0_0 .net *"_ivl_298", 4 0, L_0x55f458c600a0;  1 drivers
v0x55f458c378c0_0 .net *"_ivl_300", 31 0, L_0x55f458c60510;  1 drivers
L_0x7fcb5319fac8 .functor BUFT 1, C4<0000000000000000000100001111111100000000000000000000000000000000>, C4<0>, C4<0>, C4<0>;
v0x55f458c379a0_0 .net/2u *"_ivl_304", 63 0, L_0x7fcb5319fac8;  1 drivers
v0x55f458c37a80_0 .net *"_ivl_306", 5 0, L_0x55f458c60ae0;  1 drivers
v0x55f458c37b60_0 .net *"_ivl_308", 63 0, L_0x55f458c60bf0;  1 drivers
L_0x7fcb5319fb10 .functor BUFT 1, C4<0001>, C4<0>, C4<0>, C4<0>;
v0x55f458c37c40_0 .net/2u *"_ivl_312", 3 0, L_0x7fcb5319fb10;  1 drivers
v0x55f458c37d20_0 .net *"_ivl_314", 1 0, L_0x55f458c61250;  1 drivers
v0x55f458c37e00_0 .net *"_ivl_316", 3 0, L_0x55f458c616b0;  1 drivers
L_0x7fcb5319f138 .functor BUFT 1, C4<0000000101010111000101010111111100010101011111110001010101111111>, C4<0>, C4<0>, C4<0>;
v0x55f458c37ee0_0 .net/2u *"_ivl_32", 63 0, L_0x7fcb5319f138;  1 drivers
L_0x7fcb5319fb58 .functor BUFT 1, C4<0001>, C4<0>, C4<0>, C4<0>;
v0x55f458c37fc0_0 .net/2u *"_ivl_320", 3 0, L_0x7fcb5319fb58;  1 drivers
v0x55f458c380a0_0 .net *"_ivl_322", 1 0, L_0x55f458c61d00;  1 drivers
v0x55f458c38180_0 .net *"_ivl_324", 3 0, L_0x55f458c61ec0;  1 drivers
L_0x7fcb5319fba0 .functor BUFT 1, C4<0001>, C4<0>, C4<0>, C4<0>;
v0x55f458c38260_0 .net/2u *"_ivl_328", 3 0, L_0x7fcb5319fba0;  1 drivers
v0x55f458c38340_0 .net *"_ivl_330", 1 0, L_0x55f458c62480;  1 drivers
v0x55f458c38420_0 .net *"_ivl_332", 3 0, L_0x55f458c62910;  1 drivers
L_0x7fcb5319fbe8 .functor BUFT 1, C4<1000>, C4<0>, C4<0>, C4<0>;
v0x55f458c38500_0 .net/2u *"_ivl_336", 3 0, L_0x7fcb5319fbe8;  1 drivers
v0x55f458c385e0_0 .net *"_ivl_338", 1 0, L_0x55f458c62f90;  1 drivers
v0x55f458c386c0_0 .net *"_ivl_34", 5 0, L_0x55f458c531a0;  1 drivers
v0x55f458c387a0_0 .net *"_ivl_340", 3 0, L_0x55f458c63030;  1 drivers
L_0x7fcb5319fc30 .functor BUFT 1, C4<0001>, C4<0>, C4<0>, C4<0>;
v0x55f458c38880_0 .net/2u *"_ivl_344", 3 0, L_0x7fcb5319fc30;  1 drivers
v0x55f458c38960_0 .net *"_ivl_346", 1 0, L_0x55f458c63670;  1 drivers
v0x55f458c38a40_0 .net *"_ivl_348", 3 0, L_0x55f458c63b30;  1 drivers
L_0x7fcb5319fc78 .functor BUFT 1, C4<0110>, C4<0>, C4<0>, C4<0>;
v0x55f458c38b20_0 .net/2u *"_ivl_352", 3 0, L_0x7fcb5319fc78;  1 drivers
v0x55f458c38c00_0 .net *"_ivl_354", 1 0, L_0x55f458c63710;  1 drivers
v0x55f458c38ce0_0 .net *"_ivl_356", 3 0, L_0x55f458c637b0;  1 drivers
v0x55f458c38dc0_0 .net *"_ivl_36", 63 0, L_0x55f458c532e0;  1 drivers
L_0x7fcb5319fcc0 .functor BUFT 1, C4<00000000011100010000000010001110>, C4<0>, C4<0>, C4<0>;
v0x55f458c38ea0_0 .net/2u *"_ivl_360", 31 0, L_0x7fcb5319fcc0;  1 drivers
v0x55f458c38f80_0 .net *"_ivl_362", 4 0, L_0x55f458c63a30;  1 drivers
v0x55f458c39060_0 .net *"_ivl_364", 31 0, L_0x55f458c63db0;  1 drivers
L_0x7fcb5319fd08 .functor BUFT 1, C4<0110>, C4<0>, C4<0>, C4<0>;
v0x55f458c39140_0 .net/2u *"_ivl_368", 3 0, L_0x7fcb5319fd08;  1 drivers
v0x55f458c39220_0 .net *"_ivl_370", 1 0, L_0x55f458c63fe0;  1 drivers
v0x55f458c39300_0 .net *"_ivl_372", 3 0, L_0x55f458c64080;  1 drivers
L_0x7fcb5319fd50 .functor BUFT 1, C4<00010100>, C4<0>, C4<0>, C4<0>;
v0x55f458c393e0_0 .net/2u *"_ivl_376", 7 0, L_0x7fcb5319fd50;  1 drivers
v0x55f458c394c0_0 .net *"_ivl_378", 2 0, L_0x55f458c64890;  1 drivers
v0x55f458c395a0_0 .net *"_ivl_380", 7 0, L_0x55f458c642e0;  1 drivers
L_0x7fcb5319fd98 .functor BUFT 1, C4<0000111110111111000011110000111100001111000011110000111100001111>, C4<0>, C4<0>, C4<0>;
v0x55f458c39680_0 .net/2u *"_ivl_384", 63 0, L_0x7fcb5319fd98;  1 drivers
v0x55f458c39760_0 .net *"_ivl_386", 5 0, L_0x55f458c64510;  1 drivers
v0x55f458c39840_0 .net *"_ivl_388", 63 0, L_0x55f458c645f0;  1 drivers
L_0x7fcb5319fde0 .functor BUFT 1, C4<0001011101110111>, C4<0>, C4<0>, C4<0>;
v0x55f458c39920_0 .net/2u *"_ivl_392", 15 0, L_0x7fcb5319fde0;  1 drivers
v0x55f458c39a00_0 .net *"_ivl_394", 3 0, L_0x55f458c64f10;  1 drivers
v0x55f458c39ae0_0 .net *"_ivl_396", 15 0, L_0x55f458c64930;  1 drivers
v0x55f458c39bc0_0 .net *"_ivl_4", 31 0, L_0x55f458c52290;  1 drivers
L_0x7fcb5319f180 .functor BUFT 1, C4<00000000001010110000000011010100>, C4<0>, C4<0>, C4<0>;
v0x55f458c39ca0_0 .net/2u *"_ivl_40", 31 0, L_0x7fcb5319f180;  1 drivers
L_0x7fcb5319fe28 .functor BUFT 1, C4<0110>, C4<0>, C4<0>, C4<0>;
v0x55f458c39d80_0 .net/2u *"_ivl_400", 3 0, L_0x7fcb5319fe28;  1 drivers
v0x55f458c39e60_0 .net *"_ivl_402", 1 0, L_0x55f458c64bb0;  1 drivers
v0x55f458c39f40_0 .net *"_ivl_404", 3 0, L_0x55f458c64c50;  1 drivers
L_0x7fcb5319fe70 .functor BUFT 1, C4<00000000111101000000000000001011>, C4<0>, C4<0>, C4<0>;
v0x55f458c3a020_0 .net/2u *"_ivl_408", 31 0, L_0x7fcb5319fe70;  1 drivers
v0x55f458c3a100_0 .net *"_ivl_410", 4 0, L_0x55f458c65660;  1 drivers
v0x55f458c3a1e0_0 .net *"_ivl_412", 31 0, L_0x55f458c65050;  1 drivers
L_0x7fcb5319feb8 .functor BUFT 1, C4<0000000000000000000100001111111100000000000000000000000000000000>, C4<0>, C4<0>, C4<0>;
v0x55f458c3a2c0_0 .net/2u *"_ivl_416", 63 0, L_0x7fcb5319feb8;  1 drivers
v0x55f458c3a3a0_0 .net *"_ivl_418", 5 0, L_0x55f458c65280;  1 drivers
v0x55f458c3a480_0 .net *"_ivl_42", 4 0, L_0x55f458c535e0;  1 drivers
v0x55f458c3a560_0 .net *"_ivl_420", 63 0, L_0x55f458c65420;  1 drivers
L_0x7fcb5319ff00 .functor BUFT 1, C4<00000111>, C4<0>, C4<0>, C4<0>;
v0x55f458c3a640_0 .net/2u *"_ivl_424", 7 0, L_0x7fcb5319ff00;  1 drivers
v0x55f458c3a720_0 .net *"_ivl_426", 2 0, L_0x55f458c65840;  1 drivers
v0x55f458c3a800_0 .net *"_ivl_428", 7 0, L_0x55f458c65a00;  1 drivers
L_0x7fcb5319ff48 .functor BUFT 1, C4<0001>, C4<0>, C4<0>, C4<0>;
v0x55f458c3a8e0_0 .net/2u *"_ivl_432", 3 0, L_0x7fcb5319ff48;  1 drivers
v0x55f458c3a9c0_0 .net *"_ivl_434", 1 0, L_0x55f458c66160;  1 drivers
v0x55f458c3aaa0_0 .net *"_ivl_436", 3 0, L_0x55f458c66200;  1 drivers
v0x55f458c3ab80_0 .net *"_ivl_44", 31 0, L_0x55f458c537b0;  1 drivers
L_0x7fcb5319ff90 .functor BUFT 1, C4<0001>, C4<0>, C4<0>, C4<0>;
v0x55f458c3ac60_0 .net/2u *"_ivl_440", 3 0, L_0x7fcb5319ff90;  1 drivers
v0x55f458c3ad40_0 .net *"_ivl_442", 1 0, L_0x55f458c65d80;  1 drivers
v0x55f458c3ae20_0 .net *"_ivl_444", 3 0, L_0x55f458c65ec0;  1 drivers
L_0x7fcb5319ffd8 .functor BUFT 1, C4<0110>, C4<0>, C4<0>, C4<0>;
v0x55f458c3af00_0 .net/2u *"_ivl_448", 3 0, L_0x7fcb5319ffd8;  1 drivers
v0x55f458c3afe0_0 .net *"_ivl_450", 1 0, L_0x55f458c66890;  1 drivers
v0x55f458c3b0c0_0 .net *"_ivl_452", 3 0, L_0x55f458c66930;  1 drivers
L_0x7fcb531a0020 .functor BUFT 1, C4<0000011101110111>, C4<0>, C4<0>, C4<0>;
v0x55f458c3b1a0_0 .net/2u *"_ivl_456", 15 0, L_0x7fcb531a0020;  1 drivers
v0x55f458c3b280_0 .net *"_ivl_458", 3 0, L_0x55f458c66480;  1 drivers
v0x55f458c3b360_0 .net *"_ivl_460", 15 0, L_0x55f458c66520;  1 drivers
L_0x7fcb531a0068 .functor BUFT 1, C4<0000000000000000111111110111000000000000000000000000000010001111>, C4<0>, C4<0>, C4<0>;
v0x55f458c3b440_0 .net/2u *"_ivl_464", 63 0, L_0x7fcb531a0068;  1 drivers
v0x55f458c3b520_0 .net *"_ivl_466", 5 0, L_0x55f458c667a0;  1 drivers
v0x55f458c3b600_0 .net *"_ivl_468", 63 0, L_0x55f458c66ff0;  1 drivers
L_0x7fcb531a00b0 .functor BUFT 1, C4<0001>, C4<0>, C4<0>, C4<0>;
v0x55f458c3b6e0_0 .net/2u *"_ivl_472", 3 0, L_0x7fcb531a00b0;  1 drivers
v0x55f458c3b7c0_0 .net *"_ivl_474", 1 0, L_0x55f458c66b60;  1 drivers
v0x55f458c3b8a0_0 .net *"_ivl_476", 3 0, L_0x55f458c66ca0;  1 drivers
L_0x7fcb5319f1c8 .functor BUFT 1, C4<0110>, C4<0>, C4<0>, C4<0>;
v0x55f458c3b980_0 .net/2u *"_ivl_48", 3 0, L_0x7fcb5319f1c8;  1 drivers
L_0x7fcb531a00f8 .functor BUFT 1, C4<0110>, C4<0>, C4<0>, C4<0>;
v0x55f458c3ba60_0 .net/2u *"_ivl_480", 3 0, L_0x7fcb531a00f8;  1 drivers
v0x55f458c3bb40_0 .net *"_ivl_482", 1 0, L_0x55f458c66f20;  1 drivers
v0x55f458c3bc20_0 .net *"_ivl_484", 3 0, L_0x55f458c676e0;  1 drivers
L_0x7fcb531a0140 .functor BUFT 1, C4<0000011101110111>, C4<0>, C4<0>, C4<0>;
v0x55f458c3bd00_0 .net/2u *"_ivl_488", 15 0, L_0x7fcb531a0140;  1 drivers
v0x55f458c3bde0_0 .net *"_ivl_490", 3 0, L_0x55f458c67270;  1 drivers
v0x55f458c3bec0_0 .net *"_ivl_492", 15 0, L_0x55f458c67430;  1 drivers
L_0x7fcb531a0188 .functor BUFT 1, C4<0000111110111111000011110000111100000000000000000000000000000000>, C4<0>, C4<0>, C4<0>;
v0x55f458c3bfa0_0 .net/2u *"_ivl_496", 63 0, L_0x7fcb531a0188;  1 drivers
v0x55f458c3c080_0 .net *"_ivl_498", 5 0, L_0x55f458c67610;  1 drivers
v0x55f458c3c160_0 .net *"_ivl_50", 1 0, L_0x55f458c53a80;  1 drivers
v0x55f458c3c240_0 .net *"_ivl_500", 63 0, L_0x55f458c67e40;  1 drivers
L_0x7fcb531a01d0 .functor BUFT 1, C4<0000011101110111>, C4<0>, C4<0>, C4<0>;
v0x55f458c3c320_0 .net/2u *"_ivl_504", 15 0, L_0x7fcb531a01d0;  1 drivers
v0x55f458c3c400_0 .net *"_ivl_506", 3 0, L_0x55f458c67910;  1 drivers
v0x55f458c3c4e0_0 .net *"_ivl_508", 15 0, L_0x55f458c67b70;  1 drivers
L_0x7fcb531a0218 .functor BUFT 1, C4<00001110>, C4<0>, C4<0>, C4<0>;
v0x55f458c3c5c0_0 .net/2u *"_ivl_512", 7 0, L_0x7fcb531a0218;  1 drivers
v0x55f458c3c6a0_0 .net *"_ivl_514", 2 0, L_0x55f458c67d50;  1 drivers
v0x55f458c3c780_0 .net *"_ivl_516", 7 0, L_0x55f458c68590;  1 drivers
v0x55f458c3c860_0 .net *"_ivl_52", 3 0, L_0x55f458c53b20;  1 drivers
L_0x7fcb5319f210 .functor BUFT 1, C4<0000000000000000111111111110000000000000000000000000000000011111>, C4<0>, C4<0>, C4<0>;
v0x55f458c3c940_0 .net/2u *"_ivl_56", 63 0, L_0x7fcb5319f210;  1 drivers
v0x55f458c3ca20_0 .net *"_ivl_58", 5 0, L_0x55f458c53db0;  1 drivers
v0x55f458c3cb00_0 .net *"_ivl_60", 63 0, L_0x55f458c53f10;  1 drivers
L_0x7fcb5319f258 .functor BUFT 1, C4<0001>, C4<0>, C4<0>, C4<0>;
v0x55f458c3cbe0_0 .net/2u *"_ivl_64", 3 0, L_0x7fcb5319f258;  1 drivers
v0x55f458c3ccc0_0 .net *"_ivl_66", 1 0, L_0x55f458c54280;  1 drivers
v0x55f458c3cda0_0 .net *"_ivl_68", 3 0, L_0x55f458c54320;  1 drivers
L_0x7fcb5319f2a0 .functor BUFT 1, C4<0001>, C4<0>, C4<0>, C4<0>;
v0x55f458c3ce80_0 .net/2u *"_ivl_72", 3 0, L_0x7fcb5319f2a0;  1 drivers
v0x55f458c3cf60_0 .net *"_ivl_74", 1 0, L_0x55f458c54660;  1 drivers
v0x55f458c3d040_0 .net *"_ivl_76", 3 0, L_0x55f458c54890;  1 drivers
L_0x7fcb5319f060 .functor BUFT 1, C4<0001010001000001>, C4<0>, C4<0>, C4<0>;
v0x55f458c3d120_0 .net/2u *"_ivl_8", 15 0, L_0x7fcb5319f060;  1 drivers
L_0x7fcb5319f2e8 .functor BUFT 1, C4<0110>, C4<0>, C4<0>, C4<0>;
v0x55f458c3d200_0 .net/2u *"_ivl_80", 3 0, L_0x7fcb5319f2e8;  1 drivers
v0x55f458c3d2e0_0 .net *"_ivl_82", 1 0, L_0x55f458c54c10;  1 drivers
v0x55f458c3d3c0_0 .net *"_ivl_84", 3 0, L_0x55f458c54cb0;  1 drivers
L_0x7fcb5319f330 .functor BUFT 1, C4<0000011101110111>, C4<0>, C4<0>, C4<0>;
v0x55f458c3d4a0_0 .net/2u *"_ivl_88", 15 0, L_0x7fcb5319f330;  1 drivers
v0x55f458c3d580_0 .net *"_ivl_90", 3 0, L_0x55f458c55040;  1 drivers
v0x55f458c3d660_0 .net *"_ivl_92", 15 0, L_0x55f458c55320;  1 drivers
L_0x7fcb5319f378 .functor BUFT 1, C4<00010100>, C4<0>, C4<0>, C4<0>;
v0x55f458c3d740_0 .net/2u *"_ivl_96", 7 0, L_0x7fcb5319f378;  1 drivers
v0x55f458c3d820_0 .net *"_ivl_98", 2 0, L_0x55f458c55200;  1 drivers
v0x55f458c3d900_0 .net "clk", 0 0, v0x55f458c41c50_0;  1 drivers
v0x55f458c3d9c0_0 .net "n104", 0 0, L_0x55f458c11880;  1 drivers
v0x55f458c3da80_0 .net "n108", 0 0, L_0x55f458c52400;  1 drivers
v0x55f458c3db40_0 .net "n112", 0 0, L_0x55f458c527f0;  1 drivers
v0x55f458c3dc00_0 .net "n116", 0 0, L_0x55f458c52fa0;  1 drivers
v0x55f458c3dcc0_0 .net "n120", 0 0, L_0x55f458c538f0;  1 drivers
v0x55f458c3dd80_0 .net "n124", 0 0, L_0x55f458c54030;  1 drivers
v0x55f458c3de40_0 .net "n128", 0 0, L_0x55f458c55860;  1 drivers
v0x55f458c3df00_0 .net "n132", 0 0, L_0x55f458c57380;  1 drivers
v0x55f458c3dfc0_0 .net "n136", 0 0, L_0x55f458c598c0;  1 drivers
v0x55f458c3e080_0 .net "n140", 0 0, L_0x55f458c5bf30;  1 drivers
v0x55f458c3e140_0 .net "n144", 0 0, L_0x55f458c5cdc0;  1 drivers
v0x55f458c3e200_0 .net "n148", 0 0, L_0x55f458c60650;  1 drivers
v0x55f458c36c30_0 .net "n152", 0 0, L_0x55f458c63ef0;  1 drivers
v0x55f458c36cf0_0 .net "n156", 0 0, L_0x55f458c64420;  1 drivers
v0x55f458c36db0_0 .net "n160", 0 0, L_0x55f458c65190;  1 drivers
v0x55f458c36e70_0 .net "n164", 0 0, L_0x55f458c66a70;  1 drivers
v0x55f458c36f30_0 .net "n168", 0 0, L_0x55f458c67820;  1 drivers
v0x55f458c36ff0_0 .net "new_new_n108_1", 0 0, L_0x55f458c52cc0;  1 drivers
v0x55f458c370b0_0 .net "new_new_n110", 0 0, L_0x55f458c534a0;  1 drivers
v0x55f458c37170_0 .net "new_new_n112_1", 0 0, L_0x55f458c539e0;  1 drivers
v0x55f458c37230_0 .net "new_new_n114", 0 0, L_0x55f458c54520;  1 drivers
v0x55f458c372f0_0 .net "new_new_n115_1", 0 0, L_0x55f458c549d0;  1 drivers
v0x55f458c3f2b0_0 .net "new_new_n116_1", 0 0, L_0x55f458c54f00;  1 drivers
v0x55f458c3f350_0 .net "new_new_n117", 0 0, L_0x55f458c553c0;  1 drivers
v0x55f458c3f3f0_0 .net "new_new_n119_1", 0 0, L_0x55f458c55cb0;  1 drivers
v0x55f458c3f490_0 .net "new_new_n120_1", 0 0, L_0x55f458c56340;  1 drivers
v0x55f458c3f550_0 .net "new_new_n121", 0 0, L_0x55f458c56860;  1 drivers
v0x55f458c3f610_0 .net "new_new_n122", 0 0, L_0x55f458c56eb0;  1 drivers
v0x55f458c3f6d0_0 .net "new_new_n124_1", 0 0, L_0x55f458c57a70;  1 drivers
v0x55f458c3f790_0 .net "new_new_n125", 0 0, L_0x55f458c57f70;  1 drivers
v0x55f458c3f850_0 .net "new_new_n126", 0 0, L_0x55f458c58680;  1 drivers
v0x55f458c3f910_0 .net "new_new_n127_1", 0 0, L_0x55f458c58bb0;  1 drivers
v0x55f458c3f9d0_0 .net "new_new_n128_1", 0 0, L_0x55f458c59320;  1 drivers
v0x55f458c3fa90_0 .net "new_new_n130", 0 0, L_0x55f458c5a150;  1 drivers
v0x55f458c3fb50_0 .net "new_new_n131_1", 0 0, L_0x55f458c5a780;  1 drivers
v0x55f458c3fc10_0 .net "new_new_n132_1", 0 0, L_0x55f458c5afb0;  1 drivers
v0x55f458c3fcd0_0 .net "new_new_n133", 0 0, L_0x55f458c5b570;  1 drivers
v0x55f458c3fd90_0 .net "new_new_n136_1", 0 0, L_0x55f458c5c4d0;  1 drivers
v0x55f458c3fe50_0 .net "new_new_n138", 0 0, L_0x55f458c5d4b0;  1 drivers
v0x55f458c3ff10_0 .net "new_new_n139_1", 0 0, L_0x55f458c5de30;  1 drivers
v0x55f458c3ffd0_0 .net "new_new_n140_1", 0 0, L_0x55f458c5e480;  1 drivers
v0x55f458c40090_0 .net "new_new_n141", 0 0, L_0x55f458c5eed0;  1 drivers
v0x55f458c40150_0 .net "new_new_n142", 0 0, L_0x55f458c5f550;  1 drivers
v0x55f458c40210_0 .net "new_new_n143_1", 0 0, L_0x55f458c5ff60;  1 drivers
v0x55f458c402d0_0 .net "new_new_n145", 0 0, L_0x55f458c61110;  1 drivers
v0x55f458c40390_0 .net "new_new_n146", 0 0, L_0x55f458c617f0;  1 drivers
v0x55f458c40450_0 .net "new_new_n147_1", 0 0, L_0x55f458c62340;  1 drivers
v0x55f458c40510_0 .net "new_new_n148_1", 0 0, L_0x55f458c62a50;  1 drivers
v0x55f458c405d0_0 .net "new_new_n149", 0 0, L_0x55f458c63530;  1 drivers
v0x55f458c40690_0 .net "new_new_n150", 0 0, L_0x55f458c63c70;  1 drivers
v0x55f458c40750_0 .net "new_new_n151_1", 0 0, L_0x55f458c638f0;  1 drivers
v0x55f458c40810_0 .net "new_new_n154", 0 0, L_0x55f458c64750;  1 drivers
v0x55f458c408d0_0 .net "new_new_n156", 0 0, L_0x55f458c64dd0;  1 drivers
v0x55f458c40990_0 .net "new_new_n157", 0 0, L_0x55f458c64a70;  1 drivers
v0x55f458c40a50_0 .net "new_new_n158", 0 0, L_0x55f458c65520;  1 drivers
v0x55f458c40b10_0 .net "new_new_n160", 0 0, L_0x55f458c65700;  1 drivers
v0x55f458c40bd0_0 .net "new_new_n161", 0 0, L_0x55f458c65aa0;  1 drivers
v0x55f458c40c90_0 .net "new_new_n162", 0 0, L_0x55f458c65c40;  1 drivers
v0x55f458c40d50_0 .net "new_new_n163", 0 0, L_0x55f458c66000;  1 drivers
v0x55f458c40e10_0 .net "new_new_n164", 0 0, L_0x55f458c66340;  1 drivers
v0x55f458c40ed0_0 .net "new_new_n165", 0 0, L_0x55f458c66660;  1 drivers
v0x55f458c40f90_0 .net "new_new_n167", 0 0, L_0x55f458c66de0;  1 drivers
v0x55f458c41050_0 .net "new_new_n168", 0 0, L_0x55f458c67130;  1 drivers
v0x55f458c41110_0 .net "new_new_n169", 0 0, L_0x55f458c674d0;  1 drivers
v0x55f458c411d0_0 .net "new_new_n171", 0 0, L_0x55f458c67c10;  1 drivers
v0x55f458c41290_0 .net "new_new_n172", 0 0, L_0x55f458c67f80;  1 drivers
v0x55f458c41350_0 .net "rst", 0 0, v0x55f458c41ff0_0;  1 drivers
E_0x55f458bb7c10 .event posedge, v0x55f458c3d900_0;
LS_0x55f458c52160_0_0 .concat [ 1 1 1 1], L_0x55f458c69780, L_0x55f458c6aa80, v0x55f458c41ff0_0, L_0x55f458c69650;
LS_0x55f458c52160_0_4 .concat [ 1 0 0 0], L_0x55f458c6a950;
L_0x55f458c52160 .concat [ 4 1 0 0], LS_0x55f458c52160_0_0, LS_0x55f458c52160_0_4;
L_0x55f458c52290 .shift/r 32, L_0x7fcb5319f018, L_0x55f458c52160;
L_0x55f458c52400 .part L_0x55f458c52290, 0, 1;
L_0x55f458c524f0 .concat [ 1 1 1 1], v0x55f458c41ff0_0, L_0x55f458c52cc0, L_0x55f458c69530, L_0x55f458c6a7b0;
L_0x55f458c52680 .shift/r 16, L_0x7fcb5319f060, L_0x55f458c524f0;
L_0x55f458c527f0 .part L_0x55f458c52680, 0, 1;
L_0x55f458c52920 .concat [ 1 1 1 1], L_0x55f458c69650, L_0x55f458c6a950, L_0x55f458c69780, L_0x55f458c6aa80;
L_0x55f458c52b30 .shift/r 16, L_0x7fcb5319f0a8, L_0x55f458c52920;
L_0x55f458c52cc0 .part L_0x55f458c52b30, 0, 1;
L_0x55f458c52e00 .concat [ 1 1 1 1], v0x55f458c41ff0_0, L_0x55f458c534a0, L_0x55f458c69490, L_0x55f458c6a710;
L_0x55f458c52f00 .shift/r 16, L_0x7fcb5319f0f0, L_0x55f458c52e00;
L_0x55f458c52fa0 .part L_0x55f458c52f00, 0, 1;
LS_0x55f458c531a0_0_0 .concat [ 1 1 1 1], L_0x55f458c69530, L_0x55f458c69650, L_0x55f458c6a950, L_0x55f458c6a7b0;
LS_0x55f458c531a0_0_4 .concat [ 1 1 0 0], L_0x55f458c69780, L_0x55f458c6aa80;
L_0x55f458c531a0 .concat [ 4 2 0 0], LS_0x55f458c531a0_0_0, LS_0x55f458c531a0_0_4;
L_0x55f458c532e0 .shift/r 64, L_0x7fcb5319f138, L_0x55f458c531a0;
L_0x55f458c534a0 .part L_0x55f458c532e0, 0, 1;
LS_0x55f458c535e0_0_0 .concat [ 1 1 1 1], L_0x55f458c534a0, L_0x55f458c69490, L_0x55f458c6a710, v0x55f458c41ff0_0;
LS_0x55f458c535e0_0_4 .concat [ 1 0 0 0], L_0x55f458c539e0;
L_0x55f458c535e0 .concat [ 4 1 0 0], LS_0x55f458c535e0_0_0, LS_0x55f458c535e0_0_4;
L_0x55f458c537b0 .shift/r 32, L_0x7fcb5319f180, L_0x55f458c535e0;
L_0x55f458c538f0 .part L_0x55f458c537b0, 0, 1;
L_0x55f458c53a80 .concat [ 1 1 0 0], L_0x55f458c69380, L_0x55f458c6a580;
L_0x55f458c53b20 .shift/r 4, L_0x7fcb5319f1c8, L_0x55f458c53a80;
L_0x55f458c539e0 .part L_0x55f458c53b20, 0, 1;
LS_0x55f458c53db0_0_0 .concat [ 1 1 1 1], L_0x55f458c534a0, L_0x55f458c54520, L_0x55f458c553c0, L_0x55f458c549d0;
LS_0x55f458c53db0_0_4 .concat [ 1 1 0 0], v0x55f458c41ff0_0, L_0x55f458c54f00;
L_0x55f458c53db0 .concat [ 4 2 0 0], LS_0x55f458c53db0_0_0, LS_0x55f458c53db0_0_4;
L_0x55f458c53f10 .shift/r 64, L_0x7fcb5319f210, L_0x55f458c53db0;
L_0x55f458c54030 .part L_0x55f458c53f10, 0, 1;
L_0x55f458c54280 .concat [ 1 1 0 0], L_0x55f458c69490, L_0x55f458c6a710;
L_0x55f458c54320 .shift/r 4, L_0x7fcb5319f258, L_0x55f458c54280;
L_0x55f458c54520 .part L_0x55f458c54320, 0, 1;
L_0x55f458c54660 .concat [ 1 1 0 0], L_0x55f458c69380, L_0x55f458c6a580;
L_0x55f458c54890 .shift/r 4, L_0x7fcb5319f2a0, L_0x55f458c54660;
L_0x55f458c549d0 .part L_0x55f458c54890, 0, 1;
L_0x55f458c54c10 .concat [ 1 1 0 0], L_0x55f458c692e0, L_0x55f458c6a4e0;
L_0x55f458c54cb0 .shift/r 4, L_0x7fcb5319f2e8, L_0x55f458c54c10;
L_0x55f458c54f00 .part L_0x55f458c54cb0, 0, 1;
L_0x55f458c55040 .concat [ 1 1 1 1], L_0x55f458c69380, L_0x55f458c6a580, L_0x55f458c69490, L_0x55f458c6a710;
L_0x55f458c55320 .shift/r 16, L_0x7fcb5319f330, L_0x55f458c55040;
L_0x55f458c553c0 .part L_0x55f458c55320, 0, 1;
L_0x55f458c55200 .concat [ 1 1 1 0], v0x55f458c41ff0_0, L_0x55f458c55cb0, L_0x55f458c56eb0;
L_0x55f458c55630 .shift/r 8, L_0x7fcb5319f378, L_0x55f458c55200;
L_0x55f458c55860 .part L_0x55f458c55630, 0, 1;
LS_0x55f458c55950_0_0 .concat [ 1 1 1 1], L_0x55f458c56860, L_0x55f458c534a0, L_0x55f458c69490, L_0x55f458c6a710;
LS_0x55f458c55950_0_4 .concat [ 1 1 0 0], L_0x55f458c539e0, L_0x55f458c56340;
L_0x55f458c55950 .concat [ 4 2 0 0], LS_0x55f458c55950_0_0, LS_0x55f458c55950_0_4;
L_0x55f458c55b40 .shift/r 64, L_0x7fcb5319f3c0, L_0x55f458c55950;
L_0x55f458c55cb0 .part L_0x55f458c55b40, 0, 1;
L_0x55f458c55f50 .concat [ 1 1 0 0], L_0x55f458c692e0, L_0x55f458c6a4e0;
L_0x55f458c56090 .shift/r 4, L_0x7fcb5319f408, L_0x55f458c55f50;
L_0x55f458c56340 .part L_0x55f458c56090, 0, 1;
L_0x55f458c56480 .concat [ 1 1 1 1], L_0x55f458c692e0, L_0x55f458c6a4e0, L_0x55f458c69380, L_0x55f458c6a580;
L_0x55f458c567c0 .shift/r 16, L_0x7fcb5319f450, L_0x55f458c56480;
L_0x55f458c56860 .part L_0x55f458c567c0, 0, 1;
L_0x55f458c56b30 .concat [ 1 1 0 0], L_0x55f458c691e0, L_0x55f458c6a360;
L_0x55f458c56bd0 .shift/r 4, L_0x7fcb5319f498, L_0x55f458c56b30;
L_0x55f458c56eb0 .part L_0x55f458c56bd0, 0, 1;
L_0x55f458c56ff0 .concat [ 1 1 1 0], v0x55f458c41ff0_0, L_0x55f458c57a70, L_0x55f458c59320;
L_0x55f458c57240 .shift/r 8, L_0x7fcb5319f4e0, L_0x55f458c56ff0;
L_0x55f458c57380 .part L_0x55f458c57240, 0, 1;
L_0x55f458c57630 .concat [ 1 1 0 0], L_0x55f458c57f70, L_0x55f458c58bb0;
L_0x55f458c57730 .shift/r 4, L_0x7fcb5319f528, L_0x55f458c57630;
L_0x55f458c57a70 .part L_0x55f458c57730, 0, 1;
LS_0x55f458c57bb0_0_0 .concat [ 1 1 1 1], L_0x55f458c534a0, L_0x55f458c54520, L_0x55f458c553c0, L_0x55f458c58680;
LS_0x55f458c57bb0_0_4 .concat [ 1 1 0 0], L_0x55f458c549d0, L_0x55f458c54f00;
L_0x55f458c57bb0 .concat [ 4 2 0 0], LS_0x55f458c57bb0_0_0, LS_0x55f458c57bb0_0_4;
L_0x55f458c57e30 .shift/r 64, L_0x7fcb5319f570, L_0x55f458c57bb0;
L_0x55f458c57f70 .part L_0x55f458c57e30, 0, 1;
L_0x55f458c582a0 .concat [ 1 1 1 1], L_0x55f458c691e0, L_0x55f458c6a360, L_0x55f458c692e0, L_0x55f458c6a4e0;
L_0x55f458c583e0 .shift/r 16, L_0x7fcb5319f5b8, L_0x55f458c582a0;
L_0x55f458c58680 .part L_0x55f458c583e0, 0, 1;
L_0x55f458c587c0 .concat [ 1 1 0 0], L_0x55f458c691e0, L_0x55f458c6a360;
L_0x55f458c58a70 .shift/r 4, L_0x7fcb5319f600, L_0x55f458c587c0;
L_0x55f458c58bb0 .part L_0x55f458c58a70, 0, 1;
L_0x55f458c58f10 .concat [ 1 1 0 0], L_0x55f458c684f0, L_0x55f458c6a2c0;
L_0x55f458c58fb0 .shift/r 4, L_0x7fcb5319f648, L_0x55f458c58f10;
L_0x55f458c59320 .part L_0x55f458c58fb0, 0, 1;
LS_0x55f458c59460_0_0 .concat [ 1 1 1 1], L_0x55f458c55cb0, L_0x55f458c56eb0, L_0x55f458c5a150, L_0x55f458c5afb0;
LS_0x55f458c59460_0_4 .concat [ 1 1 0 0], v0x55f458c41ff0_0, L_0x55f458c5b570;
L_0x55f458c59460 .concat [ 4 2 0 0], LS_0x55f458c59460_0_0, LS_0x55f458c59460_0_4;
L_0x55f458c59780 .shift/r 64, L_0x7fcb5319f690, L_0x55f458c59460;
L_0x55f458c598c0 .part L_0x55f458c59780, 0, 1;
L_0x55f458c59c00 .concat [ 1 1 1 0], L_0x55f458c691e0, L_0x55f458c6a360, L_0x55f458c5a780;
L_0x55f458c59e20 .shift/r 8, L_0x7fcb5319f6d8, L_0x55f458c59c00;
L_0x55f458c5a150 .part L_0x55f458c59e20, 0, 1;
L_0x55f458c5a290 .concat [ 1 1 0 0], L_0x55f458c684f0, L_0x55f458c6a2c0;
L_0x55f458c5a640 .shift/r 4, L_0x7fcb5319f720, L_0x55f458c5a290;
L_0x55f458c5a780 .part L_0x55f458c5a640, 0, 1;
L_0x55f458c5ab40 .concat [ 1 1 0 0], L_0x55f458c684f0, L_0x55f458c6a2c0;
L_0x55f458c5abe0 .shift/r 4, L_0x7fcb5319f768, L_0x55f458c5ab40;
L_0x55f458c5afb0 .part L_0x55f458c5abe0, 0, 1;
L_0x55f458c5b0f0 .concat [ 1 1 0 0], L_0x55f458c69060, L_0x55f458c6a150;
L_0x55f458c5b430 .shift/r 4, L_0x7fcb5319f7b0, L_0x55f458c5b0f0;
L_0x55f458c5b570 .part L_0x55f458c5b430, 0, 1;
LS_0x55f458c5b960_0_0 .concat [ 1 1 1 1], L_0x55f458c69060, L_0x55f458c6a150, L_0x55f458c598c0, v0x55f458c41ff0_0;
LS_0x55f458c5b960_0_4 .concat [ 1 0 0 0], L_0x55f458c5c4d0;
L_0x55f458c5b960 .concat [ 4 1 0 0], LS_0x55f458c5b960_0_0, LS_0x55f458c5b960_0_4;
L_0x55f458c5bb30 .shift/r 32, L_0x7fcb5319f7f8, L_0x55f458c5b960;
L_0x55f458c5bf30 .part L_0x55f458c5bb30, 0, 1;
L_0x55f458c5c020 .concat [ 1 1 0 0], L_0x55f458c68f30, L_0x55f458c6a020;
L_0x55f458c5c390 .shift/r 4, L_0x7fcb5319f840, L_0x55f458c5c020;
L_0x55f458c5c4d0 .part L_0x55f458c5c390, 0, 1;
L_0x55f458c5c8f0 .concat [ 1 1 1 1], L_0x55f458c5d4b0, L_0x55f458c5f550, v0x55f458c41ff0_0, L_0x55f458c5ff60;
L_0x55f458c5c990 .shift/r 16, L_0x7fcb5319f888, L_0x55f458c5c8f0;
L_0x55f458c5cdc0 .part L_0x55f458c5c990, 0, 1;
LS_0x55f458c5ceb0_0_0 .concat [ 1 1 1 1], L_0x55f458c56eb0, L_0x55f458c55cb0, L_0x55f458c5a150, L_0x55f458c5de30;
LS_0x55f458c5ceb0_0_4 .concat [ 1 1 0 0], L_0x55f458c5afb0, L_0x55f458c5b570;
L_0x55f458c5ceb0 .concat [ 4 2 0 0], LS_0x55f458c5ceb0_0_0, LS_0x55f458c5ceb0_0_4;
L_0x55f458c5d3e0 .shift/r 64, L_0x7fcb5319f8d0, L_0x55f458c5ceb0;
L_0x55f458c5d4b0 .part L_0x55f458c5d3e0, 0, 1;
L_0x55f458c5d900 .concat [ 1 1 0 0], L_0x55f458c5e480, L_0x55f458c5eed0;
L_0x55f458c5d9a0 .shift/r 4, L_0x7fcb5319f918, L_0x55f458c5d900;
L_0x55f458c5de30 .part L_0x55f458c5d9a0, 0, 1;
L_0x55f458c5df70 .concat [ 1 1 0 0], L_0x55f458c69060, L_0x55f458c6a150;
L_0x55f458c5e340 .shift/r 4, L_0x7fcb5319f960, L_0x55f458c5df70;
L_0x55f458c5e480 .part L_0x55f458c5e340, 0, 1;
L_0x55f458c5e900 .concat [ 1 1 0 0], L_0x55f458c68f30, L_0x55f458c6a020;
L_0x55f458c5ea40 .shift/r 4, L_0x7fcb5319f9a8, L_0x55f458c5e900;
L_0x55f458c5eed0 .part L_0x55f458c5ea40, 0, 1;
L_0x55f458c5f010 .concat [ 1 1 0 0], L_0x55f458c68f30, L_0x55f458c6a020;
L_0x55f458c5f410 .shift/r 4, L_0x7fcb5319f9f0, L_0x55f458c5f010;
L_0x55f458c5f550 .part L_0x55f458c5f410, 0, 1;
L_0x55f458c5fa00 .concat [ 1 1 0 0], L_0x55f458c68dc0, L_0x55f458c69e30;
L_0x55f458c5faa0 .shift/r 4, L_0x7fcb5319fa38, L_0x55f458c5fa00;
L_0x55f458c5ff60 .part L_0x55f458c5faa0, 0, 1;
LS_0x55f458c600a0_0_0 .concat [ 1 1 1 1], L_0x55f458c61110, L_0x55f458c62a50, L_0x55f458c63c70, v0x55f458c41ff0_0;
LS_0x55f458c600a0_0_4 .concat [ 1 0 0 0], L_0x55f458c638f0;
L_0x55f458c600a0 .concat [ 4 1 0 0], LS_0x55f458c600a0_0_0, LS_0x55f458c600a0_0_4;
L_0x55f458c60510 .shift/r 32, L_0x7fcb5319fa80, L_0x55f458c600a0;
L_0x55f458c60650 .part L_0x55f458c60510, 0, 1;
LS_0x55f458c60ae0_0_0 .concat [ 1 1 1 1], L_0x55f458c58bb0, L_0x55f458c57f70, L_0x55f458c59320, L_0x55f458c617f0;
LS_0x55f458c60ae0_0_4 .concat [ 1 1 0 0], L_0x55f458c62340, L_0x55f458c5c4d0;
L_0x55f458c60ae0 .concat [ 4 2 0 0], LS_0x55f458c60ae0_0_0, LS_0x55f458c60ae0_0_4;
L_0x55f458c60bf0 .shift/r 64, L_0x7fcb5319fac8, L_0x55f458c60ae0;
L_0x55f458c61110 .part L_0x55f458c60bf0, 0, 1;
L_0x55f458c61250 .concat [ 1 1 0 0], L_0x55f458c5a780, L_0x55f458c5e480;
L_0x55f458c616b0 .shift/r 4, L_0x7fcb5319fb10, L_0x55f458c61250;
L_0x55f458c617f0 .part L_0x55f458c616b0, 0, 1;
L_0x55f458c61d00 .concat [ 1 1 0 0], L_0x55f458c69060, L_0x55f458c6a150;
L_0x55f458c61ec0 .shift/r 4, L_0x7fcb5319fb58, L_0x55f458c61d00;
L_0x55f458c62340 .part L_0x55f458c61ec0, 0, 1;
L_0x55f458c62480 .concat [ 1 1 0 0], L_0x55f458c5eed0, L_0x55f458c63530;
L_0x55f458c62910 .shift/r 4, L_0x7fcb5319fba0, L_0x55f458c62480;
L_0x55f458c62a50 .part L_0x55f458c62910, 0, 1;
L_0x55f458c62f90 .concat [ 1 1 0 0], L_0x55f458c68dc0, L_0x55f458c69e30;
L_0x55f458c63030 .shift/r 4, L_0x7fcb5319fbe8, L_0x55f458c62f90;
L_0x55f458c63530 .part L_0x55f458c63030, 0, 1;
L_0x55f458c63670 .concat [ 1 1 0 0], L_0x55f458c68dc0, L_0x55f458c69e30;
L_0x55f458c63b30 .shift/r 4, L_0x7fcb5319fc30, L_0x55f458c63670;
L_0x55f458c63c70 .part L_0x55f458c63b30, 0, 1;
L_0x55f458c63710 .concat [ 1 1 0 0], L_0x55f458c68d20, L_0x55f458c69b10;
L_0x55f458c637b0 .shift/r 4, L_0x7fcb5319fc78, L_0x55f458c63710;
L_0x55f458c638f0 .part L_0x55f458c637b0, 0, 1;
LS_0x55f458c63a30_0_0 .concat [ 1 1 1 1], L_0x55f458c68d20, L_0x55f458c69b10, L_0x55f458c60650, v0x55f458c41ff0_0;
LS_0x55f458c63a30_0_4 .concat [ 1 0 0 0], L_0x55f458c64750;
L_0x55f458c63a30 .concat [ 4 1 0 0], LS_0x55f458c63a30_0_0, LS_0x55f458c63a30_0_4;
L_0x55f458c63db0 .shift/r 32, L_0x7fcb5319fcc0, L_0x55f458c63a30;
L_0x55f458c63ef0 .part L_0x55f458c63db0, 0, 1;
L_0x55f458c63fe0 .concat [ 1 1 0 0], L_0x55f458c683c0, L_0x55f458c69c50;
L_0x55f458c64080 .shift/r 4, L_0x7fcb5319fd08, L_0x55f458c63fe0;
L_0x55f458c64750 .part L_0x55f458c64080, 0, 1;
L_0x55f458c64890 .concat [ 1 1 1 0], v0x55f458c41ff0_0, L_0x55f458c64dd0, L_0x55f458c65520;
L_0x55f458c642e0 .shift/r 8, L_0x7fcb5319fd50, L_0x55f458c64890;
L_0x55f458c64420 .part L_0x55f458c642e0, 0, 1;
LS_0x55f458c64510_0_0 .concat [ 1 1 1 1], L_0x55f458c61110, L_0x55f458c62a50, L_0x55f458c64a70, L_0x55f458c63c70;
LS_0x55f458c64510_0_4 .concat [ 1 1 0 0], L_0x55f458c64750, L_0x55f458c638f0;
L_0x55f458c64510 .concat [ 4 2 0 0], LS_0x55f458c64510_0_0, LS_0x55f458c64510_0_4;
L_0x55f458c645f0 .shift/r 64, L_0x7fcb5319fd98, L_0x55f458c64510;
L_0x55f458c64dd0 .part L_0x55f458c645f0, 0, 1;
L_0x55f458c64f10 .concat [ 1 1 1 1], L_0x55f458c683c0, L_0x55f458c69c50, L_0x55f458c68d20, L_0x55f458c69b10;
L_0x55f458c64930 .shift/r 16, L_0x7fcb5319fde0, L_0x55f458c64f10;
L_0x55f458c64a70 .part L_0x55f458c64930, 0, 1;
L_0x55f458c64bb0 .concat [ 1 1 0 0], L_0x55f458c68320, L_0x55f458c69bb0;
L_0x55f458c64c50 .shift/r 4, L_0x7fcb5319fe28, L_0x55f458c64bb0;
L_0x55f458c65520 .part L_0x55f458c64c50, 0, 1;
LS_0x55f458c65660_0_0 .concat [ 1 1 1 1], L_0x55f458c65700, L_0x55f458c66660, L_0x55f458c66000, v0x55f458c41ff0_0;
LS_0x55f458c65660_0_4 .concat [ 1 0 0 0], L_0x55f458c66340;
L_0x55f458c65660 .concat [ 4 1 0 0], LS_0x55f458c65660_0_0, LS_0x55f458c65660_0_4;
L_0x55f458c65050 .shift/r 32, L_0x7fcb5319fe70, L_0x55f458c65660;
L_0x55f458c65190 .part L_0x55f458c65050, 0, 1;
LS_0x55f458c65280_0_0 .concat [ 1 1 1 1], L_0x55f458c5f550, L_0x55f458c5d4b0, L_0x55f458c5ff60, L_0x55f458c65aa0;
LS_0x55f458c65280_0_4 .concat [ 1 1 0 0], L_0x55f458c65c40, L_0x55f458c64750;
L_0x55f458c65280 .concat [ 4 2 0 0], LS_0x55f458c65280_0_0, LS_0x55f458c65280_0_4;
L_0x55f458c65420 .shift/r 64, L_0x7fcb5319feb8, L_0x55f458c65280;
L_0x55f458c65700 .part L_0x55f458c65420, 0, 1;
L_0x55f458c65840 .concat [ 1 1 1 0], L_0x55f458c68d20, L_0x55f458c69b10, L_0x55f458c63530;
L_0x55f458c65a00 .shift/r 8, L_0x7fcb5319ff00, L_0x55f458c65840;
L_0x55f458c65aa0 .part L_0x55f458c65a00, 0, 1;
L_0x55f458c66160 .concat [ 1 1 0 0], L_0x55f458c68d20, L_0x55f458c69b10;
L_0x55f458c66200 .shift/r 4, L_0x7fcb5319ff48, L_0x55f458c66160;
L_0x55f458c65c40 .part L_0x55f458c66200, 0, 1;
L_0x55f458c65d80 .concat [ 1 1 0 0], L_0x55f458c68320, L_0x55f458c69bb0;
L_0x55f458c65ec0 .shift/r 4, L_0x7fcb5319ff90, L_0x55f458c65d80;
L_0x55f458c66000 .part L_0x55f458c65ec0, 0, 1;
L_0x55f458c66890 .concat [ 1 1 0 0], L_0x55f458c68280, L_0x55f458c69a70;
L_0x55f458c66930 .shift/r 4, L_0x7fcb5319ffd8, L_0x55f458c66890;
L_0x55f458c66340 .part L_0x55f458c66930, 0, 1;
L_0x55f458c66480 .concat [ 1 1 1 1], L_0x55f458c68320, L_0x55f458c69bb0, L_0x55f458c683c0, L_0x55f458c69c50;
L_0x55f458c66520 .shift/r 16, L_0x7fcb531a0020, L_0x55f458c66480;
L_0x55f458c66660 .part L_0x55f458c66520, 0, 1;
LS_0x55f458c667a0_0_0 .concat [ 1 1 1 1], L_0x55f458c64dd0, L_0x55f458c65520, L_0x55f458c674d0, L_0x55f458c66de0;
LS_0x55f458c667a0_0_4 .concat [ 1 1 0 0], v0x55f458c41ff0_0, L_0x55f458c67130;
L_0x55f458c667a0 .concat [ 4 2 0 0], LS_0x55f458c667a0_0_0, LS_0x55f458c667a0_0_4;
L_0x55f458c66ff0 .shift/r 64, L_0x7fcb531a0068, L_0x55f458c667a0;
L_0x55f458c66a70 .part L_0x55f458c66ff0, 0, 1;
L_0x55f458c66b60 .concat [ 1 1 0 0], L_0x55f458c68280, L_0x55f458c69a70;
L_0x55f458c66ca0 .shift/r 4, L_0x7fcb531a00b0, L_0x55f458c66b60;
L_0x55f458c66de0 .part L_0x55f458c66ca0, 0, 1;
L_0x55f458c66f20 .concat [ 1 1 0 0], L_0x55f458c68150, L_0x55f458c69940;
L_0x55f458c676e0 .shift/r 4, L_0x7fcb531a00f8, L_0x55f458c66f20;
L_0x55f458c67130 .part L_0x55f458c676e0, 0, 1;
L_0x55f458c67270 .concat [ 1 1 1 1], L_0x55f458c68280, L_0x55f458c69a70, L_0x55f458c68320, L_0x55f458c69bb0;
L_0x55f458c67430 .shift/r 16, L_0x7fcb531a0140, L_0x55f458c67270;
L_0x55f458c674d0 .part L_0x55f458c67430, 0, 1;
LS_0x55f458c67610_0_0 .concat [ 1 1 1 1], L_0x55f458c65700, L_0x55f458c66660, L_0x55f458c67c10, L_0x55f458c66000;
LS_0x55f458c67610_0_4 .concat [ 1 1 0 0], L_0x55f458c66340, L_0x55f458c67f80;
L_0x55f458c67610 .concat [ 4 2 0 0], LS_0x55f458c67610_0_0, LS_0x55f458c67610_0_4;
L_0x55f458c67e40 .shift/r 64, L_0x7fcb531a0188, L_0x55f458c67610;
L_0x55f458c67820 .part L_0x55f458c67e40, 0, 1;
L_0x55f458c67910 .concat [ 1 1 1 1], L_0x55f458c68150, L_0x55f458c69940, L_0x55f458c68280, L_0x55f458c69a70;
L_0x55f458c67b70 .shift/r 16, L_0x7fcb531a01d0, L_0x55f458c67910;
L_0x55f458c67c10 .part L_0x55f458c67b70, 0, 1;
L_0x55f458c67d50 .concat [ 1 1 1 0], L_0x55f458c68150, L_0x55f458c69940, v0x55f458c41ff0_0;
L_0x55f458c68590 .shift/r 8, L_0x7fcb531a0218, L_0x55f458c67d50;
L_0x55f458c67f80 .part L_0x55f458c68590, 0, 1;
    .scope S_0x55f458b8a720;
T_0 ;
    %wait E_0x55f458bb7c10;
    %load/vec4 v0x55f458c3d9c0_0;
    %assign/vec4 v0x55f458c1d740_0, 0;
    %jmp T_0;
    .thread T_0;
    .scope S_0x55f458b8a720;
T_1 ;
    %wait E_0x55f458bb7c10;
    %load/vec4 v0x55f458c3e080_0;
    %assign/vec4 v0x55f458c30770_0, 0;
    %jmp T_1;
    .thread T_1;
    .scope S_0x55f458b8a720;
T_2 ;
    %wait E_0x55f458bb7c10;
    %load/vec4 v0x55f458c3e140_0;
    %assign/vec4 v0x55f458c1de20_0, 0;
    %jmp T_2;
    .thread T_2;
    .scope S_0x55f458b8a720;
T_3 ;
    %wait E_0x55f458bb7c10;
    %load/vec4 v0x55f458c3e200_0;
    %assign/vec4 v0x55f458c1e190_0, 0;
    %jmp T_3;
    .thread T_3;
    .scope S_0x55f458b8a720;
T_4 ;
    %wait E_0x55f458bb7c10;
    %load/vec4 v0x55f458c36c30_0;
    %assign/vec4 v0x55f458c1e500_0, 0;
    %jmp T_4;
    .thread T_4;
    .scope S_0x55f458b8a720;
T_5 ;
    %wait E_0x55f458bb7c10;
    %load/vec4 v0x55f458c36cf0_0;
    %assign/vec4 v0x55f458c1e870_0, 0;
    %jmp T_5;
    .thread T_5;
    .scope S_0x55f458b8a720;
T_6 ;
    %wait E_0x55f458bb7c10;
    %load/vec4 v0x55f458c36db0_0;
    %assign/vec4 v0x55f458c1ebe0_0, 0;
    %jmp T_6;
    .thread T_6;
    .scope S_0x55f458b8a720;
T_7 ;
    %wait E_0x55f458bb7c10;
    %load/vec4 v0x55f458c36e70_0;
    %assign/vec4 v0x55f458c300b0_0, 0;
    %jmp T_7;
    .thread T_7;
    .scope S_0x55f458b8a720;
T_8 ;
    %wait E_0x55f458bb7c10;
    %load/vec4 v0x55f458c36f30_0;
    %assign/vec4 v0x55f458c30170_0, 0;
    %jmp T_8;
    .thread T_8;
    .scope S_0x55f458b8a720;
T_9 ;
    %wait E_0x55f458bb7c10;
    %load/vec4 v0x55f458c3da80_0;
    %assign/vec4 v0x55f458c1dab0_0, 0;
    %jmp T_9;
    .thread T_9;
    .scope S_0x55f458b8a720;
T_10 ;
    %wait E_0x55f458bb7c10;
    %load/vec4 v0x55f458c3db40_0;
    %assign/vec4 v0x55f458c30230_0, 0;
    %jmp T_10;
    .thread T_10;
    .scope S_0x55f458b8a720;
T_11 ;
    %wait E_0x55f458bb7c10;
    %load/vec4 v0x55f458c3dc00_0;
    %assign/vec4 v0x55f458c302f0_0, 0;
    %jmp T_11;
    .thread T_11;
    .scope S_0x55f458b8a720;
T_12 ;
    %wait E_0x55f458bb7c10;
    %load/vec4 v0x55f458c3dcc0_0;
    %assign/vec4 v0x55f458c303b0_0, 0;
    %jmp T_12;
    .thread T_12;
    .scope S_0x55f458b8a720;
T_13 ;
    %wait E_0x55f458bb7c10;
    %load/vec4 v0x55f458c3dd80_0;
    %assign/vec4 v0x55f458c30470_0, 0;
    %jmp T_13;
    .thread T_13;
    .scope S_0x55f458b8a720;
T_14 ;
    %wait E_0x55f458bb7c10;
    %load/vec4 v0x55f458c3de40_0;
    %assign/vec4 v0x55f458c30530_0, 0;
    %jmp T_14;
    .thread T_14;
    .scope S_0x55f458b8a720;
T_15 ;
    %wait E_0x55f458bb7c10;
    %load/vec4 v0x55f458c3df00_0;
    %assign/vec4 v0x55f458c305f0_0, 0;
    %jmp T_15;
    .thread T_15;
    .scope S_0x55f458b8a720;
T_16 ;
    %wait E_0x55f458bb7c10;
    %load/vec4 v0x55f458c3dfc0_0;
    %assign/vec4 v0x55f458c306b0_0, 0;
    %jmp T_16;
    .thread T_16;
    .scope S_0x55f458c17700;
T_17 ;
    %delay 5, 0;
    %load/vec4 v0x55f458c41c50_0;
    %inv;
    %store/vec4 v0x55f458c41c50_0, 0, 1;
    %jmp T_17;
    .thread T_17;
    .scope S_0x55f458c17700;
T_18 ;
    %pushi/vec4 0, 0, 1;
    %store/vec4 v0x55f458c41c50_0, 0, 1;
    %pushi/vec4 1, 0, 1;
    %store/vec4 v0x55f458c41ff0_0, 0, 1;
    %pushi/vec4 0, 0, 16;
    %store/vec4 v0x55f458c41a70_0, 0, 16;
    %pushi/vec4 0, 0, 16;
    %store/vec4 v0x55f458c41b70_0, 0, 16;
    %vpi_call 2 43 "$readmemh", "memA.dat", v0x55f458c41d90 {0 0 0};
    %vpi_call 2 44 "$readmemh", "memB.dat", v0x55f458c41e50 {0 0 0};
    %vpi_func 2 47 "$fopen" 32, "output_sum.txt", "w" {0 0 0};
    %store/vec4 v0x55f458c41f10_0, 0, 32;
    %delay 10, 0;
    %pushi/vec4 0, 0, 1;
    %store/vec4 v0x55f458c41ff0_0, 0, 1;
    %pushi/vec4 0, 0, 32;
    %store/vec4 v0x55f458c41cf0_0, 0, 32;
T_18.0 ;
    %load/vec4 v0x55f458c41cf0_0;
    %cmpi/s 1000000, 0, 32;
    %jmp/0xz T_18.1, 5;
    %ix/getv/s 4, v0x55f458c41cf0_0;
    %load/vec4a v0x55f458c41d90, 4;
    %store/vec4 v0x55f458c41a70_0, 0, 16;
    %ix/getv/s 4, v0x55f458c41cf0_0;
    %load/vec4a v0x55f458c41e50, 4;
    %store/vec4 v0x55f458c41b70_0, 0, 16;
    %delay 10, 0;
    %vpi_call 2 57 "$fwrite", v0x55f458c41f10_0, "%h\012", v0x55f458c42090_0 {0 0 0};
    %load/vec4 v0x55f458c41cf0_0;
    %addi 1, 0, 32;
    %store/vec4 v0x55f458c41cf0_0, 0, 32;
    %jmp T_18.0;
T_18.1 ;
    %vpi_call 2 61 "$fclose", v0x55f458c41f10_0 {0 0 0};
    %delay 10, 0;
    %vpi_call 2 64 "$finish" {0 0 0};
    %end;
    .thread T_18;
# The file index is used to find the file name in the following table.
:file_names 4;
    "N/A";
    "<interactive>";
    "ks_tb.v";
    "KS_16b_aprox_1.v";
