#Timing report of worst 34 path(s)
# Unit scale: 1e-09 seconds
# Output precision: 3

#Path 1
Startpoint: S~11.Q[0] (.latch clocked by clk)
Endpoint  : out:S~11.outpad[0] (.output clocked by clk)
Path Type : hold

Point                                                             Incr      Path
--------------------------------------------------------------------------------
clock clk (rise edge)                                            0.000     0.000
clock source latency                                             0.000     0.000
clk.inpad[0] (.input)                                            0.000     0.000
S~11.clk[0] (.latch)                                             0.000     0.000
S~11.Q[0] (.latch) [clock-to-output]                             0.124     0.124
out:S~11.outpad[0] (.output)                                     0.150     0.274
data arrival time                                                          0.274

clock clk (rise edge)                                            0.000     0.000
clock source latency                                             0.000     0.000
clock uncertainty                                                0.000     0.000
output external delay                                            0.000     0.000
data required time                                                         0.000
--------------------------------------------------------------------------------
data required time                                                        -0.000
data arrival time                                                          0.274
--------------------------------------------------------------------------------
slack (MET)                                                                0.274


#Path 2
Startpoint: S~8.Q[0] (.latch clocked by clk)
Endpoint  : out:S~8.outpad[0] (.output clocked by clk)
Path Type : hold

Point                                                             Incr      Path
--------------------------------------------------------------------------------
clock clk (rise edge)                                            0.000     0.000
clock source latency                                             0.000     0.000
clk.inpad[0] (.input)                                            0.000     0.000
S~8.clk[0] (.latch)                                              0.000     0.000
S~8.Q[0] (.latch) [clock-to-output]                              0.124     0.124
out:S~8.outpad[0] (.output)                                      0.150     0.274
data arrival time                                                          0.274

clock clk (rise edge)                                            0.000     0.000
clock source latency                                             0.000     0.000
clock uncertainty                                                0.000     0.000
output external delay                                            0.000     0.000
data required time                                                         0.000
--------------------------------------------------------------------------------
data required time                                                        -0.000
data arrival time                                                          0.274
--------------------------------------------------------------------------------
slack (MET)                                                                0.274


#Path 3
Startpoint: S~9.Q[0] (.latch clocked by clk)
Endpoint  : out:S~9.outpad[0] (.output clocked by clk)
Path Type : hold

Point                                                             Incr      Path
--------------------------------------------------------------------------------
clock clk (rise edge)                                            0.000     0.000
clock source latency                                             0.000     0.000
clk.inpad[0] (.input)                                            0.000     0.000
S~9.clk[0] (.latch)                                              0.000     0.000
S~9.Q[0] (.latch) [clock-to-output]                              0.124     0.124
out:S~9.outpad[0] (.output)                                      0.193     0.317
data arrival time                                                          0.317

clock clk (rise edge)                                            0.000     0.000
clock source latency                                             0.000     0.000
clock uncertainty                                                0.000     0.000
output external delay                                            0.000     0.000
data required time                                                         0.000
--------------------------------------------------------------------------------
data required time                                                        -0.000
data arrival time                                                          0.317
--------------------------------------------------------------------------------
slack (MET)                                                                0.317


#Path 4
Startpoint: X~0.inpad[0] (.input clocked by clk)
Endpoint  : S~0.D[0] (.latch clocked by clk)
Path Type : hold

Point                                                             Incr      Path
--------------------------------------------------------------------------------
clock clk (rise edge)                                            0.000     0.000
clock source latency                                             0.000     0.000
input external delay                                             0.000     0.000
X~0.inpad[0] (.input)                                            0.000     0.000
S~0.D[0] (.latch)                                                0.397     0.397
data arrival time                                                          0.397

clock clk (rise edge)                                            0.000     0.000
clock source latency                                             0.000     0.000
clk.inpad[0] (.input)                                            0.000     0.000
S~0.clk[0] (.latch)                                              0.000     0.000
clock uncertainty                                                0.000     0.000
cell hold time                                                   0.066     0.066
data required time                                                         0.066
--------------------------------------------------------------------------------
data required time                                                        -0.066
data arrival time                                                          0.397
--------------------------------------------------------------------------------
slack (MET)                                                                0.331


#Path 5
Startpoint: S~3.Q[0] (.latch clocked by clk)
Endpoint  : out:S~3.outpad[0] (.output clocked by clk)
Path Type : hold

Point                                                             Incr      Path
--------------------------------------------------------------------------------
clock clk (rise edge)                                            0.000     0.000
clock source latency                                             0.000     0.000
clk.inpad[0] (.input)                                            0.000     0.000
S~3.clk[0] (.latch)                                              0.000     0.000
S~3.Q[0] (.latch) [clock-to-output]                              0.124     0.124
out:S~3.outpad[0] (.output)                                      0.227     0.351
data arrival time                                                          0.351

clock clk (rise edge)                                            0.000     0.000
clock source latency                                             0.000     0.000
clock uncertainty                                                0.000     0.000
output external delay                                            0.000     0.000
data required time                                                         0.000
--------------------------------------------------------------------------------
data required time                                                        -0.000
data arrival time                                                          0.351
--------------------------------------------------------------------------------
slack (MET)                                                                0.351


#Path 6
Startpoint: S~15.Q[0] (.latch clocked by clk)
Endpoint  : out:S~15.outpad[0] (.output clocked by clk)
Path Type : hold

Point                                                             Incr      Path
--------------------------------------------------------------------------------
clock clk (rise edge)                                            0.000     0.000
clock source latency                                             0.000     0.000
clk.inpad[0] (.input)                                            0.000     0.000
S~15.clk[0] (.latch)                                             0.000     0.000
S~15.Q[0] (.latch) [clock-to-output]                             0.124     0.124
out:S~15.outpad[0] (.output)                                     0.247     0.371
data arrival time                                                          0.371

clock clk (rise edge)                                            0.000     0.000
clock source latency                                             0.000     0.000
clock uncertainty                                                0.000     0.000
output external delay                                            0.000     0.000
data required time                                                         0.000
--------------------------------------------------------------------------------
data required time                                                        -0.000
data arrival time                                                          0.371
--------------------------------------------------------------------------------
slack (MET)                                                                0.371


#Path 7
Startpoint: S~13.Q[0] (.latch clocked by clk)
Endpoint  : out:S~13.outpad[0] (.output clocked by clk)
Path Type : hold

Point                                                             Incr      Path
--------------------------------------------------------------------------------
clock clk (rise edge)                                            0.000     0.000
clock source latency                                             0.000     0.000
clk.inpad[0] (.input)                                            0.000     0.000
S~13.clk[0] (.latch)                                             0.000     0.000
S~13.Q[0] (.latch) [clock-to-output]                             0.124     0.124
out:S~13.outpad[0] (.output)                                     0.248     0.372
data arrival time                                                          0.372

clock clk (rise edge)                                            0.000     0.000
clock source latency                                             0.000     0.000
clock uncertainty                                                0.000     0.000
output external delay                                            0.000     0.000
data required time                                                         0.000
--------------------------------------------------------------------------------
data required time                                                        -0.000
data arrival time                                                          0.372
--------------------------------------------------------------------------------
slack (MET)                                                                0.372


#Path 8
Startpoint: S~14.Q[0] (.latch clocked by clk)
Endpoint  : out:S~14.outpad[0] (.output clocked by clk)
Path Type : hold

Point                                                             Incr      Path
--------------------------------------------------------------------------------
clock clk (rise edge)                                            0.000     0.000
clock source latency                                             0.000     0.000
clk.inpad[0] (.input)                                            0.000     0.000
S~14.clk[0] (.latch)                                             0.000     0.000
S~14.Q[0] (.latch) [clock-to-output]                             0.124     0.124
out:S~14.outpad[0] (.output)                                     0.248     0.372
data arrival time                                                          0.372

clock clk (rise edge)                                            0.000     0.000
clock source latency                                             0.000     0.000
clock uncertainty                                                0.000     0.000
output external delay                                            0.000     0.000
data required time                                                         0.000
--------------------------------------------------------------------------------
data required time                                                        -0.000
data arrival time                                                          0.372
--------------------------------------------------------------------------------
slack (MET)                                                                0.372


#Path 9
Startpoint: S~2.Q[0] (.latch clocked by clk)
Endpoint  : out:S~2.outpad[0] (.output clocked by clk)
Path Type : hold

Point                                                             Incr      Path
--------------------------------------------------------------------------------
clock clk (rise edge)                                            0.000     0.000
clock source latency                                             0.000     0.000
clk.inpad[0] (.input)                                            0.000     0.000
S~2.clk[0] (.latch)                                              0.000     0.000
S~2.Q[0] (.latch) [clock-to-output]                              0.124     0.124
out:S~2.outpad[0] (.output)                                      0.269     0.393
data arrival time                                                          0.393

clock clk (rise edge)                                            0.000     0.000
clock source latency                                             0.000     0.000
clock uncertainty                                                0.000     0.000
output external delay                                            0.000     0.000
data required time                                                         0.000
--------------------------------------------------------------------------------
data required time                                                        -0.000
data arrival time                                                          0.393
--------------------------------------------------------------------------------
slack (MET)                                                                0.393


#Path 10
Startpoint: S~16.Q[0] (.latch clocked by clk)
Endpoint  : out:S~16.outpad[0] (.output clocked by clk)
Path Type : hold

Point                                                             Incr      Path
--------------------------------------------------------------------------------
clock clk (rise edge)                                            0.000     0.000
clock source latency                                             0.000     0.000
clk.inpad[0] (.input)                                            0.000     0.000
S~16.clk[0] (.latch)                                             0.000     0.000
S~16.Q[0] (.latch) [clock-to-output]                             0.124     0.124
out:S~16.outpad[0] (.output)                                     0.270     0.394
data arrival time                                                          0.394

clock clk (rise edge)                                            0.000     0.000
clock source latency                                             0.000     0.000
clock uncertainty                                                0.000     0.000
output external delay                                            0.000     0.000
data required time                                                         0.000
--------------------------------------------------------------------------------
data required time                                                        -0.000
data arrival time                                                          0.394
--------------------------------------------------------------------------------
slack (MET)                                                                0.394


#Path 11
Startpoint: S~4.Q[0] (.latch clocked by clk)
Endpoint  : out:S~4.outpad[0] (.output clocked by clk)
Path Type : hold

Point                                                             Incr      Path
--------------------------------------------------------------------------------
clock clk (rise edge)                                            0.000     0.000
clock source latency                                             0.000     0.000
clk.inpad[0] (.input)                                            0.000     0.000
S~4.clk[0] (.latch)                                              0.000     0.000
S~4.Q[0] (.latch) [clock-to-output]                              0.124     0.124
out:S~4.outpad[0] (.output)                                      0.271     0.395
data arrival time                                                          0.395

clock clk (rise edge)                                            0.000     0.000
clock source latency                                             0.000     0.000
clock uncertainty                                                0.000     0.000
output external delay                                            0.000     0.000
data required time                                                         0.000
--------------------------------------------------------------------------------
data required time                                                        -0.000
data arrival time                                                          0.395
--------------------------------------------------------------------------------
slack (MET)                                                                0.395


#Path 12
Startpoint: X~8.inpad[0] (.input clocked by clk)
Endpoint  : S~9.D[0] (.latch clocked by clk)
Path Type : hold

Point                                                             Incr      Path
--------------------------------------------------------------------------------
clock clk (rise edge)                                            0.000     0.000
clock source latency                                             0.000     0.000
input external delay                                             0.000     0.000
X~8.inpad[0] (.input)                                            0.000     0.000
n140.in[1] (.names)                                              0.241     0.241
n140.out[0] (.names)                                             0.235     0.476
S~9.D[0] (.latch)                                                0.000     0.476
data arrival time                                                          0.476

clock clk (rise edge)                                            0.000     0.000
clock source latency                                             0.000     0.000
clk.inpad[0] (.input)                                            0.000     0.000
S~9.clk[0] (.latch)                                              0.000     0.000
clock uncertainty                                                0.000     0.000
cell hold time                                                   0.066     0.066
data required time                                                         0.066
--------------------------------------------------------------------------------
data required time                                                        -0.066
data arrival time                                                          0.476
--------------------------------------------------------------------------------
slack (MET)                                                                0.410


#Path 13
Startpoint: Y~2.inpad[0] (.input clocked by clk)
Endpoint  : S~2.D[0] (.latch clocked by clk)
Path Type : hold

Point                                                             Incr      Path
--------------------------------------------------------------------------------
clock clk (rise edge)                                            0.000     0.000
clock source latency                                             0.000     0.000
input external delay                                             0.000     0.000
Y~2.inpad[0] (.input)                                            0.000     0.000
n112.in[2] (.names)                                              0.244     0.244
n112.out[0] (.names)                                             0.235     0.479
S~2.D[0] (.latch)                                                0.000     0.479
data arrival time                                                          0.479

clock clk (rise edge)                                            0.000     0.000
clock source latency                                             0.000     0.000
clk.inpad[0] (.input)                                            0.000     0.000
S~2.clk[0] (.latch)                                              0.000     0.000
clock uncertainty                                                0.000     0.000
cell hold time                                                   0.066     0.066
data required time                                                         0.066
--------------------------------------------------------------------------------
data required time                                                        -0.066
data arrival time                                                          0.479
--------------------------------------------------------------------------------
slack (MET)                                                                0.413


#Path 14
Startpoint: Y~11.inpad[0] (.input clocked by clk)
Endpoint  : S~12.D[0] (.latch clocked by clk)
Path Type : hold

Point                                                             Incr      Path
--------------------------------------------------------------------------------
clock clk (rise edge)                                            0.000     0.000
clock source latency                                             0.000     0.000
input external delay                                             0.000     0.000
Y~11.inpad[0] (.input)                                           0.000     0.000
n152.in[0] (.names)                                              0.263     0.263
n152.out[0] (.names)                                             0.235     0.498
S~12.D[0] (.latch)                                               0.000     0.498
data arrival time                                                          0.498

clock clk (rise edge)                                            0.000     0.000
clock source latency                                             0.000     0.000
clk.inpad[0] (.input)                                            0.000     0.000
S~12.clk[0] (.latch)                                             0.000     0.000
clock uncertainty                                                0.000     0.000
cell hold time                                                   0.066     0.066
data required time                                                         0.066
--------------------------------------------------------------------------------
data required time                                                        -0.066
data arrival time                                                          0.498
--------------------------------------------------------------------------------
slack (MET)                                                                0.432


#Path 15
Startpoint: Y~3.inpad[0] (.input clocked by clk)
Endpoint  : S~4.D[0] (.latch clocked by clk)
Path Type : hold

Point                                                             Incr      Path
--------------------------------------------------------------------------------
clock clk (rise edge)                                            0.000     0.000
clock source latency                                             0.000     0.000
input external delay                                             0.000     0.000
Y~3.inpad[0] (.input)                                            0.000     0.000
n120.in[1] (.names)                                              0.267     0.267
n120.out[0] (.names)                                             0.235     0.502
S~4.D[0] (.latch)                                                0.000     0.502
data arrival time                                                          0.502

clock clk (rise edge)                                            0.000     0.000
clock source latency                                             0.000     0.000
clk.inpad[0] (.input)                                            0.000     0.000
S~4.clk[0] (.latch)                                              0.000     0.000
clock uncertainty                                                0.000     0.000
cell hold time                                                   0.066     0.066
data required time                                                         0.066
--------------------------------------------------------------------------------
data required time                                                        -0.066
data arrival time                                                          0.502
--------------------------------------------------------------------------------
slack (MET)                                                                0.436


#Path 16
Startpoint: Y~3.inpad[0] (.input clocked by clk)
Endpoint  : S~3.D[0] (.latch clocked by clk)
Path Type : hold

Point                                                             Incr      Path
--------------------------------------------------------------------------------
clock clk (rise edge)                                            0.000     0.000
clock source latency                                             0.000     0.000
input external delay                                             0.000     0.000
Y~3.inpad[0] (.input)                                            0.000     0.000
n116.in[2] (.names)                                              0.267     0.267
n116.out[0] (.names)                                             0.235     0.502
S~3.D[0] (.latch)                                                0.000     0.502
data arrival time                                                          0.502

clock clk (rise edge)                                            0.000     0.000
clock source latency                                             0.000     0.000
clk.inpad[0] (.input)                                            0.000     0.000
S~3.clk[0] (.latch)                                              0.000     0.000
clock uncertainty                                                0.000     0.000
cell hold time                                                   0.066     0.066
data required time                                                         0.066
--------------------------------------------------------------------------------
data required time                                                        -0.066
data arrival time                                                          0.502
--------------------------------------------------------------------------------
slack (MET)                                                                0.436


#Path 17
Startpoint: S~12.Q[0] (.latch clocked by clk)
Endpoint  : out:S~12.outpad[0] (.output clocked by clk)
Path Type : hold

Point                                                             Incr      Path
--------------------------------------------------------------------------------
clock clk (rise edge)                                            0.000     0.000
clock source latency                                             0.000     0.000
clk.inpad[0] (.input)                                            0.000     0.000
S~12.clk[0] (.latch)                                             0.000     0.000
S~12.Q[0] (.latch) [clock-to-output]                             0.124     0.124
out:S~12.outpad[0] (.output)                                     0.343     0.467
data arrival time                                                          0.467

clock clk (rise edge)                                            0.000     0.000
clock source latency                                             0.000     0.000
clock uncertainty                                                0.000     0.000
output external delay                                            0.000     0.000
data required time                                                         0.000
--------------------------------------------------------------------------------
data required time                                                        -0.000
data arrival time                                                          0.467
--------------------------------------------------------------------------------
slack (MET)                                                                0.467


#Path 18
Startpoint: S~7.Q[0] (.latch clocked by clk)
Endpoint  : out:S~7.outpad[0] (.output clocked by clk)
Path Type : hold

Point                                                             Incr      Path
--------------------------------------------------------------------------------
clock clk (rise edge)                                            0.000     0.000
clock source latency                                             0.000     0.000
clk.inpad[0] (.input)                                            0.000     0.000
S~7.clk[0] (.latch)                                              0.000     0.000
S~7.Q[0] (.latch) [clock-to-output]                              0.124     0.124
out:S~7.outpad[0] (.output)                                      0.382     0.506
data arrival time                                                          0.506

clock clk (rise edge)                                            0.000     0.000
clock source latency                                             0.000     0.000
clock uncertainty                                                0.000     0.000
output external delay                                            0.000     0.000
data required time                                                         0.000
--------------------------------------------------------------------------------
data required time                                                        -0.000
data arrival time                                                          0.506
--------------------------------------------------------------------------------
slack (MET)                                                                0.506


#Path 19
Startpoint: rst.inpad[0] (.input clocked by clk)
Endpoint  : S~13.D[0] (.latch clocked by clk)
Path Type : hold

Point                                                             Incr      Path
--------------------------------------------------------------------------------
clock clk (rise edge)                                            0.000     0.000
clock source latency                                             0.000     0.000
input external delay                                             0.000     0.000
rst.inpad[0] (.input)                                            0.000     0.000
n156.in[0] (.names)                                              0.342     0.342
n156.out[0] (.names)                                             0.235     0.577
S~13.D[0] (.latch)                                               0.000     0.577
data arrival time                                                          0.577

clock clk (rise edge)                                            0.000     0.000
clock source latency                                             0.000     0.000
clk.inpad[0] (.input)                                            0.000     0.000
S~13.clk[0] (.latch)                                             0.000     0.000
clock uncertainty                                                0.000     0.000
cell hold time                                                   0.066     0.066
data required time                                                         0.066
--------------------------------------------------------------------------------
data required time                                                        -0.066
data arrival time                                                          0.577
--------------------------------------------------------------------------------
slack (MET)                                                                0.511


#Path 20
Startpoint: X~1.inpad[0] (.input clocked by clk)
Endpoint  : S~1.D[0] (.latch clocked by clk)
Path Type : hold

Point                                                             Incr      Path
--------------------------------------------------------------------------------
clock clk (rise edge)                                            0.000     0.000
clock source latency                                             0.000     0.000
input external delay                                             0.000     0.000
X~1.inpad[0] (.input)                                            0.000     0.000
n108.in[4] (.names)                                              0.365     0.365
n108.out[0] (.names)                                             0.235     0.600
S~1.D[0] (.latch)                                                0.000     0.600
data arrival time                                                          0.600

clock clk (rise edge)                                            0.000     0.000
clock source latency                                             0.000     0.000
clk.inpad[0] (.input)                                            0.000     0.000
S~1.clk[0] (.latch)                                              0.000     0.000
clock uncertainty                                                0.000     0.000
cell hold time                                                   0.066     0.066
data required time                                                         0.066
--------------------------------------------------------------------------------
data required time                                                        -0.066
data arrival time                                                          0.600
--------------------------------------------------------------------------------
slack (MET)                                                                0.534


#Path 21
Startpoint: S~5.Q[0] (.latch clocked by clk)
Endpoint  : out:S~5.outpad[0] (.output clocked by clk)
Path Type : hold

Point                                                             Incr      Path
--------------------------------------------------------------------------------
clock clk (rise edge)                                            0.000     0.000
clock source latency                                             0.000     0.000
clk.inpad[0] (.input)                                            0.000     0.000
S~5.clk[0] (.latch)                                              0.000     0.000
S~5.Q[0] (.latch) [clock-to-output]                              0.124     0.124
out:S~5.outpad[0] (.output)                                      0.412     0.536
data arrival time                                                          0.536

clock clk (rise edge)                                            0.000     0.000
clock source latency                                             0.000     0.000
clock uncertainty                                                0.000     0.000
output external delay                                            0.000     0.000
data required time                                                         0.000
--------------------------------------------------------------------------------
data required time                                                        -0.000
data arrival time                                                          0.536
--------------------------------------------------------------------------------
slack (MET)                                                                0.536


#Path 22
Startpoint: rst.inpad[0] (.input clocked by clk)
Endpoint  : S~14.D[0] (.latch clocked by clk)
Path Type : hold

Point                                                             Incr      Path
--------------------------------------------------------------------------------
clock clk (rise edge)                                            0.000     0.000
clock source latency                                             0.000     0.000
input external delay                                             0.000     0.000
rst.inpad[0] (.input)                                            0.000     0.000
n160.in[3] (.names)                                              0.383     0.383
n160.out[0] (.names)                                             0.235     0.618
S~14.D[0] (.latch)                                               0.000     0.618
data arrival time                                                          0.618

clock clk (rise edge)                                            0.000     0.000
clock source latency                                             0.000     0.000
clk.inpad[0] (.input)                                            0.000     0.000
S~14.clk[0] (.latch)                                             0.000     0.000
clock uncertainty                                                0.000     0.000
cell hold time                                                   0.066     0.066
data required time                                                         0.066
--------------------------------------------------------------------------------
data required time                                                        -0.066
data arrival time                                                          0.618
--------------------------------------------------------------------------------
slack (MET)                                                                0.552


#Path 23
Startpoint: rst.inpad[0] (.input clocked by clk)
Endpoint  : S~7.D[0] (.latch clocked by clk)
Path Type : hold

Point                                                             Incr      Path
--------------------------------------------------------------------------------
clock clk (rise edge)                                            0.000     0.000
clock source latency                                             0.000     0.000
input external delay                                             0.000     0.000
rst.inpad[0] (.input)                                            0.000     0.000
n132.in[0] (.names)                                              0.383     0.383
n132.out[0] (.names)                                             0.235     0.618
S~7.D[0] (.latch)                                                0.000     0.618
data arrival time                                                          0.618

clock clk (rise edge)                                            0.000     0.000
clock source latency                                             0.000     0.000
clk.inpad[0] (.input)                                            0.000     0.000
S~7.clk[0] (.latch)                                              0.000     0.000
clock uncertainty                                                0.000     0.000
cell hold time                                                   0.066     0.066
data required time                                                         0.066
--------------------------------------------------------------------------------
data required time                                                        -0.066
data arrival time                                                          0.618
--------------------------------------------------------------------------------
slack (MET)                                                                0.552


#Path 24
Startpoint: rst.inpad[0] (.input clocked by clk)
Endpoint  : S~6.D[0] (.latch clocked by clk)
Path Type : hold

Point                                                             Incr      Path
--------------------------------------------------------------------------------
clock clk (rise edge)                                            0.000     0.000
clock source latency                                             0.000     0.000
input external delay                                             0.000     0.000
rst.inpad[0] (.input)                                            0.000     0.000
n128.in[0] (.names)                                              0.383     0.383
n128.out[0] (.names)                                             0.235     0.618
S~6.D[0] (.latch)                                                0.000     0.618
data arrival time                                                          0.618

clock clk (rise edge)                                            0.000     0.000
clock source latency                                             0.000     0.000
clk.inpad[0] (.input)                                            0.000     0.000
S~6.clk[0] (.latch)                                              0.000     0.000
clock uncertainty                                                0.000     0.000
cell hold time                                                   0.066     0.066
data required time                                                         0.066
--------------------------------------------------------------------------------
data required time                                                        -0.066
data arrival time                                                          0.618
--------------------------------------------------------------------------------
slack (MET)                                                                0.552


#Path 25
Startpoint: rst.inpad[0] (.input clocked by clk)
Endpoint  : S~10.D[0] (.latch clocked by clk)
Path Type : hold

Point                                                             Incr      Path
--------------------------------------------------------------------------------
clock clk (rise edge)                                            0.000     0.000
clock source latency                                             0.000     0.000
input external delay                                             0.000     0.000
rst.inpad[0] (.input)                                            0.000     0.000
n144.in[2] (.names)                                              0.383     0.383
n144.out[0] (.names)                                             0.235     0.618
S~10.D[0] (.latch)                                               0.000     0.618
data arrival time                                                          0.618

clock clk (rise edge)                                            0.000     0.000
clock source latency                                             0.000     0.000
clk.inpad[0] (.input)                                            0.000     0.000
S~10.clk[0] (.latch)                                             0.000     0.000
clock uncertainty                                                0.000     0.000
cell hold time                                                   0.066     0.066
data required time                                                         0.066
--------------------------------------------------------------------------------
data required time                                                        -0.066
data arrival time                                                          0.618
--------------------------------------------------------------------------------
slack (MET)                                                                0.552


#Path 26
Startpoint: rst.inpad[0] (.input clocked by clk)
Endpoint  : S~8.D[0] (.latch clocked by clk)
Path Type : hold

Point                                                             Incr      Path
--------------------------------------------------------------------------------
clock clk (rise edge)                                            0.000     0.000
clock source latency                                             0.000     0.000
input external delay                                             0.000     0.000
rst.inpad[0] (.input)                                            0.000     0.000
n136.in[4] (.names)                                              0.169     0.169
n136.out[0] (.names)                                             0.261     0.430
S~8.D[0] (.latch)                                                0.191     0.621
data arrival time                                                          0.621

clock clk (rise edge)                                            0.000     0.000
clock source latency                                             0.000     0.000
clk.inpad[0] (.input)                                            0.000     0.000
S~8.clk[0] (.latch)                                              0.000     0.000
clock uncertainty                                                0.000     0.000
cell hold time                                                   0.066     0.066
data required time                                                         0.066
--------------------------------------------------------------------------------
data required time                                                        -0.066
data arrival time                                                          0.621
--------------------------------------------------------------------------------
slack (MET)                                                                0.555


#Path 27
Startpoint: rst.inpad[0] (.input clocked by clk)
Endpoint  : S~15.D[0] (.latch clocked by clk)
Path Type : hold

Point                                                             Incr      Path
--------------------------------------------------------------------------------
clock clk (rise edge)                                            0.000     0.000
clock source latency                                             0.000     0.000
input external delay                                             0.000     0.000
rst.inpad[0] (.input)                                            0.000     0.000
n164.in[4] (.names)                                              0.383     0.383
n164.out[0] (.names)                                             0.261     0.644
S~15.D[0] (.latch)                                               0.000     0.644
data arrival time                                                          0.644

clock clk (rise edge)                                            0.000     0.000
clock source latency                                             0.000     0.000
clk.inpad[0] (.input)                                            0.000     0.000
S~15.clk[0] (.latch)                                             0.000     0.000
clock uncertainty                                                0.000     0.000
cell hold time                                                   0.066     0.066
data required time                                                         0.066
--------------------------------------------------------------------------------
data required time                                                        -0.066
data arrival time                                                          0.644
--------------------------------------------------------------------------------
slack (MET)                                                                0.578


#Path 28
Startpoint: rst.inpad[0] (.input clocked by clk)
Endpoint  : S~5.D[0] (.latch clocked by clk)
Path Type : hold

Point                                                             Incr      Path
--------------------------------------------------------------------------------
clock clk (rise edge)                                            0.000     0.000
clock source latency                                             0.000     0.000
input external delay                                             0.000     0.000
rst.inpad[0] (.input)                                            0.000     0.000
n124.in[4] (.names)                                              0.383     0.383
n124.out[0] (.names)                                             0.261     0.644
S~5.D[0] (.latch)                                                0.000     0.644
data arrival time                                                          0.644

clock clk (rise edge)                                            0.000     0.000
clock source latency                                             0.000     0.000
clk.inpad[0] (.input)                                            0.000     0.000
S~5.clk[0] (.latch)                                              0.000     0.000
clock uncertainty                                                0.000     0.000
cell hold time                                                   0.066     0.066
data required time                                                         0.066
--------------------------------------------------------------------------------
data required time                                                        -0.066
data arrival time                                                          0.644
--------------------------------------------------------------------------------
slack (MET)                                                                0.578


#Path 29
Startpoint: Y~13.inpad[0] (.input clocked by clk)
Endpoint  : S~16.D[0] (.latch clocked by clk)
Path Type : hold

Point                                                             Incr      Path
--------------------------------------------------------------------------------
clock clk (rise edge)                                            0.000     0.000
clock source latency                                             0.000     0.000
input external delay                                             0.000     0.000
Y~13.inpad[0] (.input)                                           0.000     0.000
new_new_n165.in[0] (.names)                                      0.150     0.150
new_new_n165.out[0] (.names)                                     0.235     0.385
n168.in[1] (.names)                                              0.000     0.385
n168.out[0] (.names)                                             0.261     0.646
S~16.D[0] (.latch)                                               0.000     0.646
data arrival time                                                          0.646

clock clk (rise edge)                                            0.000     0.000
clock source latency                                             0.000     0.000
clk.inpad[0] (.input)                                            0.000     0.000
S~16.clk[0] (.latch)                                             0.000     0.000
clock uncertainty                                                0.000     0.000
cell hold time                                                   0.066     0.066
data required time                                                         0.066
--------------------------------------------------------------------------------
data required time                                                        -0.066
data arrival time                                                          0.646
--------------------------------------------------------------------------------
slack (MET)                                                                0.580


#Path 30
Startpoint: S~6.Q[0] (.latch clocked by clk)
Endpoint  : out:S~6.outpad[0] (.output clocked by clk)
Path Type : hold

Point                                                             Incr      Path
--------------------------------------------------------------------------------
clock clk (rise edge)                                            0.000     0.000
clock source latency                                             0.000     0.000
clk.inpad[0] (.input)                                            0.000     0.000
S~6.clk[0] (.latch)                                              0.000     0.000
S~6.Q[0] (.latch) [clock-to-output]                              0.124     0.124
out:S~6.outpad[0] (.output)                                      0.459     0.583
data arrival time                                                          0.583

clock clk (rise edge)                                            0.000     0.000
clock source latency                                             0.000     0.000
clock uncertainty                                                0.000     0.000
output external delay                                            0.000     0.000
data required time                                                         0.000
--------------------------------------------------------------------------------
data required time                                                        -0.000
data arrival time                                                          0.583
--------------------------------------------------------------------------------
slack (MET)                                                                0.583


#Path 31
Startpoint: S~0.Q[0] (.latch clocked by clk)
Endpoint  : out:S~0.outpad[0] (.output clocked by clk)
Path Type : hold

Point                                                             Incr      Path
--------------------------------------------------------------------------------
clock clk (rise edge)                                            0.000     0.000
clock source latency                                             0.000     0.000
clk.inpad[0] (.input)                                            0.000     0.000
S~0.clk[0] (.latch)                                              0.000     0.000
S~0.Q[0] (.latch) [clock-to-output]                              0.124     0.124
out:S~0.outpad[0] (.output)                                      0.475     0.599
data arrival time                                                          0.599

clock clk (rise edge)                                            0.000     0.000
clock source latency                                             0.000     0.000
clock uncertainty                                                0.000     0.000
output external delay                                            0.000     0.000
data required time                                                         0.000
--------------------------------------------------------------------------------
data required time                                                        -0.000
data arrival time                                                          0.599
--------------------------------------------------------------------------------
slack (MET)                                                                0.599


#Path 32
Startpoint: S~10.Q[0] (.latch clocked by clk)
Endpoint  : out:S~10.outpad[0] (.output clocked by clk)
Path Type : hold

Point                                                             Incr      Path
--------------------------------------------------------------------------------
clock clk (rise edge)                                            0.000     0.000
clock source latency                                             0.000     0.000
clk.inpad[0] (.input)                                            0.000     0.000
S~10.clk[0] (.latch)                                             0.000     0.000
S~10.Q[0] (.latch) [clock-to-output]                             0.124     0.124
out:S~10.outpad[0] (.output)                                     0.522     0.646
data arrival time                                                          0.646

clock clk (rise edge)                                            0.000     0.000
clock source latency                                             0.000     0.000
clock uncertainty                                                0.000     0.000
output external delay                                            0.000     0.000
data required time                                                         0.000
--------------------------------------------------------------------------------
data required time                                                        -0.000
data arrival time                                                          0.646
--------------------------------------------------------------------------------
slack (MET)                                                                0.646


#Path 33
Startpoint: S~1.Q[0] (.latch clocked by clk)
Endpoint  : out:S~1.outpad[0] (.output clocked by clk)
Path Type : hold

Point                                                             Incr      Path
--------------------------------------------------------------------------------
clock clk (rise edge)                                            0.000     0.000
clock source latency                                             0.000     0.000
clk.inpad[0] (.input)                                            0.000     0.000
S~1.clk[0] (.latch)                                              0.000     0.000
S~1.Q[0] (.latch) [clock-to-output]                              0.124     0.124
out:S~1.outpad[0] (.output)                                      0.547     0.671
data arrival time                                                          0.671

clock clk (rise edge)                                            0.000     0.000
clock source latency                                             0.000     0.000
clock uncertainty                                                0.000     0.000
output external delay                                            0.000     0.000
data required time                                                         0.000
--------------------------------------------------------------------------------
data required time                                                        -0.000
data arrival time                                                          0.671
--------------------------------------------------------------------------------
slack (MET)                                                                0.671


#Path 34
Startpoint: rst.inpad[0] (.input clocked by clk)
Endpoint  : S~11.D[0] (.latch clocked by clk)
Path Type : hold

Point                                                             Incr      Path
--------------------------------------------------------------------------------
clock clk (rise edge)                                            0.000     0.000
clock source latency                                             0.000     0.000
input external delay                                             0.000     0.000
rst.inpad[0] (.input)                                            0.000     0.000
n148.in[3] (.names)                                              0.383     0.383
n148.out[0] (.names)                                             0.235     0.618
S~11.D[0] (.latch)                                               0.245     0.863
data arrival time                                                          0.863

clock clk (rise edge)                                            0.000     0.000
clock source latency                                             0.000     0.000
clk.inpad[0] (.input)                                            0.000     0.000
S~11.clk[0] (.latch)                                             0.000     0.000
clock uncertainty                                                0.000     0.000
cell hold time                                                   0.066     0.066
data required time                                                         0.066
--------------------------------------------------------------------------------
data required time                                                        -0.066
data arrival time                                                          0.863
--------------------------------------------------------------------------------
slack (MET)                                                                0.797


#End of timing report
