#Packing pin usage report
Type: io
	Input Pin Usage:
		Max: 1.00 (0.50)
		Avg: 0.11 (0.05)
		Min: 0.00 (0.00)
		Histogram:
		[        0:      0.2) 68 ( 89.5%) |************************************************
		[      0.2:      0.4)  0 (  0.0%) |
		[      0.4:      0.6)  0 (  0.0%) |
		[      0.6:      0.8)  0 (  0.0%) |
		[      0.8:        1)  8 ( 10.5%) |******
		[        1:      1.2)  0 (  0.0%) |
		[      1.2:      1.4)  0 (  0.0%) |
		[      1.4:      1.6)  0 (  0.0%) |
		[      1.6:      1.8)  0 (  0.0%) |
		[      1.8:        2)  0 (  0.0%) |
	Output Pin Usage:
		Max: 1.00 (1.00)
		Avg: 0.89 (0.89)
		Min: 0.00 (0.00)
		Histogram:
		[        0:      0.1)  8 ( 10.5%) |******
		[      0.1:      0.2)  0 (  0.0%) |
		[      0.2:      0.3)  0 (  0.0%) |
		[      0.3:      0.4)  0 (  0.0%) |
		[      0.4:      0.5)  0 (  0.0%) |
		[      0.5:      0.6)  0 (  0.0%) |
		[      0.6:      0.7)  0 (  0.0%) |
		[      0.7:      0.8)  0 (  0.0%) |
		[      0.8:      0.9)  0 (  0.0%) |
		[      0.9:        1) 68 ( 89.5%) |************************************************

Type: clb
	Input Pin Usage:
		Max: 40.00 (0.74)
		Avg: 32.36 (0.60)
		Min: 22.00 (0.41)
		Histogram:
		[        0:      5.4) 0 (  0.0%) |
		[      5.4:       11) 0 (  0.0%) |
		[       11:       16) 0 (  0.0%) |
		[       16:       22) 0 (  0.0%) |
		[       22:       27) 1 (  9.1%) |************
		[       27:       32) 4 ( 36.4%) |*************************************************
		[       32:       38) 4 ( 36.4%) |*************************************************
		[       38:       43) 2 ( 18.2%) |*************************
		[       43:       49) 0 (  0.0%) |
		[       49:       54) 0 (  0.0%) |
	Output Pin Usage:
		Max: 11.00 (0.52)
		Avg: 8.27 (0.39)
		Min: 4.00 (0.19)
		Histogram:
		[        0:      2.1) 0 (  0.0%) |
		[      2.1:      4.2) 1 (  9.1%) |************
		[      4.2:      6.3) 1 (  9.1%) |************
		[      6.3:      8.4) 4 ( 36.4%) |*************************************************
		[      8.4:       10) 3 ( 27.3%) |*************************************
		[       10:       13) 2 ( 18.2%) |*************************
		[       13:       15) 0 (  0.0%) |
		[       15:       17) 0 (  0.0%) |
		[       17:       19) 0 (  0.0%) |
		[       19:       21) 0 (  0.0%) |

