#! /usr/bin/vvp
:ivl_version "12.0 (stable)";
:ivl_delay_selection "TYPICAL";
:vpi_time_precision + 0;
:vpi_module "/usr/lib/x86_64-linux-gnu/ivl/system.vpi";
:vpi_module "/usr/lib/x86_64-linux-gnu/ivl/vhdl_sys.vpi";
:vpi_module "/usr/lib/x86_64-linux-gnu/ivl/vhdl_textio.vpi";
:vpi_module "/usr/lib/x86_64-linux-gnu/ivl/v2005_math.vpi";
:vpi_module "/usr/lib/x86_64-linux-gnu/ivl/va_math.vpi";
S_0x55a5e94b4200 .scope module, "tb_brentk_16b" "tb_brentk_16b" 2 1;
 .timescale 0 0;
v0x55a5e94db460_0 .var "a", 15 0;
v0x55a5e94db560_0 .var "b", 15 0;
v0x55a5e94db640_0 .var "clk", 0 0;
v0x55a5e94db6e0_0 .var/i "i", 31 0;
v0x55a5e94db780 .array "memA", 999999 0, 15 0;
v0x55a5e94db840 .array "memB", 999999 0, 15 0;
v0x55a5e94db900_0 .var/i "out_file", 31 0;
v0x55a5e94db9e0_0 .var "rst", 0 0;
v0x55a5e94dba80_0 .net "sum", 16 0, L_0x55a5e94f6630;  1 drivers
L_0x55a5e94f4170 .part v0x55a5e94db560_0, 7, 1;
L_0x55a5e94f4240 .part v0x55a5e94db560_0, 15, 1;
L_0x55a5e94f4330 .part v0x55a5e94db560_0, 14, 1;
L_0x55a5e94f43d0 .part v0x55a5e94db560_0, 13, 1;
L_0x55a5e94f4530 .part v0x55a5e94db560_0, 12, 1;
L_0x55a5e94f45d0 .part v0x55a5e94db560_0, 11, 1;
L_0x55a5e94f4740 .part v0x55a5e94db560_0, 10, 1;
L_0x55a5e94f4870 .part v0x55a5e94db560_0, 9, 1;
L_0x55a5e94f49f0 .part v0x55a5e94db560_0, 8, 1;
L_0x55a5e94f4a90 .part v0x55a5e94db560_0, 6, 1;
L_0x55a5e94f4c20 .part v0x55a5e94db560_0, 5, 1;
L_0x55a5e94f4d50 .part v0x55a5e94db560_0, 4, 1;
L_0x55a5e94f4e80 .part v0x55a5e94db560_0, 3, 1;
L_0x55a5e94f4fb0 .part v0x55a5e94db560_0, 2, 1;
L_0x55a5e94f5050 .part v0x55a5e94db560_0, 1, 1;
L_0x55a5e94f5180 .part v0x55a5e94db560_0, 0, 1;
L_0x55a5e94f5340 .part v0x55a5e94db460_0, 15, 1;
L_0x55a5e94f53e0 .part v0x55a5e94db460_0, 14, 1;
L_0x55a5e94f5520 .part v0x55a5e94db460_0, 13, 1;
L_0x55a5e94f55c0 .part v0x55a5e94db460_0, 12, 1;
L_0x55a5e94f5480 .part v0x55a5e94db460_0, 11, 1;
L_0x55a5e94f5830 .part v0x55a5e94db460_0, 10, 1;
L_0x55a5e94f5a20 .part v0x55a5e94db460_0, 9, 1;
L_0x55a5e94f5b50 .part v0x55a5e94db460_0, 8, 1;
L_0x55a5e94f5d50 .part v0x55a5e94db460_0, 7, 1;
L_0x55a5e94f5df0 .part v0x55a5e94db460_0, 6, 1;
L_0x55a5e94f5f70 .part v0x55a5e94db460_0, 5, 1;
L_0x55a5e94f6010 .part v0x55a5e94db460_0, 4, 1;
L_0x55a5e94f61a0 .part v0x55a5e94db460_0, 3, 1;
L_0x55a5e94f6240 .part v0x55a5e94db460_0, 2, 1;
L_0x55a5e94f63e0 .part v0x55a5e94db460_0, 1, 1;
L_0x55a5e94f6480 .part v0x55a5e94db460_0, 0, 1;
LS_0x55a5e94f6630_0_0 .concat8 [ 1 1 1 1], v0x55a5e94b8a30_0, v0x55a5e94b8da0_0, v0x55a5e94d26b0_0, v0x55a5e94d2770_0;
LS_0x55a5e94f6630_0_4 .concat8 [ 1 1 1 1], v0x55a5e94d2830_0, v0x55a5e94d28f0_0, v0x55a5e94d29b0_0, v0x55a5e94d2a70_0;
LS_0x55a5e94f6630_0_8 .concat8 [ 1 1 1 1], v0x55a5e94d2b30_0, v0x55a5e94d2bf0_0, v0x55a5e94b9110_0, v0x55a5e94b9480_0;
LS_0x55a5e94f6630_0_12 .concat8 [ 1 1 1 1], v0x55a5e94b97f0_0, v0x55a5e94b9b60_0, v0x55a5e94b9ed0_0, v0x55a5e94d2530_0;
LS_0x55a5e94f6630_0_16 .concat8 [ 1 0 0 0], v0x55a5e94d25f0_0;
LS_0x55a5e94f6630_1_0 .concat8 [ 4 4 4 4], LS_0x55a5e94f6630_0_0, LS_0x55a5e94f6630_0_4, LS_0x55a5e94f6630_0_8, LS_0x55a5e94f6630_0_12;
LS_0x55a5e94f6630_1_4 .concat8 [ 1 0 0 0], LS_0x55a5e94f6630_0_16;
L_0x55a5e94f6630 .concat8 [ 16 1 0 0], LS_0x55a5e94f6630_1_0, LS_0x55a5e94f6630_1_4;
S_0x55a5e94aaeb0 .scope module, "UUT" "UBBKA_15_0_15_0" 2 14, 3 3 0, S_0x55a5e94b4200;
 .timescale 0 0;
    .port_info 0 /INPUT 1 "Y~7";
    .port_info 1 /INPUT 1 "rst";
    .port_info 2 /INPUT 1 "clk";
    .port_info 3 /INPUT 1 "Y~15";
    .port_info 4 /INPUT 1 "Y~14";
    .port_info 5 /INPUT 1 "Y~13";
    .port_info 6 /INPUT 1 "Y~12";
    .port_info 7 /INPUT 1 "Y~11";
    .port_info 8 /INPUT 1 "Y~10";
    .port_info 9 /INPUT 1 "Y~9";
    .port_info 10 /INPUT 1 "Y~8";
    .port_info 11 /INPUT 1 "Y~6";
    .port_info 12 /INPUT 1 "Y~5";
    .port_info 13 /INPUT 1 "Y~4";
    .port_info 14 /INPUT 1 "Y~3";
    .port_info 15 /INPUT 1 "Y~2";
    .port_info 16 /INPUT 1 "Y~1";
    .port_info 17 /INPUT 1 "Y~0";
    .port_info 18 /INPUT 1 "X~15";
    .port_info 19 /INPUT 1 "X~14";
    .port_info 20 /INPUT 1 "X~13";
    .port_info 21 /INPUT 1 "X~12";
    .port_info 22 /INPUT 1 "X~11";
    .port_info 23 /INPUT 1 "X~10";
    .port_info 24 /INPUT 1 "X~9";
    .port_info 25 /INPUT 1 "X~8";
    .port_info 26 /INPUT 1 "X~7";
    .port_info 27 /INPUT 1 "X~6";
    .port_info 28 /INPUT 1 "X~5";
    .port_info 29 /INPUT 1 "X~4";
    .port_info 30 /INPUT 1 "X~3";
    .port_info 31 /INPUT 1 "X~2";
    .port_info 32 /INPUT 1 "X~1";
    .port_info 33 /INPUT 1 "X~0";
    .port_info 34 /OUTPUT 1 "S~8";
    .port_info 35 /OUTPUT 1 "S~9";
    .port_info 36 /OUTPUT 1 "S~7";
    .port_info 37 /OUTPUT 1 "S~6";
    .port_info 38 /OUTPUT 1 "S~5";
    .port_info 39 /OUTPUT 1 "S~4";
    .port_info 40 /OUTPUT 1 "S~3";
    .port_info 41 /OUTPUT 1 "S~2";
    .port_info 42 /OUTPUT 1 "S~1";
    .port_info 43 /OUTPUT 1 "S~0";
    .port_info 44 /OUTPUT 1 "S~14";
    .port_info 45 /OUTPUT 1 "S~15";
    .port_info 46 /OUTPUT 1 "S~16";
    .port_info 47 /OUTPUT 1 "S~10";
    .port_info 48 /OUTPUT 1 "S~11";
    .port_info 49 /OUTPUT 1 "S~12";
    .port_info 50 /OUTPUT 1 "S~13";
L_0x55a5e94ae380 .functor BUFZ 1, L_0x55a5e94f4a90, C4<0>, C4<0>, C4<0>;
L_0x55a5e94ae6c0 .functor BUFZ 1, L_0x55a5e94f4c20, C4<0>, C4<0>, C4<0>;
L_0x55a5e94aea00 .functor BUFZ 1, L_0x55a5e94f4d50, C4<0>, C4<0>, C4<0>;
L_0x55a5e94aed40 .functor BUFZ 1, L_0x55a5e94f4e80, C4<0>, C4<0>, C4<0>;
L_0x55a5e94af080 .functor BUFZ 1, L_0x55a5e94f4fb0, C4<0>, C4<0>, C4<0>;
L_0x55a5e94af3c0 .functor BUFZ 1, L_0x55a5e94f5050, C4<0>, C4<0>, C4<0>;
L_0x55a5e94bcfd0 .functor BUFZ 1, L_0x55a5e94f5180, C4<0>, C4<0>, C4<0>;
v0x55a5e94b8a30_0 .var "S~0", 0 0;
v0x55a5e94b8da0_0 .var "S~1", 0 0;
v0x55a5e94b9110_0 .var "S~10", 0 0;
v0x55a5e94b9480_0 .var "S~11", 0 0;
v0x55a5e94b97f0_0 .var "S~12", 0 0;
v0x55a5e94b9b60_0 .var "S~13", 0 0;
v0x55a5e94b9ed0_0 .var "S~14", 0 0;
v0x55a5e94d2530_0 .var "S~15", 0 0;
v0x55a5e94d25f0_0 .var "S~16", 0 0;
v0x55a5e94d26b0_0 .var "S~2", 0 0;
v0x55a5e94d2770_0 .var "S~3", 0 0;
v0x55a5e94d2830_0 .var "S~4", 0 0;
v0x55a5e94d28f0_0 .var "S~5", 0 0;
v0x55a5e94d29b0_0 .var "S~6", 0 0;
v0x55a5e94d2a70_0 .var "S~7", 0 0;
v0x55a5e94d2b30_0 .var "S~8", 0 0;
v0x55a5e94d2bf0_0 .var "S~9", 0 0;
v0x55a5e94d2cb0_0 .net "X~0", 0 0, L_0x55a5e94f6480;  1 drivers
v0x55a5e94d2d70_0 .net "X~1", 0 0, L_0x55a5e94f63e0;  1 drivers
v0x55a5e94d2e30_0 .net "X~10", 0 0, L_0x55a5e94f5830;  1 drivers
v0x55a5e94d2ef0_0 .net "X~11", 0 0, L_0x55a5e94f5480;  1 drivers
v0x55a5e94d2fb0_0 .net "X~12", 0 0, L_0x55a5e94f55c0;  1 drivers
v0x55a5e94d3070_0 .net "X~13", 0 0, L_0x55a5e94f5520;  1 drivers
v0x55a5e94d3130_0 .net "X~14", 0 0, L_0x55a5e94f53e0;  1 drivers
v0x55a5e94d31f0_0 .net "X~15", 0 0, L_0x55a5e94f5340;  1 drivers
v0x55a5e94d32b0_0 .net "X~2", 0 0, L_0x55a5e94f6240;  1 drivers
v0x55a5e94d3370_0 .net "X~3", 0 0, L_0x55a5e94f61a0;  1 drivers
v0x55a5e94d3430_0 .net "X~4", 0 0, L_0x55a5e94f6010;  1 drivers
v0x55a5e94d34f0_0 .net "X~5", 0 0, L_0x55a5e94f5f70;  1 drivers
v0x55a5e94d35b0_0 .net "X~6", 0 0, L_0x55a5e94f5df0;  1 drivers
v0x55a5e94d3670_0 .net "X~7", 0 0, L_0x55a5e94f5d50;  1 drivers
v0x55a5e94d3730_0 .net "X~8", 0 0, L_0x55a5e94f5b50;  1 drivers
v0x55a5e94d37f0_0 .net "X~9", 0 0, L_0x55a5e94f5a20;  1 drivers
v0x55a5e94d3ac0_0 .net "Y~0", 0 0, L_0x55a5e94f5180;  1 drivers
v0x55a5e94d3b80_0 .net "Y~1", 0 0, L_0x55a5e94f5050;  1 drivers
v0x55a5e94d3c40_0 .net "Y~10", 0 0, L_0x55a5e94f4740;  1 drivers
v0x55a5e94d3d00_0 .net "Y~11", 0 0, L_0x55a5e94f45d0;  1 drivers
v0x55a5e94d3dc0_0 .net "Y~12", 0 0, L_0x55a5e94f4530;  1 drivers
v0x55a5e94d3e80_0 .net "Y~13", 0 0, L_0x55a5e94f43d0;  1 drivers
v0x55a5e94d3f40_0 .net "Y~14", 0 0, L_0x55a5e94f4330;  1 drivers
v0x55a5e94d4000_0 .net "Y~15", 0 0, L_0x55a5e94f4240;  1 drivers
v0x55a5e94d40c0_0 .net "Y~2", 0 0, L_0x55a5e94f4fb0;  1 drivers
v0x55a5e94d4180_0 .net "Y~3", 0 0, L_0x55a5e94f4e80;  1 drivers
v0x55a5e94d4240_0 .net "Y~4", 0 0, L_0x55a5e94f4d50;  1 drivers
v0x55a5e94d4300_0 .net "Y~5", 0 0, L_0x55a5e94f4c20;  1 drivers
v0x55a5e94d43c0_0 .net "Y~6", 0 0, L_0x55a5e94f4a90;  1 drivers
v0x55a5e94d4480_0 .net "Y~7", 0 0, L_0x55a5e94f4170;  1 drivers
v0x55a5e94d4540_0 .net "Y~8", 0 0, L_0x55a5e94f49f0;  1 drivers
v0x55a5e94d4600_0 .net "Y~9", 0 0, L_0x55a5e94f4870;  1 drivers
L_0x7fa688766018 .functor BUFT 1, C4<0001011101110111>, C4<0>, C4<0>, C4<0>;
v0x55a5e94d46c0_0 .net/2u *"_ivl_0", 15 0, L_0x7fa688766018;  1 drivers
v0x55a5e94d47a0_0 .net *"_ivl_10", 5 0, L_0x55a5e94ebf30;  1 drivers
v0x55a5e94d4880_0 .net *"_ivl_100", 63 0, L_0x55a5e94ef240;  1 drivers
L_0x7fa6887663c0 .functor BUFT 1, C4<0001010001000001>, C4<0>, C4<0>, C4<0>;
v0x55a5e94d4960_0 .net/2u *"_ivl_104", 15 0, L_0x7fa6887663c0;  1 drivers
v0x55a5e94d4a40_0 .net *"_ivl_106", 3 0, L_0x55a5e94ef5b0;  1 drivers
v0x55a5e94d4b20_0 .net *"_ivl_108", 15 0, L_0x55a5e94ef7d0;  1 drivers
L_0x7fa688766408 .functor BUFT 1, C4<0001>, C4<0>, C4<0>, C4<0>;
v0x55a5e94d4c00_0 .net/2u *"_ivl_112", 3 0, L_0x7fa688766408;  1 drivers
v0x55a5e94d4ce0_0 .net *"_ivl_114", 1 0, L_0x55a5e94efb90;  1 drivers
v0x55a5e94d4dc0_0 .net *"_ivl_116", 3 0, L_0x55a5e94efc90;  1 drivers
v0x55a5e94d4ea0_0 .net *"_ivl_12", 63 0, L_0x55a5e94ec170;  1 drivers
L_0x7fa688766450 .functor BUFT 1, C4<1111110011010100110101001100000000000000000000000000000000000000>, C4<0>, C4<0>, C4<0>;
v0x55a5e94d4f80_0 .net/2u *"_ivl_120", 63 0, L_0x7fa688766450;  1 drivers
v0x55a5e94d5060_0 .net *"_ivl_122", 5 0, L_0x55a5e94f00b0;  1 drivers
v0x55a5e94d5140_0 .net *"_ivl_124", 63 0, L_0x55a5e94f0360;  1 drivers
L_0x7fa688766498 .functor BUFT 1, C4<0110>, C4<0>, C4<0>, C4<0>;
v0x55a5e94d5220_0 .net/2u *"_ivl_128", 3 0, L_0x7fa688766498;  1 drivers
v0x55a5e94d5300_0 .net *"_ivl_130", 1 0, L_0x55a5e94f0720;  1 drivers
v0x55a5e94d53e0_0 .net *"_ivl_132", 3 0, L_0x55a5e94f0860;  1 drivers
L_0x7fa6887664e0 .functor BUFT 1, C4<1000>, C4<0>, C4<0>, C4<0>;
v0x55a5e94d58d0_0 .net/2u *"_ivl_136", 3 0, L_0x7fa6887664e0;  1 drivers
v0x55a5e94d59b0_0 .net *"_ivl_138", 1 0, L_0x55a5e94f0c80;  1 drivers
v0x55a5e94d5a90_0 .net *"_ivl_140", 3 0, L_0x55a5e94f0ed0;  1 drivers
L_0x7fa688766528 .functor BUFT 1, C4<0000000011010100000000000010101100000000001010110000000011010100>, C4<0>, C4<0>, C4<0>;
v0x55a5e94d5b70_0 .net/2u *"_ivl_144", 63 0, L_0x7fa688766528;  1 drivers
v0x55a5e94d5c50_0 .net *"_ivl_146", 5 0, L_0x55a5e94f1310;  1 drivers
v0x55a5e94d5d30_0 .net *"_ivl_148", 63 0, L_0x55a5e94f1490;  1 drivers
L_0x7fa688766570 .functor BUFT 1, C4<0001010001000001>, C4<0>, C4<0>, C4<0>;
v0x55a5e94d5e10_0 .net/2u *"_ivl_152", 15 0, L_0x7fa688766570;  1 drivers
v0x55a5e94d5ef0_0 .net *"_ivl_154", 3 0, L_0x55a5e94f1890;  1 drivers
v0x55a5e94d5fd0_0 .net *"_ivl_156", 15 0, L_0x55a5e94f1b10;  1 drivers
L_0x7fa6887660a8 .functor BUFT 1, C4<00000011001010110010101100111111>, C4<0>, C4<0>, C4<0>;
v0x55a5e94d60b0_0 .net/2u *"_ivl_16", 31 0, L_0x7fa6887660a8;  1 drivers
L_0x7fa6887665b8 .functor BUFT 1, C4<0000000101010111000000010101011100000001010101110001010101111111>, C4<0>, C4<0>, C4<0>;
v0x55a5e94d6190_0 .net/2u *"_ivl_160", 63 0, L_0x7fa6887665b8;  1 drivers
v0x55a5e94d6270_0 .net *"_ivl_162", 5 0, L_0x55a5e94f1f30;  1 drivers
v0x55a5e94d6350_0 .net *"_ivl_164", 63 0, L_0x55a5e94f20b0;  1 drivers
L_0x7fa688766600 .functor BUFT 1, C4<0000000011010100000000000010101100000000001010110000000011010100>, C4<0>, C4<0>, C4<0>;
v0x55a5e94d6430_0 .net/2u *"_ivl_168", 63 0, L_0x7fa688766600;  1 drivers
v0x55a5e94d6510_0 .net *"_ivl_170", 5 0, L_0x55a5e94f2530;  1 drivers
v0x55a5e94d65f0_0 .net *"_ivl_172", 63 0, L_0x55a5e94f28c0;  1 drivers
L_0x7fa688766648 .functor BUFT 1, C4<0001010001000001>, C4<0>, C4<0>, C4<0>;
v0x55a5e94d66d0_0 .net/2u *"_ivl_176", 15 0, L_0x7fa688766648;  1 drivers
v0x55a5e94d67b0_0 .net *"_ivl_178", 3 0, L_0x55a5e94f2d10;  1 drivers
v0x55a5e94d6890_0 .net *"_ivl_18", 4 0, L_0x55a5e94ec3e0;  1 drivers
v0x55a5e94d6970_0 .net *"_ivl_180", 15 0, L_0x55a5e94f2e10;  1 drivers
L_0x7fa688766690 .functor BUFT 1, C4<00000011001010110010101100111111>, C4<0>, C4<0>, C4<0>;
v0x55a5e94d6a50_0 .net/2u *"_ivl_184", 31 0, L_0x7fa688766690;  1 drivers
v0x55a5e94d6b30_0 .net *"_ivl_186", 4 0, L_0x55a5e94f32a0;  1 drivers
v0x55a5e94d6c10_0 .net *"_ivl_188", 31 0, L_0x55a5e94f3610;  1 drivers
L_0x7fa6887666d8 .functor BUFT 1, C4<0000000011010100>, C4<0>, C4<0>, C4<0>;
v0x55a5e94d6cf0_0 .net/2u *"_ivl_192", 15 0, L_0x7fa6887666d8;  1 drivers
v0x55a5e94d6dd0_0 .net *"_ivl_194", 3 0, L_0x55a5e94f3ae0;  1 drivers
v0x55a5e94d6eb0_0 .net *"_ivl_196", 15 0, L_0x55a5e94f3c20;  1 drivers
v0x55a5e94d6f90_0 .net *"_ivl_2", 3 0, L_0x55a5e94ebb70;  1 drivers
v0x55a5e94d7070_0 .net *"_ivl_20", 31 0, L_0x55a5e94ec500;  1 drivers
L_0x7fa6887660f0 .functor BUFT 1, C4<1111110011010100110101001100000000000000000000000000000000000000>, C4<0>, C4<0>, C4<0>;
v0x55a5e94d7150_0 .net/2u *"_ivl_24", 63 0, L_0x7fa6887660f0;  1 drivers
v0x55a5e94d7230_0 .net *"_ivl_26", 5 0, L_0x55a5e94ec7b0;  1 drivers
v0x55a5e94d7310_0 .net *"_ivl_28", 63 0, L_0x55a5e94ec9f0;  1 drivers
L_0x7fa688766138 .functor BUFT 1, C4<0110>, C4<0>, C4<0>, C4<0>;
v0x55a5e94d73f0_0 .net/2u *"_ivl_32", 3 0, L_0x7fa688766138;  1 drivers
v0x55a5e94d74d0_0 .net *"_ivl_34", 1 0, L_0x55a5e94ecc90;  1 drivers
v0x55a5e94d75b0_0 .net *"_ivl_36", 3 0, L_0x55a5e94ecd30;  1 drivers
v0x55a5e94d7690_0 .net *"_ivl_4", 15 0, L_0x55a5e94ebcd0;  1 drivers
L_0x7fa688766180 .functor BUFT 1, C4<1000>, C4<0>, C4<0>, C4<0>;
v0x55a5e94d7770_0 .net/2u *"_ivl_40", 3 0, L_0x7fa688766180;  1 drivers
v0x55a5e94d7850_0 .net *"_ivl_42", 1 0, L_0x55a5e94ed030;  1 drivers
v0x55a5e94d7930_0 .net *"_ivl_44", 3 0, L_0x55a5e94ed200;  1 drivers
L_0x7fa6887661c8 .functor BUFT 1, C4<0001010001000001>, C4<0>, C4<0>, C4<0>;
v0x55a5e94d7a10_0 .net/2u *"_ivl_48", 15 0, L_0x7fa6887661c8;  1 drivers
v0x55a5e94d7af0_0 .net *"_ivl_50", 3 0, L_0x55a5e94ed4d0;  1 drivers
v0x55a5e94d7bd0_0 .net *"_ivl_52", 15 0, L_0x55a5e94ed5c0;  1 drivers
L_0x7fa688766210 .functor BUFT 1, C4<0001000100010111>, C4<0>, C4<0>, C4<0>;
v0x55a5e94d7cb0_0 .net/2u *"_ivl_56", 15 0, L_0x7fa688766210;  1 drivers
v0x55a5e94d7d90_0 .net *"_ivl_58", 3 0, L_0x55a5e94ed830;  1 drivers
v0x55a5e94d7e70_0 .net *"_ivl_60", 15 0, L_0x55a5e94edac0;  1 drivers
L_0x7fa688766258 .functor BUFT 1, C4<0001010001000001>, C4<0>, C4<0>, C4<0>;
v0x55a5e94d7f50_0 .net/2u *"_ivl_64", 15 0, L_0x7fa688766258;  1 drivers
v0x55a5e94d8030_0 .net *"_ivl_66", 3 0, L_0x55a5e94ede10;  1 drivers
v0x55a5e94d8110_0 .net *"_ivl_68", 15 0, L_0x55a5e94edee0;  1 drivers
L_0x7fa6887662a0 .functor BUFT 1, C4<0000000101010111000000010101011100000001010101110001010101111111>, C4<0>, C4<0>, C4<0>;
v0x55a5e94d81f0_0 .net/2u *"_ivl_72", 63 0, L_0x7fa6887662a0;  1 drivers
v0x55a5e94d82d0_0 .net *"_ivl_74", 5 0, L_0x55a5e94ee1d0;  1 drivers
v0x55a5e94d83b0_0 .net *"_ivl_76", 63 0, L_0x55a5e94ee4a0;  1 drivers
L_0x7fa688766060 .functor BUFT 1, C4<0000000101010111000101010111111100010101011111110001010101111111>, C4<0>, C4<0>, C4<0>;
v0x55a5e94d8490_0 .net/2u *"_ivl_8", 63 0, L_0x7fa688766060;  1 drivers
L_0x7fa6887662e8 .functor BUFT 1, C4<0001010001000001>, C4<0>, C4<0>, C4<0>;
v0x55a5e94d8570_0 .net/2u *"_ivl_80", 15 0, L_0x7fa6887662e8;  1 drivers
v0x55a5e94d8650_0 .net *"_ivl_82", 3 0, L_0x55a5e94ee820;  1 drivers
v0x55a5e94d8730_0 .net *"_ivl_84", 15 0, L_0x55a5e94ee8c0;  1 drivers
L_0x7fa688766330 .functor BUFT 1, C4<00101011>, C4<0>, C4<0>, C4<0>;
v0x55a5e94d8810_0 .net/2u *"_ivl_88", 7 0, L_0x7fa688766330;  1 drivers
v0x55a5e94d88f0_0 .net *"_ivl_90", 2 0, L_0x55a5e94eebb0;  1 drivers
v0x55a5e94d89d0_0 .net *"_ivl_92", 7 0, L_0x55a5e94eee40;  1 drivers
L_0x7fa688766378 .functor BUFT 1, C4<0000000011010100000000000010101100000000001010110000000011010100>, C4<0>, C4<0>, C4<0>;
v0x55a5e94d8ab0_0 .net/2u *"_ivl_96", 63 0, L_0x7fa688766378;  1 drivers
v0x55a5e94d8b90_0 .net *"_ivl_98", 5 0, L_0x55a5e94eed20;  1 drivers
v0x55a5e94d8c70_0 .net "clk", 0 0, v0x55a5e94db640_0;  1 drivers
v0x55a5e94d8d30_0 .net "n104", 0 0, L_0x55a5e94bcfd0;  1 drivers
v0x55a5e94d8df0_0 .net "n108", 0 0, L_0x55a5e94af3c0;  1 drivers
v0x55a5e94d8eb0_0 .net "n112", 0 0, L_0x55a5e94af080;  1 drivers
v0x55a5e94d8f70_0 .net "n116", 0 0, L_0x55a5e94aed40;  1 drivers
v0x55a5e94d9840_0 .net "n120", 0 0, L_0x55a5e94aea00;  1 drivers
v0x55a5e94d9900_0 .net "n124", 0 0, L_0x55a5e94ae6c0;  1 drivers
v0x55a5e94d99c0_0 .net "n128", 0 0, L_0x55a5e94ae380;  1 drivers
v0x55a5e94d9a80_0 .net "n132", 0 0, L_0x55a5e94ed430;  1 drivers
v0x55a5e94d9b40_0 .net "n136", 0 0, L_0x55a5e94ee0e0;  1 drivers
v0x55a5e94d9c00_0 .net "n140", 0 0, L_0x55a5e94eeac0;  1 drivers
v0x55a5e94d9cc0_0 .net "n144", 0 0, L_0x55a5e94ef4c0;  1 drivers
v0x55a5e94d9d80_0 .net "n148", 0 0, L_0x55a5e94ef940;  1 drivers
v0x55a5e94d9e40_0 .net "n152", 0 0, L_0x55a5e94f17a0;  1 drivers
v0x55a5e94d9f00_0 .net "n156", 0 0, L_0x55a5e94f1c50;  1 drivers
v0x55a5e94d9fc0_0 .net "n160", 0 0, L_0x55a5e94f2a00;  1 drivers
v0x55a5e94da080_0 .net "n164", 0 0, L_0x55a5e94f31b0;  1 drivers
v0x55a5e94da140_0 .net "n168", 0 0, L_0x55a5e94f3fc0;  1 drivers
v0x55a5e94da200_0 .net "new_new_n108_1", 0 0, L_0x55a5e94ebdf0;  1 drivers
v0x55a5e94da2c0_0 .net "new_new_n110", 0 0, L_0x55a5e94ec2b0;  1 drivers
v0x55a5e94da380_0 .net "new_new_n113", 0 0, L_0x55a5e94ec6c0;  1 drivers
v0x55a5e94da440_0 .net "new_new_n115_1", 0 0, L_0x55a5e94ecae0;  1 drivers
v0x55a5e94da500_0 .net "new_new_n116_1", 0 0, L_0x55a5e94ecef0;  1 drivers
v0x55a5e94da5c0_0 .net "new_new_n117", 0 0, L_0x55a5e94ed340;  1 drivers
v0x55a5e94da680_0 .net "new_new_n119_1", 0 0, L_0x55a5e94edc00;  1 drivers
v0x55a5e94da740_0 .net "new_new_n121", 0 0, L_0x55a5e94ee5e0;  1 drivers
v0x55a5e94da800_0 .net "new_new_n123_1", 0 0, L_0x55a5e94eef80;  1 drivers
v0x55a5e94da8c0_0 .net "new_new_n126", 0 0, L_0x55a5e94eff70;  1 drivers
v0x55a5e94da980_0 .net "new_new_n127_1", 0 0, L_0x55a5e94f0450;  1 drivers
v0x55a5e94daa40_0 .net "new_new_n128_1", 0 0, L_0x55a5e94f0b40;  1 drivers
v0x55a5e94dab00_0 .net "new_new_n129", 0 0, L_0x55a5e94f1010;  1 drivers
v0x55a5e94dabc0_0 .net "new_new_n132_1", 0 0, L_0x55a5e94f23f0;  1 drivers
v0x55a5e94dac80_0 .net "new_new_n135_1", 0 0, L_0x55a5e94f3750;  1 drivers
v0x55a5e94dad40_0 .net "rst", 0 0, v0x55a5e94db9e0_0;  1 drivers
E_0x55a5e9489ca0 .event posedge, v0x55a5e94d8c70_0;
L_0x55a5e94ebb70 .concat [ 1 1 1 1], L_0x55a5e94f5050, L_0x55a5e94f63e0, L_0x55a5e94f5180, L_0x55a5e94f6480;
L_0x55a5e94ebcd0 .shift/r 16, L_0x7fa688766018, L_0x55a5e94ebb70;
L_0x55a5e94ebdf0 .part L_0x55a5e94ebcd0, 0, 1;
LS_0x55a5e94ebf30_0_0 .concat [ 1 1 1 1], L_0x55a5e94f4fb0, L_0x55a5e94f5050, L_0x55a5e94f63e0, L_0x55a5e94f6240;
LS_0x55a5e94ebf30_0_4 .concat [ 1 1 0 0], L_0x55a5e94f5180, L_0x55a5e94f6480;
L_0x55a5e94ebf30 .concat [ 4 2 0 0], LS_0x55a5e94ebf30_0_0, LS_0x55a5e94ebf30_0_4;
L_0x55a5e94ec170 .shift/r 64, L_0x7fa688766060, L_0x55a5e94ebf30;
L_0x55a5e94ec2b0 .part L_0x55a5e94ec170, 0, 1;
LS_0x55a5e94ec3e0_0_0 .concat [ 1 1 1 1], L_0x55a5e94ec2b0, L_0x55a5e94f4d50, L_0x55a5e94f6010, L_0x55a5e94f4e80;
LS_0x55a5e94ec3e0_0_4 .concat [ 1 0 0 0], L_0x55a5e94f61a0;
L_0x55a5e94ec3e0 .concat [ 4 1 0 0], LS_0x55a5e94ec3e0_0_0, LS_0x55a5e94ec3e0_0_4;
L_0x55a5e94ec500 .shift/r 32, L_0x7fa6887660a8, L_0x55a5e94ec3e0;
L_0x55a5e94ec6c0 .part L_0x55a5e94ec500, 0, 1;
LS_0x55a5e94ec7b0_0_0 .concat [ 1 1 1 1], L_0x55a5e94ec2b0, L_0x55a5e94f4d50, L_0x55a5e94f6010, L_0x55a5e94f4e80;
LS_0x55a5e94ec7b0_0_4 .concat [ 1 1 0 0], L_0x55a5e94f61a0, L_0x55a5e94ecef0;
L_0x55a5e94ec7b0 .concat [ 4 2 0 0], LS_0x55a5e94ec7b0_0_0, LS_0x55a5e94ec7b0_0_4;
L_0x55a5e94ec9f0 .shift/r 64, L_0x7fa6887660f0, L_0x55a5e94ec7b0;
L_0x55a5e94ecae0 .part L_0x55a5e94ec9f0, 0, 1;
L_0x55a5e94ecc90 .concat [ 1 1 0 0], L_0x55a5e94f4c20, L_0x55a5e94f5f70;
L_0x55a5e94ecd30 .shift/r 4, L_0x7fa688766138, L_0x55a5e94ecc90;
L_0x55a5e94ecef0 .part L_0x55a5e94ecd30, 0, 1;
L_0x55a5e94ed030 .concat [ 1 1 0 0], L_0x55a5e94f4c20, L_0x55a5e94f5f70;
L_0x55a5e94ed200 .shift/r 4, L_0x7fa688766180, L_0x55a5e94ed030;
L_0x55a5e94ed340 .part L_0x55a5e94ed200, 0, 1;
L_0x55a5e94ed4d0 .concat [ 1 1 1 1], v0x55a5e94db9e0_0, L_0x55a5e94edc00, L_0x55a5e94f4170, L_0x55a5e94f5d50;
L_0x55a5e94ed5c0 .shift/r 16, L_0x7fa6887661c8, L_0x55a5e94ed4d0;
L_0x55a5e94ed430 .part L_0x55a5e94ed5c0, 0, 1;
L_0x55a5e94ed830 .concat [ 1 1 1 1], L_0x55a5e94f4a90, L_0x55a5e94f5df0, L_0x55a5e94ecae0, L_0x55a5e94ed340;
L_0x55a5e94edac0 .shift/r 16, L_0x7fa688766210, L_0x55a5e94ed830;
L_0x55a5e94edc00 .part L_0x55a5e94edac0, 0, 1;
L_0x55a5e94ede10 .concat [ 1 1 1 1], v0x55a5e94db9e0_0, L_0x55a5e94ee5e0, L_0x55a5e94f49f0, L_0x55a5e94f5b50;
L_0x55a5e94edee0 .shift/r 16, L_0x7fa688766258, L_0x55a5e94ede10;
L_0x55a5e94ee0e0 .part L_0x55a5e94edee0, 0, 1;
LS_0x55a5e94ee1d0_0_0 .concat [ 1 1 1 1], L_0x55a5e94f4170, L_0x55a5e94f4a90, L_0x55a5e94f5df0, L_0x55a5e94f5d50;
LS_0x55a5e94ee1d0_0_4 .concat [ 1 1 0 0], L_0x55a5e94ed340, L_0x55a5e94ecae0;
L_0x55a5e94ee1d0 .concat [ 4 2 0 0], LS_0x55a5e94ee1d0_0_0, LS_0x55a5e94ee1d0_0_4;
L_0x55a5e94ee4a0 .shift/r 64, L_0x7fa6887662a0, L_0x55a5e94ee1d0;
L_0x55a5e94ee5e0 .part L_0x55a5e94ee4a0, 0, 1;
L_0x55a5e94ee820 .concat [ 1 1 1 1], v0x55a5e94db9e0_0, L_0x55a5e94eef80, L_0x55a5e94f4870, L_0x55a5e94f5a20;
L_0x55a5e94ee8c0 .shift/r 16, L_0x7fa6887662e8, L_0x55a5e94ee820;
L_0x55a5e94eeac0 .part L_0x55a5e94ee8c0, 0, 1;
L_0x55a5e94eebb0 .concat [ 1 1 1 0], L_0x55a5e94ee5e0, L_0x55a5e94f49f0, L_0x55a5e94f5b50;
L_0x55a5e94eee40 .shift/r 8, L_0x7fa688766330, L_0x55a5e94eebb0;
L_0x55a5e94eef80 .part L_0x55a5e94eee40, 0, 1;
LS_0x55a5e94eed20_0_0 .concat [ 1 1 1 1], L_0x55a5e94eef80, L_0x55a5e94f4870, L_0x55a5e94f5a20, v0x55a5e94db9e0_0;
LS_0x55a5e94eed20_0_4 .concat [ 1 1 0 0], L_0x55a5e94f4740, L_0x55a5e94f5830;
L_0x55a5e94eed20 .concat [ 4 2 0 0], LS_0x55a5e94eed20_0_0, LS_0x55a5e94eed20_0_4;
L_0x55a5e94ef240 .shift/r 64, L_0x7fa688766378, L_0x55a5e94eed20;
L_0x55a5e94ef4c0 .part L_0x55a5e94ef240, 0, 1;
L_0x55a5e94ef5b0 .concat [ 1 1 1 1], v0x55a5e94db9e0_0, L_0x55a5e94eff70, L_0x55a5e94f45d0, L_0x55a5e94f5480;
L_0x55a5e94ef7d0 .shift/r 16, L_0x7fa6887663c0, L_0x55a5e94ef5b0;
L_0x55a5e94ef940 .part L_0x55a5e94ef7d0, 0, 1;
L_0x55a5e94efb90 .concat [ 1 1 0 0], L_0x55a5e94f0450, L_0x55a5e94f1010;
L_0x55a5e94efc90 .shift/r 4, L_0x7fa688766408, L_0x55a5e94efb90;
L_0x55a5e94eff70 .part L_0x55a5e94efc90, 0, 1;
LS_0x55a5e94f00b0_0_0 .concat [ 1 1 1 1], L_0x55a5e94ee5e0, L_0x55a5e94f4870, L_0x55a5e94f5a20, L_0x55a5e94f49f0;
LS_0x55a5e94f00b0_0_4 .concat [ 1 1 0 0], L_0x55a5e94f5b50, L_0x55a5e94f0b40;
L_0x55a5e94f00b0 .concat [ 4 2 0 0], LS_0x55a5e94f00b0_0_0, LS_0x55a5e94f00b0_0_4;
L_0x55a5e94f0360 .shift/r 64, L_0x7fa688766450, L_0x55a5e94f00b0;
L_0x55a5e94f0450 .part L_0x55a5e94f0360, 0, 1;
L_0x55a5e94f0720 .concat [ 1 1 0 0], L_0x55a5e94f4740, L_0x55a5e94f5830;
L_0x55a5e94f0860 .shift/r 4, L_0x7fa688766498, L_0x55a5e94f0720;
L_0x55a5e94f0b40 .part L_0x55a5e94f0860, 0, 1;
L_0x55a5e94f0c80 .concat [ 1 1 0 0], L_0x55a5e94f4740, L_0x55a5e94f5830;
L_0x55a5e94f0ed0 .shift/r 4, L_0x7fa6887664e0, L_0x55a5e94f0c80;
L_0x55a5e94f1010 .part L_0x55a5e94f0ed0, 0, 1;
LS_0x55a5e94f1310_0_0 .concat [ 1 1 1 1], L_0x55a5e94eff70, L_0x55a5e94f45d0, L_0x55a5e94f5480, v0x55a5e94db9e0_0;
LS_0x55a5e94f1310_0_4 .concat [ 1 1 0 0], L_0x55a5e94f4530, L_0x55a5e94f55c0;
L_0x55a5e94f1310 .concat [ 4 2 0 0], LS_0x55a5e94f1310_0_0, LS_0x55a5e94f1310_0_4;
L_0x55a5e94f1490 .shift/r 64, L_0x7fa688766528, L_0x55a5e94f1310;
L_0x55a5e94f17a0 .part L_0x55a5e94f1490, 0, 1;
L_0x55a5e94f1890 .concat [ 1 1 1 1], v0x55a5e94db9e0_0, L_0x55a5e94f23f0, L_0x55a5e94f43d0, L_0x55a5e94f5520;
L_0x55a5e94f1b10 .shift/r 16, L_0x7fa688766570, L_0x55a5e94f1890;
L_0x55a5e94f1c50 .part L_0x55a5e94f1b10, 0, 1;
LS_0x55a5e94f1f30_0_0 .concat [ 1 1 1 1], L_0x55a5e94f4530, L_0x55a5e94f45d0, L_0x55a5e94f5480, L_0x55a5e94f55c0;
LS_0x55a5e94f1f30_0_4 .concat [ 1 1 0 0], L_0x55a5e94f1010, L_0x55a5e94f0450;
L_0x55a5e94f1f30 .concat [ 4 2 0 0], LS_0x55a5e94f1f30_0_0, LS_0x55a5e94f1f30_0_4;
L_0x55a5e94f20b0 .shift/r 64, L_0x7fa6887665b8, L_0x55a5e94f1f30;
L_0x55a5e94f23f0 .part L_0x55a5e94f20b0, 0, 1;
LS_0x55a5e94f2530_0_0 .concat [ 1 1 1 1], L_0x55a5e94f23f0, L_0x55a5e94f43d0, L_0x55a5e94f5520, v0x55a5e94db9e0_0;
LS_0x55a5e94f2530_0_4 .concat [ 1 1 0 0], L_0x55a5e94f4330, L_0x55a5e94f53e0;
L_0x55a5e94f2530 .concat [ 4 2 0 0], LS_0x55a5e94f2530_0_0, LS_0x55a5e94f2530_0_4;
L_0x55a5e94f28c0 .shift/r 64, L_0x7fa688766600, L_0x55a5e94f2530;
L_0x55a5e94f2a00 .part L_0x55a5e94f28c0, 0, 1;
L_0x55a5e94f2d10 .concat [ 1 1 1 1], v0x55a5e94db9e0_0, L_0x55a5e94f3750, L_0x55a5e94f4240, L_0x55a5e94f5340;
L_0x55a5e94f2e10 .shift/r 16, L_0x7fa688766648, L_0x55a5e94f2d10;
L_0x55a5e94f31b0 .part L_0x55a5e94f2e10, 0, 1;
LS_0x55a5e94f32a0_0_0 .concat [ 1 1 1 1], L_0x55a5e94f23f0, L_0x55a5e94f4330, L_0x55a5e94f53e0, L_0x55a5e94f43d0;
LS_0x55a5e94f32a0_0_4 .concat [ 1 0 0 0], L_0x55a5e94f5520;
L_0x55a5e94f32a0 .concat [ 4 1 0 0], LS_0x55a5e94f32a0_0_0, LS_0x55a5e94f32a0_0_4;
L_0x55a5e94f3610 .shift/r 32, L_0x7fa688766690, L_0x55a5e94f32a0;
L_0x55a5e94f3750 .part L_0x55a5e94f3610, 0, 1;
L_0x55a5e94f3ae0 .concat [ 1 1 1 1], L_0x55a5e94f3750, L_0x55a5e94f4240, L_0x55a5e94f5340, v0x55a5e94db9e0_0;
L_0x55a5e94f3c20 .shift/r 16, L_0x7fa6887666d8, L_0x55a5e94f3ae0;
L_0x55a5e94f3fc0 .part L_0x55a5e94f3c20, 0, 1;
    .scope S_0x55a5e94aaeb0;
T_0 ;
    %wait E_0x55a5e9489ca0;
    %load/vec4 v0x55a5e94d8d30_0;
    %assign/vec4 v0x55a5e94b8a30_0, 0;
    %jmp T_0;
    .thread T_0;
    .scope S_0x55a5e94aaeb0;
T_1 ;
    %wait E_0x55a5e9489ca0;
    %load/vec4 v0x55a5e94d9c00_0;
    %assign/vec4 v0x55a5e94d2bf0_0, 0;
    %jmp T_1;
    .thread T_1;
    .scope S_0x55a5e94aaeb0;
T_2 ;
    %wait E_0x55a5e9489ca0;
    %load/vec4 v0x55a5e94d9cc0_0;
    %assign/vec4 v0x55a5e94b9110_0, 0;
    %jmp T_2;
    .thread T_2;
    .scope S_0x55a5e94aaeb0;
T_3 ;
    %wait E_0x55a5e9489ca0;
    %load/vec4 v0x55a5e94d9d80_0;
    %assign/vec4 v0x55a5e94b9480_0, 0;
    %jmp T_3;
    .thread T_3;
    .scope S_0x55a5e94aaeb0;
T_4 ;
    %wait E_0x55a5e9489ca0;
    %load/vec4 v0x55a5e94d9e40_0;
    %assign/vec4 v0x55a5e94b97f0_0, 0;
    %jmp T_4;
    .thread T_4;
    .scope S_0x55a5e94aaeb0;
T_5 ;
    %wait E_0x55a5e9489ca0;
    %load/vec4 v0x55a5e94d9f00_0;
    %assign/vec4 v0x55a5e94b9b60_0, 0;
    %jmp T_5;
    .thread T_5;
    .scope S_0x55a5e94aaeb0;
T_6 ;
    %wait E_0x55a5e9489ca0;
    %load/vec4 v0x55a5e94d9fc0_0;
    %assign/vec4 v0x55a5e94b9ed0_0, 0;
    %jmp T_6;
    .thread T_6;
    .scope S_0x55a5e94aaeb0;
T_7 ;
    %wait E_0x55a5e9489ca0;
    %load/vec4 v0x55a5e94da080_0;
    %assign/vec4 v0x55a5e94d2530_0, 0;
    %jmp T_7;
    .thread T_7;
    .scope S_0x55a5e94aaeb0;
T_8 ;
    %wait E_0x55a5e9489ca0;
    %load/vec4 v0x55a5e94da140_0;
    %assign/vec4 v0x55a5e94d25f0_0, 0;
    %jmp T_8;
    .thread T_8;
    .scope S_0x55a5e94aaeb0;
T_9 ;
    %wait E_0x55a5e9489ca0;
    %load/vec4 v0x55a5e94d8df0_0;
    %assign/vec4 v0x55a5e94b8da0_0, 0;
    %jmp T_9;
    .thread T_9;
    .scope S_0x55a5e94aaeb0;
T_10 ;
    %wait E_0x55a5e9489ca0;
    %load/vec4 v0x55a5e94d8eb0_0;
    %assign/vec4 v0x55a5e94d26b0_0, 0;
    %jmp T_10;
    .thread T_10;
    .scope S_0x55a5e94aaeb0;
T_11 ;
    %wait E_0x55a5e9489ca0;
    %load/vec4 v0x55a5e94d8f70_0;
    %assign/vec4 v0x55a5e94d2770_0, 0;
    %jmp T_11;
    .thread T_11;
    .scope S_0x55a5e94aaeb0;
T_12 ;
    %wait E_0x55a5e9489ca0;
    %load/vec4 v0x55a5e94d9840_0;
    %assign/vec4 v0x55a5e94d2830_0, 0;
    %jmp T_12;
    .thread T_12;
    .scope S_0x55a5e94aaeb0;
T_13 ;
    %wait E_0x55a5e9489ca0;
    %load/vec4 v0x55a5e94d9900_0;
    %assign/vec4 v0x55a5e94d28f0_0, 0;
    %jmp T_13;
    .thread T_13;
    .scope S_0x55a5e94aaeb0;
T_14 ;
    %wait E_0x55a5e9489ca0;
    %load/vec4 v0x55a5e94d99c0_0;
    %assign/vec4 v0x55a5e94d29b0_0, 0;
    %jmp T_14;
    .thread T_14;
    .scope S_0x55a5e94aaeb0;
T_15 ;
    %wait E_0x55a5e9489ca0;
    %load/vec4 v0x55a5e94d9a80_0;
    %assign/vec4 v0x55a5e94d2a70_0, 0;
    %jmp T_15;
    .thread T_15;
    .scope S_0x55a5e94aaeb0;
T_16 ;
    %wait E_0x55a5e9489ca0;
    %load/vec4 v0x55a5e94d9b40_0;
    %assign/vec4 v0x55a5e94d2b30_0, 0;
    %jmp T_16;
    .thread T_16;
    .scope S_0x55a5e94b4200;
T_17 ;
    %delay 5, 0;
    %load/vec4 v0x55a5e94db640_0;
    %inv;
    %store/vec4 v0x55a5e94db640_0, 0, 1;
    %jmp T_17;
    .thread T_17;
    .scope S_0x55a5e94b4200;
T_18 ;
    %pushi/vec4 0, 0, 1;
    %store/vec4 v0x55a5e94db640_0, 0, 1;
    %pushi/vec4 1, 0, 1;
    %store/vec4 v0x55a5e94db9e0_0, 0, 1;
    %pushi/vec4 0, 0, 16;
    %store/vec4 v0x55a5e94db460_0, 0, 16;
    %pushi/vec4 0, 0, 16;
    %store/vec4 v0x55a5e94db560_0, 0, 16;
    %vpi_call 2 42 "$readmemh", "memA.dat", v0x55a5e94db780 {0 0 0};
    %vpi_call 2 43 "$readmemh", "memB.dat", v0x55a5e94db840 {0 0 0};
    %vpi_func 2 46 "$fopen" 32, "output_sum.txt", "w" {0 0 0};
    %store/vec4 v0x55a5e94db900_0, 0, 32;
    %delay 10, 0;
    %pushi/vec4 0, 0, 1;
    %store/vec4 v0x55a5e94db9e0_0, 0, 1;
    %pushi/vec4 0, 0, 32;
    %store/vec4 v0x55a5e94db6e0_0, 0, 32;
T_18.0 ;
    %load/vec4 v0x55a5e94db6e0_0;
    %cmpi/s 1000000, 0, 32;
    %jmp/0xz T_18.1, 5;
    %ix/getv/s 4, v0x55a5e94db6e0_0;
    %load/vec4a v0x55a5e94db780, 4;
    %store/vec4 v0x55a5e94db460_0, 0, 16;
    %ix/getv/s 4, v0x55a5e94db6e0_0;
    %load/vec4a v0x55a5e94db840, 4;
    %store/vec4 v0x55a5e94db560_0, 0, 16;
    %delay 10, 0;
    %vpi_call 2 56 "$fwrite", v0x55a5e94db900_0, "%h\012", v0x55a5e94dba80_0 {0 0 0};
    %load/vec4 v0x55a5e94db6e0_0;
    %addi 1, 0, 32;
    %store/vec4 v0x55a5e94db6e0_0, 0, 32;
    %jmp T_18.0;
T_18.1 ;
    %vpi_call 2 60 "$fclose", v0x55a5e94db900_0 {0 0 0};
    %delay 10, 0;
    %vpi_call 2 63 "$finish" {0 0 0};
    %end;
    .thread T_18;
# The file index is used to find the file name in the following table.
:file_names 4;
    "N/A";
    "<interactive>";
    "bk_tb.v";
    "BK_16b_aprox_7.v";
