#! /usr/bin/vvp
:ivl_version "12.0 (stable)";
:ivl_delay_selection "TYPICAL";
:vpi_time_precision + 0;
:vpi_module "/usr/lib/x86_64-linux-gnu/ivl/system.vpi";
:vpi_module "/usr/lib/x86_64-linux-gnu/ivl/vhdl_sys.vpi";
:vpi_module "/usr/lib/x86_64-linux-gnu/ivl/vhdl_textio.vpi";
:vpi_module "/usr/lib/x86_64-linux-gnu/ivl/v2005_math.vpi";
:vpi_module "/usr/lib/x86_64-linux-gnu/ivl/va_math.vpi";
S_0x55d91d9e1470 .scope module, "tb_KStone_16b" "tb_KStone_16b" 2 1;
 .timescale 0 0;
v0x55d91da0b480_0 .var "a", 15 0;
v0x55d91da0b580_0 .var "b", 15 0;
v0x55d91da0b660_0 .var "clk", 0 0;
v0x55d91da0b700_0 .var/i "i", 31 0;
v0x55d91da0b7a0 .array "memA", 999999 0, 15 0;
v0x55d91da0b860 .array "memB", 999999 0, 15 0;
v0x55d91da0b920_0 .var/i "out_file", 31 0;
v0x55d91da0ba00_0 .var "rst", 0 0;
v0x55d91da0baa0_0 .net "sum", 16 0, L_0x55d91da33d70;  1 drivers
L_0x55d91da310c0 .part v0x55d91da0b580_0, 15, 1;
L_0x55d91da31a10 .part v0x55d91da0b580_0, 14, 1;
L_0x55d91da31ab0 .part v0x55d91da0b580_0, 13, 1;
L_0x55d91da31b50 .part v0x55d91da0b580_0, 12, 1;
L_0x55d91da31d10 .part v0x55d91da0b580_0, 11, 1;
L_0x55d91da31db0 .part v0x55d91da0b580_0, 10, 1;
L_0x55d91da31ee0 .part v0x55d91da0b580_0, 9, 1;
L_0x55d91da32010 .part v0x55d91da0b580_0, 8, 1;
L_0x55d91da32100 .part v0x55d91da0b580_0, 7, 1;
L_0x55d91da321a0 .part v0x55d91da0b580_0, 6, 1;
L_0x55d91da322a0 .part v0x55d91da0b580_0, 5, 1;
L_0x55d91da32340 .part v0x55d91da0b580_0, 4, 1;
L_0x55d91da32450 .part v0x55d91da0b580_0, 3, 1;
L_0x55d91da324f0 .part v0x55d91da0b580_0, 2, 1;
L_0x55d91da32610 .part v0x55d91da0b580_0, 1, 1;
L_0x55d91da326b0 .part v0x55d91da0b580_0, 0, 1;
L_0x55d91da327e0 .part v0x55d91da0b480_0, 15, 1;
L_0x55d91da32910 .part v0x55d91da0b480_0, 14, 1;
L_0x55d91da32a50 .part v0x55d91da0b480_0, 13, 1;
L_0x55d91da32af0 .part v0x55d91da0b480_0, 12, 1;
L_0x55d91da329b0 .part v0x55d91da0b480_0, 11, 1;
L_0x55d91da32cd0 .part v0x55d91da0b480_0, 10, 1;
L_0x55d91da32ec0 .part v0x55d91da0b480_0, 9, 1;
L_0x55d91da32ff0 .part v0x55d91da0b480_0, 8, 1;
L_0x55d91da33160 .part v0x55d91da0b480_0, 7, 1;
L_0x55d91da33200 .part v0x55d91da0b480_0, 6, 1;
L_0x55d91da33380 .part v0x55d91da0b480_0, 5, 1;
L_0x55d91da33420 .part v0x55d91da0b480_0, 4, 1;
L_0x55d91da335b0 .part v0x55d91da0b480_0, 3, 1;
L_0x55d91da33650 .part v0x55d91da0b480_0, 2, 1;
L_0x55d91da337f0 .part v0x55d91da0b480_0, 1, 1;
L_0x55d91da33920 .part v0x55d91da0b480_0, 0, 1;
LS_0x55d91da33d70_0_0 .concat8 [ 1 1 1 1], v0x55d91d9e74b0_0, v0x55d91d9e7820_0, v0x55d91d9fa420_0, v0x55d91d9fa4e0_0;
LS_0x55d91da33d70_0_4 .concat8 [ 1 1 1 1], v0x55d91d9fa5a0_0, v0x55d91d9fa660_0, v0x55d91d9fa720_0, v0x55d91d9fa7e0_0;
LS_0x55d91da33d70_0_8 .concat8 [ 1 1 1 1], v0x55d91d9fa8a0_0, v0x55d91d9fa960_0, v0x55d91d9e7b90_0, v0x55d91d9e7f00_0;
LS_0x55d91da33d70_0_12 .concat8 [ 1 1 1 1], v0x55d91d9e8270_0, v0x55d91d9e85e0_0, v0x55d91d9e8950_0, v0x55d91d9fa2a0_0;
LS_0x55d91da33d70_0_16 .concat8 [ 1 0 0 0], v0x55d91d9fa360_0;
LS_0x55d91da33d70_1_0 .concat8 [ 4 4 4 4], LS_0x55d91da33d70_0_0, LS_0x55d91da33d70_0_4, LS_0x55d91da33d70_0_8, LS_0x55d91da33d70_0_12;
LS_0x55d91da33d70_1_4 .concat8 [ 1 0 0 0], LS_0x55d91da33d70_0_16;
L_0x55d91da33d70 .concat8 [ 16 1 0 0], LS_0x55d91da33d70_1_0, LS_0x55d91da33d70_1_4;
S_0x55d91d957720 .scope module, "UUT" "KS_16b" 2 15, 3 3 0, S_0x55d91d9e1470;
 .timescale 0 0;
    .port_info 0 /INPUT 1 "rst";
    .port_info 1 /INPUT 1 "clk";
    .port_info 2 /INPUT 1 "Y~15";
    .port_info 3 /INPUT 1 "Y~14";
    .port_info 4 /INPUT 1 "Y~13";
    .port_info 5 /INPUT 1 "Y~12";
    .port_info 6 /INPUT 1 "Y~11";
    .port_info 7 /INPUT 1 "Y~10";
    .port_info 8 /INPUT 1 "Y~9";
    .port_info 9 /INPUT 1 "Y~8";
    .port_info 10 /INPUT 1 "Y~7";
    .port_info 11 /INPUT 1 "Y~6";
    .port_info 12 /INPUT 1 "Y~5";
    .port_info 13 /INPUT 1 "Y~4";
    .port_info 14 /INPUT 1 "Y~3";
    .port_info 15 /INPUT 1 "Y~2";
    .port_info 16 /INPUT 1 "Y~1";
    .port_info 17 /INPUT 1 "Y~0";
    .port_info 18 /INPUT 1 "X~15";
    .port_info 19 /INPUT 1 "X~14";
    .port_info 20 /INPUT 1 "X~13";
    .port_info 21 /INPUT 1 "X~12";
    .port_info 22 /INPUT 1 "X~11";
    .port_info 23 /INPUT 1 "X~10";
    .port_info 24 /INPUT 1 "X~9";
    .port_info 25 /INPUT 1 "X~8";
    .port_info 26 /INPUT 1 "X~7";
    .port_info 27 /INPUT 1 "X~6";
    .port_info 28 /INPUT 1 "X~5";
    .port_info 29 /INPUT 1 "X~4";
    .port_info 30 /INPUT 1 "X~3";
    .port_info 31 /INPUT 1 "X~2";
    .port_info 32 /INPUT 1 "X~1";
    .port_info 33 /INPUT 1 "X~0";
    .port_info 34 /OUTPUT 1 "S~12";
    .port_info 35 /OUTPUT 1 "S~16";
    .port_info 36 /OUTPUT 1 "S~15";
    .port_info 37 /OUTPUT 1 "S~14";
    .port_info 38 /OUTPUT 1 "S~13";
    .port_info 39 /OUTPUT 1 "S~11";
    .port_info 40 /OUTPUT 1 "S~10";
    .port_info 41 /OUTPUT 1 "S~9";
    .port_info 42 /OUTPUT 1 "S~8";
    .port_info 43 /OUTPUT 1 "S~7";
    .port_info 44 /OUTPUT 1 "S~6";
    .port_info 45 /OUTPUT 1 "S~5";
    .port_info 46 /OUTPUT 1 "S~4";
    .port_info 47 /OUTPUT 1 "S~3";
    .port_info 48 /OUTPUT 1 "S~2";
    .port_info 49 /OUTPUT 1 "S~1";
    .port_info 50 /OUTPUT 1 "S~0";
L_0x55d91d9db5f0 .functor BUFZ 1, L_0x55d91da335b0, C4<0>, C4<0>, C4<0>;
L_0x55d91d9db930 .functor BUFZ 1, L_0x55d91da33650, C4<0>, C4<0>, C4<0>;
L_0x55d91d9dbc70 .functor BUFZ 1, L_0x55d91da337f0, C4<0>, C4<0>, C4<0>;
L_0x55d91d9dbfb0 .functor BUFZ 1, L_0x55d91da33920, C4<0>, C4<0>, C4<0>;
v0x55d91d9e74b0_0 .var "S~0", 0 0;
v0x55d91d9e7820_0 .var "S~1", 0 0;
v0x55d91d9e7b90_0 .var "S~10", 0 0;
v0x55d91d9e7f00_0 .var "S~11", 0 0;
v0x55d91d9e8270_0 .var "S~12", 0 0;
v0x55d91d9e85e0_0 .var "S~13", 0 0;
v0x55d91d9e8950_0 .var "S~14", 0 0;
v0x55d91d9fa2a0_0 .var "S~15", 0 0;
v0x55d91d9fa360_0 .var "S~16", 0 0;
v0x55d91d9fa420_0 .var "S~2", 0 0;
v0x55d91d9fa4e0_0 .var "S~3", 0 0;
v0x55d91d9fa5a0_0 .var "S~4", 0 0;
v0x55d91d9fa660_0 .var "S~5", 0 0;
v0x55d91d9fa720_0 .var "S~6", 0 0;
v0x55d91d9fa7e0_0 .var "S~7", 0 0;
v0x55d91d9fa8a0_0 .var "S~8", 0 0;
v0x55d91d9fa960_0 .var "S~9", 0 0;
v0x55d91d9faa20_0 .net "X~0", 0 0, L_0x55d91da33920;  1 drivers
v0x55d91d9faae0_0 .net "X~1", 0 0, L_0x55d91da337f0;  1 drivers
v0x55d91d9faba0_0 .net "X~10", 0 0, L_0x55d91da32cd0;  1 drivers
v0x55d91d9fac60_0 .net "X~11", 0 0, L_0x55d91da329b0;  1 drivers
v0x55d91d9fad20_0 .net "X~12", 0 0, L_0x55d91da32af0;  1 drivers
v0x55d91d9fade0_0 .net "X~13", 0 0, L_0x55d91da32a50;  1 drivers
v0x55d91d9faea0_0 .net "X~14", 0 0, L_0x55d91da32910;  1 drivers
v0x55d91d9faf60_0 .net "X~15", 0 0, L_0x55d91da327e0;  1 drivers
v0x55d91d9fb020_0 .net "X~2", 0 0, L_0x55d91da33650;  1 drivers
v0x55d91d9fb0e0_0 .net "X~3", 0 0, L_0x55d91da335b0;  1 drivers
v0x55d91d9fb1a0_0 .net "X~4", 0 0, L_0x55d91da33420;  1 drivers
v0x55d91d9fb260_0 .net "X~5", 0 0, L_0x55d91da33380;  1 drivers
v0x55d91d9fb320_0 .net "X~6", 0 0, L_0x55d91da33200;  1 drivers
v0x55d91d9fb3e0_0 .net "X~7", 0 0, L_0x55d91da33160;  1 drivers
v0x55d91d9fb4a0_0 .net "X~8", 0 0, L_0x55d91da32ff0;  1 drivers
v0x55d91d9fb560_0 .net "X~9", 0 0, L_0x55d91da32ec0;  1 drivers
v0x55d91d9fb830_0 .net "Y~0", 0 0, L_0x55d91da326b0;  1 drivers
v0x55d91d9fb8f0_0 .net "Y~1", 0 0, L_0x55d91da32610;  1 drivers
v0x55d91d9fb9b0_0 .net "Y~10", 0 0, L_0x55d91da31db0;  1 drivers
v0x55d91d9fba70_0 .net "Y~11", 0 0, L_0x55d91da31d10;  1 drivers
v0x55d91d9fbb30_0 .net "Y~12", 0 0, L_0x55d91da31b50;  1 drivers
v0x55d91d9fbbf0_0 .net "Y~13", 0 0, L_0x55d91da31ab0;  1 drivers
v0x55d91d9fbcb0_0 .net "Y~14", 0 0, L_0x55d91da31a10;  1 drivers
v0x55d91d9fbd70_0 .net "Y~15", 0 0, L_0x55d91da310c0;  1 drivers
v0x55d91d9fbe30_0 .net "Y~2", 0 0, L_0x55d91da324f0;  1 drivers
v0x55d91d9fbef0_0 .net "Y~3", 0 0, L_0x55d91da32450;  1 drivers
v0x55d91d9fbfb0_0 .net "Y~4", 0 0, L_0x55d91da32340;  1 drivers
v0x55d91d9fc070_0 .net "Y~5", 0 0, L_0x55d91da322a0;  1 drivers
v0x55d91d9fc130_0 .net "Y~6", 0 0, L_0x55d91da321a0;  1 drivers
v0x55d91d9fc1f0_0 .net "Y~7", 0 0, L_0x55d91da32100;  1 drivers
v0x55d91d9fc2b0_0 .net "Y~8", 0 0, L_0x55d91da32010;  1 drivers
v0x55d91d9fc370_0 .net "Y~9", 0 0, L_0x55d91da31ee0;  1 drivers
L_0x7fa76bbb2018 .functor BUFT 1, C4<0001011101110111>, C4<0>, C4<0>, C4<0>;
v0x55d91d9fc430_0 .net/2u *"_ivl_0", 15 0, L_0x7fa76bbb2018;  1 drivers
v0x55d91d9fc510_0 .net *"_ivl_10", 5 0, L_0x55d91da1bf50;  1 drivers
v0x55d91d9fc5f0_0 .net *"_ivl_100", 15 0, L_0x55d91da1f200;  1 drivers
L_0x7fa76bbb23c0 .functor BUFT 1, C4<0110>, C4<0>, C4<0>, C4<0>;
v0x55d91d9fc6d0_0 .net/2u *"_ivl_104", 3 0, L_0x7fa76bbb23c0;  1 drivers
v0x55d91d9fc7b0_0 .net *"_ivl_106", 1 0, L_0x55d91da1f4d0;  1 drivers
v0x55d91d9fc890_0 .net *"_ivl_108", 3 0, L_0x55d91da1f6c0;  1 drivers
L_0x7fa76bbb2408 .functor BUFT 1, C4<00010100>, C4<0>, C4<0>, C4<0>;
v0x55d91d9fc970_0 .net/2u *"_ivl_112", 7 0, L_0x7fa76bbb2408;  1 drivers
v0x55d91d9fca50_0 .net *"_ivl_114", 2 0, L_0x55d91da1faa0;  1 drivers
v0x55d91d9fcb30_0 .net *"_ivl_116", 7 0, L_0x55d91da1fb40;  1 drivers
v0x55d91d9fcc10_0 .net *"_ivl_12", 63 0, L_0x55d91da1c190;  1 drivers
L_0x7fa76bbb2450 .functor BUFT 1, C4<0001>, C4<0>, C4<0>, C4<0>;
v0x55d91d9fccf0_0 .net/2u *"_ivl_120", 3 0, L_0x7fa76bbb2450;  1 drivers
v0x55d91d9fcdd0_0 .net *"_ivl_122", 1 0, L_0x55d91da1fee0;  1 drivers
v0x55d91d9fceb0_0 .net *"_ivl_124", 3 0, L_0x55d91da20130;  1 drivers
L_0x7fa76bbb2498 .functor BUFT 1, C4<1111111100000000111000000000000011111111000000001111111100000000>, C4<0>, C4<0>, C4<0>;
v0x55d91d9fcf90_0 .net/2u *"_ivl_128", 63 0, L_0x7fa76bbb2498;  1 drivers
v0x55d91d9fd070_0 .net *"_ivl_130", 5 0, L_0x55d91da20570;  1 drivers
v0x55d91d9fd150_0 .net *"_ivl_132", 63 0, L_0x55d91da20610;  1 drivers
L_0x7fa76bbb24e0 .functor BUFT 1, C4<0000011101110111>, C4<0>, C4<0>, C4<0>;
v0x55d91d9fd640_0 .net/2u *"_ivl_136", 15 0, L_0x7fa76bbb24e0;  1 drivers
v0x55d91d9fd720_0 .net *"_ivl_138", 3 0, L_0x55d91da20a30;  1 drivers
v0x55d91d9fd800_0 .net *"_ivl_140", 15 0, L_0x55d91da20db0;  1 drivers
L_0x7fa76bbb2528 .functor BUFT 1, C4<0001>, C4<0>, C4<0>, C4<0>;
v0x55d91d9fd8e0_0 .net/2u *"_ivl_144", 3 0, L_0x7fa76bbb2528;  1 drivers
v0x55d91d9fd9c0_0 .net *"_ivl_146", 1 0, L_0x55d91da21150;  1 drivers
v0x55d91d9fdaa0_0 .net *"_ivl_148", 3 0, L_0x55d91da211f0;  1 drivers
L_0x7fa76bbb2570 .functor BUFT 1, C4<0110>, C4<0>, C4<0>, C4<0>;
v0x55d91d9fdb80_0 .net/2u *"_ivl_152", 3 0, L_0x7fa76bbb2570;  1 drivers
v0x55d91d9fdc60_0 .net *"_ivl_154", 1 0, L_0x55d91da21640;  1 drivers
v0x55d91d9fdd40_0 .net *"_ivl_156", 3 0, L_0x55d91da218c0;  1 drivers
L_0x7fa76bbb20a8 .functor BUFT 1, C4<00000000001010110000000011010100>, C4<0>, C4<0>, C4<0>;
v0x55d91d9fde20_0 .net/2u *"_ivl_16", 31 0, L_0x7fa76bbb20a8;  1 drivers
L_0x7fa76bbb25b8 .functor BUFT 1, C4<0000000000000000111111110111000000000000000000000000000010001111>, C4<0>, C4<0>, C4<0>;
v0x55d91d9fdf00_0 .net/2u *"_ivl_160", 63 0, L_0x7fa76bbb25b8;  1 drivers
v0x55d91d9fdfe0_0 .net *"_ivl_162", 5 0, L_0x55d91da21d30;  1 drivers
v0x55d91d9fe0c0_0 .net *"_ivl_164", 63 0, L_0x55d91da21dd0;  1 drivers
L_0x7fa76bbb2600 .functor BUFT 1, C4<00000111>, C4<0>, C4<0>, C4<0>;
v0x55d91d9fe1a0_0 .net/2u *"_ivl_168", 7 0, L_0x7fa76bbb2600;  1 drivers
v0x55d91d9fe280_0 .net *"_ivl_170", 2 0, L_0x55d91da22200;  1 drivers
v0x55d91d9fe360_0 .net *"_ivl_172", 7 0, L_0x55d91da22600;  1 drivers
L_0x7fa76bbb2648 .functor BUFT 1, C4<1000>, C4<0>, C4<0>, C4<0>;
v0x55d91d9fe440_0 .net/2u *"_ivl_176", 3 0, L_0x7fa76bbb2648;  1 drivers
v0x55d91d9fe520_0 .net *"_ivl_178", 1 0, L_0x55d91da22a30;  1 drivers
v0x55d91d9fe600_0 .net *"_ivl_18", 4 0, L_0x55d91da1c400;  1 drivers
v0x55d91d9fe6e0_0 .net *"_ivl_180", 3 0, L_0x55d91da22b70;  1 drivers
L_0x7fa76bbb2690 .functor BUFT 1, C4<0001>, C4<0>, C4<0>, C4<0>;
v0x55d91d9fe7c0_0 .net/2u *"_ivl_184", 3 0, L_0x7fa76bbb2690;  1 drivers
v0x55d91d9fe8a0_0 .net *"_ivl_186", 1 0, L_0x55d91da23020;  1 drivers
v0x55d91d9fe980_0 .net *"_ivl_188", 3 0, L_0x55d91da23300;  1 drivers
L_0x7fa76bbb26d8 .functor BUFT 1, C4<0110>, C4<0>, C4<0>, C4<0>;
v0x55d91d9fea60_0 .net/2u *"_ivl_192", 3 0, L_0x7fa76bbb26d8;  1 drivers
v0x55d91d9feb40_0 .net *"_ivl_194", 1 0, L_0x55d91da237d0;  1 drivers
v0x55d91d9fec20_0 .net *"_ivl_196", 3 0, L_0x55d91da23870;  1 drivers
v0x55d91d9fed00_0 .net *"_ivl_2", 3 0, L_0x55d91da1bb90;  1 drivers
v0x55d91d9fede0_0 .net *"_ivl_20", 31 0, L_0x55d91da1c540;  1 drivers
L_0x7fa76bbb2720 .functor BUFT 1, C4<00000000011100010000000010001110>, C4<0>, C4<0>, C4<0>;
v0x55d91d9feec0_0 .net/2u *"_ivl_200", 31 0, L_0x7fa76bbb2720;  1 drivers
v0x55d91d9fefa0_0 .net *"_ivl_202", 4 0, L_0x55d91da23d50;  1 drivers
v0x55d91d9ff080_0 .net *"_ivl_204", 31 0, L_0x55d91da24190;  1 drivers
L_0x7fa76bbb2768 .functor BUFT 1, C4<0110>, C4<0>, C4<0>, C4<0>;
v0x55d91d9ff160_0 .net/2u *"_ivl_208", 3 0, L_0x7fa76bbb2768;  1 drivers
v0x55d91d9ff240_0 .net *"_ivl_210", 1 0, L_0x55d91da24640;  1 drivers
v0x55d91d9ff320_0 .net *"_ivl_212", 3 0, L_0x55d91da246e0;  1 drivers
L_0x7fa76bbb27b0 .functor BUFT 1, C4<0000111000000001>, C4<0>, C4<0>, C4<0>;
v0x55d91d9ff400_0 .net/2u *"_ivl_216", 15 0, L_0x7fa76bbb27b0;  1 drivers
v0x55d91d9ff4e0_0 .net *"_ivl_218", 3 0, L_0x55d91da24bf0;  1 drivers
v0x55d91d9ff5c0_0 .net *"_ivl_220", 15 0, L_0x55d91da24f30;  1 drivers
L_0x7fa76bbb27f8 .functor BUFT 1, C4<1111111100000000011100000000000011111111000000001111111100000000>, C4<0>, C4<0>, C4<0>;
v0x55d91d9ff6a0_0 .net/2u *"_ivl_224", 63 0, L_0x7fa76bbb27f8;  1 drivers
v0x55d91d9ff780_0 .net *"_ivl_226", 5 0, L_0x55d91da25410;  1 drivers
v0x55d91d9ff860_0 .net *"_ivl_228", 63 0, L_0x55d91da255b0;  1 drivers
L_0x7fa76bbb2840 .functor BUFT 1, C4<0001>, C4<0>, C4<0>, C4<0>;
v0x55d91d9ff940_0 .net/2u *"_ivl_232", 3 0, L_0x7fa76bbb2840;  1 drivers
v0x55d91d9ffa20_0 .net *"_ivl_234", 1 0, L_0x55d91da25a80;  1 drivers
v0x55d91d9ffb00_0 .net *"_ivl_236", 3 0, L_0x55d91da25df0;  1 drivers
L_0x7fa76bbb20f0 .functor BUFT 1, C4<0110>, C4<0>, C4<0>, C4<0>;
v0x55d91d9ffbe0_0 .net/2u *"_ivl_24", 3 0, L_0x7fa76bbb20f0;  1 drivers
L_0x7fa76bbb2888 .functor BUFT 1, C4<1000>, C4<0>, C4<0>, C4<0>;
v0x55d91d9ffcc0_0 .net/2u *"_ivl_240", 3 0, L_0x7fa76bbb2888;  1 drivers
v0x55d91d9ffda0_0 .net *"_ivl_242", 1 0, L_0x55d91da26380;  1 drivers
v0x55d91d9ffe80_0 .net *"_ivl_244", 3 0, L_0x55d91da26420;  1 drivers
L_0x7fa76bbb28d0 .functor BUFT 1, C4<1000>, C4<0>, C4<0>, C4<0>;
v0x55d91d9fff60_0 .net/2u *"_ivl_248", 3 0, L_0x7fa76bbb28d0;  1 drivers
v0x55d91da00040_0 .net *"_ivl_250", 1 0, L_0x55d91da26990;  1 drivers
v0x55d91da00120_0 .net *"_ivl_252", 3 0, L_0x55d91da26dd0;  1 drivers
L_0x7fa76bbb2918 .functor BUFT 1, C4<0001>, C4<0>, C4<0>, C4<0>;
v0x55d91da00200_0 .net/2u *"_ivl_256", 3 0, L_0x7fa76bbb2918;  1 drivers
v0x55d91da002e0_0 .net *"_ivl_258", 1 0, L_0x55d91da27360;  1 drivers
v0x55d91da003c0_0 .net *"_ivl_26", 1 0, L_0x55d91da1c7c0;  1 drivers
v0x55d91da004a0_0 .net *"_ivl_260", 3 0, L_0x55d91da27400;  1 drivers
L_0x7fa76bbb2960 .functor BUFT 1, C4<0110>, C4<0>, C4<0>, C4<0>;
v0x55d91da00580_0 .net/2u *"_ivl_264", 3 0, L_0x7fa76bbb2960;  1 drivers
v0x55d91da00660_0 .net *"_ivl_266", 1 0, L_0x55d91da279a0;  1 drivers
v0x55d91da00740_0 .net *"_ivl_268", 3 0, L_0x55d91da27d70;  1 drivers
L_0x7fa76bbb29a8 .functor BUFT 1, C4<00000000111101000000000000001011>, C4<0>, C4<0>, C4<0>;
v0x55d91da00820_0 .net/2u *"_ivl_272", 31 0, L_0x7fa76bbb29a8;  1 drivers
v0x55d91da00900_0 .net *"_ivl_274", 4 0, L_0x55d91da28330;  1 drivers
v0x55d91da009e0_0 .net *"_ivl_276", 31 0, L_0x55d91da28410;  1 drivers
v0x55d91da00ac0_0 .net *"_ivl_28", 3 0, L_0x55d91da1c920;  1 drivers
L_0x7fa76bbb29f0 .functor BUFT 1, C4<0000000000000000000100001111111100000000000000000000000000000000>, C4<0>, C4<0>, C4<0>;
v0x55d91da00ba0_0 .net/2u *"_ivl_280", 63 0, L_0x7fa76bbb29f0;  1 drivers
v0x55d91da00c80_0 .net *"_ivl_282", 5 0, L_0x55d91da28990;  1 drivers
v0x55d91da00d60_0 .net *"_ivl_284", 63 0, L_0x55d91da28e00;  1 drivers
L_0x7fa76bbb2a38 .functor BUFT 1, C4<0001>, C4<0>, C4<0>, C4<0>;
v0x55d91da01650_0 .net/2u *"_ivl_288", 3 0, L_0x7fa76bbb2a38;  1 drivers
v0x55d91da01730_0 .net *"_ivl_290", 1 0, L_0x55d91da29420;  1 drivers
v0x55d91da01810_0 .net *"_ivl_292", 3 0, L_0x55d91da294c0;  1 drivers
L_0x7fa76bbb2a80 .functor BUFT 1, C4<0001>, C4<0>, C4<0>, C4<0>;
v0x55d91da018f0_0 .net/2u *"_ivl_296", 3 0, L_0x7fa76bbb2a80;  1 drivers
v0x55d91da019d0_0 .net *"_ivl_298", 1 0, L_0x55d91da29ac0;  1 drivers
v0x55d91da01ab0_0 .net *"_ivl_300", 3 0, L_0x55d91da2a010;  1 drivers
L_0x7fa76bbb2ac8 .functor BUFT 1, C4<0001>, C4<0>, C4<0>, C4<0>;
v0x55d91da01b90_0 .net/2u *"_ivl_304", 3 0, L_0x7fa76bbb2ac8;  1 drivers
v0x55d91da01c70_0 .net *"_ivl_306", 1 0, L_0x55d91da2a590;  1 drivers
v0x55d91da01d50_0 .net *"_ivl_308", 3 0, L_0x55d91da2a630;  1 drivers
L_0x7fa76bbb2b10 .functor BUFT 1, C4<1000>, C4<0>, C4<0>, C4<0>;
v0x55d91da01e30_0 .net/2u *"_ivl_312", 3 0, L_0x7fa76bbb2b10;  1 drivers
v0x55d91da01f10_0 .net *"_ivl_314", 1 0, L_0x55d91da2ac60;  1 drivers
v0x55d91da01ff0_0 .net *"_ivl_316", 3 0, L_0x55d91da2b160;  1 drivers
L_0x7fa76bbb2138 .functor BUFT 1, C4<0000000000000000111111111110000000000000000000000000000000011111>, C4<0>, C4<0>, C4<0>;
v0x55d91da020d0_0 .net/2u *"_ivl_32", 63 0, L_0x7fa76bbb2138;  1 drivers
L_0x7fa76bbb2b58 .functor BUFT 1, C4<0001>, C4<0>, C4<0>, C4<0>;
v0x55d91da021b0_0 .net/2u *"_ivl_320", 3 0, L_0x7fa76bbb2b58;  1 drivers
v0x55d91da02290_0 .net *"_ivl_322", 1 0, L_0x55d91da2b7b0;  1 drivers
v0x55d91da02370_0 .net *"_ivl_324", 3 0, L_0x55d91da2b850;  1 drivers
L_0x7fa76bbb2ba0 .functor BUFT 1, C4<0110>, C4<0>, C4<0>, C4<0>;
v0x55d91da02450_0 .net/2u *"_ivl_328", 3 0, L_0x7fa76bbb2ba0;  1 drivers
v0x55d91da02530_0 .net *"_ivl_330", 1 0, L_0x55d91da2beb0;  1 drivers
v0x55d91da02610_0 .net *"_ivl_332", 3 0, L_0x55d91da2c340;  1 drivers
L_0x7fa76bbb2be8 .functor BUFT 1, C4<00000000011100010000000010001110>, C4<0>, C4<0>, C4<0>;
v0x55d91da026f0_0 .net/2u *"_ivl_336", 31 0, L_0x7fa76bbb2be8;  1 drivers
v0x55d91da027d0_0 .net *"_ivl_338", 4 0, L_0x55d91da2c9c0;  1 drivers
v0x55d91da028b0_0 .net *"_ivl_34", 5 0, L_0x55d91da1cc40;  1 drivers
v0x55d91da02990_0 .net *"_ivl_340", 31 0, L_0x55d91da2cab0;  1 drivers
L_0x7fa76bbb2c30 .functor BUFT 1, C4<0110>, C4<0>, C4<0>, C4<0>;
v0x55d91da02a70_0 .net/2u *"_ivl_344", 3 0, L_0x7fa76bbb2c30;  1 drivers
v0x55d91da02b50_0 .net *"_ivl_346", 1 0, L_0x55d91da2d0f0;  1 drivers
v0x55d91da02c30_0 .net *"_ivl_348", 3 0, L_0x55d91da2d5b0;  1 drivers
L_0x7fa76bbb2c78 .functor BUFT 1, C4<00010100>, C4<0>, C4<0>, C4<0>;
v0x55d91da02d10_0 .net/2u *"_ivl_352", 7 0, L_0x7fa76bbb2c78;  1 drivers
v0x55d91da02df0_0 .net *"_ivl_354", 2 0, L_0x55d91da2d190;  1 drivers
v0x55d91da02ed0_0 .net *"_ivl_356", 7 0, L_0x55d91da2d230;  1 drivers
v0x55d91da02fb0_0 .net *"_ivl_36", 63 0, L_0x55d91da1cd10;  1 drivers
L_0x7fa76bbb2cc0 .functor BUFT 1, C4<0000111110111111000011110000111100001111000011110000111100001111>, C4<0>, C4<0>, C4<0>;
v0x55d91da03090_0 .net/2u *"_ivl_360", 63 0, L_0x7fa76bbb2cc0;  1 drivers
v0x55d91da03170_0 .net *"_ivl_362", 5 0, L_0x55d91da2d460;  1 drivers
v0x55d91da03250_0 .net *"_ivl_364", 63 0, L_0x55d91da2dc80;  1 drivers
L_0x7fa76bbb2d08 .functor BUFT 1, C4<0001011101110111>, C4<0>, C4<0>, C4<0>;
v0x55d91da03330_0 .net/2u *"_ivl_368", 15 0, L_0x7fa76bbb2d08;  1 drivers
v0x55d91da03410_0 .net *"_ivl_370", 3 0, L_0x55d91da2d830;  1 drivers
v0x55d91da034f0_0 .net *"_ivl_372", 15 0, L_0x55d91da2d970;  1 drivers
L_0x7fa76bbb2d50 .functor BUFT 1, C4<0110>, C4<0>, C4<0>, C4<0>;
v0x55d91da035d0_0 .net/2u *"_ivl_376", 3 0, L_0x7fa76bbb2d50;  1 drivers
v0x55d91da036b0_0 .net *"_ivl_378", 1 0, L_0x55d91da2e320;  1 drivers
v0x55d91da03790_0 .net *"_ivl_380", 3 0, L_0x55d91da2deb0;  1 drivers
L_0x7fa76bbb2d98 .functor BUFT 1, C4<00000000111101000000000000001011>, C4<0>, C4<0>, C4<0>;
v0x55d91da03870_0 .net/2u *"_ivl_384", 31 0, L_0x7fa76bbb2d98;  1 drivers
v0x55d91da03950_0 .net *"_ivl_386", 4 0, L_0x55d91da2e130;  1 drivers
v0x55d91da03a30_0 .net *"_ivl_388", 31 0, L_0x55d91da2e210;  1 drivers
L_0x7fa76bbb2de0 .functor BUFT 1, C4<0000000000000000000100001111111100000000000000000000000000000000>, C4<0>, C4<0>, C4<0>;
v0x55d91da03b10_0 .net/2u *"_ivl_392", 63 0, L_0x7fa76bbb2de0;  1 drivers
v0x55d91da03bf0_0 .net *"_ivl_394", 5 0, L_0x55d91da2e950;  1 drivers
v0x55d91da03cd0_0 .net *"_ivl_396", 63 0, L_0x55d91da2e3c0;  1 drivers
v0x55d91da03db0_0 .net *"_ivl_4", 15 0, L_0x55d91da1bcf0;  1 drivers
L_0x7fa76bbb2180 .functor BUFT 1, C4<0001>, C4<0>, C4<0>, C4<0>;
v0x55d91da03e90_0 .net/2u *"_ivl_40", 3 0, L_0x7fa76bbb2180;  1 drivers
L_0x7fa76bbb2e28 .functor BUFT 1, C4<00000111>, C4<0>, C4<0>, C4<0>;
v0x55d91da03f70_0 .net/2u *"_ivl_400", 7 0, L_0x7fa76bbb2e28;  1 drivers
v0x55d91da04050_0 .net *"_ivl_402", 2 0, L_0x55d91da2e620;  1 drivers
v0x55d91da04130_0 .net *"_ivl_404", 7 0, L_0x55d91da2efa0;  1 drivers
L_0x7fa76bbb2e70 .functor BUFT 1, C4<0001>, C4<0>, C4<0>, C4<0>;
v0x55d91da04210_0 .net/2u *"_ivl_408", 3 0, L_0x7fa76bbb2e70;  1 drivers
v0x55d91da042f0_0 .net *"_ivl_410", 1 0, L_0x55d91da2ec20;  1 drivers
v0x55d91da043d0_0 .net *"_ivl_412", 3 0, L_0x55d91da2ecc0;  1 drivers
L_0x7fa76bbb2eb8 .functor BUFT 1, C4<0001>, C4<0>, C4<0>, C4<0>;
v0x55d91da044b0_0 .net/2u *"_ivl_416", 3 0, L_0x7fa76bbb2eb8;  1 drivers
v0x55d91da04590_0 .net *"_ivl_418", 1 0, L_0x55d91da2f530;  1 drivers
v0x55d91da04670_0 .net *"_ivl_42", 1 0, L_0x55d91da1cff0;  1 drivers
v0x55d91da04750_0 .net *"_ivl_420", 3 0, L_0x55d91da2f5d0;  1 drivers
L_0x7fa76bbb2f00 .functor BUFT 1, C4<0110>, C4<0>, C4<0>, C4<0>;
v0x55d91da04830_0 .net/2u *"_ivl_424", 3 0, L_0x7fa76bbb2f00;  1 drivers
v0x55d91da04910_0 .net *"_ivl_426", 1 0, L_0x55d91da2f180;  1 drivers
v0x55d91da049f0_0 .net *"_ivl_428", 3 0, L_0x55d91da2f220;  1 drivers
L_0x7fa76bbb2f48 .functor BUFT 1, C4<0000011101110111>, C4<0>, C4<0>, C4<0>;
v0x55d91da04ad0_0 .net/2u *"_ivl_432", 15 0, L_0x7fa76bbb2f48;  1 drivers
v0x55d91da04bb0_0 .net *"_ivl_434", 3 0, L_0x55d91da2fc30;  1 drivers
v0x55d91da04c90_0 .net *"_ivl_436", 15 0, L_0x55d91da2fcd0;  1 drivers
v0x55d91da04d70_0 .net *"_ivl_44", 3 0, L_0x55d91da1d1c0;  1 drivers
L_0x7fa76bbb2f90 .functor BUFT 1, C4<0000000000000000111111110111000000000000000000000000000010001111>, C4<0>, C4<0>, C4<0>;
v0x55d91da04e50_0 .net/2u *"_ivl_440", 63 0, L_0x7fa76bbb2f90;  1 drivers
v0x55d91da04f30_0 .net *"_ivl_442", 5 0, L_0x55d91da2f850;  1 drivers
v0x55d91da05010_0 .net *"_ivl_444", 63 0, L_0x55d91da2f8f0;  1 drivers
L_0x7fa76bbb2fd8 .functor BUFT 1, C4<0001>, C4<0>, C4<0>, C4<0>;
v0x55d91da050f0_0 .net/2u *"_ivl_448", 3 0, L_0x7fa76bbb2fd8;  1 drivers
v0x55d91da051d0_0 .net *"_ivl_450", 1 0, L_0x55d91da2fb20;  1 drivers
v0x55d91da052b0_0 .net *"_ivl_452", 3 0, L_0x55d91da30360;  1 drivers
L_0x7fa76bbb3020 .functor BUFT 1, C4<0110>, C4<0>, C4<0>, C4<0>;
v0x55d91da05390_0 .net/2u *"_ivl_456", 3 0, L_0x7fa76bbb3020;  1 drivers
v0x55d91da05470_0 .net *"_ivl_458", 1 0, L_0x55d91da2ff00;  1 drivers
v0x55d91da05550_0 .net *"_ivl_460", 3 0, L_0x55d91da2ffa0;  1 drivers
L_0x7fa76bbb3068 .functor BUFT 1, C4<0000011101110111>, C4<0>, C4<0>, C4<0>;
v0x55d91da05630_0 .net/2u *"_ivl_464", 15 0, L_0x7fa76bbb3068;  1 drivers
v0x55d91da05710_0 .net *"_ivl_466", 3 0, L_0x55d91da30220;  1 drivers
v0x55d91da057f0_0 .net *"_ivl_468", 15 0, L_0x55d91da30b40;  1 drivers
L_0x7fa76bbb30b0 .functor BUFT 1, C4<0000111110111111000011110000111100000000000000000000000000000000>, C4<0>, C4<0>, C4<0>;
v0x55d91da058d0_0 .net/2u *"_ivl_472", 63 0, L_0x7fa76bbb30b0;  1 drivers
v0x55d91da059b0_0 .net *"_ivl_474", 5 0, L_0x55d91da305e0;  1 drivers
v0x55d91da05a90_0 .net *"_ivl_476", 63 0, L_0x55d91da306c0;  1 drivers
L_0x7fa76bbb21c8 .functor BUFT 1, C4<0001>, C4<0>, C4<0>, C4<0>;
v0x55d91da05b70_0 .net/2u *"_ivl_48", 3 0, L_0x7fa76bbb21c8;  1 drivers
L_0x7fa76bbb30f8 .functor BUFT 1, C4<0000011101110111>, C4<0>, C4<0>, C4<0>;
v0x55d91da05c50_0 .net/2u *"_ivl_480", 15 0, L_0x7fa76bbb30f8;  1 drivers
v0x55d91da05d30_0 .net *"_ivl_482", 3 0, L_0x55d91da308f0;  1 drivers
v0x55d91da05e10_0 .net *"_ivl_484", 15 0, L_0x55d91da31300;  1 drivers
L_0x7fa76bbb3140 .functor BUFT 1, C4<00001110>, C4<0>, C4<0>, C4<0>;
v0x55d91da05ef0_0 .net/2u *"_ivl_488", 7 0, L_0x7fa76bbb3140;  1 drivers
v0x55d91da05fd0_0 .net *"_ivl_490", 2 0, L_0x55d91da30d20;  1 drivers
v0x55d91da060b0_0 .net *"_ivl_492", 7 0, L_0x55d91da30dc0;  1 drivers
v0x55d91da06190_0 .net *"_ivl_50", 1 0, L_0x55d91da1d4e0;  1 drivers
v0x55d91da06270_0 .net *"_ivl_52", 3 0, L_0x55d91da1d620;  1 drivers
L_0x7fa76bbb2210 .functor BUFT 1, C4<0110>, C4<0>, C4<0>, C4<0>;
v0x55d91da06350_0 .net/2u *"_ivl_56", 3 0, L_0x7fa76bbb2210;  1 drivers
v0x55d91da06430_0 .net *"_ivl_58", 1 0, L_0x55d91da1d8b0;  1 drivers
v0x55d91da06510_0 .net *"_ivl_60", 3 0, L_0x55d91da1da10;  1 drivers
L_0x7fa76bbb2258 .functor BUFT 1, C4<0000011101110111>, C4<0>, C4<0>, C4<0>;
v0x55d91da065f0_0 .net/2u *"_ivl_64", 15 0, L_0x7fa76bbb2258;  1 drivers
v0x55d91da066d0_0 .net *"_ivl_66", 3 0, L_0x55d91da1dd60;  1 drivers
v0x55d91da067b0_0 .net *"_ivl_68", 15 0, L_0x55d91da1de00;  1 drivers
L_0x7fa76bbb22a0 .functor BUFT 1, C4<00010100>, C4<0>, C4<0>, C4<0>;
v0x55d91da06890_0 .net/2u *"_ivl_72", 7 0, L_0x7fa76bbb22a0;  1 drivers
v0x55d91da06970_0 .net *"_ivl_74", 2 0, L_0x55d91da1e110;  1 drivers
v0x55d91da06a50_0 .net *"_ivl_76", 7 0, L_0x55d91da1e2a0;  1 drivers
L_0x7fa76bbb2060 .functor BUFT 1, C4<0000000101010111000101010111111100010101011111110001010101111111>, C4<0>, C4<0>, C4<0>;
v0x55d91da06b30_0 .net/2u *"_ivl_8", 63 0, L_0x7fa76bbb2060;  1 drivers
L_0x7fa76bbb22e8 .functor BUFT 1, C4<0000000000000000000000000000000011110111011101010101010101010101>, C4<0>, C4<0>, C4<0>;
v0x55d91da06c10_0 .net/2u *"_ivl_80", 63 0, L_0x7fa76bbb22e8;  1 drivers
v0x55d91da06cf0_0 .net *"_ivl_82", 5 0, L_0x55d91da1e580;  1 drivers
v0x55d91da06dd0_0 .net *"_ivl_84", 63 0, L_0x55d91da1e800;  1 drivers
L_0x7fa76bbb2330 .functor BUFT 1, C4<0001>, C4<0>, C4<0>, C4<0>;
v0x55d91da06eb0_0 .net/2u *"_ivl_88", 3 0, L_0x7fa76bbb2330;  1 drivers
v0x55d91da06f90_0 .net *"_ivl_90", 1 0, L_0x55d91da1ead0;  1 drivers
v0x55d91da07070_0 .net *"_ivl_92", 3 0, L_0x55d91da1ed30;  1 drivers
L_0x7fa76bbb2378 .functor BUFT 1, C4<0000011101110111>, C4<0>, C4<0>, C4<0>;
v0x55d91da07150_0 .net/2u *"_ivl_96", 15 0, L_0x7fa76bbb2378;  1 drivers
v0x55d91da07230_0 .net *"_ivl_98", 3 0, L_0x55d91da1ec10;  1 drivers
v0x55d91da07310_0 .net "clk", 0 0, v0x55d91da0b660_0;  1 drivers
v0x55d91da073d0_0 .net "n104", 0 0, L_0x55d91d9dbfb0;  1 drivers
v0x55d91da07490_0 .net "n108", 0 0, L_0x55d91d9dbc70;  1 drivers
v0x55d91da07550_0 .net "n112", 0 0, L_0x55d91d9db930;  1 drivers
v0x55d91da07610_0 .net "n116", 0 0, L_0x55d91d9db5f0;  1 drivers
v0x55d91da076d0_0 .net "n120", 0 0, L_0x55d91da1c6d0;  1 drivers
v0x55d91da07790_0 .net "n124", 0 0, L_0x55d91da1cf00;  1 drivers
v0x55d91da07850_0 .net "n128", 0 0, L_0x55d91da1e390;  1 drivers
v0x55d91da07910_0 .net "n132", 0 0, L_0x55d91da1fdf0;  1 drivers
v0x55d91da079d0_0 .net "n136", 0 0, L_0x55d91da22110;  1 drivers
v0x55d91da07a90_0 .net "n140", 0 0, L_0x55d91da242d0;  1 drivers
v0x55d91da07b50_0 .net "n144", 0 0, L_0x55d91da25070;  1 drivers
v0x55d91da07c10_0 .net "n148", 0 0, L_0x55d91da288a0;  1 drivers
v0x55d91da07cd0_0 .net "n152", 0 0, L_0x55d91da2d000;  1 drivers
v0x55d91da07d90_0 .net "n156", 0 0, L_0x55d91da2d370;  1 drivers
v0x55d91da07e50_0 .net "n160", 0 0, L_0x55d91da2e860;  1 drivers
v0x55d91da07f10_0 .net "n164", 0 0, L_0x55d91da2fa30;  1 drivers
v0x55d91da07fd0_0 .net "n168", 0 0, L_0x55d91da30800;  1 drivers
v0x55d91da08090_0 .net "new_new_n108_1", 0 0, L_0x55d91da1be10;  1 drivers
v0x55d91da08150_0 .net "new_new_n110", 0 0, L_0x55d91da1c2d0;  1 drivers
v0x55d91da08210_0 .net "new_new_n112_1", 0 0, L_0x55d91da1ca40;  1 drivers
v0x55d91da082d0_0 .net "new_new_n114", 0 0, L_0x55d91da1d300;  1 drivers
v0x55d91da00e20_0 .net "new_new_n115_1", 0 0, L_0x55d91da1d440;  1 drivers
v0x55d91da00ee0_0 .net "new_new_n116_1", 0 0, L_0x55d91da1db50;  1 drivers
v0x55d91da00fa0_0 .net "new_new_n117", 0 0, L_0x55d91da1dfd0;  1 drivers
v0x55d91da01060_0 .net "new_new_n119_1", 0 0, L_0x55d91da1e9e0;  1 drivers
v0x55d91da01120_0 .net "new_new_n120_1", 0 0, L_0x55d91da1ee70;  1 drivers
v0x55d91da011e0_0 .net "new_new_n121", 0 0, L_0x55d91da1f3e0;  1 drivers
v0x55d91da012a0_0 .net "new_new_n122", 0 0, L_0x55d91da1f800;  1 drivers
v0x55d91da01360_0 .net "new_new_n124_1", 0 0, L_0x55d91da202a0;  1 drivers
v0x55d91da01420_0 .net "new_new_n125", 0 0, L_0x55d91da208f0;  1 drivers
v0x55d91da014e0_0 .net "new_new_n126", 0 0, L_0x55d91da20e50;  1 drivers
v0x55d91da09380_0 .net "new_new_n127_1", 0 0, L_0x55d91da21500;  1 drivers
v0x55d91da09420_0 .net "new_new_n128_1", 0 0, L_0x55d91da21a00;  1 drivers
v0x55d91da094c0_0 .net "new_new_n130", 0 0, L_0x55d91da226d0;  1 drivers
v0x55d91da09560_0 .net "new_new_n131_1", 0 0, L_0x55d91da22ee0;  1 drivers
v0x55d91da09620_0 .net "new_new_n132_1", 0 0, L_0x55d91da23440;  1 drivers
v0x55d91da096e0_0 .net "new_new_n133", 0 0, L_0x55d91da23c10;  1 drivers
v0x55d91da097a0_0 .net "new_new_n136_1", 0 0, L_0x55d91da24ab0;  1 drivers
v0x55d91da09860_0 .net "new_new_n138", 0 0, L_0x55d91da25940;  1 drivers
v0x55d91da09920_0 .net "new_new_n139_1", 0 0, L_0x55d91da25f60;  1 drivers
v0x55d91da099e0_0 .net "new_new_n140_1", 0 0, L_0x55d91da26850;  1 drivers
v0x55d91da09aa0_0 .net "new_new_n141", 0 0, L_0x55d91da26f10;  1 drivers
v0x55d91da09b60_0 .net "new_new_n142", 0 0, L_0x55d91da27860;  1 drivers
v0x55d91da09c20_0 .net "new_new_n143_1", 0 0, L_0x55d91da27eb0;  1 drivers
v0x55d91da09ce0_0 .net "new_new_n145", 0 0, L_0x55d91da28f70;  1 drivers
v0x55d91da09da0_0 .net "new_new_n146", 0 0, L_0x55d91da29980;  1 drivers
v0x55d91da09e60_0 .net "new_new_n147_1", 0 0, L_0x55d91da2a0b0;  1 drivers
v0x55d91da09f20_0 .net "new_new_n148_1", 0 0, L_0x55d91da2ab20;  1 drivers
v0x55d91da09fe0_0 .net "new_new_n149", 0 0, L_0x55d91da2b2a0;  1 drivers
v0x55d91da0a0a0_0 .net "new_new_n150", 0 0, L_0x55d91da2bd70;  1 drivers
v0x55d91da0a160_0 .net "new_new_n151_1", 0 0, L_0x55d91da2c480;  1 drivers
v0x55d91da0a220_0 .net "new_new_n154", 0 0, L_0x55d91da2d6f0;  1 drivers
v0x55d91da0a2e0_0 .net "new_new_n156", 0 0, L_0x55d91da2dd70;  1 drivers
v0x55d91da0a3a0_0 .net "new_new_n157", 0 0, L_0x55d91da2dab0;  1 drivers
v0x55d91da0a460_0 .net "new_new_n158", 0 0, L_0x55d91da2dff0;  1 drivers
v0x55d91da0a520_0 .net "new_new_n160", 0 0, L_0x55d91da2e4e0;  1 drivers
v0x55d91da0a5e0_0 .net "new_new_n161", 0 0, L_0x55d91da2eae0;  1 drivers
v0x55d91da0a6a0_0 .net "new_new_n162", 0 0, L_0x55d91da2ee00;  1 drivers
v0x55d91da0a760_0 .net "new_new_n163", 0 0, L_0x55d91da2f040;  1 drivers
v0x55d91da0a820_0 .net "new_new_n164", 0 0, L_0x55d91da2f360;  1 drivers
v0x55d91da0a8e0_0 .net "new_new_n165", 0 0, L_0x55d91da2f710;  1 drivers
v0x55d91da0a9a0_0 .net "new_new_n167", 0 0, L_0x55d91da2fdc0;  1 drivers
v0x55d91da0aa60_0 .net "new_new_n168", 0 0, L_0x55d91da300e0;  1 drivers
v0x55d91da0ab20_0 .net "new_new_n169", 0 0, L_0x55d91da304a0;  1 drivers
v0x55d91da0abe0_0 .net "new_new_n171", 0 0, L_0x55d91da30be0;  1 drivers
v0x55d91da0aca0_0 .net "new_new_n172", 0 0, L_0x55d91da30f00;  1 drivers
v0x55d91da0ad60_0 .net "rst", 0 0, v0x55d91da0ba00_0;  1 drivers
E_0x55d91d984c10 .event posedge, v0x55d91da07310_0;
L_0x55d91da1bb90 .concat [ 1 1 1 1], L_0x55d91da32610, L_0x55d91da337f0, L_0x55d91da326b0, L_0x55d91da33920;
L_0x55d91da1bcf0 .shift/r 16, L_0x7fa76bbb2018, L_0x55d91da1bb90;
L_0x55d91da1be10 .part L_0x55d91da1bcf0, 0, 1;
LS_0x55d91da1bf50_0_0 .concat [ 1 1 1 1], L_0x55d91da324f0, L_0x55d91da32610, L_0x55d91da337f0, L_0x55d91da33650;
LS_0x55d91da1bf50_0_4 .concat [ 1 1 0 0], L_0x55d91da326b0, L_0x55d91da33920;
L_0x55d91da1bf50 .concat [ 4 2 0 0], LS_0x55d91da1bf50_0_0, LS_0x55d91da1bf50_0_4;
L_0x55d91da1c190 .shift/r 64, L_0x7fa76bbb2060, L_0x55d91da1bf50;
L_0x55d91da1c2d0 .part L_0x55d91da1c190, 0, 1;
LS_0x55d91da1c400_0_0 .concat [ 1 1 1 1], L_0x55d91da1c2d0, L_0x55d91da32450, L_0x55d91da335b0, v0x55d91da0ba00_0;
LS_0x55d91da1c400_0_4 .concat [ 1 0 0 0], L_0x55d91da1ca40;
L_0x55d91da1c400 .concat [ 4 1 0 0], LS_0x55d91da1c400_0_0, LS_0x55d91da1c400_0_4;
L_0x55d91da1c540 .shift/r 32, L_0x7fa76bbb20a8, L_0x55d91da1c400;
L_0x55d91da1c6d0 .part L_0x55d91da1c540, 0, 1;
L_0x55d91da1c7c0 .concat [ 1 1 0 0], L_0x55d91da32340, L_0x55d91da33420;
L_0x55d91da1c920 .shift/r 4, L_0x7fa76bbb20f0, L_0x55d91da1c7c0;
L_0x55d91da1ca40 .part L_0x55d91da1c920, 0, 1;
LS_0x55d91da1cc40_0_0 .concat [ 1 1 1 1], L_0x55d91da1c2d0, L_0x55d91da1d300, L_0x55d91da1dfd0, L_0x55d91da1d440;
LS_0x55d91da1cc40_0_4 .concat [ 1 1 0 0], v0x55d91da0ba00_0, L_0x55d91da1db50;
L_0x55d91da1cc40 .concat [ 4 2 0 0], LS_0x55d91da1cc40_0_0, LS_0x55d91da1cc40_0_4;
L_0x55d91da1cd10 .shift/r 64, L_0x7fa76bbb2138, L_0x55d91da1cc40;
L_0x55d91da1cf00 .part L_0x55d91da1cd10, 0, 1;
L_0x55d91da1cff0 .concat [ 1 1 0 0], L_0x55d91da32450, L_0x55d91da335b0;
L_0x55d91da1d1c0 .shift/r 4, L_0x7fa76bbb2180, L_0x55d91da1cff0;
L_0x55d91da1d300 .part L_0x55d91da1d1c0, 0, 1;
L_0x55d91da1d4e0 .concat [ 1 1 0 0], L_0x55d91da32340, L_0x55d91da33420;
L_0x55d91da1d620 .shift/r 4, L_0x7fa76bbb21c8, L_0x55d91da1d4e0;
L_0x55d91da1d440 .part L_0x55d91da1d620, 0, 1;
L_0x55d91da1d8b0 .concat [ 1 1 0 0], L_0x55d91da322a0, L_0x55d91da33380;
L_0x55d91da1da10 .shift/r 4, L_0x7fa76bbb2210, L_0x55d91da1d8b0;
L_0x55d91da1db50 .part L_0x55d91da1da10, 0, 1;
L_0x55d91da1dd60 .concat [ 1 1 1 1], L_0x55d91da32340, L_0x55d91da33420, L_0x55d91da32450, L_0x55d91da335b0;
L_0x55d91da1de00 .shift/r 16, L_0x7fa76bbb2258, L_0x55d91da1dd60;
L_0x55d91da1dfd0 .part L_0x55d91da1de00, 0, 1;
L_0x55d91da1e110 .concat [ 1 1 1 0], v0x55d91da0ba00_0, L_0x55d91da1e9e0, L_0x55d91da1f800;
L_0x55d91da1e2a0 .shift/r 8, L_0x7fa76bbb22a0, L_0x55d91da1e110;
L_0x55d91da1e390 .part L_0x55d91da1e2a0, 0, 1;
LS_0x55d91da1e580_0_0 .concat [ 1 1 1 1], L_0x55d91da1f3e0, L_0x55d91da1c2d0, L_0x55d91da32450, L_0x55d91da335b0;
LS_0x55d91da1e580_0_4 .concat [ 1 1 0 0], L_0x55d91da1ca40, L_0x55d91da1ee70;
L_0x55d91da1e580 .concat [ 4 2 0 0], LS_0x55d91da1e580_0_0, LS_0x55d91da1e580_0_4;
L_0x55d91da1e800 .shift/r 64, L_0x7fa76bbb22e8, L_0x55d91da1e580;
L_0x55d91da1e9e0 .part L_0x55d91da1e800, 0, 1;
L_0x55d91da1ead0 .concat [ 1 1 0 0], L_0x55d91da322a0, L_0x55d91da33380;
L_0x55d91da1ed30 .shift/r 4, L_0x7fa76bbb2330, L_0x55d91da1ead0;
L_0x55d91da1ee70 .part L_0x55d91da1ed30, 0, 1;
L_0x55d91da1ec10 .concat [ 1 1 1 1], L_0x55d91da322a0, L_0x55d91da33380, L_0x55d91da32340, L_0x55d91da33420;
L_0x55d91da1f200 .shift/r 16, L_0x7fa76bbb2378, L_0x55d91da1ec10;
L_0x55d91da1f3e0 .part L_0x55d91da1f200, 0, 1;
L_0x55d91da1f4d0 .concat [ 1 1 0 0], L_0x55d91da321a0, L_0x55d91da33200;
L_0x55d91da1f6c0 .shift/r 4, L_0x7fa76bbb23c0, L_0x55d91da1f4d0;
L_0x55d91da1f800 .part L_0x55d91da1f6c0, 0, 1;
L_0x55d91da1faa0 .concat [ 1 1 1 0], v0x55d91da0ba00_0, L_0x55d91da202a0, L_0x55d91da21a00;
L_0x55d91da1fb40 .shift/r 8, L_0x7fa76bbb2408, L_0x55d91da1faa0;
L_0x55d91da1fdf0 .part L_0x55d91da1fb40, 0, 1;
L_0x55d91da1fee0 .concat [ 1 1 0 0], L_0x55d91da208f0, L_0x55d91da21500;
L_0x55d91da20130 .shift/r 4, L_0x7fa76bbb2450, L_0x55d91da1fee0;
L_0x55d91da202a0 .part L_0x55d91da20130, 0, 1;
LS_0x55d91da20570_0_0 .concat [ 1 1 1 1], L_0x55d91da1c2d0, L_0x55d91da1d300, L_0x55d91da1dfd0, L_0x55d91da20e50;
LS_0x55d91da20570_0_4 .concat [ 1 1 0 0], L_0x55d91da1d440, L_0x55d91da1db50;
L_0x55d91da20570 .concat [ 4 2 0 0], LS_0x55d91da20570_0_0, LS_0x55d91da20570_0_4;
L_0x55d91da20610 .shift/r 64, L_0x7fa76bbb2498, L_0x55d91da20570;
L_0x55d91da208f0 .part L_0x55d91da20610, 0, 1;
L_0x55d91da20a30 .concat [ 1 1 1 1], L_0x55d91da321a0, L_0x55d91da33200, L_0x55d91da322a0, L_0x55d91da33380;
L_0x55d91da20db0 .shift/r 16, L_0x7fa76bbb24e0, L_0x55d91da20a30;
L_0x55d91da20e50 .part L_0x55d91da20db0, 0, 1;
L_0x55d91da21150 .concat [ 1 1 0 0], L_0x55d91da321a0, L_0x55d91da33200;
L_0x55d91da211f0 .shift/r 4, L_0x7fa76bbb2528, L_0x55d91da21150;
L_0x55d91da21500 .part L_0x55d91da211f0, 0, 1;
L_0x55d91da21640 .concat [ 1 1 0 0], L_0x55d91da32100, L_0x55d91da33160;
L_0x55d91da218c0 .shift/r 4, L_0x7fa76bbb2570, L_0x55d91da21640;
L_0x55d91da21a00 .part L_0x55d91da218c0, 0, 1;
LS_0x55d91da21d30_0_0 .concat [ 1 1 1 1], L_0x55d91da1e9e0, L_0x55d91da1f800, L_0x55d91da226d0, L_0x55d91da23440;
LS_0x55d91da21d30_0_4 .concat [ 1 1 0 0], v0x55d91da0ba00_0, L_0x55d91da23c10;
L_0x55d91da21d30 .concat [ 4 2 0 0], LS_0x55d91da21d30_0_0, LS_0x55d91da21d30_0_4;
L_0x55d91da21dd0 .shift/r 64, L_0x7fa76bbb25b8, L_0x55d91da21d30;
L_0x55d91da22110 .part L_0x55d91da21dd0, 0, 1;
L_0x55d91da22200 .concat [ 1 1 1 0], L_0x55d91da321a0, L_0x55d91da33200, L_0x55d91da22ee0;
L_0x55d91da22600 .shift/r 8, L_0x7fa76bbb2600, L_0x55d91da22200;
L_0x55d91da226d0 .part L_0x55d91da22600, 0, 1;
L_0x55d91da22a30 .concat [ 1 1 0 0], L_0x55d91da32100, L_0x55d91da33160;
L_0x55d91da22b70 .shift/r 4, L_0x7fa76bbb2648, L_0x55d91da22a30;
L_0x55d91da22ee0 .part L_0x55d91da22b70, 0, 1;
L_0x55d91da23020 .concat [ 1 1 0 0], L_0x55d91da32100, L_0x55d91da33160;
L_0x55d91da23300 .shift/r 4, L_0x7fa76bbb2690, L_0x55d91da23020;
L_0x55d91da23440 .part L_0x55d91da23300, 0, 1;
L_0x55d91da237d0 .concat [ 1 1 0 0], L_0x55d91da32010, L_0x55d91da32ff0;
L_0x55d91da23870 .shift/r 4, L_0x7fa76bbb26d8, L_0x55d91da237d0;
L_0x55d91da23c10 .part L_0x55d91da23870, 0, 1;
LS_0x55d91da23d50_0_0 .concat [ 1 1 1 1], L_0x55d91da32010, L_0x55d91da32ff0, L_0x55d91da22110, v0x55d91da0ba00_0;
LS_0x55d91da23d50_0_4 .concat [ 1 0 0 0], L_0x55d91da24ab0;
L_0x55d91da23d50 .concat [ 4 1 0 0], LS_0x55d91da23d50_0_0, LS_0x55d91da23d50_0_4;
L_0x55d91da24190 .shift/r 32, L_0x7fa76bbb2720, L_0x55d91da23d50;
L_0x55d91da242d0 .part L_0x55d91da24190, 0, 1;
L_0x55d91da24640 .concat [ 1 1 0 0], L_0x55d91da31ee0, L_0x55d91da32ec0;
L_0x55d91da246e0 .shift/r 4, L_0x7fa76bbb2768, L_0x55d91da24640;
L_0x55d91da24ab0 .part L_0x55d91da246e0, 0, 1;
L_0x55d91da24bf0 .concat [ 1 1 1 1], L_0x55d91da25940, L_0x55d91da27860, v0x55d91da0ba00_0, L_0x55d91da27eb0;
L_0x55d91da24f30 .shift/r 16, L_0x7fa76bbb27b0, L_0x55d91da24bf0;
L_0x55d91da25070 .part L_0x55d91da24f30, 0, 1;
LS_0x55d91da25410_0_0 .concat [ 1 1 1 1], L_0x55d91da1f800, L_0x55d91da1e9e0, L_0x55d91da226d0, L_0x55d91da25f60;
LS_0x55d91da25410_0_4 .concat [ 1 1 0 0], L_0x55d91da23440, L_0x55d91da23c10;
L_0x55d91da25410 .concat [ 4 2 0 0], LS_0x55d91da25410_0_0, LS_0x55d91da25410_0_4;
L_0x55d91da255b0 .shift/r 64, L_0x7fa76bbb27f8, L_0x55d91da25410;
L_0x55d91da25940 .part L_0x55d91da255b0, 0, 1;
L_0x55d91da25a80 .concat [ 1 1 0 0], L_0x55d91da26850, L_0x55d91da26f10;
L_0x55d91da25df0 .shift/r 4, L_0x7fa76bbb2840, L_0x55d91da25a80;
L_0x55d91da25f60 .part L_0x55d91da25df0, 0, 1;
L_0x55d91da26380 .concat [ 1 1 0 0], L_0x55d91da32010, L_0x55d91da32ff0;
L_0x55d91da26420 .shift/r 4, L_0x7fa76bbb2888, L_0x55d91da26380;
L_0x55d91da26850 .part L_0x55d91da26420, 0, 1;
L_0x55d91da26990 .concat [ 1 1 0 0], L_0x55d91da31ee0, L_0x55d91da32ec0;
L_0x55d91da26dd0 .shift/r 4, L_0x7fa76bbb28d0, L_0x55d91da26990;
L_0x55d91da26f10 .part L_0x55d91da26dd0, 0, 1;
L_0x55d91da27360 .concat [ 1 1 0 0], L_0x55d91da31ee0, L_0x55d91da32ec0;
L_0x55d91da27400 .shift/r 4, L_0x7fa76bbb2918, L_0x55d91da27360;
L_0x55d91da27860 .part L_0x55d91da27400, 0, 1;
L_0x55d91da279a0 .concat [ 1 1 0 0], L_0x55d91da31db0, L_0x55d91da32cd0;
L_0x55d91da27d70 .shift/r 4, L_0x7fa76bbb2960, L_0x55d91da279a0;
L_0x55d91da27eb0 .part L_0x55d91da27d70, 0, 1;
LS_0x55d91da28330_0_0 .concat [ 1 1 1 1], L_0x55d91da28f70, L_0x55d91da2ab20, L_0x55d91da2bd70, v0x55d91da0ba00_0;
LS_0x55d91da28330_0_4 .concat [ 1 0 0 0], L_0x55d91da2c480;
L_0x55d91da28330 .concat [ 4 1 0 0], LS_0x55d91da28330_0_0, LS_0x55d91da28330_0_4;
L_0x55d91da28410 .shift/r 32, L_0x7fa76bbb29a8, L_0x55d91da28330;
L_0x55d91da288a0 .part L_0x55d91da28410, 0, 1;
LS_0x55d91da28990_0_0 .concat [ 1 1 1 1], L_0x55d91da21500, L_0x55d91da208f0, L_0x55d91da21a00, L_0x55d91da29980;
LS_0x55d91da28990_0_4 .concat [ 1 1 0 0], L_0x55d91da2a0b0, L_0x55d91da24ab0;
L_0x55d91da28990 .concat [ 4 2 0 0], LS_0x55d91da28990_0_0, LS_0x55d91da28990_0_4;
L_0x55d91da28e00 .shift/r 64, L_0x7fa76bbb29f0, L_0x55d91da28990;
L_0x55d91da28f70 .part L_0x55d91da28e00, 0, 1;
L_0x55d91da29420 .concat [ 1 1 0 0], L_0x55d91da22ee0, L_0x55d91da26850;
L_0x55d91da294c0 .shift/r 4, L_0x7fa76bbb2a38, L_0x55d91da29420;
L_0x55d91da29980 .part L_0x55d91da294c0, 0, 1;
L_0x55d91da29ac0 .concat [ 1 1 0 0], L_0x55d91da32010, L_0x55d91da32ff0;
L_0x55d91da2a010 .shift/r 4, L_0x7fa76bbb2a80, L_0x55d91da29ac0;
L_0x55d91da2a0b0 .part L_0x55d91da2a010, 0, 1;
L_0x55d91da2a590 .concat [ 1 1 0 0], L_0x55d91da26f10, L_0x55d91da2b2a0;
L_0x55d91da2a630 .shift/r 4, L_0x7fa76bbb2ac8, L_0x55d91da2a590;
L_0x55d91da2ab20 .part L_0x55d91da2a630, 0, 1;
L_0x55d91da2ac60 .concat [ 1 1 0 0], L_0x55d91da31db0, L_0x55d91da32cd0;
L_0x55d91da2b160 .shift/r 4, L_0x7fa76bbb2b10, L_0x55d91da2ac60;
L_0x55d91da2b2a0 .part L_0x55d91da2b160, 0, 1;
L_0x55d91da2b7b0 .concat [ 1 1 0 0], L_0x55d91da31db0, L_0x55d91da32cd0;
L_0x55d91da2b850 .shift/r 4, L_0x7fa76bbb2b58, L_0x55d91da2b7b0;
L_0x55d91da2bd70 .part L_0x55d91da2b850, 0, 1;
L_0x55d91da2beb0 .concat [ 1 1 0 0], L_0x55d91da31d10, L_0x55d91da329b0;
L_0x55d91da2c340 .shift/r 4, L_0x7fa76bbb2ba0, L_0x55d91da2beb0;
L_0x55d91da2c480 .part L_0x55d91da2c340, 0, 1;
LS_0x55d91da2c9c0_0_0 .concat [ 1 1 1 1], L_0x55d91da31d10, L_0x55d91da329b0, L_0x55d91da288a0, v0x55d91da0ba00_0;
LS_0x55d91da2c9c0_0_4 .concat [ 1 0 0 0], L_0x55d91da2d6f0;
L_0x55d91da2c9c0 .concat [ 4 1 0 0], LS_0x55d91da2c9c0_0_0, LS_0x55d91da2c9c0_0_4;
L_0x55d91da2cab0 .shift/r 32, L_0x7fa76bbb2be8, L_0x55d91da2c9c0;
L_0x55d91da2d000 .part L_0x55d91da2cab0, 0, 1;
L_0x55d91da2d0f0 .concat [ 1 1 0 0], L_0x55d91da31b50, L_0x55d91da32af0;
L_0x55d91da2d5b0 .shift/r 4, L_0x7fa76bbb2c30, L_0x55d91da2d0f0;
L_0x55d91da2d6f0 .part L_0x55d91da2d5b0, 0, 1;
L_0x55d91da2d190 .concat [ 1 1 1 0], v0x55d91da0ba00_0, L_0x55d91da2dd70, L_0x55d91da2dff0;
L_0x55d91da2d230 .shift/r 8, L_0x7fa76bbb2c78, L_0x55d91da2d190;
L_0x55d91da2d370 .part L_0x55d91da2d230, 0, 1;
LS_0x55d91da2d460_0_0 .concat [ 1 1 1 1], L_0x55d91da28f70, L_0x55d91da2ab20, L_0x55d91da2dab0, L_0x55d91da2bd70;
LS_0x55d91da2d460_0_4 .concat [ 1 1 0 0], L_0x55d91da2d6f0, L_0x55d91da2c480;
L_0x55d91da2d460 .concat [ 4 2 0 0], LS_0x55d91da2d460_0_0, LS_0x55d91da2d460_0_4;
L_0x55d91da2dc80 .shift/r 64, L_0x7fa76bbb2cc0, L_0x55d91da2d460;
L_0x55d91da2dd70 .part L_0x55d91da2dc80, 0, 1;
L_0x55d91da2d830 .concat [ 1 1 1 1], L_0x55d91da31b50, L_0x55d91da32af0, L_0x55d91da31d10, L_0x55d91da329b0;
L_0x55d91da2d970 .shift/r 16, L_0x7fa76bbb2d08, L_0x55d91da2d830;
L_0x55d91da2dab0 .part L_0x55d91da2d970, 0, 1;
L_0x55d91da2e320 .concat [ 1 1 0 0], L_0x55d91da31ab0, L_0x55d91da32a50;
L_0x55d91da2deb0 .shift/r 4, L_0x7fa76bbb2d50, L_0x55d91da2e320;
L_0x55d91da2dff0 .part L_0x55d91da2deb0, 0, 1;
LS_0x55d91da2e130_0_0 .concat [ 1 1 1 1], L_0x55d91da2e4e0, L_0x55d91da2f710, L_0x55d91da2f040, v0x55d91da0ba00_0;
LS_0x55d91da2e130_0_4 .concat [ 1 0 0 0], L_0x55d91da2f360;
L_0x55d91da2e130 .concat [ 4 1 0 0], LS_0x55d91da2e130_0_0, LS_0x55d91da2e130_0_4;
L_0x55d91da2e210 .shift/r 32, L_0x7fa76bbb2d98, L_0x55d91da2e130;
L_0x55d91da2e860 .part L_0x55d91da2e210, 0, 1;
LS_0x55d91da2e950_0_0 .concat [ 1 1 1 1], L_0x55d91da27860, L_0x55d91da25940, L_0x55d91da27eb0, L_0x55d91da2eae0;
LS_0x55d91da2e950_0_4 .concat [ 1 1 0 0], L_0x55d91da2ee00, L_0x55d91da2d6f0;
L_0x55d91da2e950 .concat [ 4 2 0 0], LS_0x55d91da2e950_0_0, LS_0x55d91da2e950_0_4;
L_0x55d91da2e3c0 .shift/r 64, L_0x7fa76bbb2de0, L_0x55d91da2e950;
L_0x55d91da2e4e0 .part L_0x55d91da2e3c0, 0, 1;
L_0x55d91da2e620 .concat [ 1 1 1 0], L_0x55d91da31d10, L_0x55d91da329b0, L_0x55d91da2b2a0;
L_0x55d91da2efa0 .shift/r 8, L_0x7fa76bbb2e28, L_0x55d91da2e620;
L_0x55d91da2eae0 .part L_0x55d91da2efa0, 0, 1;
L_0x55d91da2ec20 .concat [ 1 1 0 0], L_0x55d91da31d10, L_0x55d91da329b0;
L_0x55d91da2ecc0 .shift/r 4, L_0x7fa76bbb2e70, L_0x55d91da2ec20;
L_0x55d91da2ee00 .part L_0x55d91da2ecc0, 0, 1;
L_0x55d91da2f530 .concat [ 1 1 0 0], L_0x55d91da31ab0, L_0x55d91da32a50;
L_0x55d91da2f5d0 .shift/r 4, L_0x7fa76bbb2eb8, L_0x55d91da2f530;
L_0x55d91da2f040 .part L_0x55d91da2f5d0, 0, 1;
L_0x55d91da2f180 .concat [ 1 1 0 0], L_0x55d91da31a10, L_0x55d91da32910;
L_0x55d91da2f220 .shift/r 4, L_0x7fa76bbb2f00, L_0x55d91da2f180;
L_0x55d91da2f360 .part L_0x55d91da2f220, 0, 1;
L_0x55d91da2fc30 .concat [ 1 1 1 1], L_0x55d91da31ab0, L_0x55d91da32a50, L_0x55d91da31b50, L_0x55d91da32af0;
L_0x55d91da2fcd0 .shift/r 16, L_0x7fa76bbb2f48, L_0x55d91da2fc30;
L_0x55d91da2f710 .part L_0x55d91da2fcd0, 0, 1;
LS_0x55d91da2f850_0_0 .concat [ 1 1 1 1], L_0x55d91da2dd70, L_0x55d91da2dff0, L_0x55d91da304a0, L_0x55d91da2fdc0;
LS_0x55d91da2f850_0_4 .concat [ 1 1 0 0], v0x55d91da0ba00_0, L_0x55d91da300e0;
L_0x55d91da2f850 .concat [ 4 2 0 0], LS_0x55d91da2f850_0_0, LS_0x55d91da2f850_0_4;
L_0x55d91da2f8f0 .shift/r 64, L_0x7fa76bbb2f90, L_0x55d91da2f850;
L_0x55d91da2fa30 .part L_0x55d91da2f8f0, 0, 1;
L_0x55d91da2fb20 .concat [ 1 1 0 0], L_0x55d91da31a10, L_0x55d91da32910;
L_0x55d91da30360 .shift/r 4, L_0x7fa76bbb2fd8, L_0x55d91da2fb20;
L_0x55d91da2fdc0 .part L_0x55d91da30360, 0, 1;
L_0x55d91da2ff00 .concat [ 1 1 0 0], L_0x55d91da310c0, L_0x55d91da327e0;
L_0x55d91da2ffa0 .shift/r 4, L_0x7fa76bbb3020, L_0x55d91da2ff00;
L_0x55d91da300e0 .part L_0x55d91da2ffa0, 0, 1;
L_0x55d91da30220 .concat [ 1 1 1 1], L_0x55d91da31a10, L_0x55d91da32910, L_0x55d91da31ab0, L_0x55d91da32a50;
L_0x55d91da30b40 .shift/r 16, L_0x7fa76bbb3068, L_0x55d91da30220;
L_0x55d91da304a0 .part L_0x55d91da30b40, 0, 1;
LS_0x55d91da305e0_0_0 .concat [ 1 1 1 1], L_0x55d91da2e4e0, L_0x55d91da2f710, L_0x55d91da30be0, L_0x55d91da2f040;
LS_0x55d91da305e0_0_4 .concat [ 1 1 0 0], L_0x55d91da2f360, L_0x55d91da30f00;
L_0x55d91da305e0 .concat [ 4 2 0 0], LS_0x55d91da305e0_0_0, LS_0x55d91da305e0_0_4;
L_0x55d91da306c0 .shift/r 64, L_0x7fa76bbb30b0, L_0x55d91da305e0;
L_0x55d91da30800 .part L_0x55d91da306c0, 0, 1;
L_0x55d91da308f0 .concat [ 1 1 1 1], L_0x55d91da310c0, L_0x55d91da327e0, L_0x55d91da31a10, L_0x55d91da32910;
L_0x55d91da31300 .shift/r 16, L_0x7fa76bbb30f8, L_0x55d91da308f0;
L_0x55d91da30be0 .part L_0x55d91da31300, 0, 1;
L_0x55d91da30d20 .concat [ 1 1 1 0], L_0x55d91da310c0, L_0x55d91da327e0, v0x55d91da0ba00_0;
L_0x55d91da30dc0 .shift/r 8, L_0x7fa76bbb3140, L_0x55d91da30d20;
L_0x55d91da30f00 .part L_0x55d91da30dc0, 0, 1;
    .scope S_0x55d91d957720;
T_0 ;
    %wait E_0x55d91d984c10;
    %load/vec4 v0x55d91da073d0_0;
    %assign/vec4 v0x55d91d9e74b0_0, 0;
    %jmp T_0;
    .thread T_0;
    .scope S_0x55d91d957720;
T_1 ;
    %wait E_0x55d91d984c10;
    %load/vec4 v0x55d91da07a90_0;
    %assign/vec4 v0x55d91d9fa960_0, 0;
    %jmp T_1;
    .thread T_1;
    .scope S_0x55d91d957720;
T_2 ;
    %wait E_0x55d91d984c10;
    %load/vec4 v0x55d91da07b50_0;
    %assign/vec4 v0x55d91d9e7b90_0, 0;
    %jmp T_2;
    .thread T_2;
    .scope S_0x55d91d957720;
T_3 ;
    %wait E_0x55d91d984c10;
    %load/vec4 v0x55d91da07c10_0;
    %assign/vec4 v0x55d91d9e7f00_0, 0;
    %jmp T_3;
    .thread T_3;
    .scope S_0x55d91d957720;
T_4 ;
    %wait E_0x55d91d984c10;
    %load/vec4 v0x55d91da07cd0_0;
    %assign/vec4 v0x55d91d9e8270_0, 0;
    %jmp T_4;
    .thread T_4;
    .scope S_0x55d91d957720;
T_5 ;
    %wait E_0x55d91d984c10;
    %load/vec4 v0x55d91da07d90_0;
    %assign/vec4 v0x55d91d9e85e0_0, 0;
    %jmp T_5;
    .thread T_5;
    .scope S_0x55d91d957720;
T_6 ;
    %wait E_0x55d91d984c10;
    %load/vec4 v0x55d91da07e50_0;
    %assign/vec4 v0x55d91d9e8950_0, 0;
    %jmp T_6;
    .thread T_6;
    .scope S_0x55d91d957720;
T_7 ;
    %wait E_0x55d91d984c10;
    %load/vec4 v0x55d91da07f10_0;
    %assign/vec4 v0x55d91d9fa2a0_0, 0;
    %jmp T_7;
    .thread T_7;
    .scope S_0x55d91d957720;
T_8 ;
    %wait E_0x55d91d984c10;
    %load/vec4 v0x55d91da07fd0_0;
    %assign/vec4 v0x55d91d9fa360_0, 0;
    %jmp T_8;
    .thread T_8;
    .scope S_0x55d91d957720;
T_9 ;
    %wait E_0x55d91d984c10;
    %load/vec4 v0x55d91da07490_0;
    %assign/vec4 v0x55d91d9e7820_0, 0;
    %jmp T_9;
    .thread T_9;
    .scope S_0x55d91d957720;
T_10 ;
    %wait E_0x55d91d984c10;
    %load/vec4 v0x55d91da07550_0;
    %assign/vec4 v0x55d91d9fa420_0, 0;
    %jmp T_10;
    .thread T_10;
    .scope S_0x55d91d957720;
T_11 ;
    %wait E_0x55d91d984c10;
    %load/vec4 v0x55d91da07610_0;
    %assign/vec4 v0x55d91d9fa4e0_0, 0;
    %jmp T_11;
    .thread T_11;
    .scope S_0x55d91d957720;
T_12 ;
    %wait E_0x55d91d984c10;
    %load/vec4 v0x55d91da076d0_0;
    %assign/vec4 v0x55d91d9fa5a0_0, 0;
    %jmp T_12;
    .thread T_12;
    .scope S_0x55d91d957720;
T_13 ;
    %wait E_0x55d91d984c10;
    %load/vec4 v0x55d91da07790_0;
    %assign/vec4 v0x55d91d9fa660_0, 0;
    %jmp T_13;
    .thread T_13;
    .scope S_0x55d91d957720;
T_14 ;
    %wait E_0x55d91d984c10;
    %load/vec4 v0x55d91da07850_0;
    %assign/vec4 v0x55d91d9fa720_0, 0;
    %jmp T_14;
    .thread T_14;
    .scope S_0x55d91d957720;
T_15 ;
    %wait E_0x55d91d984c10;
    %load/vec4 v0x55d91da07910_0;
    %assign/vec4 v0x55d91d9fa7e0_0, 0;
    %jmp T_15;
    .thread T_15;
    .scope S_0x55d91d957720;
T_16 ;
    %wait E_0x55d91d984c10;
    %load/vec4 v0x55d91da079d0_0;
    %assign/vec4 v0x55d91d9fa8a0_0, 0;
    %jmp T_16;
    .thread T_16;
    .scope S_0x55d91d9e1470;
T_17 ;
    %delay 5, 0;
    %load/vec4 v0x55d91da0b660_0;
    %inv;
    %store/vec4 v0x55d91da0b660_0, 0, 1;
    %jmp T_17;
    .thread T_17;
    .scope S_0x55d91d9e1470;
T_18 ;
    %pushi/vec4 0, 0, 1;
    %store/vec4 v0x55d91da0b660_0, 0, 1;
    %pushi/vec4 1, 0, 1;
    %store/vec4 v0x55d91da0ba00_0, 0, 1;
    %pushi/vec4 0, 0, 16;
    %store/vec4 v0x55d91da0b480_0, 0, 16;
    %pushi/vec4 0, 0, 16;
    %store/vec4 v0x55d91da0b580_0, 0, 16;
    %vpi_call 2 43 "$readmemh", "memA.dat", v0x55d91da0b7a0 {0 0 0};
    %vpi_call 2 44 "$readmemh", "memB.dat", v0x55d91da0b860 {0 0 0};
    %vpi_func 2 47 "$fopen" 32, "output_sum.txt", "w" {0 0 0};
    %store/vec4 v0x55d91da0b920_0, 0, 32;
    %delay 10, 0;
    %pushi/vec4 0, 0, 1;
    %store/vec4 v0x55d91da0ba00_0, 0, 1;
    %pushi/vec4 0, 0, 32;
    %store/vec4 v0x55d91da0b700_0, 0, 32;
T_18.0 ;
    %load/vec4 v0x55d91da0b700_0;
    %cmpi/s 1000000, 0, 32;
    %jmp/0xz T_18.1, 5;
    %ix/getv/s 4, v0x55d91da0b700_0;
    %load/vec4a v0x55d91da0b7a0, 4;
    %store/vec4 v0x55d91da0b480_0, 0, 16;
    %ix/getv/s 4, v0x55d91da0b700_0;
    %load/vec4a v0x55d91da0b860, 4;
    %store/vec4 v0x55d91da0b580_0, 0, 16;
    %delay 10, 0;
    %vpi_call 2 57 "$fwrite", v0x55d91da0b920_0, "%h\012", v0x55d91da0baa0_0 {0 0 0};
    %load/vec4 v0x55d91da0b700_0;
    %addi 1, 0, 32;
    %store/vec4 v0x55d91da0b700_0, 0, 32;
    %jmp T_18.0;
T_18.1 ;
    %vpi_call 2 61 "$fclose", v0x55d91da0b920_0 {0 0 0};
    %delay 10, 0;
    %vpi_call 2 64 "$finish" {0 0 0};
    %end;
    .thread T_18;
# The file index is used to find the file name in the following table.
:file_names 4;
    "N/A";
    "<interactive>";
    "ks_tb.v";
    "KS_16b_aprox_4.v";
