#! /usr/bin/vvp
:ivl_version "12.0 (stable)";
:ivl_delay_selection "TYPICAL";
:vpi_time_precision + 0;
:vpi_module "/usr/lib/x86_64-linux-gnu/ivl/system.vpi";
:vpi_module "/usr/lib/x86_64-linux-gnu/ivl/vhdl_sys.vpi";
:vpi_module "/usr/lib/x86_64-linux-gnu/ivl/vhdl_textio.vpi";
:vpi_module "/usr/lib/x86_64-linux-gnu/ivl/v2005_math.vpi";
:vpi_module "/usr/lib/x86_64-linux-gnu/ivl/va_math.vpi";
S_0x55efc31e3c30 .scope module, "tb_brentk_16b" "tb_brentk_16b" 2 1;
 .timescale 0 0;
v0x55efc320b650_0 .var "a", 15 0;
v0x55efc320b750_0 .var "b", 15 0;
v0x55efc320b830_0 .var "clk", 0 0;
v0x55efc320b8d0_0 .var/i "i", 31 0;
v0x55efc320b970 .array "memA", 999999 0, 15 0;
v0x55efc320ba30 .array "memB", 999999 0, 15 0;
v0x55efc320baf0_0 .var/i "out_file", 31 0;
v0x55efc320bbd0_0 .var "rst", 0 0;
v0x55efc320bc70_0 .net "sum", 16 0, L_0x55efc32297e0;  1 drivers
L_0x55efc3226ef0 .part v0x55efc320b750_0, 7, 1;
L_0x55efc3226f90 .part v0x55efc320b750_0, 15, 1;
L_0x55efc3227030 .part v0x55efc320b750_0, 14, 1;
L_0x55efc32270d0 .part v0x55efc320b750_0, 13, 1;
L_0x55efc32272c0 .part v0x55efc320b750_0, 12, 1;
L_0x55efc3227360 .part v0x55efc320b750_0, 11, 1;
L_0x55efc32274d0 .part v0x55efc320b750_0, 10, 1;
L_0x55efc3227600 .part v0x55efc320b750_0, 9, 1;
L_0x55efc3227780 .part v0x55efc320b750_0, 8, 1;
L_0x55efc3227820 .part v0x55efc320b750_0, 6, 1;
L_0x55efc32279b0 .part v0x55efc320b750_0, 5, 1;
L_0x55efc3227ae0 .part v0x55efc320b750_0, 4, 1;
L_0x55efc3227c80 .part v0x55efc320b750_0, 3, 1;
L_0x55efc3227d20 .part v0x55efc320b750_0, 2, 1;
L_0x55efc3227e40 .part v0x55efc320b750_0, 1, 1;
L_0x55efc3227f70 .part v0x55efc320b750_0, 0, 1;
L_0x55efc32280a0 .part v0x55efc320b650_0, 15, 1;
L_0x55efc3228140 .part v0x55efc320b650_0, 14, 1;
L_0x55efc3228280 .part v0x55efc320b650_0, 13, 1;
L_0x55efc3228320 .part v0x55efc320b650_0, 12, 1;
L_0x55efc32281e0 .part v0x55efc320b650_0, 11, 1;
L_0x55efc3228590 .part v0x55efc320b650_0, 10, 1;
L_0x55efc3228780 .part v0x55efc320b650_0, 9, 1;
L_0x55efc32288b0 .part v0x55efc320b650_0, 8, 1;
L_0x55efc3228ab0 .part v0x55efc320b650_0, 7, 1;
L_0x55efc3228b50 .part v0x55efc320b650_0, 6, 1;
L_0x55efc3228cd0 .part v0x55efc320b650_0, 5, 1;
L_0x55efc3228e00 .part v0x55efc320b650_0, 4, 1;
L_0x55efc3229020 .part v0x55efc320b650_0, 3, 1;
L_0x55efc32290c0 .part v0x55efc320b650_0, 2, 1;
L_0x55efc3229260 .part v0x55efc320b650_0, 1, 1;
L_0x55efc3229390 .part v0x55efc320b650_0, 0, 1;
LS_0x55efc32297e0_0_0 .concat8 [ 1 1 1 1], v0x55efc31e8460_0, v0x55efc31e87d0_0, v0x55efc32018e0_0, v0x55efc32019a0_0;
LS_0x55efc32297e0_0_4 .concat8 [ 1 1 1 1], v0x55efc3201a60_0, v0x55efc3201b20_0, v0x55efc3201be0_0, v0x55efc3201ca0_0;
LS_0x55efc32297e0_0_8 .concat8 [ 1 1 1 1], v0x55efc3201d60_0, v0x55efc3201e20_0, v0x55efc31e8b40_0, v0x55efc31e8eb0_0;
LS_0x55efc32297e0_0_12 .concat8 [ 1 1 1 1], v0x55efc31e9220_0, v0x55efc31e9590_0, v0x55efc31e9900_0, v0x55efc3201760_0;
LS_0x55efc32297e0_0_16 .concat8 [ 1 0 0 0], v0x55efc3201820_0;
LS_0x55efc32297e0_1_0 .concat8 [ 4 4 4 4], LS_0x55efc32297e0_0_0, LS_0x55efc32297e0_0_4, LS_0x55efc32297e0_0_8, LS_0x55efc32297e0_0_12;
LS_0x55efc32297e0_1_4 .concat8 [ 1 0 0 0], LS_0x55efc32297e0_0_16;
L_0x55efc32297e0 .concat8 [ 16 1 0 0], LS_0x55efc32297e0_1_0, LS_0x55efc32297e0_1_4;
S_0x55efc31dba60 .scope module, "UUT" "UBBKA_15_0_15_0" 2 14, 3 3 0, S_0x55efc31e3c30;
 .timescale 0 0;
    .port_info 0 /INPUT 1 "Y~7";
    .port_info 1 /INPUT 1 "rst";
    .port_info 2 /INPUT 1 "clk";
    .port_info 3 /INPUT 1 "Y~15";
    .port_info 4 /INPUT 1 "Y~14";
    .port_info 5 /INPUT 1 "Y~13";
    .port_info 6 /INPUT 1 "Y~12";
    .port_info 7 /INPUT 1 "Y~11";
    .port_info 8 /INPUT 1 "Y~10";
    .port_info 9 /INPUT 1 "Y~9";
    .port_info 10 /INPUT 1 "Y~8";
    .port_info 11 /INPUT 1 "Y~6";
    .port_info 12 /INPUT 1 "Y~5";
    .port_info 13 /INPUT 1 "Y~4";
    .port_info 14 /INPUT 1 "Y~3";
    .port_info 15 /INPUT 1 "Y~2";
    .port_info 16 /INPUT 1 "Y~1";
    .port_info 17 /INPUT 1 "Y~0";
    .port_info 18 /INPUT 1 "X~15";
    .port_info 19 /INPUT 1 "X~14";
    .port_info 20 /INPUT 1 "X~13";
    .port_info 21 /INPUT 1 "X~12";
    .port_info 22 /INPUT 1 "X~11";
    .port_info 23 /INPUT 1 "X~10";
    .port_info 24 /INPUT 1 "X~9";
    .port_info 25 /INPUT 1 "X~8";
    .port_info 26 /INPUT 1 "X~7";
    .port_info 27 /INPUT 1 "X~6";
    .port_info 28 /INPUT 1 "X~5";
    .port_info 29 /INPUT 1 "X~4";
    .port_info 30 /INPUT 1 "X~3";
    .port_info 31 /INPUT 1 "X~2";
    .port_info 32 /INPUT 1 "X~1";
    .port_info 33 /INPUT 1 "X~0";
    .port_info 34 /OUTPUT 1 "S~8";
    .port_info 35 /OUTPUT 1 "S~9";
    .port_info 36 /OUTPUT 1 "S~7";
    .port_info 37 /OUTPUT 1 "S~6";
    .port_info 38 /OUTPUT 1 "S~5";
    .port_info 39 /OUTPUT 1 "S~4";
    .port_info 40 /OUTPUT 1 "S~3";
    .port_info 41 /OUTPUT 1 "S~2";
    .port_info 42 /OUTPUT 1 "S~1";
    .port_info 43 /OUTPUT 1 "S~0";
    .port_info 44 /OUTPUT 1 "S~14";
    .port_info 45 /OUTPUT 1 "S~15";
    .port_info 46 /OUTPUT 1 "S~16";
    .port_info 47 /OUTPUT 1 "S~10";
    .port_info 48 /OUTPUT 1 "S~11";
    .port_info 49 /OUTPUT 1 "S~12";
    .port_info 50 /OUTPUT 1 "S~13";
L_0x55efc31dddb0 .functor BUFZ 1, L_0x55efc3227f70, C4<0>, C4<0>, C4<0>;
v0x55efc31e8460_0 .var "S~0", 0 0;
v0x55efc31e87d0_0 .var "S~1", 0 0;
v0x55efc31e8b40_0 .var "S~10", 0 0;
v0x55efc31e8eb0_0 .var "S~11", 0 0;
v0x55efc31e9220_0 .var "S~12", 0 0;
v0x55efc31e9590_0 .var "S~13", 0 0;
v0x55efc31e9900_0 .var "S~14", 0 0;
v0x55efc3201760_0 .var "S~15", 0 0;
v0x55efc3201820_0 .var "S~16", 0 0;
v0x55efc32018e0_0 .var "S~2", 0 0;
v0x55efc32019a0_0 .var "S~3", 0 0;
v0x55efc3201a60_0 .var "S~4", 0 0;
v0x55efc3201b20_0 .var "S~5", 0 0;
v0x55efc3201be0_0 .var "S~6", 0 0;
v0x55efc3201ca0_0 .var "S~7", 0 0;
v0x55efc3201d60_0 .var "S~8", 0 0;
v0x55efc3201e20_0 .var "S~9", 0 0;
v0x55efc3201ee0_0 .net "X~0", 0 0, L_0x55efc3229390;  1 drivers
v0x55efc3201fa0_0 .net "X~1", 0 0, L_0x55efc3229260;  1 drivers
v0x55efc3202060_0 .net "X~10", 0 0, L_0x55efc3228590;  1 drivers
v0x55efc3202120_0 .net "X~11", 0 0, L_0x55efc32281e0;  1 drivers
v0x55efc32021e0_0 .net "X~12", 0 0, L_0x55efc3228320;  1 drivers
v0x55efc32022a0_0 .net "X~13", 0 0, L_0x55efc3228280;  1 drivers
v0x55efc3202360_0 .net "X~14", 0 0, L_0x55efc3228140;  1 drivers
v0x55efc3202420_0 .net "X~15", 0 0, L_0x55efc32280a0;  1 drivers
v0x55efc32024e0_0 .net "X~2", 0 0, L_0x55efc32290c0;  1 drivers
v0x55efc32025a0_0 .net "X~3", 0 0, L_0x55efc3229020;  1 drivers
v0x55efc3202660_0 .net "X~4", 0 0, L_0x55efc3228e00;  1 drivers
v0x55efc3202720_0 .net "X~5", 0 0, L_0x55efc3228cd0;  1 drivers
v0x55efc32027e0_0 .net "X~6", 0 0, L_0x55efc3228b50;  1 drivers
v0x55efc32028a0_0 .net "X~7", 0 0, L_0x55efc3228ab0;  1 drivers
v0x55efc3202960_0 .net "X~8", 0 0, L_0x55efc32288b0;  1 drivers
v0x55efc3202a20_0 .net "X~9", 0 0, L_0x55efc3228780;  1 drivers
v0x55efc3202cf0_0 .net "Y~0", 0 0, L_0x55efc3227f70;  1 drivers
v0x55efc3202db0_0 .net "Y~1", 0 0, L_0x55efc3227e40;  1 drivers
v0x55efc3202e70_0 .net "Y~10", 0 0, L_0x55efc32274d0;  1 drivers
v0x55efc3202f30_0 .net "Y~11", 0 0, L_0x55efc3227360;  1 drivers
v0x55efc3202ff0_0 .net "Y~12", 0 0, L_0x55efc32272c0;  1 drivers
v0x55efc32030b0_0 .net "Y~13", 0 0, L_0x55efc32270d0;  1 drivers
v0x55efc3203170_0 .net "Y~14", 0 0, L_0x55efc3227030;  1 drivers
v0x55efc3203230_0 .net "Y~15", 0 0, L_0x55efc3226f90;  1 drivers
v0x55efc32032f0_0 .net "Y~2", 0 0, L_0x55efc3227d20;  1 drivers
v0x55efc32033b0_0 .net "Y~3", 0 0, L_0x55efc3227c80;  1 drivers
v0x55efc3203470_0 .net "Y~4", 0 0, L_0x55efc3227ae0;  1 drivers
v0x55efc3203530_0 .net "Y~5", 0 0, L_0x55efc32279b0;  1 drivers
v0x55efc32035f0_0 .net "Y~6", 0 0, L_0x55efc3227820;  1 drivers
v0x55efc32036b0_0 .net "Y~7", 0 0, L_0x55efc3226ef0;  1 drivers
v0x55efc3203770_0 .net "Y~8", 0 0, L_0x55efc3227780;  1 drivers
v0x55efc3203830_0 .net "Y~9", 0 0, L_0x55efc3227600;  1 drivers
L_0x7f4ae6dfe018 .functor BUFT 1, C4<00001000000001110000011100001000>, C4<0>, C4<0>, C4<0>;
v0x55efc32038f0_0 .net/2u *"_ivl_0", 31 0, L_0x7f4ae6dfe018;  1 drivers
v0x55efc32039d0_0 .net *"_ivl_10", 3 0, L_0x55efc321c0d0;  1 drivers
v0x55efc3203ab0_0 .net *"_ivl_100", 15 0, L_0x55efc321f2f0;  1 drivers
L_0x7f4ae6dfe3c0 .functor BUFT 1, C4<0001000100010111>, C4<0>, C4<0>, C4<0>;
v0x55efc3203b90_0 .net/2u *"_ivl_104", 15 0, L_0x7f4ae6dfe3c0;  1 drivers
v0x55efc3203c70_0 .net *"_ivl_106", 3 0, L_0x55efc321f610;  1 drivers
v0x55efc3203d50_0 .net *"_ivl_108", 15 0, L_0x55efc321f8a0;  1 drivers
L_0x7f4ae6dfe408 .functor BUFT 1, C4<0001010001000001>, C4<0>, C4<0>, C4<0>;
v0x55efc3203e30_0 .net/2u *"_ivl_112", 15 0, L_0x7f4ae6dfe408;  1 drivers
v0x55efc3203f10_0 .net *"_ivl_114", 3 0, L_0x55efc321fc80;  1 drivers
v0x55efc3203ff0_0 .net *"_ivl_116", 15 0, L_0x55efc321fd20;  1 drivers
v0x55efc32040d0_0 .net *"_ivl_12", 15 0, L_0x55efc321c260;  1 drivers
L_0x7f4ae6dfe450 .functor BUFT 1, C4<0000000101010111000000010101011100000001010101110001010101111111>, C4<0>, C4<0>, C4<0>;
v0x55efc32041b0_0 .net/2u *"_ivl_120", 63 0, L_0x7f4ae6dfe450;  1 drivers
v0x55efc3204290_0 .net *"_ivl_122", 5 0, L_0x55efc32200a0;  1 drivers
v0x55efc3204370_0 .net *"_ivl_124", 63 0, L_0x55efc32203f0;  1 drivers
L_0x7f4ae6dfe498 .functor BUFT 1, C4<0001010001000001>, C4<0>, C4<0>, C4<0>;
v0x55efc3204450_0 .net/2u *"_ivl_128", 15 0, L_0x7f4ae6dfe498;  1 drivers
v0x55efc3204530_0 .net *"_ivl_130", 3 0, L_0x55efc3220760;  1 drivers
v0x55efc3204610_0 .net *"_ivl_132", 15 0, L_0x55efc3220800;  1 drivers
L_0x7f4ae6dfe4e0 .functor BUFT 1, C4<00101011>, C4<0>, C4<0>, C4<0>;
v0x55efc3204b00_0 .net/2u *"_ivl_136", 7 0, L_0x7f4ae6dfe4e0;  1 drivers
v0x55efc3204be0_0 .net *"_ivl_138", 2 0, L_0x55efc3220c00;  1 drivers
v0x55efc3204cc0_0 .net *"_ivl_140", 7 0, L_0x55efc3220f20;  1 drivers
L_0x7f4ae6dfe528 .functor BUFT 1, C4<0000000011010100000000000010101100000000001010110000000011010100>, C4<0>, C4<0>, C4<0>;
v0x55efc3204da0_0 .net/2u *"_ivl_144", 63 0, L_0x7f4ae6dfe528;  1 drivers
v0x55efc3204e80_0 .net *"_ivl_146", 5 0, L_0x55efc3221360;  1 drivers
v0x55efc3204f60_0 .net *"_ivl_148", 63 0, L_0x55efc32214e0;  1 drivers
L_0x7f4ae6dfe570 .functor BUFT 1, C4<0001010001000001>, C4<0>, C4<0>, C4<0>;
v0x55efc3205040_0 .net/2u *"_ivl_152", 15 0, L_0x7f4ae6dfe570;  1 drivers
v0x55efc3205120_0 .net *"_ivl_154", 3 0, L_0x55efc32218e0;  1 drivers
v0x55efc3205200_0 .net *"_ivl_156", 15 0, L_0x55efc3221bf0;  1 drivers
L_0x7f4ae6dfe0a8 .functor BUFT 1, C4<0001011101110111>, C4<0>, C4<0>, C4<0>;
v0x55efc32052e0_0 .net/2u *"_ivl_16", 15 0, L_0x7f4ae6dfe0a8;  1 drivers
L_0x7f4ae6dfe5b8 .functor BUFT 1, C4<0001>, C4<0>, C4<0>, C4<0>;
v0x55efc32053c0_0 .net/2u *"_ivl_160", 3 0, L_0x7f4ae6dfe5b8;  1 drivers
v0x55efc32054a0_0 .net *"_ivl_162", 1 0, L_0x55efc3222040;  1 drivers
v0x55efc3205580_0 .net *"_ivl_164", 3 0, L_0x55efc3222140;  1 drivers
L_0x7f4ae6dfe600 .functor BUFT 1, C4<1111110011010100110101001100000000000000000000000000000000000000>, C4<0>, C4<0>, C4<0>;
v0x55efc3205660_0 .net/2u *"_ivl_168", 63 0, L_0x7f4ae6dfe600;  1 drivers
v0x55efc3205740_0 .net *"_ivl_170", 5 0, L_0x55efc32225f0;  1 drivers
v0x55efc3205820_0 .net *"_ivl_172", 63 0, L_0x55efc32228a0;  1 drivers
L_0x7f4ae6dfe648 .functor BUFT 1, C4<0110>, C4<0>, C4<0>, C4<0>;
v0x55efc3205900_0 .net/2u *"_ivl_176", 3 0, L_0x7f4ae6dfe648;  1 drivers
v0x55efc32059e0_0 .net *"_ivl_178", 1 0, L_0x55efc3222cf0;  1 drivers
v0x55efc3205ac0_0 .net *"_ivl_18", 3 0, L_0x55efc321c500;  1 drivers
v0x55efc3205ba0_0 .net *"_ivl_180", 3 0, L_0x55efc3222e30;  1 drivers
L_0x7f4ae6dfe690 .functor BUFT 1, C4<1000>, C4<0>, C4<0>, C4<0>;
v0x55efc3205c80_0 .net/2u *"_ivl_184", 3 0, L_0x7f4ae6dfe690;  1 drivers
v0x55efc3205d60_0 .net *"_ivl_186", 1 0, L_0x55efc32232e0;  1 drivers
v0x55efc3205e40_0 .net *"_ivl_188", 3 0, L_0x55efc32235c0;  1 drivers
L_0x7f4ae6dfe6d8 .functor BUFT 1, C4<0000000011010100000000000010101100000000001010110000000011010100>, C4<0>, C4<0>, C4<0>;
v0x55efc3205f20_0 .net/2u *"_ivl_192", 63 0, L_0x7f4ae6dfe6d8;  1 drivers
v0x55efc3206000_0 .net *"_ivl_194", 5 0, L_0x55efc3223a90;  1 drivers
v0x55efc32060e0_0 .net *"_ivl_196", 63 0, L_0x55efc3223c10;  1 drivers
v0x55efc32061c0_0 .net *"_ivl_2", 4 0, L_0x55efc321bd40;  1 drivers
v0x55efc32062a0_0 .net *"_ivl_20", 15 0, L_0x55efc321c710;  1 drivers
L_0x7f4ae6dfe720 .functor BUFT 1, C4<0001010001000001>, C4<0>, C4<0>, C4<0>;
v0x55efc3206380_0 .net/2u *"_ivl_200", 15 0, L_0x7f4ae6dfe720;  1 drivers
v0x55efc3206460_0 .net *"_ivl_202", 3 0, L_0x55efc32240a0;  1 drivers
v0x55efc3206540_0 .net *"_ivl_204", 15 0, L_0x55efc32243b0;  1 drivers
L_0x7f4ae6dfe768 .functor BUFT 1, C4<0000000101010111000000010101011100000001010101110001010101111111>, C4<0>, C4<0>, C4<0>;
v0x55efc3206620_0 .net/2u *"_ivl_208", 63 0, L_0x7f4ae6dfe768;  1 drivers
v0x55efc3206700_0 .net *"_ivl_210", 5 0, L_0x55efc3224860;  1 drivers
v0x55efc32067e0_0 .net *"_ivl_212", 63 0, L_0x55efc32249e0;  1 drivers
L_0x7f4ae6dfe7b0 .functor BUFT 1, C4<0000000011010100000000000010101100000000001010110000000011010100>, C4<0>, C4<0>, C4<0>;
v0x55efc32068c0_0 .net/2u *"_ivl_216", 63 0, L_0x7f4ae6dfe7b0;  1 drivers
v0x55efc32069a0_0 .net *"_ivl_218", 5 0, L_0x55efc3224ef0;  1 drivers
v0x55efc3206a80_0 .net *"_ivl_220", 63 0, L_0x55efc3225310;  1 drivers
L_0x7f4ae6dfe7f8 .functor BUFT 1, C4<0001010001000001>, C4<0>, C4<0>, C4<0>;
v0x55efc3206b60_0 .net/2u *"_ivl_224", 15 0, L_0x7f4ae6dfe7f8;  1 drivers
v0x55efc3206c40_0 .net *"_ivl_226", 3 0, L_0x55efc32257f0;  1 drivers
v0x55efc3206d20_0 .net *"_ivl_228", 15 0, L_0x55efc32258f0;  1 drivers
L_0x7f4ae6dfe840 .functor BUFT 1, C4<00000011001010110010101100111111>, C4<0>, C4<0>, C4<0>;
v0x55efc3206e00_0 .net/2u *"_ivl_232", 31 0, L_0x7f4ae6dfe840;  1 drivers
v0x55efc3206ee0_0 .net *"_ivl_234", 4 0, L_0x55efc3225e10;  1 drivers
v0x55efc3206fc0_0 .net *"_ivl_236", 31 0, L_0x55efc32262a0;  1 drivers
L_0x7f4ae6dfe0f0 .functor BUFT 1, C4<0001010001000001>, C4<0>, C4<0>, C4<0>;
v0x55efc32070a0_0 .net/2u *"_ivl_24", 15 0, L_0x7f4ae6dfe0f0;  1 drivers
L_0x7f4ae6dfe888 .functor BUFT 1, C4<0000000011010100>, C4<0>, C4<0>, C4<0>;
v0x55efc3207180_0 .net/2u *"_ivl_240", 15 0, L_0x7f4ae6dfe888;  1 drivers
v0x55efc3207260_0 .net *"_ivl_242", 3 0, L_0x55efc3226800;  1 drivers
v0x55efc3207340_0 .net *"_ivl_244", 15 0, L_0x55efc3226940;  1 drivers
v0x55efc3207420_0 .net *"_ivl_26", 3 0, L_0x55efc321c9e0;  1 drivers
v0x55efc3207500_0 .net *"_ivl_28", 15 0, L_0x55efc321cae0;  1 drivers
L_0x7f4ae6dfe138 .functor BUFT 1, C4<0000000101010111000101010111111100010101011111110001010101111111>, C4<0>, C4<0>, C4<0>;
v0x55efc32075e0_0 .net/2u *"_ivl_32", 63 0, L_0x7f4ae6dfe138;  1 drivers
v0x55efc32076c0_0 .net *"_ivl_34", 5 0, L_0x55efc321cd80;  1 drivers
v0x55efc32077a0_0 .net *"_ivl_36", 63 0, L_0x55efc321cec0;  1 drivers
v0x55efc3207880_0 .net *"_ivl_4", 31 0, L_0x55efc321be70;  1 drivers
L_0x7f4ae6dfe180 .functor BUFT 1, C4<0000000011010100000000000010101100000000001010110000000011010100>, C4<0>, C4<0>, C4<0>;
v0x55efc3207960_0 .net/2u *"_ivl_40", 63 0, L_0x7f4ae6dfe180;  1 drivers
v0x55efc3207a40_0 .net *"_ivl_42", 5 0, L_0x55efc321d1c0;  1 drivers
v0x55efc3207b20_0 .net *"_ivl_44", 63 0, L_0x55efc321d390;  1 drivers
L_0x7f4ae6dfe1c8 .functor BUFT 1, C4<0001010001000001>, C4<0>, C4<0>, C4<0>;
v0x55efc3207c00_0 .net/2u *"_ivl_48", 15 0, L_0x7f4ae6dfe1c8;  1 drivers
v0x55efc3207ce0_0 .net *"_ivl_50", 3 0, L_0x55efc321d660;  1 drivers
v0x55efc3207dc0_0 .net *"_ivl_52", 15 0, L_0x55efc321d700;  1 drivers
L_0x7f4ae6dfe210 .functor BUFT 1, C4<00000011001010110010101100111111>, C4<0>, C4<0>, C4<0>;
v0x55efc3207ea0_0 .net/2u *"_ivl_56", 31 0, L_0x7f4ae6dfe210;  1 drivers
v0x55efc3207f80_0 .net *"_ivl_58", 4 0, L_0x55efc321d970;  1 drivers
v0x55efc3208060_0 .net *"_ivl_60", 31 0, L_0x55efc321db20;  1 drivers
L_0x7f4ae6dfe258 .functor BUFT 1, C4<00001110000000010000000100001110>, C4<0>, C4<0>, C4<0>;
v0x55efc3208140_0 .net/2u *"_ivl_64", 31 0, L_0x7f4ae6dfe258;  1 drivers
v0x55efc3208220_0 .net *"_ivl_66", 4 0, L_0x55efc321df00;  1 drivers
v0x55efc3208b10_0 .net *"_ivl_68", 31 0, L_0x55efc321dfd0;  1 drivers
L_0x7f4ae6dfe2a0 .functor BUFT 1, C4<1111110011010100110101001100000000000000000000000000000000000000>, C4<0>, C4<0>, C4<0>;
v0x55efc3208bf0_0 .net/2u *"_ivl_72", 63 0, L_0x7f4ae6dfe2a0;  1 drivers
v0x55efc3208cd0_0 .net *"_ivl_74", 5 0, L_0x55efc321e2c0;  1 drivers
v0x55efc3208db0_0 .net *"_ivl_76", 63 0, L_0x55efc321e5a0;  1 drivers
L_0x7f4ae6dfe060 .functor BUFT 1, C4<0001010001000001>, C4<0>, C4<0>, C4<0>;
v0x55efc3208e90_0 .net/2u *"_ivl_8", 15 0, L_0x7f4ae6dfe060;  1 drivers
L_0x7f4ae6dfe2e8 .functor BUFT 1, C4<0110>, C4<0>, C4<0>, C4<0>;
v0x55efc3208f70_0 .net/2u *"_ivl_80", 3 0, L_0x7f4ae6dfe2e8;  1 drivers
v0x55efc3209050_0 .net *"_ivl_82", 1 0, L_0x55efc321e8b0;  1 drivers
v0x55efc3209130_0 .net *"_ivl_84", 3 0, L_0x55efc321e9f0;  1 drivers
L_0x7f4ae6dfe330 .functor BUFT 1, C4<1000>, C4<0>, C4<0>, C4<0>;
v0x55efc3209210_0 .net/2u *"_ivl_88", 3 0, L_0x7f4ae6dfe330;  1 drivers
v0x55efc32092f0_0 .net *"_ivl_90", 1 0, L_0x55efc321ed80;  1 drivers
v0x55efc32093d0_0 .net *"_ivl_92", 3 0, L_0x55efc321ef40;  1 drivers
L_0x7f4ae6dfe378 .functor BUFT 1, C4<0001010001000001>, C4<0>, C4<0>, C4<0>;
v0x55efc32094b0_0 .net/2u *"_ivl_96", 15 0, L_0x7f4ae6dfe378;  1 drivers
v0x55efc3209590_0 .net *"_ivl_98", 3 0, L_0x55efc321ee20;  1 drivers
v0x55efc3209670_0 .net "clk", 0 0, v0x55efc320b830_0;  1 drivers
v0x55efc3209730_0 .net "n104", 0 0, L_0x55efc31dddb0;  1 drivers
v0x55efc32097f0_0 .net "n108", 0 0, L_0x55efc321bfe0;  1 drivers
v0x55efc32098b0_0 .net "n112", 0 0, L_0x55efc321c3d0;  1 drivers
v0x55efc3209970_0 .net "n116", 0 0, L_0x55efc321cb80;  1 drivers
v0x55efc3209a30_0 .net "n120", 0 0, L_0x55efc321d4d0;  1 drivers
v0x55efc3209af0_0 .net "n124", 0 0, L_0x55efc321d5c0;  1 drivers
v0x55efc3209bb0_0 .net "n128", 0 0, L_0x55efc321e1d0;  1 drivers
v0x55efc3209c70_0 .net "n132", 0 0, L_0x55efc321f520;  1 drivers
v0x55efc3209d30_0 .net "n136", 0 0, L_0x55efc3220000;  1 drivers
v0x55efc3209df0_0 .net "n140", 0 0, L_0x55efc3220b10;  1 drivers
v0x55efc3209eb0_0 .net "n144", 0 0, L_0x55efc32217f0;  1 drivers
v0x55efc3209f70_0 .net "n148", 0 0, L_0x55efc3221d60;  1 drivers
v0x55efc320a030_0 .net "n152", 0 0, L_0x55efc3223fb0;  1 drivers
v0x55efc320a0f0_0 .net "n156", 0 0, L_0x55efc32244f0;  1 drivers
v0x55efc320a1b0_0 .net "n160", 0 0, L_0x55efc3225450;  1 drivers
v0x55efc320a270_0 .net "n164", 0 0, L_0x55efc3225d20;  1 drivers
v0x55efc320a330_0 .net "n168", 0 0, L_0x55efc3226d70;  1 drivers
v0x55efc320a3f0_0 .net "new_new_n108_1", 0 0, L_0x55efc321c8a0;  1 drivers
v0x55efc320a4b0_0 .net "new_new_n110", 0 0, L_0x55efc321d080;  1 drivers
v0x55efc320a570_0 .net "new_new_n113", 0 0, L_0x55efc321dc60;  1 drivers
v0x55efc320a630_0 .net "new_new_n115_1", 0 0, L_0x55efc321e670;  1 drivers
v0x55efc320a6f0_0 .net "new_new_n116_1", 0 0, L_0x55efc321ec40;  1 drivers
v0x55efc320a7b0_0 .net "new_new_n117", 0 0, L_0x55efc321f080;  1 drivers
v0x55efc320a870_0 .net "new_new_n119_1", 0 0, L_0x55efc321f9e0;  1 drivers
v0x55efc320a930_0 .net "new_new_n121", 0 0, L_0x55efc3220490;  1 drivers
v0x55efc320a9f0_0 .net "new_new_n123_1", 0 0, L_0x55efc3221060;  1 drivers
v0x55efc320aab0_0 .net "new_new_n126", 0 0, L_0x55efc32224b0;  1 drivers
v0x55efc320ab70_0 .net "new_new_n127_1", 0 0, L_0x55efc3222990;  1 drivers
v0x55efc320ac30_0 .net "new_new_n128_1", 0 0, L_0x55efc32231a0;  1 drivers
v0x55efc320acf0_0 .net "new_new_n129", 0 0, L_0x55efc3223700;  1 drivers
v0x55efc320adb0_0 .net "new_new_n132_1", 0 0, L_0x55efc3224db0;  1 drivers
v0x55efc320ae70_0 .net "new_new_n135_1", 0 0, L_0x55efc32263e0;  1 drivers
v0x55efc320af30_0 .net "rst", 0 0, v0x55efc320bbd0_0;  1 drivers
E_0x55efc31b2ca0 .event posedge, v0x55efc3209670_0;
LS_0x55efc321bd40_0_0 .concat [ 1 1 1 1], L_0x55efc3227f70, L_0x55efc3229390, v0x55efc320bbd0_0, L_0x55efc3227e40;
LS_0x55efc321bd40_0_4 .concat [ 1 0 0 0], L_0x55efc3229260;
L_0x55efc321bd40 .concat [ 4 1 0 0], LS_0x55efc321bd40_0_0, LS_0x55efc321bd40_0_4;
L_0x55efc321be70 .shift/r 32, L_0x7f4ae6dfe018, L_0x55efc321bd40;
L_0x55efc321bfe0 .part L_0x55efc321be70, 0, 1;
L_0x55efc321c0d0 .concat [ 1 1 1 1], v0x55efc320bbd0_0, L_0x55efc321c8a0, L_0x55efc3227d20, L_0x55efc32290c0;
L_0x55efc321c260 .shift/r 16, L_0x7f4ae6dfe060, L_0x55efc321c0d0;
L_0x55efc321c3d0 .part L_0x55efc321c260, 0, 1;
L_0x55efc321c500 .concat [ 1 1 1 1], L_0x55efc3227e40, L_0x55efc3229260, L_0x55efc3227f70, L_0x55efc3229390;
L_0x55efc321c710 .shift/r 16, L_0x7f4ae6dfe0a8, L_0x55efc321c500;
L_0x55efc321c8a0 .part L_0x55efc321c710, 0, 1;
L_0x55efc321c9e0 .concat [ 1 1 1 1], v0x55efc320bbd0_0, L_0x55efc321d080, L_0x55efc3227c80, L_0x55efc3229020;
L_0x55efc321cae0 .shift/r 16, L_0x7f4ae6dfe0f0, L_0x55efc321c9e0;
L_0x55efc321cb80 .part L_0x55efc321cae0, 0, 1;
LS_0x55efc321cd80_0_0 .concat [ 1 1 1 1], L_0x55efc3227d20, L_0x55efc3227e40, L_0x55efc3229260, L_0x55efc32290c0;
LS_0x55efc321cd80_0_4 .concat [ 1 1 0 0], L_0x55efc3227f70, L_0x55efc3229390;
L_0x55efc321cd80 .concat [ 4 2 0 0], LS_0x55efc321cd80_0_0, LS_0x55efc321cd80_0_4;
L_0x55efc321cec0 .shift/r 64, L_0x7f4ae6dfe138, L_0x55efc321cd80;
L_0x55efc321d080 .part L_0x55efc321cec0, 0, 1;
LS_0x55efc321d1c0_0_0 .concat [ 1 1 1 1], L_0x55efc321d080, L_0x55efc3227c80, L_0x55efc3229020, v0x55efc320bbd0_0;
LS_0x55efc321d1c0_0_4 .concat [ 1 1 0 0], L_0x55efc3227ae0, L_0x55efc3228e00;
L_0x55efc321d1c0 .concat [ 4 2 0 0], LS_0x55efc321d1c0_0_0, LS_0x55efc321d1c0_0_4;
L_0x55efc321d390 .shift/r 64, L_0x7f4ae6dfe180, L_0x55efc321d1c0;
L_0x55efc321d4d0 .part L_0x55efc321d390, 0, 1;
L_0x55efc321d660 .concat [ 1 1 1 1], v0x55efc320bbd0_0, L_0x55efc321dc60, L_0x55efc32279b0, L_0x55efc3228cd0;
L_0x55efc321d700 .shift/r 16, L_0x7f4ae6dfe1c8, L_0x55efc321d660;
L_0x55efc321d5c0 .part L_0x55efc321d700, 0, 1;
LS_0x55efc321d970_0_0 .concat [ 1 1 1 1], L_0x55efc321d080, L_0x55efc3227ae0, L_0x55efc3228e00, L_0x55efc3227c80;
LS_0x55efc321d970_0_4 .concat [ 1 0 0 0], L_0x55efc3229020;
L_0x55efc321d970 .concat [ 4 1 0 0], LS_0x55efc321d970_0_0, LS_0x55efc321d970_0_4;
L_0x55efc321db20 .shift/r 32, L_0x7f4ae6dfe210, L_0x55efc321d970;
L_0x55efc321dc60 .part L_0x55efc321db20, 0, 1;
LS_0x55efc321df00_0_0 .concat [ 1 1 1 1], L_0x55efc321e670, L_0x55efc321f080, v0x55efc320bbd0_0, L_0x55efc3227820;
LS_0x55efc321df00_0_4 .concat [ 1 0 0 0], L_0x55efc3228b50;
L_0x55efc321df00 .concat [ 4 1 0 0], LS_0x55efc321df00_0_0, LS_0x55efc321df00_0_4;
L_0x55efc321dfd0 .shift/r 32, L_0x7f4ae6dfe258, L_0x55efc321df00;
L_0x55efc321e1d0 .part L_0x55efc321dfd0, 0, 1;
LS_0x55efc321e2c0_0_0 .concat [ 1 1 1 1], L_0x55efc321d080, L_0x55efc3227ae0, L_0x55efc3228e00, L_0x55efc3227c80;
LS_0x55efc321e2c0_0_4 .concat [ 1 1 0 0], L_0x55efc3229020, L_0x55efc321ec40;
L_0x55efc321e2c0 .concat [ 4 2 0 0], LS_0x55efc321e2c0_0_0, LS_0x55efc321e2c0_0_4;
L_0x55efc321e5a0 .shift/r 64, L_0x7f4ae6dfe2a0, L_0x55efc321e2c0;
L_0x55efc321e670 .part L_0x55efc321e5a0, 0, 1;
L_0x55efc321e8b0 .concat [ 1 1 0 0], L_0x55efc32279b0, L_0x55efc3228cd0;
L_0x55efc321e9f0 .shift/r 4, L_0x7f4ae6dfe2e8, L_0x55efc321e8b0;
L_0x55efc321ec40 .part L_0x55efc321e9f0, 0, 1;
L_0x55efc321ed80 .concat [ 1 1 0 0], L_0x55efc32279b0, L_0x55efc3228cd0;
L_0x55efc321ef40 .shift/r 4, L_0x7f4ae6dfe330, L_0x55efc321ed80;
L_0x55efc321f080 .part L_0x55efc321ef40, 0, 1;
L_0x55efc321ee20 .concat [ 1 1 1 1], v0x55efc320bbd0_0, L_0x55efc321f9e0, L_0x55efc3226ef0, L_0x55efc3228ab0;
L_0x55efc321f2f0 .shift/r 16, L_0x7f4ae6dfe378, L_0x55efc321ee20;
L_0x55efc321f520 .part L_0x55efc321f2f0, 0, 1;
L_0x55efc321f610 .concat [ 1 1 1 1], L_0x55efc3227820, L_0x55efc3228b50, L_0x55efc321e670, L_0x55efc321f080;
L_0x55efc321f8a0 .shift/r 16, L_0x7f4ae6dfe3c0, L_0x55efc321f610;
L_0x55efc321f9e0 .part L_0x55efc321f8a0, 0, 1;
L_0x55efc321fc80 .concat [ 1 1 1 1], v0x55efc320bbd0_0, L_0x55efc3220490, L_0x55efc3227780, L_0x55efc32288b0;
L_0x55efc321fd20 .shift/r 16, L_0x7f4ae6dfe408, L_0x55efc321fc80;
L_0x55efc3220000 .part L_0x55efc321fd20, 0, 1;
LS_0x55efc32200a0_0_0 .concat [ 1 1 1 1], L_0x55efc3226ef0, L_0x55efc3227820, L_0x55efc3228b50, L_0x55efc3228ab0;
LS_0x55efc32200a0_0_4 .concat [ 1 1 0 0], L_0x55efc321f080, L_0x55efc321e670;
L_0x55efc32200a0 .concat [ 4 2 0 0], LS_0x55efc32200a0_0_0, LS_0x55efc32200a0_0_4;
L_0x55efc32203f0 .shift/r 64, L_0x7f4ae6dfe450, L_0x55efc32200a0;
L_0x55efc3220490 .part L_0x55efc32203f0, 0, 1;
L_0x55efc3220760 .concat [ 1 1 1 1], v0x55efc320bbd0_0, L_0x55efc3221060, L_0x55efc3227600, L_0x55efc3228780;
L_0x55efc3220800 .shift/r 16, L_0x7f4ae6dfe498, L_0x55efc3220760;
L_0x55efc3220b10 .part L_0x55efc3220800, 0, 1;
L_0x55efc3220c00 .concat [ 1 1 1 0], L_0x55efc3220490, L_0x55efc3227780, L_0x55efc32288b0;
L_0x55efc3220f20 .shift/r 8, L_0x7f4ae6dfe4e0, L_0x55efc3220c00;
L_0x55efc3221060 .part L_0x55efc3220f20, 0, 1;
LS_0x55efc3221360_0_0 .concat [ 1 1 1 1], L_0x55efc3221060, L_0x55efc3227600, L_0x55efc3228780, v0x55efc320bbd0_0;
LS_0x55efc3221360_0_4 .concat [ 1 1 0 0], L_0x55efc32274d0, L_0x55efc3228590;
L_0x55efc3221360 .concat [ 4 2 0 0], LS_0x55efc3221360_0_0, LS_0x55efc3221360_0_4;
L_0x55efc32214e0 .shift/r 64, L_0x7f4ae6dfe528, L_0x55efc3221360;
L_0x55efc32217f0 .part L_0x55efc32214e0, 0, 1;
L_0x55efc32218e0 .concat [ 1 1 1 1], v0x55efc320bbd0_0, L_0x55efc32224b0, L_0x55efc3227360, L_0x55efc32281e0;
L_0x55efc3221bf0 .shift/r 16, L_0x7f4ae6dfe570, L_0x55efc32218e0;
L_0x55efc3221d60 .part L_0x55efc3221bf0, 0, 1;
L_0x55efc3222040 .concat [ 1 1 0 0], L_0x55efc3222990, L_0x55efc3223700;
L_0x55efc3222140 .shift/r 4, L_0x7f4ae6dfe5b8, L_0x55efc3222040;
L_0x55efc32224b0 .part L_0x55efc3222140, 0, 1;
LS_0x55efc32225f0_0_0 .concat [ 1 1 1 1], L_0x55efc3220490, L_0x55efc3227600, L_0x55efc3228780, L_0x55efc3227780;
LS_0x55efc32225f0_0_4 .concat [ 1 1 0 0], L_0x55efc32288b0, L_0x55efc32231a0;
L_0x55efc32225f0 .concat [ 4 2 0 0], LS_0x55efc32225f0_0_0, LS_0x55efc32225f0_0_4;
L_0x55efc32228a0 .shift/r 64, L_0x7f4ae6dfe600, L_0x55efc32225f0;
L_0x55efc3222990 .part L_0x55efc32228a0, 0, 1;
L_0x55efc3222cf0 .concat [ 1 1 0 0], L_0x55efc32274d0, L_0x55efc3228590;
L_0x55efc3222e30 .shift/r 4, L_0x7f4ae6dfe648, L_0x55efc3222cf0;
L_0x55efc32231a0 .part L_0x55efc3222e30, 0, 1;
L_0x55efc32232e0 .concat [ 1 1 0 0], L_0x55efc32274d0, L_0x55efc3228590;
L_0x55efc32235c0 .shift/r 4, L_0x7f4ae6dfe690, L_0x55efc32232e0;
L_0x55efc3223700 .part L_0x55efc32235c0, 0, 1;
LS_0x55efc3223a90_0_0 .concat [ 1 1 1 1], L_0x55efc32224b0, L_0x55efc3227360, L_0x55efc32281e0, v0x55efc320bbd0_0;
LS_0x55efc3223a90_0_4 .concat [ 1 1 0 0], L_0x55efc32272c0, L_0x55efc3228320;
L_0x55efc3223a90 .concat [ 4 2 0 0], LS_0x55efc3223a90_0_0, LS_0x55efc3223a90_0_4;
L_0x55efc3223c10 .shift/r 64, L_0x7f4ae6dfe6d8, L_0x55efc3223a90;
L_0x55efc3223fb0 .part L_0x55efc3223c10, 0, 1;
L_0x55efc32240a0 .concat [ 1 1 1 1], v0x55efc320bbd0_0, L_0x55efc3224db0, L_0x55efc32270d0, L_0x55efc3228280;
L_0x55efc32243b0 .shift/r 16, L_0x7f4ae6dfe720, L_0x55efc32240a0;
L_0x55efc32244f0 .part L_0x55efc32243b0, 0, 1;
LS_0x55efc3224860_0_0 .concat [ 1 1 1 1], L_0x55efc32272c0, L_0x55efc3227360, L_0x55efc32281e0, L_0x55efc3228320;
LS_0x55efc3224860_0_4 .concat [ 1 1 0 0], L_0x55efc3223700, L_0x55efc3222990;
L_0x55efc3224860 .concat [ 4 2 0 0], LS_0x55efc3224860_0_0, LS_0x55efc3224860_0_4;
L_0x55efc32249e0 .shift/r 64, L_0x7f4ae6dfe768, L_0x55efc3224860;
L_0x55efc3224db0 .part L_0x55efc32249e0, 0, 1;
LS_0x55efc3224ef0_0_0 .concat [ 1 1 1 1], L_0x55efc3224db0, L_0x55efc32270d0, L_0x55efc3228280, v0x55efc320bbd0_0;
LS_0x55efc3224ef0_0_4 .concat [ 1 1 0 0], L_0x55efc3227030, L_0x55efc3228140;
L_0x55efc3224ef0 .concat [ 4 2 0 0], LS_0x55efc3224ef0_0_0, LS_0x55efc3224ef0_0_4;
L_0x55efc3225310 .shift/r 64, L_0x7f4ae6dfe7b0, L_0x55efc3224ef0;
L_0x55efc3225450 .part L_0x55efc3225310, 0, 1;
L_0x55efc32257f0 .concat [ 1 1 1 1], v0x55efc320bbd0_0, L_0x55efc32263e0, L_0x55efc3226f90, L_0x55efc32280a0;
L_0x55efc32258f0 .shift/r 16, L_0x7f4ae6dfe7f8, L_0x55efc32257f0;
L_0x55efc3225d20 .part L_0x55efc32258f0, 0, 1;
LS_0x55efc3225e10_0_0 .concat [ 1 1 1 1], L_0x55efc3224db0, L_0x55efc3227030, L_0x55efc3228140, L_0x55efc32270d0;
LS_0x55efc3225e10_0_4 .concat [ 1 0 0 0], L_0x55efc3228280;
L_0x55efc3225e10 .concat [ 4 1 0 0], LS_0x55efc3225e10_0_0, LS_0x55efc3225e10_0_4;
L_0x55efc32262a0 .shift/r 32, L_0x7f4ae6dfe840, L_0x55efc3225e10;
L_0x55efc32263e0 .part L_0x55efc32262a0, 0, 1;
L_0x55efc3226800 .concat [ 1 1 1 1], L_0x55efc32263e0, L_0x55efc3226f90, L_0x55efc32280a0, v0x55efc320bbd0_0;
L_0x55efc3226940 .shift/r 16, L_0x7f4ae6dfe888, L_0x55efc3226800;
L_0x55efc3226d70 .part L_0x55efc3226940, 0, 1;
    .scope S_0x55efc31dba60;
T_0 ;
    %wait E_0x55efc31b2ca0;
    %load/vec4 v0x55efc3209730_0;
    %assign/vec4 v0x55efc31e8460_0, 0;
    %jmp T_0;
    .thread T_0;
    .scope S_0x55efc31dba60;
T_1 ;
    %wait E_0x55efc31b2ca0;
    %load/vec4 v0x55efc3209df0_0;
    %assign/vec4 v0x55efc3201e20_0, 0;
    %jmp T_1;
    .thread T_1;
    .scope S_0x55efc31dba60;
T_2 ;
    %wait E_0x55efc31b2ca0;
    %load/vec4 v0x55efc3209eb0_0;
    %assign/vec4 v0x55efc31e8b40_0, 0;
    %jmp T_2;
    .thread T_2;
    .scope S_0x55efc31dba60;
T_3 ;
    %wait E_0x55efc31b2ca0;
    %load/vec4 v0x55efc3209f70_0;
    %assign/vec4 v0x55efc31e8eb0_0, 0;
    %jmp T_3;
    .thread T_3;
    .scope S_0x55efc31dba60;
T_4 ;
    %wait E_0x55efc31b2ca0;
    %load/vec4 v0x55efc320a030_0;
    %assign/vec4 v0x55efc31e9220_0, 0;
    %jmp T_4;
    .thread T_4;
    .scope S_0x55efc31dba60;
T_5 ;
    %wait E_0x55efc31b2ca0;
    %load/vec4 v0x55efc320a0f0_0;
    %assign/vec4 v0x55efc31e9590_0, 0;
    %jmp T_5;
    .thread T_5;
    .scope S_0x55efc31dba60;
T_6 ;
    %wait E_0x55efc31b2ca0;
    %load/vec4 v0x55efc320a1b0_0;
    %assign/vec4 v0x55efc31e9900_0, 0;
    %jmp T_6;
    .thread T_6;
    .scope S_0x55efc31dba60;
T_7 ;
    %wait E_0x55efc31b2ca0;
    %load/vec4 v0x55efc320a270_0;
    %assign/vec4 v0x55efc3201760_0, 0;
    %jmp T_7;
    .thread T_7;
    .scope S_0x55efc31dba60;
T_8 ;
    %wait E_0x55efc31b2ca0;
    %load/vec4 v0x55efc320a330_0;
    %assign/vec4 v0x55efc3201820_0, 0;
    %jmp T_8;
    .thread T_8;
    .scope S_0x55efc31dba60;
T_9 ;
    %wait E_0x55efc31b2ca0;
    %load/vec4 v0x55efc32097f0_0;
    %assign/vec4 v0x55efc31e87d0_0, 0;
    %jmp T_9;
    .thread T_9;
    .scope S_0x55efc31dba60;
T_10 ;
    %wait E_0x55efc31b2ca0;
    %load/vec4 v0x55efc32098b0_0;
    %assign/vec4 v0x55efc32018e0_0, 0;
    %jmp T_10;
    .thread T_10;
    .scope S_0x55efc31dba60;
T_11 ;
    %wait E_0x55efc31b2ca0;
    %load/vec4 v0x55efc3209970_0;
    %assign/vec4 v0x55efc32019a0_0, 0;
    %jmp T_11;
    .thread T_11;
    .scope S_0x55efc31dba60;
T_12 ;
    %wait E_0x55efc31b2ca0;
    %load/vec4 v0x55efc3209a30_0;
    %assign/vec4 v0x55efc3201a60_0, 0;
    %jmp T_12;
    .thread T_12;
    .scope S_0x55efc31dba60;
T_13 ;
    %wait E_0x55efc31b2ca0;
    %load/vec4 v0x55efc3209af0_0;
    %assign/vec4 v0x55efc3201b20_0, 0;
    %jmp T_13;
    .thread T_13;
    .scope S_0x55efc31dba60;
T_14 ;
    %wait E_0x55efc31b2ca0;
    %load/vec4 v0x55efc3209bb0_0;
    %assign/vec4 v0x55efc3201be0_0, 0;
    %jmp T_14;
    .thread T_14;
    .scope S_0x55efc31dba60;
T_15 ;
    %wait E_0x55efc31b2ca0;
    %load/vec4 v0x55efc3209c70_0;
    %assign/vec4 v0x55efc3201ca0_0, 0;
    %jmp T_15;
    .thread T_15;
    .scope S_0x55efc31dba60;
T_16 ;
    %wait E_0x55efc31b2ca0;
    %load/vec4 v0x55efc3209d30_0;
    %assign/vec4 v0x55efc3201d60_0, 0;
    %jmp T_16;
    .thread T_16;
    .scope S_0x55efc31e3c30;
T_17 ;
    %delay 5, 0;
    %load/vec4 v0x55efc320b830_0;
    %inv;
    %store/vec4 v0x55efc320b830_0, 0, 1;
    %jmp T_17;
    .thread T_17;
    .scope S_0x55efc31e3c30;
T_18 ;
    %pushi/vec4 0, 0, 1;
    %store/vec4 v0x55efc320b830_0, 0, 1;
    %pushi/vec4 1, 0, 1;
    %store/vec4 v0x55efc320bbd0_0, 0, 1;
    %pushi/vec4 0, 0, 16;
    %store/vec4 v0x55efc320b650_0, 0, 16;
    %pushi/vec4 0, 0, 16;
    %store/vec4 v0x55efc320b750_0, 0, 16;
    %vpi_call 2 42 "$readmemh", "memA.dat", v0x55efc320b970 {0 0 0};
    %vpi_call 2 43 "$readmemh", "memB.dat", v0x55efc320ba30 {0 0 0};
    %vpi_func 2 46 "$fopen" 32, "output_sum.txt", "w" {0 0 0};
    %store/vec4 v0x55efc320baf0_0, 0, 32;
    %delay 10, 0;
    %pushi/vec4 0, 0, 1;
    %store/vec4 v0x55efc320bbd0_0, 0, 1;
    %pushi/vec4 0, 0, 32;
    %store/vec4 v0x55efc320b8d0_0, 0, 32;
T_18.0 ;
    %load/vec4 v0x55efc320b8d0_0;
    %cmpi/s 1000000, 0, 32;
    %jmp/0xz T_18.1, 5;
    %ix/getv/s 4, v0x55efc320b8d0_0;
    %load/vec4a v0x55efc320b970, 4;
    %store/vec4 v0x55efc320b650_0, 0, 16;
    %ix/getv/s 4, v0x55efc320b8d0_0;
    %load/vec4a v0x55efc320ba30, 4;
    %store/vec4 v0x55efc320b750_0, 0, 16;
    %delay 10, 0;
    %vpi_call 2 56 "$fwrite", v0x55efc320baf0_0, "%h\012", v0x55efc320bc70_0 {0 0 0};
    %load/vec4 v0x55efc320b8d0_0;
    %addi 1, 0, 32;
    %store/vec4 v0x55efc320b8d0_0, 0, 32;
    %jmp T_18.0;
T_18.1 ;
    %vpi_call 2 60 "$fclose", v0x55efc320baf0_0 {0 0 0};
    %delay 10, 0;
    %vpi_call 2 63 "$finish" {0 0 0};
    %end;
    .thread T_18;
# The file index is used to find the file name in the following table.
:file_names 4;
    "N/A";
    "<interactive>";
    "bk_tb.v";
    "BK_16b_aprox_1.v";
