#Timing report of worst 34 path(s)
# Unit scale: 1e-09 seconds
# Output precision: 3

#Path 1
Startpoint: Y~0.inpad[0] (.input clocked by clk)
Endpoint  : S~0.D[0] (.latch clocked by clk)
Path Type : hold

Point                                                             Incr      Path
--------------------------------------------------------------------------------
clock clk (rise edge)                                            0.000     0.000
clock source latency                                             0.000     0.000
input external delay                                             0.000     0.000
Y~0.inpad[0] (.input)                                            0.000     0.000
S~0.D[0] (.latch)                                                0.342     0.342
data arrival time                                                          0.342

clock clk (rise edge)                                            0.000     0.000
clock source latency                                             0.000     0.000
clk.inpad[0] (.input)                                            0.000     0.000
S~0.clk[0] (.latch)                                              0.000     0.000
clock uncertainty                                                0.000     0.000
cell hold time                                                   0.066     0.066
data required time                                                         0.066
--------------------------------------------------------------------------------
data required time                                                        -0.066
data arrival time                                                          0.342
--------------------------------------------------------------------------------
slack (MET)                                                                0.276


#Path 2
Startpoint: S~11.Q[0] (.latch clocked by clk)
Endpoint  : out:S~11.outpad[0] (.output clocked by clk)
Path Type : hold

Point                                                             Incr      Path
--------------------------------------------------------------------------------
clock clk (rise edge)                                            0.000     0.000
clock source latency                                             0.000     0.000
clk.inpad[0] (.input)                                            0.000     0.000
S~11.clk[0] (.latch)                                             0.000     0.000
S~11.Q[0] (.latch) [clock-to-output]                             0.124     0.124
out:S~11.outpad[0] (.output)                                     0.189     0.313
data arrival time                                                          0.313

clock clk (rise edge)                                            0.000     0.000
clock source latency                                             0.000     0.000
clock uncertainty                                                0.000     0.000
output external delay                                            0.000     0.000
data required time                                                         0.000
--------------------------------------------------------------------------------
data required time                                                        -0.000
data arrival time                                                          0.313
--------------------------------------------------------------------------------
slack (MET)                                                                0.313


#Path 3
Startpoint: X~9.inpad[0] (.input clocked by clk)
Endpoint  : S~9.D[0] (.latch clocked by clk)
Path Type : hold

Point                                                             Incr      Path
--------------------------------------------------------------------------------
clock clk (rise edge)                                            0.000     0.000
clock source latency                                             0.000     0.000
input external delay                                             0.000     0.000
X~9.inpad[0] (.input)                                            0.000     0.000
n140.in[3] (.names)                                              0.169     0.169
n140.out[0] (.names)                                             0.235     0.404
S~9.D[0] (.latch)                                                0.000     0.404
data arrival time                                                          0.404

clock clk (rise edge)                                            0.000     0.000
clock source latency                                             0.000     0.000
clk.inpad[0] (.input)                                            0.000     0.000
S~9.clk[0] (.latch)                                              0.000     0.000
clock uncertainty                                                0.000     0.000
cell hold time                                                   0.066     0.066
data required time                                                         0.066
--------------------------------------------------------------------------------
data required time                                                        -0.066
data arrival time                                                          0.404
--------------------------------------------------------------------------------
slack (MET)                                                                0.338


#Path 4
Startpoint: X~3.inpad[0] (.input clocked by clk)
Endpoint  : S~3.D[0] (.latch clocked by clk)
Path Type : hold

Point                                                             Incr      Path
--------------------------------------------------------------------------------
clock clk (rise edge)                                            0.000     0.000
clock source latency                                             0.000     0.000
input external delay                                             0.000     0.000
X~3.inpad[0] (.input)                                            0.000     0.000
n116.in[3] (.names)                                              0.170     0.170
n116.out[0] (.names)                                             0.235     0.405
S~3.D[0] (.latch)                                                0.000     0.405
data arrival time                                                          0.405

clock clk (rise edge)                                            0.000     0.000
clock source latency                                             0.000     0.000
clk.inpad[0] (.input)                                            0.000     0.000
S~3.clk[0] (.latch)                                              0.000     0.000
clock uncertainty                                                0.000     0.000
cell hold time                                                   0.066     0.066
data required time                                                         0.066
--------------------------------------------------------------------------------
data required time                                                        -0.066
data arrival time                                                          0.405
--------------------------------------------------------------------------------
slack (MET)                                                                0.339


#Path 5
Startpoint: X~6.inpad[0] (.input clocked by clk)
Endpoint  : S~6.D[0] (.latch clocked by clk)
Path Type : hold

Point                                                             Incr      Path
--------------------------------------------------------------------------------
clock clk (rise edge)                                            0.000     0.000
clock source latency                                             0.000     0.000
input external delay                                             0.000     0.000
X~6.inpad[0] (.input)                                            0.000     0.000
n128.in[4] (.names)                                              0.170     0.170
n128.out[0] (.names)                                             0.235     0.405
S~6.D[0] (.latch)                                                0.000     0.405
data arrival time                                                          0.405

clock clk (rise edge)                                            0.000     0.000
clock source latency                                             0.000     0.000
clk.inpad[0] (.input)                                            0.000     0.000
S~6.clk[0] (.latch)                                              0.000     0.000
clock uncertainty                                                0.000     0.000
cell hold time                                                   0.066     0.066
data required time                                                         0.066
--------------------------------------------------------------------------------
data required time                                                        -0.066
data arrival time                                                          0.405
--------------------------------------------------------------------------------
slack (MET)                                                                0.339


#Path 6
Startpoint: Y~7.inpad[0] (.input clocked by clk)
Endpoint  : S~7.D[0] (.latch clocked by clk)
Path Type : hold

Point                                                             Incr      Path
--------------------------------------------------------------------------------
clock clk (rise edge)                                            0.000     0.000
clock source latency                                             0.000     0.000
input external delay                                             0.000     0.000
Y~7.inpad[0] (.input)                                            0.000     0.000
n132.in[2] (.names)                                              0.170     0.170
n132.out[0] (.names)                                             0.235     0.405
S~7.D[0] (.latch)                                                0.000     0.405
data arrival time                                                          0.405

clock clk (rise edge)                                            0.000     0.000
clock source latency                                             0.000     0.000
clk.inpad[0] (.input)                                            0.000     0.000
S~7.clk[0] (.latch)                                              0.000     0.000
clock uncertainty                                                0.000     0.000
cell hold time                                                   0.066     0.066
data required time                                                         0.066
--------------------------------------------------------------------------------
data required time                                                        -0.066
data arrival time                                                          0.405
--------------------------------------------------------------------------------
slack (MET)                                                                0.339


#Path 7
Startpoint: Y~2.inpad[0] (.input clocked by clk)
Endpoint  : S~2.D[0] (.latch clocked by clk)
Path Type : hold

Point                                                             Incr      Path
--------------------------------------------------------------------------------
clock clk (rise edge)                                            0.000     0.000
clock source latency                                             0.000     0.000
input external delay                                             0.000     0.000
Y~2.inpad[0] (.input)                                            0.000     0.000
n112.in[2] (.names)                                              0.193     0.193
n112.out[0] (.names)                                             0.235     0.428
S~2.D[0] (.latch)                                                0.000     0.428
data arrival time                                                          0.428

clock clk (rise edge)                                            0.000     0.000
clock source latency                                             0.000     0.000
clk.inpad[0] (.input)                                            0.000     0.000
S~2.clk[0] (.latch)                                              0.000     0.000
clock uncertainty                                                0.000     0.000
cell hold time                                                   0.066     0.066
data required time                                                         0.066
--------------------------------------------------------------------------------
data required time                                                        -0.066
data arrival time                                                          0.428
--------------------------------------------------------------------------------
slack (MET)                                                                0.362


#Path 8
Startpoint: Y~14.inpad[0] (.input clocked by clk)
Endpoint  : S~14.D[0] (.latch clocked by clk)
Path Type : hold

Point                                                             Incr      Path
--------------------------------------------------------------------------------
clock clk (rise edge)                                            0.000     0.000
clock source latency                                             0.000     0.000
input external delay                                             0.000     0.000
Y~14.inpad[0] (.input)                                           0.000     0.000
n160.in[4] (.names)                                              0.167     0.167
n160.out[0] (.names)                                             0.261     0.428
S~14.D[0] (.latch)                                               0.000     0.428
data arrival time                                                          0.428

clock clk (rise edge)                                            0.000     0.000
clock source latency                                             0.000     0.000
clk.inpad[0] (.input)                                            0.000     0.000
S~14.clk[0] (.latch)                                             0.000     0.000
clock uncertainty                                                0.000     0.000
cell hold time                                                   0.066     0.066
data required time                                                         0.066
--------------------------------------------------------------------------------
data required time                                                        -0.066
data arrival time                                                          0.428
--------------------------------------------------------------------------------
slack (MET)                                                                0.362


#Path 9
Startpoint: X~9.inpad[0] (.input clocked by clk)
Endpoint  : S~10.D[0] (.latch clocked by clk)
Path Type : hold

Point                                                             Incr      Path
--------------------------------------------------------------------------------
clock clk (rise edge)                                            0.000     0.000
clock source latency                                             0.000     0.000
input external delay                                             0.000     0.000
X~9.inpad[0] (.input)                                            0.000     0.000
n144.in[2] (.names)                                              0.169     0.169
n144.out[0] (.names)                                             0.261     0.430
S~10.D[0] (.latch)                                               0.000     0.430
data arrival time                                                          0.430

clock clk (rise edge)                                            0.000     0.000
clock source latency                                             0.000     0.000
clk.inpad[0] (.input)                                            0.000     0.000
S~10.clk[0] (.latch)                                             0.000     0.000
clock uncertainty                                                0.000     0.000
cell hold time                                                   0.066     0.066
data required time                                                         0.066
--------------------------------------------------------------------------------
data required time                                                        -0.066
data arrival time                                                          0.430
--------------------------------------------------------------------------------
slack (MET)                                                                0.364


#Path 10
Startpoint: X~3.inpad[0] (.input clocked by clk)
Endpoint  : S~4.D[0] (.latch clocked by clk)
Path Type : hold

Point                                                             Incr      Path
--------------------------------------------------------------------------------
clock clk (rise edge)                                            0.000     0.000
clock source latency                                             0.000     0.000
input external delay                                             0.000     0.000
X~3.inpad[0] (.input)                                            0.000     0.000
n120.in[2] (.names)                                              0.170     0.170
n120.out[0] (.names)                                             0.261     0.431
S~4.D[0] (.latch)                                                0.000     0.431
data arrival time                                                          0.431

clock clk (rise edge)                                            0.000     0.000
clock source latency                                             0.000     0.000
clk.inpad[0] (.input)                                            0.000     0.000
S~4.clk[0] (.latch)                                              0.000     0.000
clock uncertainty                                                0.000     0.000
cell hold time                                                   0.066     0.066
data required time                                                         0.066
--------------------------------------------------------------------------------
data required time                                                        -0.066
data arrival time                                                          0.431
--------------------------------------------------------------------------------
slack (MET)                                                                0.365


#Path 11
Startpoint: S~16.Q[0] (.latch clocked by clk)
Endpoint  : out:S~16.outpad[0] (.output clocked by clk)
Path Type : hold

Point                                                             Incr      Path
--------------------------------------------------------------------------------
clock clk (rise edge)                                            0.000     0.000
clock source latency                                             0.000     0.000
clk.inpad[0] (.input)                                            0.000     0.000
S~16.clk[0] (.latch)                                             0.000     0.000
S~16.Q[0] (.latch) [clock-to-output]                             0.124     0.124
out:S~16.outpad[0] (.output)                                     0.244     0.368
data arrival time                                                          0.368

clock clk (rise edge)                                            0.000     0.000
clock source latency                                             0.000     0.000
clock uncertainty                                                0.000     0.000
output external delay                                            0.000     0.000
data required time                                                         0.000
--------------------------------------------------------------------------------
data required time                                                        -0.000
data arrival time                                                          0.368
--------------------------------------------------------------------------------
slack (MET)                                                                0.368


#Path 12
Startpoint: S~15.Q[0] (.latch clocked by clk)
Endpoint  : out:S~15.outpad[0] (.output clocked by clk)
Path Type : hold

Point                                                             Incr      Path
--------------------------------------------------------------------------------
clock clk (rise edge)                                            0.000     0.000
clock source latency                                             0.000     0.000
clk.inpad[0] (.input)                                            0.000     0.000
S~15.clk[0] (.latch)                                             0.000     0.000
S~15.Q[0] (.latch) [clock-to-output]                             0.124     0.124
out:S~15.outpad[0] (.output)                                     0.245     0.369
data arrival time                                                          0.369

clock clk (rise edge)                                            0.000     0.000
clock source latency                                             0.000     0.000
clock uncertainty                                                0.000     0.000
output external delay                                            0.000     0.000
data required time                                                         0.000
--------------------------------------------------------------------------------
data required time                                                        -0.000
data arrival time                                                          0.369
--------------------------------------------------------------------------------
slack (MET)                                                                0.369


#Path 13
Startpoint: S~7.Q[0] (.latch clocked by clk)
Endpoint  : out:S~7.outpad[0] (.output clocked by clk)
Path Type : hold

Point                                                             Incr      Path
--------------------------------------------------------------------------------
clock clk (rise edge)                                            0.000     0.000
clock source latency                                             0.000     0.000
clk.inpad[0] (.input)                                            0.000     0.000
S~7.clk[0] (.latch)                                              0.000     0.000
S~7.Q[0] (.latch) [clock-to-output]                              0.124     0.124
out:S~7.outpad[0] (.output)                                      0.248     0.372
data arrival time                                                          0.372

clock clk (rise edge)                                            0.000     0.000
clock source latency                                             0.000     0.000
clock uncertainty                                                0.000     0.000
output external delay                                            0.000     0.000
data required time                                                         0.000
--------------------------------------------------------------------------------
data required time                                                        -0.000
data arrival time                                                          0.372
--------------------------------------------------------------------------------
slack (MET)                                                                0.372


#Path 14
Startpoint: S~14.Q[0] (.latch clocked by clk)
Endpoint  : out:S~14.outpad[0] (.output clocked by clk)
Path Type : hold

Point                                                             Incr      Path
--------------------------------------------------------------------------------
clock clk (rise edge)                                            0.000     0.000
clock source latency                                             0.000     0.000
clk.inpad[0] (.input)                                            0.000     0.000
S~14.clk[0] (.latch)                                             0.000     0.000
S~14.Q[0] (.latch) [clock-to-output]                             0.124     0.124
out:S~14.outpad[0] (.output)                                     0.270     0.394
data arrival time                                                          0.394

clock clk (rise edge)                                            0.000     0.000
clock source latency                                             0.000     0.000
clock uncertainty                                                0.000     0.000
output external delay                                            0.000     0.000
data required time                                                         0.000
--------------------------------------------------------------------------------
data required time                                                        -0.000
data arrival time                                                          0.394
--------------------------------------------------------------------------------
slack (MET)                                                                0.394


#Path 15
Startpoint: S~4.Q[0] (.latch clocked by clk)
Endpoint  : out:S~4.outpad[0] (.output clocked by clk)
Path Type : hold

Point                                                             Incr      Path
--------------------------------------------------------------------------------
clock clk (rise edge)                                            0.000     0.000
clock source latency                                             0.000     0.000
clk.inpad[0] (.input)                                            0.000     0.000
S~4.clk[0] (.latch)                                              0.000     0.000
S~4.Q[0] (.latch) [clock-to-output]                              0.124     0.124
out:S~4.outpad[0] (.output)                                      0.287     0.411
data arrival time                                                          0.411

clock clk (rise edge)                                            0.000     0.000
clock source latency                                             0.000     0.000
clock uncertainty                                                0.000     0.000
output external delay                                            0.000     0.000
data required time                                                         0.000
--------------------------------------------------------------------------------
data required time                                                        -0.000
data arrival time                                                          0.411
--------------------------------------------------------------------------------
slack (MET)                                                                0.411


#Path 16
Startpoint: S~3.Q[0] (.latch clocked by clk)
Endpoint  : out:S~3.outpad[0] (.output clocked by clk)
Path Type : hold

Point                                                             Incr      Path
--------------------------------------------------------------------------------
clock clk (rise edge)                                            0.000     0.000
clock source latency                                             0.000     0.000
clk.inpad[0] (.input)                                            0.000     0.000
S~3.clk[0] (.latch)                                              0.000     0.000
S~3.Q[0] (.latch) [clock-to-output]                              0.124     0.124
out:S~3.outpad[0] (.output)                                      0.287     0.411
data arrival time                                                          0.411

clock clk (rise edge)                                            0.000     0.000
clock source latency                                             0.000     0.000
clock uncertainty                                                0.000     0.000
output external delay                                            0.000     0.000
data required time                                                         0.000
--------------------------------------------------------------------------------
data required time                                                        -0.000
data arrival time                                                          0.411
--------------------------------------------------------------------------------
slack (MET)                                                                0.411


#Path 17
Startpoint: X~8.inpad[0] (.input clocked by clk)
Endpoint  : S~8.D[0] (.latch clocked by clk)
Path Type : hold

Point                                                             Incr      Path
--------------------------------------------------------------------------------
clock clk (rise edge)                                            0.000     0.000
clock source latency                                             0.000     0.000
input external delay                                             0.000     0.000
X~8.inpad[0] (.input)                                            0.000     0.000
n136.in[3] (.names)                                              0.248     0.248
n136.out[0] (.names)                                             0.235     0.483
S~8.D[0] (.latch)                                                0.000     0.483
data arrival time                                                          0.483

clock clk (rise edge)                                            0.000     0.000
clock source latency                                             0.000     0.000
clk.inpad[0] (.input)                                            0.000     0.000
S~8.clk[0] (.latch)                                              0.000     0.000
clock uncertainty                                                0.000     0.000
cell hold time                                                   0.066     0.066
data required time                                                         0.066
--------------------------------------------------------------------------------
data required time                                                        -0.066
data arrival time                                                          0.483
--------------------------------------------------------------------------------
slack (MET)                                                                0.417


#Path 18
Startpoint: X~13.inpad[0] (.input clocked by clk)
Endpoint  : S~13.D[0] (.latch clocked by clk)
Path Type : hold

Point                                                             Incr      Path
--------------------------------------------------------------------------------
clock clk (rise edge)                                            0.000     0.000
clock source latency                                             0.000     0.000
input external delay                                             0.000     0.000
X~13.inpad[0] (.input)                                           0.000     0.000
n156.in[3] (.names)                                              0.266     0.266
n156.out[0] (.names)                                             0.235     0.501
S~13.D[0] (.latch)                                               0.000     0.501
data arrival time                                                          0.501

clock clk (rise edge)                                            0.000     0.000
clock source latency                                             0.000     0.000
clk.inpad[0] (.input)                                            0.000     0.000
S~13.clk[0] (.latch)                                             0.000     0.000
clock uncertainty                                                0.000     0.000
cell hold time                                                   0.066     0.066
data required time                                                         0.066
--------------------------------------------------------------------------------
data required time                                                        -0.066
data arrival time                                                          0.501
--------------------------------------------------------------------------------
slack (MET)                                                                0.435


#Path 19
Startpoint: rst.inpad[0] (.input clocked by clk)
Endpoint  : S~15.D[0] (.latch clocked by clk)
Path Type : hold

Point                                                             Incr      Path
--------------------------------------------------------------------------------
clock clk (rise edge)                                            0.000     0.000
clock source latency                                             0.000     0.000
input external delay                                             0.000     0.000
rst.inpad[0] (.input)                                            0.000     0.000
n164.in[0] (.names)                                              0.267     0.267
n164.out[0] (.names)                                             0.235     0.502
S~15.D[0] (.latch)                                               0.000     0.502
data arrival time                                                          0.502

clock clk (rise edge)                                            0.000     0.000
clock source latency                                             0.000     0.000
clk.inpad[0] (.input)                                            0.000     0.000
S~15.clk[0] (.latch)                                             0.000     0.000
clock uncertainty                                                0.000     0.000
cell hold time                                                   0.066     0.066
data required time                                                         0.066
--------------------------------------------------------------------------------
data required time                                                        -0.066
data arrival time                                                          0.502
--------------------------------------------------------------------------------
slack (MET)                                                                0.436


#Path 20
Startpoint: rst.inpad[0] (.input clocked by clk)
Endpoint  : S~16.D[0] (.latch clocked by clk)
Path Type : hold

Point                                                             Incr      Path
--------------------------------------------------------------------------------
clock clk (rise edge)                                            0.000     0.000
clock source latency                                             0.000     0.000
input external delay                                             0.000     0.000
rst.inpad[0] (.input)                                            0.000     0.000
n168.in[3] (.names)                                              0.267     0.267
n168.out[0] (.names)                                             0.235     0.502
S~16.D[0] (.latch)                                               0.000     0.502
data arrival time                                                          0.502

clock clk (rise edge)                                            0.000     0.000
clock source latency                                             0.000     0.000
clk.inpad[0] (.input)                                            0.000     0.000
S~16.clk[0] (.latch)                                             0.000     0.000
clock uncertainty                                                0.000     0.000
cell hold time                                                   0.066     0.066
data required time                                                         0.066
--------------------------------------------------------------------------------
data required time                                                        -0.066
data arrival time                                                          0.502
--------------------------------------------------------------------------------
slack (MET)                                                                0.436


#Path 21
Startpoint: Y~11.inpad[0] (.input clocked by clk)
Endpoint  : S~12.D[0] (.latch clocked by clk)
Path Type : hold

Point                                                             Incr      Path
--------------------------------------------------------------------------------
clock clk (rise edge)                                            0.000     0.000
clock source latency                                             0.000     0.000
input external delay                                             0.000     0.000
Y~11.inpad[0] (.input)                                           0.000     0.000
n152.in[1] (.names)                                              0.248     0.248
n152.out[0] (.names)                                             0.261     0.509
S~12.D[0] (.latch)                                               0.000     0.509
data arrival time                                                          0.509

clock clk (rise edge)                                            0.000     0.000
clock source latency                                             0.000     0.000
clk.inpad[0] (.input)                                            0.000     0.000
S~12.clk[0] (.latch)                                             0.000     0.000
clock uncertainty                                                0.000     0.000
cell hold time                                                   0.066     0.066
data required time                                                         0.066
--------------------------------------------------------------------------------
data required time                                                        -0.066
data arrival time                                                          0.509
--------------------------------------------------------------------------------
slack (MET)                                                                0.443


#Path 22
Startpoint: S~13.Q[0] (.latch clocked by clk)
Endpoint  : out:S~13.outpad[0] (.output clocked by clk)
Path Type : hold

Point                                                             Incr      Path
--------------------------------------------------------------------------------
clock clk (rise edge)                                            0.000     0.000
clock source latency                                             0.000     0.000
clk.inpad[0] (.input)                                            0.000     0.000
S~13.clk[0] (.latch)                                             0.000     0.000
S~13.Q[0] (.latch) [clock-to-output]                             0.124     0.124
out:S~13.outpad[0] (.output)                                     0.321     0.445
data arrival time                                                          0.445

clock clk (rise edge)                                            0.000     0.000
clock source latency                                             0.000     0.000
clock uncertainty                                                0.000     0.000
output external delay                                            0.000     0.000
data required time                                                         0.000
--------------------------------------------------------------------------------
data required time                                                        -0.000
data arrival time                                                          0.445
--------------------------------------------------------------------------------
slack (MET)                                                                0.445


#Path 23
Startpoint: S~0.Q[0] (.latch clocked by clk)
Endpoint  : out:S~0.outpad[0] (.output clocked by clk)
Path Type : hold

Point                                                             Incr      Path
--------------------------------------------------------------------------------
clock clk (rise edge)                                            0.000     0.000
clock source latency                                             0.000     0.000
clk.inpad[0] (.input)                                            0.000     0.000
S~0.clk[0] (.latch)                                              0.000     0.000
S~0.Q[0] (.latch) [clock-to-output]                              0.124     0.124
out:S~0.outpad[0] (.output)                                      0.321     0.445
data arrival time                                                          0.445

clock clk (rise edge)                                            0.000     0.000
clock source latency                                             0.000     0.000
clock uncertainty                                                0.000     0.000
output external delay                                            0.000     0.000
data required time                                                         0.000
--------------------------------------------------------------------------------
data required time                                                        -0.000
data arrival time                                                          0.445
--------------------------------------------------------------------------------
slack (MET)                                                                0.445


#Path 24
Startpoint: Y~0.inpad[0] (.input clocked by clk)
Endpoint  : S~1.D[0] (.latch clocked by clk)
Path Type : hold

Point                                                             Incr      Path
--------------------------------------------------------------------------------
clock clk (rise edge)                                            0.000     0.000
clock source latency                                             0.000     0.000
input external delay                                             0.000     0.000
Y~0.inpad[0] (.input)                                            0.000     0.000
n108.in[0] (.names)                                              0.283     0.283
n108.out[0] (.names)                                             0.235     0.518
S~1.D[0] (.latch)                                                0.000     0.518
data arrival time                                                          0.518

clock clk (rise edge)                                            0.000     0.000
clock source latency                                             0.000     0.000
clk.inpad[0] (.input)                                            0.000     0.000
S~1.clk[0] (.latch)                                              0.000     0.000
clock uncertainty                                                0.000     0.000
cell hold time                                                   0.066     0.066
data required time                                                         0.066
--------------------------------------------------------------------------------
data required time                                                        -0.066
data arrival time                                                          0.518
--------------------------------------------------------------------------------
slack (MET)                                                                0.452


#Path 25
Startpoint: Y~5.inpad[0] (.input clocked by clk)
Endpoint  : S~5.D[0] (.latch clocked by clk)
Path Type : hold

Point                                                             Incr      Path
--------------------------------------------------------------------------------
clock clk (rise edge)                                            0.000     0.000
clock source latency                                             0.000     0.000
input external delay                                             0.000     0.000
Y~5.inpad[0] (.input)                                            0.000     0.000
n124.in[2] (.names)                                              0.285     0.285
n124.out[0] (.names)                                             0.235     0.520
S~5.D[0] (.latch)                                                0.000     0.520
data arrival time                                                          0.520

clock clk (rise edge)                                            0.000     0.000
clock source latency                                             0.000     0.000
clk.inpad[0] (.input)                                            0.000     0.000
S~5.clk[0] (.latch)                                              0.000     0.000
clock uncertainty                                                0.000     0.000
cell hold time                                                   0.066     0.066
data required time                                                         0.066
--------------------------------------------------------------------------------
data required time                                                        -0.066
data arrival time                                                          0.520
--------------------------------------------------------------------------------
slack (MET)                                                                0.454


#Path 26
Startpoint: rst.inpad[0] (.input clocked by clk)
Endpoint  : S~11.D[0] (.latch clocked by clk)
Path Type : hold

Point                                                             Incr      Path
--------------------------------------------------------------------------------
clock clk (rise edge)                                            0.000     0.000
clock source latency                                             0.000     0.000
input external delay                                             0.000     0.000
rst.inpad[0] (.input)                                            0.000     0.000
n148.in[0] (.names)                                              0.287     0.287
n148.out[0] (.names)                                             0.235     0.522
S~11.D[0] (.latch)                                               0.000     0.522
data arrival time                                                          0.522

clock clk (rise edge)                                            0.000     0.000
clock source latency                                             0.000     0.000
clk.inpad[0] (.input)                                            0.000     0.000
S~11.clk[0] (.latch)                                             0.000     0.000
clock uncertainty                                                0.000     0.000
cell hold time                                                   0.066     0.066
data required time                                                         0.066
--------------------------------------------------------------------------------
data required time                                                        -0.066
data arrival time                                                          0.522
--------------------------------------------------------------------------------
slack (MET)                                                                0.456


#Path 27
Startpoint: S~5.Q[0] (.latch clocked by clk)
Endpoint  : out:S~5.outpad[0] (.output clocked by clk)
Path Type : hold

Point                                                             Incr      Path
--------------------------------------------------------------------------------
clock clk (rise edge)                                            0.000     0.000
clock source latency                                             0.000     0.000
clk.inpad[0] (.input)                                            0.000     0.000
S~5.clk[0] (.latch)                                              0.000     0.000
S~5.Q[0] (.latch) [clock-to-output]                              0.124     0.124
out:S~5.outpad[0] (.output)                                      0.340     0.464
data arrival time                                                          0.464

clock clk (rise edge)                                            0.000     0.000
clock source latency                                             0.000     0.000
clock uncertainty                                                0.000     0.000
output external delay                                            0.000     0.000
data required time                                                         0.000
--------------------------------------------------------------------------------
data required time                                                        -0.000
data arrival time                                                          0.464
--------------------------------------------------------------------------------
slack (MET)                                                                0.464


#Path 28
Startpoint: S~12.Q[0] (.latch clocked by clk)
Endpoint  : out:S~12.outpad[0] (.output clocked by clk)
Path Type : hold

Point                                                             Incr      Path
--------------------------------------------------------------------------------
clock clk (rise edge)                                            0.000     0.000
clock source latency                                             0.000     0.000
clk.inpad[0] (.input)                                            0.000     0.000
S~12.clk[0] (.latch)                                             0.000     0.000
S~12.Q[0] (.latch) [clock-to-output]                             0.124     0.124
out:S~12.outpad[0] (.output)                                     0.437     0.561
data arrival time                                                          0.561

clock clk (rise edge)                                            0.000     0.000
clock source latency                                             0.000     0.000
clock uncertainty                                                0.000     0.000
output external delay                                            0.000     0.000
data required time                                                         0.000
--------------------------------------------------------------------------------
data required time                                                        -0.000
data arrival time                                                          0.561
--------------------------------------------------------------------------------
slack (MET)                                                                0.561


#Path 29
Startpoint: S~10.Q[0] (.latch clocked by clk)
Endpoint  : out:S~10.outpad[0] (.output clocked by clk)
Path Type : hold

Point                                                             Incr      Path
--------------------------------------------------------------------------------
clock clk (rise edge)                                            0.000     0.000
clock source latency                                             0.000     0.000
clk.inpad[0] (.input)                                            0.000     0.000
S~10.clk[0] (.latch)                                             0.000     0.000
S~10.Q[0] (.latch) [clock-to-output]                             0.124     0.124
out:S~10.outpad[0] (.output)                                     0.441     0.565
data arrival time                                                          0.565

clock clk (rise edge)                                            0.000     0.000
clock source latency                                             0.000     0.000
clock uncertainty                                                0.000     0.000
output external delay                                            0.000     0.000
data required time                                                         0.000
--------------------------------------------------------------------------------
data required time                                                        -0.000
data arrival time                                                          0.565
--------------------------------------------------------------------------------
slack (MET)                                                                0.565


#Path 30
Startpoint: S~1.Q[0] (.latch clocked by clk)
Endpoint  : out:S~1.outpad[0] (.output clocked by clk)
Path Type : hold

Point                                                             Incr      Path
--------------------------------------------------------------------------------
clock clk (rise edge)                                            0.000     0.000
clock source latency                                             0.000     0.000
clk.inpad[0] (.input)                                            0.000     0.000
S~1.clk[0] (.latch)                                              0.000     0.000
S~1.Q[0] (.latch) [clock-to-output]                              0.124     0.124
out:S~1.outpad[0] (.output)                                      0.477     0.601
data arrival time                                                          0.601

clock clk (rise edge)                                            0.000     0.000
clock source latency                                             0.000     0.000
clock uncertainty                                                0.000     0.000
output external delay                                            0.000     0.000
data required time                                                         0.000
--------------------------------------------------------------------------------
data required time                                                        -0.000
data arrival time                                                          0.601
--------------------------------------------------------------------------------
slack (MET)                                                                0.601


#Path 31
Startpoint: S~6.Q[0] (.latch clocked by clk)
Endpoint  : out:S~6.outpad[0] (.output clocked by clk)
Path Type : hold

Point                                                             Incr      Path
--------------------------------------------------------------------------------
clock clk (rise edge)                                            0.000     0.000
clock source latency                                             0.000     0.000
clk.inpad[0] (.input)                                            0.000     0.000
S~6.clk[0] (.latch)                                              0.000     0.000
S~6.Q[0] (.latch) [clock-to-output]                              0.124     0.124
out:S~6.outpad[0] (.output)                                      0.478     0.602
data arrival time                                                          0.602

clock clk (rise edge)                                            0.000     0.000
clock source latency                                             0.000     0.000
clock uncertainty                                                0.000     0.000
output external delay                                            0.000     0.000
data required time                                                         0.000
--------------------------------------------------------------------------------
data required time                                                        -0.000
data arrival time                                                          0.602
--------------------------------------------------------------------------------
slack (MET)                                                                0.602


#Path 32
Startpoint: S~8.Q[0] (.latch clocked by clk)
Endpoint  : out:S~8.outpad[0] (.output clocked by clk)
Path Type : hold

Point                                                             Incr      Path
--------------------------------------------------------------------------------
clock clk (rise edge)                                            0.000     0.000
clock source latency                                             0.000     0.000
clk.inpad[0] (.input)                                            0.000     0.000
S~8.clk[0] (.latch)                                              0.000     0.000
S~8.Q[0] (.latch) [clock-to-output]                              0.124     0.124
out:S~8.outpad[0] (.output)                                      0.485     0.609
data arrival time                                                          0.609

clock clk (rise edge)                                            0.000     0.000
clock source latency                                             0.000     0.000
clock uncertainty                                                0.000     0.000
output external delay                                            0.000     0.000
data required time                                                         0.000
--------------------------------------------------------------------------------
data required time                                                        -0.000
data arrival time                                                          0.609
--------------------------------------------------------------------------------
slack (MET)                                                                0.609


#Path 33
Startpoint: S~9.Q[0] (.latch clocked by clk)
Endpoint  : out:S~9.outpad[0] (.output clocked by clk)
Path Type : hold

Point                                                             Incr      Path
--------------------------------------------------------------------------------
clock clk (rise edge)                                            0.000     0.000
clock source latency                                             0.000     0.000
clk.inpad[0] (.input)                                            0.000     0.000
S~9.clk[0] (.latch)                                              0.000     0.000
S~9.Q[0] (.latch) [clock-to-output]                              0.124     0.124
out:S~9.outpad[0] (.output)                                      0.502     0.626
data arrival time                                                          0.626

clock clk (rise edge)                                            0.000     0.000
clock source latency                                             0.000     0.000
clock uncertainty                                                0.000     0.000
output external delay                                            0.000     0.000
data required time                                                         0.000
--------------------------------------------------------------------------------
data required time                                                        -0.000
data arrival time                                                          0.626
--------------------------------------------------------------------------------
slack (MET)                                                                0.626


#Path 34
Startpoint: S~2.Q[0] (.latch clocked by clk)
Endpoint  : out:S~2.outpad[0] (.output clocked by clk)
Path Type : hold

Point                                                             Incr      Path
--------------------------------------------------------------------------------
clock clk (rise edge)                                            0.000     0.000
clock source latency                                             0.000     0.000
clk.inpad[0] (.input)                                            0.000     0.000
S~2.clk[0] (.latch)                                              0.000     0.000
S~2.Q[0] (.latch) [clock-to-output]                              0.124     0.124
out:S~2.outpad[0] (.output)                                      0.580     0.704
data arrival time                                                          0.704

clock clk (rise edge)                                            0.000     0.000
clock source latency                                             0.000     0.000
clock uncertainty                                                0.000     0.000
output external delay                                            0.000     0.000
data required time                                                         0.000
--------------------------------------------------------------------------------
data required time                                                        -0.000
data arrival time                                                          0.704
--------------------------------------------------------------------------------
slack (MET)                                                                0.704


#End of timing report
