#Packing pin usage report
Type: io
	Input Pin Usage:
		Max: 1.00 (0.50)
		Avg: 0.11 (0.05)
		Min: 0.00 (0.00)
		Histogram:
		[        0:      0.2) 68 ( 89.5%) |************************************************
		[      0.2:      0.4)  0 (  0.0%) |
		[      0.4:      0.6)  0 (  0.0%) |
		[      0.6:      0.8)  0 (  0.0%) |
		[      0.8:        1)  8 ( 10.5%) |******
		[        1:      1.2)  0 (  0.0%) |
		[      1.2:      1.4)  0 (  0.0%) |
		[      1.4:      1.6)  0 (  0.0%) |
		[      1.6:      1.8)  0 (  0.0%) |
		[      1.8:        2)  0 (  0.0%) |
	Output Pin Usage:
		Max: 1.00 (1.00)
		Avg: 0.89 (0.89)
		Min: 0.00 (0.00)
		Histogram:
		[        0:      0.1)  8 ( 10.5%) |******
		[      0.1:      0.2)  0 (  0.0%) |
		[      0.2:      0.3)  0 (  0.0%) |
		[      0.3:      0.4)  0 (  0.0%) |
		[      0.4:      0.5)  0 (  0.0%) |
		[      0.5:      0.6)  0 (  0.0%) |
		[      0.6:      0.7)  0 (  0.0%) |
		[      0.7:      0.8)  0 (  0.0%) |
		[      0.8:      0.9)  0 (  0.0%) |
		[      0.9:        1) 68 ( 89.5%) |************************************************

Type: clb
	Input Pin Usage:
		Max: 44.00 (0.81)
		Avg: 26.50 (0.49)
		Min: 2.00 (0.04)
		Histogram:
		[        0:      5.4) 1 (  7.1%) |************
		[      5.4:       11) 2 ( 14.3%) |*************************
		[       11:       16) 0 (  0.0%) |
		[       16:       22) 0 (  0.0%) |
		[       22:       27) 2 ( 14.3%) |*************************
		[       27:       32) 4 ( 28.6%) |*************************************************
		[       32:       38) 2 ( 14.3%) |*************************
		[       38:       43) 2 ( 14.3%) |*************************
		[       43:       49) 1 (  7.1%) |************
		[       49:       54) 0 (  0.0%) |
	Output Pin Usage:
		Max: 13.00 (0.62)
		Avg: 8.21 (0.39)
		Min: 1.00 (0.05)
		Histogram:
		[        0:      2.1) 3 ( 21.4%) |*************************************************
		[      2.1:      4.2) 0 (  0.0%) |
		[      4.2:      6.3) 0 (  0.0%) |
		[      6.3:      8.4) 3 ( 21.4%) |*************************************************
		[      8.4:       10) 3 ( 21.4%) |*************************************************
		[       10:       13) 3 ( 21.4%) |*************************************************
		[       13:       15) 2 ( 14.3%) |*********************************
		[       15:       17) 0 (  0.0%) |
		[       17:       19) 0 (  0.0%) |
		[       19:       21) 0 (  0.0%) |

