#Timing report of worst 8 path(s)
# Unit scale: 1e-09 seconds
# Output precision: 3

#Path 1
Startpoint: p6~0.inpad[0] (.input clocked by virtual_io_clock)
Endpoint  : out:out~7.outpad[0] (.output clocked by virtual_io_clock)
Path Type : setup

Point                                                             Incr      Path
--------------------------------------------------------------------------------
clock virtual_io_clock (rise edge)                               0.000     0.000
clock source latency                                             0.000     0.000
input external delay                                             0.000     0.000
p6~0.inpad[0] (.input)                                           0.000     0.000
new_n123.in[1] (.names)                                          0.478     0.478
new_n123.out[0] (.names)                                         0.235     0.713
new_n141.in[1] (.names)                                          0.431     1.143
new_n141.out[0] (.names)                                         0.261     1.404
new_n137.in[0] (.names)                                          0.337     1.741
new_n137.out[0] (.names)                                         0.261     2.002
new_n132.in[2] (.names)                                          0.311     2.313
new_n132.out[0] (.names)                                         0.261     2.574
new_n130.in[0] (.names)                                          0.334     2.907
new_n130.out[0] (.names)                                         0.261     3.168
new_n209.in[1] (.names)                                          0.405     3.574
new_n209.out[0] (.names)                                         0.261     3.835
new_n95.in[0] (.names)                                           0.368     4.203
new_n95.out[0] (.names)                                          0.261     4.464
new_n94.in[0] (.names)                                           0.415     4.879
new_n94.out[0] (.names)                                          0.261     5.140
out~7.in[0] (.names)                                             0.100     5.240
out~7.out[0] (.names)                                            0.261     5.501
out:out~7.outpad[0] (.output)                                    0.584     6.085
data arrival time                                                          6.085

clock virtual_io_clock (rise edge)                               0.000     0.000
clock source latency                                             0.000     0.000
clock uncertainty                                                0.000     0.000
output external delay                                            0.000     0.000
data required time                                                         0.000
--------------------------------------------------------------------------------
data required time                                                         0.000
data arrival time                                                         -6.085
--------------------------------------------------------------------------------
slack (VIOLATED)                                                          -6.085


#Path 2
Startpoint: p6~0.inpad[0] (.input clocked by virtual_io_clock)
Endpoint  : out:out~6.outpad[0] (.output clocked by virtual_io_clock)
Path Type : setup

Point                                                             Incr      Path
--------------------------------------------------------------------------------
clock virtual_io_clock (rise edge)                               0.000     0.000
clock source latency                                             0.000     0.000
input external delay                                             0.000     0.000
p6~0.inpad[0] (.input)                                           0.000     0.000
new_n123.in[1] (.names)                                          0.478     0.478
new_n123.out[0] (.names)                                         0.235     0.713
new_n141.in[1] (.names)                                          0.431     1.143
new_n141.out[0] (.names)                                         0.261     1.404
new_n137.in[0] (.names)                                          0.337     1.741
new_n137.out[0] (.names)                                         0.261     2.002
new_n132.in[2] (.names)                                          0.311     2.313
new_n132.out[0] (.names)                                         0.261     2.574
new_n130.in[0] (.names)                                          0.334     2.907
new_n130.out[0] (.names)                                         0.261     3.168
new_n209.in[1] (.names)                                          0.405     3.574
new_n209.out[0] (.names)                                         0.261     3.835
new_n95.in[0] (.names)                                           0.368     4.203
new_n95.out[0] (.names)                                          0.261     4.464
new_n94.in[0] (.names)                                           0.415     4.879
new_n94.out[0] (.names)                                          0.261     5.140
out~6.in[1] (.names)                                             0.100     5.240
out~6.out[0] (.names)                                            0.235     5.475
out:out~6.outpad[0] (.output)                                    0.551     6.025
data arrival time                                                          6.025

clock virtual_io_clock (rise edge)                               0.000     0.000
clock source latency                                             0.000     0.000
clock uncertainty                                                0.000     0.000
output external delay                                            0.000     0.000
data required time                                                         0.000
--------------------------------------------------------------------------------
data required time                                                         0.000
data arrival time                                                         -6.025
--------------------------------------------------------------------------------
slack (VIOLATED)                                                          -6.025


#Path 3
Startpoint: p6~0.inpad[0] (.input clocked by virtual_io_clock)
Endpoint  : out:out~5.outpad[0] (.output clocked by virtual_io_clock)
Path Type : setup

Point                                                             Incr      Path
--------------------------------------------------------------------------------
clock virtual_io_clock (rise edge)                               0.000     0.000
clock source latency                                             0.000     0.000
input external delay                                             0.000     0.000
p6~0.inpad[0] (.input)                                           0.000     0.000
new_n123.in[1] (.names)                                          0.478     0.478
new_n123.out[0] (.names)                                         0.235     0.713
new_n141.in[1] (.names)                                          0.431     1.143
new_n141.out[0] (.names)                                         0.261     1.404
new_n137.in[0] (.names)                                          0.337     1.741
new_n137.out[0] (.names)                                         0.261     2.002
new_n132.in[2] (.names)                                          0.311     2.313
new_n132.out[0] (.names)                                         0.261     2.574
new_n130.in[0] (.names)                                          0.334     2.907
new_n130.out[0] (.names)                                         0.261     3.168
new_n209.in[1] (.names)                                          0.405     3.574
new_n209.out[0] (.names)                                         0.261     3.835
new_n95.in[0] (.names)                                           0.368     4.203
new_n95.out[0] (.names)                                          0.261     4.464
new_n250.in[0] (.names)                                          0.415     4.879
new_n250.out[0] (.names)                                         0.261     5.140
out~5.in[1] (.names)                                             0.100     5.240
out~5.out[0] (.names)                                            0.235     5.475
out:out~5.outpad[0] (.output)                                    0.534     6.008
data arrival time                                                          6.008

clock virtual_io_clock (rise edge)                               0.000     0.000
clock source latency                                             0.000     0.000
clock uncertainty                                                0.000     0.000
output external delay                                            0.000     0.000
data required time                                                         0.000
--------------------------------------------------------------------------------
data required time                                                         0.000
data arrival time                                                         -6.008
--------------------------------------------------------------------------------
slack (VIOLATED)                                                          -6.008


#Path 4
Startpoint: p6~0.inpad[0] (.input clocked by virtual_io_clock)
Endpoint  : out:out~4.outpad[0] (.output clocked by virtual_io_clock)
Path Type : setup

Point                                                             Incr      Path
--------------------------------------------------------------------------------
clock virtual_io_clock (rise edge)                               0.000     0.000
clock source latency                                             0.000     0.000
input external delay                                             0.000     0.000
p6~0.inpad[0] (.input)                                           0.000     0.000
new_n123.in[1] (.names)                                          0.478     0.478
new_n123.out[0] (.names)                                         0.235     0.713
new_n141.in[1] (.names)                                          0.431     1.143
new_n141.out[0] (.names)                                         0.261     1.404
new_n137.in[0] (.names)                                          0.337     1.741
new_n137.out[0] (.names)                                         0.261     2.002
new_n132.in[2] (.names)                                          0.311     2.313
new_n132.out[0] (.names)                                         0.261     2.574
new_n130.in[0] (.names)                                          0.334     2.907
new_n130.out[0] (.names)                                         0.261     3.168
new_n209.in[1] (.names)                                          0.405     3.574
new_n209.out[0] (.names)                                         0.261     3.835
new_n95.in[0] (.names)                                           0.368     4.203
new_n95.out[0] (.names)                                          0.261     4.464
out~4.in[1] (.names)                                             0.290     4.754
out~4.out[0] (.names)                                            0.235     4.989
out:out~4.outpad[0] (.output)                                    0.452     5.441
data arrival time                                                          5.441

clock virtual_io_clock (rise edge)                               0.000     0.000
clock source latency                                             0.000     0.000
clock uncertainty                                                0.000     0.000
output external delay                                            0.000     0.000
data required time                                                         0.000
--------------------------------------------------------------------------------
data required time                                                         0.000
data arrival time                                                         -5.441
--------------------------------------------------------------------------------
slack (VIOLATED)                                                          -5.441


#Path 5
Startpoint: p8~1.inpad[0] (.input clocked by virtual_io_clock)
Endpoint  : out:out~3.outpad[0] (.output clocked by virtual_io_clock)
Path Type : setup

Point                                                             Incr      Path
--------------------------------------------------------------------------------
clock virtual_io_clock (rise edge)                               0.000     0.000
clock source latency                                             0.000     0.000
input external delay                                             0.000     0.000
p8~1.inpad[0] (.input)                                           0.000     0.000
new_n171.in[3] (.names)                                          0.552     0.552
new_n171.out[0] (.names)                                         0.235     0.787
new_n169.in[3] (.names)                                          0.315     1.102
new_n169.out[0] (.names)                                         0.235     1.337
new_n163.in[1] (.names)                                          0.293     1.630
new_n163.out[0] (.names)                                         0.235     1.865
new_n193.in[4] (.names)                                          0.441     2.306
new_n193.out[0] (.names)                                         0.261     2.567
new_n188.in[1] (.names)                                          0.415     2.982
new_n188.out[0] (.names)                                         0.261     3.243
new_n150.in[2] (.names)                                          0.100     3.343
new_n150.out[0] (.names)                                         0.235     3.578
new_n246.in[1] (.names)                                          0.409     3.987
new_n246.out[0] (.names)                                         0.235     4.222
out~3.in[0] (.names)                                             0.100     4.322
out~3.out[0] (.names)                                            0.261     4.583
out:out~3.outpad[0] (.output)                                    0.542     5.125
data arrival time                                                          5.125

clock virtual_io_clock (rise edge)                               0.000     0.000
clock source latency                                             0.000     0.000
clock uncertainty                                                0.000     0.000
output external delay                                            0.000     0.000
data required time                                                         0.000
--------------------------------------------------------------------------------
data required time                                                         0.000
data arrival time                                                         -5.125
--------------------------------------------------------------------------------
slack (VIOLATED)                                                          -5.125


#Path 6
Startpoint: p8~1.inpad[0] (.input clocked by virtual_io_clock)
Endpoint  : out:out~1.outpad[0] (.output clocked by virtual_io_clock)
Path Type : setup

Point                                                             Incr      Path
--------------------------------------------------------------------------------
clock virtual_io_clock (rise edge)                               0.000     0.000
clock source latency                                             0.000     0.000
input external delay                                             0.000     0.000
p8~1.inpad[0] (.input)                                           0.000     0.000
new_n171.in[3] (.names)                                          0.552     0.552
new_n171.out[0] (.names)                                         0.235     0.787
new_n169.in[3] (.names)                                          0.315     1.102
new_n169.out[0] (.names)                                         0.235     1.337
new_n163.in[1] (.names)                                          0.293     1.630
new_n163.out[0] (.names)                                         0.235     1.865
new_n193.in[4] (.names)                                          0.441     2.306
new_n193.out[0] (.names)                                         0.261     2.567
new_n188.in[1] (.names)                                          0.415     2.982
new_n188.out[0] (.names)                                         0.261     3.243
new_n224.in[1] (.names)                                          0.434     3.676
new_n224.out[0] (.names)                                         0.235     3.911
out~1.in[2] (.names)                                             0.442     4.353
out~1.out[0] (.names)                                            0.261     4.614
out:out~1.outpad[0] (.output)                                    0.311     4.925
data arrival time                                                          4.925

clock virtual_io_clock (rise edge)                               0.000     0.000
clock source latency                                             0.000     0.000
clock uncertainty                                                0.000     0.000
output external delay                                            0.000     0.000
data required time                                                         0.000
--------------------------------------------------------------------------------
data required time                                                         0.000
data arrival time                                                         -4.925
--------------------------------------------------------------------------------
slack (VIOLATED)                                                          -4.925


#Path 7
Startpoint: p8~1.inpad[0] (.input clocked by virtual_io_clock)
Endpoint  : out:out~2.outpad[0] (.output clocked by virtual_io_clock)
Path Type : setup

Point                                                             Incr      Path
--------------------------------------------------------------------------------
clock virtual_io_clock (rise edge)                               0.000     0.000
clock source latency                                             0.000     0.000
input external delay                                             0.000     0.000
p8~1.inpad[0] (.input)                                           0.000     0.000
new_n171.in[3] (.names)                                          0.552     0.552
new_n171.out[0] (.names)                                         0.235     0.787
new_n169.in[3] (.names)                                          0.315     1.102
new_n169.out[0] (.names)                                         0.235     1.337
new_n163.in[1] (.names)                                          0.293     1.630
new_n163.out[0] (.names)                                         0.235     1.865
new_n193.in[4] (.names)                                          0.441     2.306
new_n193.out[0] (.names)                                         0.261     2.567
new_n188.in[1] (.names)                                          0.415     2.982
new_n188.out[0] (.names)                                         0.261     3.243
new_n150.in[2] (.names)                                          0.100     3.343
new_n150.out[0] (.names)                                         0.235     3.578
new_n246.in[1] (.names)                                          0.409     3.987
new_n246.out[0] (.names)                                         0.235     4.222
out~2.in[1] (.names)                                             0.100     4.322
out~2.out[0] (.names)                                            0.235     4.557
out:out~2.outpad[0] (.output)                                    0.230     4.786
data arrival time                                                          4.786

clock virtual_io_clock (rise edge)                               0.000     0.000
clock source latency                                             0.000     0.000
clock uncertainty                                                0.000     0.000
output external delay                                            0.000     0.000
data required time                                                         0.000
--------------------------------------------------------------------------------
data required time                                                         0.000
data arrival time                                                         -4.786
--------------------------------------------------------------------------------
slack (VIOLATED)                                                          -4.786


#Path 8
Startpoint: p0~0.inpad[0] (.input clocked by virtual_io_clock)
Endpoint  : out:out~0.outpad[0] (.output clocked by virtual_io_clock)
Path Type : setup

Point                                                             Incr      Path
--------------------------------------------------------------------------------
clock virtual_io_clock (rise edge)                               0.000     0.000
clock source latency                                             0.000     0.000
input external delay                                             0.000     0.000
p0~0.inpad[0] (.input)                                           0.000     0.000
out:out~0.outpad[0] (.output)                                    0.370     0.370
data arrival time                                                          0.370

clock virtual_io_clock (rise edge)                               0.000     0.000
clock source latency                                             0.000     0.000
clock uncertainty                                                0.000     0.000
output external delay                                            0.000     0.000
data required time                                                         0.000
--------------------------------------------------------------------------------
data required time                                                         0.000
data arrival time                                                         -0.370
--------------------------------------------------------------------------------
slack (VIOLATED)                                                          -0.370


#End of timing report
