#Packing pin usage report
Type: io
	Input Pin Usage:
		Max: 1.00 (0.50)
		Avg: 0.50 (0.25)
		Min: 0.00 (0.00)
		Histogram:
		[        0:      0.2) 32 ( 50.0%) |************************************************
		[      0.2:      0.4)  0 (  0.0%) |
		[      0.4:      0.6)  0 (  0.0%) |
		[      0.6:      0.8)  0 (  0.0%) |
		[      0.8:        1) 32 ( 50.0%) |************************************************
		[        1:      1.2)  0 (  0.0%) |
		[      1.2:      1.4)  0 (  0.0%) |
		[      1.4:      1.6)  0 (  0.0%) |
		[      1.6:      1.8)  0 (  0.0%) |
		[      1.8:        2)  0 (  0.0%) |
	Output Pin Usage:
		Max: 1.00 (1.00)
		Avg: 0.50 (0.50)
		Min: 0.00 (0.00)
		Histogram:
		[        0:      0.1) 32 ( 50.0%) |************************************************
		[      0.1:      0.2)  0 (  0.0%) |
		[      0.2:      0.3)  0 (  0.0%) |
		[      0.3:      0.4)  0 (  0.0%) |
		[      0.4:      0.5)  0 (  0.0%) |
		[      0.5:      0.6)  0 (  0.0%) |
		[      0.6:      0.7)  0 (  0.0%) |
		[      0.7:      0.8)  0 (  0.0%) |
		[      0.8:      0.9)  0 (  0.0%) |
		[      0.9:        1) 32 ( 50.0%) |************************************************

Type: clb
	Input Pin Usage:
		Max: 49.00 (0.91)
		Avg: 34.95 (0.65)
		Min: 2.00 (0.04)
		Histogram:
		[        0:      5.4)  26 (  4.2%) |*****
		[      5.4:       11)  19 (  3.0%) |****
		[       11:       16)   3 (  0.5%) |*
		[       16:       22)  13 (  2.1%) |**
		[       22:       27)  28 (  4.5%) |*****
		[       27:       32)  83 ( 13.3%) |****************
		[       32:       38) 131 ( 21.0%) |*************************
		[       38:       43) 245 ( 39.3%) |***********************************************
		[       43:       49)  73 ( 11.7%) |**************
		[       49:       54)   3 (  0.5%) |*
	Output Pin Usage:
		Max: 19.00 (0.90)
		Avg: 7.85 (0.37)
		Min: 1.00 (0.05)
		Histogram:
		[        0:      2.1)  42 (  6.7%) |**********
		[      2.1:      4.2)  33 (  5.3%) |*******
		[      4.2:      6.3) 104 ( 16.7%) |************************
		[      6.3:      8.4) 207 ( 33.2%) |***********************************************
		[      8.4:       10) 131 ( 21.0%) |******************************
		[       10:       13)  63 ( 10.1%) |**************
		[       13:       15)  29 (  4.6%) |*******
		[       15:       17)  11 (  1.8%) |**
		[       17:       19)   3 (  0.5%) |*
		[       19:       21)   1 (  0.2%) |

