#! /usr/bin/vvp
:ivl_version "12.0 (stable)";
:ivl_delay_selection "TYPICAL";
:vpi_time_precision + 0;
:vpi_module "/usr/lib/x86_64-linux-gnu/ivl/system.vpi";
:vpi_module "/usr/lib/x86_64-linux-gnu/ivl/vhdl_sys.vpi";
:vpi_module "/usr/lib/x86_64-linux-gnu/ivl/vhdl_textio.vpi";
:vpi_module "/usr/lib/x86_64-linux-gnu/ivl/v2005_math.vpi";
:vpi_module "/usr/lib/x86_64-linux-gnu/ivl/va_math.vpi";
S_0x55e438b6e260 .scope module, "tb_KStone_16b" "tb_KStone_16b" 2 1;
 .timescale 0 0;
v0x55e438b98150_0 .var "a", 15 0;
v0x55e438b98250_0 .var "b", 15 0;
v0x55e438b98330_0 .var "clk", 0 0;
v0x55e438b983d0_0 .var/i "i", 31 0;
v0x55e438b98470 .array "memA", 999999 0, 15 0;
v0x55e438b98530 .array "memB", 999999 0, 15 0;
v0x55e438b985f0_0 .var/i "out_file", 31 0;
v0x55e438b986d0_0 .var "rst", 0 0;
v0x55e438b98770_0 .net "sum", 16 0, L_0x55e438bc06c0;  1 drivers
L_0x55e438bbd990 .part v0x55e438b98250_0, 15, 1;
L_0x55e438bbe2f0 .part v0x55e438b98250_0, 14, 1;
L_0x55e438bbe390 .part v0x55e438b98250_0, 13, 1;
L_0x55e438bbe430 .part v0x55e438b98250_0, 12, 1;
L_0x55e438bbe590 .part v0x55e438b98250_0, 11, 1;
L_0x55e438bbe630 .part v0x55e438b98250_0, 10, 1;
L_0x55e438bbe7a0 .part v0x55e438b98250_0, 9, 1;
L_0x55e438bbe8d0 .part v0x55e438b98250_0, 8, 1;
L_0x55e438bbe9c0 .part v0x55e438b98250_0, 7, 1;
L_0x55e438bbea60 .part v0x55e438b98250_0, 6, 1;
L_0x55e438bbeb60 .part v0x55e438b98250_0, 5, 1;
L_0x55e438bbec00 .part v0x55e438b98250_0, 4, 1;
L_0x55e438bbed10 .part v0x55e438b98250_0, 3, 1;
L_0x55e438bbee40 .part v0x55e438b98250_0, 2, 1;
L_0x55e438bbef60 .part v0x55e438b98250_0, 1, 1;
L_0x55e438bbf000 .part v0x55e438b98250_0, 0, 1;
L_0x55e438bbf130 .part v0x55e438b98150_0, 15, 1;
L_0x55e438bbf260 .part v0x55e438b98150_0, 14, 1;
L_0x55e438bbf3a0 .part v0x55e438b98150_0, 13, 1;
L_0x55e438bbf440 .part v0x55e438b98150_0, 12, 1;
L_0x55e438bbf300 .part v0x55e438b98150_0, 11, 1;
L_0x55e438bbf620 .part v0x55e438b98150_0, 10, 1;
L_0x55e438bbf810 .part v0x55e438b98150_0, 9, 1;
L_0x55e438bbf940 .part v0x55e438b98150_0, 8, 1;
L_0x55e438bbfab0 .part v0x55e438b98150_0, 7, 1;
L_0x55e438bbfb50 .part v0x55e438b98150_0, 6, 1;
L_0x55e438bbfcd0 .part v0x55e438b98150_0, 5, 1;
L_0x55e438bbfd70 .part v0x55e438b98150_0, 4, 1;
L_0x55e438bbff00 .part v0x55e438b98150_0, 3, 1;
L_0x55e438bbffa0 .part v0x55e438b98150_0, 2, 1;
L_0x55e438bc0140 .part v0x55e438b98150_0, 1, 1;
L_0x55e438bc0270 .part v0x55e438b98150_0, 0, 1;
LS_0x55e438bc06c0_0_0 .concat8 [ 1 1 1 1], v0x55e438b742a0_0, v0x55e438b74610_0, v0x55e438b87390_0, v0x55e438b87450_0;
LS_0x55e438bc06c0_0_4 .concat8 [ 1 1 1 1], v0x55e438b87510_0, v0x55e438b875d0_0, v0x55e438b87690_0, v0x55e438b87750_0;
LS_0x55e438bc06c0_0_8 .concat8 [ 1 1 1 1], v0x55e438b87810_0, v0x55e438b878d0_0, v0x55e438b74980_0, v0x55e438b74cf0_0;
LS_0x55e438bc06c0_0_12 .concat8 [ 1 1 1 1], v0x55e438b75060_0, v0x55e438b753d0_0, v0x55e438b75740_0, v0x55e438b87210_0;
LS_0x55e438bc06c0_0_16 .concat8 [ 1 0 0 0], v0x55e438b872d0_0;
LS_0x55e438bc06c0_1_0 .concat8 [ 4 4 4 4], LS_0x55e438bc06c0_0_0, LS_0x55e438bc06c0_0_4, LS_0x55e438bc06c0_0_8, LS_0x55e438bc06c0_0_12;
LS_0x55e438bc06c0_1_4 .concat8 [ 1 0 0 0], LS_0x55e438bc06c0_0_16;
L_0x55e438bc06c0 .concat8 [ 16 1 0 0], LS_0x55e438bc06c0_1_0, LS_0x55e438bc06c0_1_4;
S_0x55e438ae5720 .scope module, "UUT" "KS_16b" 2 15, 3 3 0, S_0x55e438b6e260;
 .timescale 0 0;
    .port_info 0 /INPUT 1 "rst";
    .port_info 1 /INPUT 1 "clk";
    .port_info 2 /INPUT 1 "Y~15";
    .port_info 3 /INPUT 1 "Y~14";
    .port_info 4 /INPUT 1 "Y~13";
    .port_info 5 /INPUT 1 "Y~12";
    .port_info 6 /INPUT 1 "Y~11";
    .port_info 7 /INPUT 1 "Y~10";
    .port_info 8 /INPUT 1 "Y~9";
    .port_info 9 /INPUT 1 "Y~8";
    .port_info 10 /INPUT 1 "Y~7";
    .port_info 11 /INPUT 1 "Y~6";
    .port_info 12 /INPUT 1 "Y~5";
    .port_info 13 /INPUT 1 "Y~4";
    .port_info 14 /INPUT 1 "Y~3";
    .port_info 15 /INPUT 1 "Y~2";
    .port_info 16 /INPUT 1 "Y~1";
    .port_info 17 /INPUT 1 "Y~0";
    .port_info 18 /INPUT 1 "X~15";
    .port_info 19 /INPUT 1 "X~14";
    .port_info 20 /INPUT 1 "X~13";
    .port_info 21 /INPUT 1 "X~12";
    .port_info 22 /INPUT 1 "X~11";
    .port_info 23 /INPUT 1 "X~10";
    .port_info 24 /INPUT 1 "X~9";
    .port_info 25 /INPUT 1 "X~8";
    .port_info 26 /INPUT 1 "X~7";
    .port_info 27 /INPUT 1 "X~6";
    .port_info 28 /INPUT 1 "X~5";
    .port_info 29 /INPUT 1 "X~4";
    .port_info 30 /INPUT 1 "X~3";
    .port_info 31 /INPUT 1 "X~2";
    .port_info 32 /INPUT 1 "X~1";
    .port_info 33 /INPUT 1 "X~0";
    .port_info 34 /OUTPUT 1 "S~12";
    .port_info 35 /OUTPUT 1 "S~16";
    .port_info 36 /OUTPUT 1 "S~15";
    .port_info 37 /OUTPUT 1 "S~14";
    .port_info 38 /OUTPUT 1 "S~13";
    .port_info 39 /OUTPUT 1 "S~11";
    .port_info 40 /OUTPUT 1 "S~10";
    .port_info 41 /OUTPUT 1 "S~9";
    .port_info 42 /OUTPUT 1 "S~8";
    .port_info 43 /OUTPUT 1 "S~7";
    .port_info 44 /OUTPUT 1 "S~6";
    .port_info 45 /OUTPUT 1 "S~5";
    .port_info 46 /OUTPUT 1 "S~4";
    .port_info 47 /OUTPUT 1 "S~3";
    .port_info 48 /OUTPUT 1 "S~2";
    .port_info 49 /OUTPUT 1 "S~1";
    .port_info 50 /OUTPUT 1 "S~0";
L_0x55e438b683e0 .functor BUFZ 1, L_0x55e438bbfd70, C4<0>, C4<0>, C4<0>;
L_0x55e438b68720 .functor BUFZ 1, L_0x55e438bbff00, C4<0>, C4<0>, C4<0>;
L_0x55e438b68a60 .functor BUFZ 1, L_0x55e438bbffa0, C4<0>, C4<0>, C4<0>;
L_0x55e438b68da0 .functor BUFZ 1, L_0x55e438bc0140, C4<0>, C4<0>, C4<0>;
L_0x55e438b690e0 .functor BUFZ 1, L_0x55e438bc0270, C4<0>, C4<0>, C4<0>;
v0x55e438b742a0_0 .var "S~0", 0 0;
v0x55e438b74610_0 .var "S~1", 0 0;
v0x55e438b74980_0 .var "S~10", 0 0;
v0x55e438b74cf0_0 .var "S~11", 0 0;
v0x55e438b75060_0 .var "S~12", 0 0;
v0x55e438b753d0_0 .var "S~13", 0 0;
v0x55e438b75740_0 .var "S~14", 0 0;
v0x55e438b87210_0 .var "S~15", 0 0;
v0x55e438b872d0_0 .var "S~16", 0 0;
v0x55e438b87390_0 .var "S~2", 0 0;
v0x55e438b87450_0 .var "S~3", 0 0;
v0x55e438b87510_0 .var "S~4", 0 0;
v0x55e438b875d0_0 .var "S~5", 0 0;
v0x55e438b87690_0 .var "S~6", 0 0;
v0x55e438b87750_0 .var "S~7", 0 0;
v0x55e438b87810_0 .var "S~8", 0 0;
v0x55e438b878d0_0 .var "S~9", 0 0;
v0x55e438b87990_0 .net "X~0", 0 0, L_0x55e438bc0270;  1 drivers
v0x55e438b87a50_0 .net "X~1", 0 0, L_0x55e438bc0140;  1 drivers
v0x55e438b87b10_0 .net "X~10", 0 0, L_0x55e438bbf620;  1 drivers
v0x55e438b87bd0_0 .net "X~11", 0 0, L_0x55e438bbf300;  1 drivers
v0x55e438b87c90_0 .net "X~12", 0 0, L_0x55e438bbf440;  1 drivers
v0x55e438b87d50_0 .net "X~13", 0 0, L_0x55e438bbf3a0;  1 drivers
v0x55e438b87e10_0 .net "X~14", 0 0, L_0x55e438bbf260;  1 drivers
v0x55e438b87ed0_0 .net "X~15", 0 0, L_0x55e438bbf130;  1 drivers
v0x55e438b87f90_0 .net "X~2", 0 0, L_0x55e438bbffa0;  1 drivers
v0x55e438b88050_0 .net "X~3", 0 0, L_0x55e438bbff00;  1 drivers
v0x55e438b88110_0 .net "X~4", 0 0, L_0x55e438bbfd70;  1 drivers
v0x55e438b881d0_0 .net "X~5", 0 0, L_0x55e438bbfcd0;  1 drivers
v0x55e438b88290_0 .net "X~6", 0 0, L_0x55e438bbfb50;  1 drivers
v0x55e438b88350_0 .net "X~7", 0 0, L_0x55e438bbfab0;  1 drivers
v0x55e438b88410_0 .net "X~8", 0 0, L_0x55e438bbf940;  1 drivers
v0x55e438b884d0_0 .net "X~9", 0 0, L_0x55e438bbf810;  1 drivers
v0x55e438b887a0_0 .net "Y~0", 0 0, L_0x55e438bbf000;  1 drivers
v0x55e438b88860_0 .net "Y~1", 0 0, L_0x55e438bbef60;  1 drivers
v0x55e438b88920_0 .net "Y~10", 0 0, L_0x55e438bbe630;  1 drivers
v0x55e438b889e0_0 .net "Y~11", 0 0, L_0x55e438bbe590;  1 drivers
v0x55e438b88aa0_0 .net "Y~12", 0 0, L_0x55e438bbe430;  1 drivers
v0x55e438b88b60_0 .net "Y~13", 0 0, L_0x55e438bbe390;  1 drivers
v0x55e438b88c20_0 .net "Y~14", 0 0, L_0x55e438bbe2f0;  1 drivers
v0x55e438b88ce0_0 .net "Y~15", 0 0, L_0x55e438bbd990;  1 drivers
v0x55e438b88da0_0 .net "Y~2", 0 0, L_0x55e438bbee40;  1 drivers
v0x55e438b88e60_0 .net "Y~3", 0 0, L_0x55e438bbed10;  1 drivers
v0x55e438b88f20_0 .net "Y~4", 0 0, L_0x55e438bbec00;  1 drivers
v0x55e438b88fe0_0 .net "Y~5", 0 0, L_0x55e438bbeb60;  1 drivers
v0x55e438b890a0_0 .net "Y~6", 0 0, L_0x55e438bbea60;  1 drivers
v0x55e438b89160_0 .net "Y~7", 0 0, L_0x55e438bbe9c0;  1 drivers
v0x55e438b89220_0 .net "Y~8", 0 0, L_0x55e438bbe8d0;  1 drivers
v0x55e438b892e0_0 .net "Y~9", 0 0, L_0x55e438bbe7a0;  1 drivers
L_0x7f286e262018 .functor BUFT 1, C4<0001011101110111>, C4<0>, C4<0>, C4<0>;
v0x55e438b893a0_0 .net/2u *"_ivl_0", 15 0, L_0x7f286e262018;  1 drivers
v0x55e438b89480_0 .net *"_ivl_10", 5 0, L_0x55e438ba8c20;  1 drivers
v0x55e438b89560_0 .net *"_ivl_100", 3 0, L_0x55e438babd50;  1 drivers
L_0x7f286e2623c0 .functor BUFT 1, C4<00010100>, C4<0>, C4<0>, C4<0>;
v0x55e438b89640_0 .net/2u *"_ivl_104", 7 0, L_0x7f286e2623c0;  1 drivers
v0x55e438b89720_0 .net *"_ivl_106", 2 0, L_0x55e438bac0c0;  1 drivers
v0x55e438b89800_0 .net *"_ivl_108", 7 0, L_0x55e438bac340;  1 drivers
L_0x7f286e262408 .functor BUFT 1, C4<0001>, C4<0>, C4<0>, C4<0>;
v0x55e438b898e0_0 .net/2u *"_ivl_112", 3 0, L_0x7f286e262408;  1 drivers
v0x55e438b899c0_0 .net *"_ivl_114", 1 0, L_0x55e438bac680;  1 drivers
v0x55e438b89aa0_0 .net *"_ivl_116", 3 0, L_0x55e438bac750;  1 drivers
v0x55e438b89b80_0 .net *"_ivl_12", 63 0, L_0x55e438ba8e60;  1 drivers
L_0x7f286e262450 .functor BUFT 1, C4<1111111100000000111000000000000011111111000000001111111100000000>, C4<0>, C4<0>, C4<0>;
v0x55e438b89c60_0 .net/2u *"_ivl_120", 63 0, L_0x7f286e262450;  1 drivers
v0x55e438b89d40_0 .net *"_ivl_122", 5 0, L_0x55e438bacb70;  1 drivers
v0x55e438b89e20_0 .net *"_ivl_124", 63 0, L_0x55e438bace20;  1 drivers
L_0x7f286e262498 .functor BUFT 1, C4<0000011101110111>, C4<0>, C4<0>, C4<0>;
v0x55e438b89f00_0 .net/2u *"_ivl_128", 15 0, L_0x7f286e262498;  1 drivers
v0x55e438b89fe0_0 .net *"_ivl_130", 3 0, L_0x55e438bad1e0;  1 drivers
v0x55e438b8a0c0_0 .net *"_ivl_132", 15 0, L_0x55e438bad3b0;  1 drivers
L_0x7f286e2624e0 .functor BUFT 1, C4<0001>, C4<0>, C4<0>, C4<0>;
v0x55e438b8a5b0_0 .net/2u *"_ivl_136", 3 0, L_0x7f286e2624e0;  1 drivers
v0x55e438b8a690_0 .net *"_ivl_138", 1 0, L_0x55e438bad730;  1 drivers
v0x55e438b8a770_0 .net *"_ivl_140", 3 0, L_0x55e438bad980;  1 drivers
L_0x7f286e262528 .functor BUFT 1, C4<0110>, C4<0>, C4<0>, C4<0>;
v0x55e438b8a850_0 .net/2u *"_ivl_144", 3 0, L_0x7f286e262528;  1 drivers
v0x55e438b8a930_0 .net *"_ivl_146", 1 0, L_0x55e438baddc0;  1 drivers
v0x55e438b8aa10_0 .net *"_ivl_148", 3 0, L_0x55e438bade60;  1 drivers
L_0x7f286e262570 .functor BUFT 1, C4<0000000000000000111111110111000000000000000000000000000010001111>, C4<0>, C4<0>, C4<0>;
v0x55e438b8aaf0_0 .net/2u *"_ivl_152", 63 0, L_0x7f286e262570;  1 drivers
v0x55e438b8abd0_0 .net *"_ivl_154", 5 0, L_0x55e438bae2b0;  1 drivers
v0x55e438b8acb0_0 .net *"_ivl_156", 63 0, L_0x55e438bae530;  1 drivers
L_0x7f286e2620a8 .functor BUFT 1, C4<0110>, C4<0>, C4<0>, C4<0>;
v0x55e438b8ad90_0 .net/2u *"_ivl_16", 3 0, L_0x7f286e2620a8;  1 drivers
L_0x7f286e2625b8 .functor BUFT 1, C4<00000111>, C4<0>, C4<0>, C4<0>;
v0x55e438b8ae70_0 .net/2u *"_ivl_160", 7 0, L_0x7f286e2625b8;  1 drivers
v0x55e438b8af50_0 .net *"_ivl_162", 2 0, L_0x55e438bae950;  1 drivers
v0x55e438b8b030_0 .net *"_ivl_164", 7 0, L_0x55e438baeb40;  1 drivers
L_0x7f286e262600 .functor BUFT 1, C4<1000>, C4<0>, C4<0>, C4<0>;
v0x55e438b8b110_0 .net/2u *"_ivl_168", 3 0, L_0x7f286e262600;  1 drivers
v0x55e438b8b1f0_0 .net *"_ivl_170", 1 0, L_0x55e438baef50;  1 drivers
v0x55e438b8b2d0_0 .net *"_ivl_172", 3 0, L_0x55e438baf2a0;  1 drivers
L_0x7f286e262648 .functor BUFT 1, C4<0001>, C4<0>, C4<0>, C4<0>;
v0x55e438b8b3b0_0 .net/2u *"_ivl_176", 3 0, L_0x7f286e262648;  1 drivers
v0x55e438b8b490_0 .net *"_ivl_178", 1 0, L_0x55e438baf740;  1 drivers
v0x55e438b8b570_0 .net *"_ivl_18", 1 0, L_0x55e438ba90d0;  1 drivers
v0x55e438b8b650_0 .net *"_ivl_180", 3 0, L_0x55e438baf7e0;  1 drivers
L_0x7f286e262690 .functor BUFT 1, C4<0110>, C4<0>, C4<0>, C4<0>;
v0x55e438b8b730_0 .net/2u *"_ivl_184", 3 0, L_0x7f286e262690;  1 drivers
v0x55e438b8b810_0 .net *"_ivl_186", 1 0, L_0x55e438bafc90;  1 drivers
v0x55e438b8b8f0_0 .net *"_ivl_188", 3 0, L_0x55e438baff70;  1 drivers
L_0x7f286e2626d8 .functor BUFT 1, C4<00000000011100010000000010001110>, C4<0>, C4<0>, C4<0>;
v0x55e438b8b9d0_0 .net/2u *"_ivl_192", 31 0, L_0x7f286e2626d8;  1 drivers
v0x55e438b8bab0_0 .net *"_ivl_194", 4 0, L_0x55e438bb0440;  1 drivers
v0x55e438b8bb90_0 .net *"_ivl_196", 31 0, L_0x55e438bb05d0;  1 drivers
v0x55e438b8bc70_0 .net *"_ivl_2", 3 0, L_0x55e438ba8860;  1 drivers
v0x55e438b8bd50_0 .net *"_ivl_20", 3 0, L_0x55e438ba9170;  1 drivers
L_0x7f286e262720 .functor BUFT 1, C4<0110>, C4<0>, C4<0>, C4<0>;
v0x55e438b8be30_0 .net/2u *"_ivl_200", 3 0, L_0x7f286e262720;  1 drivers
v0x55e438b8bf10_0 .net *"_ivl_202", 1 0, L_0x55e438bb0a60;  1 drivers
v0x55e438b8bff0_0 .net *"_ivl_204", 3 0, L_0x55e438bb0d70;  1 drivers
L_0x7f286e262768 .functor BUFT 1, C4<0000111000000001>, C4<0>, C4<0>, C4<0>;
v0x55e438b8c0d0_0 .net/2u *"_ivl_208", 15 0, L_0x7f286e262768;  1 drivers
v0x55e438b8c1b0_0 .net *"_ivl_210", 3 0, L_0x55e438bb1270;  1 drivers
v0x55e438b8c290_0 .net *"_ivl_212", 15 0, L_0x55e438bb1310;  1 drivers
L_0x7f286e2627b0 .functor BUFT 1, C4<1111111100000000011100000000000011111111000000001111111100000000>, C4<0>, C4<0>, C4<0>;
v0x55e438b8c370_0 .net/2u *"_ivl_216", 63 0, L_0x7f286e2627b0;  1 drivers
v0x55e438b8c450_0 .net *"_ivl_218", 5 0, L_0x55e438bb17d0;  1 drivers
v0x55e438b8c530_0 .net *"_ivl_220", 63 0, L_0x55e438bb1ca0;  1 drivers
L_0x7f286e2627f8 .functor BUFT 1, C4<0001>, C4<0>, C4<0>, C4<0>;
v0x55e438b8c610_0 .net/2u *"_ivl_224", 3 0, L_0x7f286e2627f8;  1 drivers
v0x55e438b8c6f0_0 .net *"_ivl_226", 1 0, L_0x55e438bb2160;  1 drivers
v0x55e438b8c7d0_0 .net *"_ivl_228", 3 0, L_0x55e438bb2200;  1 drivers
L_0x7f286e262840 .functor BUFT 1, C4<1000>, C4<0>, C4<0>, C4<0>;
v0x55e438b8c8b0_0 .net/2u *"_ivl_232", 3 0, L_0x7f286e262840;  1 drivers
v0x55e438b8c990_0 .net *"_ivl_234", 1 0, L_0x55e438bb2770;  1 drivers
v0x55e438b8ca70_0 .net *"_ivl_236", 3 0, L_0x55e438bb2ae0;  1 drivers
L_0x7f286e2620f0 .functor BUFT 1, C4<0000000000000000111111111110000000000000000000000000000000011111>, C4<0>, C4<0>, C4<0>;
v0x55e438b8cb50_0 .net/2u *"_ivl_24", 63 0, L_0x7f286e2620f0;  1 drivers
L_0x7f286e262888 .functor BUFT 1, C4<1000>, C4<0>, C4<0>, C4<0>;
v0x55e438b8cc30_0 .net/2u *"_ivl_240", 3 0, L_0x7f286e262888;  1 drivers
v0x55e438b8cd10_0 .net *"_ivl_242", 1 0, L_0x55e438bb3040;  1 drivers
v0x55e438b8cdf0_0 .net *"_ivl_244", 3 0, L_0x55e438bb3180;  1 drivers
L_0x7f286e2628d0 .functor BUFT 1, C4<0001>, C4<0>, C4<0>, C4<0>;
v0x55e438b8ced0_0 .net/2u *"_ivl_248", 3 0, L_0x7f286e2628d0;  1 drivers
v0x55e438b8cfb0_0 .net *"_ivl_250", 1 0, L_0x55e438bb36f0;  1 drivers
v0x55e438b8d090_0 .net *"_ivl_252", 3 0, L_0x55e438bb3a90;  1 drivers
L_0x7f286e262918 .functor BUFT 1, C4<0110>, C4<0>, C4<0>, C4<0>;
v0x55e438b8d170_0 .net/2u *"_ivl_256", 3 0, L_0x7f286e262918;  1 drivers
v0x55e438b8d250_0 .net *"_ivl_258", 1 0, L_0x55e438bb4020;  1 drivers
v0x55e438b8d330_0 .net *"_ivl_26", 5 0, L_0x55e438ba9420;  1 drivers
v0x55e438b8d410_0 .net *"_ivl_260", 3 0, L_0x55e438bb40c0;  1 drivers
L_0x7f286e262960 .functor BUFT 1, C4<00000000111101000000000000001011>, C4<0>, C4<0>, C4<0>;
v0x55e438b8d4f0_0 .net/2u *"_ivl_264", 31 0, L_0x7f286e262960;  1 drivers
v0x55e438b8d5d0_0 .net *"_ivl_266", 4 0, L_0x55e438bb4660;  1 drivers
v0x55e438b8d6b0_0 .net *"_ivl_268", 31 0, L_0x55e438bb4a70;  1 drivers
L_0x7f286e2629a8 .functor BUFT 1, C4<0000000000000000000100001111111100000000000000000000000000000000>, C4<0>, C4<0>, C4<0>;
v0x55e438b8d790_0 .net/2u *"_ivl_272", 63 0, L_0x7f286e2629a8;  1 drivers
v0x55e438b8d870_0 .net *"_ivl_274", 5 0, L_0x55e438bb4fe0;  1 drivers
v0x55e438b8d950_0 .net *"_ivl_276", 63 0, L_0x55e438bb50f0;  1 drivers
v0x55e438b8da30_0 .net *"_ivl_28", 63 0, L_0x55e438ba9620;  1 drivers
L_0x7f286e2629f0 .functor BUFT 1, C4<0001>, C4<0>, C4<0>, C4<0>;
v0x55e438b8db10_0 .net/2u *"_ivl_280", 3 0, L_0x7f286e2629f0;  1 drivers
v0x55e438b8dbf0_0 .net *"_ivl_282", 1 0, L_0x55e438bb56f0;  1 drivers
v0x55e438b8dcd0_0 .net *"_ivl_284", 3 0, L_0x55e438bb5af0;  1 drivers
L_0x7f286e262a38 .functor BUFT 1, C4<0001>, C4<0>, C4<0>, C4<0>;
v0x55e438b8e5c0_0 .net/2u *"_ivl_288", 3 0, L_0x7f286e262a38;  1 drivers
v0x55e438b8e6a0_0 .net *"_ivl_290", 1 0, L_0x55e438bb60e0;  1 drivers
v0x55e438b8e780_0 .net *"_ivl_292", 3 0, L_0x55e438bb6210;  1 drivers
L_0x7f286e262a80 .functor BUFT 1, C4<0001>, C4<0>, C4<0>, C4<0>;
v0x55e438b8e860_0 .net/2u *"_ivl_296", 3 0, L_0x7f286e262a80;  1 drivers
v0x55e438b8e940_0 .net *"_ivl_298", 1 0, L_0x55e438bb6770;  1 drivers
v0x55e438b8ea20_0 .net *"_ivl_300", 3 0, L_0x55e438bb6ba0;  1 drivers
L_0x7f286e262ac8 .functor BUFT 1, C4<1000>, C4<0>, C4<0>, C4<0>;
v0x55e438b8eb00_0 .net/2u *"_ivl_304", 3 0, L_0x7f286e262ac8;  1 drivers
v0x55e438b8ebe0_0 .net *"_ivl_306", 1 0, L_0x55e438bb71c0;  1 drivers
v0x55e438b8ecc0_0 .net *"_ivl_308", 3 0, L_0x55e438bb7300;  1 drivers
L_0x7f286e262b10 .functor BUFT 1, C4<0001>, C4<0>, C4<0>, C4<0>;
v0x55e438b8eda0_0 .net/2u *"_ivl_312", 3 0, L_0x7f286e262b10;  1 drivers
v0x55e438b8ee80_0 .net *"_ivl_314", 1 0, L_0x55e438bb7930;  1 drivers
v0x55e438b8ef60_0 .net *"_ivl_316", 3 0, L_0x55e438bb7d90;  1 drivers
L_0x7f286e262138 .functor BUFT 1, C4<0001>, C4<0>, C4<0>, C4<0>;
v0x55e438b8f040_0 .net/2u *"_ivl_32", 3 0, L_0x7f286e262138;  1 drivers
L_0x7f286e262b58 .functor BUFT 1, C4<0110>, C4<0>, C4<0>, C4<0>;
v0x55e438b8f120_0 .net/2u *"_ivl_320", 3 0, L_0x7f286e262b58;  1 drivers
v0x55e438b8f200_0 .net *"_ivl_322", 1 0, L_0x55e438bb83e0;  1 drivers
v0x55e438b8f2e0_0 .net *"_ivl_324", 3 0, L_0x55e438bb8480;  1 drivers
L_0x7f286e262ba0 .functor BUFT 1, C4<00000000011100010000000010001110>, C4<0>, C4<0>, C4<0>;
v0x55e438b8f3c0_0 .net/2u *"_ivl_328", 31 0, L_0x7f286e262ba0;  1 drivers
v0x55e438b8f4a0_0 .net *"_ivl_330", 4 0, L_0x55e438bb8ae0;  1 drivers
v0x55e438b8f580_0 .net *"_ivl_332", 31 0, L_0x55e438bb90a0;  1 drivers
L_0x7f286e262be8 .functor BUFT 1, C4<0110>, C4<0>, C4<0>, C4<0>;
v0x55e438b8f660_0 .net/2u *"_ivl_336", 3 0, L_0x7f286e262be8;  1 drivers
v0x55e438b8f740_0 .net *"_ivl_338", 1 0, L_0x55e438bb96d0;  1 drivers
v0x55e438b8f820_0 .net *"_ivl_34", 1 0, L_0x55e438ba98f0;  1 drivers
v0x55e438b8f900_0 .net *"_ivl_340", 3 0, L_0x55e438bb9770;  1 drivers
L_0x7f286e262c30 .functor BUFT 1, C4<00010100>, C4<0>, C4<0>, C4<0>;
v0x55e438b8f9e0_0 .net/2u *"_ivl_344", 7 0, L_0x7f286e262c30;  1 drivers
v0x55e438b8fac0_0 .net *"_ivl_346", 2 0, L_0x55e438bb9d10;  1 drivers
v0x55e438b8fba0_0 .net *"_ivl_348", 7 0, L_0x55e438bba1d0;  1 drivers
L_0x7f286e262c78 .functor BUFT 1, C4<0000111110111111000011110000111100001111000011110000111100001111>, C4<0>, C4<0>, C4<0>;
v0x55e438b8fc80_0 .net/2u *"_ivl_352", 63 0, L_0x7f286e262c78;  1 drivers
v0x55e438b8fd60_0 .net *"_ivl_354", 5 0, L_0x55e438bb9db0;  1 drivers
v0x55e438b8fe40_0 .net *"_ivl_356", 63 0, L_0x55e438bb9e90;  1 drivers
v0x55e438b8ff20_0 .net *"_ivl_36", 3 0, L_0x55e438ba99c0;  1 drivers
L_0x7f286e262cc0 .functor BUFT 1, C4<0001011101110111>, C4<0>, C4<0>, C4<0>;
v0x55e438b90000_0 .net/2u *"_ivl_360", 15 0, L_0x7f286e262cc0;  1 drivers
v0x55e438b900e0_0 .net *"_ivl_362", 3 0, L_0x55e438bba110;  1 drivers
v0x55e438b901c0_0 .net *"_ivl_364", 15 0, L_0x55e438bba400;  1 drivers
L_0x7f286e262d08 .functor BUFT 1, C4<0110>, C4<0>, C4<0>, C4<0>;
v0x55e438b902a0_0 .net/2u *"_ivl_368", 3 0, L_0x7f286e262d08;  1 drivers
v0x55e438b90380_0 .net *"_ivl_370", 1 0, L_0x55e438bba680;  1 drivers
v0x55e438b90460_0 .net *"_ivl_372", 3 0, L_0x55e438bba720;  1 drivers
L_0x7f286e262d50 .functor BUFT 1, C4<00000000111101000000000000001011>, C4<0>, C4<0>, C4<0>;
v0x55e438b90540_0 .net/2u *"_ivl_376", 31 0, L_0x7f286e262d50;  1 drivers
v0x55e438b90620_0 .net *"_ivl_378", 4 0, L_0x55e438bbaa20;  1 drivers
v0x55e438b90700_0 .net *"_ivl_380", 31 0, L_0x55e438bbab00;  1 drivers
L_0x7f286e262d98 .functor BUFT 1, C4<0000000000000000000100001111111100000000000000000000000000000000>, C4<0>, C4<0>, C4<0>;
v0x55e438b907e0_0 .net/2u *"_ivl_384", 63 0, L_0x7f286e262d98;  1 drivers
v0x55e438b908c0_0 .net *"_ivl_386", 5 0, L_0x55e438bbb220;  1 drivers
v0x55e438b909a0_0 .net *"_ivl_388", 63 0, L_0x55e438bbb3c0;  1 drivers
L_0x7f286e262de0 .functor BUFT 1, C4<00000111>, C4<0>, C4<0>, C4<0>;
v0x55e438b90a80_0 .net/2u *"_ivl_392", 7 0, L_0x7f286e262de0;  1 drivers
v0x55e438b90b60_0 .net *"_ivl_394", 2 0, L_0x55e438bbaed0;  1 drivers
v0x55e438b90c40_0 .net *"_ivl_396", 7 0, L_0x55e438bbb090;  1 drivers
v0x55e438b90d20_0 .net *"_ivl_4", 15 0, L_0x55e438ba89c0;  1 drivers
L_0x7f286e262180 .functor BUFT 1, C4<0001>, C4<0>, C4<0>, C4<0>;
v0x55e438b90e00_0 .net/2u *"_ivl_40", 3 0, L_0x7f286e262180;  1 drivers
L_0x7f286e262e28 .functor BUFT 1, C4<0001>, C4<0>, C4<0>, C4<0>;
v0x55e438b90ee0_0 .net/2u *"_ivl_400", 3 0, L_0x7f286e262e28;  1 drivers
v0x55e438b90fc0_0 .net *"_ivl_402", 1 0, L_0x55e438bbb4e0;  1 drivers
v0x55e438b910a0_0 .net *"_ivl_404", 3 0, L_0x55e438bbb580;  1 drivers
L_0x7f286e262e70 .functor BUFT 1, C4<0001>, C4<0>, C4<0>, C4<0>;
v0x55e438b91180_0 .net/2u *"_ivl_408", 3 0, L_0x7f286e262e70;  1 drivers
v0x55e438b91260_0 .net *"_ivl_410", 1 0, L_0x55e438bbb800;  1 drivers
v0x55e438b91340_0 .net *"_ivl_412", 3 0, L_0x55e438bbbec0;  1 drivers
L_0x7f286e262eb8 .functor BUFT 1, C4<0110>, C4<0>, C4<0>, C4<0>;
v0x55e438b91420_0 .net/2u *"_ivl_416", 3 0, L_0x7f286e262eb8;  1 drivers
v0x55e438b91500_0 .net *"_ivl_418", 1 0, L_0x55e438bbb9e0;  1 drivers
v0x55e438b915e0_0 .net *"_ivl_42", 1 0, L_0x55e438ba9cf0;  1 drivers
v0x55e438b916c0_0 .net *"_ivl_420", 3 0, L_0x55e438bbba80;  1 drivers
L_0x7f286e262f00 .functor BUFT 1, C4<0000011101110111>, C4<0>, C4<0>, C4<0>;
v0x55e438b917a0_0 .net/2u *"_ivl_424", 15 0, L_0x7f286e262f00;  1 drivers
v0x55e438b91880_0 .net *"_ivl_426", 3 0, L_0x55e438bbbd00;  1 drivers
v0x55e438b91960_0 .net *"_ivl_428", 15 0, L_0x55e438bbbda0;  1 drivers
L_0x7f286e262f48 .functor BUFT 1, C4<0000000000000000111111110111000000000000000000000000000010001111>, C4<0>, C4<0>, C4<0>;
v0x55e438b91a40_0 .net/2u *"_ivl_432", 63 0, L_0x7f286e262f48;  1 drivers
v0x55e438b91b20_0 .net *"_ivl_434", 5 0, L_0x55e438bbc0f0;  1 drivers
v0x55e438b91c00_0 .net *"_ivl_436", 63 0, L_0x55e438bbc1d0;  1 drivers
v0x55e438b91ce0_0 .net *"_ivl_44", 3 0, L_0x55e438ba9ec0;  1 drivers
L_0x7f286e262f90 .functor BUFT 1, C4<0001>, C4<0>, C4<0>, C4<0>;
v0x55e438b91dc0_0 .net/2u *"_ivl_440", 3 0, L_0x7f286e262f90;  1 drivers
v0x55e438b91ea0_0 .net *"_ivl_442", 1 0, L_0x55e438bbc400;  1 drivers
v0x55e438b91f80_0 .net *"_ivl_444", 3 0, L_0x55e438bbc540;  1 drivers
L_0x7f286e262fd8 .functor BUFT 1, C4<0110>, C4<0>, C4<0>, C4<0>;
v0x55e438b92060_0 .net/2u *"_ivl_448", 3 0, L_0x7f286e262fd8;  1 drivers
v0x55e438b92140_0 .net *"_ivl_450", 1 0, L_0x55e438bbc790;  1 drivers
v0x55e438b92220_0 .net *"_ivl_452", 3 0, L_0x55e438bbc830;  1 drivers
L_0x7f286e263020 .functor BUFT 1, C4<0000011101110111>, C4<0>, C4<0>, C4<0>;
v0x55e438b92300_0 .net/2u *"_ivl_456", 15 0, L_0x7f286e263020;  1 drivers
v0x55e438b923e0_0 .net *"_ivl_458", 3 0, L_0x55e438bbcab0;  1 drivers
v0x55e438b924c0_0 .net *"_ivl_460", 15 0, L_0x55e438bbd420;  1 drivers
L_0x7f286e263068 .functor BUFT 1, C4<0000111110111111000011110000111100000000000000000000000000000000>, C4<0>, C4<0>, C4<0>;
v0x55e438b925a0_0 .net/2u *"_ivl_464", 63 0, L_0x7f286e263068;  1 drivers
v0x55e438b92680_0 .net *"_ivl_466", 5 0, L_0x55e438bbceb0;  1 drivers
v0x55e438b92760_0 .net *"_ivl_468", 63 0, L_0x55e438bbcf90;  1 drivers
L_0x7f286e2630b0 .functor BUFT 1, C4<0000011101110111>, C4<0>, C4<0>, C4<0>;
v0x55e438b92840_0 .net/2u *"_ivl_472", 15 0, L_0x7f286e2630b0;  1 drivers
v0x55e438b92920_0 .net *"_ivl_474", 3 0, L_0x55e438bbd1c0;  1 drivers
v0x55e438b92a00_0 .net *"_ivl_476", 15 0, L_0x55e438bbdb50;  1 drivers
L_0x7f286e2621c8 .functor BUFT 1, C4<0110>, C4<0>, C4<0>, C4<0>;
v0x55e438b92ae0_0 .net/2u *"_ivl_48", 3 0, L_0x7f286e2621c8;  1 drivers
L_0x7f286e2630f8 .functor BUFT 1, C4<00001110>, C4<0>, C4<0>, C4<0>;
v0x55e438b92bc0_0 .net/2u *"_ivl_480", 7 0, L_0x7f286e2630f8;  1 drivers
v0x55e438b92ca0_0 .net *"_ivl_482", 2 0, L_0x55e438bbd5b0;  1 drivers
v0x55e438b92d80_0 .net *"_ivl_484", 7 0, L_0x55e438bbd650;  1 drivers
v0x55e438b92e60_0 .net *"_ivl_50", 1 0, L_0x55e438baa1e0;  1 drivers
v0x55e438b92f40_0 .net *"_ivl_52", 3 0, L_0x55e438baa280;  1 drivers
L_0x7f286e262210 .functor BUFT 1, C4<0000011101110111>, C4<0>, C4<0>, C4<0>;
v0x55e438b93020_0 .net/2u *"_ivl_56", 15 0, L_0x7f286e262210;  1 drivers
v0x55e438b93100_0 .net *"_ivl_58", 3 0, L_0x55e438baa510;  1 drivers
v0x55e438b931e0_0 .net *"_ivl_60", 15 0, L_0x55e438baa710;  1 drivers
L_0x7f286e262258 .functor BUFT 1, C4<00010100>, C4<0>, C4<0>, C4<0>;
v0x55e438b932c0_0 .net/2u *"_ivl_64", 7 0, L_0x7f286e262258;  1 drivers
v0x55e438b933a0_0 .net *"_ivl_66", 2 0, L_0x55e438baaa60;  1 drivers
v0x55e438b93480_0 .net *"_ivl_68", 7 0, L_0x55e438baab00;  1 drivers
L_0x7f286e2622a0 .functor BUFT 1, C4<0000000000000000000000000000000011110111011101010101010101010101>, C4<0>, C4<0>, C4<0>;
v0x55e438b93560_0 .net/2u *"_ivl_72", 63 0, L_0x7f286e2622a0;  1 drivers
v0x55e438b93640_0 .net *"_ivl_74", 5 0, L_0x55e438baadc0;  1 drivers
v0x55e438b93720_0 .net *"_ivl_76", 63 0, L_0x55e438baafa0;  1 drivers
L_0x7f286e262060 .functor BUFT 1, C4<0000000101010111000101010111111100010101011111110001010101111111>, C4<0>, C4<0>, C4<0>;
v0x55e438b93800_0 .net/2u *"_ivl_8", 63 0, L_0x7f286e262060;  1 drivers
L_0x7f286e2622e8 .functor BUFT 1, C4<0001>, C4<0>, C4<0>, C4<0>;
v0x55e438b938e0_0 .net/2u *"_ivl_80", 3 0, L_0x7f286e2622e8;  1 drivers
v0x55e438b939c0_0 .net *"_ivl_82", 1 0, L_0x55e438bab320;  1 drivers
v0x55e438b93aa0_0 .net *"_ivl_84", 3 0, L_0x55e438bab460;  1 drivers
L_0x7f286e262330 .functor BUFT 1, C4<0000011101110111>, C4<0>, C4<0>, C4<0>;
v0x55e438b93b80_0 .net/2u *"_ivl_88", 15 0, L_0x7f286e262330;  1 drivers
v0x55e438b93c60_0 .net *"_ivl_90", 3 0, L_0x55e438bab7f0;  1 drivers
v0x55e438b93d40_0 .net *"_ivl_92", 15 0, L_0x55e438baba40;  1 drivers
L_0x7f286e262378 .functor BUFT 1, C4<0110>, C4<0>, C4<0>, C4<0>;
v0x55e438b93e20_0 .net/2u *"_ivl_96", 3 0, L_0x7f286e262378;  1 drivers
v0x55e438b93f00_0 .net *"_ivl_98", 1 0, L_0x55e438bab920;  1 drivers
v0x55e438b93fe0_0 .net "clk", 0 0, v0x55e438b98330_0;  1 drivers
v0x55e438b940a0_0 .net "n104", 0 0, L_0x55e438b690e0;  1 drivers
v0x55e438b94160_0 .net "n108", 0 0, L_0x55e438b68da0;  1 drivers
v0x55e438b94220_0 .net "n112", 0 0, L_0x55e438b68a60;  1 drivers
v0x55e438b942e0_0 .net "n116", 0 0, L_0x55e438b68720;  1 drivers
v0x55e438b943a0_0 .net "n120", 0 0, L_0x55e438b683e0;  1 drivers
v0x55e438b94460_0 .net "n124", 0 0, L_0x55e438ba9740;  1 drivers
v0x55e438b94520_0 .net "n128", 0 0, L_0x55e438baacd0;  1 drivers
v0x55e438b945e0_0 .net "n132", 0 0, L_0x55e438bac430;  1 drivers
v0x55e438b946a0_0 .net "n136", 0 0, L_0x55e438bae670;  1 drivers
v0x55e438b94760_0 .net "n140", 0 0, L_0x55e438bb0970;  1 drivers
v0x55e438b94820_0 .net "n144", 0 0, L_0x55e438bb16e0;  1 drivers
v0x55e438b948e0_0 .net "n148", 0 0, L_0x55e438bb4bb0;  1 drivers
v0x55e438b949a0_0 .net "n152", 0 0, L_0x55e438bb91e0;  1 drivers
v0x55e438b94a60_0 .net "n156", 0 0, L_0x55e438bba310;  1 drivers
v0x55e438b94b20_0 .net "n160", 0 0, L_0x55e438bbac40;  1 drivers
v0x55e438b94be0_0 .net "n164", 0 0, L_0x55e438bbc310;  1 drivers
v0x55e438b94ca0_0 .net "n168", 0 0, L_0x55e438bbd0d0;  1 drivers
v0x55e438b94d60_0 .net "new_new_n108_1", 0 0, L_0x55e438ba8ae0;  1 drivers
v0x55e438b94e20_0 .net "new_new_n110", 0 0, L_0x55e438ba8fa0;  1 drivers
v0x55e438b94ee0_0 .net "new_new_n112_1", 0 0, L_0x55e438ba9330;  1 drivers
v0x55e438b94fa0_0 .net "new_new_n114", 0 0, L_0x55e438ba9bb0;  1 drivers
v0x55e438b95060_0 .net "new_new_n115_1", 0 0, L_0x55e438baa000;  1 drivers
v0x55e438b95120_0 .net "new_new_n116_1", 0 0, L_0x55e438baa140;  1 drivers
v0x55e438b951e0_0 .net "new_new_n117", 0 0, L_0x55e438baa850;  1 drivers
v0x55e438b8dd90_0 .net "new_new_n119_1", 0 0, L_0x55e438bab0e0;  1 drivers
v0x55e438b8de50_0 .net "new_new_n120_1", 0 0, L_0x55e438bab6b0;  1 drivers
v0x55e438b8df10_0 .net "new_new_n121", 0 0, L_0x55e438babae0;  1 drivers
v0x55e438b8dfd0_0 .net "new_new_n122", 0 0, L_0x55e438babf80;  1 drivers
v0x55e438b8e090_0 .net "new_new_n124_1", 0 0, L_0x55e438baca30;  1 drivers
v0x55e438b8e150_0 .net "new_new_n125", 0 0, L_0x55e438bacf10;  1 drivers
v0x55e438b8e210_0 .net "new_new_n126", 0 0, L_0x55e438bad5f0;  1 drivers
v0x55e438b8e2d0_0 .net "new_new_n127_1", 0 0, L_0x55e438badac0;  1 drivers
v0x55e438b8e390_0 .net "new_new_n128_1", 0 0, L_0x55e438bae170;  1 drivers
v0x55e438b8e450_0 .net "new_new_n130", 0 0, L_0x55e438baee10;  1 drivers
v0x55e438b96290_0 .net "new_new_n131_1", 0 0, L_0x55e438baf3e0;  1 drivers
v0x55e438b96330_0 .net "new_new_n132_1", 0 0, L_0x55e438bafb50;  1 drivers
v0x55e438b963d0_0 .net "new_new_n133", 0 0, L_0x55e438bb00b0;  1 drivers
v0x55e438b96470_0 .net "new_new_n136_1", 0 0, L_0x55e438bb0eb0;  1 drivers
v0x55e438b96530_0 .net "new_new_n138", 0 0, L_0x55e438bb1d70;  1 drivers
v0x55e438b965f0_0 .net "new_new_n139_1", 0 0, L_0x55e438bb2630;  1 drivers
v0x55e438b966b0_0 .net "new_new_n140_1", 0 0, L_0x55e438bb2c20;  1 drivers
v0x55e438b96770_0 .net "new_new_n141", 0 0, L_0x55e438bb35b0;  1 drivers
v0x55e438b96830_0 .net "new_new_n142", 0 0, L_0x55e438bb3bd0;  1 drivers
v0x55e438b968f0_0 .net "new_new_n143_1", 0 0, L_0x55e438bb4520;  1 drivers
v0x55e438b969b0_0 .net "new_new_n145", 0 0, L_0x55e438bb55b0;  1 drivers
v0x55e438b96a70_0 .net "new_new_n146", 0 0, L_0x55e438bb5c30;  1 drivers
v0x55e438b96b30_0 .net "new_new_n147_1", 0 0, L_0x55e438bb6630;  1 drivers
v0x55e438b96bf0_0 .net "new_new_n148_1", 0 0, L_0x55e438bb6ce0;  1 drivers
v0x55e438b96cb0_0 .net "new_new_n149", 0 0, L_0x55e438bb77f0;  1 drivers
v0x55e438b96d70_0 .net "new_new_n150", 0 0, L_0x55e438bb7ed0;  1 drivers
v0x55e438b96e30_0 .net "new_new_n151_1", 0 0, L_0x55e438bb89a0;  1 drivers
v0x55e438b96ef0_0 .net "new_new_n154", 0 0, L_0x55e438bb9c20;  1 drivers
v0x55e438b96fb0_0 .net "new_new_n156", 0 0, L_0x55e438bb9fd0;  1 drivers
v0x55e438b97070_0 .net "new_new_n157", 0 0, L_0x55e438bba540;  1 drivers
v0x55e438b97130_0 .net "new_new_n158", 0 0, L_0x55e438bba8e0;  1 drivers
v0x55e438b971f0_0 .net "new_new_n160", 0 0, L_0x55e438bbad90;  1 drivers
v0x55e438b972b0_0 .net "new_new_n161", 0 0, L_0x55e438bbb130;  1 drivers
v0x55e438b97370_0 .net "new_new_n162", 0 0, L_0x55e438bbb6c0;  1 drivers
v0x55e438b97430_0 .net "new_new_n163", 0 0, L_0x55e438bbbfb0;  1 drivers
v0x55e438b974f0_0 .net "new_new_n164", 0 0, L_0x55e438bbbbc0;  1 drivers
v0x55e438b975b0_0 .net "new_new_n165", 0 0, L_0x55e438bbc650;  1 drivers
v0x55e438b97670_0 .net "new_new_n167", 0 0, L_0x55e438bbcd70;  1 drivers
v0x55e438b97730_0 .net "new_new_n168", 0 0, L_0x55e438bbc970;  1 drivers
v0x55e438b977f0_0 .net "new_new_n169", 0 0, L_0x55e438bbd4c0;  1 drivers
v0x55e438b978b0_0 .net "new_new_n171", 0 0, L_0x55e438bbdbf0;  1 drivers
v0x55e438b97970_0 .net "new_new_n172", 0 0, L_0x55e438bbd790;  1 drivers
v0x55e438b97a30_0 .net "rst", 0 0, v0x55e438b986d0_0;  1 drivers
E_0x55e438b12c10 .event posedge, v0x55e438b93fe0_0;
L_0x55e438ba8860 .concat [ 1 1 1 1], L_0x55e438bbef60, L_0x55e438bc0140, L_0x55e438bbf000, L_0x55e438bc0270;
L_0x55e438ba89c0 .shift/r 16, L_0x7f286e262018, L_0x55e438ba8860;
L_0x55e438ba8ae0 .part L_0x55e438ba89c0, 0, 1;
LS_0x55e438ba8c20_0_0 .concat [ 1 1 1 1], L_0x55e438bbee40, L_0x55e438bbef60, L_0x55e438bc0140, L_0x55e438bbffa0;
LS_0x55e438ba8c20_0_4 .concat [ 1 1 0 0], L_0x55e438bbf000, L_0x55e438bc0270;
L_0x55e438ba8c20 .concat [ 4 2 0 0], LS_0x55e438ba8c20_0_0, LS_0x55e438ba8c20_0_4;
L_0x55e438ba8e60 .shift/r 64, L_0x7f286e262060, L_0x55e438ba8c20;
L_0x55e438ba8fa0 .part L_0x55e438ba8e60, 0, 1;
L_0x55e438ba90d0 .concat [ 1 1 0 0], L_0x55e438bbec00, L_0x55e438bbfd70;
L_0x55e438ba9170 .shift/r 4, L_0x7f286e2620a8, L_0x55e438ba90d0;
L_0x55e438ba9330 .part L_0x55e438ba9170, 0, 1;
LS_0x55e438ba9420_0_0 .concat [ 1 1 1 1], L_0x55e438ba8fa0, L_0x55e438ba9bb0, L_0x55e438baa850, L_0x55e438baa000;
LS_0x55e438ba9420_0_4 .concat [ 1 1 0 0], v0x55e438b986d0_0, L_0x55e438baa140;
L_0x55e438ba9420 .concat [ 4 2 0 0], LS_0x55e438ba9420_0_0, LS_0x55e438ba9420_0_4;
L_0x55e438ba9620 .shift/r 64, L_0x7f286e2620f0, L_0x55e438ba9420;
L_0x55e438ba9740 .part L_0x55e438ba9620, 0, 1;
L_0x55e438ba98f0 .concat [ 1 1 0 0], L_0x55e438bbed10, L_0x55e438bbff00;
L_0x55e438ba99c0 .shift/r 4, L_0x7f286e262138, L_0x55e438ba98f0;
L_0x55e438ba9bb0 .part L_0x55e438ba99c0, 0, 1;
L_0x55e438ba9cf0 .concat [ 1 1 0 0], L_0x55e438bbec00, L_0x55e438bbfd70;
L_0x55e438ba9ec0 .shift/r 4, L_0x7f286e262180, L_0x55e438ba9cf0;
L_0x55e438baa000 .part L_0x55e438ba9ec0, 0, 1;
L_0x55e438baa1e0 .concat [ 1 1 0 0], L_0x55e438bbeb60, L_0x55e438bbfcd0;
L_0x55e438baa280 .shift/r 4, L_0x7f286e2621c8, L_0x55e438baa1e0;
L_0x55e438baa140 .part L_0x55e438baa280, 0, 1;
L_0x55e438baa510 .concat [ 1 1 1 1], L_0x55e438bbec00, L_0x55e438bbfd70, L_0x55e438bbed10, L_0x55e438bbff00;
L_0x55e438baa710 .shift/r 16, L_0x7f286e262210, L_0x55e438baa510;
L_0x55e438baa850 .part L_0x55e438baa710, 0, 1;
L_0x55e438baaa60 .concat [ 1 1 1 0], v0x55e438b986d0_0, L_0x55e438bab0e0, L_0x55e438babf80;
L_0x55e438baab00 .shift/r 8, L_0x7f286e262258, L_0x55e438baaa60;
L_0x55e438baacd0 .part L_0x55e438baab00, 0, 1;
LS_0x55e438baadc0_0_0 .concat [ 1 1 1 1], L_0x55e438babae0, L_0x55e438ba8fa0, L_0x55e438bbed10, L_0x55e438bbff00;
LS_0x55e438baadc0_0_4 .concat [ 1 1 0 0], L_0x55e438ba9330, L_0x55e438bab6b0;
L_0x55e438baadc0 .concat [ 4 2 0 0], LS_0x55e438baadc0_0_0, LS_0x55e438baadc0_0_4;
L_0x55e438baafa0 .shift/r 64, L_0x7f286e2622a0, L_0x55e438baadc0;
L_0x55e438bab0e0 .part L_0x55e438baafa0, 0, 1;
L_0x55e438bab320 .concat [ 1 1 0 0], L_0x55e438bbeb60, L_0x55e438bbfcd0;
L_0x55e438bab460 .shift/r 4, L_0x7f286e2622e8, L_0x55e438bab320;
L_0x55e438bab6b0 .part L_0x55e438bab460, 0, 1;
L_0x55e438bab7f0 .concat [ 1 1 1 1], L_0x55e438bbeb60, L_0x55e438bbfcd0, L_0x55e438bbec00, L_0x55e438bbfd70;
L_0x55e438baba40 .shift/r 16, L_0x7f286e262330, L_0x55e438bab7f0;
L_0x55e438babae0 .part L_0x55e438baba40, 0, 1;
L_0x55e438bab920 .concat [ 1 1 0 0], L_0x55e438bbea60, L_0x55e438bbfb50;
L_0x55e438babd50 .shift/r 4, L_0x7f286e262378, L_0x55e438bab920;
L_0x55e438babf80 .part L_0x55e438babd50, 0, 1;
L_0x55e438bac0c0 .concat [ 1 1 1 0], v0x55e438b986d0_0, L_0x55e438baca30, L_0x55e438bae170;
L_0x55e438bac340 .shift/r 8, L_0x7f286e2623c0, L_0x55e438bac0c0;
L_0x55e438bac430 .part L_0x55e438bac340, 0, 1;
L_0x55e438bac680 .concat [ 1 1 0 0], L_0x55e438bacf10, L_0x55e438badac0;
L_0x55e438bac750 .shift/r 4, L_0x7f286e262408, L_0x55e438bac680;
L_0x55e438baca30 .part L_0x55e438bac750, 0, 1;
LS_0x55e438bacb70_0_0 .concat [ 1 1 1 1], L_0x55e438ba8fa0, L_0x55e438ba9bb0, L_0x55e438baa850, L_0x55e438bad5f0;
LS_0x55e438bacb70_0_4 .concat [ 1 1 0 0], L_0x55e438baa000, L_0x55e438baa140;
L_0x55e438bacb70 .concat [ 4 2 0 0], LS_0x55e438bacb70_0_0, LS_0x55e438bacb70_0_4;
L_0x55e438bace20 .shift/r 64, L_0x7f286e262450, L_0x55e438bacb70;
L_0x55e438bacf10 .part L_0x55e438bace20, 0, 1;
L_0x55e438bad1e0 .concat [ 1 1 1 1], L_0x55e438bbea60, L_0x55e438bbfb50, L_0x55e438bbeb60, L_0x55e438bbfcd0;
L_0x55e438bad3b0 .shift/r 16, L_0x7f286e262498, L_0x55e438bad1e0;
L_0x55e438bad5f0 .part L_0x55e438bad3b0, 0, 1;
L_0x55e438bad730 .concat [ 1 1 0 0], L_0x55e438bbea60, L_0x55e438bbfb50;
L_0x55e438bad980 .shift/r 4, L_0x7f286e2624e0, L_0x55e438bad730;
L_0x55e438badac0 .part L_0x55e438bad980, 0, 1;
L_0x55e438baddc0 .concat [ 1 1 0 0], L_0x55e438bbe9c0, L_0x55e438bbfab0;
L_0x55e438bade60 .shift/r 4, L_0x7f286e262528, L_0x55e438baddc0;
L_0x55e438bae170 .part L_0x55e438bade60, 0, 1;
LS_0x55e438bae2b0_0_0 .concat [ 1 1 1 1], L_0x55e438bab0e0, L_0x55e438babf80, L_0x55e438baee10, L_0x55e438bafb50;
LS_0x55e438bae2b0_0_4 .concat [ 1 1 0 0], v0x55e438b986d0_0, L_0x55e438bb00b0;
L_0x55e438bae2b0 .concat [ 4 2 0 0], LS_0x55e438bae2b0_0_0, LS_0x55e438bae2b0_0_4;
L_0x55e438bae530 .shift/r 64, L_0x7f286e262570, L_0x55e438bae2b0;
L_0x55e438bae670 .part L_0x55e438bae530, 0, 1;
L_0x55e438bae950 .concat [ 1 1 1 0], L_0x55e438bbea60, L_0x55e438bbfb50, L_0x55e438baf3e0;
L_0x55e438baeb40 .shift/r 8, L_0x7f286e2625b8, L_0x55e438bae950;
L_0x55e438baee10 .part L_0x55e438baeb40, 0, 1;
L_0x55e438baef50 .concat [ 1 1 0 0], L_0x55e438bbe9c0, L_0x55e438bbfab0;
L_0x55e438baf2a0 .shift/r 4, L_0x7f286e262600, L_0x55e438baef50;
L_0x55e438baf3e0 .part L_0x55e438baf2a0, 0, 1;
L_0x55e438baf740 .concat [ 1 1 0 0], L_0x55e438bbe9c0, L_0x55e438bbfab0;
L_0x55e438baf7e0 .shift/r 4, L_0x7f286e262648, L_0x55e438baf740;
L_0x55e438bafb50 .part L_0x55e438baf7e0, 0, 1;
L_0x55e438bafc90 .concat [ 1 1 0 0], L_0x55e438bbe8d0, L_0x55e438bbf940;
L_0x55e438baff70 .shift/r 4, L_0x7f286e262690, L_0x55e438bafc90;
L_0x55e438bb00b0 .part L_0x55e438baff70, 0, 1;
LS_0x55e438bb0440_0_0 .concat [ 1 1 1 1], L_0x55e438bbe8d0, L_0x55e438bbf940, L_0x55e438bae670, v0x55e438b986d0_0;
LS_0x55e438bb0440_0_4 .concat [ 1 0 0 0], L_0x55e438bb0eb0;
L_0x55e438bb0440 .concat [ 4 1 0 0], LS_0x55e438bb0440_0_0, LS_0x55e438bb0440_0_4;
L_0x55e438bb05d0 .shift/r 32, L_0x7f286e2626d8, L_0x55e438bb0440;
L_0x55e438bb0970 .part L_0x55e438bb05d0, 0, 1;
L_0x55e438bb0a60 .concat [ 1 1 0 0], L_0x55e438bbe7a0, L_0x55e438bbf810;
L_0x55e438bb0d70 .shift/r 4, L_0x7f286e262720, L_0x55e438bb0a60;
L_0x55e438bb0eb0 .part L_0x55e438bb0d70, 0, 1;
L_0x55e438bb1270 .concat [ 1 1 1 1], L_0x55e438bb1d70, L_0x55e438bb3bd0, v0x55e438b986d0_0, L_0x55e438bb4520;
L_0x55e438bb1310 .shift/r 16, L_0x7f286e262768, L_0x55e438bb1270;
L_0x55e438bb16e0 .part L_0x55e438bb1310, 0, 1;
LS_0x55e438bb17d0_0_0 .concat [ 1 1 1 1], L_0x55e438babf80, L_0x55e438bab0e0, L_0x55e438baee10, L_0x55e438bb2630;
LS_0x55e438bb17d0_0_4 .concat [ 1 1 0 0], L_0x55e438bafb50, L_0x55e438bb00b0;
L_0x55e438bb17d0 .concat [ 4 2 0 0], LS_0x55e438bb17d0_0_0, LS_0x55e438bb17d0_0_4;
L_0x55e438bb1ca0 .shift/r 64, L_0x7f286e2627b0, L_0x55e438bb17d0;
L_0x55e438bb1d70 .part L_0x55e438bb1ca0, 0, 1;
L_0x55e438bb2160 .concat [ 1 1 0 0], L_0x55e438bb2c20, L_0x55e438bb35b0;
L_0x55e438bb2200 .shift/r 4, L_0x7f286e2627f8, L_0x55e438bb2160;
L_0x55e438bb2630 .part L_0x55e438bb2200, 0, 1;
L_0x55e438bb2770 .concat [ 1 1 0 0], L_0x55e438bbe8d0, L_0x55e438bbf940;
L_0x55e438bb2ae0 .shift/r 4, L_0x7f286e262840, L_0x55e438bb2770;
L_0x55e438bb2c20 .part L_0x55e438bb2ae0, 0, 1;
L_0x55e438bb3040 .concat [ 1 1 0 0], L_0x55e438bbe7a0, L_0x55e438bbf810;
L_0x55e438bb3180 .shift/r 4, L_0x7f286e262888, L_0x55e438bb3040;
L_0x55e438bb35b0 .part L_0x55e438bb3180, 0, 1;
L_0x55e438bb36f0 .concat [ 1 1 0 0], L_0x55e438bbe7a0, L_0x55e438bbf810;
L_0x55e438bb3a90 .shift/r 4, L_0x7f286e2628d0, L_0x55e438bb36f0;
L_0x55e438bb3bd0 .part L_0x55e438bb3a90, 0, 1;
L_0x55e438bb4020 .concat [ 1 1 0 0], L_0x55e438bbe630, L_0x55e438bbf620;
L_0x55e438bb40c0 .shift/r 4, L_0x7f286e262918, L_0x55e438bb4020;
L_0x55e438bb4520 .part L_0x55e438bb40c0, 0, 1;
LS_0x55e438bb4660_0_0 .concat [ 1 1 1 1], L_0x55e438bb55b0, L_0x55e438bb6ce0, L_0x55e438bb7ed0, v0x55e438b986d0_0;
LS_0x55e438bb4660_0_4 .concat [ 1 0 0 0], L_0x55e438bb89a0;
L_0x55e438bb4660 .concat [ 4 1 0 0], LS_0x55e438bb4660_0_0, LS_0x55e438bb4660_0_4;
L_0x55e438bb4a70 .shift/r 32, L_0x7f286e262960, L_0x55e438bb4660;
L_0x55e438bb4bb0 .part L_0x55e438bb4a70, 0, 1;
LS_0x55e438bb4fe0_0_0 .concat [ 1 1 1 1], L_0x55e438badac0, L_0x55e438bacf10, L_0x55e438bae170, L_0x55e438bb5c30;
LS_0x55e438bb4fe0_0_4 .concat [ 1 1 0 0], L_0x55e438bb6630, L_0x55e438bb0eb0;
L_0x55e438bb4fe0 .concat [ 4 2 0 0], LS_0x55e438bb4fe0_0_0, LS_0x55e438bb4fe0_0_4;
L_0x55e438bb50f0 .shift/r 64, L_0x7f286e2629a8, L_0x55e438bb4fe0;
L_0x55e438bb55b0 .part L_0x55e438bb50f0, 0, 1;
L_0x55e438bb56f0 .concat [ 1 1 0 0], L_0x55e438baf3e0, L_0x55e438bb2c20;
L_0x55e438bb5af0 .shift/r 4, L_0x7f286e2629f0, L_0x55e438bb56f0;
L_0x55e438bb5c30 .part L_0x55e438bb5af0, 0, 1;
L_0x55e438bb60e0 .concat [ 1 1 0 0], L_0x55e438bbe8d0, L_0x55e438bbf940;
L_0x55e438bb6210 .shift/r 4, L_0x7f286e262a38, L_0x55e438bb60e0;
L_0x55e438bb6630 .part L_0x55e438bb6210, 0, 1;
L_0x55e438bb6770 .concat [ 1 1 0 0], L_0x55e438bb35b0, L_0x55e438bb77f0;
L_0x55e438bb6ba0 .shift/r 4, L_0x7f286e262a80, L_0x55e438bb6770;
L_0x55e438bb6ce0 .part L_0x55e438bb6ba0, 0, 1;
L_0x55e438bb71c0 .concat [ 1 1 0 0], L_0x55e438bbe630, L_0x55e438bbf620;
L_0x55e438bb7300 .shift/r 4, L_0x7f286e262ac8, L_0x55e438bb71c0;
L_0x55e438bb77f0 .part L_0x55e438bb7300, 0, 1;
L_0x55e438bb7930 .concat [ 1 1 0 0], L_0x55e438bbe630, L_0x55e438bbf620;
L_0x55e438bb7d90 .shift/r 4, L_0x7f286e262b10, L_0x55e438bb7930;
L_0x55e438bb7ed0 .part L_0x55e438bb7d90, 0, 1;
L_0x55e438bb83e0 .concat [ 1 1 0 0], L_0x55e438bbe590, L_0x55e438bbf300;
L_0x55e438bb8480 .shift/r 4, L_0x7f286e262b58, L_0x55e438bb83e0;
L_0x55e438bb89a0 .part L_0x55e438bb8480, 0, 1;
LS_0x55e438bb8ae0_0_0 .concat [ 1 1 1 1], L_0x55e438bbe590, L_0x55e438bbf300, L_0x55e438bb4bb0, v0x55e438b986d0_0;
LS_0x55e438bb8ae0_0_4 .concat [ 1 0 0 0], L_0x55e438bb9c20;
L_0x55e438bb8ae0 .concat [ 4 1 0 0], LS_0x55e438bb8ae0_0_0, LS_0x55e438bb8ae0_0_4;
L_0x55e438bb90a0 .shift/r 32, L_0x7f286e262ba0, L_0x55e438bb8ae0;
L_0x55e438bb91e0 .part L_0x55e438bb90a0, 0, 1;
L_0x55e438bb96d0 .concat [ 1 1 0 0], L_0x55e438bbe430, L_0x55e438bbf440;
L_0x55e438bb9770 .shift/r 4, L_0x7f286e262be8, L_0x55e438bb96d0;
L_0x55e438bb9c20 .part L_0x55e438bb9770, 0, 1;
L_0x55e438bb9d10 .concat [ 1 1 1 0], v0x55e438b986d0_0, L_0x55e438bb9fd0, L_0x55e438bba8e0;
L_0x55e438bba1d0 .shift/r 8, L_0x7f286e262c30, L_0x55e438bb9d10;
L_0x55e438bba310 .part L_0x55e438bba1d0, 0, 1;
LS_0x55e438bb9db0_0_0 .concat [ 1 1 1 1], L_0x55e438bb55b0, L_0x55e438bb6ce0, L_0x55e438bba540, L_0x55e438bb7ed0;
LS_0x55e438bb9db0_0_4 .concat [ 1 1 0 0], L_0x55e438bb9c20, L_0x55e438bb89a0;
L_0x55e438bb9db0 .concat [ 4 2 0 0], LS_0x55e438bb9db0_0_0, LS_0x55e438bb9db0_0_4;
L_0x55e438bb9e90 .shift/r 64, L_0x7f286e262c78, L_0x55e438bb9db0;
L_0x55e438bb9fd0 .part L_0x55e438bb9e90, 0, 1;
L_0x55e438bba110 .concat [ 1 1 1 1], L_0x55e438bbe430, L_0x55e438bbf440, L_0x55e438bbe590, L_0x55e438bbf300;
L_0x55e438bba400 .shift/r 16, L_0x7f286e262cc0, L_0x55e438bba110;
L_0x55e438bba540 .part L_0x55e438bba400, 0, 1;
L_0x55e438bba680 .concat [ 1 1 0 0], L_0x55e438bbe390, L_0x55e438bbf3a0;
L_0x55e438bba720 .shift/r 4, L_0x7f286e262d08, L_0x55e438bba680;
L_0x55e438bba8e0 .part L_0x55e438bba720, 0, 1;
LS_0x55e438bbaa20_0_0 .concat [ 1 1 1 1], L_0x55e438bbad90, L_0x55e438bbc650, L_0x55e438bbbfb0, v0x55e438b986d0_0;
LS_0x55e438bbaa20_0_4 .concat [ 1 0 0 0], L_0x55e438bbbbc0;
L_0x55e438bbaa20 .concat [ 4 1 0 0], LS_0x55e438bbaa20_0_0, LS_0x55e438bbaa20_0_4;
L_0x55e438bbab00 .shift/r 32, L_0x7f286e262d50, L_0x55e438bbaa20;
L_0x55e438bbac40 .part L_0x55e438bbab00, 0, 1;
LS_0x55e438bbb220_0_0 .concat [ 1 1 1 1], L_0x55e438bb3bd0, L_0x55e438bb1d70, L_0x55e438bb4520, L_0x55e438bbb130;
LS_0x55e438bbb220_0_4 .concat [ 1 1 0 0], L_0x55e438bbb6c0, L_0x55e438bb9c20;
L_0x55e438bbb220 .concat [ 4 2 0 0], LS_0x55e438bbb220_0_0, LS_0x55e438bbb220_0_4;
L_0x55e438bbb3c0 .shift/r 64, L_0x7f286e262d98, L_0x55e438bbb220;
L_0x55e438bbad90 .part L_0x55e438bbb3c0, 0, 1;
L_0x55e438bbaed0 .concat [ 1 1 1 0], L_0x55e438bbe590, L_0x55e438bbf300, L_0x55e438bb77f0;
L_0x55e438bbb090 .shift/r 8, L_0x7f286e262de0, L_0x55e438bbaed0;
L_0x55e438bbb130 .part L_0x55e438bbb090, 0, 1;
L_0x55e438bbb4e0 .concat [ 1 1 0 0], L_0x55e438bbe590, L_0x55e438bbf300;
L_0x55e438bbb580 .shift/r 4, L_0x7f286e262e28, L_0x55e438bbb4e0;
L_0x55e438bbb6c0 .part L_0x55e438bbb580, 0, 1;
L_0x55e438bbb800 .concat [ 1 1 0 0], L_0x55e438bbe390, L_0x55e438bbf3a0;
L_0x55e438bbbec0 .shift/r 4, L_0x7f286e262e70, L_0x55e438bbb800;
L_0x55e438bbbfb0 .part L_0x55e438bbbec0, 0, 1;
L_0x55e438bbb9e0 .concat [ 1 1 0 0], L_0x55e438bbe2f0, L_0x55e438bbf260;
L_0x55e438bbba80 .shift/r 4, L_0x7f286e262eb8, L_0x55e438bbb9e0;
L_0x55e438bbbbc0 .part L_0x55e438bbba80, 0, 1;
L_0x55e438bbbd00 .concat [ 1 1 1 1], L_0x55e438bbe390, L_0x55e438bbf3a0, L_0x55e438bbe430, L_0x55e438bbf440;
L_0x55e438bbbda0 .shift/r 16, L_0x7f286e262f00, L_0x55e438bbbd00;
L_0x55e438bbc650 .part L_0x55e438bbbda0, 0, 1;
LS_0x55e438bbc0f0_0_0 .concat [ 1 1 1 1], L_0x55e438bb9fd0, L_0x55e438bba8e0, L_0x55e438bbd4c0, L_0x55e438bbcd70;
LS_0x55e438bbc0f0_0_4 .concat [ 1 1 0 0], v0x55e438b986d0_0, L_0x55e438bbc970;
L_0x55e438bbc0f0 .concat [ 4 2 0 0], LS_0x55e438bbc0f0_0_0, LS_0x55e438bbc0f0_0_4;
L_0x55e438bbc1d0 .shift/r 64, L_0x7f286e262f48, L_0x55e438bbc0f0;
L_0x55e438bbc310 .part L_0x55e438bbc1d0, 0, 1;
L_0x55e438bbc400 .concat [ 1 1 0 0], L_0x55e438bbe2f0, L_0x55e438bbf260;
L_0x55e438bbc540 .shift/r 4, L_0x7f286e262f90, L_0x55e438bbc400;
L_0x55e438bbcd70 .part L_0x55e438bbc540, 0, 1;
L_0x55e438bbc790 .concat [ 1 1 0 0], L_0x55e438bbd990, L_0x55e438bbf130;
L_0x55e438bbc830 .shift/r 4, L_0x7f286e262fd8, L_0x55e438bbc790;
L_0x55e438bbc970 .part L_0x55e438bbc830, 0, 1;
L_0x55e438bbcab0 .concat [ 1 1 1 1], L_0x55e438bbe2f0, L_0x55e438bbf260, L_0x55e438bbe390, L_0x55e438bbf3a0;
L_0x55e438bbd420 .shift/r 16, L_0x7f286e263020, L_0x55e438bbcab0;
L_0x55e438bbd4c0 .part L_0x55e438bbd420, 0, 1;
LS_0x55e438bbceb0_0_0 .concat [ 1 1 1 1], L_0x55e438bbad90, L_0x55e438bbc650, L_0x55e438bbdbf0, L_0x55e438bbbfb0;
LS_0x55e438bbceb0_0_4 .concat [ 1 1 0 0], L_0x55e438bbbbc0, L_0x55e438bbd790;
L_0x55e438bbceb0 .concat [ 4 2 0 0], LS_0x55e438bbceb0_0_0, LS_0x55e438bbceb0_0_4;
L_0x55e438bbcf90 .shift/r 64, L_0x7f286e263068, L_0x55e438bbceb0;
L_0x55e438bbd0d0 .part L_0x55e438bbcf90, 0, 1;
L_0x55e438bbd1c0 .concat [ 1 1 1 1], L_0x55e438bbd990, L_0x55e438bbf130, L_0x55e438bbe2f0, L_0x55e438bbf260;
L_0x55e438bbdb50 .shift/r 16, L_0x7f286e2630b0, L_0x55e438bbd1c0;
L_0x55e438bbdbf0 .part L_0x55e438bbdb50, 0, 1;
L_0x55e438bbd5b0 .concat [ 1 1 1 0], L_0x55e438bbd990, L_0x55e438bbf130, v0x55e438b986d0_0;
L_0x55e438bbd650 .shift/r 8, L_0x7f286e2630f8, L_0x55e438bbd5b0;
L_0x55e438bbd790 .part L_0x55e438bbd650, 0, 1;
    .scope S_0x55e438ae5720;
T_0 ;
    %wait E_0x55e438b12c10;
    %load/vec4 v0x55e438b940a0_0;
    %assign/vec4 v0x55e438b742a0_0, 0;
    %jmp T_0;
    .thread T_0;
    .scope S_0x55e438ae5720;
T_1 ;
    %wait E_0x55e438b12c10;
    %load/vec4 v0x55e438b94760_0;
    %assign/vec4 v0x55e438b878d0_0, 0;
    %jmp T_1;
    .thread T_1;
    .scope S_0x55e438ae5720;
T_2 ;
    %wait E_0x55e438b12c10;
    %load/vec4 v0x55e438b94820_0;
    %assign/vec4 v0x55e438b74980_0, 0;
    %jmp T_2;
    .thread T_2;
    .scope S_0x55e438ae5720;
T_3 ;
    %wait E_0x55e438b12c10;
    %load/vec4 v0x55e438b948e0_0;
    %assign/vec4 v0x55e438b74cf0_0, 0;
    %jmp T_3;
    .thread T_3;
    .scope S_0x55e438ae5720;
T_4 ;
    %wait E_0x55e438b12c10;
    %load/vec4 v0x55e438b949a0_0;
    %assign/vec4 v0x55e438b75060_0, 0;
    %jmp T_4;
    .thread T_4;
    .scope S_0x55e438ae5720;
T_5 ;
    %wait E_0x55e438b12c10;
    %load/vec4 v0x55e438b94a60_0;
    %assign/vec4 v0x55e438b753d0_0, 0;
    %jmp T_5;
    .thread T_5;
    .scope S_0x55e438ae5720;
T_6 ;
    %wait E_0x55e438b12c10;
    %load/vec4 v0x55e438b94b20_0;
    %assign/vec4 v0x55e438b75740_0, 0;
    %jmp T_6;
    .thread T_6;
    .scope S_0x55e438ae5720;
T_7 ;
    %wait E_0x55e438b12c10;
    %load/vec4 v0x55e438b94be0_0;
    %assign/vec4 v0x55e438b87210_0, 0;
    %jmp T_7;
    .thread T_7;
    .scope S_0x55e438ae5720;
T_8 ;
    %wait E_0x55e438b12c10;
    %load/vec4 v0x55e438b94ca0_0;
    %assign/vec4 v0x55e438b872d0_0, 0;
    %jmp T_8;
    .thread T_8;
    .scope S_0x55e438ae5720;
T_9 ;
    %wait E_0x55e438b12c10;
    %load/vec4 v0x55e438b94160_0;
    %assign/vec4 v0x55e438b74610_0, 0;
    %jmp T_9;
    .thread T_9;
    .scope S_0x55e438ae5720;
T_10 ;
    %wait E_0x55e438b12c10;
    %load/vec4 v0x55e438b94220_0;
    %assign/vec4 v0x55e438b87390_0, 0;
    %jmp T_10;
    .thread T_10;
    .scope S_0x55e438ae5720;
T_11 ;
    %wait E_0x55e438b12c10;
    %load/vec4 v0x55e438b942e0_0;
    %assign/vec4 v0x55e438b87450_0, 0;
    %jmp T_11;
    .thread T_11;
    .scope S_0x55e438ae5720;
T_12 ;
    %wait E_0x55e438b12c10;
    %load/vec4 v0x55e438b943a0_0;
    %assign/vec4 v0x55e438b87510_0, 0;
    %jmp T_12;
    .thread T_12;
    .scope S_0x55e438ae5720;
T_13 ;
    %wait E_0x55e438b12c10;
    %load/vec4 v0x55e438b94460_0;
    %assign/vec4 v0x55e438b875d0_0, 0;
    %jmp T_13;
    .thread T_13;
    .scope S_0x55e438ae5720;
T_14 ;
    %wait E_0x55e438b12c10;
    %load/vec4 v0x55e438b94520_0;
    %assign/vec4 v0x55e438b87690_0, 0;
    %jmp T_14;
    .thread T_14;
    .scope S_0x55e438ae5720;
T_15 ;
    %wait E_0x55e438b12c10;
    %load/vec4 v0x55e438b945e0_0;
    %assign/vec4 v0x55e438b87750_0, 0;
    %jmp T_15;
    .thread T_15;
    .scope S_0x55e438ae5720;
T_16 ;
    %wait E_0x55e438b12c10;
    %load/vec4 v0x55e438b946a0_0;
    %assign/vec4 v0x55e438b87810_0, 0;
    %jmp T_16;
    .thread T_16;
    .scope S_0x55e438b6e260;
T_17 ;
    %delay 5, 0;
    %load/vec4 v0x55e438b98330_0;
    %inv;
    %store/vec4 v0x55e438b98330_0, 0, 1;
    %jmp T_17;
    .thread T_17;
    .scope S_0x55e438b6e260;
T_18 ;
    %pushi/vec4 0, 0, 1;
    %store/vec4 v0x55e438b98330_0, 0, 1;
    %pushi/vec4 1, 0, 1;
    %store/vec4 v0x55e438b986d0_0, 0, 1;
    %pushi/vec4 0, 0, 16;
    %store/vec4 v0x55e438b98150_0, 0, 16;
    %pushi/vec4 0, 0, 16;
    %store/vec4 v0x55e438b98250_0, 0, 16;
    %vpi_call 2 43 "$readmemh", "memA.dat", v0x55e438b98470 {0 0 0};
    %vpi_call 2 44 "$readmemh", "memB.dat", v0x55e438b98530 {0 0 0};
    %vpi_func 2 47 "$fopen" 32, "output_sum.txt", "w" {0 0 0};
    %store/vec4 v0x55e438b985f0_0, 0, 32;
    %delay 10, 0;
    %pushi/vec4 0, 0, 1;
    %store/vec4 v0x55e438b986d0_0, 0, 1;
    %pushi/vec4 0, 0, 32;
    %store/vec4 v0x55e438b983d0_0, 0, 32;
T_18.0 ;
    %load/vec4 v0x55e438b983d0_0;
    %cmpi/s 1000000, 0, 32;
    %jmp/0xz T_18.1, 5;
    %ix/getv/s 4, v0x55e438b983d0_0;
    %load/vec4a v0x55e438b98470, 4;
    %store/vec4 v0x55e438b98150_0, 0, 16;
    %ix/getv/s 4, v0x55e438b983d0_0;
    %load/vec4a v0x55e438b98530, 4;
    %store/vec4 v0x55e438b98250_0, 0, 16;
    %delay 10, 0;
    %vpi_call 2 57 "$fwrite", v0x55e438b985f0_0, "%h\012", v0x55e438b98770_0 {0 0 0};
    %load/vec4 v0x55e438b983d0_0;
    %addi 1, 0, 32;
    %store/vec4 v0x55e438b983d0_0, 0, 32;
    %jmp T_18.0;
T_18.1 ;
    %vpi_call 2 61 "$fclose", v0x55e438b985f0_0 {0 0 0};
    %delay 10, 0;
    %vpi_call 2 64 "$finish" {0 0 0};
    %end;
    .thread T_18;
# The file index is used to find the file name in the following table.
:file_names 4;
    "N/A";
    "<interactive>";
    "ks_tb.v";
    "KS_16b_aprox_5.v";
