#Timing report of worst 32 path(s)
# Unit scale: 1e-09 seconds
# Output precision: 3

#Path 1
Startpoint: a~0.inpad[0] (.input clocked by virtual_io_clock)
Endpoint  : out:result~0.outpad[0] (.output clocked by virtual_io_clock)
Path Type : hold

Point                                                             Incr      Path
--------------------------------------------------------------------------------
clock virtual_io_clock (rise edge)                               0.000     0.000
clock source latency                                             0.000     0.000
input external delay                                             0.000     0.000
a~0.inpad[0] (.input)                                            0.000     0.000
out:result~0.outpad[0] (.output)                                 0.214     0.214
data arrival time                                                          0.214

clock virtual_io_clock (rise edge)                               0.000     0.000
clock source latency                                             0.000     0.000
clock uncertainty                                                0.000     0.000
output external delay                                            0.000     0.000
data required time                                                         0.000
--------------------------------------------------------------------------------
data required time                                                        -0.000
data arrival time                                                          0.214
--------------------------------------------------------------------------------
slack (MET)                                                                0.214


#Path 2
Startpoint: a~1.inpad[0] (.input clocked by virtual_io_clock)
Endpoint  : out:result~1.outpad[0] (.output clocked by virtual_io_clock)
Path Type : hold

Point                                                             Incr      Path
--------------------------------------------------------------------------------
clock virtual_io_clock (rise edge)                               0.000     0.000
clock source latency                                             0.000     0.000
input external delay                                             0.000     0.000
a~1.inpad[0] (.input)                                            0.000     0.000
out:result~1.outpad[0] (.output)                                 0.215     0.215
data arrival time                                                          0.215

clock virtual_io_clock (rise edge)                               0.000     0.000
clock source latency                                             0.000     0.000
clock uncertainty                                                0.000     0.000
output external delay                                            0.000     0.000
data required time                                                         0.000
--------------------------------------------------------------------------------
data required time                                                        -0.000
data arrival time                                                          0.215
--------------------------------------------------------------------------------
slack (MET)                                                                0.215


#Path 3
Startpoint: a~3.inpad[0] (.input clocked by virtual_io_clock)
Endpoint  : out:result~3.outpad[0] (.output clocked by virtual_io_clock)
Path Type : hold

Point                                                             Incr      Path
--------------------------------------------------------------------------------
clock virtual_io_clock (rise edge)                               0.000     0.000
clock source latency                                             0.000     0.000
input external delay                                             0.000     0.000
a~3.inpad[0] (.input)                                            0.000     0.000
out:result~3.outpad[0] (.output)                                 0.215     0.215
data arrival time                                                          0.215

clock virtual_io_clock (rise edge)                               0.000     0.000
clock source latency                                             0.000     0.000
clock uncertainty                                                0.000     0.000
output external delay                                            0.000     0.000
data required time                                                         0.000
--------------------------------------------------------------------------------
data required time                                                        -0.000
data arrival time                                                          0.215
--------------------------------------------------------------------------------
slack (MET)                                                                0.215


#Path 4
Startpoint: a~5.inpad[0] (.input clocked by virtual_io_clock)
Endpoint  : out:result~5.outpad[0] (.output clocked by virtual_io_clock)
Path Type : hold

Point                                                             Incr      Path
--------------------------------------------------------------------------------
clock virtual_io_clock (rise edge)                               0.000     0.000
clock source latency                                             0.000     0.000
input external delay                                             0.000     0.000
a~5.inpad[0] (.input)                                            0.000     0.000
out:result~5.outpad[0] (.output)                                 0.218     0.218
data arrival time                                                          0.218

clock virtual_io_clock (rise edge)                               0.000     0.000
clock source latency                                             0.000     0.000
clock uncertainty                                                0.000     0.000
output external delay                                            0.000     0.000
data required time                                                         0.000
--------------------------------------------------------------------------------
data required time                                                        -0.000
data arrival time                                                          0.218
--------------------------------------------------------------------------------
slack (MET)                                                                0.218


#Path 5
Startpoint: a~4.inpad[0] (.input clocked by virtual_io_clock)
Endpoint  : out:result~4.outpad[0] (.output clocked by virtual_io_clock)
Path Type : hold

Point                                                             Incr      Path
--------------------------------------------------------------------------------
clock virtual_io_clock (rise edge)                               0.000     0.000
clock source latency                                             0.000     0.000
input external delay                                             0.000     0.000
a~4.inpad[0] (.input)                                            0.000     0.000
out:result~4.outpad[0] (.output)                                 0.678     0.678
data arrival time                                                          0.678

clock virtual_io_clock (rise edge)                               0.000     0.000
clock source latency                                             0.000     0.000
clock uncertainty                                                0.000     0.000
output external delay                                            0.000     0.000
data required time                                                         0.000
--------------------------------------------------------------------------------
data required time                                                        -0.000
data arrival time                                                          0.678
--------------------------------------------------------------------------------
slack (MET)                                                                0.678


#Path 6
Startpoint: a~2.inpad[0] (.input clocked by virtual_io_clock)
Endpoint  : out:result~2.outpad[0] (.output clocked by virtual_io_clock)
Path Type : hold

Point                                                             Incr      Path
--------------------------------------------------------------------------------
clock virtual_io_clock (rise edge)                               0.000     0.000
clock source latency                                             0.000     0.000
input external delay                                             0.000     0.000
a~2.inpad[0] (.input)                                            0.000     0.000
out:result~2.outpad[0] (.output)                                 0.700     0.700
data arrival time                                                          0.700

clock virtual_io_clock (rise edge)                               0.000     0.000
clock source latency                                             0.000     0.000
clock uncertainty                                                0.000     0.000
output external delay                                            0.000     0.000
data required time                                                         0.000
--------------------------------------------------------------------------------
data required time                                                        -0.000
data arrival time                                                          0.700
--------------------------------------------------------------------------------
slack (MET)                                                                0.700


#Path 7
Startpoint: a~23.inpad[0] (.input clocked by virtual_io_clock)
Endpoint  : out:result~28.outpad[0] (.output clocked by virtual_io_clock)
Path Type : hold

Point                                                             Incr      Path
--------------------------------------------------------------------------------
clock virtual_io_clock (rise edge)                               0.000     0.000
clock source latency                                             0.000     0.000
input external delay                                             0.000     0.000
a~23.inpad[0] (.input)                                           0.000     0.000
new_n8212.in[5] (.names)                                         1.627     1.627
new_n8212.out[0] (.names)                                        0.261     1.888
result~28.in[0] (.names)                                         0.000     1.888
result~28.out[0] (.names)                                        0.261     2.149
out:result~28.outpad[0] (.output)                                0.315     2.465
data arrival time                                                          2.465

clock virtual_io_clock (rise edge)                               0.000     0.000
clock source latency                                             0.000     0.000
clock uncertainty                                                0.000     0.000
output external delay                                            0.000     0.000
data required time                                                         0.000
--------------------------------------------------------------------------------
data required time                                                        -0.000
data arrival time                                                          2.465
--------------------------------------------------------------------------------
slack (MET)                                                                2.465


#Path 8
Startpoint: a~23.inpad[0] (.input clocked by virtual_io_clock)
Endpoint  : out:result~27.outpad[0] (.output clocked by virtual_io_clock)
Path Type : hold

Point                                                             Incr      Path
--------------------------------------------------------------------------------
clock virtual_io_clock (rise edge)                               0.000     0.000
clock source latency                                             0.000     0.000
input external delay                                             0.000     0.000
a~23.inpad[0] (.input)                                           0.000     0.000
new_n8212.in[5] (.names)                                         1.627     1.627
new_n8212.out[0] (.names)                                        0.261     1.888
result~27.in[2] (.names)                                         0.171     2.060
result~27.out[0] (.names)                                        0.235     2.295
out:result~27.outpad[0] (.output)                                0.217     2.511
data arrival time                                                          2.511

clock virtual_io_clock (rise edge)                               0.000     0.000
clock source latency                                             0.000     0.000
clock uncertainty                                                0.000     0.000
output external delay                                            0.000     0.000
data required time                                                         0.000
--------------------------------------------------------------------------------
data required time                                                        -0.000
data arrival time                                                          2.511
--------------------------------------------------------------------------------
slack (MET)                                                                2.511


#Path 9
Startpoint: a~8.inpad[0] (.input clocked by virtual_io_clock)
Endpoint  : out:result~10.outpad[0] (.output clocked by virtual_io_clock)
Path Type : hold

Point                                                             Incr      Path
--------------------------------------------------------------------------------
clock virtual_io_clock (rise edge)                               0.000     0.000
clock source latency                                             0.000     0.000
input external delay                                             0.000     0.000
a~8.inpad[0] (.input)                                            0.000     0.000
new_n7681.in[4] (.names)                                         1.926     1.926
new_n7681.out[0] (.names)                                        0.235     2.161
result~10.in[4] (.names)                                         0.000     2.161
result~10.out[0] (.names)                                        0.235     2.396
out:result~10.outpad[0] (.output)                                0.295     2.691
data arrival time                                                          2.691

clock virtual_io_clock (rise edge)                               0.000     0.000
clock source latency                                             0.000     0.000
clock uncertainty                                                0.000     0.000
output external delay                                            0.000     0.000
data required time                                                         0.000
--------------------------------------------------------------------------------
data required time                                                        -0.000
data arrival time                                                          2.691
--------------------------------------------------------------------------------
slack (MET)                                                                2.691


#Path 10
Startpoint: a~26.inpad[0] (.input clocked by virtual_io_clock)
Endpoint  : out:result~26.outpad[0] (.output clocked by virtual_io_clock)
Path Type : hold

Point                                                             Incr      Path
--------------------------------------------------------------------------------
clock virtual_io_clock (rise edge)                               0.000     0.000
clock source latency                                             0.000     0.000
input external delay                                             0.000     0.000
a~26.inpad[0] (.input)                                           0.000     0.000
new_n8169.in[3] (.names)                                         1.461     1.461
new_n8169.out[0] (.names)                                        0.235     1.696
new_n8167.in[1] (.names)                                         0.000     1.696
new_n8167.out[0] (.names)                                        0.235     1.931
result~26.in[3] (.names)                                         0.000     1.931
result~26.out[0] (.names)                                        0.261     2.192
out:result~26.outpad[0] (.output)                                0.583     2.775
data arrival time                                                          2.775

clock virtual_io_clock (rise edge)                               0.000     0.000
clock source latency                                             0.000     0.000
clock uncertainty                                                0.000     0.000
output external delay                                            0.000     0.000
data required time                                                         0.000
--------------------------------------------------------------------------------
data required time                                                        -0.000
data arrival time                                                          2.775
--------------------------------------------------------------------------------
slack (MET)                                                                2.775


#Path 11
Startpoint: a~26.inpad[0] (.input clocked by virtual_io_clock)
Endpoint  : out:result~21.outpad[0] (.output clocked by virtual_io_clock)
Path Type : hold

Point                                                             Incr      Path
--------------------------------------------------------------------------------
clock virtual_io_clock (rise edge)                               0.000     0.000
clock source latency                                             0.000     0.000
input external delay                                             0.000     0.000
a~26.inpad[0] (.input)                                           0.000     0.000
new_n8059.in[4] (.names)                                         1.315     1.315
new_n8059.out[0] (.names)                                        0.235     1.550
new_n8057.in[1] (.names)                                         0.000     1.550
new_n8057.out[0] (.names)                                        0.235     1.785
new_n8054.in[4] (.names)                                         0.217     2.002
new_n8054.out[0] (.names)                                        0.261     2.263
result~21.in[5] (.names)                                         0.000     2.263
result~21.out[0] (.names)                                        0.261     2.524
out:result~21.outpad[0] (.output)                                0.317     2.841
data arrival time                                                          2.841

clock virtual_io_clock (rise edge)                               0.000     0.000
clock source latency                                             0.000     0.000
clock uncertainty                                                0.000     0.000
output external delay                                            0.000     0.000
data required time                                                         0.000
--------------------------------------------------------------------------------
data required time                                                        -0.000
data arrival time                                                          2.841
--------------------------------------------------------------------------------
slack (MET)                                                                2.841


#Path 12
Startpoint: a~23.inpad[0] (.input clocked by virtual_io_clock)
Endpoint  : out:result~29.outpad[0] (.output clocked by virtual_io_clock)
Path Type : hold

Point                                                             Incr      Path
--------------------------------------------------------------------------------
clock virtual_io_clock (rise edge)                               0.000     0.000
clock source latency                                             0.000     0.000
input external delay                                             0.000     0.000
a~23.inpad[0] (.input)                                           0.000     0.000
new_n8212.in[5] (.names)                                         1.627     1.627
new_n8212.out[0] (.names)                                        0.261     1.888
new_n8249.in[2] (.names)                                         0.171     2.060
new_n8249.out[0] (.names)                                        0.261     2.321
result~29.in[0] (.names)                                         0.000     2.321
result~29.out[0] (.names)                                        0.235     2.556
out:result~29.outpad[0] (.output)                                0.295     2.850
data arrival time                                                          2.850

clock virtual_io_clock (rise edge)                               0.000     0.000
clock source latency                                             0.000     0.000
clock uncertainty                                                0.000     0.000
output external delay                                            0.000     0.000
data required time                                                         0.000
--------------------------------------------------------------------------------
data required time                                                        -0.000
data arrival time                                                          2.850
--------------------------------------------------------------------------------
slack (MET)                                                                2.850


#Path 13
Startpoint: a~8.inpad[0] (.input clocked by virtual_io_clock)
Endpoint  : out:result~11.outpad[0] (.output clocked by virtual_io_clock)
Path Type : hold

Point                                                             Incr      Path
--------------------------------------------------------------------------------
clock virtual_io_clock (rise edge)                               0.000     0.000
clock source latency                                             0.000     0.000
input external delay                                             0.000     0.000
a~8.inpad[0] (.input)                                            0.000     0.000
new_n7681.in[4] (.names)                                         1.926     1.926
new_n7681.out[0] (.names)                                        0.235     2.161
result~11.in[4] (.names)                                         0.000     2.161
result~11.out[0] (.names)                                        0.261     2.422
out:result~11.outpad[0] (.output)                                0.445     2.867
data arrival time                                                          2.867

clock virtual_io_clock (rise edge)                               0.000     0.000
clock source latency                                             0.000     0.000
clock uncertainty                                                0.000     0.000
output external delay                                            0.000     0.000
data required time                                                         0.000
--------------------------------------------------------------------------------
data required time                                                        -0.000
data arrival time                                                          2.867
--------------------------------------------------------------------------------
slack (MET)                                                                2.867


#Path 14
Startpoint: a~23.inpad[0] (.input clocked by virtual_io_clock)
Endpoint  : out:result~31.outpad[0] (.output clocked by virtual_io_clock)
Path Type : hold

Point                                                             Incr      Path
--------------------------------------------------------------------------------
clock virtual_io_clock (rise edge)                               0.000     0.000
clock source latency                                             0.000     0.000
input external delay                                             0.000     0.000
a~23.inpad[0] (.input)                                           0.000     0.000
new_n8212.in[5] (.names)                                         1.627     1.627
new_n8212.out[0] (.names)                                        0.261     1.888
new_n8249.in[2] (.names)                                         0.171     2.060
new_n8249.out[0] (.names)                                        0.261     2.321
result~31.in[0] (.names)                                         0.000     2.321
result~31.out[0] (.names)                                        0.261     2.582
out:result~31.outpad[0] (.output)                                0.296     2.877
data arrival time                                                          2.877

clock virtual_io_clock (rise edge)                               0.000     0.000
clock source latency                                             0.000     0.000
clock uncertainty                                                0.000     0.000
output external delay                                            0.000     0.000
data required time                                                         0.000
--------------------------------------------------------------------------------
data required time                                                        -0.000
data arrival time                                                          2.877
--------------------------------------------------------------------------------
slack (MET)                                                                2.877


#Path 15
Startpoint: a~26.inpad[0] (.input clocked by virtual_io_clock)
Endpoint  : out:result~23.outpad[0] (.output clocked by virtual_io_clock)
Path Type : hold

Point                                                             Incr      Path
--------------------------------------------------------------------------------
clock virtual_io_clock (rise edge)                               0.000     0.000
clock source latency                                             0.000     0.000
input external delay                                             0.000     0.000
a~26.inpad[0] (.input)                                           0.000     0.000
new_n8059.in[4] (.names)                                         1.315     1.315
new_n8059.out[0] (.names)                                        0.235     1.550
new_n8057.in[1] (.names)                                         0.000     1.550
new_n8057.out[0] (.names)                                        0.235     1.785
new_n8086.in[1] (.names)                                         0.000     1.785
new_n8086.out[0] (.names)                                        0.235     2.020
result~23.in[2] (.names)                                         0.362     2.383
result~23.out[0] (.names)                                        0.235     2.618
out:result~23.outpad[0] (.output)                                0.295     2.913
data arrival time                                                          2.913

clock virtual_io_clock (rise edge)                               0.000     0.000
clock source latency                                             0.000     0.000
clock uncertainty                                                0.000     0.000
output external delay                                            0.000     0.000
data required time                                                         0.000
--------------------------------------------------------------------------------
data required time                                                        -0.000
data arrival time                                                          2.913
--------------------------------------------------------------------------------
slack (MET)                                                                2.913


#Path 16
Startpoint: a~26.inpad[0] (.input clocked by virtual_io_clock)
Endpoint  : out:result~25.outpad[0] (.output clocked by virtual_io_clock)
Path Type : hold

Point                                                             Incr      Path
--------------------------------------------------------------------------------
clock virtual_io_clock (rise edge)                               0.000     0.000
clock source latency                                             0.000     0.000
input external delay                                             0.000     0.000
a~26.inpad[0] (.input)                                           0.000     0.000
new_n8169.in[3] (.names)                                         1.461     1.461
new_n8169.out[0] (.names)                                        0.235     1.696
new_n8167.in[1] (.names)                                         0.000     1.696
new_n8167.out[0] (.names)                                        0.235     1.931
result~25.in[3] (.names)                                         0.367     2.298
result~25.out[0] (.names)                                        0.235     2.533
out:result~25.outpad[0] (.output)                                0.442     2.975
data arrival time                                                          2.975

clock virtual_io_clock (rise edge)                               0.000     0.000
clock source latency                                             0.000     0.000
clock uncertainty                                                0.000     0.000
output external delay                                            0.000     0.000
data required time                                                         0.000
--------------------------------------------------------------------------------
data required time                                                        -0.000
data arrival time                                                          2.975
--------------------------------------------------------------------------------
slack (MET)                                                                2.975


#Path 17
Startpoint: a~23.inpad[0] (.input clocked by virtual_io_clock)
Endpoint  : out:result~30.outpad[0] (.output clocked by virtual_io_clock)
Path Type : hold

Point                                                             Incr      Path
--------------------------------------------------------------------------------
clock virtual_io_clock (rise edge)                               0.000     0.000
clock source latency                                             0.000     0.000
input external delay                                             0.000     0.000
a~23.inpad[0] (.input)                                           0.000     0.000
new_n8212.in[5] (.names)                                         1.627     1.627
new_n8212.out[0] (.names)                                        0.261     1.888
new_n8249.in[2] (.names)                                         0.171     2.060
new_n8249.out[0] (.names)                                        0.261     2.321
result~30.in[0] (.names)                                         0.000     2.321
result~30.out[0] (.names)                                        0.235     2.556
out:result~30.outpad[0] (.output)                                0.442     2.998
data arrival time                                                          2.998

clock virtual_io_clock (rise edge)                               0.000     0.000
clock source latency                                             0.000     0.000
clock uncertainty                                                0.000     0.000
output external delay                                            0.000     0.000
data required time                                                         0.000
--------------------------------------------------------------------------------
data required time                                                        -0.000
data arrival time                                                          2.998
--------------------------------------------------------------------------------
slack (MET)                                                                2.998


#Path 18
Startpoint: a~5.inpad[0] (.input clocked by virtual_io_clock)
Endpoint  : out:result~8.outpad[0] (.output clocked by virtual_io_clock)
Path Type : hold

Point                                                             Incr      Path
--------------------------------------------------------------------------------
clock virtual_io_clock (rise edge)                               0.000     0.000
clock source latency                                             0.000     0.000
input external delay                                             0.000     0.000
a~5.inpad[0] (.input)                                            0.000     0.000
new_n7497.in[5] (.names)                                         2.225     2.225
new_n7497.out[0] (.names)                                        0.261     2.486
result~8.in[3] (.names)                                          0.000     2.486
result~8.out[0] (.names)                                         0.235     2.721
out:result~8.outpad[0] (.output)                                 0.318     3.039
data arrival time                                                          3.039

clock virtual_io_clock (rise edge)                               0.000     0.000
clock source latency                                             0.000     0.000
clock uncertainty                                                0.000     0.000
output external delay                                            0.000     0.000
data required time                                                         0.000
--------------------------------------------------------------------------------
data required time                                                        -0.000
data arrival time                                                          3.039
--------------------------------------------------------------------------------
slack (MET)                                                                3.039


#Path 19
Startpoint: a~26.inpad[0] (.input clocked by virtual_io_clock)
Endpoint  : out:result~22.outpad[0] (.output clocked by virtual_io_clock)
Path Type : hold

Point                                                             Incr      Path
--------------------------------------------------------------------------------
clock virtual_io_clock (rise edge)                               0.000     0.000
clock source latency                                             0.000     0.000
input external delay                                             0.000     0.000
a~26.inpad[0] (.input)                                           0.000     0.000
new_n8059.in[4] (.names)                                         1.315     1.315
new_n8059.out[0] (.names)                                        0.235     1.550
new_n8057.in[1] (.names)                                         0.000     1.550
new_n8057.out[0] (.names)                                        0.235     1.785
new_n8086.in[1] (.names)                                         0.000     1.785
new_n8086.out[0] (.names)                                        0.235     2.020
new_n8085.in[0] (.names)                                         0.362     2.383
new_n8085.out[0] (.names)                                        0.235     2.618
result~22.in[1] (.names)                                         0.000     2.618
result~22.out[0] (.names)                                        0.235     2.853
out:result~22.outpad[0] (.output)                                0.218     3.071
data arrival time                                                          3.071

clock virtual_io_clock (rise edge)                               0.000     0.000
clock source latency                                             0.000     0.000
clock uncertainty                                                0.000     0.000
output external delay                                            0.000     0.000
data required time                                                         0.000
--------------------------------------------------------------------------------
data required time                                                        -0.000
data arrival time                                                          3.071
--------------------------------------------------------------------------------
slack (MET)                                                                3.071


#Path 20
Startpoint: a~26.inpad[0] (.input clocked by virtual_io_clock)
Endpoint  : out:result~24.outpad[0] (.output clocked by virtual_io_clock)
Path Type : hold

Point                                                             Incr      Path
--------------------------------------------------------------------------------
clock virtual_io_clock (rise edge)                               0.000     0.000
clock source latency                                             0.000     0.000
input external delay                                             0.000     0.000
a~26.inpad[0] (.input)                                           0.000     0.000
new_n8059.in[4] (.names)                                         1.315     1.315
new_n8059.out[0] (.names)                                        0.235     1.550
new_n8088.in[1] (.names)                                         0.000     1.550
new_n8088.out[0] (.names)                                        0.235     1.785
new_n8114.in[0] (.names)                                         0.218     2.003
new_n8114.out[0] (.names)                                        0.235     2.238
new_n8143.in[2] (.names)                                         0.338     2.576
new_n8143.out[0] (.names)                                        0.235     2.811
result~24.in[1] (.names)                                         0.000     2.811
result~24.out[0] (.names)                                        0.235     3.046
out:result~24.outpad[0] (.output)                                0.219     3.265
data arrival time                                                          3.265

clock virtual_io_clock (rise edge)                               0.000     0.000
clock source latency                                             0.000     0.000
clock uncertainty                                                0.000     0.000
output external delay                                            0.000     0.000
data required time                                                         0.000
--------------------------------------------------------------------------------
data required time                                                        -0.000
data arrival time                                                          3.265
--------------------------------------------------------------------------------
slack (MET)                                                                3.265


#Path 21
Startpoint: a~8.inpad[0] (.input clocked by virtual_io_clock)
Endpoint  : out:result~13.outpad[0] (.output clocked by virtual_io_clock)
Path Type : hold

Point                                                             Incr      Path
--------------------------------------------------------------------------------
clock virtual_io_clock (rise edge)                               0.000     0.000
clock source latency                                             0.000     0.000
input external delay                                             0.000     0.000
a~8.inpad[0] (.input)                                            0.000     0.000
new_n7776.in[2] (.names)                                         2.199     2.199
new_n7776.out[0] (.names)                                        0.235     2.434
result~13.in[4] (.names)                                         0.000     2.434
result~13.out[0] (.names)                                        0.261     2.695
out:result~13.outpad[0] (.output)                                0.573     3.268
data arrival time                                                          3.268

clock virtual_io_clock (rise edge)                               0.000     0.000
clock source latency                                             0.000     0.000
clock uncertainty                                                0.000     0.000
output external delay                                            0.000     0.000
data required time                                                         0.000
--------------------------------------------------------------------------------
data required time                                                        -0.000
data arrival time                                                          3.268
--------------------------------------------------------------------------------
slack (MET)                                                                3.268


#Path 22
Startpoint: a~8.inpad[0] (.input clocked by virtual_io_clock)
Endpoint  : out:result~9.outpad[0] (.output clocked by virtual_io_clock)
Path Type : hold

Point                                                             Incr      Path
--------------------------------------------------------------------------------
clock virtual_io_clock (rise edge)                               0.000     0.000
clock source latency                                             0.000     0.000
input external delay                                             0.000     0.000
a~8.inpad[0] (.input)                                            0.000     0.000
new_n7599.in[4] (.names)                                         1.935     1.935
new_n7599.out[0] (.names)                                        0.235     2.170
new_n7596.in[5] (.names)                                         0.000     2.170
new_n7596.out[0] (.names)                                        0.261     2.431
result~9.in[1] (.names)                                          0.339     2.770
result~9.out[0] (.names)                                         0.235     3.005
out:result~9.outpad[0] (.output)                                 0.297     3.302
data arrival time                                                          3.302

clock virtual_io_clock (rise edge)                               0.000     0.000
clock source latency                                             0.000     0.000
clock uncertainty                                                0.000     0.000
output external delay                                            0.000     0.000
data required time                                                         0.000
--------------------------------------------------------------------------------
data required time                                                        -0.000
data arrival time                                                          3.302
--------------------------------------------------------------------------------
slack (MET)                                                                3.302


#Path 23
Startpoint: a~23.inpad[0] (.input clocked by virtual_io_clock)
Endpoint  : out:result~20.outpad[0] (.output clocked by virtual_io_clock)
Path Type : hold

Point                                                             Incr      Path
--------------------------------------------------------------------------------
clock virtual_io_clock (rise edge)                               0.000     0.000
clock source latency                                             0.000     0.000
input external delay                                             0.000     0.000
a~23.inpad[0] (.input)                                           0.000     0.000
new_n8000.in[2] (.names)                                         1.361     1.361
new_n8000.out[0] (.names)                                        0.261     1.622
new_n7999.in[0] (.names)                                         0.000     1.622
new_n7999.out[0] (.names)                                        0.235     1.857
new_n8050.in[1] (.names)                                         0.000     1.857
new_n8050.out[0] (.names)                                        0.235     2.092
new_n8025.in[1] (.names)                                         0.000     2.092
new_n8025.out[0] (.names)                                        0.235     2.327
result~20.in[3] (.names)                                         0.317     2.644
result~20.out[0] (.names)                                        0.235     2.879
out:result~20.outpad[0] (.output)                                0.442     3.321
data arrival time                                                          3.321

clock virtual_io_clock (rise edge)                               0.000     0.000
clock source latency                                             0.000     0.000
clock uncertainty                                                0.000     0.000
output external delay                                            0.000     0.000
data required time                                                         0.000
--------------------------------------------------------------------------------
data required time                                                        -0.000
data arrival time                                                          3.321
--------------------------------------------------------------------------------
slack (MET)                                                                3.321


#Path 24
Startpoint: a~2.inpad[0] (.input clocked by virtual_io_clock)
Endpoint  : out:result~6.outpad[0] (.output clocked by virtual_io_clock)
Path Type : hold

Point                                                             Incr      Path
--------------------------------------------------------------------------------
clock virtual_io_clock (rise edge)                               0.000     0.000
clock source latency                                             0.000     0.000
input external delay                                             0.000     0.000
a~2.inpad[0] (.input)                                            0.000     0.000
new_n7430.in[4] (.names)                                         2.055     2.055
new_n7430.out[0] (.names)                                        0.235     2.290
result~6.in[4] (.names)                                          0.221     2.511
result~6.out[0] (.names)                                         0.261     2.772
out:result~6.outpad[0] (.output)                                 0.560     3.332
data arrival time                                                          3.332

clock virtual_io_clock (rise edge)                               0.000     0.000
clock source latency                                             0.000     0.000
clock uncertainty                                                0.000     0.000
output external delay                                            0.000     0.000
data required time                                                         0.000
--------------------------------------------------------------------------------
data required time                                                        -0.000
data arrival time                                                          3.332
--------------------------------------------------------------------------------
slack (MET)                                                                3.332


#Path 25
Startpoint: a~23.inpad[0] (.input clocked by virtual_io_clock)
Endpoint  : out:result~19.outpad[0] (.output clocked by virtual_io_clock)
Path Type : hold

Point                                                             Incr      Path
--------------------------------------------------------------------------------
clock virtual_io_clock (rise edge)                               0.000     0.000
clock source latency                                             0.000     0.000
input external delay                                             0.000     0.000
a~23.inpad[0] (.input)                                           0.000     0.000
new_n7934.in[5] (.names)                                         1.356     1.356
new_n7934.out[0] (.names)                                        0.261     1.617
new_n7932.in[1] (.names)                                         0.000     1.617
new_n7932.out[0] (.names)                                        0.235     1.852
new_n7930.in[1] (.names)                                         0.000     1.852
new_n7930.out[0] (.names)                                        0.235     2.087
new_n7991.in[3] (.names)                                         0.295     2.382
new_n7991.out[0] (.names)                                        0.235     2.617
result~19.in[0] (.names)                                         0.221     2.839
result~19.out[0] (.names)                                        0.235     3.074
out:result~19.outpad[0] (.output)                                0.296     3.369
data arrival time                                                          3.369

clock virtual_io_clock (rise edge)                               0.000     0.000
clock source latency                                             0.000     0.000
clock uncertainty                                                0.000     0.000
output external delay                                            0.000     0.000
data required time                                                         0.000
--------------------------------------------------------------------------------
data required time                                                        -0.000
data arrival time                                                          3.369
--------------------------------------------------------------------------------
slack (MET)                                                                3.369


#Path 26
Startpoint: a~23.inpad[0] (.input clocked by virtual_io_clock)
Endpoint  : out:result~18.outpad[0] (.output clocked by virtual_io_clock)
Path Type : hold

Point                                                             Incr      Path
--------------------------------------------------------------------------------
clock virtual_io_clock (rise edge)                               0.000     0.000
clock source latency                                             0.000     0.000
input external delay                                             0.000     0.000
a~23.inpad[0] (.input)                                           0.000     0.000
new_n7934.in[5] (.names)                                         1.356     1.356
new_n7934.out[0] (.names)                                        0.261     1.617
new_n7932.in[1] (.names)                                         0.000     1.617
new_n7932.out[0] (.names)                                        0.235     1.852
new_n7930.in[1] (.names)                                         0.000     1.852
new_n7930.out[0] (.names)                                        0.235     2.087
result~18.in[3] (.names)                                         0.000     2.087
result~18.out[0] (.names)                                        0.235     2.322
out:result~18.outpad[0] (.output)                                1.101     3.423
data arrival time                                                          3.423

clock virtual_io_clock (rise edge)                               0.000     0.000
clock source latency                                             0.000     0.000
clock uncertainty                                                0.000     0.000
output external delay                                            0.000     0.000
data required time                                                         0.000
--------------------------------------------------------------------------------
data required time                                                        -0.000
data arrival time                                                          3.423
--------------------------------------------------------------------------------
slack (MET)                                                                3.423


#Path 27
Startpoint: a~8.inpad[0] (.input clocked by virtual_io_clock)
Endpoint  : out:result~12.outpad[0] (.output clocked by virtual_io_clock)
Path Type : hold

Point                                                             Incr      Path
--------------------------------------------------------------------------------
clock virtual_io_clock (rise edge)                               0.000     0.000
clock source latency                                             0.000     0.000
input external delay                                             0.000     0.000
a~8.inpad[0] (.input)                                            0.000     0.000
new_n7685.in[3] (.names)                                         2.054     2.054
new_n7685.out[0] (.names)                                        0.235     2.289
new_n7729.in[3] (.names)                                         0.000     2.289
new_n7729.out[0] (.names)                                        0.261     2.550
result~12.in[2] (.names)                                         0.195     2.745
result~12.out[0] (.names)                                        0.235     2.980
out:result~12.outpad[0] (.output)                                0.464     3.444
data arrival time                                                          3.444

clock virtual_io_clock (rise edge)                               0.000     0.000
clock source latency                                             0.000     0.000
clock uncertainty                                                0.000     0.000
output external delay                                            0.000     0.000
data required time                                                         0.000
--------------------------------------------------------------------------------
data required time                                                        -0.000
data arrival time                                                          3.444
--------------------------------------------------------------------------------
slack (MET)                                                                3.444


#Path 28
Startpoint: a~14.inpad[0] (.input clocked by virtual_io_clock)
Endpoint  : out:result~16.outpad[0] (.output clocked by virtual_io_clock)
Path Type : hold

Point                                                             Incr      Path
--------------------------------------------------------------------------------
clock virtual_io_clock (rise edge)                               0.000     0.000
clock source latency                                             0.000     0.000
input external delay                                             0.000     0.000
a~14.inpad[0] (.input)                                           0.000     0.000
new_n7818.in[2] (.names)                                         2.276     2.276
new_n7818.out[0] (.names)                                        0.235     2.511
new_n7923.in[0] (.names)                                         0.000     2.511
new_n7923.out[0] (.names)                                        0.261     2.772
result~16.in[4] (.names)                                         0.195     2.967
result~16.out[0] (.names)                                        0.261     3.228
out:result~16.outpad[0] (.output)                                0.295     3.522
data arrival time                                                          3.522

clock virtual_io_clock (rise edge)                               0.000     0.000
clock source latency                                             0.000     0.000
clock uncertainty                                                0.000     0.000
output external delay                                            0.000     0.000
data required time                                                         0.000
--------------------------------------------------------------------------------
data required time                                                        -0.000
data arrival time                                                          3.522
--------------------------------------------------------------------------------
slack (MET)                                                                3.522


#Path 29
Startpoint: a~8.inpad[0] (.input clocked by virtual_io_clock)
Endpoint  : out:result~15.outpad[0] (.output clocked by virtual_io_clock)
Path Type : hold

Point                                                             Incr      Path
--------------------------------------------------------------------------------
clock virtual_io_clock (rise edge)                               0.000     0.000
clock source latency                                             0.000     0.000
input external delay                                             0.000     0.000
a~8.inpad[0] (.input)                                            0.000     0.000
new_n7685.in[3] (.names)                                         2.054     2.054
new_n7685.out[0] (.names)                                        0.235     2.289
new_n7728.in[2] (.names)                                         0.000     2.289
new_n7728.out[0] (.names)                                        0.235     2.524
new_n7815.in[1] (.names)                                         0.000     2.524
new_n7815.out[0] (.names)                                        0.261     2.785
result~15.in[0] (.names)                                         0.217     3.002
result~15.out[0] (.names)                                        0.235     3.237
out:result~15.outpad[0] (.output)                                0.295     3.532
data arrival time                                                          3.532

clock virtual_io_clock (rise edge)                               0.000     0.000
clock source latency                                             0.000     0.000
clock uncertainty                                                0.000     0.000
output external delay                                            0.000     0.000
data required time                                                         0.000
--------------------------------------------------------------------------------
data required time                                                        -0.000
data arrival time                                                          3.532
--------------------------------------------------------------------------------
slack (MET)                                                                3.532


#Path 30
Startpoint: a~8.inpad[0] (.input clocked by virtual_io_clock)
Endpoint  : out:result~14.outpad[0] (.output clocked by virtual_io_clock)
Path Type : hold

Point                                                             Incr      Path
--------------------------------------------------------------------------------
clock virtual_io_clock (rise edge)                               0.000     0.000
clock source latency                                             0.000     0.000
input external delay                                             0.000     0.000
a~8.inpad[0] (.input)                                            0.000     0.000
new_n7685.in[3] (.names)                                         2.054     2.054
new_n7685.out[0] (.names)                                        0.235     2.289
new_n7728.in[2] (.names)                                         0.000     2.289
new_n7728.out[0] (.names)                                        0.235     2.524
new_n7815.in[1] (.names)                                         0.000     2.524
new_n7815.out[0] (.names)                                        0.261     2.785
result~14.in[0] (.names)                                         0.217     3.002
result~14.out[0] (.names)                                        0.235     3.237
out:result~14.outpad[0] (.output)                                0.295     3.532
data arrival time                                                          3.532

clock virtual_io_clock (rise edge)                               0.000     0.000
clock source latency                                             0.000     0.000
clock uncertainty                                                0.000     0.000
output external delay                                            0.000     0.000
data required time                                                         0.000
--------------------------------------------------------------------------------
data required time                                                        -0.000
data arrival time                                                          3.532
--------------------------------------------------------------------------------
slack (MET)                                                                3.532


#Path 31
Startpoint: a~23.inpad[0] (.input clocked by virtual_io_clock)
Endpoint  : out:result~17.outpad[0] (.output clocked by virtual_io_clock)
Path Type : hold

Point                                                             Incr      Path
--------------------------------------------------------------------------------
clock virtual_io_clock (rise edge)                               0.000     0.000
clock source latency                                             0.000     0.000
input external delay                                             0.000     0.000
a~23.inpad[0] (.input)                                           0.000     0.000
new_n7934.in[5] (.names)                                         1.356     1.356
new_n7934.out[0] (.names)                                        0.261     1.617
new_n7932.in[1] (.names)                                         0.000     1.617
new_n7932.out[0] (.names)                                        0.235     1.852
new_n7930.in[1] (.names)                                         0.000     1.852
new_n7930.out[0] (.names)                                        0.235     2.087
new_n7928.in[1] (.names)                                         0.296     2.383
new_n7928.out[0] (.names)                                        0.235     2.618
result~17.in[1] (.names)                                         0.295     2.913
result~17.out[0] (.names)                                        0.235     3.148
out:result~17.outpad[0] (.output)                                0.442     3.590
data arrival time                                                          3.590

clock virtual_io_clock (rise edge)                               0.000     0.000
clock source latency                                             0.000     0.000
clock uncertainty                                                0.000     0.000
output external delay                                            0.000     0.000
data required time                                                         0.000
--------------------------------------------------------------------------------
data required time                                                        -0.000
data arrival time                                                          3.590
--------------------------------------------------------------------------------
slack (MET)                                                                3.590


#Path 32
Startpoint: a~5.inpad[0] (.input clocked by virtual_io_clock)
Endpoint  : out:result~7.outpad[0] (.output clocked by virtual_io_clock)
Path Type : hold

Point                                                             Incr      Path
--------------------------------------------------------------------------------
clock virtual_io_clock (rise edge)                               0.000     0.000
clock source latency                                             0.000     0.000
input external delay                                             0.000     0.000
a~5.inpad[0] (.input)                                            0.000     0.000
new_n7431.in[3] (.names)                                         2.223     2.223
new_n7431.out[0] (.names)                                        0.235     2.458
new_n7492.in[2] (.names)                                         0.000     2.458
new_n7492.out[0] (.names)                                        0.235     2.693
result~7.in[0] (.names)                                          0.220     2.913
result~7.out[0] (.names)                                         0.235     3.148
out:result~7.outpad[0] (.output)                                 0.580     3.728
data arrival time                                                          3.728

clock virtual_io_clock (rise edge)                               0.000     0.000
clock source latency                                             0.000     0.000
clock uncertainty                                                0.000     0.000
output external delay                                            0.000     0.000
data required time                                                         0.000
--------------------------------------------------------------------------------
data required time                                                        -0.000
data arrival time                                                          3.728
--------------------------------------------------------------------------------
slack (MET)                                                                3.728


#End of timing report
