#Timing report of worst 8 path(s)
# Unit scale: 1e-09 seconds
# Output precision: 3

#Path 1
Startpoint: p0~0.inpad[0] (.input clocked by virtual_io_clock)
Endpoint  : out:out~7.outpad[0] (.output clocked by virtual_io_clock)
Path Type : setup

Point                                                             Incr      Path
--------------------------------------------------------------------------------
clock virtual_io_clock (rise edge)                               0.000     0.000
clock source latency                                             0.000     0.000
input external delay                                             0.000     0.000
p0~0.inpad[0] (.input)                                           0.000     0.000
new_n123.in[0] (.names)                                          0.533     0.533
new_n123.out[0] (.names)                                         0.235     0.768
new_n143.in[1] (.names)                                          0.291     1.059
new_n143.out[0] (.names)                                         0.261     1.320
new_n137.in[2] (.names)                                          0.413     1.734
new_n137.out[0] (.names)                                         0.261     1.995
new_n132.in[2] (.names)                                          0.291     2.286
new_n132.out[0] (.names)                                         0.261     2.547
new_n130.in[0] (.names)                                          0.315     2.862
new_n130.out[0] (.names)                                         0.261     3.123
new_n209.in[1] (.names)                                          0.293     3.416
new_n209.out[0] (.names)                                         0.261     3.677
new_n95.in[0] (.names)                                           0.435     4.112
new_n95.out[0] (.names)                                          0.261     4.373
new_n94.in[0] (.names)                                           0.291     4.664
new_n94.out[0] (.names)                                          0.261     4.925
out~7.in[0] (.names)                                             0.100     5.025
out~7.out[0] (.names)                                            0.261     5.286
out:out~7.outpad[0] (.output)                                    0.434     5.720
data arrival time                                                          5.720

clock virtual_io_clock (rise edge)                               0.000     0.000
clock source latency                                             0.000     0.000
clock uncertainty                                                0.000     0.000
output external delay                                            0.000     0.000
data required time                                                         0.000
--------------------------------------------------------------------------------
data required time                                                         0.000
data arrival time                                                         -5.720
--------------------------------------------------------------------------------
slack (VIOLATED)                                                          -5.720


#Path 2
Startpoint: p0~0.inpad[0] (.input clocked by virtual_io_clock)
Endpoint  : out:out~6.outpad[0] (.output clocked by virtual_io_clock)
Path Type : setup

Point                                                             Incr      Path
--------------------------------------------------------------------------------
clock virtual_io_clock (rise edge)                               0.000     0.000
clock source latency                                             0.000     0.000
input external delay                                             0.000     0.000
p0~0.inpad[0] (.input)                                           0.000     0.000
new_n123.in[0] (.names)                                          0.533     0.533
new_n123.out[0] (.names)                                         0.235     0.768
new_n143.in[1] (.names)                                          0.291     1.059
new_n143.out[0] (.names)                                         0.261     1.320
new_n137.in[2] (.names)                                          0.413     1.734
new_n137.out[0] (.names)                                         0.261     1.995
new_n132.in[2] (.names)                                          0.291     2.286
new_n132.out[0] (.names)                                         0.261     2.547
new_n130.in[0] (.names)                                          0.315     2.862
new_n130.out[0] (.names)                                         0.261     3.123
new_n209.in[1] (.names)                                          0.293     3.416
new_n209.out[0] (.names)                                         0.261     3.677
new_n95.in[0] (.names)                                           0.435     4.112
new_n95.out[0] (.names)                                          0.261     4.373
new_n94.in[0] (.names)                                           0.291     4.664
new_n94.out[0] (.names)                                          0.261     4.925
out~6.in[1] (.names)                                             0.100     5.025
out~6.out[0] (.names)                                            0.235     5.260
out:out~6.outpad[0] (.output)                                    0.230     5.490
data arrival time                                                          5.490

clock virtual_io_clock (rise edge)                               0.000     0.000
clock source latency                                             0.000     0.000
clock uncertainty                                                0.000     0.000
output external delay                                            0.000     0.000
data required time                                                         0.000
--------------------------------------------------------------------------------
data required time                                                         0.000
data arrival time                                                         -5.490
--------------------------------------------------------------------------------
slack (VIOLATED)                                                          -5.490


#Path 3
Startpoint: p0~0.inpad[0] (.input clocked by virtual_io_clock)
Endpoint  : out:out~5.outpad[0] (.output clocked by virtual_io_clock)
Path Type : setup

Point                                                             Incr      Path
--------------------------------------------------------------------------------
clock virtual_io_clock (rise edge)                               0.000     0.000
clock source latency                                             0.000     0.000
input external delay                                             0.000     0.000
p0~0.inpad[0] (.input)                                           0.000     0.000
new_n123.in[0] (.names)                                          0.533     0.533
new_n123.out[0] (.names)                                         0.235     0.768
new_n143.in[1] (.names)                                          0.291     1.059
new_n143.out[0] (.names)                                         0.261     1.320
new_n137.in[2] (.names)                                          0.413     1.734
new_n137.out[0] (.names)                                         0.261     1.995
new_n132.in[2] (.names)                                          0.291     2.286
new_n132.out[0] (.names)                                         0.261     2.547
new_n130.in[0] (.names)                                          0.315     2.862
new_n130.out[0] (.names)                                         0.261     3.123
new_n209.in[1] (.names)                                          0.293     3.416
new_n209.out[0] (.names)                                         0.261     3.677
new_n95.in[0] (.names)                                           0.435     4.112
new_n95.out[0] (.names)                                          0.261     4.373
new_n250.in[0] (.names)                                          0.291     4.664
new_n250.out[0] (.names)                                         0.261     4.925
out~5.in[1] (.names)                                             0.100     5.025
out~5.out[0] (.names)                                            0.235     5.260
out:out~5.outpad[0] (.output)                                    0.228     5.489
data arrival time                                                          5.489

clock virtual_io_clock (rise edge)                               0.000     0.000
clock source latency                                             0.000     0.000
clock uncertainty                                                0.000     0.000
output external delay                                            0.000     0.000
data required time                                                         0.000
--------------------------------------------------------------------------------
data required time                                                         0.000
data arrival time                                                         -5.489
--------------------------------------------------------------------------------
slack (VIOLATED)                                                          -5.489


#Path 4
Startpoint: p0~0.inpad[0] (.input clocked by virtual_io_clock)
Endpoint  : out:out~4.outpad[0] (.output clocked by virtual_io_clock)
Path Type : setup

Point                                                             Incr      Path
--------------------------------------------------------------------------------
clock virtual_io_clock (rise edge)                               0.000     0.000
clock source latency                                             0.000     0.000
input external delay                                             0.000     0.000
p0~0.inpad[0] (.input)                                           0.000     0.000
new_n123.in[0] (.names)                                          0.533     0.533
new_n123.out[0] (.names)                                         0.235     0.768
new_n143.in[1] (.names)                                          0.291     1.059
new_n143.out[0] (.names)                                         0.261     1.320
new_n137.in[2] (.names)                                          0.413     1.734
new_n137.out[0] (.names)                                         0.261     1.995
new_n132.in[2] (.names)                                          0.291     2.286
new_n132.out[0] (.names)                                         0.261     2.547
new_n130.in[0] (.names)                                          0.315     2.862
new_n130.out[0] (.names)                                         0.261     3.123
new_n209.in[1] (.names)                                          0.293     3.416
new_n209.out[0] (.names)                                         0.261     3.677
new_n95.in[0] (.names)                                           0.435     4.112
new_n95.out[0] (.names)                                          0.261     4.373
out~4.in[1] (.names)                                             0.343     4.717
out~4.out[0] (.names)                                            0.235     4.952
out:out~4.outpad[0] (.output)                                    0.497     5.449
data arrival time                                                          5.449

clock virtual_io_clock (rise edge)                               0.000     0.000
clock source latency                                             0.000     0.000
clock uncertainty                                                0.000     0.000
output external delay                                            0.000     0.000
data required time                                                         0.000
--------------------------------------------------------------------------------
data required time                                                         0.000
data arrival time                                                         -5.449
--------------------------------------------------------------------------------
slack (VIOLATED)                                                          -5.449


#Path 5
Startpoint: p8~0.inpad[0] (.input clocked by virtual_io_clock)
Endpoint  : out:out~3.outpad[0] (.output clocked by virtual_io_clock)
Path Type : setup

Point                                                             Incr      Path
--------------------------------------------------------------------------------
clock virtual_io_clock (rise edge)                               0.000     0.000
clock source latency                                             0.000     0.000
input external delay                                             0.000     0.000
p8~0.inpad[0] (.input)                                           0.000     0.000
new_n171.in[0] (.names)                                          0.530     0.530
new_n171.out[0] (.names)                                         0.235     0.765
new_n169.in[3] (.names)                                          0.459     1.224
new_n169.out[0] (.names)                                         0.235     1.459
new_n163.in[1] (.names)                                          0.381     1.840
new_n163.out[0] (.names)                                         0.235     2.075
new_n193.in[4] (.names)                                          0.483     2.559
new_n193.out[0] (.names)                                         0.261     2.820
new_n188.in[1] (.names)                                          0.428     3.247
new_n188.out[0] (.names)                                         0.261     3.508
new_n150.in[2] (.names)                                          0.100     3.608
new_n150.out[0] (.names)                                         0.235     3.843
new_n246.in[1] (.names)                                          0.409     4.253
new_n246.out[0] (.names)                                         0.235     4.488
out~3.in[0] (.names)                                             0.100     4.588
out~3.out[0] (.names)                                            0.261     4.849
out:out~3.outpad[0] (.output)                                    0.553     5.402
data arrival time                                                          5.402

clock virtual_io_clock (rise edge)                               0.000     0.000
clock source latency                                             0.000     0.000
clock uncertainty                                                0.000     0.000
output external delay                                            0.000     0.000
data required time                                                         0.000
--------------------------------------------------------------------------------
data required time                                                         0.000
data arrival time                                                         -5.402
--------------------------------------------------------------------------------
slack (VIOLATED)                                                          -5.402


#Path 6
Startpoint: p0~0.inpad[0] (.input clocked by virtual_io_clock)
Endpoint  : out:out~0.outpad[0] (.output clocked by virtual_io_clock)
Path Type : setup

Point                                                             Incr      Path
--------------------------------------------------------------------------------
clock virtual_io_clock (rise edge)                               0.000     0.000
clock source latency                                             0.000     0.000
input external delay                                             0.000     0.000
p0~0.inpad[0] (.input)                                           0.000     0.000
out:out~0.outpad[0] (.output)                                    0.779     0.779
data arrival time                                                          0.779

clock virtual_io_clock (rise edge)                               0.000     0.000
clock source latency                                             0.000     0.000
clock uncertainty                                                0.000     0.000
output external delay                                            0.000     0.000
data required time                                                         0.000
--------------------------------------------------------------------------------
data required time                                                         0.000
data arrival time                                                         -0.779
--------------------------------------------------------------------------------
slack (VIOLATED)                                                          -0.779


#Path 7
Startpoint: p0~1.inpad[0] (.input clocked by virtual_io_clock)
Endpoint  : out:out~1.outpad[0] (.output clocked by virtual_io_clock)
Path Type : setup

Point                                                             Incr      Path
--------------------------------------------------------------------------------
clock virtual_io_clock (rise edge)                               0.000     0.000
clock source latency                                             0.000     0.000
input external delay                                             0.000     0.000
p0~1.inpad[0] (.input)                                           0.000     0.000
out:out~1.outpad[0] (.output)                                    0.746     0.746
data arrival time                                                          0.746

clock virtual_io_clock (rise edge)                               0.000     0.000
clock source latency                                             0.000     0.000
clock uncertainty                                                0.000     0.000
output external delay                                            0.000     0.000
data required time                                                         0.000
--------------------------------------------------------------------------------
data required time                                                         0.000
data arrival time                                                         -0.746
--------------------------------------------------------------------------------
slack (VIOLATED)                                                          -0.746


#Path 8
Startpoint: p0~2.inpad[0] (.input clocked by virtual_io_clock)
Endpoint  : out:out~2.outpad[0] (.output clocked by virtual_io_clock)
Path Type : setup

Point                                                             Incr      Path
--------------------------------------------------------------------------------
clock virtual_io_clock (rise edge)                               0.000     0.000
clock source latency                                             0.000     0.000
input external delay                                             0.000     0.000
p0~2.inpad[0] (.input)                                           0.000     0.000
out:out~2.outpad[0] (.output)                                    0.601     0.601
data arrival time                                                          0.601

clock virtual_io_clock (rise edge)                               0.000     0.000
clock source latency                                             0.000     0.000
clock uncertainty                                                0.000     0.000
output external delay                                            0.000     0.000
data required time                                                         0.000
--------------------------------------------------------------------------------
data required time                                                         0.000
data arrival time                                                         -0.601
--------------------------------------------------------------------------------
slack (VIOLATED)                                                          -0.601


#End of timing report
