#! /usr/bin/vvp
:ivl_version "12.0 (stable)";
:ivl_delay_selection "TYPICAL";
:vpi_time_precision + 0;
:vpi_module "/usr/lib/x86_64-linux-gnu/ivl/system.vpi";
:vpi_module "/usr/lib/x86_64-linux-gnu/ivl/vhdl_sys.vpi";
:vpi_module "/usr/lib/x86_64-linux-gnu/ivl/vhdl_textio.vpi";
:vpi_module "/usr/lib/x86_64-linux-gnu/ivl/v2005_math.vpi";
:vpi_module "/usr/lib/x86_64-linux-gnu/ivl/va_math.vpi";
S_0x5566453f8da0 .scope module, "tb_KStone_16b" "tb_KStone_16b" 2 1;
 .timescale 0 0;
v0x5566454229f0_0 .var "a", 15 0;
v0x556645422af0_0 .var "b", 15 0;
v0x556645422bd0_0 .var "clk", 0 0;
v0x556645422c70_0 .var/i "i", 31 0;
v0x556645422d10 .array "memA", 999999 0, 15 0;
v0x556645422dd0 .array "memB", 999999 0, 15 0;
v0x556645422e90_0 .var/i "out_file", 31 0;
v0x556645422f70_0 .var "rst", 0 0;
v0x556645423010_0 .net "sum", 16 0, L_0x55664544ac60;  1 drivers
L_0x5566454486a0 .part v0x556645422af0_0, 15, 1;
L_0x556645448800 .part v0x556645422af0_0, 14, 1;
L_0x5566454488a0 .part v0x556645422af0_0, 13, 1;
L_0x556645448940 .part v0x556645422af0_0, 12, 1;
L_0x556645448b30 .part v0x556645422af0_0, 11, 1;
L_0x556645448bd0 .part v0x556645422af0_0, 10, 1;
L_0x556645448d40 .part v0x556645422af0_0, 9, 1;
L_0x556645448e70 .part v0x556645422af0_0, 8, 1;
L_0x556645448f60 .part v0x556645422af0_0, 7, 1;
L_0x556645449000 .part v0x556645422af0_0, 6, 1;
L_0x556645449100 .part v0x556645422af0_0, 5, 1;
L_0x5566454491a0 .part v0x556645422af0_0, 4, 1;
L_0x5566454492b0 .part v0x556645422af0_0, 3, 1;
L_0x5566454493e0 .part v0x556645422af0_0, 2, 1;
L_0x556645449500 .part v0x556645422af0_0, 1, 1;
L_0x5566454495a0 .part v0x556645422af0_0, 0, 1;
L_0x5566454496d0 .part v0x5566454229f0_0, 15, 1;
L_0x556645449800 .part v0x5566454229f0_0, 14, 1;
L_0x556645449940 .part v0x5566454229f0_0, 13, 1;
L_0x5566454499e0 .part v0x5566454229f0_0, 12, 1;
L_0x5566454498a0 .part v0x5566454229f0_0, 11, 1;
L_0x556645449bc0 .part v0x5566454229f0_0, 10, 1;
L_0x556645449db0 .part v0x5566454229f0_0, 9, 1;
L_0x556645449ee0 .part v0x5566454229f0_0, 8, 1;
L_0x55664544a050 .part v0x5566454229f0_0, 7, 1;
L_0x55664544a0f0 .part v0x5566454229f0_0, 6, 1;
L_0x55664544a270 .part v0x5566454229f0_0, 5, 1;
L_0x55664544a310 .part v0x5566454229f0_0, 4, 1;
L_0x55664544a4a0 .part v0x5566454229f0_0, 3, 1;
L_0x55664544a540 .part v0x5566454229f0_0, 2, 1;
L_0x55664544a6e0 .part v0x5566454229f0_0, 1, 1;
L_0x55664544a810 .part v0x5566454229f0_0, 0, 1;
LS_0x55664544ac60_0_0 .concat8 [ 1 1 1 1], v0x5566453fede0_0, v0x5566453ff150_0, v0x556645411ed0_0, v0x556645411f90_0;
LS_0x55664544ac60_0_4 .concat8 [ 1 1 1 1], v0x556645412050_0, v0x556645412110_0, v0x5566454121d0_0, v0x556645412290_0;
LS_0x55664544ac60_0_8 .concat8 [ 1 1 1 1], v0x556645412350_0, v0x556645412410_0, v0x5566453ff4c0_0, v0x5566453ff830_0;
LS_0x55664544ac60_0_12 .concat8 [ 1 1 1 1], v0x5566453ffba0_0, v0x5566453fff10_0, v0x556645400280_0, v0x556645411d50_0;
LS_0x55664544ac60_0_16 .concat8 [ 1 0 0 0], v0x556645411e10_0;
LS_0x55664544ac60_1_0 .concat8 [ 4 4 4 4], LS_0x55664544ac60_0_0, LS_0x55664544ac60_0_4, LS_0x55664544ac60_0_8, LS_0x55664544ac60_0_12;
LS_0x55664544ac60_1_4 .concat8 [ 1 0 0 0], LS_0x55664544ac60_0_16;
L_0x55664544ac60 .concat8 [ 16 1 0 0], LS_0x55664544ac60_1_0, LS_0x55664544ac60_1_4;
S_0x5566453efa50 .scope module, "UUT" "KS_16b" 2 15, 3 3 0, S_0x5566453f8da0;
 .timescale 0 0;
    .port_info 0 /INPUT 1 "rst";
    .port_info 1 /INPUT 1 "clk";
    .port_info 2 /INPUT 1 "Y~15";
    .port_info 3 /INPUT 1 "Y~14";
    .port_info 4 /INPUT 1 "Y~13";
    .port_info 5 /INPUT 1 "Y~12";
    .port_info 6 /INPUT 1 "Y~11";
    .port_info 7 /INPUT 1 "Y~10";
    .port_info 8 /INPUT 1 "Y~9";
    .port_info 9 /INPUT 1 "Y~8";
    .port_info 10 /INPUT 1 "Y~7";
    .port_info 11 /INPUT 1 "Y~6";
    .port_info 12 /INPUT 1 "Y~5";
    .port_info 13 /INPUT 1 "Y~4";
    .port_info 14 /INPUT 1 "Y~3";
    .port_info 15 /INPUT 1 "Y~2";
    .port_info 16 /INPUT 1 "Y~1";
    .port_info 17 /INPUT 1 "Y~0";
    .port_info 18 /INPUT 1 "X~15";
    .port_info 19 /INPUT 1 "X~14";
    .port_info 20 /INPUT 1 "X~13";
    .port_info 21 /INPUT 1 "X~12";
    .port_info 22 /INPUT 1 "X~11";
    .port_info 23 /INPUT 1 "X~10";
    .port_info 24 /INPUT 1 "X~9";
    .port_info 25 /INPUT 1 "X~8";
    .port_info 26 /INPUT 1 "X~7";
    .port_info 27 /INPUT 1 "X~6";
    .port_info 28 /INPUT 1 "X~5";
    .port_info 29 /INPUT 1 "X~4";
    .port_info 30 /INPUT 1 "X~3";
    .port_info 31 /INPUT 1 "X~2";
    .port_info 32 /INPUT 1 "X~1";
    .port_info 33 /INPUT 1 "X~0";
    .port_info 34 /OUTPUT 1 "S~12";
    .port_info 35 /OUTPUT 1 "S~16";
    .port_info 36 /OUTPUT 1 "S~15";
    .port_info 37 /OUTPUT 1 "S~14";
    .port_info 38 /OUTPUT 1 "S~13";
    .port_info 39 /OUTPUT 1 "S~11";
    .port_info 40 /OUTPUT 1 "S~10";
    .port_info 41 /OUTPUT 1 "S~9";
    .port_info 42 /OUTPUT 1 "S~8";
    .port_info 43 /OUTPUT 1 "S~7";
    .port_info 44 /OUTPUT 1 "S~6";
    .port_info 45 /OUTPUT 1 "S~5";
    .port_info 46 /OUTPUT 1 "S~4";
    .port_info 47 /OUTPUT 1 "S~3";
    .port_info 48 /OUTPUT 1 "S~2";
    .port_info 49 /OUTPUT 1 "S~1";
    .port_info 50 /OUTPUT 1 "S~0";
L_0x5566453f2f20 .functor BUFZ 1, L_0x55664544a270, C4<0>, C4<0>, C4<0>;
L_0x5566453f3260 .functor BUFZ 1, L_0x55664544a310, C4<0>, C4<0>, C4<0>;
L_0x5566453f35a0 .functor BUFZ 1, L_0x55664544a4a0, C4<0>, C4<0>, C4<0>;
L_0x5566453f38e0 .functor BUFZ 1, L_0x55664544a540, C4<0>, C4<0>, C4<0>;
L_0x5566453f3c20 .functor BUFZ 1, L_0x55664544a6e0, C4<0>, C4<0>, C4<0>;
L_0x5566453f3f60 .functor BUFZ 1, L_0x55664544a810, C4<0>, C4<0>, C4<0>;
v0x5566453fede0_0 .var "S~0", 0 0;
v0x5566453ff150_0 .var "S~1", 0 0;
v0x5566453ff4c0_0 .var "S~10", 0 0;
v0x5566453ff830_0 .var "S~11", 0 0;
v0x5566453ffba0_0 .var "S~12", 0 0;
v0x5566453fff10_0 .var "S~13", 0 0;
v0x556645400280_0 .var "S~14", 0 0;
v0x556645411d50_0 .var "S~15", 0 0;
v0x556645411e10_0 .var "S~16", 0 0;
v0x556645411ed0_0 .var "S~2", 0 0;
v0x556645411f90_0 .var "S~3", 0 0;
v0x556645412050_0 .var "S~4", 0 0;
v0x556645412110_0 .var "S~5", 0 0;
v0x5566454121d0_0 .var "S~6", 0 0;
v0x556645412290_0 .var "S~7", 0 0;
v0x556645412350_0 .var "S~8", 0 0;
v0x556645412410_0 .var "S~9", 0 0;
v0x5566454124d0_0 .net "X~0", 0 0, L_0x55664544a810;  1 drivers
v0x556645412590_0 .net "X~1", 0 0, L_0x55664544a6e0;  1 drivers
v0x556645412650_0 .net "X~10", 0 0, L_0x556645449bc0;  1 drivers
v0x556645412710_0 .net "X~11", 0 0, L_0x5566454498a0;  1 drivers
v0x5566454127d0_0 .net "X~12", 0 0, L_0x5566454499e0;  1 drivers
v0x556645412890_0 .net "X~13", 0 0, L_0x556645449940;  1 drivers
v0x556645412950_0 .net "X~14", 0 0, L_0x556645449800;  1 drivers
v0x556645412a10_0 .net "X~15", 0 0, L_0x5566454496d0;  1 drivers
v0x556645412ad0_0 .net "X~2", 0 0, L_0x55664544a540;  1 drivers
v0x556645412b90_0 .net "X~3", 0 0, L_0x55664544a4a0;  1 drivers
v0x556645412c50_0 .net "X~4", 0 0, L_0x55664544a310;  1 drivers
v0x556645412d10_0 .net "X~5", 0 0, L_0x55664544a270;  1 drivers
v0x556645412dd0_0 .net "X~6", 0 0, L_0x55664544a0f0;  1 drivers
v0x556645412e90_0 .net "X~7", 0 0, L_0x55664544a050;  1 drivers
v0x556645412f50_0 .net "X~8", 0 0, L_0x556645449ee0;  1 drivers
v0x556645413010_0 .net "X~9", 0 0, L_0x556645449db0;  1 drivers
v0x5566454132e0_0 .net "Y~0", 0 0, L_0x5566454495a0;  1 drivers
v0x5566454133a0_0 .net "Y~1", 0 0, L_0x556645449500;  1 drivers
v0x556645413460_0 .net "Y~10", 0 0, L_0x556645448bd0;  1 drivers
v0x556645413520_0 .net "Y~11", 0 0, L_0x556645448b30;  1 drivers
v0x5566454135e0_0 .net "Y~12", 0 0, L_0x556645448940;  1 drivers
v0x5566454136a0_0 .net "Y~13", 0 0, L_0x5566454488a0;  1 drivers
v0x556645413760_0 .net "Y~14", 0 0, L_0x556645448800;  1 drivers
v0x556645413820_0 .net "Y~15", 0 0, L_0x5566454486a0;  1 drivers
v0x5566454138e0_0 .net "Y~2", 0 0, L_0x5566454493e0;  1 drivers
v0x5566454139a0_0 .net "Y~3", 0 0, L_0x5566454492b0;  1 drivers
v0x556645413a60_0 .net "Y~4", 0 0, L_0x5566454491a0;  1 drivers
v0x556645413b20_0 .net "Y~5", 0 0, L_0x556645449100;  1 drivers
v0x556645413be0_0 .net "Y~6", 0 0, L_0x556645449000;  1 drivers
v0x556645413ca0_0 .net "Y~7", 0 0, L_0x556645448f60;  1 drivers
v0x556645413d60_0 .net "Y~8", 0 0, L_0x556645448e70;  1 drivers
v0x556645413e20_0 .net "Y~9", 0 0, L_0x556645448d40;  1 drivers
L_0x7fe83bd44018 .functor BUFT 1, C4<0001011101110111>, C4<0>, C4<0>, C4<0>;
v0x556645413ee0_0 .net/2u *"_ivl_0", 15 0, L_0x7fe83bd44018;  1 drivers
v0x556645413fc0_0 .net *"_ivl_10", 5 0, L_0x5566454334c0;  1 drivers
v0x5566454140a0_0 .net *"_ivl_100", 7 0, L_0x556645436590;  1 drivers
L_0x7fe83bd443c0 .functor BUFT 1, C4<0001>, C4<0>, C4<0>, C4<0>;
v0x556645414180_0 .net/2u *"_ivl_104", 3 0, L_0x7fe83bd443c0;  1 drivers
v0x556645414260_0 .net *"_ivl_106", 1 0, L_0x5566454368b0;  1 drivers
v0x556645414340_0 .net *"_ivl_108", 3 0, L_0x556645436ad0;  1 drivers
L_0x7fe83bd44408 .functor BUFT 1, C4<1111111100000000111000000000000011111111000000001111111100000000>, C4<0>, C4<0>, C4<0>;
v0x556645414420_0 .net/2u *"_ivl_112", 63 0, L_0x7fe83bd44408;  1 drivers
v0x556645414500_0 .net *"_ivl_114", 5 0, L_0x556645436ee0;  1 drivers
v0x5566454145e0_0 .net *"_ivl_116", 63 0, L_0x5566454370c0;  1 drivers
v0x5566454146c0_0 .net *"_ivl_12", 63 0, L_0x556645433700;  1 drivers
L_0x7fe83bd44450 .functor BUFT 1, C4<0000011101110111>, C4<0>, C4<0>, C4<0>;
v0x5566454147a0_0 .net/2u *"_ivl_120", 15 0, L_0x7fe83bd44450;  1 drivers
v0x556645414880_0 .net *"_ivl_122", 3 0, L_0x5566454374b0;  1 drivers
v0x556645414960_0 .net *"_ivl_124", 15 0, L_0x556645437890;  1 drivers
L_0x7fe83bd44498 .functor BUFT 1, C4<0001>, C4<0>, C4<0>, C4<0>;
v0x556645414a40_0 .net/2u *"_ivl_128", 3 0, L_0x7fe83bd44498;  1 drivers
v0x556645414b20_0 .net *"_ivl_130", 1 0, L_0x556645437c00;  1 drivers
v0x556645414c00_0 .net *"_ivl_132", 3 0, L_0x556645437ca0;  1 drivers
L_0x7fe83bd444e0 .functor BUFT 1, C4<0110>, C4<0>, C4<0>, C4<0>;
v0x5566454150f0_0 .net/2u *"_ivl_136", 3 0, L_0x7fe83bd444e0;  1 drivers
v0x5566454151d0_0 .net *"_ivl_138", 1 0, L_0x5566454380c0;  1 drivers
v0x5566454152b0_0 .net *"_ivl_140", 3 0, L_0x556645438310;  1 drivers
L_0x7fe83bd44528 .functor BUFT 1, C4<0000000000000000111111110111000000000000000000000000000010001111>, C4<0>, C4<0>, C4<0>;
v0x556645415390_0 .net/2u *"_ivl_144", 63 0, L_0x7fe83bd44528;  1 drivers
v0x556645415470_0 .net *"_ivl_146", 5 0, L_0x556645438750;  1 drivers
v0x556645415550_0 .net *"_ivl_148", 63 0, L_0x5566454387f0;  1 drivers
L_0x7fe83bd44570 .functor BUFT 1, C4<00000111>, C4<0>, C4<0>, C4<0>;
v0x556645415630_0 .net/2u *"_ivl_152", 7 0, L_0x7fe83bd44570;  1 drivers
v0x556645415710_0 .net *"_ivl_154", 2 0, L_0x556645438ba0;  1 drivers
v0x5566454157f0_0 .net *"_ivl_156", 7 0, L_0x556645438f40;  1 drivers
L_0x7fe83bd440a8 .functor BUFT 1, C4<0110>, C4<0>, C4<0>, C4<0>;
v0x5566454158d0_0 .net/2u *"_ivl_16", 3 0, L_0x7fe83bd440a8;  1 drivers
L_0x7fe83bd445b8 .functor BUFT 1, C4<1000>, C4<0>, C4<0>, C4<0>;
v0x5566454159b0_0 .net/2u *"_ivl_160", 3 0, L_0x7fe83bd445b8;  1 drivers
v0x556645415a90_0 .net *"_ivl_162", 1 0, L_0x556645439310;  1 drivers
v0x556645415b70_0 .net *"_ivl_164", 3 0, L_0x556645439450;  1 drivers
L_0x7fe83bd44600 .functor BUFT 1, C4<0001>, C4<0>, C4<0>, C4<0>;
v0x556645415c50_0 .net/2u *"_ivl_168", 3 0, L_0x7fe83bd44600;  1 drivers
v0x556645415d30_0 .net *"_ivl_170", 1 0, L_0x5566454398d0;  1 drivers
v0x556645415e10_0 .net *"_ivl_172", 3 0, L_0x556645439b80;  1 drivers
L_0x7fe83bd44648 .functor BUFT 1, C4<0110>, C4<0>, C4<0>, C4<0>;
v0x556645415ef0_0 .net/2u *"_ivl_176", 3 0, L_0x7fe83bd44648;  1 drivers
v0x556645415fd0_0 .net *"_ivl_178", 1 0, L_0x55664543a020;  1 drivers
v0x5566454160b0_0 .net *"_ivl_18", 1 0, L_0x556645433970;  1 drivers
v0x556645416190_0 .net *"_ivl_180", 3 0, L_0x55664543a0c0;  1 drivers
L_0x7fe83bd44690 .functor BUFT 1, C4<00000000011100010000000010001110>, C4<0>, C4<0>, C4<0>;
v0x556645416270_0 .net/2u *"_ivl_184", 31 0, L_0x7fe83bd44690;  1 drivers
v0x556645416350_0 .net *"_ivl_186", 4 0, L_0x55664543a570;  1 drivers
v0x556645416430_0 .net *"_ivl_188", 31 0, L_0x55664543a940;  1 drivers
L_0x7fe83bd446d8 .functor BUFT 1, C4<0110>, C4<0>, C4<0>, C4<0>;
v0x556645416510_0 .net/2u *"_ivl_192", 3 0, L_0x7fe83bd446d8;  1 drivers
v0x5566454165f0_0 .net *"_ivl_194", 1 0, L_0x55664543adc0;  1 drivers
v0x5566454166d0_0 .net *"_ivl_196", 3 0, L_0x55664543ae60;  1 drivers
v0x5566454167b0_0 .net *"_ivl_2", 3 0, L_0x556645433100;  1 drivers
v0x556645416890_0 .net *"_ivl_20", 3 0, L_0x556645433a10;  1 drivers
L_0x7fe83bd44720 .functor BUFT 1, C4<0000111000000001>, C4<0>, C4<0>, C4<0>;
v0x556645416970_0 .net/2u *"_ivl_200", 15 0, L_0x7fe83bd44720;  1 drivers
v0x556645416a50_0 .net *"_ivl_202", 3 0, L_0x55664543b340;  1 drivers
v0x556645416b30_0 .net *"_ivl_204", 15 0, L_0x55664543b650;  1 drivers
L_0x7fe83bd44768 .functor BUFT 1, C4<1111111100000000011100000000000011111111000000001111111100000000>, C4<0>, C4<0>, C4<0>;
v0x556645416c10_0 .net/2u *"_ivl_208", 63 0, L_0x7fe83bd44768;  1 drivers
v0x556645416cf0_0 .net *"_ivl_210", 5 0, L_0x55664543bb00;  1 drivers
v0x556645416dd0_0 .net *"_ivl_212", 63 0, L_0x55664543bcc0;  1 drivers
L_0x7fe83bd447b0 .functor BUFT 1, C4<0001>, C4<0>, C4<0>, C4<0>;
v0x556645416eb0_0 .net/2u *"_ivl_216", 3 0, L_0x7fe83bd447b0;  1 drivers
v0x556645416f90_0 .net *"_ivl_218", 1 0, L_0x55664543c130;  1 drivers
v0x556645417070_0 .net *"_ivl_220", 3 0, L_0x55664543c470;  1 drivers
L_0x7fe83bd447f8 .functor BUFT 1, C4<1000>, C4<0>, C4<0>, C4<0>;
v0x556645417150_0 .net/2u *"_ivl_224", 3 0, L_0x7fe83bd447f8;  1 drivers
v0x556645417230_0 .net *"_ivl_226", 1 0, L_0x55664543c9d0;  1 drivers
v0x556645417310_0 .net *"_ivl_228", 3 0, L_0x55664543ca70;  1 drivers
L_0x7fe83bd44840 .functor BUFT 1, C4<1000>, C4<0>, C4<0>, C4<0>;
v0x5566454173f0_0 .net/2u *"_ivl_232", 3 0, L_0x7fe83bd44840;  1 drivers
v0x5566454174d0_0 .net *"_ivl_234", 1 0, L_0x55664543cfb0;  1 drivers
v0x5566454175b0_0 .net *"_ivl_236", 3 0, L_0x55664543d3c0;  1 drivers
L_0x7fe83bd440f0 .functor BUFT 1, C4<0001>, C4<0>, C4<0>, C4<0>;
v0x556645417690_0 .net/2u *"_ivl_24", 3 0, L_0x7fe83bd440f0;  1 drivers
L_0x7fe83bd44888 .functor BUFT 1, C4<0001>, C4<0>, C4<0>, C4<0>;
v0x556645417770_0 .net/2u *"_ivl_240", 3 0, L_0x7fe83bd44888;  1 drivers
v0x556645417850_0 .net *"_ivl_242", 1 0, L_0x55664543d920;  1 drivers
v0x556645417930_0 .net *"_ivl_244", 3 0, L_0x55664543d9c0;  1 drivers
L_0x7fe83bd448d0 .functor BUFT 1, C4<0110>, C4<0>, C4<0>, C4<0>;
v0x556645417a10_0 .net/2u *"_ivl_248", 3 0, L_0x7fe83bd448d0;  1 drivers
v0x556645417af0_0 .net *"_ivl_250", 1 0, L_0x55664543df30;  1 drivers
v0x556645417bd0_0 .net *"_ivl_252", 3 0, L_0x55664543e2d0;  1 drivers
L_0x7fe83bd44918 .functor BUFT 1, C4<00000000111101000000000000001011>, C4<0>, C4<0>, C4<0>;
v0x556645417cb0_0 .net/2u *"_ivl_256", 31 0, L_0x7fe83bd44918;  1 drivers
v0x556645417d90_0 .net *"_ivl_258", 4 0, L_0x55664543e860;  1 drivers
v0x556645417e70_0 .net *"_ivl_26", 1 0, L_0x556645433cc0;  1 drivers
v0x556645417f50_0 .net *"_ivl_260", 31 0, L_0x55664543e940;  1 drivers
L_0x7fe83bd44960 .functor BUFT 1, C4<0000000000000000000100001111111100000000000000000000000000000000>, C4<0>, C4<0>, C4<0>;
v0x556645418030_0 .net/2u *"_ivl_264", 63 0, L_0x7fe83bd44960;  1 drivers
v0x556645418110_0 .net *"_ivl_266", 5 0, L_0x55664543ee90;  1 drivers
v0x5566454181f0_0 .net *"_ivl_268", 63 0, L_0x55664543f2d0;  1 drivers
L_0x7fe83bd449a8 .functor BUFT 1, C4<0001>, C4<0>, C4<0>, C4<0>;
v0x5566454182d0_0 .net/2u *"_ivl_272", 3 0, L_0x7fe83bd449a8;  1 drivers
v0x5566454183b0_0 .net *"_ivl_274", 1 0, L_0x55664543f8c0;  1 drivers
v0x556645418490_0 .net *"_ivl_276", 3 0, L_0x55664543f960;  1 drivers
v0x556645418570_0 .net *"_ivl_28", 3 0, L_0x556645433e20;  1 drivers
L_0x7fe83bd449f0 .functor BUFT 1, C4<0001>, C4<0>, C4<0>, C4<0>;
v0x556645418650_0 .net/2u *"_ivl_280", 3 0, L_0x7fe83bd449f0;  1 drivers
v0x556645418730_0 .net *"_ivl_282", 1 0, L_0x55664543ff30;  1 drivers
v0x556645418810_0 .net *"_ivl_284", 3 0, L_0x556645440450;  1 drivers
L_0x7fe83bd44a38 .functor BUFT 1, C4<0001>, C4<0>, C4<0>, C4<0>;
v0x556645419100_0 .net/2u *"_ivl_288", 3 0, L_0x7fe83bd44a38;  1 drivers
v0x5566454191e0_0 .net *"_ivl_290", 1 0, L_0x5566454409a0;  1 drivers
v0x5566454192c0_0 .net *"_ivl_292", 3 0, L_0x556645440a40;  1 drivers
L_0x7fe83bd44a80 .functor BUFT 1, C4<1000>, C4<0>, C4<0>, C4<0>;
v0x5566454193a0_0 .net/2u *"_ivl_296", 3 0, L_0x7fe83bd44a80;  1 drivers
v0x556645419480_0 .net *"_ivl_298", 1 0, L_0x556645441040;  1 drivers
v0x556645419560_0 .net *"_ivl_300", 3 0, L_0x556645441510;  1 drivers
L_0x7fe83bd44ac8 .functor BUFT 1, C4<0001>, C4<0>, C4<0>, C4<0>;
v0x556645419640_0 .net/2u *"_ivl_304", 3 0, L_0x7fe83bd44ac8;  1 drivers
v0x556645419720_0 .net *"_ivl_306", 1 0, L_0x556645441b30;  1 drivers
v0x556645419800_0 .net *"_ivl_308", 3 0, L_0x556645441bd0;  1 drivers
L_0x7fe83bd44b10 .functor BUFT 1, C4<0110>, C4<0>, C4<0>, C4<0>;
v0x5566454198e0_0 .net/2u *"_ivl_312", 3 0, L_0x7fe83bd44b10;  1 drivers
v0x5566454199c0_0 .net *"_ivl_314", 1 0, L_0x556645442200;  1 drivers
v0x556645419aa0_0 .net *"_ivl_316", 3 0, L_0x556645442660;  1 drivers
L_0x7fe83bd44138 .functor BUFT 1, C4<0001>, C4<0>, C4<0>, C4<0>;
v0x556645419b80_0 .net/2u *"_ivl_32", 3 0, L_0x7fe83bd44138;  1 drivers
L_0x7fe83bd44b58 .functor BUFT 1, C4<00000000011100010000000010001110>, C4<0>, C4<0>, C4<0>;
v0x556645419c60_0 .net/2u *"_ivl_320", 31 0, L_0x7fe83bd44b58;  1 drivers
v0x556645419d40_0 .net *"_ivl_322", 4 0, L_0x556645442cb0;  1 drivers
v0x556645419e20_0 .net *"_ivl_324", 31 0, L_0x556645442e80;  1 drivers
L_0x7fe83bd44ba0 .functor BUFT 1, C4<0110>, C4<0>, C4<0>, C4<0>;
v0x556645419f00_0 .net/2u *"_ivl_328", 3 0, L_0x7fe83bd44ba0;  1 drivers
v0x556645419fe0_0 .net *"_ivl_330", 1 0, L_0x556645443490;  1 drivers
v0x55664541a0c0_0 .net *"_ivl_332", 3 0, L_0x556645443920;  1 drivers
L_0x7fe83bd44be8 .functor BUFT 1, C4<00010100>, C4<0>, C4<0>, C4<0>;
v0x55664541a1a0_0 .net/2u *"_ivl_336", 7 0, L_0x7fe83bd44be8;  1 drivers
v0x55664541a280_0 .net *"_ivl_338", 2 0, L_0x556645443fa0;  1 drivers
v0x55664541a360_0 .net *"_ivl_34", 1 0, L_0x5566454340f0;  1 drivers
v0x55664541a440_0 .net *"_ivl_340", 7 0, L_0x556645444040;  1 drivers
L_0x7fe83bd44c30 .functor BUFT 1, C4<0000111110111111000011110000111100001111000011110000111100001111>, C4<0>, C4<0>, C4<0>;
v0x55664541a520_0 .net/2u *"_ivl_344", 63 0, L_0x7fe83bd44c30;  1 drivers
v0x55664541a600_0 .net *"_ivl_346", 5 0, L_0x556645444590;  1 drivers
v0x55664541a6e0_0 .net *"_ivl_348", 63 0, L_0x556645444a90;  1 drivers
L_0x7fe83bd44c78 .functor BUFT 1, C4<0001011101110111>, C4<0>, C4<0>, C4<0>;
v0x55664541a7c0_0 .net/2u *"_ivl_352", 15 0, L_0x7fe83bd44c78;  1 drivers
v0x55664541a8a0_0 .net *"_ivl_354", 3 0, L_0x556645444670;  1 drivers
v0x55664541a980_0 .net *"_ivl_356", 15 0, L_0x5566454447b0;  1 drivers
v0x55664541aa60_0 .net *"_ivl_36", 3 0, L_0x556645434230;  1 drivers
L_0x7fe83bd44cc0 .functor BUFT 1, C4<0110>, C4<0>, C4<0>, C4<0>;
v0x55664541ab40_0 .net/2u *"_ivl_360", 3 0, L_0x7fe83bd44cc0;  1 drivers
v0x55664541ac20_0 .net *"_ivl_362", 1 0, L_0x556645445150;  1 drivers
v0x55664541ad00_0 .net *"_ivl_364", 3 0, L_0x556645444d10;  1 drivers
L_0x7fe83bd44d08 .functor BUFT 1, C4<00000000111101000000000000001011>, C4<0>, C4<0>, C4<0>;
v0x55664541ade0_0 .net/2u *"_ivl_368", 31 0, L_0x7fe83bd44d08;  1 drivers
v0x55664541aec0_0 .net *"_ivl_370", 4 0, L_0x556645444f90;  1 drivers
v0x55664541afa0_0 .net *"_ivl_372", 31 0, L_0x556645445070;  1 drivers
L_0x7fe83bd44d50 .functor BUFT 1, C4<0000000000000000000100001111111100000000000000000000000000000000>, C4<0>, C4<0>, C4<0>;
v0x55664541b080_0 .net/2u *"_ivl_376", 63 0, L_0x7fe83bd44d50;  1 drivers
v0x55664541b160_0 .net *"_ivl_378", 5 0, L_0x5566454452e0;  1 drivers
v0x55664541b240_0 .net *"_ivl_380", 63 0, L_0x5566454453e0;  1 drivers
L_0x7fe83bd44d98 .functor BUFT 1, C4<00000111>, C4<0>, C4<0>, C4<0>;
v0x55664541b320_0 .net/2u *"_ivl_384", 7 0, L_0x7fe83bd44d98;  1 drivers
v0x55664541b400_0 .net *"_ivl_386", 2 0, L_0x556645445b30;  1 drivers
v0x55664541b4e0_0 .net *"_ivl_388", 7 0, L_0x556645445cf0;  1 drivers
L_0x7fe83bd44de0 .functor BUFT 1, C4<0001>, C4<0>, C4<0>, C4<0>;
v0x55664541b5c0_0 .net/2u *"_ivl_392", 3 0, L_0x7fe83bd44de0;  1 drivers
v0x55664541b6a0_0 .net *"_ivl_394", 1 0, L_0x5566454457e0;  1 drivers
v0x55664541b780_0 .net *"_ivl_396", 3 0, L_0x556645445880;  1 drivers
v0x55664541b860_0 .net *"_ivl_4", 15 0, L_0x556645433260;  1 drivers
L_0x7fe83bd44180 .functor BUFT 1, C4<0110>, C4<0>, C4<0>, C4<0>;
v0x55664541b940_0 .net/2u *"_ivl_40", 3 0, L_0x7fe83bd44180;  1 drivers
L_0x7fe83bd44e28 .functor BUFT 1, C4<0001>, C4<0>, C4<0>, C4<0>;
v0x55664541ba20_0 .net/2u *"_ivl_400", 3 0, L_0x7fe83bd44e28;  1 drivers
v0x55664541bb00_0 .net *"_ivl_402", 1 0, L_0x556645446250;  1 drivers
v0x55664541bbe0_0 .net *"_ivl_404", 3 0, L_0x556645446390;  1 drivers
L_0x7fe83bd44e70 .functor BUFT 1, C4<0110>, C4<0>, C4<0>, C4<0>;
v0x55664541bcc0_0 .net/2u *"_ivl_408", 3 0, L_0x7fe83bd44e70;  1 drivers
v0x55664541bda0_0 .net *"_ivl_410", 1 0, L_0x556645445ed0;  1 drivers
v0x55664541be80_0 .net *"_ivl_412", 3 0, L_0x556645445f70;  1 drivers
L_0x7fe83bd44eb8 .functor BUFT 1, C4<0000011101110111>, C4<0>, C4<0>, C4<0>;
v0x55664541bf60_0 .net/2u *"_ivl_416", 15 0, L_0x7fe83bd44eb8;  1 drivers
v0x55664541c040_0 .net *"_ivl_418", 3 0, L_0x5566454469c0;  1 drivers
v0x55664541c120_0 .net *"_ivl_42", 1 0, L_0x5566454344e0;  1 drivers
v0x55664541c200_0 .net *"_ivl_420", 15 0, L_0x556645446a60;  1 drivers
L_0x7fe83bd44f00 .functor BUFT 1, C4<0000000000000000111111110111000000000000000000000000000010001111>, C4<0>, C4<0>, C4<0>;
v0x55664541c2e0_0 .net/2u *"_ivl_424", 63 0, L_0x7fe83bd44f00;  1 drivers
v0x55664541c3c0_0 .net *"_ivl_426", 5 0, L_0x556645446610;  1 drivers
v0x55664541c4a0_0 .net *"_ivl_428", 63 0, L_0x5566454466f0;  1 drivers
L_0x7fe83bd44f48 .functor BUFT 1, C4<0001>, C4<0>, C4<0>, C4<0>;
v0x55664541c580_0 .net/2u *"_ivl_432", 3 0, L_0x7fe83bd44f48;  1 drivers
v0x55664541c660_0 .net *"_ivl_434", 1 0, L_0x556645446920;  1 drivers
v0x55664541c740_0 .net *"_ivl_436", 3 0, L_0x556645447110;  1 drivers
v0x55664541c820_0 .net *"_ivl_44", 3 0, L_0x556645434610;  1 drivers
L_0x7fe83bd44f90 .functor BUFT 1, C4<0110>, C4<0>, C4<0>, C4<0>;
v0x55664541c900_0 .net/2u *"_ivl_440", 3 0, L_0x7fe83bd44f90;  1 drivers
v0x55664541c9e0_0 .net *"_ivl_442", 1 0, L_0x556645446c90;  1 drivers
v0x55664541cac0_0 .net *"_ivl_444", 3 0, L_0x556645446d30;  1 drivers
L_0x7fe83bd44fd8 .functor BUFT 1, C4<0000011101110111>, C4<0>, C4<0>, C4<0>;
v0x55664541cba0_0 .net/2u *"_ivl_448", 15 0, L_0x7fe83bd44fd8;  1 drivers
v0x55664541cc80_0 .net *"_ivl_450", 3 0, L_0x556645446fb0;  1 drivers
v0x55664541cd60_0 .net *"_ivl_452", 15 0, L_0x5566454478c0;  1 drivers
L_0x7fe83bd45020 .functor BUFT 1, C4<0000111110111111000011110000111100000000000000000000000000000000>, C4<0>, C4<0>, C4<0>;
v0x55664541ce40_0 .net/2u *"_ivl_456", 63 0, L_0x7fe83bd45020;  1 drivers
v0x55664541cf20_0 .net *"_ivl_458", 5 0, L_0x556645447390;  1 drivers
v0x55664541d000_0 .net *"_ivl_460", 63 0, L_0x556645447470;  1 drivers
L_0x7fe83bd45068 .functor BUFT 1, C4<0000011101110111>, C4<0>, C4<0>, C4<0>;
v0x55664541d0e0_0 .net/2u *"_ivl_464", 15 0, L_0x7fe83bd45068;  1 drivers
v0x55664541d1c0_0 .net *"_ivl_466", 3 0, L_0x5566454476a0;  1 drivers
v0x55664541d2a0_0 .net *"_ivl_468", 15 0, L_0x556645448050;  1 drivers
L_0x7fe83bd450b0 .functor BUFT 1, C4<00001110>, C4<0>, C4<0>, C4<0>;
v0x55664541d380_0 .net/2u *"_ivl_472", 7 0, L_0x7fe83bd450b0;  1 drivers
v0x55664541d460_0 .net *"_ivl_474", 2 0, L_0x556645447aa0;  1 drivers
v0x55664541d540_0 .net *"_ivl_476", 7 0, L_0x556645447b40;  1 drivers
L_0x7fe83bd441c8 .functor BUFT 1, C4<0000011101110111>, C4<0>, C4<0>, C4<0>;
v0x55664541d620_0 .net/2u *"_ivl_48", 15 0, L_0x7fe83bd441c8;  1 drivers
v0x55664541d700_0 .net *"_ivl_50", 3 0, L_0x556645434910;  1 drivers
v0x55664541d7e0_0 .net *"_ivl_52", 15 0, L_0x556645434a80;  1 drivers
L_0x7fe83bd44210 .functor BUFT 1, C4<00010100>, C4<0>, C4<0>, C4<0>;
v0x55664541d8c0_0 .net/2u *"_ivl_56", 7 0, L_0x7fe83bd44210;  1 drivers
v0x55664541d9a0_0 .net *"_ivl_58", 2 0, L_0x556645434cc0;  1 drivers
v0x55664541da80_0 .net *"_ivl_60", 7 0, L_0x556645434ea0;  1 drivers
L_0x7fe83bd44258 .functor BUFT 1, C4<0000000000000000000000000000000011110111011101010101010101010101>, C4<0>, C4<0>, C4<0>;
v0x55664541db60_0 .net/2u *"_ivl_64", 63 0, L_0x7fe83bd44258;  1 drivers
v0x55664541dc40_0 .net *"_ivl_66", 5 0, L_0x5566454351d0;  1 drivers
v0x55664541dd20_0 .net *"_ivl_68", 63 0, L_0x5566454352f0;  1 drivers
L_0x7fe83bd442a0 .functor BUFT 1, C4<0001>, C4<0>, C4<0>, C4<0>;
v0x55664541de00_0 .net/2u *"_ivl_72", 3 0, L_0x7fe83bd442a0;  1 drivers
v0x55664541dee0_0 .net *"_ivl_74", 1 0, L_0x556645435650;  1 drivers
v0x55664541dfc0_0 .net *"_ivl_76", 3 0, L_0x556645435880;  1 drivers
L_0x7fe83bd44060 .functor BUFT 1, C4<0000000101010111000101010111111100010101011111110001010101111111>, C4<0>, C4<0>, C4<0>;
v0x55664541e0a0_0 .net/2u *"_ivl_8", 63 0, L_0x7fe83bd44060;  1 drivers
L_0x7fe83bd442e8 .functor BUFT 1, C4<0000011101110111>, C4<0>, C4<0>, C4<0>;
v0x55664541e180_0 .net/2u *"_ivl_80", 15 0, L_0x7fe83bd442e8;  1 drivers
v0x55664541e260_0 .net *"_ivl_82", 3 0, L_0x556645435c00;  1 drivers
v0x55664541e340_0 .net *"_ivl_84", 15 0, L_0x556645435d30;  1 drivers
L_0x7fe83bd44330 .functor BUFT 1, C4<0110>, C4<0>, C4<0>, C4<0>;
v0x55664541e420_0 .net/2u *"_ivl_88", 3 0, L_0x7fe83bd44330;  1 drivers
v0x55664541e500_0 .net *"_ivl_90", 1 0, L_0x556645436020;  1 drivers
v0x55664541e5e0_0 .net *"_ivl_92", 3 0, L_0x5566454361e0;  1 drivers
L_0x7fe83bd44378 .functor BUFT 1, C4<00010100>, C4<0>, C4<0>, C4<0>;
v0x55664541e6c0_0 .net/2u *"_ivl_96", 7 0, L_0x7fe83bd44378;  1 drivers
v0x55664541e7a0_0 .net *"_ivl_98", 2 0, L_0x5566454360c0;  1 drivers
v0x55664541e880_0 .net "clk", 0 0, v0x556645422bd0_0;  1 drivers
v0x55664541e940_0 .net "n104", 0 0, L_0x5566453f3f60;  1 drivers
v0x55664541ea00_0 .net "n108", 0 0, L_0x5566453f3c20;  1 drivers
v0x55664541eac0_0 .net "n112", 0 0, L_0x5566453f38e0;  1 drivers
v0x55664541eb80_0 .net "n116", 0 0, L_0x5566453f35a0;  1 drivers
v0x55664541ec40_0 .net "n120", 0 0, L_0x5566453f3260;  1 drivers
v0x55664541ed00_0 .net "n124", 0 0, L_0x5566453f2f20;  1 drivers
v0x55664541edc0_0 .net "n128", 0 0, L_0x556645435010;  1 drivers
v0x55664541ee80_0 .net "n132", 0 0, L_0x5566454367c0;  1 drivers
v0x55664541ef40_0 .net "n136", 0 0, L_0x556645438ab0;  1 drivers
v0x55664541f000_0 .net "n140", 0 0, L_0x55664543aa80;  1 drivers
v0x55664541f0c0_0 .net "n144", 0 0, L_0x55664543b790;  1 drivers
v0x55664541f180_0 .net "n148", 0 0, L_0x55664543eda0;  1 drivers
v0x55664541f240_0 .net "n152", 0 0, L_0x5566454433a0;  1 drivers
v0x55664541f300_0 .net "n156", 0 0, L_0x5566454444f0;  1 drivers
v0x55664541f3c0_0 .net "n160", 0 0, L_0x5566454451f0;  1 drivers
v0x55664541f480_0 .net "n164", 0 0, L_0x556645446830;  1 drivers
v0x55664541f540_0 .net "n168", 0 0, L_0x5566454475b0;  1 drivers
v0x55664541f600_0 .net "new_new_n108_1", 0 0, L_0x556645433380;  1 drivers
v0x55664541f6c0_0 .net "new_new_n110", 0 0, L_0x556645433840;  1 drivers
v0x55664541f780_0 .net "new_new_n112_1", 0 0, L_0x556645433bd0;  1 drivers
v0x55664541f840_0 .net "new_new_n114", 0 0, L_0x556645433f40;  1 drivers
v0x55664541f900_0 .net "new_new_n115_1", 0 0, L_0x5566454343f0;  1 drivers
v0x55664541f9c0_0 .net "new_new_n116_1", 0 0, L_0x556645434780;  1 drivers
v0x55664541fa80_0 .net "new_new_n117", 0 0, L_0x556645434870;  1 drivers
v0x55664541fb40_0 .net "new_new_n119_1", 0 0, L_0x556645435510;  1 drivers
v0x55664541fc00_0 .net "new_new_n120_1", 0 0, L_0x5566454359c0;  1 drivers
v0x55664541fcc0_0 .net "new_new_n121", 0 0, L_0x556645435ee0;  1 drivers
v0x5566454188d0_0 .net "new_new_n122", 0 0, L_0x556645436320;  1 drivers
v0x556645418990_0 .net "new_new_n124_1", 0 0, L_0x556645436c40;  1 drivers
v0x556645418a50_0 .net "new_new_n125", 0 0, L_0x556645437370;  1 drivers
v0x556645418b10_0 .net "new_new_n126", 0 0, L_0x556645437930;  1 drivers
v0x556645418bd0_0 .net "new_new_n127_1", 0 0, L_0x556645437f80;  1 drivers
v0x556645418c90_0 .net "new_new_n128_1", 0 0, L_0x556645438450;  1 drivers
v0x556645418d50_0 .net "new_new_n130", 0 0, L_0x556645438fe0;  1 drivers
v0x556645418e10_0 .net "new_new_n131_1", 0 0, L_0x556645439790;  1 drivers
v0x556645418ed0_0 .net "new_new_n132_1", 0 0, L_0x556645439cc0;  1 drivers
v0x556645418f90_0 .net "new_new_n133", 0 0, L_0x55664543a430;  1 drivers
v0x556645420d70_0 .net "new_new_n136_1", 0 0, L_0x55664543b200;  1 drivers
v0x556645420e10_0 .net "new_new_n138", 0 0, L_0x55664543bff0;  1 drivers
v0x556645420eb0_0 .net "new_new_n139_1", 0 0, L_0x55664543c5e0;  1 drivers
v0x556645420f50_0 .net "new_new_n140_1", 0 0, L_0x55664543ce70;  1 drivers
v0x556645421010_0 .net "new_new_n141", 0 0, L_0x55664543d500;  1 drivers
v0x5566454210d0_0 .net "new_new_n142", 0 0, L_0x55664543ddf0;  1 drivers
v0x556645421190_0 .net "new_new_n143_1", 0 0, L_0x55664543e410;  1 drivers
v0x556645421250_0 .net "new_new_n145", 0 0, L_0x55664543f440;  1 drivers
v0x556645421310_0 .net "new_new_n146", 0 0, L_0x55664543fdf0;  1 drivers
v0x5566454213d0_0 .net "new_new_n147_1", 0 0, L_0x5566454404f0;  1 drivers
v0x556645421490_0 .net "new_new_n148_1", 0 0, L_0x556645440f00;  1 drivers
v0x556645421550_0 .net "new_new_n149", 0 0, L_0x556645441650;  1 drivers
v0x556645421610_0 .net "new_new_n150", 0 0, L_0x5566454420c0;  1 drivers
v0x5566454216d0_0 .net "new_new_n151_1", 0 0, L_0x5566454427a0;  1 drivers
v0x556645421790_0 .net "new_new_n154", 0 0, L_0x556645443a60;  1 drivers
v0x556645421850_0 .net "new_new_n156", 0 0, L_0x556645444bd0;  1 drivers
v0x556645421910_0 .net "new_new_n157", 0 0, L_0x5566454448f0;  1 drivers
v0x5566454219d0_0 .net "new_new_n158", 0 0, L_0x556645444e50;  1 drivers
v0x556645421a90_0 .net "new_new_n160", 0 0, L_0x556645445500;  1 drivers
v0x556645421b50_0 .net "new_new_n161", 0 0, L_0x5566454456a0;  1 drivers
v0x556645421c10_0 .net "new_new_n162", 0 0, L_0x5566454459c0;  1 drivers
v0x556645421cd0_0 .net "new_new_n163", 0 0, L_0x556645445d90;  1 drivers
v0x556645421d90_0 .net "new_new_n164", 0 0, L_0x5566454460b0;  1 drivers
v0x556645421e50_0 .net "new_new_n165", 0 0, L_0x5566454464d0;  1 drivers
v0x556645421f10_0 .net "new_new_n167", 0 0, L_0x556645446b50;  1 drivers
v0x556645421fd0_0 .net "new_new_n168", 0 0, L_0x556645446e70;  1 drivers
v0x556645422090_0 .net "new_new_n169", 0 0, L_0x556645447250;  1 drivers
v0x556645422150_0 .net "new_new_n171", 0 0, L_0x556645447960;  1 drivers
v0x556645422210_0 .net "new_new_n172", 0 0, L_0x556645447c80;  1 drivers
v0x5566454222d0_0 .net "rst", 0 0, v0x556645422f70_0;  1 drivers
E_0x55664539ec10 .event posedge, v0x55664541e880_0;
L_0x556645433100 .concat [ 1 1 1 1], L_0x556645449500, L_0x55664544a6e0, L_0x5566454495a0, L_0x55664544a810;
L_0x556645433260 .shift/r 16, L_0x7fe83bd44018, L_0x556645433100;
L_0x556645433380 .part L_0x556645433260, 0, 1;
LS_0x5566454334c0_0_0 .concat [ 1 1 1 1], L_0x5566454493e0, L_0x556645449500, L_0x55664544a6e0, L_0x55664544a540;
LS_0x5566454334c0_0_4 .concat [ 1 1 0 0], L_0x5566454495a0, L_0x55664544a810;
L_0x5566454334c0 .concat [ 4 2 0 0], LS_0x5566454334c0_0_0, LS_0x5566454334c0_0_4;
L_0x556645433700 .shift/r 64, L_0x7fe83bd44060, L_0x5566454334c0;
L_0x556645433840 .part L_0x556645433700, 0, 1;
L_0x556645433970 .concat [ 1 1 0 0], L_0x5566454491a0, L_0x55664544a310;
L_0x556645433a10 .shift/r 4, L_0x7fe83bd440a8, L_0x556645433970;
L_0x556645433bd0 .part L_0x556645433a10, 0, 1;
L_0x556645433cc0 .concat [ 1 1 0 0], L_0x5566454492b0, L_0x55664544a4a0;
L_0x556645433e20 .shift/r 4, L_0x7fe83bd440f0, L_0x556645433cc0;
L_0x556645433f40 .part L_0x556645433e20, 0, 1;
L_0x5566454340f0 .concat [ 1 1 0 0], L_0x5566454491a0, L_0x55664544a310;
L_0x556645434230 .shift/r 4, L_0x7fe83bd44138, L_0x5566454340f0;
L_0x5566454343f0 .part L_0x556645434230, 0, 1;
L_0x5566454344e0 .concat [ 1 1 0 0], L_0x556645449100, L_0x55664544a270;
L_0x556645434610 .shift/r 4, L_0x7fe83bd44180, L_0x5566454344e0;
L_0x556645434780 .part L_0x556645434610, 0, 1;
L_0x556645434910 .concat [ 1 1 1 1], L_0x5566454491a0, L_0x55664544a310, L_0x5566454492b0, L_0x55664544a4a0;
L_0x556645434a80 .shift/r 16, L_0x7fe83bd441c8, L_0x556645434910;
L_0x556645434870 .part L_0x556645434a80, 0, 1;
L_0x556645434cc0 .concat [ 1 1 1 0], v0x556645422f70_0, L_0x556645435510, L_0x556645436320;
L_0x556645434ea0 .shift/r 8, L_0x7fe83bd44210, L_0x556645434cc0;
L_0x556645435010 .part L_0x556645434ea0, 0, 1;
LS_0x5566454351d0_0_0 .concat [ 1 1 1 1], L_0x556645435ee0, L_0x556645433840, L_0x5566454492b0, L_0x55664544a4a0;
LS_0x5566454351d0_0_4 .concat [ 1 1 0 0], L_0x556645433bd0, L_0x5566454359c0;
L_0x5566454351d0 .concat [ 4 2 0 0], LS_0x5566454351d0_0_0, LS_0x5566454351d0_0_4;
L_0x5566454352f0 .shift/r 64, L_0x7fe83bd44258, L_0x5566454351d0;
L_0x556645435510 .part L_0x5566454352f0, 0, 1;
L_0x556645435650 .concat [ 1 1 0 0], L_0x556645449100, L_0x55664544a270;
L_0x556645435880 .shift/r 4, L_0x7fe83bd442a0, L_0x556645435650;
L_0x5566454359c0 .part L_0x556645435880, 0, 1;
L_0x556645435c00 .concat [ 1 1 1 1], L_0x556645449100, L_0x55664544a270, L_0x5566454491a0, L_0x55664544a310;
L_0x556645435d30 .shift/r 16, L_0x7fe83bd442e8, L_0x556645435c00;
L_0x556645435ee0 .part L_0x556645435d30, 0, 1;
L_0x556645436020 .concat [ 1 1 0 0], L_0x556645449000, L_0x55664544a0f0;
L_0x5566454361e0 .shift/r 4, L_0x7fe83bd44330, L_0x556645436020;
L_0x556645436320 .part L_0x5566454361e0, 0, 1;
L_0x5566454360c0 .concat [ 1 1 1 0], v0x556645422f70_0, L_0x556645436c40, L_0x556645438450;
L_0x556645436590 .shift/r 8, L_0x7fe83bd44378, L_0x5566454360c0;
L_0x5566454367c0 .part L_0x556645436590, 0, 1;
L_0x5566454368b0 .concat [ 1 1 0 0], L_0x556645437370, L_0x556645437f80;
L_0x556645436ad0 .shift/r 4, L_0x7fe83bd443c0, L_0x5566454368b0;
L_0x556645436c40 .part L_0x556645436ad0, 0, 1;
LS_0x556645436ee0_0_0 .concat [ 1 1 1 1], L_0x556645433840, L_0x556645433f40, L_0x556645434870, L_0x556645437930;
LS_0x556645436ee0_0_4 .concat [ 1 1 0 0], L_0x5566454343f0, L_0x556645434780;
L_0x556645436ee0 .concat [ 4 2 0 0], LS_0x556645436ee0_0_0, LS_0x556645436ee0_0_4;
L_0x5566454370c0 .shift/r 64, L_0x7fe83bd44408, L_0x556645436ee0;
L_0x556645437370 .part L_0x5566454370c0, 0, 1;
L_0x5566454374b0 .concat [ 1 1 1 1], L_0x556645449000, L_0x55664544a0f0, L_0x556645449100, L_0x55664544a270;
L_0x556645437890 .shift/r 16, L_0x7fe83bd44450, L_0x5566454374b0;
L_0x556645437930 .part L_0x556645437890, 0, 1;
L_0x556645437c00 .concat [ 1 1 0 0], L_0x556645449000, L_0x55664544a0f0;
L_0x556645437ca0 .shift/r 4, L_0x7fe83bd44498, L_0x556645437c00;
L_0x556645437f80 .part L_0x556645437ca0, 0, 1;
L_0x5566454380c0 .concat [ 1 1 0 0], L_0x556645448f60, L_0x55664544a050;
L_0x556645438310 .shift/r 4, L_0x7fe83bd444e0, L_0x5566454380c0;
L_0x556645438450 .part L_0x556645438310, 0, 1;
LS_0x556645438750_0_0 .concat [ 1 1 1 1], L_0x556645435510, L_0x556645436320, L_0x556645438fe0, L_0x556645439cc0;
LS_0x556645438750_0_4 .concat [ 1 1 0 0], v0x556645422f70_0, L_0x55664543a430;
L_0x556645438750 .concat [ 4 2 0 0], LS_0x556645438750_0_0, LS_0x556645438750_0_4;
L_0x5566454387f0 .shift/r 64, L_0x7fe83bd44528, L_0x556645438750;
L_0x556645438ab0 .part L_0x5566454387f0, 0, 1;
L_0x556645438ba0 .concat [ 1 1 1 0], L_0x556645449000, L_0x55664544a0f0, L_0x556645439790;
L_0x556645438f40 .shift/r 8, L_0x7fe83bd44570, L_0x556645438ba0;
L_0x556645438fe0 .part L_0x556645438f40, 0, 1;
L_0x556645439310 .concat [ 1 1 0 0], L_0x556645448f60, L_0x55664544a050;
L_0x556645439450 .shift/r 4, L_0x7fe83bd445b8, L_0x556645439310;
L_0x556645439790 .part L_0x556645439450, 0, 1;
L_0x5566454398d0 .concat [ 1 1 0 0], L_0x556645448f60, L_0x55664544a050;
L_0x556645439b80 .shift/r 4, L_0x7fe83bd44600, L_0x5566454398d0;
L_0x556645439cc0 .part L_0x556645439b80, 0, 1;
L_0x55664543a020 .concat [ 1 1 0 0], L_0x556645448e70, L_0x556645449ee0;
L_0x55664543a0c0 .shift/r 4, L_0x7fe83bd44648, L_0x55664543a020;
L_0x55664543a430 .part L_0x55664543a0c0, 0, 1;
LS_0x55664543a570_0_0 .concat [ 1 1 1 1], L_0x556645448e70, L_0x556645449ee0, L_0x556645438ab0, v0x556645422f70_0;
LS_0x55664543a570_0_4 .concat [ 1 0 0 0], L_0x55664543b200;
L_0x55664543a570 .concat [ 4 1 0 0], LS_0x55664543a570_0_0, LS_0x55664543a570_0_4;
L_0x55664543a940 .shift/r 32, L_0x7fe83bd44690, L_0x55664543a570;
L_0x55664543aa80 .part L_0x55664543a940, 0, 1;
L_0x55664543adc0 .concat [ 1 1 0 0], L_0x556645448d40, L_0x556645449db0;
L_0x55664543ae60 .shift/r 4, L_0x7fe83bd446d8, L_0x55664543adc0;
L_0x55664543b200 .part L_0x55664543ae60, 0, 1;
L_0x55664543b340 .concat [ 1 1 1 1], L_0x55664543bff0, L_0x55664543ddf0, v0x556645422f70_0, L_0x55664543e410;
L_0x55664543b650 .shift/r 16, L_0x7fe83bd44720, L_0x55664543b340;
L_0x55664543b790 .part L_0x55664543b650, 0, 1;
LS_0x55664543bb00_0_0 .concat [ 1 1 1 1], L_0x556645436320, L_0x556645435510, L_0x556645438fe0, L_0x55664543c5e0;
LS_0x55664543bb00_0_4 .concat [ 1 1 0 0], L_0x556645439cc0, L_0x55664543a430;
L_0x55664543bb00 .concat [ 4 2 0 0], LS_0x55664543bb00_0_0, LS_0x55664543bb00_0_4;
L_0x55664543bcc0 .shift/r 64, L_0x7fe83bd44768, L_0x55664543bb00;
L_0x55664543bff0 .part L_0x55664543bcc0, 0, 1;
L_0x55664543c130 .concat [ 1 1 0 0], L_0x55664543ce70, L_0x55664543d500;
L_0x55664543c470 .shift/r 4, L_0x7fe83bd447b0, L_0x55664543c130;
L_0x55664543c5e0 .part L_0x55664543c470, 0, 1;
L_0x55664543c9d0 .concat [ 1 1 0 0], L_0x556645448e70, L_0x556645449ee0;
L_0x55664543ca70 .shift/r 4, L_0x7fe83bd447f8, L_0x55664543c9d0;
L_0x55664543ce70 .part L_0x55664543ca70, 0, 1;
L_0x55664543cfb0 .concat [ 1 1 0 0], L_0x556645448d40, L_0x556645449db0;
L_0x55664543d3c0 .shift/r 4, L_0x7fe83bd44840, L_0x55664543cfb0;
L_0x55664543d500 .part L_0x55664543d3c0, 0, 1;
L_0x55664543d920 .concat [ 1 1 0 0], L_0x556645448d40, L_0x556645449db0;
L_0x55664543d9c0 .shift/r 4, L_0x7fe83bd44888, L_0x55664543d920;
L_0x55664543ddf0 .part L_0x55664543d9c0, 0, 1;
L_0x55664543df30 .concat [ 1 1 0 0], L_0x556645448bd0, L_0x556645449bc0;
L_0x55664543e2d0 .shift/r 4, L_0x7fe83bd448d0, L_0x55664543df30;
L_0x55664543e410 .part L_0x55664543e2d0, 0, 1;
LS_0x55664543e860_0_0 .concat [ 1 1 1 1], L_0x55664543f440, L_0x556645440f00, L_0x5566454420c0, v0x556645422f70_0;
LS_0x55664543e860_0_4 .concat [ 1 0 0 0], L_0x5566454427a0;
L_0x55664543e860 .concat [ 4 1 0 0], LS_0x55664543e860_0_0, LS_0x55664543e860_0_4;
L_0x55664543e940 .shift/r 32, L_0x7fe83bd44918, L_0x55664543e860;
L_0x55664543eda0 .part L_0x55664543e940, 0, 1;
LS_0x55664543ee90_0_0 .concat [ 1 1 1 1], L_0x556645437f80, L_0x556645437370, L_0x556645438450, L_0x55664543fdf0;
LS_0x55664543ee90_0_4 .concat [ 1 1 0 0], L_0x5566454404f0, L_0x55664543b200;
L_0x55664543ee90 .concat [ 4 2 0 0], LS_0x55664543ee90_0_0, LS_0x55664543ee90_0_4;
L_0x55664543f2d0 .shift/r 64, L_0x7fe83bd44960, L_0x55664543ee90;
L_0x55664543f440 .part L_0x55664543f2d0, 0, 1;
L_0x55664543f8c0 .concat [ 1 1 0 0], L_0x556645439790, L_0x55664543ce70;
L_0x55664543f960 .shift/r 4, L_0x7fe83bd449a8, L_0x55664543f8c0;
L_0x55664543fdf0 .part L_0x55664543f960, 0, 1;
L_0x55664543ff30 .concat [ 1 1 0 0], L_0x556645448e70, L_0x556645449ee0;
L_0x556645440450 .shift/r 4, L_0x7fe83bd449f0, L_0x55664543ff30;
L_0x5566454404f0 .part L_0x556645440450, 0, 1;
L_0x5566454409a0 .concat [ 1 1 0 0], L_0x55664543d500, L_0x556645441650;
L_0x556645440a40 .shift/r 4, L_0x7fe83bd44a38, L_0x5566454409a0;
L_0x556645440f00 .part L_0x556645440a40, 0, 1;
L_0x556645441040 .concat [ 1 1 0 0], L_0x556645448bd0, L_0x556645449bc0;
L_0x556645441510 .shift/r 4, L_0x7fe83bd44a80, L_0x556645441040;
L_0x556645441650 .part L_0x556645441510, 0, 1;
L_0x556645441b30 .concat [ 1 1 0 0], L_0x556645448bd0, L_0x556645449bc0;
L_0x556645441bd0 .shift/r 4, L_0x7fe83bd44ac8, L_0x556645441b30;
L_0x5566454420c0 .part L_0x556645441bd0, 0, 1;
L_0x556645442200 .concat [ 1 1 0 0], L_0x556645448b30, L_0x5566454498a0;
L_0x556645442660 .shift/r 4, L_0x7fe83bd44b10, L_0x556645442200;
L_0x5566454427a0 .part L_0x556645442660, 0, 1;
LS_0x556645442cb0_0_0 .concat [ 1 1 1 1], L_0x556645448b30, L_0x5566454498a0, L_0x55664543eda0, v0x556645422f70_0;
LS_0x556645442cb0_0_4 .concat [ 1 0 0 0], L_0x556645443a60;
L_0x556645442cb0 .concat [ 4 1 0 0], LS_0x556645442cb0_0_0, LS_0x556645442cb0_0_4;
L_0x556645442e80 .shift/r 32, L_0x7fe83bd44b58, L_0x556645442cb0;
L_0x5566454433a0 .part L_0x556645442e80, 0, 1;
L_0x556645443490 .concat [ 1 1 0 0], L_0x556645448940, L_0x5566454499e0;
L_0x556645443920 .shift/r 4, L_0x7fe83bd44ba0, L_0x556645443490;
L_0x556645443a60 .part L_0x556645443920, 0, 1;
L_0x556645443fa0 .concat [ 1 1 1 0], v0x556645422f70_0, L_0x556645444bd0, L_0x556645444e50;
L_0x556645444040 .shift/r 8, L_0x7fe83bd44be8, L_0x556645443fa0;
L_0x5566454444f0 .part L_0x556645444040, 0, 1;
LS_0x556645444590_0_0 .concat [ 1 1 1 1], L_0x55664543f440, L_0x556645440f00, L_0x5566454448f0, L_0x5566454420c0;
LS_0x556645444590_0_4 .concat [ 1 1 0 0], L_0x556645443a60, L_0x5566454427a0;
L_0x556645444590 .concat [ 4 2 0 0], LS_0x556645444590_0_0, LS_0x556645444590_0_4;
L_0x556645444a90 .shift/r 64, L_0x7fe83bd44c30, L_0x556645444590;
L_0x556645444bd0 .part L_0x556645444a90, 0, 1;
L_0x556645444670 .concat [ 1 1 1 1], L_0x556645448940, L_0x5566454499e0, L_0x556645448b30, L_0x5566454498a0;
L_0x5566454447b0 .shift/r 16, L_0x7fe83bd44c78, L_0x556645444670;
L_0x5566454448f0 .part L_0x5566454447b0, 0, 1;
L_0x556645445150 .concat [ 1 1 0 0], L_0x5566454488a0, L_0x556645449940;
L_0x556645444d10 .shift/r 4, L_0x7fe83bd44cc0, L_0x556645445150;
L_0x556645444e50 .part L_0x556645444d10, 0, 1;
LS_0x556645444f90_0_0 .concat [ 1 1 1 1], L_0x556645445500, L_0x5566454464d0, L_0x556645445d90, v0x556645422f70_0;
LS_0x556645444f90_0_4 .concat [ 1 0 0 0], L_0x5566454460b0;
L_0x556645444f90 .concat [ 4 1 0 0], LS_0x556645444f90_0_0, LS_0x556645444f90_0_4;
L_0x556645445070 .shift/r 32, L_0x7fe83bd44d08, L_0x556645444f90;
L_0x5566454451f0 .part L_0x556645445070, 0, 1;
LS_0x5566454452e0_0_0 .concat [ 1 1 1 1], L_0x55664543ddf0, L_0x55664543bff0, L_0x55664543e410, L_0x5566454456a0;
LS_0x5566454452e0_0_4 .concat [ 1 1 0 0], L_0x5566454459c0, L_0x556645443a60;
L_0x5566454452e0 .concat [ 4 2 0 0], LS_0x5566454452e0_0_0, LS_0x5566454452e0_0_4;
L_0x5566454453e0 .shift/r 64, L_0x7fe83bd44d50, L_0x5566454452e0;
L_0x556645445500 .part L_0x5566454453e0, 0, 1;
L_0x556645445b30 .concat [ 1 1 1 0], L_0x556645448b30, L_0x5566454498a0, L_0x556645441650;
L_0x556645445cf0 .shift/r 8, L_0x7fe83bd44d98, L_0x556645445b30;
L_0x5566454456a0 .part L_0x556645445cf0, 0, 1;
L_0x5566454457e0 .concat [ 1 1 0 0], L_0x556645448b30, L_0x5566454498a0;
L_0x556645445880 .shift/r 4, L_0x7fe83bd44de0, L_0x5566454457e0;
L_0x5566454459c0 .part L_0x556645445880, 0, 1;
L_0x556645446250 .concat [ 1 1 0 0], L_0x5566454488a0, L_0x556645449940;
L_0x556645446390 .shift/r 4, L_0x7fe83bd44e28, L_0x556645446250;
L_0x556645445d90 .part L_0x556645446390, 0, 1;
L_0x556645445ed0 .concat [ 1 1 0 0], L_0x556645448800, L_0x556645449800;
L_0x556645445f70 .shift/r 4, L_0x7fe83bd44e70, L_0x556645445ed0;
L_0x5566454460b0 .part L_0x556645445f70, 0, 1;
L_0x5566454469c0 .concat [ 1 1 1 1], L_0x5566454488a0, L_0x556645449940, L_0x556645448940, L_0x5566454499e0;
L_0x556645446a60 .shift/r 16, L_0x7fe83bd44eb8, L_0x5566454469c0;
L_0x5566454464d0 .part L_0x556645446a60, 0, 1;
LS_0x556645446610_0_0 .concat [ 1 1 1 1], L_0x556645444bd0, L_0x556645444e50, L_0x556645447250, L_0x556645446b50;
LS_0x556645446610_0_4 .concat [ 1 1 0 0], v0x556645422f70_0, L_0x556645446e70;
L_0x556645446610 .concat [ 4 2 0 0], LS_0x556645446610_0_0, LS_0x556645446610_0_4;
L_0x5566454466f0 .shift/r 64, L_0x7fe83bd44f00, L_0x556645446610;
L_0x556645446830 .part L_0x5566454466f0, 0, 1;
L_0x556645446920 .concat [ 1 1 0 0], L_0x556645448800, L_0x556645449800;
L_0x556645447110 .shift/r 4, L_0x7fe83bd44f48, L_0x556645446920;
L_0x556645446b50 .part L_0x556645447110, 0, 1;
L_0x556645446c90 .concat [ 1 1 0 0], L_0x5566454486a0, L_0x5566454496d0;
L_0x556645446d30 .shift/r 4, L_0x7fe83bd44f90, L_0x556645446c90;
L_0x556645446e70 .part L_0x556645446d30, 0, 1;
L_0x556645446fb0 .concat [ 1 1 1 1], L_0x556645448800, L_0x556645449800, L_0x5566454488a0, L_0x556645449940;
L_0x5566454478c0 .shift/r 16, L_0x7fe83bd44fd8, L_0x556645446fb0;
L_0x556645447250 .part L_0x5566454478c0, 0, 1;
LS_0x556645447390_0_0 .concat [ 1 1 1 1], L_0x556645445500, L_0x5566454464d0, L_0x556645447960, L_0x556645445d90;
LS_0x556645447390_0_4 .concat [ 1 1 0 0], L_0x5566454460b0, L_0x556645447c80;
L_0x556645447390 .concat [ 4 2 0 0], LS_0x556645447390_0_0, LS_0x556645447390_0_4;
L_0x556645447470 .shift/r 64, L_0x7fe83bd45020, L_0x556645447390;
L_0x5566454475b0 .part L_0x556645447470, 0, 1;
L_0x5566454476a0 .concat [ 1 1 1 1], L_0x5566454486a0, L_0x5566454496d0, L_0x556645448800, L_0x556645449800;
L_0x556645448050 .shift/r 16, L_0x7fe83bd45068, L_0x5566454476a0;
L_0x556645447960 .part L_0x556645448050, 0, 1;
L_0x556645447aa0 .concat [ 1 1 1 0], L_0x5566454486a0, L_0x5566454496d0, v0x556645422f70_0;
L_0x556645447b40 .shift/r 8, L_0x7fe83bd450b0, L_0x556645447aa0;
L_0x556645447c80 .part L_0x556645447b40, 0, 1;
    .scope S_0x5566453efa50;
T_0 ;
    %wait E_0x55664539ec10;
    %load/vec4 v0x55664541e940_0;
    %assign/vec4 v0x5566453fede0_0, 0;
    %jmp T_0;
    .thread T_0;
    .scope S_0x5566453efa50;
T_1 ;
    %wait E_0x55664539ec10;
    %load/vec4 v0x55664541f000_0;
    %assign/vec4 v0x556645412410_0, 0;
    %jmp T_1;
    .thread T_1;
    .scope S_0x5566453efa50;
T_2 ;
    %wait E_0x55664539ec10;
    %load/vec4 v0x55664541f0c0_0;
    %assign/vec4 v0x5566453ff4c0_0, 0;
    %jmp T_2;
    .thread T_2;
    .scope S_0x5566453efa50;
T_3 ;
    %wait E_0x55664539ec10;
    %load/vec4 v0x55664541f180_0;
    %assign/vec4 v0x5566453ff830_0, 0;
    %jmp T_3;
    .thread T_3;
    .scope S_0x5566453efa50;
T_4 ;
    %wait E_0x55664539ec10;
    %load/vec4 v0x55664541f240_0;
    %assign/vec4 v0x5566453ffba0_0, 0;
    %jmp T_4;
    .thread T_4;
    .scope S_0x5566453efa50;
T_5 ;
    %wait E_0x55664539ec10;
    %load/vec4 v0x55664541f300_0;
    %assign/vec4 v0x5566453fff10_0, 0;
    %jmp T_5;
    .thread T_5;
    .scope S_0x5566453efa50;
T_6 ;
    %wait E_0x55664539ec10;
    %load/vec4 v0x55664541f3c0_0;
    %assign/vec4 v0x556645400280_0, 0;
    %jmp T_6;
    .thread T_6;
    .scope S_0x5566453efa50;
T_7 ;
    %wait E_0x55664539ec10;
    %load/vec4 v0x55664541f480_0;
    %assign/vec4 v0x556645411d50_0, 0;
    %jmp T_7;
    .thread T_7;
    .scope S_0x5566453efa50;
T_8 ;
    %wait E_0x55664539ec10;
    %load/vec4 v0x55664541f540_0;
    %assign/vec4 v0x556645411e10_0, 0;
    %jmp T_8;
    .thread T_8;
    .scope S_0x5566453efa50;
T_9 ;
    %wait E_0x55664539ec10;
    %load/vec4 v0x55664541ea00_0;
    %assign/vec4 v0x5566453ff150_0, 0;
    %jmp T_9;
    .thread T_9;
    .scope S_0x5566453efa50;
T_10 ;
    %wait E_0x55664539ec10;
    %load/vec4 v0x55664541eac0_0;
    %assign/vec4 v0x556645411ed0_0, 0;
    %jmp T_10;
    .thread T_10;
    .scope S_0x5566453efa50;
T_11 ;
    %wait E_0x55664539ec10;
    %load/vec4 v0x55664541eb80_0;
    %assign/vec4 v0x556645411f90_0, 0;
    %jmp T_11;
    .thread T_11;
    .scope S_0x5566453efa50;
T_12 ;
    %wait E_0x55664539ec10;
    %load/vec4 v0x55664541ec40_0;
    %assign/vec4 v0x556645412050_0, 0;
    %jmp T_12;
    .thread T_12;
    .scope S_0x5566453efa50;
T_13 ;
    %wait E_0x55664539ec10;
    %load/vec4 v0x55664541ed00_0;
    %assign/vec4 v0x556645412110_0, 0;
    %jmp T_13;
    .thread T_13;
    .scope S_0x5566453efa50;
T_14 ;
    %wait E_0x55664539ec10;
    %load/vec4 v0x55664541edc0_0;
    %assign/vec4 v0x5566454121d0_0, 0;
    %jmp T_14;
    .thread T_14;
    .scope S_0x5566453efa50;
T_15 ;
    %wait E_0x55664539ec10;
    %load/vec4 v0x55664541ee80_0;
    %assign/vec4 v0x556645412290_0, 0;
    %jmp T_15;
    .thread T_15;
    .scope S_0x5566453efa50;
T_16 ;
    %wait E_0x55664539ec10;
    %load/vec4 v0x55664541ef40_0;
    %assign/vec4 v0x556645412350_0, 0;
    %jmp T_16;
    .thread T_16;
    .scope S_0x5566453f8da0;
T_17 ;
    %delay 5, 0;
    %load/vec4 v0x556645422bd0_0;
    %inv;
    %store/vec4 v0x556645422bd0_0, 0, 1;
    %jmp T_17;
    .thread T_17;
    .scope S_0x5566453f8da0;
T_18 ;
    %pushi/vec4 0, 0, 1;
    %store/vec4 v0x556645422bd0_0, 0, 1;
    %pushi/vec4 1, 0, 1;
    %store/vec4 v0x556645422f70_0, 0, 1;
    %pushi/vec4 0, 0, 16;
    %store/vec4 v0x5566454229f0_0, 0, 16;
    %pushi/vec4 0, 0, 16;
    %store/vec4 v0x556645422af0_0, 0, 16;
    %vpi_call 2 43 "$readmemh", "memA.dat", v0x556645422d10 {0 0 0};
    %vpi_call 2 44 "$readmemh", "memB.dat", v0x556645422dd0 {0 0 0};
    %vpi_func 2 47 "$fopen" 32, "output_sum.txt", "w" {0 0 0};
    %store/vec4 v0x556645422e90_0, 0, 32;
    %delay 10, 0;
    %pushi/vec4 0, 0, 1;
    %store/vec4 v0x556645422f70_0, 0, 1;
    %pushi/vec4 0, 0, 32;
    %store/vec4 v0x556645422c70_0, 0, 32;
T_18.0 ;
    %load/vec4 v0x556645422c70_0;
    %cmpi/s 1000000, 0, 32;
    %jmp/0xz T_18.1, 5;
    %ix/getv/s 4, v0x556645422c70_0;
    %load/vec4a v0x556645422d10, 4;
    %store/vec4 v0x5566454229f0_0, 0, 16;
    %ix/getv/s 4, v0x556645422c70_0;
    %load/vec4a v0x556645422dd0, 4;
    %store/vec4 v0x556645422af0_0, 0, 16;
    %delay 10, 0;
    %vpi_call 2 57 "$fwrite", v0x556645422e90_0, "%h\012", v0x556645423010_0 {0 0 0};
    %load/vec4 v0x556645422c70_0;
    %addi 1, 0, 32;
    %store/vec4 v0x556645422c70_0, 0, 32;
    %jmp T_18.0;
T_18.1 ;
    %vpi_call 2 61 "$fclose", v0x556645422e90_0 {0 0 0};
    %delay 10, 0;
    %vpi_call 2 64 "$finish" {0 0 0};
    %end;
    .thread T_18;
# The file index is used to find the file name in the following table.
:file_names 4;
    "N/A";
    "<interactive>";
    "ks_tb.v";
    "KS_16b_aprox_6.v";
