#Timing report of worst 34 path(s)
# Unit scale: 1e-09 seconds
# Output precision: 3

#Path 1
Startpoint: a~2.inpad[0] (.input clocked by clk)
Endpoint  : sum~2.D[0] (.latch clocked by clk)
Path Type : hold

Point                                                             Incr      Path
--------------------------------------------------------------------------------
clock clk (rise edge)                                            0.000     0.000
clock source latency                                             0.000     0.000
input external delay                                             0.000     0.000
a~2.inpad[0] (.input)                                            0.000     0.000
sum~2.D[0] (.latch)                                              0.262     0.262
data arrival time                                                          0.262

clock clk (rise edge)                                            0.000     0.000
clock source latency                                             0.000     0.000
clk.inpad[0] (.input)                                            0.000     0.000
sum~2.clk[0] (.latch)                                            0.000     0.000
clock uncertainty                                                0.000     0.000
cell hold time                                                   0.066     0.066
data required time                                                         0.066
--------------------------------------------------------------------------------
data required time                                                        -0.066
data arrival time                                                          0.262
--------------------------------------------------------------------------------
slack (MET)                                                                0.196


#Path 2
Startpoint: a~3.inpad[0] (.input clocked by clk)
Endpoint  : sum~3.D[0] (.latch clocked by clk)
Path Type : hold

Point                                                             Incr      Path
--------------------------------------------------------------------------------
clock clk (rise edge)                                            0.000     0.000
clock source latency                                             0.000     0.000
input external delay                                             0.000     0.000
a~3.inpad[0] (.input)                                            0.000     0.000
sum~3.D[0] (.latch)                                              0.266     0.266
data arrival time                                                          0.266

clock clk (rise edge)                                            0.000     0.000
clock source latency                                             0.000     0.000
clk.inpad[0] (.input)                                            0.000     0.000
sum~3.clk[0] (.latch)                                            0.000     0.000
clock uncertainty                                                0.000     0.000
cell hold time                                                   0.066     0.066
data required time                                                         0.066
--------------------------------------------------------------------------------
data required time                                                        -0.066
data arrival time                                                          0.266
--------------------------------------------------------------------------------
slack (MET)                                                                0.200


#Path 3
Startpoint: a~0.inpad[0] (.input clocked by clk)
Endpoint  : sum~0.D[0] (.latch clocked by clk)
Path Type : hold

Point                                                             Incr      Path
--------------------------------------------------------------------------------
clock clk (rise edge)                                            0.000     0.000
clock source latency                                             0.000     0.000
input external delay                                             0.000     0.000
a~0.inpad[0] (.input)                                            0.000     0.000
sum~0.D[0] (.latch)                                              0.305     0.305
data arrival time                                                          0.305

clock clk (rise edge)                                            0.000     0.000
clock source latency                                             0.000     0.000
clk.inpad[0] (.input)                                            0.000     0.000
sum~0.clk[0] (.latch)                                            0.000     0.000
clock uncertainty                                                0.000     0.000
cell hold time                                                   0.066     0.066
data required time                                                         0.066
--------------------------------------------------------------------------------
data required time                                                        -0.066
data arrival time                                                          0.305
--------------------------------------------------------------------------------
slack (MET)                                                                0.239


#Path 4
Startpoint: a~1.inpad[0] (.input clocked by clk)
Endpoint  : sum~1.D[0] (.latch clocked by clk)
Path Type : hold

Point                                                             Incr      Path
--------------------------------------------------------------------------------
clock clk (rise edge)                                            0.000     0.000
clock source latency                                             0.000     0.000
input external delay                                             0.000     0.000
a~1.inpad[0] (.input)                                            0.000     0.000
sum~1.D[0] (.latch)                                              0.321     0.321
data arrival time                                                          0.321

clock clk (rise edge)                                            0.000     0.000
clock source latency                                             0.000     0.000
clk.inpad[0] (.input)                                            0.000     0.000
sum~1.clk[0] (.latch)                                            0.000     0.000
clock uncertainty                                                0.000     0.000
cell hold time                                                   0.066     0.066
data required time                                                         0.066
--------------------------------------------------------------------------------
data required time                                                        -0.066
data arrival time                                                          0.321
--------------------------------------------------------------------------------
slack (MET)                                                                0.255


#Path 5
Startpoint: sum~9.Q[0] (.latch clocked by clk)
Endpoint  : out:sum~9.outpad[0] (.output clocked by clk)
Path Type : hold

Point                                                             Incr      Path
--------------------------------------------------------------------------------
clock clk (rise edge)                                            0.000     0.000
clock source latency                                             0.000     0.000
clk.inpad[0] (.input)                                            0.000     0.000
sum~9.clk[0] (.latch)                                            0.000     0.000
sum~9.Q[0] (.latch) [clock-to-output]                            0.124     0.124
out:sum~9.outpad[0] (.output)                                    0.150     0.274
data arrival time                                                          0.274

clock clk (rise edge)                                            0.000     0.000
clock source latency                                             0.000     0.000
clock uncertainty                                                0.000     0.000
output external delay                                            0.000     0.000
data required time                                                         0.000
--------------------------------------------------------------------------------
data required time                                                        -0.000
data arrival time                                                          0.274
--------------------------------------------------------------------------------
slack (MET)                                                                0.274


#Path 6
Startpoint: sum~7.Q[0] (.latch clocked by clk)
Endpoint  : out:sum~7.outpad[0] (.output clocked by clk)
Path Type : hold

Point                                                             Incr      Path
--------------------------------------------------------------------------------
clock clk (rise edge)                                            0.000     0.000
clock source latency                                             0.000     0.000
clk.inpad[0] (.input)                                            0.000     0.000
sum~7.clk[0] (.latch)                                            0.000     0.000
sum~7.Q[0] (.latch) [clock-to-output]                            0.124     0.124
out:sum~7.outpad[0] (.output)                                    0.166     0.290
data arrival time                                                          0.290

clock clk (rise edge)                                            0.000     0.000
clock source latency                                             0.000     0.000
clock uncertainty                                                0.000     0.000
output external delay                                            0.000     0.000
data required time                                                         0.000
--------------------------------------------------------------------------------
data required time                                                        -0.000
data arrival time                                                          0.290
--------------------------------------------------------------------------------
slack (MET)                                                                0.290


#Path 7
Startpoint: a~6.inpad[0] (.input clocked by clk)
Endpoint  : sum~6.D[0] (.latch clocked by clk)
Path Type : hold

Point                                                             Incr      Path
--------------------------------------------------------------------------------
clock clk (rise edge)                                            0.000     0.000
clock source latency                                             0.000     0.000
input external delay                                             0.000     0.000
a~6.inpad[0] (.input)                                            0.000     0.000
n128.in[3] (.names)                                              0.169     0.169
n128.out[0] (.names)                                             0.235     0.404
sum~6.D[0] (.latch)                                              0.000     0.404
data arrival time                                                          0.404

clock clk (rise edge)                                            0.000     0.000
clock source latency                                             0.000     0.000
clk.inpad[0] (.input)                                            0.000     0.000
sum~6.clk[0] (.latch)                                            0.000     0.000
clock uncertainty                                                0.000     0.000
cell hold time                                                   0.066     0.066
data required time                                                         0.066
--------------------------------------------------------------------------------
data required time                                                        -0.066
data arrival time                                                          0.404
--------------------------------------------------------------------------------
slack (MET)                                                                0.338


#Path 8
Startpoint: b~9.inpad[0] (.input clocked by clk)
Endpoint  : sum~9.D[0] (.latch clocked by clk)
Path Type : hold

Point                                                             Incr      Path
--------------------------------------------------------------------------------
clock clk (rise edge)                                            0.000     0.000
clock source latency                                             0.000     0.000
input external delay                                             0.000     0.000
b~9.inpad[0] (.input)                                            0.000     0.000
n140.in[2] (.names)                                              0.170     0.170
n140.out[0] (.names)                                             0.235     0.405
sum~9.D[0] (.latch)                                              0.000     0.405
data arrival time                                                          0.405

clock clk (rise edge)                                            0.000     0.000
clock source latency                                             0.000     0.000
clk.inpad[0] (.input)                                            0.000     0.000
sum~9.clk[0] (.latch)                                            0.000     0.000
clock uncertainty                                                0.000     0.000
cell hold time                                                   0.066     0.066
data required time                                                         0.066
--------------------------------------------------------------------------------
data required time                                                        -0.066
data arrival time                                                          0.405
--------------------------------------------------------------------------------
slack (MET)                                                                0.339


#Path 9
Startpoint: a~7.inpad[0] (.input clocked by clk)
Endpoint  : sum~7.D[0] (.latch clocked by clk)
Path Type : hold

Point                                                             Incr      Path
--------------------------------------------------------------------------------
clock clk (rise edge)                                            0.000     0.000
clock source latency                                             0.000     0.000
input external delay                                             0.000     0.000
a~7.inpad[0] (.input)                                            0.000     0.000
n132.in[2] (.names)                                              0.170     0.170
n132.out[0] (.names)                                             0.235     0.405
sum~7.D[0] (.latch)                                              0.000     0.405
data arrival time                                                          0.405

clock clk (rise edge)                                            0.000     0.000
clock source latency                                             0.000     0.000
clk.inpad[0] (.input)                                            0.000     0.000
sum~7.clk[0] (.latch)                                            0.000     0.000
clock uncertainty                                                0.000     0.000
cell hold time                                                   0.066     0.066
data required time                                                         0.066
--------------------------------------------------------------------------------
data required time                                                        -0.066
data arrival time                                                          0.405
--------------------------------------------------------------------------------
slack (MET)                                                                0.339


#Path 10
Startpoint: b~5.inpad[0] (.input clocked by clk)
Endpoint  : sum~5.D[0] (.latch clocked by clk)
Path Type : hold

Point                                                             Incr      Path
--------------------------------------------------------------------------------
clock clk (rise edge)                                            0.000     0.000
clock source latency                                             0.000     0.000
input external delay                                             0.000     0.000
b~5.inpad[0] (.input)                                            0.000     0.000
n124.in[3] (.names)                                              0.170     0.170
n124.out[0] (.names)                                             0.235     0.405
sum~5.D[0] (.latch)                                              0.000     0.405
data arrival time                                                          0.405

clock clk (rise edge)                                            0.000     0.000
clock source latency                                             0.000     0.000
clk.inpad[0] (.input)                                            0.000     0.000
sum~5.clk[0] (.latch)                                            0.000     0.000
clock uncertainty                                                0.000     0.000
cell hold time                                                   0.066     0.066
data required time                                                         0.066
--------------------------------------------------------------------------------
data required time                                                        -0.066
data arrival time                                                          0.405
--------------------------------------------------------------------------------
slack (MET)                                                                0.339


#Path 11
Startpoint: rst.inpad[0] (.input clocked by clk)
Endpoint  : sum~13.D[0] (.latch clocked by clk)
Path Type : hold

Point                                                             Incr      Path
--------------------------------------------------------------------------------
clock clk (rise edge)                                            0.000     0.000
clock source latency                                             0.000     0.000
input external delay                                             0.000     0.000
rst.inpad[0] (.input)                                            0.000     0.000
n156.in[0] (.names)                                              0.171     0.171
n156.out[0] (.names)                                             0.235     0.406
sum~13.D[0] (.latch)                                             0.000     0.406
data arrival time                                                          0.406

clock clk (rise edge)                                            0.000     0.000
clock source latency                                             0.000     0.000
clk.inpad[0] (.input)                                            0.000     0.000
sum~13.clk[0] (.latch)                                           0.000     0.000
clock uncertainty                                                0.000     0.000
cell hold time                                                   0.066     0.066
data required time                                                         0.066
--------------------------------------------------------------------------------
data required time                                                        -0.066
data arrival time                                                          0.406
--------------------------------------------------------------------------------
slack (MET)                                                                0.340


#Path 12
Startpoint: rst.inpad[0] (.input clocked by clk)
Endpoint  : sum~11.D[0] (.latch clocked by clk)
Path Type : hold

Point                                                             Incr      Path
--------------------------------------------------------------------------------
clock clk (rise edge)                                            0.000     0.000
clock source latency                                             0.000     0.000
input external delay                                             0.000     0.000
rst.inpad[0] (.input)                                            0.000     0.000
n148.in[0] (.names)                                              0.171     0.171
n148.out[0] (.names)                                             0.235     0.406
sum~11.D[0] (.latch)                                             0.000     0.406
data arrival time                                                          0.406

clock clk (rise edge)                                            0.000     0.000
clock source latency                                             0.000     0.000
clk.inpad[0] (.input)                                            0.000     0.000
sum~11.clk[0] (.latch)                                           0.000     0.000
clock uncertainty                                                0.000     0.000
cell hold time                                                   0.066     0.066
data required time                                                         0.066
--------------------------------------------------------------------------------
data required time                                                        -0.066
data arrival time                                                          0.406
--------------------------------------------------------------------------------
slack (MET)                                                                0.340


#Path 13
Startpoint: b~8.inpad[0] (.input clocked by clk)
Endpoint  : sum~8.D[0] (.latch clocked by clk)
Path Type : hold

Point                                                             Incr      Path
--------------------------------------------------------------------------------
clock clk (rise edge)                                            0.000     0.000
clock source latency                                             0.000     0.000
input external delay                                             0.000     0.000
b~8.inpad[0] (.input)                                            0.000     0.000
n136.in[3] (.names)                                              0.171     0.171
n136.out[0] (.names)                                             0.235     0.406
sum~8.D[0] (.latch)                                              0.000     0.406
data arrival time                                                          0.406

clock clk (rise edge)                                            0.000     0.000
clock source latency                                             0.000     0.000
clk.inpad[0] (.input)                                            0.000     0.000
sum~8.clk[0] (.latch)                                            0.000     0.000
clock uncertainty                                                0.000     0.000
cell hold time                                                   0.066     0.066
data required time                                                         0.066
--------------------------------------------------------------------------------
data required time                                                        -0.066
data arrival time                                                          0.406
--------------------------------------------------------------------------------
slack (MET)                                                                0.340


#Path 14
Startpoint: b~10.inpad[0] (.input clocked by clk)
Endpoint  : sum~10.D[0] (.latch clocked by clk)
Path Type : hold

Point                                                             Incr      Path
--------------------------------------------------------------------------------
clock clk (rise edge)                                            0.000     0.000
clock source latency                                             0.000     0.000
input external delay                                             0.000     0.000
b~10.inpad[0] (.input)                                           0.000     0.000
n144.in[4] (.names)                                              0.150     0.150
n144.out[0] (.names)                                             0.261     0.411
sum~10.D[0] (.latch)                                             0.000     0.411
data arrival time                                                          0.411

clock clk (rise edge)                                            0.000     0.000
clock source latency                                             0.000     0.000
clk.inpad[0] (.input)                                            0.000     0.000
sum~10.clk[0] (.latch)                                           0.000     0.000
clock uncertainty                                                0.000     0.000
cell hold time                                                   0.066     0.066
data required time                                                         0.066
--------------------------------------------------------------------------------
data required time                                                        -0.066
data arrival time                                                          0.411
--------------------------------------------------------------------------------
slack (MET)                                                                0.345


#Path 15
Startpoint: sum~5.Q[0] (.latch clocked by clk)
Endpoint  : out:sum~5.outpad[0] (.output clocked by clk)
Path Type : hold

Point                                                             Incr      Path
--------------------------------------------------------------------------------
clock clk (rise edge)                                            0.000     0.000
clock source latency                                             0.000     0.000
clk.inpad[0] (.input)                                            0.000     0.000
sum~5.clk[0] (.latch)                                            0.000     0.000
sum~5.Q[0] (.latch) [clock-to-output]                            0.124     0.124
out:sum~5.outpad[0] (.output)                                    0.225     0.349
data arrival time                                                          0.349

clock clk (rise edge)                                            0.000     0.000
clock source latency                                             0.000     0.000
clock uncertainty                                                0.000     0.000
output external delay                                            0.000     0.000
data required time                                                         0.000
--------------------------------------------------------------------------------
data required time                                                        -0.000
data arrival time                                                          0.349
--------------------------------------------------------------------------------
slack (MET)                                                                0.349


#Path 16
Startpoint: rst.inpad[0] (.input clocked by clk)
Endpoint  : sum~14.D[0] (.latch clocked by clk)
Path Type : hold

Point                                                             Incr      Path
--------------------------------------------------------------------------------
clock clk (rise edge)                                            0.000     0.000
clock source latency                                             0.000     0.000
input external delay                                             0.000     0.000
rst.inpad[0] (.input)                                            0.000     0.000
n160.in[3] (.names)                                              0.171     0.171
n160.out[0] (.names)                                             0.261     0.432
sum~14.D[0] (.latch)                                             0.000     0.432
data arrival time                                                          0.432

clock clk (rise edge)                                            0.000     0.000
clock source latency                                             0.000     0.000
clk.inpad[0] (.input)                                            0.000     0.000
sum~14.clk[0] (.latch)                                           0.000     0.000
clock uncertainty                                                0.000     0.000
cell hold time                                                   0.066     0.066
data required time                                                         0.066
--------------------------------------------------------------------------------
data required time                                                        -0.066
data arrival time                                                          0.432
--------------------------------------------------------------------------------
slack (MET)                                                                0.366


#Path 17
Startpoint: sum~6.Q[0] (.latch clocked by clk)
Endpoint  : out:sum~6.outpad[0] (.output clocked by clk)
Path Type : hold

Point                                                             Incr      Path
--------------------------------------------------------------------------------
clock clk (rise edge)                                            0.000     0.000
clock source latency                                             0.000     0.000
clk.inpad[0] (.input)                                            0.000     0.000
sum~6.clk[0] (.latch)                                            0.000     0.000
sum~6.Q[0] (.latch) [clock-to-output]                            0.124     0.124
out:sum~6.outpad[0] (.output)                                    0.244     0.368
data arrival time                                                          0.368

clock clk (rise edge)                                            0.000     0.000
clock source latency                                             0.000     0.000
clock uncertainty                                                0.000     0.000
output external delay                                            0.000     0.000
data required time                                                         0.000
--------------------------------------------------------------------------------
data required time                                                        -0.000
data arrival time                                                          0.368
--------------------------------------------------------------------------------
slack (MET)                                                                0.368


#Path 18
Startpoint: sum~13.Q[0] (.latch clocked by clk)
Endpoint  : out:sum~13.outpad[0] (.output clocked by clk)
Path Type : hold

Point                                                             Incr      Path
--------------------------------------------------------------------------------
clock clk (rise edge)                                            0.000     0.000
clock source latency                                             0.000     0.000
clk.inpad[0] (.input)                                            0.000     0.000
sum~13.clk[0] (.latch)                                           0.000     0.000
sum~13.Q[0] (.latch) [clock-to-output]                           0.124     0.124
out:sum~13.outpad[0] (.output)                                   0.261     0.385
data arrival time                                                          0.385

clock clk (rise edge)                                            0.000     0.000
clock source latency                                             0.000     0.000
clock uncertainty                                                0.000     0.000
output external delay                                            0.000     0.000
data required time                                                         0.000
--------------------------------------------------------------------------------
data required time                                                        -0.000
data arrival time                                                          0.385
--------------------------------------------------------------------------------
slack (MET)                                                                0.385


#Path 19
Startpoint: a~12.inpad[0] (.input clocked by clk)
Endpoint  : sum~12.D[0] (.latch clocked by clk)
Path Type : hold

Point                                                             Incr      Path
--------------------------------------------------------------------------------
clock clk (rise edge)                                            0.000     0.000
clock source latency                                             0.000     0.000
input external delay                                             0.000     0.000
a~12.inpad[0] (.input)                                           0.000     0.000
n152.in[5] (.names)                                              0.226     0.226
n152.out[0] (.names)                                             0.261     0.487
sum~12.D[0] (.latch)                                             0.000     0.487
data arrival time                                                          0.487

clock clk (rise edge)                                            0.000     0.000
clock source latency                                             0.000     0.000
clk.inpad[0] (.input)                                            0.000     0.000
sum~12.clk[0] (.latch)                                           0.000     0.000
clock uncertainty                                                0.000     0.000
cell hold time                                                   0.066     0.066
data required time                                                         0.066
--------------------------------------------------------------------------------
data required time                                                        -0.066
data arrival time                                                          0.487
--------------------------------------------------------------------------------
slack (MET)                                                                0.421


#Path 20
Startpoint: sum~15.Q[0] (.latch clocked by clk)
Endpoint  : out:sum~15.outpad[0] (.output clocked by clk)
Path Type : hold

Point                                                             Incr      Path
--------------------------------------------------------------------------------
clock clk (rise edge)                                            0.000     0.000
clock source latency                                             0.000     0.000
clk.inpad[0] (.input)                                            0.000     0.000
sum~15.clk[0] (.latch)                                           0.000     0.000
sum~15.Q[0] (.latch) [clock-to-output]                           0.124     0.124
out:sum~15.outpad[0] (.output)                                   0.302     0.426
data arrival time                                                          0.426

clock clk (rise edge)                                            0.000     0.000
clock source latency                                             0.000     0.000
clock uncertainty                                                0.000     0.000
output external delay                                            0.000     0.000
data required time                                                         0.000
--------------------------------------------------------------------------------
data required time                                                        -0.000
data arrival time                                                          0.426
--------------------------------------------------------------------------------
slack (MET)                                                                0.426


#Path 21
Startpoint: rst.inpad[0] (.input clocked by clk)
Endpoint  : sum~15.D[0] (.latch clocked by clk)
Path Type : hold

Point                                                             Incr      Path
--------------------------------------------------------------------------------
clock clk (rise edge)                                            0.000     0.000
clock source latency                                             0.000     0.000
input external delay                                             0.000     0.000
rst.inpad[0] (.input)                                            0.000     0.000
n164.in[0] (.names)                                              0.265     0.265
n164.out[0] (.names)                                             0.235     0.500
sum~15.D[0] (.latch)                                             0.000     0.500
data arrival time                                                          0.500

clock clk (rise edge)                                            0.000     0.000
clock source latency                                             0.000     0.000
clk.inpad[0] (.input)                                            0.000     0.000
sum~15.clk[0] (.latch)                                           0.000     0.000
clock uncertainty                                                0.000     0.000
cell hold time                                                   0.066     0.066
data required time                                                         0.066
--------------------------------------------------------------------------------
data required time                                                        -0.066
data arrival time                                                          0.500
--------------------------------------------------------------------------------
slack (MET)                                                                0.434


#Path 22
Startpoint: rst.inpad[0] (.input clocked by clk)
Endpoint  : cout.D[0] (.latch clocked by clk)
Path Type : hold

Point                                                             Incr      Path
--------------------------------------------------------------------------------
clock clk (rise edge)                                            0.000     0.000
clock source latency                                             0.000     0.000
input external delay                                             0.000     0.000
rst.inpad[0] (.input)                                            0.000     0.000
n168.in[3] (.names)                                              0.265     0.265
n168.out[0] (.names)                                             0.235     0.500
cout.D[0] (.latch)                                               0.000     0.500
data arrival time                                                          0.500

clock clk (rise edge)                                            0.000     0.000
clock source latency                                             0.000     0.000
clk.inpad[0] (.input)                                            0.000     0.000
cout.clk[0] (.latch)                                             0.000     0.000
clock uncertainty                                                0.000     0.000
cell hold time                                                   0.066     0.066
data required time                                                         0.066
--------------------------------------------------------------------------------
data required time                                                        -0.066
data arrival time                                                          0.500
--------------------------------------------------------------------------------
slack (MET)                                                                0.434


#Path 23
Startpoint: b~3.inpad[0] (.input clocked by clk)
Endpoint  : sum~4.D[0] (.latch clocked by clk)
Path Type : hold

Point                                                             Incr      Path
--------------------------------------------------------------------------------
clock clk (rise edge)                                            0.000     0.000
clock source latency                                             0.000     0.000
input external delay                                             0.000     0.000
b~3.inpad[0] (.input)                                            0.000     0.000
n120.in[2] (.names)                                              0.245     0.245
n120.out[0] (.names)                                             0.261     0.506
sum~4.D[0] (.latch)                                              0.000     0.506
data arrival time                                                          0.506

clock clk (rise edge)                                            0.000     0.000
clock source latency                                             0.000     0.000
clk.inpad[0] (.input)                                            0.000     0.000
sum~4.clk[0] (.latch)                                            0.000     0.000
clock uncertainty                                                0.000     0.000
cell hold time                                                   0.066     0.066
data required time                                                         0.066
--------------------------------------------------------------------------------
data required time                                                        -0.066
data arrival time                                                          0.506
--------------------------------------------------------------------------------
slack (MET)                                                                0.440


#Path 24
Startpoint: sum~11.Q[0] (.latch clocked by clk)
Endpoint  : out:sum~11.outpad[0] (.output clocked by clk)
Path Type : hold

Point                                                             Incr      Path
--------------------------------------------------------------------------------
clock clk (rise edge)                                            0.000     0.000
clock source latency                                             0.000     0.000
clk.inpad[0] (.input)                                            0.000     0.000
sum~11.clk[0] (.latch)                                           0.000     0.000
sum~11.Q[0] (.latch) [clock-to-output]                           0.124     0.124
out:sum~11.outpad[0] (.output)                                   0.319     0.443
data arrival time                                                          0.443

clock clk (rise edge)                                            0.000     0.000
clock source latency                                             0.000     0.000
clock uncertainty                                                0.000     0.000
output external delay                                            0.000     0.000
data required time                                                         0.000
--------------------------------------------------------------------------------
data required time                                                        -0.000
data arrival time                                                          0.443
--------------------------------------------------------------------------------
slack (MET)                                                                0.443


#Path 25
Startpoint: sum~0.Q[0] (.latch clocked by clk)
Endpoint  : out:sum~0.outpad[0] (.output clocked by clk)
Path Type : hold

Point                                                             Incr      Path
--------------------------------------------------------------------------------
clock clk (rise edge)                                            0.000     0.000
clock source latency                                             0.000     0.000
clk.inpad[0] (.input)                                            0.000     0.000
sum~0.clk[0] (.latch)                                            0.000     0.000
sum~0.Q[0] (.latch) [clock-to-output]                            0.124     0.124
out:sum~0.outpad[0] (.output)                                    0.319     0.443
data arrival time                                                          0.443

clock clk (rise edge)                                            0.000     0.000
clock source latency                                             0.000     0.000
clock uncertainty                                                0.000     0.000
output external delay                                            0.000     0.000
data required time                                                         0.000
--------------------------------------------------------------------------------
data required time                                                        -0.000
data arrival time                                                          0.443
--------------------------------------------------------------------------------
slack (MET)                                                                0.443


#Path 26
Startpoint: sum~10.Q[0] (.latch clocked by clk)
Endpoint  : out:sum~10.outpad[0] (.output clocked by clk)
Path Type : hold

Point                                                             Incr      Path
--------------------------------------------------------------------------------
clock clk (rise edge)                                            0.000     0.000
clock source latency                                             0.000     0.000
clk.inpad[0] (.input)                                            0.000     0.000
sum~10.clk[0] (.latch)                                           0.000     0.000
sum~10.Q[0] (.latch) [clock-to-output]                           0.124     0.124
out:sum~10.outpad[0] (.output)                                   0.323     0.447
data arrival time                                                          0.447

clock clk (rise edge)                                            0.000     0.000
clock source latency                                             0.000     0.000
clock uncertainty                                                0.000     0.000
output external delay                                            0.000     0.000
data required time                                                         0.000
--------------------------------------------------------------------------------
data required time                                                        -0.000
data arrival time                                                          0.447
--------------------------------------------------------------------------------
slack (MET)                                                                0.447


#Path 27
Startpoint: sum~2.Q[0] (.latch clocked by clk)
Endpoint  : out:sum~2.outpad[0] (.output clocked by clk)
Path Type : hold

Point                                                             Incr      Path
--------------------------------------------------------------------------------
clock clk (rise edge)                                            0.000     0.000
clock source latency                                             0.000     0.000
clk.inpad[0] (.input)                                            0.000     0.000
sum~2.clk[0] (.latch)                                            0.000     0.000
sum~2.Q[0] (.latch) [clock-to-output]                            0.124     0.124
out:sum~2.outpad[0] (.output)                                    0.324     0.448
data arrival time                                                          0.448

clock clk (rise edge)                                            0.000     0.000
clock source latency                                             0.000     0.000
clock uncertainty                                                0.000     0.000
output external delay                                            0.000     0.000
data required time                                                         0.000
--------------------------------------------------------------------------------
data required time                                                        -0.000
data arrival time                                                          0.448
--------------------------------------------------------------------------------
slack (MET)                                                                0.448


#Path 28
Startpoint: sum~12.Q[0] (.latch clocked by clk)
Endpoint  : out:sum~12.outpad[0] (.output clocked by clk)
Path Type : hold

Point                                                             Incr      Path
--------------------------------------------------------------------------------
clock clk (rise edge)                                            0.000     0.000
clock source latency                                             0.000     0.000
clk.inpad[0] (.input)                                            0.000     0.000
sum~12.clk[0] (.latch)                                           0.000     0.000
sum~12.Q[0] (.latch) [clock-to-output]                           0.124     0.124
out:sum~12.outpad[0] (.output)                                   0.337     0.461
data arrival time                                                          0.461

clock clk (rise edge)                                            0.000     0.000
clock source latency                                             0.000     0.000
clock uncertainty                                                0.000     0.000
output external delay                                            0.000     0.000
data required time                                                         0.000
--------------------------------------------------------------------------------
data required time                                                        -0.000
data arrival time                                                          0.461
--------------------------------------------------------------------------------
slack (MET)                                                                0.461


#Path 29
Startpoint: sum~8.Q[0] (.latch clocked by clk)
Endpoint  : out:sum~8.outpad[0] (.output clocked by clk)
Path Type : hold

Point                                                             Incr      Path
--------------------------------------------------------------------------------
clock clk (rise edge)                                            0.000     0.000
clock source latency                                             0.000     0.000
clk.inpad[0] (.input)                                            0.000     0.000
sum~8.clk[0] (.latch)                                            0.000     0.000
sum~8.Q[0] (.latch) [clock-to-output]                            0.124     0.124
out:sum~8.outpad[0] (.output)                                    0.418     0.542
data arrival time                                                          0.542

clock clk (rise edge)                                            0.000     0.000
clock source latency                                             0.000     0.000
clock uncertainty                                                0.000     0.000
output external delay                                            0.000     0.000
data required time                                                         0.000
--------------------------------------------------------------------------------
data required time                                                        -0.000
data arrival time                                                          0.542
--------------------------------------------------------------------------------
slack (MET)                                                                0.542


#Path 30
Startpoint: sum~4.Q[0] (.latch clocked by clk)
Endpoint  : out:sum~4.outpad[0] (.output clocked by clk)
Path Type : hold

Point                                                             Incr      Path
--------------------------------------------------------------------------------
clock clk (rise edge)                                            0.000     0.000
clock source latency                                             0.000     0.000
clk.inpad[0] (.input)                                            0.000     0.000
sum~4.clk[0] (.latch)                                            0.000     0.000
sum~4.Q[0] (.latch) [clock-to-output]                            0.124     0.124
out:sum~4.outpad[0] (.output)                                    0.419     0.543
data arrival time                                                          0.543

clock clk (rise edge)                                            0.000     0.000
clock source latency                                             0.000     0.000
clock uncertainty                                                0.000     0.000
output external delay                                            0.000     0.000
data required time                                                         0.000
--------------------------------------------------------------------------------
data required time                                                        -0.000
data arrival time                                                          0.543
--------------------------------------------------------------------------------
slack (MET)                                                                0.543


#Path 31
Startpoint: cout.Q[0] (.latch clocked by clk)
Endpoint  : out:cout.outpad[0] (.output clocked by clk)
Path Type : hold

Point                                                             Incr      Path
--------------------------------------------------------------------------------
clock clk (rise edge)                                            0.000     0.000
clock source latency                                             0.000     0.000
clk.inpad[0] (.input)                                            0.000     0.000
cout.clk[0] (.latch)                                             0.000     0.000
cout.Q[0] (.latch) [clock-to-output]                             0.124     0.124
out:cout.outpad[0] (.output)                                     0.433     0.557
data arrival time                                                          0.557

clock clk (rise edge)                                            0.000     0.000
clock source latency                                             0.000     0.000
clock uncertainty                                                0.000     0.000
output external delay                                            0.000     0.000
data required time                                                         0.000
--------------------------------------------------------------------------------
data required time                                                        -0.000
data arrival time                                                          0.557
--------------------------------------------------------------------------------
slack (MET)                                                                0.557


#Path 32
Startpoint: sum~3.Q[0] (.latch clocked by clk)
Endpoint  : out:sum~3.outpad[0] (.output clocked by clk)
Path Type : hold

Point                                                             Incr      Path
--------------------------------------------------------------------------------
clock clk (rise edge)                                            0.000     0.000
clock source latency                                             0.000     0.000
clk.inpad[0] (.input)                                            0.000     0.000
sum~3.clk[0] (.latch)                                            0.000     0.000
sum~3.Q[0] (.latch) [clock-to-output]                            0.124     0.124
out:sum~3.outpad[0] (.output)                                    0.434     0.558
data arrival time                                                          0.558

clock clk (rise edge)                                            0.000     0.000
clock source latency                                             0.000     0.000
clock uncertainty                                                0.000     0.000
output external delay                                            0.000     0.000
data required time                                                         0.000
--------------------------------------------------------------------------------
data required time                                                        -0.000
data arrival time                                                          0.558
--------------------------------------------------------------------------------
slack (MET)                                                                0.558


#Path 33
Startpoint: sum~14.Q[0] (.latch clocked by clk)
Endpoint  : out:sum~14.outpad[0] (.output clocked by clk)
Path Type : hold

Point                                                             Incr      Path
--------------------------------------------------------------------------------
clock clk (rise edge)                                            0.000     0.000
clock source latency                                             0.000     0.000
clk.inpad[0] (.input)                                            0.000     0.000
sum~14.clk[0] (.latch)                                           0.000     0.000
sum~14.Q[0] (.latch) [clock-to-output]                           0.124     0.124
out:sum~14.outpad[0] (.output)                                   0.491     0.615
data arrival time                                                          0.615

clock clk (rise edge)                                            0.000     0.000
clock source latency                                             0.000     0.000
clock uncertainty                                                0.000     0.000
output external delay                                            0.000     0.000
data required time                                                         0.000
--------------------------------------------------------------------------------
data required time                                                        -0.000
data arrival time                                                          0.615
--------------------------------------------------------------------------------
slack (MET)                                                                0.615


#Path 34
Startpoint: sum~1.Q[0] (.latch clocked by clk)
Endpoint  : out:sum~1.outpad[0] (.output clocked by clk)
Path Type : hold

Point                                                             Incr      Path
--------------------------------------------------------------------------------
clock clk (rise edge)                                            0.000     0.000
clock source latency                                             0.000     0.000
clk.inpad[0] (.input)                                            0.000     0.000
sum~1.clk[0] (.latch)                                            0.000     0.000
sum~1.Q[0] (.latch) [clock-to-output]                            0.124     0.124
out:sum~1.outpad[0] (.output)                                    0.493     0.617
data arrival time                                                          0.617

clock clk (rise edge)                                            0.000     0.000
clock source latency                                             0.000     0.000
clock uncertainty                                                0.000     0.000
output external delay                                            0.000     0.000
data required time                                                         0.000
--------------------------------------------------------------------------------
data required time                                                        -0.000
data arrival time                                                          0.617
--------------------------------------------------------------------------------
slack (MET)                                                                0.617


#End of timing report
