/usr/bin/env time -v /home/moises-leiva/vtr-verilog-to-routing/vtr_flow/scripts/blackbox_latches.pl --clk_list  --input CLA_16b.parmys.blif --output 0_CLA_16b.parmys.blif
using folowing clk domain: 
using input blif: CLA_16b.parmys.blif
using output blif: 0_CLA_16b.parmys.blif
Usage Statistic:
	<Clock UniqID>	#<Number of Latches impacted>
____
Vanilla Latches:
	-None-
____
Black Boxed Latches:
	-None-

	Command being timed: "/home/moises-leiva/vtr-verilog-to-routing/vtr_flow/scripts/blackbox_latches.pl --clk_list  --input CLA_16b.parmys.blif --output 0_CLA_16b.parmys.blif"
	User time (seconds): 0.00
	System time (seconds): 0.00
	Percent of CPU this job got: 33%
	Elapsed (wall clock) time (h:mm:ss or m:ss): 0:00.00
	Average shared text size (kbytes): 0
	Average unshared data size (kbytes): 0
	Average stack size (kbytes): 0
	Average total size (kbytes): 0
	Maximum resident set size (kbytes): 5576
	Average resident set size (kbytes): 0
	Major (requiring I/O) page faults: 0
	Minor (reclaiming a frame) page faults: 365
	Voluntary context switches: 0
	Involuntary context switches: 0
	Swaps: 0
	File system inputs: 0
	File system outputs: 24
	Socket messages sent: 0
	Socket messages received: 0
	Signals delivered: 0
	Page size (bytes): 4096
	Exit status: 0
