#Packing pin usage report
Type: io
	Input Pin Usage:
		Max: 1.00 (0.50)
		Avg: 0.50 (0.25)
		Min: 0.00 (0.00)
		Histogram:
		[        0:      0.2) 64 ( 50.0%) |************************************************
		[      0.2:      0.4)  0 (  0.0%) |
		[      0.4:      0.6)  0 (  0.0%) |
		[      0.6:      0.8)  0 (  0.0%) |
		[      0.8:        1) 64 ( 50.0%) |************************************************
		[        1:      1.2)  0 (  0.0%) |
		[      1.2:      1.4)  0 (  0.0%) |
		[      1.4:      1.6)  0 (  0.0%) |
		[      1.6:      1.8)  0 (  0.0%) |
		[      1.8:        2)  0 (  0.0%) |
	Output Pin Usage:
		Max: 1.00 (1.00)
		Avg: 0.50 (0.50)
		Min: 0.00 (0.00)
		Histogram:
		[        0:      0.1) 64 ( 50.0%) |************************************************
		[      0.1:      0.2)  0 (  0.0%) |
		[      0.2:      0.3)  0 (  0.0%) |
		[      0.3:      0.4)  0 (  0.0%) |
		[      0.4:      0.5)  0 (  0.0%) |
		[      0.5:      0.6)  0 (  0.0%) |
		[      0.6:      0.7)  0 (  0.0%) |
		[      0.7:      0.8)  0 (  0.0%) |
		[      0.8:      0.9)  0 (  0.0%) |
		[      0.9:        1) 64 ( 50.0%) |************************************************

Type: clb
	Input Pin Usage:
		Max: 46.00 (0.85)
		Avg: 31.71 (0.59)
		Min: 6.00 (0.11)
		Histogram:
		[        0:      5.4)  0 (  0.0%) |
		[      5.4:       11)  4 (  2.5%) |****
		[       11:       16)  3 (  1.9%) |***
		[       16:       22)  5 (  3.1%) |*****
		[       22:       27) 27 ( 16.8%) |***************************
		[       27:       32) 48 ( 29.8%) |************************************************
		[       32:       38) 39 ( 24.2%) |***************************************
		[       38:       43) 28 ( 17.4%) |****************************
		[       43:       49)  7 (  4.3%) |*******
		[       49:       54)  0 (  0.0%) |
	Output Pin Usage:
		Max: 17.00 (0.81)
		Avg: 10.14 (0.48)
		Min: 1.00 (0.05)
		Histogram:
		[        0:      2.1)  3 (  1.9%) |***
		[      2.1:      4.2)  3 (  1.9%) |***
		[      4.2:      6.3)  7 (  4.3%) |*******
		[      6.3:      8.4) 28 ( 17.4%) |*****************************
		[      8.4:       10) 46 ( 28.6%) |************************************************
		[       10:       13) 44 ( 27.3%) |**********************************************
		[       13:       15) 17 ( 10.6%) |******************
		[       15:       17) 11 (  6.8%) |***********
		[       17:       19)  2 (  1.2%) |**
		[       19:       21)  0 (  0.0%) |

