/usr/bin/env time -v /home/moises-leiva/vtr-verilog-to-routing/abc/abc -c echo ""; echo "Load Netlist"; echo "============"; read 0_KS_16b.parmys.blif; time; echo ""; echo "Circuit Info"; echo "=========="; print_stats; print_latch; time; echo ""; echo "LUT Costs"; echo "========="; print_lut; time; echo ""; echo "Logic Opt + Techmap"; echo "==================="; strash; ifraig -v; scorr -v; dc2 -v; dch -f; if -K 6 -v; mfs2 -v; print_stats; time; echo ""; echo "Output Netlist"; echo "=============="; write_hie 0_KS_16b.parmys.blif 0_KS_16b.raw.abc.blif; time;
ABC command line: "echo ""; echo "Load Netlist"; echo "============"; read 0_KS_16b.parmys.blif; time; echo ""; echo "Circuit Info"; echo "=========="; print_stats; print_latch; time; echo ""; echo "LUT Costs"; echo "========="; print_lut; time; echo ""; echo "Logic Opt + Techmap"; echo "==================="; strash; ifraig -v; scorr -v; dc2 -v; dch -f; if -K 6 -v; mfs2 -v; print_stats; time; echo ""; echo "Output Netlist"; echo "=============="; write_hie 0_KS_16b.parmys.blif 0_KS_16b.raw.abc.blif; time;".

 
Load Netlist 
============ 
Hierarchy reader converted 1 instances of blackboxes.
elapse: 0.00 seconds, total: 0.00 seconds
 
Circuit Info 
========== 
[1;37mKS_16b                        :[0m i/o =   34/   18  lat =   17  nd =   199  edge =    409  cube =   293  lev = 10
Total latches =    17. Init0 = 17. Init1 = 0. InitDC = 0. Const data = 0.
elapse: 0.00 seconds, total: 0.01 seconds
 
LUT Costs 
========= 
# The area/delay of k-variable LUTs:
# k    area     delay
1      1.00      1.00
2      1.00      1.00
3      1.00      1.00
4      1.00      1.00
elapse: 0.00 seconds, total: 0.01 seconds
 
Logic Opt + Techmap 
=================== 
SimWords = 32. Rounds = 5. Mem = 0.04 MB.  Classes: Beg = 0. End = 0.
Proof = 0. Counter-example = 0. Fail = 0. FailReal = 0. Zero = 0.
Final = 258. Miter = 258. Total = 258. Mux = 0. (Exor = 0.) SatVars = 0.
AIG simulation   =     0.00 sec
AIG traversal    =     0.00 sec
SAT solving      =     0.00 sec
    Unsat        =     0.00 sec
    Sat          =     0.00 sec
    Fail         =     0.00 sec
Class refining   =     0.00 sec
TOTAL RUNTIME    =     0.00 sec
Allocated 0.01 MB to store simulation information.
Initial simulation of 4 frames with 2 words.     Time =     0.00 sec
Collecting candidate equivalence classes.        Time =     0.00 sec
Simulation of 4 frames with 2 words ( 1 rounds). Time =     0.00 sec
Before BMC: Equiv classes: Const1 =     8. Class =     7. Lit =    15.
After  BMC: Equiv classes: Const1 =     0. Class =     0. Lit =     0.
  0 : C =      0. Cl =      0. LR =     0. NR =   516. F =    0. - T =     0.00 sec
Parameters: F = 1. AddF = 2. C-lim = 1000. Constr = 0. MaxLev = 0. Mem = 0.02 MB.
AIG       : PI = 34. PO = 18. Latch = 17. Node = 258.  Ave SAT vars = 0.
SAT calls : Proof = 0. Cex = 5. Fail = 0. Lits proved = 0.
SAT solver: Vars max = 209. Calls max = 0. Recycles = 0. Sim rounds = 0.
NBeg = 258. NEnd = 258. (Gain =   0.00 %).  RBeg = 17. REnd = 17. (Gain =   0.00 %).
BMC         =     0.00 sec (  9.26 %)
Spec reduce =     0.00 sec (  1.78 %)
Mark cones  =     0.00 sec (  0.00 %)
Sim SAT     =     0.00 sec (  1.40 %)
SAT solving =     0.00 sec (  6.22 %)
  unsat     =     0.00 sec (  0.00 %)
  sat       =     0.00 sec (  6.22 %)
  undecided =     0.00 sec (  0.00 %)
Other       =     0.00 sec ( 81.34 %)
TOTAL       =     0.00 sec (100.00 %)
Starting:  KS_16b          : pi =    34  po =    18  lat =    17  and =     258  lev =  12
Rewrite:   KS_16b          : pi =    34  po =    18  lat =    17  and =     232  lev =  14
Refactor:  KS_16b          : pi =    34  po =    18  lat =    17  and =     189  lev =  18
Balance:   KS_16b          : pi =    34  po =    18  lat =    17  and =     187  lev =  19
Rewrite:   KS_16b          : pi =    34  po =    18  lat =    17  and =     175  lev =  21
RewriteZ:  KS_16b          : pi =    34  po =    18  lat =    17  and =     158  lev =  27
RefactorZ: KS_16b          : pi =    34  po =    18  lat =    17  and =     158  lev =  28
RewriteZ:  KS_16b          : pi =    34  po =    18  lat =    17  and =     154  lev =  27
K = 6. Memory (bytes): Truth =    0. Cut =   56. Obj =  136. Set =  600. CutMin = no
Node =     185.  Ch =    14.  Total mem =    0.04 MB. Peak cut mem =    0.01 MB.
P:  Del =    5.00.  Ar =      66.0.  Edge =      232.  Cut =     2214.  T =     0.00 sec
P:  Del =    5.00.  Ar =      77.0.  Edge =      295.  Cut =     1693.  T =     0.00 sec
P:  Del =    5.00.  Ar =      79.0.  Edge =      293.  Cut =     2048.  T =     0.00 sec
F:  Del =    5.00.  Ar =      74.0.  Edge =      272.  Cut =     1676.  T =     0.00 sec
A:  Del =    5.00.  Ar =      71.0.  Edge =      233.  Cut =     1805.  T =     0.00 sec
A:  Del =    5.00.  Ar =      68.0.  Edge =      230.  Cut =     1853.  T =     0.00 sec
Total time =     0.00 sec
Performing MFS with 51 PIs, 35 POs, 68 nodes (68 flexible, 0 fixed, 0 empty).
Nodes = 68. Try = 72. Resub = 4. Div = 1449 (ave = 20). SAT calls = 814. Timeouts = 0. MaxDivs = 0.
Attempts :   Remove      2 out of    232 (  0.86 %)   Resub       2 out of     17 ( 11.76 %)   
Reduction:   Nodes       2 out of     68 (  2.94 %)   Edges       7 out of    230 (  3.04 %)   
Win =     0.00 sec (  1.04 %)
Div =     0.00 sec (  1.11 %)
Cnf =     0.00 sec (  8.44 %)
Sat =     0.00 sec ( 70.25 %)
Oth =     0.00 sec ( 19.16 %)
ALL =     0.00 sec (100.00 %)
The network has 2 nodes changed by "mfs".
[1;37mKS_16b                        :[0m i/o =   34/   18  lat =   17  nd =    66  edge =    223  cube =   160  lev = 5
elapse: 0.04 seconds, total: 0.05 seconds
 
Output Netlist 
============== 
Hierarchy writer reintroduced 1 instances of blackboxes.
elapse: 0.00 seconds, total: 0.05 seconds
	Command being timed: "/home/moises-leiva/vtr-verilog-to-routing/abc/abc -c echo ""; echo "Load Netlist"; echo "============"; read 0_KS_16b.parmys.blif; time; echo ""; echo "Circuit Info"; echo "=========="; print_stats; print_latch; time; echo ""; echo "LUT Costs"; echo "========="; print_lut; time; echo ""; echo "Logic Opt + Techmap"; echo "==================="; strash; ifraig -v; scorr -v; dc2 -v; dch -f; if -K 6 -v; mfs2 -v; print_stats; time; echo ""; echo "Output Netlist"; echo "=============="; write_hie 0_KS_16b.parmys.blif 0_KS_16b.raw.abc.blif; time;"
	User time (seconds): 0.04
	System time (seconds): 0.01
	Percent of CPU this job got: 68%
	Elapsed (wall clock) time (h:mm:ss or m:ss): 0:00.07
	Average shared text size (kbytes): 0
	Average unshared data size (kbytes): 0
	Average stack size (kbytes): 0
	Average total size (kbytes): 0
	Maximum resident set size (kbytes): 35952
	Average resident set size (kbytes): 0
	Major (requiring I/O) page faults: 84
	Minor (reclaiming a frame) page faults: 3932
	Voluntary context switches: 74
	Involuntary context switches: 0
	Swaps: 0
	File system inputs: 17896
	File system outputs: 16
	Socket messages sent: 0
	Socket messages received: 0
	Signals delivered: 0
	Page size (bytes): 4096
	Exit status: 0
