#Packing pin usage report
Type: io
	Input Pin Usage:
		Max: 1.00 (0.50)
		Avg: 0.33 (0.17)
		Min: 0.00 (0.00)
		Histogram:
		[        0:      0.2) 34 ( 66.7%) |************************************************
		[      0.2:      0.4)  0 (  0.0%) |
		[      0.4:      0.6)  0 (  0.0%) |
		[      0.6:      0.8)  0 (  0.0%) |
		[      0.8:        1) 17 ( 33.3%) |************************
		[        1:      1.2)  0 (  0.0%) |
		[      1.2:      1.4)  0 (  0.0%) |
		[      1.4:      1.6)  0 (  0.0%) |
		[      1.6:      1.8)  0 (  0.0%) |
		[      1.8:        2)  0 (  0.0%) |
	Output Pin Usage:
		Max: 1.00 (1.00)
		Avg: 0.67 (0.67)
		Min: 0.00 (0.00)
		Histogram:
		[        0:      0.1) 17 ( 33.3%) |************************
		[      0.1:      0.2)  0 (  0.0%) |
		[      0.2:      0.3)  0 (  0.0%) |
		[      0.3:      0.4)  0 (  0.0%) |
		[      0.4:      0.5)  0 (  0.0%) |
		[      0.5:      0.6)  0 (  0.0%) |
		[      0.6:      0.7)  0 (  0.0%) |
		[      0.7:      0.8)  0 (  0.0%) |
		[      0.8:      0.9)  0 (  0.0%) |
		[      0.9:        1) 34 ( 66.7%) |************************************************

Type: clb
	Input Pin Usage:
		Max: 40.00 (0.74)
		Avg: 29.00 (0.54)
		Min: 17.00 (0.31)
		Histogram:
		[        0:      5.4) 0 (  0.0%) |
		[      5.4:       11) 0 (  0.0%) |
		[       11:       16) 0 (  0.0%) |
		[       16:       22) 1 ( 25.0%) |**************************************************
		[       22:       27) 1 ( 25.0%) |**************************************************
		[       27:       32) 0 (  0.0%) |
		[       32:       38) 1 ( 25.0%) |**************************************************
		[       38:       43) 1 ( 25.0%) |**************************************************
		[       43:       49) 0 (  0.0%) |
		[       49:       54) 0 (  0.0%) |
	Output Pin Usage:
		Max: 16.00 (0.76)
		Avg: 13.50 (0.64)
		Min: 9.00 (0.43)
		Histogram:
		[        0:      2.1) 0 (  0.0%) |
		[      2.1:      4.2) 0 (  0.0%) |
		[      4.2:      6.3) 0 (  0.0%) |
		[      6.3:      8.4) 0 (  0.0%) |
		[      8.4:       10) 1 ( 25.0%) |*************************
		[       10:       13) 0 (  0.0%) |
		[       13:       15) 1 ( 25.0%) |*************************
		[       15:       17) 2 ( 50.0%) |*************************************************
		[       17:       19) 0 (  0.0%) |
		[       19:       21) 0 (  0.0%) |

