#Timing report of worst 34 path(s)
# Unit scale: 1e-09 seconds
# Output precision: 3

#Path 1
Startpoint: Y~0.inpad[0] (.input clocked by clk)
Endpoint  : S~0.D[0] (.latch clocked by clk)
Path Type : hold

Point                                                             Incr      Path
--------------------------------------------------------------------------------
clock clk (rise edge)                                            0.000     0.000
clock source latency                                             0.000     0.000
input external delay                                             0.000     0.000
Y~0.inpad[0] (.input)                                            0.000     0.000
S~0.D[0] (.latch)                                                0.170     0.170
data arrival time                                                          0.170

clock clk (rise edge)                                            0.000     0.000
clock source latency                                             0.000     0.000
clk.inpad[0] (.input)                                            0.000     0.000
S~0.clk[0] (.latch)                                              0.000     0.000
clock uncertainty                                                0.000     0.000
cell hold time                                                   0.066     0.066
data required time                                                         0.066
--------------------------------------------------------------------------------
data required time                                                        -0.066
data arrival time                                                          0.170
--------------------------------------------------------------------------------
slack (MET)                                                                0.104


#Path 2
Startpoint: Y~3.inpad[0] (.input clocked by clk)
Endpoint  : S~3.D[0] (.latch clocked by clk)
Path Type : hold

Point                                                             Incr      Path
--------------------------------------------------------------------------------
clock clk (rise edge)                                            0.000     0.000
clock source latency                                             0.000     0.000
input external delay                                             0.000     0.000
Y~3.inpad[0] (.input)                                            0.000     0.000
S~3.D[0] (.latch)                                                0.248     0.248
data arrival time                                                          0.248

clock clk (rise edge)                                            0.000     0.000
clock source latency                                             0.000     0.000
clk.inpad[0] (.input)                                            0.000     0.000
S~3.clk[0] (.latch)                                              0.000     0.000
clock uncertainty                                                0.000     0.000
cell hold time                                                   0.066     0.066
data required time                                                         0.066
--------------------------------------------------------------------------------
data required time                                                        -0.066
data arrival time                                                          0.248
--------------------------------------------------------------------------------
slack (MET)                                                                0.182


#Path 3
Startpoint: Y~4.inpad[0] (.input clocked by clk)
Endpoint  : S~4.D[0] (.latch clocked by clk)
Path Type : hold

Point                                                             Incr      Path
--------------------------------------------------------------------------------
clock clk (rise edge)                                            0.000     0.000
clock source latency                                             0.000     0.000
input external delay                                             0.000     0.000
Y~4.inpad[0] (.input)                                            0.000     0.000
S~4.D[0] (.latch)                                                0.304     0.304
data arrival time                                                          0.304

clock clk (rise edge)                                            0.000     0.000
clock source latency                                             0.000     0.000
clk.inpad[0] (.input)                                            0.000     0.000
S~4.clk[0] (.latch)                                              0.000     0.000
clock uncertainty                                                0.000     0.000
cell hold time                                                   0.066     0.066
data required time                                                         0.066
--------------------------------------------------------------------------------
data required time                                                        -0.066
data arrival time                                                          0.304
--------------------------------------------------------------------------------
slack (MET)                                                                0.238


#Path 4
Startpoint: Y~1.inpad[0] (.input clocked by clk)
Endpoint  : S~1.D[0] (.latch clocked by clk)
Path Type : hold

Point                                                             Incr      Path
--------------------------------------------------------------------------------
clock clk (rise edge)                                            0.000     0.000
clock source latency                                             0.000     0.000
input external delay                                             0.000     0.000
Y~1.inpad[0] (.input)                                            0.000     0.000
S~1.D[0] (.latch)                                                0.305     0.305
data arrival time                                                          0.305

clock clk (rise edge)                                            0.000     0.000
clock source latency                                             0.000     0.000
clk.inpad[0] (.input)                                            0.000     0.000
S~1.clk[0] (.latch)                                              0.000     0.000
clock uncertainty                                                0.000     0.000
cell hold time                                                   0.066     0.066
data required time                                                         0.066
--------------------------------------------------------------------------------
data required time                                                        -0.066
data arrival time                                                          0.305
--------------------------------------------------------------------------------
slack (MET)                                                                0.239


#Path 5
Startpoint: Y~2.inpad[0] (.input clocked by clk)
Endpoint  : S~2.D[0] (.latch clocked by clk)
Path Type : hold

Point                                                             Incr      Path
--------------------------------------------------------------------------------
clock clk (rise edge)                                            0.000     0.000
clock source latency                                             0.000     0.000
input external delay                                             0.000     0.000
Y~2.inpad[0] (.input)                                            0.000     0.000
S~2.D[0] (.latch)                                                0.322     0.322
data arrival time                                                          0.322

clock clk (rise edge)                                            0.000     0.000
clock source latency                                             0.000     0.000
clk.inpad[0] (.input)                                            0.000     0.000
S~2.clk[0] (.latch)                                              0.000     0.000
clock uncertainty                                                0.000     0.000
cell hold time                                                   0.066     0.066
data required time                                                         0.066
--------------------------------------------------------------------------------
data required time                                                        -0.066
data arrival time                                                          0.322
--------------------------------------------------------------------------------
slack (MET)                                                                0.256


#Path 6
Startpoint: S~7.Q[0] (.latch clocked by clk)
Endpoint  : out:S~7.outpad[0] (.output clocked by clk)
Path Type : hold

Point                                                             Incr      Path
--------------------------------------------------------------------------------
clock clk (rise edge)                                            0.000     0.000
clock source latency                                             0.000     0.000
clk.inpad[0] (.input)                                            0.000     0.000
S~7.clk[0] (.latch)                                              0.000     0.000
S~7.Q[0] (.latch) [clock-to-output]                              0.124     0.124
out:S~7.outpad[0] (.output)                                      0.150     0.274
data arrival time                                                          0.274

clock clk (rise edge)                                            0.000     0.000
clock source latency                                             0.000     0.000
clock uncertainty                                                0.000     0.000
output external delay                                            0.000     0.000
data required time                                                         0.000
--------------------------------------------------------------------------------
data required time                                                        -0.000
data arrival time                                                          0.274
--------------------------------------------------------------------------------
slack (MET)                                                                0.274


#Path 7
Startpoint: S~13.Q[0] (.latch clocked by clk)
Endpoint  : out:S~13.outpad[0] (.output clocked by clk)
Path Type : hold

Point                                                             Incr      Path
--------------------------------------------------------------------------------
clock clk (rise edge)                                            0.000     0.000
clock source latency                                             0.000     0.000
clk.inpad[0] (.input)                                            0.000     0.000
S~13.clk[0] (.latch)                                             0.000     0.000
S~13.Q[0] (.latch) [clock-to-output]                             0.124     0.124
out:S~13.outpad[0] (.output)                                     0.168     0.292
data arrival time                                                          0.292

clock clk (rise edge)                                            0.000     0.000
clock source latency                                             0.000     0.000
clock uncertainty                                                0.000     0.000
output external delay                                            0.000     0.000
data required time                                                         0.000
--------------------------------------------------------------------------------
data required time                                                        -0.000
data arrival time                                                          0.292
--------------------------------------------------------------------------------
slack (MET)                                                                0.292


#Path 8
Startpoint: S~9.Q[0] (.latch clocked by clk)
Endpoint  : out:S~9.outpad[0] (.output clocked by clk)
Path Type : hold

Point                                                             Incr      Path
--------------------------------------------------------------------------------
clock clk (rise edge)                                            0.000     0.000
clock source latency                                             0.000     0.000
clk.inpad[0] (.input)                                            0.000     0.000
S~9.clk[0] (.latch)                                              0.000     0.000
S~9.Q[0] (.latch) [clock-to-output]                              0.124     0.124
out:S~9.outpad[0] (.output)                                      0.168     0.292
data arrival time                                                          0.292

clock clk (rise edge)                                            0.000     0.000
clock source latency                                             0.000     0.000
clock uncertainty                                                0.000     0.000
output external delay                                            0.000     0.000
data required time                                                         0.000
--------------------------------------------------------------------------------
data required time                                                        -0.000
data arrival time                                                          0.292
--------------------------------------------------------------------------------
slack (MET)                                                                0.292


#Path 9
Startpoint: rst.inpad[0] (.input clocked by clk)
Endpoint  : S~7.D[0] (.latch clocked by clk)
Path Type : hold

Point                                                             Incr      Path
--------------------------------------------------------------------------------
clock clk (rise edge)                                            0.000     0.000
clock source latency                                             0.000     0.000
input external delay                                             0.000     0.000
rst.inpad[0] (.input)                                            0.000     0.000
n132.in[0] (.names)                                              0.150     0.150
n132.out[0] (.names)                                             0.235     0.385
S~7.D[0] (.latch)                                                0.000     0.385
data arrival time                                                          0.385

clock clk (rise edge)                                            0.000     0.000
clock source latency                                             0.000     0.000
clk.inpad[0] (.input)                                            0.000     0.000
S~7.clk[0] (.latch)                                              0.000     0.000
clock uncertainty                                                0.000     0.000
cell hold time                                                   0.066     0.066
data required time                                                         0.066
--------------------------------------------------------------------------------
data required time                                                        -0.066
data arrival time                                                          0.385
--------------------------------------------------------------------------------
slack (MET)                                                                0.319


#Path 10
Startpoint: rst.inpad[0] (.input clocked by clk)
Endpoint  : S~6.D[0] (.latch clocked by clk)
Path Type : hold

Point                                                             Incr      Path
--------------------------------------------------------------------------------
clock clk (rise edge)                                            0.000     0.000
clock source latency                                             0.000     0.000
input external delay                                             0.000     0.000
rst.inpad[0] (.input)                                            0.000     0.000
n128.in[2] (.names)                                              0.150     0.150
n128.out[0] (.names)                                             0.235     0.385
S~6.D[0] (.latch)                                                0.000     0.385
data arrival time                                                          0.385

clock clk (rise edge)                                            0.000     0.000
clock source latency                                             0.000     0.000
clk.inpad[0] (.input)                                            0.000     0.000
S~6.clk[0] (.latch)                                              0.000     0.000
clock uncertainty                                                0.000     0.000
cell hold time                                                   0.066     0.066
data required time                                                         0.066
--------------------------------------------------------------------------------
data required time                                                        -0.066
data arrival time                                                          0.385
--------------------------------------------------------------------------------
slack (MET)                                                                0.319


#Path 11
Startpoint: rst.inpad[0] (.input clocked by clk)
Endpoint  : S~5.D[0] (.latch clocked by clk)
Path Type : hold

Point                                                             Incr      Path
--------------------------------------------------------------------------------
clock clk (rise edge)                                            0.000     0.000
clock source latency                                             0.000     0.000
input external delay                                             0.000     0.000
rst.inpad[0] (.input)                                            0.000     0.000
n124.in[0] (.names)                                              0.150     0.150
n124.out[0] (.names)                                             0.235     0.385
S~5.D[0] (.latch)                                                0.000     0.385
data arrival time                                                          0.385

clock clk (rise edge)                                            0.000     0.000
clock source latency                                             0.000     0.000
clk.inpad[0] (.input)                                            0.000     0.000
S~5.clk[0] (.latch)                                              0.000     0.000
clock uncertainty                                                0.000     0.000
cell hold time                                                   0.066     0.066
data required time                                                         0.066
--------------------------------------------------------------------------------
data required time                                                        -0.066
data arrival time                                                          0.385
--------------------------------------------------------------------------------
slack (MET)                                                                0.319


#Path 12
Startpoint: rst.inpad[0] (.input clocked by clk)
Endpoint  : S~9.D[0] (.latch clocked by clk)
Path Type : hold

Point                                                             Incr      Path
--------------------------------------------------------------------------------
clock clk (rise edge)                                            0.000     0.000
clock source latency                                             0.000     0.000
input external delay                                             0.000     0.000
rst.inpad[0] (.input)                                            0.000     0.000
n140.in[0] (.names)                                              0.150     0.150
n140.out[0] (.names)                                             0.235     0.385
S~9.D[0] (.latch)                                                0.000     0.385
data arrival time                                                          0.385

clock clk (rise edge)                                            0.000     0.000
clock source latency                                             0.000     0.000
clk.inpad[0] (.input)                                            0.000     0.000
S~9.clk[0] (.latch)                                              0.000     0.000
clock uncertainty                                                0.000     0.000
cell hold time                                                   0.066     0.066
data required time                                                         0.066
--------------------------------------------------------------------------------
data required time                                                        -0.066
data arrival time                                                          0.385
--------------------------------------------------------------------------------
slack (MET)                                                                0.319


#Path 13
Startpoint: rst.inpad[0] (.input clocked by clk)
Endpoint  : S~8.D[0] (.latch clocked by clk)
Path Type : hold

Point                                                             Incr      Path
--------------------------------------------------------------------------------
clock clk (rise edge)                                            0.000     0.000
clock source latency                                             0.000     0.000
input external delay                                             0.000     0.000
rst.inpad[0] (.input)                                            0.000     0.000
n136.in[0] (.names)                                              0.150     0.150
n136.out[0] (.names)                                             0.235     0.385
S~8.D[0] (.latch)                                                0.000     0.385
data arrival time                                                          0.385

clock clk (rise edge)                                            0.000     0.000
clock source latency                                             0.000     0.000
clk.inpad[0] (.input)                                            0.000     0.000
S~8.clk[0] (.latch)                                              0.000     0.000
clock uncertainty                                                0.000     0.000
cell hold time                                                   0.066     0.066
data required time                                                         0.066
--------------------------------------------------------------------------------
data required time                                                        -0.066
data arrival time                                                          0.385
--------------------------------------------------------------------------------
slack (MET)                                                                0.319


#Path 14
Startpoint: X~15.inpad[0] (.input clocked by clk)
Endpoint  : S~16.D[0] (.latch clocked by clk)
Path Type : hold

Point                                                             Incr      Path
--------------------------------------------------------------------------------
clock clk (rise edge)                                            0.000     0.000
clock source latency                                             0.000     0.000
input external delay                                             0.000     0.000
X~15.inpad[0] (.input)                                           0.000     0.000
n168.in[2] (.names)                                              0.168     0.168
n168.out[0] (.names)                                             0.235     0.403
S~16.D[0] (.latch)                                               0.000     0.403
data arrival time                                                          0.403

clock clk (rise edge)                                            0.000     0.000
clock source latency                                             0.000     0.000
clk.inpad[0] (.input)                                            0.000     0.000
S~16.clk[0] (.latch)                                             0.000     0.000
clock uncertainty                                                0.000     0.000
cell hold time                                                   0.066     0.066
data required time                                                         0.066
--------------------------------------------------------------------------------
data required time                                                        -0.066
data arrival time                                                          0.403
--------------------------------------------------------------------------------
slack (MET)                                                                0.337


#Path 15
Startpoint: X~15.inpad[0] (.input clocked by clk)
Endpoint  : S~15.D[0] (.latch clocked by clk)
Path Type : hold

Point                                                             Incr      Path
--------------------------------------------------------------------------------
clock clk (rise edge)                                            0.000     0.000
clock source latency                                             0.000     0.000
input external delay                                             0.000     0.000
X~15.inpad[0] (.input)                                           0.000     0.000
n164.in[3] (.names)                                              0.168     0.168
n164.out[0] (.names)                                             0.235     0.403
S~15.D[0] (.latch)                                               0.000     0.403
data arrival time                                                          0.403

clock clk (rise edge)                                            0.000     0.000
clock source latency                                             0.000     0.000
clk.inpad[0] (.input)                                            0.000     0.000
S~15.clk[0] (.latch)                                             0.000     0.000
clock uncertainty                                                0.000     0.000
cell hold time                                                   0.066     0.066
data required time                                                         0.066
--------------------------------------------------------------------------------
data required time                                                        -0.066
data arrival time                                                          0.403
--------------------------------------------------------------------------------
slack (MET)                                                                0.337


#Path 16
Startpoint: rst.inpad[0] (.input clocked by clk)
Endpoint  : S~12.D[0] (.latch clocked by clk)
Path Type : hold

Point                                                             Incr      Path
--------------------------------------------------------------------------------
clock clk (rise edge)                                            0.000     0.000
clock source latency                                             0.000     0.000
input external delay                                             0.000     0.000
rst.inpad[0] (.input)                                            0.000     0.000
n152.in[3] (.names)                                              0.150     0.150
n152.out[0] (.names)                                             0.261     0.411
S~12.D[0] (.latch)                                               0.000     0.411
data arrival time                                                          0.411

clock clk (rise edge)                                            0.000     0.000
clock source latency                                             0.000     0.000
clk.inpad[0] (.input)                                            0.000     0.000
S~12.clk[0] (.latch)                                             0.000     0.000
clock uncertainty                                                0.000     0.000
cell hold time                                                   0.066     0.066
data required time                                                         0.066
--------------------------------------------------------------------------------
data required time                                                        -0.066
data arrival time                                                          0.411
--------------------------------------------------------------------------------
slack (MET)                                                                0.345


#Path 17
Startpoint: rst.inpad[0] (.input clocked by clk)
Endpoint  : S~10.D[0] (.latch clocked by clk)
Path Type : hold

Point                                                             Incr      Path
--------------------------------------------------------------------------------
clock clk (rise edge)                                            0.000     0.000
clock source latency                                             0.000     0.000
input external delay                                             0.000     0.000
rst.inpad[0] (.input)                                            0.000     0.000
n144.in[3] (.names)                                              0.150     0.150
n144.out[0] (.names)                                             0.261     0.411
S~10.D[0] (.latch)                                               0.000     0.411
data arrival time                                                          0.411

clock clk (rise edge)                                            0.000     0.000
clock source latency                                             0.000     0.000
clk.inpad[0] (.input)                                            0.000     0.000
S~10.clk[0] (.latch)                                             0.000     0.000
clock uncertainty                                                0.000     0.000
cell hold time                                                   0.066     0.066
data required time                                                         0.066
--------------------------------------------------------------------------------
data required time                                                        -0.066
data arrival time                                                          0.411
--------------------------------------------------------------------------------
slack (MET)                                                                0.345


#Path 18
Startpoint: S~16.Q[0] (.latch clocked by clk)
Endpoint  : out:S~16.outpad[0] (.output clocked by clk)
Path Type : hold

Point                                                             Incr      Path
--------------------------------------------------------------------------------
clock clk (rise edge)                                            0.000     0.000
clock source latency                                             0.000     0.000
clk.inpad[0] (.input)                                            0.000     0.000
S~16.clk[0] (.latch)                                             0.000     0.000
S~16.Q[0] (.latch) [clock-to-output]                             0.124     0.124
out:S~16.outpad[0] (.output)                                     0.224     0.348
data arrival time                                                          0.348

clock clk (rise edge)                                            0.000     0.000
clock source latency                                             0.000     0.000
clock uncertainty                                                0.000     0.000
output external delay                                            0.000     0.000
data required time                                                         0.000
--------------------------------------------------------------------------------
data required time                                                        -0.000
data arrival time                                                          0.348
--------------------------------------------------------------------------------
slack (MET)                                                                0.348


#Path 19
Startpoint: S~5.Q[0] (.latch clocked by clk)
Endpoint  : out:S~5.outpad[0] (.output clocked by clk)
Path Type : hold

Point                                                             Incr      Path
--------------------------------------------------------------------------------
clock clk (rise edge)                                            0.000     0.000
clock source latency                                             0.000     0.000
clk.inpad[0] (.input)                                            0.000     0.000
S~5.clk[0] (.latch)                                              0.000     0.000
S~5.Q[0] (.latch) [clock-to-output]                              0.124     0.124
out:S~5.outpad[0] (.output)                                      0.225     0.349
data arrival time                                                          0.349

clock clk (rise edge)                                            0.000     0.000
clock source latency                                             0.000     0.000
clock uncertainty                                                0.000     0.000
output external delay                                            0.000     0.000
data required time                                                         0.000
--------------------------------------------------------------------------------
data required time                                                        -0.000
data arrival time                                                          0.349
--------------------------------------------------------------------------------
slack (MET)                                                                0.349


#Path 20
Startpoint: S~0.Q[0] (.latch clocked by clk)
Endpoint  : out:S~0.outpad[0] (.output clocked by clk)
Path Type : hold

Point                                                             Incr      Path
--------------------------------------------------------------------------------
clock clk (rise edge)                                            0.000     0.000
clock source latency                                             0.000     0.000
clk.inpad[0] (.input)                                            0.000     0.000
S~0.clk[0] (.latch)                                              0.000     0.000
S~0.Q[0] (.latch) [clock-to-output]                              0.124     0.124
out:S~0.outpad[0] (.output)                                      0.226     0.350
data arrival time                                                          0.350

clock clk (rise edge)                                            0.000     0.000
clock source latency                                             0.000     0.000
clock uncertainty                                                0.000     0.000
output external delay                                            0.000     0.000
data required time                                                         0.000
--------------------------------------------------------------------------------
data required time                                                        -0.000
data arrival time                                                          0.350
--------------------------------------------------------------------------------
slack (MET)                                                                0.350


#Path 21
Startpoint: X~14.inpad[0] (.input clocked by clk)
Endpoint  : S~14.D[0] (.latch clocked by clk)
Path Type : hold

Point                                                             Incr      Path
--------------------------------------------------------------------------------
clock clk (rise edge)                                            0.000     0.000
clock source latency                                             0.000     0.000
input external delay                                             0.000     0.000
X~14.inpad[0] (.input)                                           0.000     0.000
n160.in[5] (.names)                                              0.167     0.167
n160.out[0] (.names)                                             0.261     0.428
S~14.D[0] (.latch)                                               0.000     0.428
data arrival time                                                          0.428

clock clk (rise edge)                                            0.000     0.000
clock source latency                                             0.000     0.000
clk.inpad[0] (.input)                                            0.000     0.000
S~14.clk[0] (.latch)                                             0.000     0.000
clock uncertainty                                                0.000     0.000
cell hold time                                                   0.066     0.066
data required time                                                         0.066
--------------------------------------------------------------------------------
data required time                                                        -0.066
data arrival time                                                          0.428
--------------------------------------------------------------------------------
slack (MET)                                                                0.362


#Path 22
Startpoint: S~6.Q[0] (.latch clocked by clk)
Endpoint  : out:S~6.outpad[0] (.output clocked by clk)
Path Type : hold

Point                                                             Incr      Path
--------------------------------------------------------------------------------
clock clk (rise edge)                                            0.000     0.000
clock source latency                                             0.000     0.000
clk.inpad[0] (.input)                                            0.000     0.000
S~6.clk[0] (.latch)                                              0.000     0.000
S~6.Q[0] (.latch) [clock-to-output]                              0.124     0.124
out:S~6.outpad[0] (.output)                                      0.244     0.368
data arrival time                                                          0.368

clock clk (rise edge)                                            0.000     0.000
clock source latency                                             0.000     0.000
clock uncertainty                                                0.000     0.000
output external delay                                            0.000     0.000
data required time                                                         0.000
--------------------------------------------------------------------------------
data required time                                                        -0.000
data arrival time                                                          0.368
--------------------------------------------------------------------------------
slack (MET)                                                                0.368


#Path 23
Startpoint: S~3.Q[0] (.latch clocked by clk)
Endpoint  : out:S~3.outpad[0] (.output clocked by clk)
Path Type : hold

Point                                                             Incr      Path
--------------------------------------------------------------------------------
clock clk (rise edge)                                            0.000     0.000
clock source latency                                             0.000     0.000
clk.inpad[0] (.input)                                            0.000     0.000
S~3.clk[0] (.latch)                                              0.000     0.000
S~3.Q[0] (.latch) [clock-to-output]                              0.124     0.124
out:S~3.outpad[0] (.output)                                      0.246     0.370
data arrival time                                                          0.370

clock clk (rise edge)                                            0.000     0.000
clock source latency                                             0.000     0.000
clock uncertainty                                                0.000     0.000
output external delay                                            0.000     0.000
data required time                                                         0.000
--------------------------------------------------------------------------------
data required time                                                        -0.000
data arrival time                                                          0.370
--------------------------------------------------------------------------------
slack (MET)                                                                0.370


#Path 24
Startpoint: S~12.Q[0] (.latch clocked by clk)
Endpoint  : out:S~12.outpad[0] (.output clocked by clk)
Path Type : hold

Point                                                             Incr      Path
--------------------------------------------------------------------------------
clock clk (rise edge)                                            0.000     0.000
clock source latency                                             0.000     0.000
clk.inpad[0] (.input)                                            0.000     0.000
S~12.clk[0] (.latch)                                             0.000     0.000
S~12.Q[0] (.latch) [clock-to-output]                             0.124     0.124
out:S~12.outpad[0] (.output)                                     0.246     0.370
data arrival time                                                          0.370

clock clk (rise edge)                                            0.000     0.000
clock source latency                                             0.000     0.000
clock uncertainty                                                0.000     0.000
output external delay                                            0.000     0.000
data required time                                                         0.000
--------------------------------------------------------------------------------
data required time                                                        -0.000
data arrival time                                                          0.370
--------------------------------------------------------------------------------
slack (MET)                                                                0.370


#Path 25
Startpoint: S~2.Q[0] (.latch clocked by clk)
Endpoint  : out:S~2.outpad[0] (.output clocked by clk)
Path Type : hold

Point                                                             Incr      Path
--------------------------------------------------------------------------------
clock clk (rise edge)                                            0.000     0.000
clock source latency                                             0.000     0.000
clk.inpad[0] (.input)                                            0.000     0.000
S~2.clk[0] (.latch)                                              0.000     0.000
S~2.Q[0] (.latch) [clock-to-output]                              0.124     0.124
out:S~2.outpad[0] (.output)                                      0.246     0.370
data arrival time                                                          0.370

clock clk (rise edge)                                            0.000     0.000
clock source latency                                             0.000     0.000
clock uncertainty                                                0.000     0.000
output external delay                                            0.000     0.000
data required time                                                         0.000
--------------------------------------------------------------------------------
data required time                                                        -0.000
data arrival time                                                          0.370
--------------------------------------------------------------------------------
slack (MET)                                                                0.370


#Path 26
Startpoint: X~13.inpad[0] (.input clocked by clk)
Endpoint  : S~13.D[0] (.latch clocked by clk)
Path Type : hold

Point                                                             Incr      Path
--------------------------------------------------------------------------------
clock clk (rise edge)                                            0.000     0.000
clock source latency                                             0.000     0.000
input external delay                                             0.000     0.000
X~13.inpad[0] (.input)                                           0.000     0.000
n156.in[3] (.names)                                              0.243     0.243
n156.out[0] (.names)                                             0.235     0.478
S~13.D[0] (.latch)                                               0.000     0.478
data arrival time                                                          0.478

clock clk (rise edge)                                            0.000     0.000
clock source latency                                             0.000     0.000
clk.inpad[0] (.input)                                            0.000     0.000
S~13.clk[0] (.latch)                                             0.000     0.000
clock uncertainty                                                0.000     0.000
cell hold time                                                   0.066     0.066
data required time                                                         0.066
--------------------------------------------------------------------------------
data required time                                                        -0.066
data arrival time                                                          0.478
--------------------------------------------------------------------------------
slack (MET)                                                                0.412


#Path 27
Startpoint: X~11.inpad[0] (.input clocked by clk)
Endpoint  : S~11.D[0] (.latch clocked by clk)
Path Type : hold

Point                                                             Incr      Path
--------------------------------------------------------------------------------
clock clk (rise edge)                                            0.000     0.000
clock source latency                                             0.000     0.000
input external delay                                             0.000     0.000
X~11.inpad[0] (.input)                                           0.000     0.000
n148.in[3] (.names)                                              0.243     0.243
n148.out[0] (.names)                                             0.235     0.478
S~11.D[0] (.latch)                                               0.000     0.478
data arrival time                                                          0.478

clock clk (rise edge)                                            0.000     0.000
clock source latency                                             0.000     0.000
clk.inpad[0] (.input)                                            0.000     0.000
S~11.clk[0] (.latch)                                             0.000     0.000
clock uncertainty                                                0.000     0.000
cell hold time                                                   0.066     0.066
data required time                                                         0.066
--------------------------------------------------------------------------------
data required time                                                        -0.066
data arrival time                                                          0.478
--------------------------------------------------------------------------------
slack (MET)                                                                0.412


#Path 28
Startpoint: S~4.Q[0] (.latch clocked by clk)
Endpoint  : out:S~4.outpad[0] (.output clocked by clk)
Path Type : hold

Point                                                             Incr      Path
--------------------------------------------------------------------------------
clock clk (rise edge)                                            0.000     0.000
clock source latency                                             0.000     0.000
clk.inpad[0] (.input)                                            0.000     0.000
S~4.clk[0] (.latch)                                              0.000     0.000
S~4.Q[0] (.latch) [clock-to-output]                              0.124     0.124
out:S~4.outpad[0] (.output)                                      0.302     0.426
data arrival time                                                          0.426

clock clk (rise edge)                                            0.000     0.000
clock source latency                                             0.000     0.000
clock uncertainty                                                0.000     0.000
output external delay                                            0.000     0.000
data required time                                                         0.000
--------------------------------------------------------------------------------
data required time                                                        -0.000
data arrival time                                                          0.426
--------------------------------------------------------------------------------
slack (MET)                                                                0.426


#Path 29
Startpoint: S~15.Q[0] (.latch clocked by clk)
Endpoint  : out:S~15.outpad[0] (.output clocked by clk)
Path Type : hold

Point                                                             Incr      Path
--------------------------------------------------------------------------------
clock clk (rise edge)                                            0.000     0.000
clock source latency                                             0.000     0.000
clk.inpad[0] (.input)                                            0.000     0.000
S~15.clk[0] (.latch)                                             0.000     0.000
S~15.Q[0] (.latch) [clock-to-output]                             0.124     0.124
out:S~15.outpad[0] (.output)                                     0.304     0.428
data arrival time                                                          0.428

clock clk (rise edge)                                            0.000     0.000
clock source latency                                             0.000     0.000
clock uncertainty                                                0.000     0.000
output external delay                                            0.000     0.000
data required time                                                         0.000
--------------------------------------------------------------------------------
data required time                                                        -0.000
data arrival time                                                          0.428
--------------------------------------------------------------------------------
slack (MET)                                                                0.428


#Path 30
Startpoint: S~14.Q[0] (.latch clocked by clk)
Endpoint  : out:S~14.outpad[0] (.output clocked by clk)
Path Type : hold

Point                                                             Incr      Path
--------------------------------------------------------------------------------
clock clk (rise edge)                                            0.000     0.000
clock source latency                                             0.000     0.000
clk.inpad[0] (.input)                                            0.000     0.000
S~14.clk[0] (.latch)                                             0.000     0.000
S~14.Q[0] (.latch) [clock-to-output]                             0.124     0.124
out:S~14.outpad[0] (.output)                                     0.319     0.443
data arrival time                                                          0.443

clock clk (rise edge)                                            0.000     0.000
clock source latency                                             0.000     0.000
clock uncertainty                                                0.000     0.000
output external delay                                            0.000     0.000
data required time                                                         0.000
--------------------------------------------------------------------------------
data required time                                                        -0.000
data arrival time                                                          0.443
--------------------------------------------------------------------------------
slack (MET)                                                                0.443


#Path 31
Startpoint: S~10.Q[0] (.latch clocked by clk)
Endpoint  : out:S~10.outpad[0] (.output clocked by clk)
Path Type : hold

Point                                                             Incr      Path
--------------------------------------------------------------------------------
clock clk (rise edge)                                            0.000     0.000
clock source latency                                             0.000     0.000
clk.inpad[0] (.input)                                            0.000     0.000
S~10.clk[0] (.latch)                                             0.000     0.000
S~10.Q[0] (.latch) [clock-to-output]                             0.124     0.124
out:S~10.outpad[0] (.output)                                     0.321     0.445
data arrival time                                                          0.445

clock clk (rise edge)                                            0.000     0.000
clock source latency                                             0.000     0.000
clock uncertainty                                                0.000     0.000
output external delay                                            0.000     0.000
data required time                                                         0.000
--------------------------------------------------------------------------------
data required time                                                        -0.000
data arrival time                                                          0.445
--------------------------------------------------------------------------------
slack (MET)                                                                0.445


#Path 32
Startpoint: S~1.Q[0] (.latch clocked by clk)
Endpoint  : out:S~1.outpad[0] (.output clocked by clk)
Path Type : hold

Point                                                             Incr      Path
--------------------------------------------------------------------------------
clock clk (rise edge)                                            0.000     0.000
clock source latency                                             0.000     0.000
clk.inpad[0] (.input)                                            0.000     0.000
S~1.clk[0] (.latch)                                              0.000     0.000
S~1.Q[0] (.latch) [clock-to-output]                              0.124     0.124
out:S~1.outpad[0] (.output)                                      0.335     0.459
data arrival time                                                          0.459

clock clk (rise edge)                                            0.000     0.000
clock source latency                                             0.000     0.000
clock uncertainty                                                0.000     0.000
output external delay                                            0.000     0.000
data required time                                                         0.000
--------------------------------------------------------------------------------
data required time                                                        -0.000
data arrival time                                                          0.459
--------------------------------------------------------------------------------
slack (MET)                                                                0.459


#Path 33
Startpoint: S~8.Q[0] (.latch clocked by clk)
Endpoint  : out:S~8.outpad[0] (.output clocked by clk)
Path Type : hold

Point                                                             Incr      Path
--------------------------------------------------------------------------------
clock clk (rise edge)                                            0.000     0.000
clock source latency                                             0.000     0.000
clk.inpad[0] (.input)                                            0.000     0.000
S~8.clk[0] (.latch)                                              0.000     0.000
S~8.Q[0] (.latch) [clock-to-output]                              0.124     0.124
out:S~8.outpad[0] (.output)                                      0.435     0.559
data arrival time                                                          0.559

clock clk (rise edge)                                            0.000     0.000
clock source latency                                             0.000     0.000
clock uncertainty                                                0.000     0.000
output external delay                                            0.000     0.000
data required time                                                         0.000
--------------------------------------------------------------------------------
data required time                                                        -0.000
data arrival time                                                          0.559
--------------------------------------------------------------------------------
slack (MET)                                                                0.559


#Path 34
Startpoint: S~11.Q[0] (.latch clocked by clk)
Endpoint  : out:S~11.outpad[0] (.output clocked by clk)
Path Type : hold

Point                                                             Incr      Path
--------------------------------------------------------------------------------
clock clk (rise edge)                                            0.000     0.000
clock source latency                                             0.000     0.000
clk.inpad[0] (.input)                                            0.000     0.000
S~11.clk[0] (.latch)                                             0.000     0.000
S~11.Q[0] (.latch) [clock-to-output]                             0.124     0.124
out:S~11.outpad[0] (.output)                                     0.629     0.753
data arrival time                                                          0.753

clock clk (rise edge)                                            0.000     0.000
clock source latency                                             0.000     0.000
clock uncertainty                                                0.000     0.000
output external delay                                            0.000     0.000
data required time                                                         0.000
--------------------------------------------------------------------------------
data required time                                                        -0.000
data arrival time                                                          0.753
--------------------------------------------------------------------------------
slack (MET)                                                                0.753


#End of timing report
