#Packing pin usage report
Type: io
	Input Pin Usage:
		Max: 1.00 (0.50)
		Avg: 0.50 (0.25)
		Min: 0.00 (0.00)
		Histogram:
		[        0:      0.2) 64 ( 50.0%) |************************************************
		[      0.2:      0.4)  0 (  0.0%) |
		[      0.4:      0.6)  0 (  0.0%) |
		[      0.6:      0.8)  0 (  0.0%) |
		[      0.8:        1) 64 ( 50.0%) |************************************************
		[        1:      1.2)  0 (  0.0%) |
		[      1.2:      1.4)  0 (  0.0%) |
		[      1.4:      1.6)  0 (  0.0%) |
		[      1.6:      1.8)  0 (  0.0%) |
		[      1.8:        2)  0 (  0.0%) |
	Output Pin Usage:
		Max: 1.00 (1.00)
		Avg: 0.50 (0.50)
		Min: 0.00 (0.00)
		Histogram:
		[        0:      0.1) 64 ( 50.0%) |************************************************
		[      0.1:      0.2)  0 (  0.0%) |
		[      0.2:      0.3)  0 (  0.0%) |
		[      0.3:      0.4)  0 (  0.0%) |
		[      0.4:      0.5)  0 (  0.0%) |
		[      0.5:      0.6)  0 (  0.0%) |
		[      0.6:      0.7)  0 (  0.0%) |
		[      0.7:      0.8)  0 (  0.0%) |
		[      0.8:      0.9)  0 (  0.0%) |
		[      0.9:        1) 64 ( 50.0%) |************************************************

Type: clb
	Input Pin Usage:
		Max: 45.00 (0.83)
		Avg: 31.86 (0.59)
		Min: 2.00 (0.04)
		Histogram:
		[        0:      5.4)  2 (  1.2%) |**
		[      5.4:       11)  3 (  1.9%) |***
		[       11:       16)  4 (  2.5%) |****
		[       16:       22)  3 (  1.9%) |***
		[       22:       27) 21 ( 13.0%) |********************
		[       27:       32) 50 ( 30.9%) |************************************************
		[       32:       38) 46 ( 28.4%) |********************************************
		[       38:       43) 27 ( 16.7%) |**************************
		[       43:       49)  6 (  3.7%) |******
		[       49:       54)  0 (  0.0%) |
	Output Pin Usage:
		Max: 18.00 (0.86)
		Avg: 10.46 (0.50)
		Min: 1.00 (0.05)
		Histogram:
		[        0:      2.1)  4 (  2.5%) |*****
		[      2.1:      4.2)  2 (  1.2%) |**
		[      4.2:      6.3)  8 (  4.9%) |*********
		[      6.3:      8.4) 22 ( 13.6%) |*************************
		[      8.4:       10) 42 ( 25.9%) |************************************************
		[       10:       13) 40 ( 24.7%) |**********************************************
		[       13:       15) 32 ( 19.8%) |*************************************
		[       15:       17)  9 (  5.6%) |**********
		[       17:       19)  3 (  1.9%) |***
		[       19:       21)  0 (  0.0%) |

