#Packing pin usage report
Type: io
	Input Pin Usage:
		Max: 1.00 (0.50)
		Avg: 0.01 (0.00)
		Min: 0.00 (0.00)
		Histogram:
		[        0:      0.2) 517 ( 99.0%) |***********************************************
		[      0.2:      0.4)   0 (  0.0%) |
		[      0.4:      0.6)   0 (  0.0%) |
		[      0.6:      0.8)   0 (  0.0%) |
		[      0.8:        1)   5 (  1.0%) |
		[        1:      1.2)   0 (  0.0%) |
		[      1.2:      1.4)   0 (  0.0%) |
		[      1.4:      1.6)   0 (  0.0%) |
		[      1.6:      1.8)   0 (  0.0%) |
		[      1.8:        2)   0 (  0.0%) |
	Output Pin Usage:
		Max: 1.00 (1.00)
		Avg: 0.99 (0.99)
		Min: 0.00 (0.00)
		Histogram:
		[        0:      0.1)   5 (  1.0%) |
		[      0.1:      0.2)   0 (  0.0%) |
		[      0.2:      0.3)   0 (  0.0%) |
		[      0.3:      0.4)   0 (  0.0%) |
		[      0.4:      0.5)   0 (  0.0%) |
		[      0.5:      0.6)   0 (  0.0%) |
		[      0.6:      0.7)   0 (  0.0%) |
		[      0.7:      0.8)   0 (  0.0%) |
		[      0.8:      0.9)   0 (  0.0%) |
		[      0.9:        1) 517 ( 99.0%) |***********************************************

Type: clb
	Input Pin Usage:
		Max: 49.00 (0.91)
		Avg: 38.55 (0.71)
		Min: 4.00 (0.07)
		Histogram:
		[        0:      5.4)  3 (  1.9%) |**
		[      5.4:       11)  2 (  1.2%) |*
		[       11:       16)  2 (  1.2%) |*
		[       16:       22)  2 (  1.2%) |*
		[       22:       27)  7 (  4.3%) |*****
		[       27:       32)  5 (  3.1%) |***
		[       32:       38) 24 ( 14.9%) |****************
		[       38:       43) 71 ( 44.1%) |************************************************
		[       43:       49) 44 ( 27.3%) |******************************
		[       49:       54)  1 (  0.6%) |*
	Output Pin Usage:
		Max: 16.00 (0.76)
		Avg: 9.42 (0.45)
		Min: 1.00 (0.05)
		Histogram:
		[        0:      2.1)  6 (  3.7%) |*******
		[      2.1:      4.2)  7 (  4.3%) |********
		[      4.2:      6.3) 10 (  6.2%) |***********
		[      6.3:      8.4) 32 ( 19.9%) |************************************
		[      8.4:       10) 41 ( 25.5%) |**********************************************
		[       10:       13) 43 ( 26.7%) |************************************************
		[       13:       15) 17 ( 10.6%) |*******************
		[       15:       17)  5 (  3.1%) |******
		[       17:       19)  0 (  0.0%) |
		[       19:       21)  0 (  0.0%) |

