#Packing pin usage report
Type: io
	Input Pin Usage:
		Max: 1.00 (0.50)
		Avg: 0.34 (0.17)
		Min: 0.00 (0.00)
		Histogram:
		[        0:      0.2) 33 ( 66.0%) |************************************************
		[      0.2:      0.4)  0 (  0.0%) |
		[      0.4:      0.6)  0 (  0.0%) |
		[      0.6:      0.8)  0 (  0.0%) |
		[      0.8:        1) 17 ( 34.0%) |*************************
		[        1:      1.2)  0 (  0.0%) |
		[      1.2:      1.4)  0 (  0.0%) |
		[      1.4:      1.6)  0 (  0.0%) |
		[      1.6:      1.8)  0 (  0.0%) |
		[      1.8:        2)  0 (  0.0%) |
	Output Pin Usage:
		Max: 1.00 (1.00)
		Avg: 0.66 (0.66)
		Min: 0.00 (0.00)
		Histogram:
		[        0:      0.1) 17 ( 34.0%) |*************************
		[      0.1:      0.2)  0 (  0.0%) |
		[      0.2:      0.3)  0 (  0.0%) |
		[      0.3:      0.4)  0 (  0.0%) |
		[      0.4:      0.5)  0 (  0.0%) |
		[      0.5:      0.6)  0 (  0.0%) |
		[      0.6:      0.7)  0 (  0.0%) |
		[      0.7:      0.8)  0 (  0.0%) |
		[      0.8:      0.9)  0 (  0.0%) |
		[      0.9:        1) 33 ( 66.0%) |************************************************

Type: clb
	Input Pin Usage:
		Max: 34.00 (0.63)
		Avg: 30.00 (0.56)
		Min: 26.00 (0.48)
		Histogram:
		[        0:      5.4) 0 (  0.0%) |
		[      5.4:       11) 0 (  0.0%) |
		[       11:       16) 0 (  0.0%) |
		[       16:       22) 0 (  0.0%) |
		[       22:       27) 1 ( 50.0%) |**************************************************
		[       27:       32) 0 (  0.0%) |
		[       32:       38) 1 ( 50.0%) |**************************************************
		[       38:       43) 0 (  0.0%) |
		[       43:       49) 0 (  0.0%) |
		[       49:       54) 0 (  0.0%) |
	Output Pin Usage:
		Max: 13.00 (0.62)
		Avg: 10.50 (0.50)
		Min: 8.00 (0.38)
		Histogram:
		[        0:      2.1) 0 (  0.0%) |
		[      2.1:      4.2) 0 (  0.0%) |
		[      4.2:      6.3) 0 (  0.0%) |
		[      6.3:      8.4) 1 ( 50.0%) |**************************************************
		[      8.4:       10) 0 (  0.0%) |
		[       10:       13) 0 (  0.0%) |
		[       13:       15) 1 ( 50.0%) |**************************************************
		[       15:       17) 0 (  0.0%) |
		[       17:       19) 0 (  0.0%) |
		[       19:       21) 0 (  0.0%) |

