#Timing report of worst 17 path(s)
# Unit scale: 1e-09 seconds
# Output precision: 3

#Path 1
Startpoint: A~1.inpad[0] (.input clocked by virtual_io_clock)
Endpoint  : out:Cout.outpad[0] (.output clocked by virtual_io_clock)
Path Type : setup

Point                                                             Incr      Path
--------------------------------------------------------------------------------
clock virtual_io_clock (rise edge)                               0.000     0.000
clock source latency                                             0.000     0.000
input external delay                                             0.000     0.000
A~1.inpad[0] (.input)                                            0.000     0.000
new_n58.in[1] (.names)                                           0.306     0.306
new_n58.out[0] (.names)                                          0.235     0.541
new_n57.in[0] (.names)                                           0.100     0.641
new_n57.out[0] (.names)                                          0.261     0.902
new_n56.in[4] (.names)                                           0.100     1.002
new_n56.out[0] (.names)                                          0.261     1.263
new_n55.in[0] (.names)                                           0.100     1.363
new_n55.out[0] (.names)                                          0.261     1.624
new_n69.in[0] (.names)                                           0.100     1.724
new_n69.out[0] (.names)                                          0.261     1.985
Cout.in[5] (.names)                                              0.100     2.085
Cout.out[0] (.names)                                             0.261     2.346
out:Cout.outpad[0] (.output)                                     0.342     2.687
data arrival time                                                          2.687

clock virtual_io_clock (rise edge)                               0.000     0.000
clock source latency                                             0.000     0.000
clock uncertainty                                                0.000     0.000
output external delay                                            0.000     0.000
data required time                                                         0.000
--------------------------------------------------------------------------------
data required time                                                         0.000
data arrival time                                                         -2.687
--------------------------------------------------------------------------------
slack (VIOLATED)                                                          -2.687


#Path 2
Startpoint: A~1.inpad[0] (.input clocked by virtual_io_clock)
Endpoint  : out:S~14.outpad[0] (.output clocked by virtual_io_clock)
Path Type : setup

Point                                                             Incr      Path
--------------------------------------------------------------------------------
clock virtual_io_clock (rise edge)                               0.000     0.000
clock source latency                                             0.000     0.000
input external delay                                             0.000     0.000
A~1.inpad[0] (.input)                                            0.000     0.000
new_n58.in[1] (.names)                                           0.306     0.306
new_n58.out[0] (.names)                                          0.235     0.541
new_n57.in[0] (.names)                                           0.100     0.641
new_n57.out[0] (.names)                                          0.261     0.902
new_n56.in[4] (.names)                                           0.100     1.002
new_n56.out[0] (.names)                                          0.261     1.263
new_n55.in[0] (.names)                                           0.100     1.363
new_n55.out[0] (.names)                                          0.261     1.624
new_n69.in[0] (.names)                                           0.100     1.724
new_n69.out[0] (.names)                                          0.261     1.985
S~14.in[0] (.names)                                              0.100     2.085
S~14.out[0] (.names)                                             0.235     2.320
out:S~14.outpad[0] (.output)                                     0.342     2.661
data arrival time                                                          2.661

clock virtual_io_clock (rise edge)                               0.000     0.000
clock source latency                                             0.000     0.000
clock uncertainty                                                0.000     0.000
output external delay                                            0.000     0.000
data required time                                                         0.000
--------------------------------------------------------------------------------
data required time                                                         0.000
data arrival time                                                         -2.661
--------------------------------------------------------------------------------
slack (VIOLATED)                                                          -2.661


#Path 3
Startpoint: A~1.inpad[0] (.input clocked by virtual_io_clock)
Endpoint  : out:S~15.outpad[0] (.output clocked by virtual_io_clock)
Path Type : setup

Point                                                             Incr      Path
--------------------------------------------------------------------------------
clock virtual_io_clock (rise edge)                               0.000     0.000
clock source latency                                             0.000     0.000
input external delay                                             0.000     0.000
A~1.inpad[0] (.input)                                            0.000     0.000
new_n58.in[1] (.names)                                           0.306     0.306
new_n58.out[0] (.names)                                          0.235     0.541
new_n57.in[0] (.names)                                           0.100     0.641
new_n57.out[0] (.names)                                          0.261     0.902
new_n56.in[4] (.names)                                           0.100     1.002
new_n56.out[0] (.names)                                          0.261     1.263
new_n55.in[0] (.names)                                           0.100     1.363
new_n55.out[0] (.names)                                          0.261     1.624
new_n69.in[0] (.names)                                           0.100     1.724
new_n69.out[0] (.names)                                          0.261     1.985
S~15.in[0] (.names)                                              0.100     2.085
S~15.out[0] (.names)                                             0.261     2.346
out:S~15.outpad[0] (.output)                                     0.266     2.612
data arrival time                                                          2.612

clock virtual_io_clock (rise edge)                               0.000     0.000
clock source latency                                             0.000     0.000
clock uncertainty                                                0.000     0.000
output external delay                                            0.000     0.000
data required time                                                         0.000
--------------------------------------------------------------------------------
data required time                                                         0.000
data arrival time                                                         -2.612
--------------------------------------------------------------------------------
slack (VIOLATED)                                                          -2.612


#Path 4
Startpoint: A~1.inpad[0] (.input clocked by virtual_io_clock)
Endpoint  : out:S~11.outpad[0] (.output clocked by virtual_io_clock)
Path Type : setup

Point                                                             Incr      Path
--------------------------------------------------------------------------------
clock virtual_io_clock (rise edge)                               0.000     0.000
clock source latency                                             0.000     0.000
input external delay                                             0.000     0.000
A~1.inpad[0] (.input)                                            0.000     0.000
new_n58.in[1] (.names)                                           0.306     0.306
new_n58.out[0] (.names)                                          0.235     0.541
new_n57.in[0] (.names)                                           0.100     0.641
new_n57.out[0] (.names)                                          0.261     0.902
new_n56.in[4] (.names)                                           0.100     1.002
new_n56.out[0] (.names)                                          0.261     1.263
new_n55.in[0] (.names)                                           0.100     1.363
new_n55.out[0] (.names)                                          0.261     1.624
S~11.in[0] (.names)                                              0.272     1.896
S~11.out[0] (.names)                                             0.235     2.131
out:S~11.outpad[0] (.output)                                     0.285     2.416
data arrival time                                                          2.416

clock virtual_io_clock (rise edge)                               0.000     0.000
clock source latency                                             0.000     0.000
clock uncertainty                                                0.000     0.000
output external delay                                            0.000     0.000
data required time                                                         0.000
--------------------------------------------------------------------------------
data required time                                                         0.000
data arrival time                                                         -2.416
--------------------------------------------------------------------------------
slack (VIOLATED)                                                          -2.416


#Path 5
Startpoint: A~1.inpad[0] (.input clocked by virtual_io_clock)
Endpoint  : out:S~10.outpad[0] (.output clocked by virtual_io_clock)
Path Type : setup

Point                                                             Incr      Path
--------------------------------------------------------------------------------
clock virtual_io_clock (rise edge)                               0.000     0.000
clock source latency                                             0.000     0.000
input external delay                                             0.000     0.000
A~1.inpad[0] (.input)                                            0.000     0.000
new_n58.in[1] (.names)                                           0.306     0.306
new_n58.out[0] (.names)                                          0.235     0.541
new_n57.in[0] (.names)                                           0.100     0.641
new_n57.out[0] (.names)                                          0.261     0.902
new_n56.in[4] (.names)                                           0.100     1.002
new_n56.out[0] (.names)                                          0.261     1.263
new_n85.in[0] (.names)                                           0.287     1.550
new_n85.out[0] (.names)                                          0.235     1.785
S~10.in[0] (.names)                                              0.100     1.885
S~10.out[0] (.names)                                             0.235     2.120
out:S~10.outpad[0] (.output)                                     0.288     2.408
data arrival time                                                          2.408

clock virtual_io_clock (rise edge)                               0.000     0.000
clock source latency                                             0.000     0.000
clock uncertainty                                                0.000     0.000
output external delay                                            0.000     0.000
data required time                                                         0.000
--------------------------------------------------------------------------------
data required time                                                         0.000
data arrival time                                                         -2.408
--------------------------------------------------------------------------------
slack (VIOLATED)                                                          -2.408


#Path 6
Startpoint: A~1.inpad[0] (.input clocked by virtual_io_clock)
Endpoint  : out:S~12.outpad[0] (.output clocked by virtual_io_clock)
Path Type : setup

Point                                                             Incr      Path
--------------------------------------------------------------------------------
clock virtual_io_clock (rise edge)                               0.000     0.000
clock source latency                                             0.000     0.000
input external delay                                             0.000     0.000
A~1.inpad[0] (.input)                                            0.000     0.000
new_n58.in[1] (.names)                                           0.306     0.306
new_n58.out[0] (.names)                                          0.235     0.541
new_n57.in[0] (.names)                                           0.100     0.641
new_n57.out[0] (.names)                                          0.261     0.902
new_n56.in[4] (.names)                                           0.100     1.002
new_n56.out[0] (.names)                                          0.261     1.263
new_n55.in[0] (.names)                                           0.100     1.363
new_n55.out[0] (.names)                                          0.261     1.624
S~12.in[0] (.names)                                              0.270     1.894
S~12.out[0] (.names)                                             0.235     2.129
out:S~12.outpad[0] (.output)                                     0.188     2.318
data arrival time                                                          2.318

clock virtual_io_clock (rise edge)                               0.000     0.000
clock source latency                                             0.000     0.000
clock uncertainty                                                0.000     0.000
output external delay                                            0.000     0.000
data required time                                                         0.000
--------------------------------------------------------------------------------
data required time                                                         0.000
data arrival time                                                         -2.318
--------------------------------------------------------------------------------
slack (VIOLATED)                                                          -2.318


#Path 7
Startpoint: A~1.inpad[0] (.input clocked by virtual_io_clock)
Endpoint  : out:S~6.outpad[0] (.output clocked by virtual_io_clock)
Path Type : setup

Point                                                             Incr      Path
--------------------------------------------------------------------------------
clock virtual_io_clock (rise edge)                               0.000     0.000
clock source latency                                             0.000     0.000
input external delay                                             0.000     0.000
A~1.inpad[0] (.input)                                            0.000     0.000
new_n58.in[1] (.names)                                           0.306     0.306
new_n58.out[0] (.names)                                          0.235     0.541
new_n57.in[0] (.names)                                           0.100     0.641
new_n57.out[0] (.names)                                          0.261     0.902
new_n80.in[2] (.names)                                           0.443     1.345
new_n80.out[0] (.names)                                          0.235     1.580
S~6.in[0] (.names)                                               0.100     1.680
S~6.out[0] (.names)                                              0.235     1.915
out:S~6.outpad[0] (.output)                                      0.362     2.277
data arrival time                                                          2.277

clock virtual_io_clock (rise edge)                               0.000     0.000
clock source latency                                             0.000     0.000
clock uncertainty                                                0.000     0.000
output external delay                                            0.000     0.000
data required time                                                         0.000
--------------------------------------------------------------------------------
data required time                                                         0.000
data arrival time                                                         -2.277
--------------------------------------------------------------------------------
slack (VIOLATED)                                                          -2.277


#Path 8
Startpoint: A~1.inpad[0] (.input clocked by virtual_io_clock)
Endpoint  : out:S~13.outpad[0] (.output clocked by virtual_io_clock)
Path Type : setup

Point                                                             Incr      Path
--------------------------------------------------------------------------------
clock virtual_io_clock (rise edge)                               0.000     0.000
clock source latency                                             0.000     0.000
input external delay                                             0.000     0.000
A~1.inpad[0] (.input)                                            0.000     0.000
new_n58.in[1] (.names)                                           0.306     0.306
new_n58.out[0] (.names)                                          0.235     0.541
new_n57.in[0] (.names)                                           0.100     0.641
new_n57.out[0] (.names)                                          0.261     0.902
new_n56.in[4] (.names)                                           0.100     1.002
new_n56.out[0] (.names)                                          0.261     1.263
new_n55.in[0] (.names)                                           0.100     1.363
new_n55.out[0] (.names)                                          0.261     1.624
S~13.in[0] (.names)                                              0.100     1.724
S~13.out[0] (.names)                                             0.261     1.985
out:S~13.outpad[0] (.output)                                     0.266     2.251
data arrival time                                                          2.251

clock virtual_io_clock (rise edge)                               0.000     0.000
clock source latency                                             0.000     0.000
clock uncertainty                                                0.000     0.000
output external delay                                            0.000     0.000
data required time                                                         0.000
--------------------------------------------------------------------------------
data required time                                                         0.000
data arrival time                                                         -2.251
--------------------------------------------------------------------------------
slack (VIOLATED)                                                          -2.251


#Path 9
Startpoint: A~1.inpad[0] (.input clocked by virtual_io_clock)
Endpoint  : out:S~9.outpad[0] (.output clocked by virtual_io_clock)
Path Type : setup

Point                                                             Incr      Path
--------------------------------------------------------------------------------
clock virtual_io_clock (rise edge)                               0.000     0.000
clock source latency                                             0.000     0.000
input external delay                                             0.000     0.000
A~1.inpad[0] (.input)                                            0.000     0.000
new_n58.in[1] (.names)                                           0.306     0.306
new_n58.out[0] (.names)                                          0.235     0.541
new_n57.in[0] (.names)                                           0.100     0.641
new_n57.out[0] (.names)                                          0.261     0.902
new_n56.in[4] (.names)                                           0.100     1.002
new_n56.out[0] (.names)                                          0.261     1.263
S~9.in[0] (.names)                                               0.287     1.550
S~9.out[0] (.names)                                              0.235     1.785
out:S~9.outpad[0] (.output)                                      0.438     2.223
data arrival time                                                          2.223

clock virtual_io_clock (rise edge)                               0.000     0.000
clock source latency                                             0.000     0.000
clock uncertainty                                                0.000     0.000
output external delay                                            0.000     0.000
data required time                                                         0.000
--------------------------------------------------------------------------------
data required time                                                         0.000
data arrival time                                                         -2.223
--------------------------------------------------------------------------------
slack (VIOLATED)                                                          -2.223


#Path 10
Startpoint: A~1.inpad[0] (.input clocked by virtual_io_clock)
Endpoint  : out:S~7.outpad[0] (.output clocked by virtual_io_clock)
Path Type : setup

Point                                                             Incr      Path
--------------------------------------------------------------------------------
clock virtual_io_clock (rise edge)                               0.000     0.000
clock source latency                                             0.000     0.000
input external delay                                             0.000     0.000
A~1.inpad[0] (.input)                                            0.000     0.000
new_n58.in[1] (.names)                                           0.306     0.306
new_n58.out[0] (.names)                                          0.235     0.541
new_n57.in[0] (.names)                                           0.100     0.641
new_n57.out[0] (.names)                                          0.261     0.902
new_n80.in[2] (.names)                                           0.443     1.345
new_n80.out[0] (.names)                                          0.235     1.580
S~7.in[0] (.names)                                               0.100     1.680
S~7.out[0] (.names)                                              0.235     1.915
out:S~7.outpad[0] (.output)                                      0.286     2.201
data arrival time                                                          2.201

clock virtual_io_clock (rise edge)                               0.000     0.000
clock source latency                                             0.000     0.000
clock uncertainty                                                0.000     0.000
output external delay                                            0.000     0.000
data required time                                                         0.000
--------------------------------------------------------------------------------
data required time                                                         0.000
data arrival time                                                         -2.201
--------------------------------------------------------------------------------
slack (VIOLATED)                                                          -2.201


#Path 11
Startpoint: A~1.inpad[0] (.input clocked by virtual_io_clock)
Endpoint  : out:S~5.outpad[0] (.output clocked by virtual_io_clock)
Path Type : setup

Point                                                             Incr      Path
--------------------------------------------------------------------------------
clock virtual_io_clock (rise edge)                               0.000     0.000
clock source latency                                             0.000     0.000
input external delay                                             0.000     0.000
A~1.inpad[0] (.input)                                            0.000     0.000
new_n58.in[1] (.names)                                           0.306     0.306
new_n58.out[0] (.names)                                          0.235     0.541
new_n57.in[0] (.names)                                           0.100     0.641
new_n57.out[0] (.names)                                          0.261     0.902
S~5.in[0] (.names)                                               0.443     1.345
S~5.out[0] (.names)                                              0.235     1.580
out:S~5.outpad[0] (.output)                                      0.549     2.129
data arrival time                                                          2.129

clock virtual_io_clock (rise edge)                               0.000     0.000
clock source latency                                             0.000     0.000
clock uncertainty                                                0.000     0.000
output external delay                                            0.000     0.000
data required time                                                         0.000
--------------------------------------------------------------------------------
data required time                                                         0.000
data arrival time                                                         -2.129
--------------------------------------------------------------------------------
slack (VIOLATED)                                                          -2.129


#Path 12
Startpoint: A~1.inpad[0] (.input clocked by virtual_io_clock)
Endpoint  : out:S~8.outpad[0] (.output clocked by virtual_io_clock)
Path Type : setup

Point                                                             Incr      Path
--------------------------------------------------------------------------------
clock virtual_io_clock (rise edge)                               0.000     0.000
clock source latency                                             0.000     0.000
input external delay                                             0.000     0.000
A~1.inpad[0] (.input)                                            0.000     0.000
new_n58.in[1] (.names)                                           0.306     0.306
new_n58.out[0] (.names)                                          0.235     0.541
new_n57.in[0] (.names)                                           0.100     0.641
new_n57.out[0] (.names)                                          0.261     0.902
new_n56.in[4] (.names)                                           0.100     1.002
new_n56.out[0] (.names)                                          0.261     1.263
S~8.in[0] (.names)                                               0.287     1.550
S~8.out[0] (.names)                                              0.235     1.785
out:S~8.outpad[0] (.output)                                      0.189     1.974
data arrival time                                                          1.974

clock virtual_io_clock (rise edge)                               0.000     0.000
clock source latency                                             0.000     0.000
clock uncertainty                                                0.000     0.000
output external delay                                            0.000     0.000
data required time                                                         0.000
--------------------------------------------------------------------------------
data required time                                                         0.000
data arrival time                                                         -1.974
--------------------------------------------------------------------------------
slack (VIOLATED)                                                          -1.974


#Path 13
Startpoint: A~3.inpad[0] (.input clocked by virtual_io_clock)
Endpoint  : out:S~3.outpad[0] (.output clocked by virtual_io_clock)
Path Type : setup

Point                                                             Incr      Path
--------------------------------------------------------------------------------
clock virtual_io_clock (rise edge)                               0.000     0.000
clock source latency                                             0.000     0.000
input external delay                                             0.000     0.000
A~3.inpad[0] (.input)                                            0.000     0.000
out:S~3.outpad[0] (.output)                                      0.645     0.645
data arrival time                                                          0.645

clock virtual_io_clock (rise edge)                               0.000     0.000
clock source latency                                             0.000     0.000
clock uncertainty                                                0.000     0.000
output external delay                                            0.000     0.000
data required time                                                         0.000
--------------------------------------------------------------------------------
data required time                                                         0.000
data arrival time                                                         -0.645
--------------------------------------------------------------------------------
slack (VIOLATED)                                                          -0.645


#Path 14
Startpoint: A~0.inpad[0] (.input clocked by virtual_io_clock)
Endpoint  : out:S~0.outpad[0] (.output clocked by virtual_io_clock)
Path Type : setup

Point                                                             Incr      Path
--------------------------------------------------------------------------------
clock virtual_io_clock (rise edge)                               0.000     0.000
clock source latency                                             0.000     0.000
input external delay                                             0.000     0.000
A~0.inpad[0] (.input)                                            0.000     0.000
out:S~0.outpad[0] (.output)                                      0.495     0.495
data arrival time                                                          0.495

clock virtual_io_clock (rise edge)                               0.000     0.000
clock source latency                                             0.000     0.000
clock uncertainty                                                0.000     0.000
output external delay                                            0.000     0.000
data required time                                                         0.000
--------------------------------------------------------------------------------
data required time                                                         0.000
data arrival time                                                         -0.495
--------------------------------------------------------------------------------
slack (VIOLATED)                                                          -0.495


#Path 15
Startpoint: A~4.inpad[0] (.input clocked by virtual_io_clock)
Endpoint  : out:S~4.outpad[0] (.output clocked by virtual_io_clock)
Path Type : setup

Point                                                             Incr      Path
--------------------------------------------------------------------------------
clock virtual_io_clock (rise edge)                               0.000     0.000
clock source latency                                             0.000     0.000
input external delay                                             0.000     0.000
A~4.inpad[0] (.input)                                            0.000     0.000
out:S~4.outpad[0] (.output)                                      0.298     0.298
data arrival time                                                          0.298

clock virtual_io_clock (rise edge)                               0.000     0.000
clock source latency                                             0.000     0.000
clock uncertainty                                                0.000     0.000
output external delay                                            0.000     0.000
data required time                                                         0.000
--------------------------------------------------------------------------------
data required time                                                         0.000
data arrival time                                                         -0.298
--------------------------------------------------------------------------------
slack (VIOLATED)                                                          -0.298


#Path 16
Startpoint: A~1.inpad[0] (.input clocked by virtual_io_clock)
Endpoint  : out:S~1.outpad[0] (.output clocked by virtual_io_clock)
Path Type : setup

Point                                                             Incr      Path
--------------------------------------------------------------------------------
clock virtual_io_clock (rise edge)                               0.000     0.000
clock source latency                                             0.000     0.000
input external delay                                             0.000     0.000
A~1.inpad[0] (.input)                                            0.000     0.000
out:S~1.outpad[0] (.output)                                      0.297     0.297
data arrival time                                                          0.297

clock virtual_io_clock (rise edge)                               0.000     0.000
clock source latency                                             0.000     0.000
clock uncertainty                                                0.000     0.000
output external delay                                            0.000     0.000
data required time                                                         0.000
--------------------------------------------------------------------------------
data required time                                                         0.000
data arrival time                                                         -0.297
--------------------------------------------------------------------------------
slack (VIOLATED)                                                          -0.297


#Path 17
Startpoint: A~2.inpad[0] (.input clocked by virtual_io_clock)
Endpoint  : out:S~2.outpad[0] (.output clocked by virtual_io_clock)
Path Type : setup

Point                                                             Incr      Path
--------------------------------------------------------------------------------
clock virtual_io_clock (rise edge)                               0.000     0.000
clock source latency                                             0.000     0.000
input external delay                                             0.000     0.000
A~2.inpad[0] (.input)                                            0.000     0.000
out:S~2.outpad[0] (.output)                                      0.204     0.204
data arrival time                                                          0.204

clock virtual_io_clock (rise edge)                               0.000     0.000
clock source latency                                             0.000     0.000
clock uncertainty                                                0.000     0.000
output external delay                                            0.000     0.000
data required time                                                         0.000
--------------------------------------------------------------------------------
data required time                                                         0.000
data arrival time                                                         -0.204
--------------------------------------------------------------------------------
slack (VIOLATED)                                                          -0.204


#End of timing report
