#Timing report of worst 32 path(s)
# Unit scale: 1e-09 seconds
# Output precision: 3

#Path 1
Startpoint: a~4.inpad[0] (.input clocked by virtual_io_clock)
Endpoint  : out:result~4.outpad[0] (.output clocked by virtual_io_clock)
Path Type : hold

Point                                                             Incr      Path
--------------------------------------------------------------------------------
clock virtual_io_clock (rise edge)                               0.000     0.000
clock source latency                                             0.000     0.000
input external delay                                             0.000     0.000
a~4.inpad[0] (.input)                                            0.000     0.000
out:result~4.outpad[0] (.output)                                 0.216     0.216
data arrival time                                                          0.216

clock virtual_io_clock (rise edge)                               0.000     0.000
clock source latency                                             0.000     0.000
clock uncertainty                                                0.000     0.000
output external delay                                            0.000     0.000
data required time                                                         0.000
--------------------------------------------------------------------------------
data required time                                                        -0.000
data arrival time                                                          0.216
--------------------------------------------------------------------------------
slack (MET)                                                                0.216


#Path 2
Startpoint: a~1.inpad[0] (.input clocked by virtual_io_clock)
Endpoint  : out:result~1.outpad[0] (.output clocked by virtual_io_clock)
Path Type : hold

Point                                                             Incr      Path
--------------------------------------------------------------------------------
clock virtual_io_clock (rise edge)                               0.000     0.000
clock source latency                                             0.000     0.000
input external delay                                             0.000     0.000
a~1.inpad[0] (.input)                                            0.000     0.000
out:result~1.outpad[0] (.output)                                 0.217     0.217
data arrival time                                                          0.217

clock virtual_io_clock (rise edge)                               0.000     0.000
clock source latency                                             0.000     0.000
clock uncertainty                                                0.000     0.000
output external delay                                            0.000     0.000
data required time                                                         0.000
--------------------------------------------------------------------------------
data required time                                                        -0.000
data arrival time                                                          0.217
--------------------------------------------------------------------------------
slack (MET)                                                                0.217


#Path 3
Startpoint: a~3.inpad[0] (.input clocked by virtual_io_clock)
Endpoint  : out:result~3.outpad[0] (.output clocked by virtual_io_clock)
Path Type : hold

Point                                                             Incr      Path
--------------------------------------------------------------------------------
clock virtual_io_clock (rise edge)                               0.000     0.000
clock source latency                                             0.000     0.000
input external delay                                             0.000     0.000
a~3.inpad[0] (.input)                                            0.000     0.000
out:result~3.outpad[0] (.output)                                 0.218     0.218
data arrival time                                                          0.218

clock virtual_io_clock (rise edge)                               0.000     0.000
clock source latency                                             0.000     0.000
clock uncertainty                                                0.000     0.000
output external delay                                            0.000     0.000
data required time                                                         0.000
--------------------------------------------------------------------------------
data required time                                                        -0.000
data arrival time                                                          0.218
--------------------------------------------------------------------------------
slack (MET)                                                                0.218


#Path 4
Startpoint: a~5.inpad[0] (.input clocked by virtual_io_clock)
Endpoint  : out:result~11.outpad[0] (.output clocked by virtual_io_clock)
Path Type : hold

Point                                                             Incr      Path
--------------------------------------------------------------------------------
clock virtual_io_clock (rise edge)                               0.000     0.000
clock source latency                                             0.000     0.000
input external delay                                             0.000     0.000
a~5.inpad[0] (.input)                                            0.000     0.000
new_n7681.in[1] (.names)                                         1.084     1.084
new_n7681.out[0] (.names)                                        0.235     1.319
result~11.in[4] (.names)                                         0.000     1.319
result~11.out[0] (.names)                                        0.261     1.580
out:result~11.outpad[0] (.output)                                0.444     2.024
data arrival time                                                          2.024

clock virtual_io_clock (rise edge)                               0.000     0.000
clock source latency                                             0.000     0.000
clock uncertainty                                                0.000     0.000
output external delay                                            0.000     0.000
data required time                                                         0.000
--------------------------------------------------------------------------------
data required time                                                        -0.000
data arrival time                                                          2.024
--------------------------------------------------------------------------------
slack (MET)                                                                2.024


#Path 5
Startpoint: a~2.inpad[0] (.input clocked by virtual_io_clock)
Endpoint  : out:result~2.outpad[0] (.output clocked by virtual_io_clock)
Path Type : hold

Point                                                             Incr      Path
--------------------------------------------------------------------------------
clock virtual_io_clock (rise edge)                               0.000     0.000
clock source latency                                             0.000     0.000
input external delay                                             0.000     0.000
a~2.inpad[0] (.input)                                            0.000     0.000
out:result~2.outpad[0] (.output)                                 2.044     2.044
data arrival time                                                          2.044

clock virtual_io_clock (rise edge)                               0.000     0.000
clock source latency                                             0.000     0.000
clock uncertainty                                                0.000     0.000
output external delay                                            0.000     0.000
data required time                                                         0.000
--------------------------------------------------------------------------------
data required time                                                        -0.000
data arrival time                                                          2.044
--------------------------------------------------------------------------------
slack (MET)                                                                2.044


#Path 6
Startpoint: a~5.inpad[0] (.input clocked by virtual_io_clock)
Endpoint  : out:result~10.outpad[0] (.output clocked by virtual_io_clock)
Path Type : hold

Point                                                             Incr      Path
--------------------------------------------------------------------------------
clock virtual_io_clock (rise edge)                               0.000     0.000
clock source latency                                             0.000     0.000
input external delay                                             0.000     0.000
a~5.inpad[0] (.input)                                            0.000     0.000
new_n7681.in[1] (.names)                                         1.084     1.084
new_n7681.out[0] (.names)                                        0.235     1.319
result~10.in[4] (.names)                                         0.000     1.319
result~10.out[0] (.names)                                        0.235     1.554
out:result~10.outpad[0] (.output)                                0.582     2.136
data arrival time                                                          2.136

clock virtual_io_clock (rise edge)                               0.000     0.000
clock source latency                                             0.000     0.000
clock uncertainty                                                0.000     0.000
output external delay                                            0.000     0.000
data required time                                                         0.000
--------------------------------------------------------------------------------
data required time                                                        -0.000
data arrival time                                                          2.136
--------------------------------------------------------------------------------
slack (MET)                                                                2.136


#Path 7
Startpoint: a~0.inpad[0] (.input clocked by virtual_io_clock)
Endpoint  : out:result~0.outpad[0] (.output clocked by virtual_io_clock)
Path Type : hold

Point                                                             Incr      Path
--------------------------------------------------------------------------------
clock virtual_io_clock (rise edge)                               0.000     0.000
clock source latency                                             0.000     0.000
input external delay                                             0.000     0.000
a~0.inpad[0] (.input)                                            0.000     0.000
out:result~0.outpad[0] (.output)                                 2.160     2.160
data arrival time                                                          2.160

clock virtual_io_clock (rise edge)                               0.000     0.000
clock source latency                                             0.000     0.000
clock uncertainty                                                0.000     0.000
output external delay                                            0.000     0.000
data required time                                                         0.000
--------------------------------------------------------------------------------
data required time                                                        -0.000
data arrival time                                                          2.160
--------------------------------------------------------------------------------
slack (MET)                                                                2.160


#Path 8
Startpoint: a~1.inpad[0] (.input clocked by virtual_io_clock)
Endpoint  : out:result~5.outpad[0] (.output clocked by virtual_io_clock)
Path Type : hold

Point                                                             Incr      Path
--------------------------------------------------------------------------------
clock virtual_io_clock (rise edge)                               0.000     0.000
clock source latency                                             0.000     0.000
input external delay                                             0.000     0.000
a~1.inpad[0] (.input)                                            0.000     0.000
new_n7379.in[1] (.names)                                         1.019     1.019
new_n7379.out[0] (.names)                                        0.235     1.254
result~5.in[3] (.names)                                          0.219     1.473
result~5.out[0] (.names)                                         0.235     1.708
out:result~5.outpad[0] (.output)                                 0.478     2.186
data arrival time                                                          2.186

clock virtual_io_clock (rise edge)                               0.000     0.000
clock source latency                                             0.000     0.000
clock uncertainty                                                0.000     0.000
output external delay                                            0.000     0.000
data required time                                                         0.000
--------------------------------------------------------------------------------
data required time                                                        -0.000
data arrival time                                                          2.186
--------------------------------------------------------------------------------
slack (MET)                                                                2.186


#Path 9
Startpoint: a~1.inpad[0] (.input clocked by virtual_io_clock)
Endpoint  : out:result~6.outpad[0] (.output clocked by virtual_io_clock)
Path Type : hold

Point                                                             Incr      Path
--------------------------------------------------------------------------------
clock virtual_io_clock (rise edge)                               0.000     0.000
clock source latency                                             0.000     0.000
input external delay                                             0.000     0.000
a~1.inpad[0] (.input)                                            0.000     0.000
new_n7379.in[1] (.names)                                         1.019     1.019
new_n7379.out[0] (.names)                                        0.235     1.254
result~6.in[3] (.names)                                          0.219     1.473
result~6.out[0] (.names)                                         0.261     1.734
out:result~6.outpad[0] (.output)                                 0.510     2.244
data arrival time                                                          2.244

clock virtual_io_clock (rise edge)                               0.000     0.000
clock source latency                                             0.000     0.000
clock uncertainty                                                0.000     0.000
output external delay                                            0.000     0.000
data required time                                                         0.000
--------------------------------------------------------------------------------
data required time                                                        -0.000
data arrival time                                                          2.244
--------------------------------------------------------------------------------
slack (MET)                                                                2.244


#Path 10
Startpoint: a~1.inpad[0] (.input clocked by virtual_io_clock)
Endpoint  : out:result~8.outpad[0] (.output clocked by virtual_io_clock)
Path Type : hold

Point                                                             Incr      Path
--------------------------------------------------------------------------------
clock virtual_io_clock (rise edge)                               0.000     0.000
clock source latency                                             0.000     0.000
input external delay                                             0.000     0.000
a~1.inpad[0] (.input)                                            0.000     0.000
new_n7379.in[1] (.names)                                         1.019     1.019
new_n7379.out[0] (.names)                                        0.235     1.254
new_n7492.in[0] (.names)                                         0.000     1.254
new_n7492.out[0] (.names)                                        0.235     1.489
result~8.in[0] (.names)                                          0.218     1.707
result~8.out[0] (.names)                                         0.235     1.942
out:result~8.outpad[0] (.output)                                 0.503     2.445
data arrival time                                                          2.445

clock virtual_io_clock (rise edge)                               0.000     0.000
clock source latency                                             0.000     0.000
clock uncertainty                                                0.000     0.000
output external delay                                            0.000     0.000
data required time                                                         0.000
--------------------------------------------------------------------------------
data required time                                                        -0.000
data arrival time                                                          2.445
--------------------------------------------------------------------------------
slack (MET)                                                                2.445


#Path 11
Startpoint: a~1.inpad[0] (.input clocked by virtual_io_clock)
Endpoint  : out:result~7.outpad[0] (.output clocked by virtual_io_clock)
Path Type : hold

Point                                                             Incr      Path
--------------------------------------------------------------------------------
clock virtual_io_clock (rise edge)                               0.000     0.000
clock source latency                                             0.000     0.000
input external delay                                             0.000     0.000
a~1.inpad[0] (.input)                                            0.000     0.000
new_n7379.in[1] (.names)                                         1.019     1.019
new_n7379.out[0] (.names)                                        0.235     1.254
new_n7492.in[0] (.names)                                         0.000     1.254
new_n7492.out[0] (.names)                                        0.235     1.489
result~7.in[0] (.names)                                          0.218     1.707
result~7.out[0] (.names)                                         0.235     1.942
out:result~7.outpad[0] (.output)                                 0.505     2.446
data arrival time                                                          2.446

clock virtual_io_clock (rise edge)                               0.000     0.000
clock source latency                                             0.000     0.000
clock uncertainty                                                0.000     0.000
output external delay                                            0.000     0.000
data required time                                                         0.000
--------------------------------------------------------------------------------
data required time                                                        -0.000
data arrival time                                                          2.446
--------------------------------------------------------------------------------
slack (MET)                                                                2.446


#Path 12
Startpoint: a~11.inpad[0] (.input clocked by virtual_io_clock)
Endpoint  : out:result~13.outpad[0] (.output clocked by virtual_io_clock)
Path Type : hold

Point                                                             Incr      Path
--------------------------------------------------------------------------------
clock virtual_io_clock (rise edge)                               0.000     0.000
clock source latency                                             0.000     0.000
input external delay                                             0.000     0.000
a~11.inpad[0] (.input)                                           0.000     0.000
new_n7777.in[3] (.names)                                         1.789     1.789
new_n7777.out[0] (.names)                                        0.235     2.024
result~13.in[5] (.names)                                         0.000     2.024
result~13.out[0] (.names)                                        0.261     2.285
out:result~13.outpad[0] (.output)                                0.290     2.575
data arrival time                                                          2.575

clock virtual_io_clock (rise edge)                               0.000     0.000
clock source latency                                             0.000     0.000
clock uncertainty                                                0.000     0.000
output external delay                                            0.000     0.000
data required time                                                         0.000
--------------------------------------------------------------------------------
data required time                                                        -0.000
data arrival time                                                          2.575
--------------------------------------------------------------------------------
slack (MET)                                                                2.575


#Path 13
Startpoint: a~5.inpad[0] (.input clocked by virtual_io_clock)
Endpoint  : out:result~12.outpad[0] (.output clocked by virtual_io_clock)
Path Type : hold

Point                                                             Incr      Path
--------------------------------------------------------------------------------
clock virtual_io_clock (rise edge)                               0.000     0.000
clock source latency                                             0.000     0.000
input external delay                                             0.000     0.000
a~5.inpad[0] (.input)                                            0.000     0.000
new_n7681.in[1] (.names)                                         1.084     1.084
new_n7681.out[0] (.names)                                        0.235     1.319
new_n7728.in[4] (.names)                                         0.361     1.681
new_n7728.out[0] (.names)                                        0.235     1.916
result~12.in[0] (.names)                                         0.171     2.087
result~12.out[0] (.names)                                        0.235     2.322
out:result~12.outpad[0] (.output)                                0.313     2.635
data arrival time                                                          2.635

clock virtual_io_clock (rise edge)                               0.000     0.000
clock source latency                                             0.000     0.000
clock uncertainty                                                0.000     0.000
output external delay                                            0.000     0.000
data required time                                                         0.000
--------------------------------------------------------------------------------
data required time                                                        -0.000
data arrival time                                                          2.635
--------------------------------------------------------------------------------
slack (MET)                                                                2.635


#Path 14
Startpoint: a~1.inpad[0] (.input clocked by virtual_io_clock)
Endpoint  : out:result~9.outpad[0] (.output clocked by virtual_io_clock)
Path Type : hold

Point                                                             Incr      Path
--------------------------------------------------------------------------------
clock virtual_io_clock (rise edge)                               0.000     0.000
clock source latency                                             0.000     0.000
input external delay                                             0.000     0.000
a~1.inpad[0] (.input)                                            0.000     0.000
new_n7379.in[1] (.names)                                         1.019     1.019
new_n7379.out[0] (.names)                                        0.235     1.254
new_n7492.in[0] (.names)                                         0.000     1.254
new_n7492.out[0] (.names)                                        0.235     1.489
new_n7595.in[0] (.names)                                         0.000     1.489
new_n7595.out[0] (.names)                                        0.235     1.724
result~9.in[0] (.names)                                          0.219     1.943
result~9.out[0] (.names)                                         0.235     2.178
out:result~9.outpad[0] (.output)                                 0.581     2.759
data arrival time                                                          2.759

clock virtual_io_clock (rise edge)                               0.000     0.000
clock source latency                                             0.000     0.000
clock uncertainty                                                0.000     0.000
output external delay                                            0.000     0.000
data required time                                                         0.000
--------------------------------------------------------------------------------
data required time                                                        -0.000
data arrival time                                                          2.759
--------------------------------------------------------------------------------
slack (MET)                                                                2.759


#Path 15
Startpoint: a~23.inpad[0] (.input clocked by virtual_io_clock)
Endpoint  : out:result~27.outpad[0] (.output clocked by virtual_io_clock)
Path Type : hold

Point                                                             Incr      Path
--------------------------------------------------------------------------------
clock virtual_io_clock (rise edge)                               0.000     0.000
clock source latency                                             0.000     0.000
input external delay                                             0.000     0.000
a~23.inpad[0] (.input)                                           0.000     0.000
new_n8212.in[5] (.names)                                         1.644     1.644
new_n8212.out[0] (.names)                                        0.261     1.905
result~27.in[2] (.names)                                         0.193     2.097
result~27.out[0] (.names)                                        0.235     2.332
out:result~27.outpad[0] (.output)                                0.436     2.768
data arrival time                                                          2.768

clock virtual_io_clock (rise edge)                               0.000     0.000
clock source latency                                             0.000     0.000
clock uncertainty                                                0.000     0.000
output external delay                                            0.000     0.000
data required time                                                         0.000
--------------------------------------------------------------------------------
data required time                                                        -0.000
data arrival time                                                          2.768
--------------------------------------------------------------------------------
slack (MET)                                                                2.768


#Path 16
Startpoint: a~31.inpad[0] (.input clocked by virtual_io_clock)
Endpoint  : out:result~30.outpad[0] (.output clocked by virtual_io_clock)
Path Type : hold

Point                                                             Incr      Path
--------------------------------------------------------------------------------
clock virtual_io_clock (rise edge)                               0.000     0.000
clock source latency                                             0.000     0.000
input external delay                                             0.000     0.000
a~31.inpad[0] (.input)                                           0.000     0.000
new_n8235.in[3] (.names)                                         0.765     0.765
new_n8235.out[0] (.names)                                        0.261     1.026
new_n8234.in[3] (.names)                                         0.000     1.026
new_n8234.out[0] (.names)                                        0.235     1.261
new_n8255.in[2] (.names)                                         0.000     1.261
new_n8255.out[0] (.names)                                        0.235     1.496
new_n8254.in[0] (.names)                                         0.000     1.496
new_n8254.out[0] (.names)                                        0.235     1.731
new_n8273.in[0] (.names)                                         0.000     1.731
new_n8273.out[0] (.names)                                        0.261     1.992
result~30.in[3] (.names)                                         0.339     2.331
result~30.out[0] (.names)                                        0.235     2.566
out:result~30.outpad[0] (.output)                                0.220     2.786
data arrival time                                                          2.786

clock virtual_io_clock (rise edge)                               0.000     0.000
clock source latency                                             0.000     0.000
clock uncertainty                                                0.000     0.000
output external delay                                            0.000     0.000
data required time                                                         0.000
--------------------------------------------------------------------------------
data required time                                                        -0.000
data arrival time                                                          2.786
--------------------------------------------------------------------------------
slack (MET)                                                                2.786


#Path 17
Startpoint: a~17.inpad[0] (.input clocked by virtual_io_clock)
Endpoint  : out:result~23.outpad[0] (.output clocked by virtual_io_clock)
Path Type : hold

Point                                                             Incr      Path
--------------------------------------------------------------------------------
clock virtual_io_clock (rise edge)                               0.000     0.000
clock source latency                                             0.000     0.000
input external delay                                             0.000     0.000
a~17.inpad[0] (.input)                                           0.000     0.000
new_n8086.in[2] (.names)                                         1.672     1.672
new_n8086.out[0] (.names)                                        0.235     1.907
result~23.in[2] (.names)                                         0.366     2.272
result~23.out[0] (.names)                                        0.235     2.507
out:result~23.outpad[0] (.output)                                0.335     2.842
data arrival time                                                          2.842

clock virtual_io_clock (rise edge)                               0.000     0.000
clock source latency                                             0.000     0.000
clock uncertainty                                                0.000     0.000
output external delay                                            0.000     0.000
data required time                                                         0.000
--------------------------------------------------------------------------------
data required time                                                        -0.000
data arrival time                                                          2.842
--------------------------------------------------------------------------------
slack (MET)                                                                2.842


#Path 18
Startpoint: a~31.inpad[0] (.input clocked by virtual_io_clock)
Endpoint  : out:result~31.outpad[0] (.output clocked by virtual_io_clock)
Path Type : hold

Point                                                             Incr      Path
--------------------------------------------------------------------------------
clock virtual_io_clock (rise edge)                               0.000     0.000
clock source latency                                             0.000     0.000
input external delay                                             0.000     0.000
a~31.inpad[0] (.input)                                           0.000     0.000
new_n8235.in[3] (.names)                                         0.765     0.765
new_n8235.out[0] (.names)                                        0.261     1.026
new_n8234.in[3] (.names)                                         0.000     1.026
new_n8234.out[0] (.names)                                        0.235     1.261
new_n8255.in[2] (.names)                                         0.000     1.261
new_n8255.out[0] (.names)                                        0.235     1.496
new_n8254.in[0] (.names)                                         0.000     1.496
new_n8254.out[0] (.names)                                        0.235     1.731
new_n8292.in[2] (.names)                                         0.000     1.731
new_n8292.out[0] (.names)                                        0.261     1.992
result~31.in[4] (.names)                                         0.332     2.324
result~31.out[0] (.names)                                        0.261     2.585
out:result~31.outpad[0] (.output)                                0.295     2.879
data arrival time                                                          2.879

clock virtual_io_clock (rise edge)                               0.000     0.000
clock source latency                                             0.000     0.000
clock uncertainty                                                0.000     0.000
output external delay                                            0.000     0.000
data required time                                                         0.000
--------------------------------------------------------------------------------
data required time                                                        -0.000
data arrival time                                                          2.879
--------------------------------------------------------------------------------
slack (MET)                                                                2.879


#Path 19
Startpoint: a~23.inpad[0] (.input clocked by virtual_io_clock)
Endpoint  : out:result~28.outpad[0] (.output clocked by virtual_io_clock)
Path Type : hold

Point                                                             Incr      Path
--------------------------------------------------------------------------------
clock virtual_io_clock (rise edge)                               0.000     0.000
clock source latency                                             0.000     0.000
input external delay                                             0.000     0.000
a~23.inpad[0] (.input)                                           0.000     0.000
new_n8212.in[5] (.names)                                         1.644     1.644
new_n8212.out[0] (.names)                                        0.261     1.905
result~28.in[0] (.names)                                         0.193     2.097
result~28.out[0] (.names)                                        0.261     2.358
out:result~28.outpad[0] (.output)                                0.580     2.939
data arrival time                                                          2.939

clock virtual_io_clock (rise edge)                               0.000     0.000
clock source latency                                             0.000     0.000
clock uncertainty                                                0.000     0.000
output external delay                                            0.000     0.000
data required time                                                         0.000
--------------------------------------------------------------------------------
data required time                                                        -0.000
data arrival time                                                          2.939
--------------------------------------------------------------------------------
slack (MET)                                                                2.939


#Path 20
Startpoint: a~23.inpad[0] (.input clocked by virtual_io_clock)
Endpoint  : out:result~26.outpad[0] (.output clocked by virtual_io_clock)
Path Type : hold

Point                                                             Incr      Path
--------------------------------------------------------------------------------
clock virtual_io_clock (rise edge)                               0.000     0.000
clock source latency                                             0.000     0.000
input external delay                                             0.000     0.000
a~23.inpad[0] (.input)                                           0.000     0.000
new_n8162.in[2] (.names)                                         1.763     1.763
new_n8162.out[0] (.names)                                        0.235     1.998
new_n8187.in[2] (.names)                                         0.000     1.998
new_n8187.out[0] (.names)                                        0.235     2.233
result~26.in[4] (.names)                                         0.000     2.233
result~26.out[0] (.names)                                        0.261     2.494
out:result~26.outpad[0] (.output)                                0.467     2.961
data arrival time                                                          2.961

clock virtual_io_clock (rise edge)                               0.000     0.000
clock source latency                                             0.000     0.000
clock uncertainty                                                0.000     0.000
output external delay                                            0.000     0.000
data required time                                                         0.000
--------------------------------------------------------------------------------
data required time                                                        -0.000
data arrival time                                                          2.961
--------------------------------------------------------------------------------
slack (MET)                                                                2.961


#Path 21
Startpoint: a~17.inpad[0] (.input clocked by virtual_io_clock)
Endpoint  : out:result~20.outpad[0] (.output clocked by virtual_io_clock)
Path Type : hold

Point                                                             Incr      Path
--------------------------------------------------------------------------------
clock virtual_io_clock (rise edge)                               0.000     0.000
clock source latency                                             0.000     0.000
input external delay                                             0.000     0.000
a~17.inpad[0] (.input)                                           0.000     0.000
new_n8025.in[3] (.names)                                         2.083     2.083
new_n8025.out[0] (.names)                                        0.235     2.318
result~20.in[3] (.names)                                         0.220     2.538
result~20.out[0] (.names)                                        0.235     2.773
out:result~20.outpad[0] (.output)                                0.218     2.991
data arrival time                                                          2.991

clock virtual_io_clock (rise edge)                               0.000     0.000
clock source latency                                             0.000     0.000
clock uncertainty                                                0.000     0.000
output external delay                                            0.000     0.000
data required time                                                         0.000
--------------------------------------------------------------------------------
data required time                                                        -0.000
data arrival time                                                          2.991
--------------------------------------------------------------------------------
slack (MET)                                                                2.991


#Path 22
Startpoint: a~17.inpad[0] (.input clocked by virtual_io_clock)
Endpoint  : out:result~22.outpad[0] (.output clocked by virtual_io_clock)
Path Type : hold

Point                                                             Incr      Path
--------------------------------------------------------------------------------
clock virtual_io_clock (rise edge)                               0.000     0.000
clock source latency                                             0.000     0.000
input external delay                                             0.000     0.000
a~17.inpad[0] (.input)                                           0.000     0.000
new_n8086.in[2] (.names)                                         1.672     1.672
new_n8086.out[0] (.names)                                        0.235     1.907
new_n8085.in[0] (.names)                                         0.367     2.274
new_n8085.out[0] (.names)                                        0.235     2.509
result~22.in[1] (.names)                                         0.000     2.509
result~22.out[0] (.names)                                        0.235     2.744
out:result~22.outpad[0] (.output)                                0.312     3.056
data arrival time                                                          3.056

clock virtual_io_clock (rise edge)                               0.000     0.000
clock source latency                                             0.000     0.000
clock uncertainty                                                0.000     0.000
output external delay                                            0.000     0.000
data required time                                                         0.000
--------------------------------------------------------------------------------
data required time                                                        -0.000
data arrival time                                                          3.056
--------------------------------------------------------------------------------
slack (MET)                                                                3.056


#Path 23
Startpoint: a~23.inpad[0] (.input clocked by virtual_io_clock)
Endpoint  : out:result~29.outpad[0] (.output clocked by virtual_io_clock)
Path Type : hold

Point                                                             Incr      Path
--------------------------------------------------------------------------------
clock virtual_io_clock (rise edge)                               0.000     0.000
clock source latency                                             0.000     0.000
input external delay                                             0.000     0.000
a~23.inpad[0] (.input)                                           0.000     0.000
new_n8212.in[5] (.names)                                         1.644     1.644
new_n8212.out[0] (.names)                                        0.261     1.905
new_n8249.in[2] (.names)                                         0.192     2.096
new_n8249.out[0] (.names)                                        0.261     2.357
result~29.in[0] (.names)                                         0.000     2.357
result~29.out[0] (.names)                                        0.235     2.592
out:result~29.outpad[0] (.output)                                0.467     3.060
data arrival time                                                          3.060

clock virtual_io_clock (rise edge)                               0.000     0.000
clock source latency                                             0.000     0.000
clock uncertainty                                                0.000     0.000
output external delay                                            0.000     0.000
data required time                                                         0.000
--------------------------------------------------------------------------------
data required time                                                        -0.000
data arrival time                                                          3.060
--------------------------------------------------------------------------------
slack (MET)                                                                3.060


#Path 24
Startpoint: a~5.inpad[0] (.input clocked by virtual_io_clock)
Endpoint  : out:result~14.outpad[0] (.output clocked by virtual_io_clock)
Path Type : hold

Point                                                             Incr      Path
--------------------------------------------------------------------------------
clock virtual_io_clock (rise edge)                               0.000     0.000
clock source latency                                             0.000     0.000
input external delay                                             0.000     0.000
a~5.inpad[0] (.input)                                            0.000     0.000
new_n7681.in[1] (.names)                                         1.084     1.084
new_n7681.out[0] (.names)                                        0.235     1.319
new_n7728.in[4] (.names)                                         0.361     1.681
new_n7728.out[0] (.names)                                        0.235     1.916
new_n7815.in[1] (.names)                                         0.000     1.916
new_n7815.out[0] (.names)                                        0.261     2.177
result~14.in[0] (.names)                                         0.216     2.392
result~14.out[0] (.names)                                        0.235     2.627
out:result~14.outpad[0] (.output)                                0.460     3.087
data arrival time                                                          3.087

clock virtual_io_clock (rise edge)                               0.000     0.000
clock source latency                                             0.000     0.000
clock uncertainty                                                0.000     0.000
output external delay                                            0.000     0.000
data required time                                                         0.000
--------------------------------------------------------------------------------
data required time                                                        -0.000
data arrival time                                                          3.087
--------------------------------------------------------------------------------
slack (MET)                                                                3.087


#Path 25
Startpoint: a~5.inpad[0] (.input clocked by virtual_io_clock)
Endpoint  : out:result~15.outpad[0] (.output clocked by virtual_io_clock)
Path Type : hold

Point                                                             Incr      Path
--------------------------------------------------------------------------------
clock virtual_io_clock (rise edge)                               0.000     0.000
clock source latency                                             0.000     0.000
input external delay                                             0.000     0.000
a~5.inpad[0] (.input)                                            0.000     0.000
new_n7681.in[1] (.names)                                         1.084     1.084
new_n7681.out[0] (.names)                                        0.235     1.319
new_n7728.in[4] (.names)                                         0.361     1.681
new_n7728.out[0] (.names)                                        0.235     1.916
new_n7815.in[1] (.names)                                         0.000     1.916
new_n7815.out[0] (.names)                                        0.261     2.177
result~15.in[0] (.names)                                         0.216     2.392
result~15.out[0] (.names)                                        0.235     2.627
out:result~15.outpad[0] (.output)                                0.477     3.104
data arrival time                                                          3.104

clock virtual_io_clock (rise edge)                               0.000     0.000
clock source latency                                             0.000     0.000
clock uncertainty                                                0.000     0.000
output external delay                                            0.000     0.000
data required time                                                         0.000
--------------------------------------------------------------------------------
data required time                                                        -0.000
data arrival time                                                          3.104
--------------------------------------------------------------------------------
slack (MET)                                                                3.104


#Path 26
Startpoint: a~5.inpad[0] (.input clocked by virtual_io_clock)
Endpoint  : out:result~16.outpad[0] (.output clocked by virtual_io_clock)
Path Type : hold

Point                                                             Incr      Path
--------------------------------------------------------------------------------
clock virtual_io_clock (rise edge)                               0.000     0.000
clock source latency                                             0.000     0.000
input external delay                                             0.000     0.000
a~5.inpad[0] (.input)                                            0.000     0.000
new_n7681.in[1] (.names)                                         1.084     1.084
new_n7681.out[0] (.names)                                        0.235     1.319
new_n7728.in[4] (.names)                                         0.361     1.681
new_n7728.out[0] (.names)                                        0.235     1.916
new_n7815.in[1] (.names)                                         0.000     1.916
new_n7815.out[0] (.names)                                        0.261     2.177
result~16.in[0] (.names)                                         0.216     2.392
result~16.out[0] (.names)                                        0.261     2.653
out:result~16.outpad[0] (.output)                                0.481     3.134
data arrival time                                                          3.134

clock virtual_io_clock (rise edge)                               0.000     0.000
clock source latency                                             0.000     0.000
clock uncertainty                                                0.000     0.000
output external delay                                            0.000     0.000
data required time                                                         0.000
--------------------------------------------------------------------------------
data required time                                                        -0.000
data arrival time                                                          3.134
--------------------------------------------------------------------------------
slack (MET)                                                                3.134


#Path 27
Startpoint: a~14.inpad[0] (.input clocked by virtual_io_clock)
Endpoint  : out:result~18.outpad[0] (.output clocked by virtual_io_clock)
Path Type : hold

Point                                                             Incr      Path
--------------------------------------------------------------------------------
clock virtual_io_clock (rise edge)                               0.000     0.000
clock source latency                                             0.000     0.000
input external delay                                             0.000     0.000
a~14.inpad[0] (.input)                                           0.000     0.000
new_n7893.in[3] (.names)                                         1.656     1.656
new_n7893.out[0] (.names)                                        0.235     1.891
new_n7929.in[0] (.names)                                         0.000     1.891
new_n7929.out[0] (.names)                                        0.235     2.126
result~18.in[2] (.names)                                         0.339     2.465
result~18.out[0] (.names)                                        0.235     2.700
out:result~18.outpad[0] (.output)                                0.451     3.151
data arrival time                                                          3.151

clock virtual_io_clock (rise edge)                               0.000     0.000
clock source latency                                             0.000     0.000
clock uncertainty                                                0.000     0.000
output external delay                                            0.000     0.000
data required time                                                         0.000
--------------------------------------------------------------------------------
data required time                                                        -0.000
data arrival time                                                          3.151
--------------------------------------------------------------------------------
slack (MET)                                                                3.151


#Path 28
Startpoint: a~23.inpad[0] (.input clocked by virtual_io_clock)
Endpoint  : out:result~25.outpad[0] (.output clocked by virtual_io_clock)
Path Type : hold

Point                                                             Incr      Path
--------------------------------------------------------------------------------
clock virtual_io_clock (rise edge)                               0.000     0.000
clock source latency                                             0.000     0.000
input external delay                                             0.000     0.000
a~23.inpad[0] (.input)                                           0.000     0.000
new_n8162.in[2] (.names)                                         1.763     1.763
new_n8162.out[0] (.names)                                        0.235     1.998
new_n8187.in[2] (.names)                                         0.000     1.998
new_n8187.out[0] (.names)                                        0.235     2.233
result~25.in[4] (.names)                                         0.295     2.528
result~25.out[0] (.names)                                        0.235     2.763
out:result~25.outpad[0] (.output)                                0.413     3.175
data arrival time                                                          3.175

clock virtual_io_clock (rise edge)                               0.000     0.000
clock source latency                                             0.000     0.000
clock uncertainty                                                0.000     0.000
output external delay                                            0.000     0.000
data required time                                                         0.000
--------------------------------------------------------------------------------
data required time                                                        -0.000
data arrival time                                                          3.175
--------------------------------------------------------------------------------
slack (MET)                                                                3.175


#Path 29
Startpoint: a~14.inpad[0] (.input clocked by virtual_io_clock)
Endpoint  : out:result~17.outpad[0] (.output clocked by virtual_io_clock)
Path Type : hold

Point                                                             Incr      Path
--------------------------------------------------------------------------------
clock virtual_io_clock (rise edge)                               0.000     0.000
clock source latency                                             0.000     0.000
input external delay                                             0.000     0.000
a~14.inpad[0] (.input)                                           0.000     0.000
new_n7892.in[3] (.names)                                         1.656     1.656
new_n7892.out[0] (.names)                                        0.235     1.891
new_n7926.in[3] (.names)                                         0.194     2.085
new_n7926.out[0] (.names)                                        0.235     2.320
result~17.in[0] (.names)                                         0.214     2.533
result~17.out[0] (.names)                                        0.235     2.768
out:result~17.outpad[0] (.output)                                0.457     3.225
data arrival time                                                          3.225

clock virtual_io_clock (rise edge)                               0.000     0.000
clock source latency                                             0.000     0.000
clock uncertainty                                                0.000     0.000
output external delay                                            0.000     0.000
data required time                                                         0.000
--------------------------------------------------------------------------------
data required time                                                        -0.000
data arrival time                                                          3.225
--------------------------------------------------------------------------------
slack (MET)                                                                3.225


#Path 30
Startpoint: a~17.inpad[0] (.input clocked by virtual_io_clock)
Endpoint  : out:result~21.outpad[0] (.output clocked by virtual_io_clock)
Path Type : hold

Point                                                             Incr      Path
--------------------------------------------------------------------------------
clock virtual_io_clock (rise edge)                               0.000     0.000
clock source latency                                             0.000     0.000
input external delay                                             0.000     0.000
a~17.inpad[0] (.input)                                           0.000     0.000
new_n8025.in[3] (.names)                                         2.083     2.083
new_n8025.out[0] (.names)                                        0.235     2.318
result~21.in[3] (.names)                                         0.220     2.538
result~21.out[0] (.names)                                        0.261     2.799
out:result~21.outpad[0] (.output)                                0.439     3.238
data arrival time                                                          3.238

clock virtual_io_clock (rise edge)                               0.000     0.000
clock source latency                                             0.000     0.000
clock uncertainty                                                0.000     0.000
output external delay                                            0.000     0.000
data required time                                                         0.000
--------------------------------------------------------------------------------
data required time                                                        -0.000
data arrival time                                                          3.238
--------------------------------------------------------------------------------
slack (MET)                                                                3.238


#Path 31
Startpoint: a~23.inpad[0] (.input clocked by virtual_io_clock)
Endpoint  : out:result~24.outpad[0] (.output clocked by virtual_io_clock)
Path Type : hold

Point                                                             Incr      Path
--------------------------------------------------------------------------------
clock virtual_io_clock (rise edge)                               0.000     0.000
clock source latency                                             0.000     0.000
input external delay                                             0.000     0.000
a~23.inpad[0] (.input)                                           0.000     0.000
new_n8117.in[2] (.names)                                         1.763     1.763
new_n8117.out[0] (.names)                                        0.235     1.998
new_n8115.in[1] (.names)                                         0.000     1.998
new_n8115.out[0] (.names)                                        0.235     2.233
new_n8143.in[3] (.names)                                         0.150     2.383
new_n8143.out[0] (.names)                                        0.235     2.618
result~24.in[1] (.names)                                         0.000     2.618
result~24.out[0] (.names)                                        0.235     2.853
out:result~24.outpad[0] (.output)                                0.435     3.288
data arrival time                                                          3.288

clock virtual_io_clock (rise edge)                               0.000     0.000
clock source latency                                             0.000     0.000
clock uncertainty                                                0.000     0.000
output external delay                                            0.000     0.000
data required time                                                         0.000
--------------------------------------------------------------------------------
data required time                                                        -0.000
data arrival time                                                          3.288
--------------------------------------------------------------------------------
slack (MET)                                                                3.288


#Path 32
Startpoint: a~14.inpad[0] (.input clocked by virtual_io_clock)
Endpoint  : out:result~19.outpad[0] (.output clocked by virtual_io_clock)
Path Type : hold

Point                                                             Incr      Path
--------------------------------------------------------------------------------
clock virtual_io_clock (rise edge)                               0.000     0.000
clock source latency                                             0.000     0.000
input external delay                                             0.000     0.000
a~14.inpad[0] (.input)                                           0.000     0.000
new_n7892.in[3] (.names)                                         1.656     1.656
new_n7892.out[0] (.names)                                        0.235     1.891
new_n7926.in[3] (.names)                                         0.194     2.085
new_n7926.out[0] (.names)                                        0.235     2.320
new_n7991.in[0] (.names)                                         0.000     2.320
new_n7991.out[0] (.names)                                        0.235     2.555
result~19.in[0] (.names)                                         0.168     2.723
result~19.out[0] (.names)                                        0.235     2.958
out:result~19.outpad[0] (.output)                                0.410     3.368
data arrival time                                                          3.368

clock virtual_io_clock (rise edge)                               0.000     0.000
clock source latency                                             0.000     0.000
clock uncertainty                                                0.000     0.000
output external delay                                            0.000     0.000
data required time                                                         0.000
--------------------------------------------------------------------------------
data required time                                                        -0.000
data arrival time                                                          3.368
--------------------------------------------------------------------------------
slack (MET)                                                                3.368


#End of timing report
