#Timing report of worst 17 path(s)
# Unit scale: 1e-09 seconds
# Output precision: 3

#Path 1
Startpoint: A~1.inpad[0] (.input clocked by virtual_io_clock)
Endpoint  : out:S~14.outpad[0] (.output clocked by virtual_io_clock)
Path Type : setup

Point                                                             Incr      Path
--------------------------------------------------------------------------------
clock virtual_io_clock (rise edge)                               0.000     0.000
clock source latency                                             0.000     0.000
input external delay                                             0.000     0.000
A~1.inpad[0] (.input)                                            0.000     0.000
new_n58.in[1] (.names)                                           0.306     0.306
new_n58.out[0] (.names)                                          0.235     0.541
new_n57.in[0] (.names)                                           0.100     0.641
new_n57.out[0] (.names)                                          0.261     0.902
new_n56.in[4] (.names)                                           0.100     1.002
new_n56.out[0] (.names)                                          0.261     1.263
new_n55.in[0] (.names)                                           0.100     1.363
new_n55.out[0] (.names)                                          0.261     1.624
new_n69.in[0] (.names)                                           0.100     1.724
new_n69.out[0] (.names)                                          0.261     1.985
S~14.in[0] (.names)                                              0.100     2.085
S~14.out[0] (.names)                                             0.235     2.320
out:S~14.outpad[0] (.output)                                     0.376     2.696
data arrival time                                                          2.696

clock virtual_io_clock (rise edge)                               0.000     0.000
clock source latency                                             0.000     0.000
clock uncertainty                                                0.000     0.000
output external delay                                            0.000     0.000
data required time                                                         0.000
--------------------------------------------------------------------------------
data required time                                                         0.000
data arrival time                                                         -2.696
--------------------------------------------------------------------------------
slack (VIOLATED)                                                          -2.696


#Path 2
Startpoint: A~1.inpad[0] (.input clocked by virtual_io_clock)
Endpoint  : out:Cout.outpad[0] (.output clocked by virtual_io_clock)
Path Type : setup

Point                                                             Incr      Path
--------------------------------------------------------------------------------
clock virtual_io_clock (rise edge)                               0.000     0.000
clock source latency                                             0.000     0.000
input external delay                                             0.000     0.000
A~1.inpad[0] (.input)                                            0.000     0.000
new_n58.in[1] (.names)                                           0.306     0.306
new_n58.out[0] (.names)                                          0.235     0.541
new_n57.in[0] (.names)                                           0.100     0.641
new_n57.out[0] (.names)                                          0.261     0.902
new_n56.in[4] (.names)                                           0.100     1.002
new_n56.out[0] (.names)                                          0.261     1.263
new_n55.in[0] (.names)                                           0.100     1.363
new_n55.out[0] (.names)                                          0.261     1.624
new_n69.in[0] (.names)                                           0.100     1.724
new_n69.out[0] (.names)                                          0.261     1.985
Cout.in[5] (.names)                                              0.100     2.085
Cout.out[0] (.names)                                             0.261     2.346
out:Cout.outpad[0] (.output)                                     0.342     2.687
data arrival time                                                          2.687

clock virtual_io_clock (rise edge)                               0.000     0.000
clock source latency                                             0.000     0.000
clock uncertainty                                                0.000     0.000
output external delay                                            0.000     0.000
data required time                                                         0.000
--------------------------------------------------------------------------------
data required time                                                         0.000
data arrival time                                                         -2.687
--------------------------------------------------------------------------------
slack (VIOLATED)                                                          -2.687


#Path 3
Startpoint: A~1.inpad[0] (.input clocked by virtual_io_clock)
Endpoint  : out:S~12.outpad[0] (.output clocked by virtual_io_clock)
Path Type : setup

Point                                                             Incr      Path
--------------------------------------------------------------------------------
clock virtual_io_clock (rise edge)                               0.000     0.000
clock source latency                                             0.000     0.000
input external delay                                             0.000     0.000
A~1.inpad[0] (.input)                                            0.000     0.000
new_n58.in[1] (.names)                                           0.306     0.306
new_n58.out[0] (.names)                                          0.235     0.541
new_n57.in[0] (.names)                                           0.100     0.641
new_n57.out[0] (.names)                                          0.261     0.902
new_n56.in[4] (.names)                                           0.100     1.002
new_n56.out[0] (.names)                                          0.261     1.263
new_n55.in[0] (.names)                                           0.100     1.363
new_n55.out[0] (.names)                                          0.261     1.624
S~12.in[0] (.names)                                              0.270     1.894
S~12.out[0] (.names)                                             0.235     2.129
out:S~12.outpad[0] (.output)                                     0.551     2.680
data arrival time                                                          2.680

clock virtual_io_clock (rise edge)                               0.000     0.000
clock source latency                                             0.000     0.000
clock uncertainty                                                0.000     0.000
output external delay                                            0.000     0.000
data required time                                                         0.000
--------------------------------------------------------------------------------
data required time                                                         0.000
data arrival time                                                         -2.680
--------------------------------------------------------------------------------
slack (VIOLATED)                                                          -2.680


#Path 4
Startpoint: A~1.inpad[0] (.input clocked by virtual_io_clock)
Endpoint  : out:S~10.outpad[0] (.output clocked by virtual_io_clock)
Path Type : setup

Point                                                             Incr      Path
--------------------------------------------------------------------------------
clock virtual_io_clock (rise edge)                               0.000     0.000
clock source latency                                             0.000     0.000
input external delay                                             0.000     0.000
A~1.inpad[0] (.input)                                            0.000     0.000
new_n58.in[1] (.names)                                           0.306     0.306
new_n58.out[0] (.names)                                          0.235     0.541
new_n57.in[0] (.names)                                           0.100     0.641
new_n57.out[0] (.names)                                          0.261     0.902
new_n56.in[4] (.names)                                           0.100     1.002
new_n56.out[0] (.names)                                          0.261     1.263
new_n85.in[0] (.names)                                           0.365     1.628
new_n85.out[0] (.names)                                          0.235     1.863
S~10.in[0] (.names)                                              0.100     1.963
S~10.out[0] (.names)                                             0.235     2.198
out:S~10.outpad[0] (.output)                                     0.455     2.653
data arrival time                                                          2.653

clock virtual_io_clock (rise edge)                               0.000     0.000
clock source latency                                             0.000     0.000
clock uncertainty                                                0.000     0.000
output external delay                                            0.000     0.000
data required time                                                         0.000
--------------------------------------------------------------------------------
data required time                                                         0.000
data arrival time                                                         -2.653
--------------------------------------------------------------------------------
slack (VIOLATED)                                                          -2.653


#Path 5
Startpoint: A~1.inpad[0] (.input clocked by virtual_io_clock)
Endpoint  : out:S~15.outpad[0] (.output clocked by virtual_io_clock)
Path Type : setup

Point                                                             Incr      Path
--------------------------------------------------------------------------------
clock virtual_io_clock (rise edge)                               0.000     0.000
clock source latency                                             0.000     0.000
input external delay                                             0.000     0.000
A~1.inpad[0] (.input)                                            0.000     0.000
new_n58.in[1] (.names)                                           0.306     0.306
new_n58.out[0] (.names)                                          0.235     0.541
new_n57.in[0] (.names)                                           0.100     0.641
new_n57.out[0] (.names)                                          0.261     0.902
new_n56.in[4] (.names)                                           0.100     1.002
new_n56.out[0] (.names)                                          0.261     1.263
new_n55.in[0] (.names)                                           0.100     1.363
new_n55.out[0] (.names)                                          0.261     1.624
new_n69.in[0] (.names)                                           0.100     1.724
new_n69.out[0] (.names)                                          0.261     1.985
S~15.in[0] (.names)                                              0.100     2.085
S~15.out[0] (.names)                                             0.261     2.346
out:S~15.outpad[0] (.output)                                     0.188     2.534
data arrival time                                                          2.534

clock virtual_io_clock (rise edge)                               0.000     0.000
clock source latency                                             0.000     0.000
clock uncertainty                                                0.000     0.000
output external delay                                            0.000     0.000
data required time                                                         0.000
--------------------------------------------------------------------------------
data required time                                                         0.000
data arrival time                                                         -2.534
--------------------------------------------------------------------------------
slack (VIOLATED)                                                          -2.534


#Path 6
Startpoint: A~1.inpad[0] (.input clocked by virtual_io_clock)
Endpoint  : out:S~13.outpad[0] (.output clocked by virtual_io_clock)
Path Type : setup

Point                                                             Incr      Path
--------------------------------------------------------------------------------
clock virtual_io_clock (rise edge)                               0.000     0.000
clock source latency                                             0.000     0.000
input external delay                                             0.000     0.000
A~1.inpad[0] (.input)                                            0.000     0.000
new_n58.in[1] (.names)                                           0.306     0.306
new_n58.out[0] (.names)                                          0.235     0.541
new_n57.in[0] (.names)                                           0.100     0.641
new_n57.out[0] (.names)                                          0.261     0.902
new_n56.in[4] (.names)                                           0.100     1.002
new_n56.out[0] (.names)                                          0.261     1.263
new_n55.in[0] (.names)                                           0.100     1.363
new_n55.out[0] (.names)                                          0.261     1.624
S~13.in[0] (.names)                                              0.100     1.724
S~13.out[0] (.names)                                             0.261     1.985
out:S~13.outpad[0] (.output)                                     0.450     2.434
data arrival time                                                          2.434

clock virtual_io_clock (rise edge)                               0.000     0.000
clock source latency                                             0.000     0.000
clock uncertainty                                                0.000     0.000
output external delay                                            0.000     0.000
data required time                                                         0.000
--------------------------------------------------------------------------------
data required time                                                         0.000
data arrival time                                                         -2.434
--------------------------------------------------------------------------------
slack (VIOLATED)                                                          -2.434


#Path 7
Startpoint: A~1.inpad[0] (.input clocked by virtual_io_clock)
Endpoint  : out:S~11.outpad[0] (.output clocked by virtual_io_clock)
Path Type : setup

Point                                                             Incr      Path
--------------------------------------------------------------------------------
clock virtual_io_clock (rise edge)                               0.000     0.000
clock source latency                                             0.000     0.000
input external delay                                             0.000     0.000
A~1.inpad[0] (.input)                                            0.000     0.000
new_n58.in[1] (.names)                                           0.306     0.306
new_n58.out[0] (.names)                                          0.235     0.541
new_n57.in[0] (.names)                                           0.100     0.641
new_n57.out[0] (.names)                                          0.261     0.902
new_n56.in[4] (.names)                                           0.100     1.002
new_n56.out[0] (.names)                                          0.261     1.263
new_n55.in[0] (.names)                                           0.100     1.363
new_n55.out[0] (.names)                                          0.261     1.624
S~11.in[0] (.names)                                              0.270     1.894
S~11.out[0] (.names)                                             0.235     2.129
out:S~11.outpad[0] (.output)                                     0.285     2.414
data arrival time                                                          2.414

clock virtual_io_clock (rise edge)                               0.000     0.000
clock source latency                                             0.000     0.000
clock uncertainty                                                0.000     0.000
output external delay                                            0.000     0.000
data required time                                                         0.000
--------------------------------------------------------------------------------
data required time                                                         0.000
data arrival time                                                         -2.414
--------------------------------------------------------------------------------
slack (VIOLATED)                                                          -2.414


#Path 8
Startpoint: A~1.inpad[0] (.input clocked by virtual_io_clock)
Endpoint  : out:S~7.outpad[0] (.output clocked by virtual_io_clock)
Path Type : setup

Point                                                             Incr      Path
--------------------------------------------------------------------------------
clock virtual_io_clock (rise edge)                               0.000     0.000
clock source latency                                             0.000     0.000
input external delay                                             0.000     0.000
A~1.inpad[0] (.input)                                            0.000     0.000
new_n58.in[1] (.names)                                           0.306     0.306
new_n58.out[0] (.names)                                          0.235     0.541
new_n57.in[0] (.names)                                           0.100     0.641
new_n57.out[0] (.names)                                          0.261     0.902
new_n80.in[2] (.names)                                           0.424     1.325
new_n80.out[0] (.names)                                          0.235     1.560
S~7.in[0] (.names)                                               0.100     1.660
S~7.out[0] (.names)                                              0.235     1.895
out:S~7.outpad[0] (.output)                                      0.438     2.334
data arrival time                                                          2.334

clock virtual_io_clock (rise edge)                               0.000     0.000
clock source latency                                             0.000     0.000
clock uncertainty                                                0.000     0.000
output external delay                                            0.000     0.000
data required time                                                         0.000
--------------------------------------------------------------------------------
data required time                                                         0.000
data arrival time                                                         -2.334
--------------------------------------------------------------------------------
slack (VIOLATED)                                                          -2.334


#Path 9
Startpoint: A~1.inpad[0] (.input clocked by virtual_io_clock)
Endpoint  : out:S~6.outpad[0] (.output clocked by virtual_io_clock)
Path Type : setup

Point                                                             Incr      Path
--------------------------------------------------------------------------------
clock virtual_io_clock (rise edge)                               0.000     0.000
clock source latency                                             0.000     0.000
input external delay                                             0.000     0.000
A~1.inpad[0] (.input)                                            0.000     0.000
new_n58.in[1] (.names)                                           0.306     0.306
new_n58.out[0] (.names)                                          0.235     0.541
new_n57.in[0] (.names)                                           0.100     0.641
new_n57.out[0] (.names)                                          0.261     0.902
new_n80.in[2] (.names)                                           0.424     1.325
new_n80.out[0] (.names)                                          0.235     1.560
S~6.in[0] (.names)                                               0.100     1.660
S~6.out[0] (.names)                                              0.235     1.895
out:S~6.outpad[0] (.output)                                      0.362     2.257
data arrival time                                                          2.257

clock virtual_io_clock (rise edge)                               0.000     0.000
clock source latency                                             0.000     0.000
clock uncertainty                                                0.000     0.000
output external delay                                            0.000     0.000
data required time                                                         0.000
--------------------------------------------------------------------------------
data required time                                                         0.000
data arrival time                                                         -2.257
--------------------------------------------------------------------------------
slack (VIOLATED)                                                          -2.257


#Path 10
Startpoint: A~1.inpad[0] (.input clocked by virtual_io_clock)
Endpoint  : out:S~8.outpad[0] (.output clocked by virtual_io_clock)
Path Type : setup

Point                                                             Incr      Path
--------------------------------------------------------------------------------
clock virtual_io_clock (rise edge)                               0.000     0.000
clock source latency                                             0.000     0.000
input external delay                                             0.000     0.000
A~1.inpad[0] (.input)                                            0.000     0.000
new_n58.in[1] (.names)                                           0.306     0.306
new_n58.out[0] (.names)                                          0.235     0.541
new_n57.in[0] (.names)                                           0.100     0.641
new_n57.out[0] (.names)                                          0.261     0.902
new_n56.in[4] (.names)                                           0.100     1.002
new_n56.out[0] (.names)                                          0.261     1.263
S~8.in[0] (.names)                                               0.365     1.628
S~8.out[0] (.names)                                              0.235     1.863
out:S~8.outpad[0] (.output)                                      0.284     2.147
data arrival time                                                          2.147

clock virtual_io_clock (rise edge)                               0.000     0.000
clock source latency                                             0.000     0.000
clock uncertainty                                                0.000     0.000
output external delay                                            0.000     0.000
data required time                                                         0.000
--------------------------------------------------------------------------------
data required time                                                         0.000
data arrival time                                                         -2.147
--------------------------------------------------------------------------------
slack (VIOLATED)                                                          -2.147


#Path 11
Startpoint: A~1.inpad[0] (.input clocked by virtual_io_clock)
Endpoint  : out:S~9.outpad[0] (.output clocked by virtual_io_clock)
Path Type : setup

Point                                                             Incr      Path
--------------------------------------------------------------------------------
clock virtual_io_clock (rise edge)                               0.000     0.000
clock source latency                                             0.000     0.000
input external delay                                             0.000     0.000
A~1.inpad[0] (.input)                                            0.000     0.000
new_n58.in[1] (.names)                                           0.306     0.306
new_n58.out[0] (.names)                                          0.235     0.541
new_n57.in[0] (.names)                                           0.100     0.641
new_n57.out[0] (.names)                                          0.261     0.902
new_n56.in[4] (.names)                                           0.100     1.002
new_n56.out[0] (.names)                                          0.261     1.263
S~9.in[0] (.names)                                               0.365     1.628
S~9.out[0] (.names)                                              0.235     1.863
out:S~9.outpad[0] (.output)                                      0.266     2.128
data arrival time                                                          2.128

clock virtual_io_clock (rise edge)                               0.000     0.000
clock source latency                                             0.000     0.000
clock uncertainty                                                0.000     0.000
output external delay                                            0.000     0.000
data required time                                                         0.000
--------------------------------------------------------------------------------
data required time                                                         0.000
data arrival time                                                         -2.128
--------------------------------------------------------------------------------
slack (VIOLATED)                                                          -2.128


#Path 12
Startpoint: A~1.inpad[0] (.input clocked by virtual_io_clock)
Endpoint  : out:S~5.outpad[0] (.output clocked by virtual_io_clock)
Path Type : setup

Point                                                             Incr      Path
--------------------------------------------------------------------------------
clock virtual_io_clock (rise edge)                               0.000     0.000
clock source latency                                             0.000     0.000
input external delay                                             0.000     0.000
A~1.inpad[0] (.input)                                            0.000     0.000
new_n58.in[1] (.names)                                           0.306     0.306
new_n58.out[0] (.names)                                          0.235     0.541
new_n57.in[0] (.names)                                           0.100     0.641
new_n57.out[0] (.names)                                          0.261     0.902
S~5.in[0] (.names)                                               0.424     1.325
S~5.out[0] (.names)                                              0.235     1.560
out:S~5.outpad[0] (.output)                                      0.552     2.112
data arrival time                                                          2.112

clock virtual_io_clock (rise edge)                               0.000     0.000
clock source latency                                             0.000     0.000
clock uncertainty                                                0.000     0.000
output external delay                                            0.000     0.000
data required time                                                         0.000
--------------------------------------------------------------------------------
data required time                                                         0.000
data arrival time                                                         -2.112
--------------------------------------------------------------------------------
slack (VIOLATED)                                                          -2.112


#Path 13
Startpoint: A~1.inpad[0] (.input clocked by virtual_io_clock)
Endpoint  : out:S~3.outpad[0] (.output clocked by virtual_io_clock)
Path Type : setup

Point                                                             Incr      Path
--------------------------------------------------------------------------------
clock virtual_io_clock (rise edge)                               0.000     0.000
clock source latency                                             0.000     0.000
input external delay                                             0.000     0.000
A~1.inpad[0] (.input)                                            0.000     0.000
new_n58.in[1] (.names)                                           0.306     0.306
new_n58.out[0] (.names)                                          0.235     0.541
S~3.in[0] (.names)                                               0.290     0.831
S~3.out[0] (.names)                                              0.235     1.066
out:S~3.outpad[0] (.output)                                      0.457     1.523
data arrival time                                                          1.523

clock virtual_io_clock (rise edge)                               0.000     0.000
clock source latency                                             0.000     0.000
clock uncertainty                                                0.000     0.000
output external delay                                            0.000     0.000
data required time                                                         0.000
--------------------------------------------------------------------------------
data required time                                                         0.000
data arrival time                                                         -1.523
--------------------------------------------------------------------------------
slack (VIOLATED)                                                          -1.523


#Path 14
Startpoint: A~1.inpad[0] (.input clocked by virtual_io_clock)
Endpoint  : out:S~2.outpad[0] (.output clocked by virtual_io_clock)
Path Type : setup

Point                                                             Incr      Path
--------------------------------------------------------------------------------
clock virtual_io_clock (rise edge)                               0.000     0.000
clock source latency                                             0.000     0.000
input external delay                                             0.000     0.000
A~1.inpad[0] (.input)                                            0.000     0.000
new_n58.in[1] (.names)                                           0.306     0.306
new_n58.out[0] (.names)                                          0.235     0.541
S~2.in[0] (.names)                                               0.290     0.831
S~2.out[0] (.names)                                              0.235     1.066
out:S~2.outpad[0] (.output)                                      0.377     1.443
data arrival time                                                          1.443

clock virtual_io_clock (rise edge)                               0.000     0.000
clock source latency                                             0.000     0.000
clock uncertainty                                                0.000     0.000
output external delay                                            0.000     0.000
data required time                                                         0.000
--------------------------------------------------------------------------------
data required time                                                         0.000
data arrival time                                                         -1.443
--------------------------------------------------------------------------------
slack (VIOLATED)                                                          -1.443


#Path 15
Startpoint: A~1.inpad[0] (.input clocked by virtual_io_clock)
Endpoint  : out:S~4.outpad[0] (.output clocked by virtual_io_clock)
Path Type : setup

Point                                                             Incr      Path
--------------------------------------------------------------------------------
clock virtual_io_clock (rise edge)                               0.000     0.000
clock source latency                                             0.000     0.000
input external delay                                             0.000     0.000
A~1.inpad[0] (.input)                                            0.000     0.000
new_n58.in[1] (.names)                                           0.306     0.306
new_n58.out[0] (.names)                                          0.235     0.541
S~4.in[0] (.names)                                               0.290     0.831
S~4.out[0] (.names)                                              0.261     1.092
out:S~4.outpad[0] (.output)                                      0.263     1.355
data arrival time                                                          1.355

clock virtual_io_clock (rise edge)                               0.000     0.000
clock source latency                                             0.000     0.000
clock uncertainty                                                0.000     0.000
output external delay                                            0.000     0.000
data required time                                                         0.000
--------------------------------------------------------------------------------
data required time                                                         0.000
data arrival time                                                         -1.355
--------------------------------------------------------------------------------
slack (VIOLATED)                                                          -1.355


#Path 16
Startpoint: A~1.inpad[0] (.input clocked by virtual_io_clock)
Endpoint  : out:S~1.outpad[0] (.output clocked by virtual_io_clock)
Path Type : setup

Point                                                             Incr      Path
--------------------------------------------------------------------------------
clock virtual_io_clock (rise edge)                               0.000     0.000
clock source latency                                             0.000     0.000
input external delay                                             0.000     0.000
A~1.inpad[0] (.input)                                            0.000     0.000
out:S~1.outpad[0] (.output)                                      0.298     0.298
data arrival time                                                          0.298

clock virtual_io_clock (rise edge)                               0.000     0.000
clock source latency                                             0.000     0.000
clock uncertainty                                                0.000     0.000
output external delay                                            0.000     0.000
data required time                                                         0.000
--------------------------------------------------------------------------------
data required time                                                         0.000
data arrival time                                                         -0.298
--------------------------------------------------------------------------------
slack (VIOLATED)                                                          -0.298


#Path 17
Startpoint: A~0.inpad[0] (.input clocked by virtual_io_clock)
Endpoint  : out:S~0.outpad[0] (.output clocked by virtual_io_clock)
Path Type : setup

Point                                                             Incr      Path
--------------------------------------------------------------------------------
clock virtual_io_clock (rise edge)                               0.000     0.000
clock source latency                                             0.000     0.000
input external delay                                             0.000     0.000
A~0.inpad[0] (.input)                                            0.000     0.000
out:S~0.outpad[0] (.output)                                      0.204     0.204
data arrival time                                                          0.204

clock virtual_io_clock (rise edge)                               0.000     0.000
clock source latency                                             0.000     0.000
clock uncertainty                                                0.000     0.000
output external delay                                            0.000     0.000
data required time                                                         0.000
--------------------------------------------------------------------------------
data required time                                                         0.000
data arrival time                                                         -0.204
--------------------------------------------------------------------------------
slack (VIOLATED)                                                          -0.204


#End of timing report
