#! /usr/bin/vvp
:ivl_version "12.0 (stable)";
:ivl_delay_selection "TYPICAL";
:vpi_time_precision + 0;
:vpi_module "/usr/lib/x86_64-linux-gnu/ivl/system.vpi";
:vpi_module "/usr/lib/x86_64-linux-gnu/ivl/vhdl_sys.vpi";
:vpi_module "/usr/lib/x86_64-linux-gnu/ivl/vhdl_textio.vpi";
:vpi_module "/usr/lib/x86_64-linux-gnu/ivl/v2005_math.vpi";
:vpi_module "/usr/lib/x86_64-linux-gnu/ivl/va_math.vpi";
S_0x5598fce39c50 .scope module, "tb_CSkipA_16b" "tb_CSkipA_16b" 2 1;
 .timescale 0 0;
v0x5598fce62a90_0 .var "a", 15 0;
v0x5598fce62b90_0 .var "b", 15 0;
v0x5598fce62c70_0 .var "clk", 0 0;
v0x5598fce62d10_0 .var/i "i", 31 0;
v0x5598fce62db0 .array "memA", 999999 0, 15 0;
v0x5598fce62e70 .array "memB", 999999 0, 15 0;
v0x5598fce62f30_0 .var/i "out_file", 31 0;
v0x5598fce63010_0 .var "rst", 0 0;
v0x5598fce630b0_0 .net "sum", 16 0, L_0x5598fce7e5a0;  1 drivers
L_0x5598fce7bf90 .part v0x5598fce62a90_0, 4, 1;
L_0x5598fce7c0f0 .part v0x5598fce62a90_0, 0, 1;
L_0x5598fce7c220 .part v0x5598fce62a90_0, 1, 1;
L_0x5598fce7c350 .part v0x5598fce62a90_0, 2, 1;
L_0x5598fce7c4b0 .part v0x5598fce62a90_0, 3, 1;
L_0x5598fce7c5e0 .part v0x5598fce62a90_0, 5, 1;
L_0x5598fce7c750 .part v0x5598fce62a90_0, 8, 1;
L_0x5598fce7c880 .part v0x5598fce62a90_0, 6, 1;
L_0x5598fce7ca00 .part v0x5598fce62a90_0, 7, 1;
L_0x5598fce7caa0 .part v0x5598fce62b90_0, 0, 1;
L_0x5598fce7cba0 .part v0x5598fce62b90_0, 1, 1;
L_0x5598fce7cc40 .part v0x5598fce62b90_0, 2, 1;
L_0x5598fce7cce0 .part v0x5598fce62b90_0, 3, 1;
L_0x5598fce7cd80 .part v0x5598fce62b90_0, 4, 1;
L_0x5598fce7ce20 .part v0x5598fce62b90_0, 5, 1;
L_0x5598fce7cec0 .part v0x5598fce62a90_0, 15, 1;
L_0x5598fce7cff0 .part v0x5598fce62a90_0, 14, 1;
L_0x5598fce7d090 .part v0x5598fce62b90_0, 13, 1;
L_0x5598fce7d260 .part v0x5598fce62b90_0, 12, 1;
L_0x5598fce7d410 .part v0x5598fce62b90_0, 11, 1;
L_0x5598fce7d1c0 .part v0x5598fce62b90_0, 10, 1;
L_0x5598fce7d560 .part v0x5598fce62b90_0, 9, 1;
L_0x5598fce7d750 .part v0x5598fce62b90_0, 8, 1;
L_0x5598fce7d880 .part v0x5598fce62b90_0, 7, 1;
L_0x5598fce7d9f0 .part v0x5598fce62b90_0, 6, 1;
L_0x5598fce7db20 .part v0x5598fce62b90_0, 15, 1;
L_0x5598fce7dca0 .part v0x5598fce62b90_0, 14, 1;
L_0x5598fce7dd40 .part v0x5598fce62a90_0, 9, 1;
L_0x5598fce7df60 .part v0x5598fce62a90_0, 10, 1;
L_0x5598fce7e090 .part v0x5598fce62a90_0, 11, 1;
L_0x5598fce7e2c0 .part v0x5598fce62a90_0, 12, 1;
L_0x5598fce7e360 .part v0x5598fce62a90_0, 13, 1;
LS_0x5598fce7e5a0_0_0 .concat8 [ 1 1 1 1], v0x5598fce61830_0, v0x5598fce618f0_0, v0x5598fce61e30_0, v0x5598fce61ef0_0;
LS_0x5598fce7e5a0_0_4 .concat8 [ 1 1 1 1], v0x5598fce61fb0_0, v0x5598fce62070_0, v0x5598fce62130_0, v0x5598fce621f0_0;
LS_0x5598fce7e5a0_0_8 .concat8 [ 1 1 1 1], v0x5598fce622b0_0, v0x5598fce62370_0, v0x5598fce619b0_0, v0x5598fce61a70_0;
LS_0x5598fce7e5a0_0_12 .concat8 [ 1 1 1 1], v0x5598fce61b30_0, v0x5598fce61bf0_0, v0x5598fce61cb0_0, v0x5598fce61d70_0;
LS_0x5598fce7e5a0_0_16 .concat8 [ 1 0 0 0], v0x5598fce5f6a0_0;
LS_0x5598fce7e5a0_1_0 .concat8 [ 4 4 4 4], LS_0x5598fce7e5a0_0_0, LS_0x5598fce7e5a0_0_4, LS_0x5598fce7e5a0_0_8, LS_0x5598fce7e5a0_0_12;
LS_0x5598fce7e5a0_1_4 .concat8 [ 1 0 0 0], LS_0x5598fce7e5a0_0_16;
L_0x5598fce7e5a0 .concat8 [ 16 1 0 0], LS_0x5598fce7e5a0_1_0, LS_0x5598fce7e5a0_1_4;
S_0x5598fce32500 .scope module, "UUT" "CSkipA_16b" 2 15, 3 3 0, S_0x5598fce39c50;
 .timescale 0 0;
    .port_info 0 /INPUT 1 "a~4";
    .port_info 1 /INPUT 1 "a~0";
    .port_info 2 /INPUT 1 "a~1";
    .port_info 3 /INPUT 1 "a~2";
    .port_info 4 /INPUT 1 "a~3";
    .port_info 5 /INPUT 1 "a~5";
    .port_info 6 /INPUT 1 "a~8";
    .port_info 7 /INPUT 1 "a~6";
    .port_info 8 /INPUT 1 "a~7";
    .port_info 9 /INPUT 1 "b~0";
    .port_info 10 /INPUT 1 "b~1";
    .port_info 11 /INPUT 1 "b~2";
    .port_info 12 /INPUT 1 "b~3";
    .port_info 13 /INPUT 1 "b~4";
    .port_info 14 /INPUT 1 "b~5";
    .port_info 15 /INPUT 1 "a~15";
    .port_info 16 /INPUT 1 "a~14";
    .port_info 17 /INPUT 1 "b~13";
    .port_info 18 /INPUT 1 "b~12";
    .port_info 19 /INPUT 1 "b~11";
    .port_info 20 /INPUT 1 "b~10";
    .port_info 21 /INPUT 1 "b~9";
    .port_info 22 /INPUT 1 "b~8";
    .port_info 23 /INPUT 1 "b~7";
    .port_info 24 /INPUT 1 "b~6";
    .port_info 25 /INPUT 1 "rst";
    .port_info 26 /INPUT 1 "clk";
    .port_info 27 /INPUT 1 "b~15";
    .port_info 28 /INPUT 1 "b~14";
    .port_info 29 /INPUT 1 "a~9";
    .port_info 30 /INPUT 1 "a~10";
    .port_info 31 /INPUT 1 "a~11";
    .port_info 32 /INPUT 1 "a~12";
    .port_info 33 /INPUT 1 "a~13";
    .port_info 34 /OUTPUT 1 "sum~13";
    .port_info 35 /OUTPUT 1 "sum~14";
    .port_info 36 /OUTPUT 1 "sum~15";
    .port_info 37 /OUTPUT 1 "cout";
    .port_info 38 /OUTPUT 1 "sum~3";
    .port_info 39 /OUTPUT 1 "sum~2";
    .port_info 40 /OUTPUT 1 "sum~1";
    .port_info 41 /OUTPUT 1 "sum~0";
    .port_info 42 /OUTPUT 1 "sum~11";
    .port_info 43 /OUTPUT 1 "sum~10";
    .port_info 44 /OUTPUT 1 "sum~9";
    .port_info 45 /OUTPUT 1 "sum~8";
    .port_info 46 /OUTPUT 1 "sum~7";
    .port_info 47 /OUTPUT 1 "sum~6";
    .port_info 48 /OUTPUT 1 "sum~5";
    .port_info 49 /OUTPUT 1 "sum~4";
    .port_info 50 /OUTPUT 1 "sum~12";
L_0x5598fce359d0 .functor BUFZ 1, L_0x5598fce7c5e0, C4<0>, C4<0>, C4<0>;
L_0x5598fce35d10 .functor BUFZ 1, L_0x5598fce7bf90, C4<0>, C4<0>, C4<0>;
L_0x5598fce36050 .functor BUFZ 1, L_0x5598fce7c4b0, C4<0>, C4<0>, C4<0>;
L_0x5598fce36390 .functor BUFZ 1, L_0x5598fce7c350, C4<0>, C4<0>, C4<0>;
L_0x5598fce366d0 .functor BUFZ 1, L_0x5598fce7c220, C4<0>, C4<0>, C4<0>;
L_0x5598fce36a10 .functor BUFZ 1, L_0x5598fce7c0f0, C4<0>, C4<0>, C4<0>;
L_0x7fe1a42e9018 .functor BUFT 1, C4<0001011101110111>, C4<0>, C4<0>, C4<0>;
v0x5598fce422e0_0 .net/2u *"_ivl_0", 15 0, L_0x7fe1a42e9018;  1 drivers
v0x5598fce42650_0 .net *"_ivl_10", 5 0, L_0x5598fce73560;  1 drivers
v0x5598fce429c0_0 .net *"_ivl_100", 7 0, L_0x5598fce76800;  1 drivers
L_0x7fe1a42e93c0 .functor BUFT 1, C4<0000000011010100000000000010101100000000001010110000000011010100>, C4<0>, C4<0>, C4<0>;
v0x5598fce403f0_0 .net/2u *"_ivl_104", 63 0, L_0x7fe1a42e93c0;  1 drivers
v0x5598fce40760_0 .net *"_ivl_106", 5 0, L_0x5598fce76bc0;  1 drivers
v0x5598fce40ad0_0 .net *"_ivl_108", 63 0, L_0x5598fce76e50;  1 drivers
L_0x7fe1a42e9408 .functor BUFT 1, C4<0001010001000001>, C4<0>, C4<0>, C4<0>;
v0x5598fce40e40_0 .net/2u *"_ivl_112", 15 0, L_0x7fe1a42e9408;  1 drivers
v0x5598fce599a0_0 .net *"_ivl_114", 3 0, L_0x5598fce771e0;  1 drivers
v0x5598fce59a80_0 .net *"_ivl_116", 15 0, L_0x5598fce772e0;  1 drivers
v0x5598fce59b60_0 .net *"_ivl_12", 63 0, L_0x5598fce737a0;  1 drivers
L_0x7fe1a42e9450 .functor BUFT 1, C4<0001>, C4<0>, C4<0>, C4<0>;
v0x5598fce59c40_0 .net/2u *"_ivl_120", 3 0, L_0x7fe1a42e9450;  1 drivers
v0x5598fce59d20_0 .net *"_ivl_122", 1 0, L_0x5598fce776b0;  1 drivers
v0x5598fce59e00_0 .net *"_ivl_124", 3 0, L_0x5598fce77930;  1 drivers
L_0x7fe1a42e9498 .functor BUFT 1, C4<1111110011010100110101001100000000000000000000000000000000000000>, C4<0>, C4<0>, C4<0>;
v0x5598fce59ee0_0 .net/2u *"_ivl_128", 63 0, L_0x7fe1a42e9498;  1 drivers
v0x5598fce59fc0_0 .net *"_ivl_130", 5 0, L_0x5598fce77d70;  1 drivers
v0x5598fce5a0a0_0 .net *"_ivl_132", 63 0, L_0x5598fce77e50;  1 drivers
L_0x7fe1a42e94e0 .functor BUFT 1, C4<0110>, C4<0>, C4<0>, C4<0>;
v0x5598fce5a180_0 .net/2u *"_ivl_136", 3 0, L_0x7fe1a42e94e0;  1 drivers
v0x5598fce5a260_0 .net *"_ivl_138", 1 0, L_0x5598fce78220;  1 drivers
v0x5598fce5a340_0 .net *"_ivl_140", 3 0, L_0x5598fce78510;  1 drivers
L_0x7fe1a42e9528 .functor BUFT 1, C4<1000>, C4<0>, C4<0>, C4<0>;
v0x5598fce5a420_0 .net/2u *"_ivl_144", 3 0, L_0x7fe1a42e9528;  1 drivers
v0x5598fce5a500_0 .net *"_ivl_146", 1 0, L_0x5598fce78950;  1 drivers
v0x5598fce5a5e0_0 .net *"_ivl_148", 3 0, L_0x5598fce789f0;  1 drivers
L_0x7fe1a42e9570 .functor BUFT 1, C4<0000000011010100000000000010101100000000001010110000000011010100>, C4<0>, C4<0>, C4<0>;
v0x5598fce5a6c0_0 .net/2u *"_ivl_152", 63 0, L_0x7fe1a42e9570;  1 drivers
v0x5598fce5a7a0_0 .net *"_ivl_154", 5 0, L_0x5598fce78e40;  1 drivers
v0x5598fce5a880_0 .net *"_ivl_156", 63 0, L_0x5598fce791a0;  1 drivers
L_0x7fe1a42e90a8 .functor BUFT 1, C4<00000011001010110010101100111111>, C4<0>, C4<0>, C4<0>;
v0x5598fce5a960_0 .net/2u *"_ivl_16", 31 0, L_0x7fe1a42e90a8;  1 drivers
L_0x7fe1a42e95b8 .functor BUFT 1, C4<0001010001000001>, C4<0>, C4<0>, C4<0>;
v0x5598fce5aa40_0 .net/2u *"_ivl_160", 15 0, L_0x7fe1a42e95b8;  1 drivers
v0x5598fce5ab20_0 .net *"_ivl_162", 3 0, L_0x5598fce795c0;  1 drivers
v0x5598fce5ac00_0 .net *"_ivl_164", 15 0, L_0x5598fce79660;  1 drivers
L_0x7fe1a42e9600 .functor BUFT 1, C4<0000000101010111000000010101011100000001010101110001010101111111>, C4<0>, C4<0>, C4<0>;
v0x5598fce5ace0_0 .net/2u *"_ivl_168", 63 0, L_0x7fe1a42e9600;  1 drivers
v0x5598fce5adc0_0 .net *"_ivl_170", 5 0, L_0x5598fce79a90;  1 drivers
v0x5598fce5aea0_0 .net *"_ivl_172", 63 0, L_0x5598fce79e20;  1 drivers
L_0x7fe1a42e9648 .functor BUFT 1, C4<0000000011010100000000000010101100000000001010110000000011010100>, C4<0>, C4<0>, C4<0>;
v0x5598fce5af80_0 .net/2u *"_ivl_176", 63 0, L_0x7fe1a42e9648;  1 drivers
v0x5598fce5b270_0 .net *"_ivl_178", 5 0, L_0x5598fce7a2c0;  1 drivers
v0x5598fce5b350_0 .net *"_ivl_18", 4 0, L_0x5598fce73a10;  1 drivers
v0x5598fce5b430_0 .net *"_ivl_180", 63 0, L_0x5598fce7a440;  1 drivers
L_0x7fe1a42e9690 .functor BUFT 1, C4<0001010001000001>, C4<0>, C4<0>, C4<0>;
v0x5598fce5b510_0 .net/2u *"_ivl_184", 15 0, L_0x7fe1a42e9690;  1 drivers
v0x5598fce5b5f0_0 .net *"_ivl_186", 3 0, L_0x5598fce7a8a0;  1 drivers
v0x5598fce5b6d0_0 .net *"_ivl_188", 15 0, L_0x5598fce7abe0;  1 drivers
L_0x7fe1a42e96d8 .functor BUFT 1, C4<00000011001010110010101100111111>, C4<0>, C4<0>, C4<0>;
v0x5598fce5b7b0_0 .net/2u *"_ivl_192", 31 0, L_0x7fe1a42e96d8;  1 drivers
v0x5598fce5b890_0 .net *"_ivl_194", 4 0, L_0x5598fce7b090;  1 drivers
v0x5598fce5b970_0 .net *"_ivl_196", 31 0, L_0x5598fce7b1c0;  1 drivers
v0x5598fce5ba50_0 .net *"_ivl_2", 3 0, L_0x5598fce731a0;  1 drivers
v0x5598fce5bb30_0 .net *"_ivl_20", 31 0, L_0x5598fce73b30;  1 drivers
L_0x7fe1a42e9720 .functor BUFT 1, C4<0000000011010100>, C4<0>, C4<0>, C4<0>;
v0x5598fce5bc10_0 .net/2u *"_ivl_200", 15 0, L_0x7fe1a42e9720;  1 drivers
v0x5598fce5bcf0_0 .net *"_ivl_202", 3 0, L_0x5598fce7b6a0;  1 drivers
v0x5598fce5bdd0_0 .net *"_ivl_204", 15 0, L_0x5598fce7ba50;  1 drivers
L_0x7fe1a42e90f0 .functor BUFT 1, C4<00001110000000010000000100001110>, C4<0>, C4<0>, C4<0>;
v0x5598fce5beb0_0 .net/2u *"_ivl_24", 31 0, L_0x7fe1a42e90f0;  1 drivers
v0x5598fce5bf90_0 .net *"_ivl_26", 4 0, L_0x5598fce73de0;  1 drivers
v0x5598fce5c070_0 .net *"_ivl_28", 31 0, L_0x5598fce73fc0;  1 drivers
L_0x7fe1a42e9138 .functor BUFT 1, C4<1111110011010100110101001100000000000000000000000000000000000000>, C4<0>, C4<0>, C4<0>;
v0x5598fce5c150_0 .net/2u *"_ivl_32", 63 0, L_0x7fe1a42e9138;  1 drivers
v0x5598fce5c230_0 .net *"_ivl_34", 5 0, L_0x5598fce74290;  1 drivers
v0x5598fce5c310_0 .net *"_ivl_36", 63 0, L_0x5598fce74470;  1 drivers
v0x5598fce5c3f0_0 .net *"_ivl_4", 15 0, L_0x5598fce73300;  1 drivers
L_0x7fe1a42e9180 .functor BUFT 1, C4<0110>, C4<0>, C4<0>, C4<0>;
v0x5598fce5c4d0_0 .net/2u *"_ivl_40", 3 0, L_0x7fe1a42e9180;  1 drivers
v0x5598fce5c5b0_0 .net *"_ivl_42", 1 0, L_0x5598fce74770;  1 drivers
v0x5598fce5c690_0 .net *"_ivl_44", 3 0, L_0x5598fce748a0;  1 drivers
L_0x7fe1a42e91c8 .functor BUFT 1, C4<1000>, C4<0>, C4<0>, C4<0>;
v0x5598fce5c770_0 .net/2u *"_ivl_48", 3 0, L_0x7fe1a42e91c8;  1 drivers
v0x5598fce5c850_0 .net *"_ivl_50", 1 0, L_0x5598fce74bc0;  1 drivers
v0x5598fce5c930_0 .net *"_ivl_52", 3 0, L_0x5598fce74d00;  1 drivers
L_0x7fe1a42e9210 .functor BUFT 1, C4<0001010001000001>, C4<0>, C4<0>, C4<0>;
v0x5598fce5ca10_0 .net/2u *"_ivl_56", 15 0, L_0x7fe1a42e9210;  1 drivers
v0x5598fce5caf0_0 .net *"_ivl_58", 3 0, L_0x5598fce74f90;  1 drivers
v0x5598fce5cbd0_0 .net *"_ivl_60", 15 0, L_0x5598fce750f0;  1 drivers
L_0x7fe1a42e9258 .functor BUFT 1, C4<0001000100010111>, C4<0>, C4<0>, C4<0>;
v0x5598fce5ccb0_0 .net/2u *"_ivl_64", 15 0, L_0x7fe1a42e9258;  1 drivers
v0x5598fce5cd90_0 .net *"_ivl_66", 3 0, L_0x5598fce753f0;  1 drivers
v0x5598fce5d280_0 .net *"_ivl_68", 15 0, L_0x5598fce754e0;  1 drivers
L_0x7fe1a42e92a0 .functor BUFT 1, C4<0001010001000001>, C4<0>, C4<0>, C4<0>;
v0x5598fce5d360_0 .net/2u *"_ivl_72", 15 0, L_0x7fe1a42e92a0;  1 drivers
v0x5598fce5d440_0 .net *"_ivl_74", 3 0, L_0x5598fce75840;  1 drivers
v0x5598fce5d520_0 .net *"_ivl_76", 15 0, L_0x5598fce759d0;  1 drivers
L_0x7fe1a42e9060 .functor BUFT 1, C4<0000001100010111000101110011111100010111001111110001011100111111>, C4<0>, C4<0>, C4<0>;
v0x5598fce5d600_0 .net/2u *"_ivl_8", 63 0, L_0x7fe1a42e9060;  1 drivers
L_0x7fe1a42e92e8 .functor BUFT 1, C4<0000001100010111000000110001011100000011000101110001011100111111>, C4<0>, C4<0>, C4<0>;
v0x5598fce5d6e0_0 .net/2u *"_ivl_80", 63 0, L_0x7fe1a42e92e8;  1 drivers
v0x5598fce5d7c0_0 .net *"_ivl_82", 5 0, L_0x5598fce75ce0;  1 drivers
v0x5598fce5d8a0_0 .net *"_ivl_84", 63 0, L_0x5598fce75f40;  1 drivers
L_0x7fe1a42e9330 .functor BUFT 1, C4<0001010001000001>, C4<0>, C4<0>, C4<0>;
v0x5598fce5d980_0 .net/2u *"_ivl_88", 15 0, L_0x7fe1a42e9330;  1 drivers
v0x5598fce5da60_0 .net *"_ivl_90", 3 0, L_0x5598fce76230;  1 drivers
v0x5598fce5db40_0 .net *"_ivl_92", 15 0, L_0x5598fce76420;  1 drivers
L_0x7fe1a42e9378 .functor BUFT 1, C4<00101011>, C4<0>, C4<0>, C4<0>;
v0x5598fce5dc20_0 .net/2u *"_ivl_96", 7 0, L_0x7fe1a42e9378;  1 drivers
v0x5598fce5dd00_0 .net *"_ivl_98", 2 0, L_0x5598fce76300;  1 drivers
v0x5598fce5dde0_0 .net "a~0", 0 0, L_0x5598fce7c0f0;  1 drivers
v0x5598fce5dea0_0 .net "a~1", 0 0, L_0x5598fce7c220;  1 drivers
v0x5598fce5df60_0 .net "a~10", 0 0, L_0x5598fce7df60;  1 drivers
v0x5598fce5e020_0 .net "a~11", 0 0, L_0x5598fce7e090;  1 drivers
v0x5598fce5e0e0_0 .net "a~12", 0 0, L_0x5598fce7e2c0;  1 drivers
v0x5598fce5e1a0_0 .net "a~13", 0 0, L_0x5598fce7e360;  1 drivers
v0x5598fce5e260_0 .net "a~14", 0 0, L_0x5598fce7cff0;  1 drivers
v0x5598fce5e320_0 .net "a~15", 0 0, L_0x5598fce7cec0;  1 drivers
v0x5598fce5e3e0_0 .net "a~2", 0 0, L_0x5598fce7c350;  1 drivers
v0x5598fce5e4a0_0 .net "a~3", 0 0, L_0x5598fce7c4b0;  1 drivers
v0x5598fce5e560_0 .net "a~4", 0 0, L_0x5598fce7bf90;  1 drivers
v0x5598fce5e620_0 .net "a~5", 0 0, L_0x5598fce7c5e0;  1 drivers
v0x5598fce5e6e0_0 .net "a~6", 0 0, L_0x5598fce7c880;  1 drivers
v0x5598fce5e7a0_0 .net "a~7", 0 0, L_0x5598fce7ca00;  1 drivers
v0x5598fce5e860_0 .net "a~8", 0 0, L_0x5598fce7c750;  1 drivers
v0x5598fce5e920_0 .net "a~9", 0 0, L_0x5598fce7dd40;  1 drivers
v0x5598fce5e9e0_0 .net "b~0", 0 0, L_0x5598fce7caa0;  1 drivers
v0x5598fce5eaa0_0 .net "b~1", 0 0, L_0x5598fce7cba0;  1 drivers
v0x5598fce5eb60_0 .net "b~10", 0 0, L_0x5598fce7d1c0;  1 drivers
v0x5598fce5ec20_0 .net "b~11", 0 0, L_0x5598fce7d410;  1 drivers
v0x5598fce5ece0_0 .net "b~12", 0 0, L_0x5598fce7d260;  1 drivers
v0x5598fce5eda0_0 .net "b~13", 0 0, L_0x5598fce7d090;  1 drivers
v0x5598fce5ee60_0 .net "b~14", 0 0, L_0x5598fce7dca0;  1 drivers
v0x5598fce5ef20_0 .net "b~15", 0 0, L_0x5598fce7db20;  1 drivers
v0x5598fce5efe0_0 .net "b~2", 0 0, L_0x5598fce7cc40;  1 drivers
v0x5598fce5f0a0_0 .net "b~3", 0 0, L_0x5598fce7cce0;  1 drivers
v0x5598fce5f160_0 .net "b~4", 0 0, L_0x5598fce7cd80;  1 drivers
v0x5598fce5f220_0 .net "b~5", 0 0, L_0x5598fce7ce20;  1 drivers
v0x5598fce5f2e0_0 .net "b~6", 0 0, L_0x5598fce7d9f0;  1 drivers
v0x5598fce5f3a0_0 .net "b~7", 0 0, L_0x5598fce7d880;  1 drivers
v0x5598fce5f460_0 .net "b~8", 0 0, L_0x5598fce7d750;  1 drivers
v0x5598fce5f520_0 .net "b~9", 0 0, L_0x5598fce7d560;  1 drivers
v0x5598fce5f5e0_0 .net "clk", 0 0, v0x5598fce62c70_0;  1 drivers
v0x5598fce5f6a0_0 .var "cout", 0 0;
v0x5598fce5f760_0 .net "n104", 0 0, L_0x5598fce36a10;  1 drivers
v0x5598fce5f820_0 .net "n108", 0 0, L_0x5598fce366d0;  1 drivers
v0x5598fce5f8e0_0 .net "n112", 0 0, L_0x5598fce36390;  1 drivers
v0x5598fce5f9a0_0 .net "n116", 0 0, L_0x5598fce36050;  1 drivers
v0x5598fce5fa60_0 .net "n120", 0 0, L_0x5598fce35d10;  1 drivers
v0x5598fce5fb20_0 .net "n124", 0 0, L_0x5598fce359d0;  1 drivers
v0x5598fce5fbe0_0 .net "n128", 0 0, L_0x5598fce740e0;  1 drivers
v0x5598fce5fca0_0 .net "n132", 0 0, L_0x5598fce75230;  1 drivers
v0x5598fce5fd60_0 .net "n136", 0 0, L_0x5598fce75af0;  1 drivers
v0x5598fce5fe20_0 .net "n140", 0 0, L_0x5598fce76590;  1 drivers
v0x5598fce5fee0_0 .net "n144", 0 0, L_0x5598fce76f90;  1 drivers
v0x5598fce5ffa0_0 .net "n148", 0 0, L_0x5598fce775c0;  1 drivers
v0x5598fce60060_0 .net "n152", 0 0, L_0x5598fce792e0;  1 drivers
v0x5598fce60120_0 .net "n156", 0 0, L_0x5598fce799a0;  1 drivers
v0x5598fce601e0_0 .net "n160", 0 0, L_0x5598fce7a7b0;  1 drivers
v0x5598fce602a0_0 .net "n164", 0 0, L_0x5598fce7ad50;  1 drivers
v0x5598fce60360_0 .net "n168", 0 0, L_0x5598fce7bb90;  1 drivers
v0x5598fce60c30_0 .net "new_new_n108_1", 0 0, L_0x5598fce73420;  1 drivers
v0x5598fce60cf0_0 .net "new_new_n110", 0 0, L_0x5598fce738e0;  1 drivers
v0x5598fce60db0_0 .net "new_new_n113", 0 0, L_0x5598fce73cf0;  1 drivers
v0x5598fce60e70_0 .net "new_new_n115_1", 0 0, L_0x5598fce74630;  1 drivers
v0x5598fce60f30_0 .net "new_new_n116_1", 0 0, L_0x5598fce749e0;  1 drivers
v0x5598fce60ff0_0 .net "new_new_n117", 0 0, L_0x5598fce74b20;  1 drivers
v0x5598fce610b0_0 .net "new_new_n119_1", 0 0, L_0x5598fce75700;  1 drivers
v0x5598fce61170_0 .net "new_new_n121", 0 0, L_0x5598fce760f0;  1 drivers
v0x5598fce61230_0 .net "new_new_n123_1", 0 0, L_0x5598fce76a80;  1 drivers
v0x5598fce612f0_0 .net "new_new_n126", 0 0, L_0x5598fce77aa0;  1 drivers
v0x5598fce613b0_0 .net "new_new_n127_1", 0 0, L_0x5598fce780e0;  1 drivers
v0x5598fce61470_0 .net "new_new_n128_1", 0 0, L_0x5598fce78650;  1 drivers
v0x5598fce61530_0 .net "new_new_n129", 0 0, L_0x5598fce78d00;  1 drivers
v0x5598fce615f0_0 .net "new_new_n132_1", 0 0, L_0x5598fce79f60;  1 drivers
v0x5598fce616b0_0 .net "new_new_n135_1", 0 0, L_0x5598fce7b560;  1 drivers
v0x5598fce61770_0 .net "rst", 0 0, v0x5598fce63010_0;  1 drivers
v0x5598fce61830_0 .var "sum~0", 0 0;
v0x5598fce618f0_0 .var "sum~1", 0 0;
v0x5598fce619b0_0 .var "sum~10", 0 0;
v0x5598fce61a70_0 .var "sum~11", 0 0;
v0x5598fce61b30_0 .var "sum~12", 0 0;
v0x5598fce61bf0_0 .var "sum~13", 0 0;
v0x5598fce61cb0_0 .var "sum~14", 0 0;
v0x5598fce61d70_0 .var "sum~15", 0 0;
v0x5598fce61e30_0 .var "sum~2", 0 0;
v0x5598fce61ef0_0 .var "sum~3", 0 0;
v0x5598fce61fb0_0 .var "sum~4", 0 0;
v0x5598fce62070_0 .var "sum~5", 0 0;
v0x5598fce62130_0 .var "sum~6", 0 0;
v0x5598fce621f0_0 .var "sum~7", 0 0;
v0x5598fce622b0_0 .var "sum~8", 0 0;
v0x5598fce62370_0 .var "sum~9", 0 0;
E_0x5598fce0fe10 .event posedge, v0x5598fce5f5e0_0;
L_0x5598fce731a0 .concat [ 1 1 1 1], L_0x5598fce7c220, L_0x5598fce7cba0, L_0x5598fce7caa0, L_0x5598fce7c0f0;
L_0x5598fce73300 .shift/r 16, L_0x7fe1a42e9018, L_0x5598fce731a0;
L_0x5598fce73420 .part L_0x5598fce73300, 0, 1;
LS_0x5598fce73560_0_0 .concat [ 1 1 1 1], L_0x5598fce7c220, L_0x5598fce7c350, L_0x5598fce7cc40, L_0x5598fce7cba0;
LS_0x5598fce73560_0_4 .concat [ 1 1 0 0], L_0x5598fce7caa0, L_0x5598fce7c0f0;
L_0x5598fce73560 .concat [ 4 2 0 0], LS_0x5598fce73560_0_0, LS_0x5598fce73560_0_4;
L_0x5598fce737a0 .shift/r 64, L_0x7fe1a42e9060, L_0x5598fce73560;
L_0x5598fce738e0 .part L_0x5598fce737a0, 0, 1;
LS_0x5598fce73a10_0_0 .concat [ 1 1 1 1], L_0x5598fce738e0, L_0x5598fce7bf90, L_0x5598fce7cd80, L_0x5598fce7c4b0;
LS_0x5598fce73a10_0_4 .concat [ 1 0 0 0], L_0x5598fce7cce0;
L_0x5598fce73a10 .concat [ 4 1 0 0], LS_0x5598fce73a10_0_0, LS_0x5598fce73a10_0_4;
L_0x5598fce73b30 .shift/r 32, L_0x7fe1a42e90a8, L_0x5598fce73a10;
L_0x5598fce73cf0 .part L_0x5598fce73b30, 0, 1;
LS_0x5598fce73de0_0_0 .concat [ 1 1 1 1], L_0x5598fce74630, L_0x5598fce74b20, v0x5598fce63010_0, L_0x5598fce7c880;
LS_0x5598fce73de0_0_4 .concat [ 1 0 0 0], L_0x5598fce7d9f0;
L_0x5598fce73de0 .concat [ 4 1 0 0], LS_0x5598fce73de0_0_0, LS_0x5598fce73de0_0_4;
L_0x5598fce73fc0 .shift/r 32, L_0x7fe1a42e90f0, L_0x5598fce73de0;
L_0x5598fce740e0 .part L_0x5598fce73fc0, 0, 1;
LS_0x5598fce74290_0_0 .concat [ 1 1 1 1], L_0x5598fce738e0, L_0x5598fce7bf90, L_0x5598fce7cd80, L_0x5598fce7c4b0;
LS_0x5598fce74290_0_4 .concat [ 1 1 0 0], L_0x5598fce7cce0, L_0x5598fce749e0;
L_0x5598fce74290 .concat [ 4 2 0 0], LS_0x5598fce74290_0_0, LS_0x5598fce74290_0_4;
L_0x5598fce74470 .shift/r 64, L_0x7fe1a42e9138, L_0x5598fce74290;
L_0x5598fce74630 .part L_0x5598fce74470, 0, 1;
L_0x5598fce74770 .concat [ 1 1 0 0], L_0x5598fce7c5e0, L_0x5598fce7ce20;
L_0x5598fce748a0 .shift/r 4, L_0x7fe1a42e9180, L_0x5598fce74770;
L_0x5598fce749e0 .part L_0x5598fce748a0, 0, 1;
L_0x5598fce74bc0 .concat [ 1 1 0 0], L_0x5598fce7c5e0, L_0x5598fce7ce20;
L_0x5598fce74d00 .shift/r 4, L_0x7fe1a42e91c8, L_0x5598fce74bc0;
L_0x5598fce74b20 .part L_0x5598fce74d00, 0, 1;
L_0x5598fce74f90 .concat [ 1 1 1 1], v0x5598fce63010_0, L_0x5598fce75700, L_0x5598fce7ca00, L_0x5598fce7d880;
L_0x5598fce750f0 .shift/r 16, L_0x7fe1a42e9210, L_0x5598fce74f90;
L_0x5598fce75230 .part L_0x5598fce750f0, 0, 1;
L_0x5598fce753f0 .concat [ 1 1 1 1], L_0x5598fce7c880, L_0x5598fce7d9f0, L_0x5598fce74630, L_0x5598fce74b20;
L_0x5598fce754e0 .shift/r 16, L_0x7fe1a42e9258, L_0x5598fce753f0;
L_0x5598fce75700 .part L_0x5598fce754e0, 0, 1;
L_0x5598fce75840 .concat [ 1 1 1 1], v0x5598fce63010_0, L_0x5598fce760f0, L_0x5598fce7c750, L_0x5598fce7d750;
L_0x5598fce759d0 .shift/r 16, L_0x7fe1a42e92a0, L_0x5598fce75840;
L_0x5598fce75af0 .part L_0x5598fce759d0, 0, 1;
LS_0x5598fce75ce0_0_0 .concat [ 1 1 1 1], L_0x5598fce7c880, L_0x5598fce7ca00, L_0x5598fce7d880, L_0x5598fce7d9f0;
LS_0x5598fce75ce0_0_4 .concat [ 1 1 0 0], L_0x5598fce74630, L_0x5598fce74b20;
L_0x5598fce75ce0 .concat [ 4 2 0 0], LS_0x5598fce75ce0_0_0, LS_0x5598fce75ce0_0_4;
L_0x5598fce75f40 .shift/r 64, L_0x7fe1a42e92e8, L_0x5598fce75ce0;
L_0x5598fce760f0 .part L_0x5598fce75f40, 0, 1;
L_0x5598fce76230 .concat [ 1 1 1 1], v0x5598fce63010_0, L_0x5598fce76a80, L_0x5598fce7d560, L_0x5598fce7dd40;
L_0x5598fce76420 .shift/r 16, L_0x7fe1a42e9330, L_0x5598fce76230;
L_0x5598fce76590 .part L_0x5598fce76420, 0, 1;
L_0x5598fce76300 .concat [ 1 1 1 0], L_0x5598fce760f0, L_0x5598fce7c750, L_0x5598fce7d750;
L_0x5598fce76800 .shift/r 8, L_0x7fe1a42e9378, L_0x5598fce76300;
L_0x5598fce76a80 .part L_0x5598fce76800, 0, 1;
LS_0x5598fce76bc0_0_0 .concat [ 1 1 1 1], L_0x5598fce76a80, L_0x5598fce7d560, L_0x5598fce7dd40, v0x5598fce63010_0;
LS_0x5598fce76bc0_0_4 .concat [ 1 1 0 0], L_0x5598fce7d1c0, L_0x5598fce7df60;
L_0x5598fce76bc0 .concat [ 4 2 0 0], LS_0x5598fce76bc0_0_0, LS_0x5598fce76bc0_0_4;
L_0x5598fce76e50 .shift/r 64, L_0x7fe1a42e93c0, L_0x5598fce76bc0;
L_0x5598fce76f90 .part L_0x5598fce76e50, 0, 1;
L_0x5598fce771e0 .concat [ 1 1 1 1], v0x5598fce63010_0, L_0x5598fce77aa0, L_0x5598fce7d410, L_0x5598fce7e090;
L_0x5598fce772e0 .shift/r 16, L_0x7fe1a42e9408, L_0x5598fce771e0;
L_0x5598fce775c0 .part L_0x5598fce772e0, 0, 1;
L_0x5598fce776b0 .concat [ 1 1 0 0], L_0x5598fce780e0, L_0x5598fce78d00;
L_0x5598fce77930 .shift/r 4, L_0x7fe1a42e9450, L_0x5598fce776b0;
L_0x5598fce77aa0 .part L_0x5598fce77930, 0, 1;
LS_0x5598fce77d70_0_0 .concat [ 1 1 1 1], L_0x5598fce760f0, L_0x5598fce7d560, L_0x5598fce7dd40, L_0x5598fce7c750;
LS_0x5598fce77d70_0_4 .concat [ 1 1 0 0], L_0x5598fce7d750, L_0x5598fce78650;
L_0x5598fce77d70 .concat [ 4 2 0 0], LS_0x5598fce77d70_0_0, LS_0x5598fce77d70_0_4;
L_0x5598fce77e50 .shift/r 64, L_0x7fe1a42e9498, L_0x5598fce77d70;
L_0x5598fce780e0 .part L_0x5598fce77e50, 0, 1;
L_0x5598fce78220 .concat [ 1 1 0 0], L_0x5598fce7d1c0, L_0x5598fce7df60;
L_0x5598fce78510 .shift/r 4, L_0x7fe1a42e94e0, L_0x5598fce78220;
L_0x5598fce78650 .part L_0x5598fce78510, 0, 1;
L_0x5598fce78950 .concat [ 1 1 0 0], L_0x5598fce7d1c0, L_0x5598fce7df60;
L_0x5598fce789f0 .shift/r 4, L_0x7fe1a42e9528, L_0x5598fce78950;
L_0x5598fce78d00 .part L_0x5598fce789f0, 0, 1;
LS_0x5598fce78e40_0_0 .concat [ 1 1 1 1], L_0x5598fce77aa0, L_0x5598fce7d410, L_0x5598fce7e090, v0x5598fce63010_0;
LS_0x5598fce78e40_0_4 .concat [ 1 1 0 0], L_0x5598fce7d260, L_0x5598fce7e2c0;
L_0x5598fce78e40 .concat [ 4 2 0 0], LS_0x5598fce78e40_0_0, LS_0x5598fce78e40_0_4;
L_0x5598fce791a0 .shift/r 64, L_0x7fe1a42e9570, L_0x5598fce78e40;
L_0x5598fce792e0 .part L_0x5598fce791a0, 0, 1;
L_0x5598fce795c0 .concat [ 1 1 1 1], v0x5598fce63010_0, L_0x5598fce79f60, L_0x5598fce7d090, L_0x5598fce7e360;
L_0x5598fce79660 .shift/r 16, L_0x7fe1a42e95b8, L_0x5598fce795c0;
L_0x5598fce799a0 .part L_0x5598fce79660, 0, 1;
LS_0x5598fce79a90_0_0 .concat [ 1 1 1 1], L_0x5598fce7d260, L_0x5598fce7d410, L_0x5598fce7e090, L_0x5598fce7e2c0;
LS_0x5598fce79a90_0_4 .concat [ 1 1 0 0], L_0x5598fce780e0, L_0x5598fce78d00;
L_0x5598fce79a90 .concat [ 4 2 0 0], LS_0x5598fce79a90_0_0, LS_0x5598fce79a90_0_4;
L_0x5598fce79e20 .shift/r 64, L_0x7fe1a42e9600, L_0x5598fce79a90;
L_0x5598fce79f60 .part L_0x5598fce79e20, 0, 1;
LS_0x5598fce7a2c0_0_0 .concat [ 1 1 1 1], L_0x5598fce79f60, L_0x5598fce7d090, L_0x5598fce7e360, v0x5598fce63010_0;
LS_0x5598fce7a2c0_0_4 .concat [ 1 1 0 0], L_0x5598fce7cff0, L_0x5598fce7dca0;
L_0x5598fce7a2c0 .concat [ 4 2 0 0], LS_0x5598fce7a2c0_0_0, LS_0x5598fce7a2c0_0_4;
L_0x5598fce7a440 .shift/r 64, L_0x7fe1a42e9648, L_0x5598fce7a2c0;
L_0x5598fce7a7b0 .part L_0x5598fce7a440, 0, 1;
L_0x5598fce7a8a0 .concat [ 1 1 1 1], v0x5598fce63010_0, L_0x5598fce7b560, L_0x5598fce7cec0, L_0x5598fce7db20;
L_0x5598fce7abe0 .shift/r 16, L_0x7fe1a42e9690, L_0x5598fce7a8a0;
L_0x5598fce7ad50 .part L_0x5598fce7abe0, 0, 1;
LS_0x5598fce7b090_0_0 .concat [ 1 1 1 1], L_0x5598fce79f60, L_0x5598fce7cff0, L_0x5598fce7dca0, L_0x5598fce7d090;
LS_0x5598fce7b090_0_4 .concat [ 1 0 0 0], L_0x5598fce7e360;
L_0x5598fce7b090 .concat [ 4 1 0 0], LS_0x5598fce7b090_0_0, LS_0x5598fce7b090_0_4;
L_0x5598fce7b1c0 .shift/r 32, L_0x7fe1a42e96d8, L_0x5598fce7b090;
L_0x5598fce7b560 .part L_0x5598fce7b1c0, 0, 1;
L_0x5598fce7b6a0 .concat [ 1 1 1 1], L_0x5598fce7b560, L_0x5598fce7cec0, L_0x5598fce7db20, v0x5598fce63010_0;
L_0x5598fce7ba50 .shift/r 16, L_0x7fe1a42e9720, L_0x5598fce7b6a0;
L_0x5598fce7bb90 .part L_0x5598fce7ba50, 0, 1;
    .scope S_0x5598fce32500;
T_0 ;
    %wait E_0x5598fce0fe10;
    %load/vec4 v0x5598fce5f760_0;
    %assign/vec4 v0x5598fce61830_0, 0;
    %jmp T_0;
    .thread T_0;
    .scope S_0x5598fce32500;
T_1 ;
    %wait E_0x5598fce0fe10;
    %load/vec4 v0x5598fce5fe20_0;
    %assign/vec4 v0x5598fce62370_0, 0;
    %jmp T_1;
    .thread T_1;
    .scope S_0x5598fce32500;
T_2 ;
    %wait E_0x5598fce0fe10;
    %load/vec4 v0x5598fce5fee0_0;
    %assign/vec4 v0x5598fce619b0_0, 0;
    %jmp T_2;
    .thread T_2;
    .scope S_0x5598fce32500;
T_3 ;
    %wait E_0x5598fce0fe10;
    %load/vec4 v0x5598fce5ffa0_0;
    %assign/vec4 v0x5598fce61a70_0, 0;
    %jmp T_3;
    .thread T_3;
    .scope S_0x5598fce32500;
T_4 ;
    %wait E_0x5598fce0fe10;
    %load/vec4 v0x5598fce60060_0;
    %assign/vec4 v0x5598fce61b30_0, 0;
    %jmp T_4;
    .thread T_4;
    .scope S_0x5598fce32500;
T_5 ;
    %wait E_0x5598fce0fe10;
    %load/vec4 v0x5598fce60120_0;
    %assign/vec4 v0x5598fce61bf0_0, 0;
    %jmp T_5;
    .thread T_5;
    .scope S_0x5598fce32500;
T_6 ;
    %wait E_0x5598fce0fe10;
    %load/vec4 v0x5598fce601e0_0;
    %assign/vec4 v0x5598fce61cb0_0, 0;
    %jmp T_6;
    .thread T_6;
    .scope S_0x5598fce32500;
T_7 ;
    %wait E_0x5598fce0fe10;
    %load/vec4 v0x5598fce602a0_0;
    %assign/vec4 v0x5598fce61d70_0, 0;
    %jmp T_7;
    .thread T_7;
    .scope S_0x5598fce32500;
T_8 ;
    %wait E_0x5598fce0fe10;
    %load/vec4 v0x5598fce60360_0;
    %assign/vec4 v0x5598fce5f6a0_0, 0;
    %jmp T_8;
    .thread T_8;
    .scope S_0x5598fce32500;
T_9 ;
    %wait E_0x5598fce0fe10;
    %load/vec4 v0x5598fce5f820_0;
    %assign/vec4 v0x5598fce618f0_0, 0;
    %jmp T_9;
    .thread T_9;
    .scope S_0x5598fce32500;
T_10 ;
    %wait E_0x5598fce0fe10;
    %load/vec4 v0x5598fce5f8e0_0;
    %assign/vec4 v0x5598fce61e30_0, 0;
    %jmp T_10;
    .thread T_10;
    .scope S_0x5598fce32500;
T_11 ;
    %wait E_0x5598fce0fe10;
    %load/vec4 v0x5598fce5f9a0_0;
    %assign/vec4 v0x5598fce61ef0_0, 0;
    %jmp T_11;
    .thread T_11;
    .scope S_0x5598fce32500;
T_12 ;
    %wait E_0x5598fce0fe10;
    %load/vec4 v0x5598fce5fa60_0;
    %assign/vec4 v0x5598fce61fb0_0, 0;
    %jmp T_12;
    .thread T_12;
    .scope S_0x5598fce32500;
T_13 ;
    %wait E_0x5598fce0fe10;
    %load/vec4 v0x5598fce5fb20_0;
    %assign/vec4 v0x5598fce62070_0, 0;
    %jmp T_13;
    .thread T_13;
    .scope S_0x5598fce32500;
T_14 ;
    %wait E_0x5598fce0fe10;
    %load/vec4 v0x5598fce5fbe0_0;
    %assign/vec4 v0x5598fce62130_0, 0;
    %jmp T_14;
    .thread T_14;
    .scope S_0x5598fce32500;
T_15 ;
    %wait E_0x5598fce0fe10;
    %load/vec4 v0x5598fce5fca0_0;
    %assign/vec4 v0x5598fce621f0_0, 0;
    %jmp T_15;
    .thread T_15;
    .scope S_0x5598fce32500;
T_16 ;
    %wait E_0x5598fce0fe10;
    %load/vec4 v0x5598fce5fd60_0;
    %assign/vec4 v0x5598fce622b0_0, 0;
    %jmp T_16;
    .thread T_16;
    .scope S_0x5598fce39c50;
T_17 ;
    %delay 5, 0;
    %load/vec4 v0x5598fce62c70_0;
    %inv;
    %store/vec4 v0x5598fce62c70_0, 0, 1;
    %jmp T_17;
    .thread T_17;
    .scope S_0x5598fce39c50;
T_18 ;
    %pushi/vec4 0, 0, 1;
    %store/vec4 v0x5598fce62c70_0, 0, 1;
    %pushi/vec4 1, 0, 1;
    %store/vec4 v0x5598fce63010_0, 0, 1;
    %pushi/vec4 0, 0, 16;
    %store/vec4 v0x5598fce62a90_0, 0, 16;
    %pushi/vec4 0, 0, 16;
    %store/vec4 v0x5598fce62b90_0, 0, 16;
    %vpi_call 2 44 "$readmemh", "memA.dat", v0x5598fce62db0 {0 0 0};
    %vpi_call 2 45 "$readmemh", "memB.dat", v0x5598fce62e70 {0 0 0};
    %vpi_func 2 48 "$fopen" 32, "output_sum.txt", "w" {0 0 0};
    %store/vec4 v0x5598fce62f30_0, 0, 32;
    %delay 10, 0;
    %pushi/vec4 0, 0, 1;
    %store/vec4 v0x5598fce63010_0, 0, 1;
    %pushi/vec4 0, 0, 32;
    %store/vec4 v0x5598fce62d10_0, 0, 32;
T_18.0 ;
    %load/vec4 v0x5598fce62d10_0;
    %cmpi/s 1000000, 0, 32;
    %jmp/0xz T_18.1, 5;
    %ix/getv/s 4, v0x5598fce62d10_0;
    %load/vec4a v0x5598fce62db0, 4;
    %store/vec4 v0x5598fce62a90_0, 0, 16;
    %ix/getv/s 4, v0x5598fce62d10_0;
    %load/vec4a v0x5598fce62e70, 4;
    %store/vec4 v0x5598fce62b90_0, 0, 16;
    %delay 10, 0;
    %vpi_call 2 58 "$fwrite", v0x5598fce62f30_0, "%h\012", v0x5598fce630b0_0 {0 0 0};
    %load/vec4 v0x5598fce62d10_0;
    %addi 1, 0, 32;
    %store/vec4 v0x5598fce62d10_0, 0, 32;
    %jmp T_18.0;
T_18.1 ;
    %vpi_call 2 62 "$fclose", v0x5598fce62f30_0 {0 0 0};
    %delay 10, 0;
    %vpi_call 2 65 "$finish" {0 0 0};
    %end;
    .thread T_18;
# The file index is used to find the file name in the following table.
:file_names 4;
    "N/A";
    "<interactive>";
    "cs_tb.v";
    "CS_16b_try_6.v";
