#Timing report of worst 34 path(s)
# Unit scale: 1e-09 seconds
# Output precision: 3

#Path 1
Startpoint: a~3.inpad[0] (.input clocked by clk)
Endpoint  : sum~3.D[0] (.latch clocked by clk)
Path Type : hold

Point                                                             Incr      Path
--------------------------------------------------------------------------------
clock clk (rise edge)                                            0.000     0.000
clock source latency                                             0.000     0.000
input external delay                                             0.000     0.000
a~3.inpad[0] (.input)                                            0.000     0.000
sum~3.D[0] (.latch)                                              0.170     0.170
data arrival time                                                          0.170

clock clk (rise edge)                                            0.000     0.000
clock source latency                                             0.000     0.000
clk.inpad[0] (.input)                                            0.000     0.000
sum~3.clk[0] (.latch)                                            0.000     0.000
clock uncertainty                                                0.000     0.000
cell hold time                                                   0.066     0.066
data required time                                                         0.066
--------------------------------------------------------------------------------
data required time                                                        -0.066
data arrival time                                                          0.170
--------------------------------------------------------------------------------
slack (MET)                                                                0.104


#Path 2
Startpoint: a~4.inpad[0] (.input clocked by clk)
Endpoint  : sum~4.D[0] (.latch clocked by clk)
Path Type : hold

Point                                                             Incr      Path
--------------------------------------------------------------------------------
clock clk (rise edge)                                            0.000     0.000
clock source latency                                             0.000     0.000
input external delay                                             0.000     0.000
a~4.inpad[0] (.input)                                            0.000     0.000
sum~4.D[0] (.latch)                                              0.265     0.265
data arrival time                                                          0.265

clock clk (rise edge)                                            0.000     0.000
clock source latency                                             0.000     0.000
clk.inpad[0] (.input)                                            0.000     0.000
sum~4.clk[0] (.latch)                                            0.000     0.000
clock uncertainty                                                0.000     0.000
cell hold time                                                   0.066     0.066
data required time                                                         0.066
--------------------------------------------------------------------------------
data required time                                                        -0.066
data arrival time                                                          0.265
--------------------------------------------------------------------------------
slack (MET)                                                                0.199


#Path 3
Startpoint: a~5.inpad[0] (.input clocked by clk)
Endpoint  : sum~5.D[0] (.latch clocked by clk)
Path Type : hold

Point                                                             Incr      Path
--------------------------------------------------------------------------------
clock clk (rise edge)                                            0.000     0.000
clock source latency                                             0.000     0.000
input external delay                                             0.000     0.000
a~5.inpad[0] (.input)                                            0.000     0.000
sum~5.D[0] (.latch)                                              0.305     0.305
data arrival time                                                          0.305

clock clk (rise edge)                                            0.000     0.000
clock source latency                                             0.000     0.000
clk.inpad[0] (.input)                                            0.000     0.000
sum~5.clk[0] (.latch)                                            0.000     0.000
clock uncertainty                                                0.000     0.000
cell hold time                                                   0.066     0.066
data required time                                                         0.066
--------------------------------------------------------------------------------
data required time                                                        -0.066
data arrival time                                                          0.305
--------------------------------------------------------------------------------
slack (MET)                                                                0.239


#Path 4
Startpoint: a~2.inpad[0] (.input clocked by clk)
Endpoint  : sum~2.D[0] (.latch clocked by clk)
Path Type : hold

Point                                                             Incr      Path
--------------------------------------------------------------------------------
clock clk (rise edge)                                            0.000     0.000
clock source latency                                             0.000     0.000
input external delay                                             0.000     0.000
a~2.inpad[0] (.input)                                            0.000     0.000
sum~2.D[0] (.latch)                                              0.321     0.321
data arrival time                                                          0.321

clock clk (rise edge)                                            0.000     0.000
clock source latency                                             0.000     0.000
clk.inpad[0] (.input)                                            0.000     0.000
sum~2.clk[0] (.latch)                                            0.000     0.000
clock uncertainty                                                0.000     0.000
cell hold time                                                   0.066     0.066
data required time                                                         0.066
--------------------------------------------------------------------------------
data required time                                                        -0.066
data arrival time                                                          0.321
--------------------------------------------------------------------------------
slack (MET)                                                                0.255


#Path 5
Startpoint: sum~7.Q[0] (.latch clocked by clk)
Endpoint  : out:sum~7.outpad[0] (.output clocked by clk)
Path Type : hold

Point                                                             Incr      Path
--------------------------------------------------------------------------------
clock clk (rise edge)                                            0.000     0.000
clock source latency                                             0.000     0.000
clk.inpad[0] (.input)                                            0.000     0.000
sum~7.clk[0] (.latch)                                            0.000     0.000
sum~7.Q[0] (.latch) [clock-to-output]                            0.124     0.124
out:sum~7.outpad[0] (.output)                                    0.166     0.290
data arrival time                                                          0.290

clock clk (rise edge)                                            0.000     0.000
clock source latency                                             0.000     0.000
clock uncertainty                                                0.000     0.000
output external delay                                            0.000     0.000
data required time                                                         0.000
--------------------------------------------------------------------------------
data required time                                                        -0.000
data arrival time                                                          0.290
--------------------------------------------------------------------------------
slack (MET)                                                                0.290


#Path 6
Startpoint: rst.inpad[0] (.input clocked by clk)
Endpoint  : sum~6.D[0] (.latch clocked by clk)
Path Type : hold

Point                                                             Incr      Path
--------------------------------------------------------------------------------
clock clk (rise edge)                                            0.000     0.000
clock source latency                                             0.000     0.000
input external delay                                             0.000     0.000
rst.inpad[0] (.input)                                            0.000     0.000
n128.in[2] (.names)                                              0.150     0.150
n128.out[0] (.names)                                             0.235     0.385
sum~6.D[0] (.latch)                                              0.000     0.385
data arrival time                                                          0.385

clock clk (rise edge)                                            0.000     0.000
clock source latency                                             0.000     0.000
clk.inpad[0] (.input)                                            0.000     0.000
sum~6.clk[0] (.latch)                                            0.000     0.000
clock uncertainty                                                0.000     0.000
cell hold time                                                   0.066     0.066
data required time                                                         0.066
--------------------------------------------------------------------------------
data required time                                                        -0.066
data arrival time                                                          0.385
--------------------------------------------------------------------------------
slack (MET)                                                                0.319


#Path 7
Startpoint: rst.inpad[0] (.input clocked by clk)
Endpoint  : sum~7.D[0] (.latch clocked by clk)
Path Type : hold

Point                                                             Incr      Path
--------------------------------------------------------------------------------
clock clk (rise edge)                                            0.000     0.000
clock source latency                                             0.000     0.000
input external delay                                             0.000     0.000
rst.inpad[0] (.input)                                            0.000     0.000
n132.in[0] (.names)                                              0.150     0.150
n132.out[0] (.names)                                             0.235     0.385
sum~7.D[0] (.latch)                                              0.000     0.385
data arrival time                                                          0.385

clock clk (rise edge)                                            0.000     0.000
clock source latency                                             0.000     0.000
clk.inpad[0] (.input)                                            0.000     0.000
sum~7.clk[0] (.latch)                                            0.000     0.000
clock uncertainty                                                0.000     0.000
cell hold time                                                   0.066     0.066
data required time                                                         0.066
--------------------------------------------------------------------------------
data required time                                                        -0.066
data arrival time                                                          0.385
--------------------------------------------------------------------------------
slack (MET)                                                                0.319


#Path 8
Startpoint: a~9.inpad[0] (.input clocked by clk)
Endpoint  : sum~9.D[0] (.latch clocked by clk)
Path Type : hold

Point                                                             Incr      Path
--------------------------------------------------------------------------------
clock clk (rise edge)                                            0.000     0.000
clock source latency                                             0.000     0.000
input external delay                                             0.000     0.000
a~9.inpad[0] (.input)                                            0.000     0.000
n140.in[3] (.names)                                              0.150     0.150
n140.out[0] (.names)                                             0.235     0.385
sum~9.D[0] (.latch)                                              0.000     0.385
data arrival time                                                          0.385

clock clk (rise edge)                                            0.000     0.000
clock source latency                                             0.000     0.000
clk.inpad[0] (.input)                                            0.000     0.000
sum~9.clk[0] (.latch)                                            0.000     0.000
clock uncertainty                                                0.000     0.000
cell hold time                                                   0.066     0.066
data required time                                                         0.066
--------------------------------------------------------------------------------
data required time                                                        -0.066
data arrival time                                                          0.385
--------------------------------------------------------------------------------
slack (MET)                                                                0.319


#Path 9
Startpoint: b~11.inpad[0] (.input clocked by clk)
Endpoint  : sum~11.D[0] (.latch clocked by clk)
Path Type : hold

Point                                                             Incr      Path
--------------------------------------------------------------------------------
clock clk (rise edge)                                            0.000     0.000
clock source latency                                             0.000     0.000
input external delay                                             0.000     0.000
b~11.inpad[0] (.input)                                           0.000     0.000
n148.in[2] (.names)                                              0.150     0.150
n148.out[0] (.names)                                             0.235     0.385
sum~11.D[0] (.latch)                                             0.000     0.385
data arrival time                                                          0.385

clock clk (rise edge)                                            0.000     0.000
clock source latency                                             0.000     0.000
clk.inpad[0] (.input)                                            0.000     0.000
sum~11.clk[0] (.latch)                                           0.000     0.000
clock uncertainty                                                0.000     0.000
cell hold time                                                   0.066     0.066
data required time                                                         0.066
--------------------------------------------------------------------------------
data required time                                                        -0.066
data arrival time                                                          0.385
--------------------------------------------------------------------------------
slack (MET)                                                                0.319


#Path 10
Startpoint: a~1.inpad[0] (.input clocked by clk)
Endpoint  : sum~1.D[0] (.latch clocked by clk)
Path Type : hold

Point                                                             Incr      Path
--------------------------------------------------------------------------------
clock clk (rise edge)                                            0.000     0.000
clock source latency                                             0.000     0.000
input external delay                                             0.000     0.000
a~1.inpad[0] (.input)                                            0.000     0.000
sum~1.D[0] (.latch)                                              0.398     0.398
data arrival time                                                          0.398

clock clk (rise edge)                                            0.000     0.000
clock source latency                                             0.000     0.000
clk.inpad[0] (.input)                                            0.000     0.000
sum~1.clk[0] (.latch)                                            0.000     0.000
clock uncertainty                                                0.000     0.000
cell hold time                                                   0.066     0.066
data required time                                                         0.066
--------------------------------------------------------------------------------
data required time                                                        -0.066
data arrival time                                                          0.398
--------------------------------------------------------------------------------
slack (MET)                                                                0.332


#Path 11
Startpoint: a~0.inpad[0] (.input clocked by clk)
Endpoint  : sum~0.D[0] (.latch clocked by clk)
Path Type : hold

Point                                                             Incr      Path
--------------------------------------------------------------------------------
clock clk (rise edge)                                            0.000     0.000
clock source latency                                             0.000     0.000
input external delay                                             0.000     0.000
a~0.inpad[0] (.input)                                            0.000     0.000
sum~0.D[0] (.latch)                                              0.399     0.399
data arrival time                                                          0.399

clock clk (rise edge)                                            0.000     0.000
clock source latency                                             0.000     0.000
clk.inpad[0] (.input)                                            0.000     0.000
sum~0.clk[0] (.latch)                                            0.000     0.000
clock uncertainty                                                0.000     0.000
cell hold time                                                   0.066     0.066
data required time                                                         0.066
--------------------------------------------------------------------------------
data required time                                                        -0.066
data arrival time                                                          0.399
--------------------------------------------------------------------------------
slack (MET)                                                                0.333


#Path 12
Startpoint: b~8.inpad[0] (.input clocked by clk)
Endpoint  : sum~8.D[0] (.latch clocked by clk)
Path Type : hold

Point                                                             Incr      Path
--------------------------------------------------------------------------------
clock clk (rise edge)                                            0.000     0.000
clock source latency                                             0.000     0.000
input external delay                                             0.000     0.000
b~8.inpad[0] (.input)                                            0.000     0.000
n136.in[3] (.names)                                              0.167     0.167
n136.out[0] (.names)                                             0.235     0.402
sum~8.D[0] (.latch)                                              0.000     0.402
data arrival time                                                          0.402

clock clk (rise edge)                                            0.000     0.000
clock source latency                                             0.000     0.000
clk.inpad[0] (.input)                                            0.000     0.000
sum~8.clk[0] (.latch)                                            0.000     0.000
clock uncertainty                                                0.000     0.000
cell hold time                                                   0.066     0.066
data required time                                                         0.066
--------------------------------------------------------------------------------
data required time                                                        -0.066
data arrival time                                                          0.402
--------------------------------------------------------------------------------
slack (MET)                                                                0.336


#Path 13
Startpoint: b~13.inpad[0] (.input clocked by clk)
Endpoint  : sum~13.D[0] (.latch clocked by clk)
Path Type : hold

Point                                                             Incr      Path
--------------------------------------------------------------------------------
clock clk (rise edge)                                            0.000     0.000
clock source latency                                             0.000     0.000
input external delay                                             0.000     0.000
b~13.inpad[0] (.input)                                           0.000     0.000
n156.in[2] (.names)                                              0.167     0.167
n156.out[0] (.names)                                             0.235     0.402
sum~13.D[0] (.latch)                                             0.000     0.402
data arrival time                                                          0.402

clock clk (rise edge)                                            0.000     0.000
clock source latency                                             0.000     0.000
clk.inpad[0] (.input)                                            0.000     0.000
sum~13.clk[0] (.latch)                                           0.000     0.000
clock uncertainty                                                0.000     0.000
cell hold time                                                   0.066     0.066
data required time                                                         0.066
--------------------------------------------------------------------------------
data required time                                                        -0.066
data arrival time                                                          0.402
--------------------------------------------------------------------------------
slack (MET)                                                                0.336


#Path 14
Startpoint: a~9.inpad[0] (.input clocked by clk)
Endpoint  : sum~10.D[0] (.latch clocked by clk)
Path Type : hold

Point                                                             Incr      Path
--------------------------------------------------------------------------------
clock clk (rise edge)                                            0.000     0.000
clock source latency                                             0.000     0.000
input external delay                                             0.000     0.000
a~9.inpad[0] (.input)                                            0.000     0.000
n144.in[2] (.names)                                              0.150     0.150
n144.out[0] (.names)                                             0.261     0.411
sum~10.D[0] (.latch)                                             0.000     0.411
data arrival time                                                          0.411

clock clk (rise edge)                                            0.000     0.000
clock source latency                                             0.000     0.000
clk.inpad[0] (.input)                                            0.000     0.000
sum~10.clk[0] (.latch)                                           0.000     0.000
clock uncertainty                                                0.000     0.000
cell hold time                                                   0.066     0.066
data required time                                                         0.066
--------------------------------------------------------------------------------
data required time                                                        -0.066
data arrival time                                                          0.411
--------------------------------------------------------------------------------
slack (MET)                                                                0.345


#Path 15
Startpoint: cout.Q[0] (.latch clocked by clk)
Endpoint  : out:cout.outpad[0] (.output clocked by clk)
Path Type : hold

Point                                                             Incr      Path
--------------------------------------------------------------------------------
clock clk (rise edge)                                            0.000     0.000
clock source latency                                             0.000     0.000
clk.inpad[0] (.input)                                            0.000     0.000
cout.clk[0] (.latch)                                             0.000     0.000
cout.Q[0] (.latch) [clock-to-output]                             0.124     0.124
out:cout.outpad[0] (.output)                                     0.224     0.348
data arrival time                                                          0.348

clock clk (rise edge)                                            0.000     0.000
clock source latency                                             0.000     0.000
clock uncertainty                                                0.000     0.000
output external delay                                            0.000     0.000
data required time                                                         0.000
--------------------------------------------------------------------------------
data required time                                                        -0.000
data arrival time                                                          0.348
--------------------------------------------------------------------------------
slack (MET)                                                                0.348


#Path 16
Startpoint: sum~2.Q[0] (.latch clocked by clk)
Endpoint  : out:sum~2.outpad[0] (.output clocked by clk)
Path Type : hold

Point                                                             Incr      Path
--------------------------------------------------------------------------------
clock clk (rise edge)                                            0.000     0.000
clock source latency                                             0.000     0.000
clk.inpad[0] (.input)                                            0.000     0.000
sum~2.clk[0] (.latch)                                            0.000     0.000
sum~2.Q[0] (.latch) [clock-to-output]                            0.124     0.124
out:sum~2.outpad[0] (.output)                                    0.224     0.348
data arrival time                                                          0.348

clock clk (rise edge)                                            0.000     0.000
clock source latency                                             0.000     0.000
clock uncertainty                                                0.000     0.000
output external delay                                            0.000     0.000
data required time                                                         0.000
--------------------------------------------------------------------------------
data required time                                                        -0.000
data arrival time                                                          0.348
--------------------------------------------------------------------------------
slack (MET)                                                                0.348


#Path 17
Startpoint: b~13.inpad[0] (.input clocked by clk)
Endpoint  : sum~14.D[0] (.latch clocked by clk)
Path Type : hold

Point                                                             Incr      Path
--------------------------------------------------------------------------------
clock clk (rise edge)                                            0.000     0.000
clock source latency                                             0.000     0.000
input external delay                                             0.000     0.000
b~13.inpad[0] (.input)                                           0.000     0.000
n160.in[1] (.names)                                              0.167     0.167
n160.out[0] (.names)                                             0.261     0.428
sum~14.D[0] (.latch)                                             0.000     0.428
data arrival time                                                          0.428

clock clk (rise edge)                                            0.000     0.000
clock source latency                                             0.000     0.000
clk.inpad[0] (.input)                                            0.000     0.000
sum~14.clk[0] (.latch)                                           0.000     0.000
clock uncertainty                                                0.000     0.000
cell hold time                                                   0.066     0.066
data required time                                                         0.066
--------------------------------------------------------------------------------
data required time                                                        -0.066
data arrival time                                                          0.428
--------------------------------------------------------------------------------
slack (MET)                                                                0.362


#Path 18
Startpoint: a~11.inpad[0] (.input clocked by clk)
Endpoint  : sum~12.D[0] (.latch clocked by clk)
Path Type : hold

Point                                                             Incr      Path
--------------------------------------------------------------------------------
clock clk (rise edge)                                            0.000     0.000
clock source latency                                             0.000     0.000
input external delay                                             0.000     0.000
a~11.inpad[0] (.input)                                           0.000     0.000
n152.in[2] (.names)                                              0.170     0.170
n152.out[0] (.names)                                             0.261     0.431
sum~12.D[0] (.latch)                                             0.000     0.431
data arrival time                                                          0.431

clock clk (rise edge)                                            0.000     0.000
clock source latency                                             0.000     0.000
clk.inpad[0] (.input)                                            0.000     0.000
sum~12.clk[0] (.latch)                                           0.000     0.000
clock uncertainty                                                0.000     0.000
cell hold time                                                   0.066     0.066
data required time                                                         0.066
--------------------------------------------------------------------------------
data required time                                                        -0.066
data arrival time                                                          0.431
--------------------------------------------------------------------------------
slack (MET)                                                                0.365


#Path 19
Startpoint: sum~3.Q[0] (.latch clocked by clk)
Endpoint  : out:sum~3.outpad[0] (.output clocked by clk)
Path Type : hold

Point                                                             Incr      Path
--------------------------------------------------------------------------------
clock clk (rise edge)                                            0.000     0.000
clock source latency                                             0.000     0.000
clk.inpad[0] (.input)                                            0.000     0.000
sum~3.clk[0] (.latch)                                            0.000     0.000
sum~3.Q[0] (.latch) [clock-to-output]                            0.124     0.124
out:sum~3.outpad[0] (.output)                                    0.244     0.368
data arrival time                                                          0.368

clock clk (rise edge)                                            0.000     0.000
clock source latency                                             0.000     0.000
clock uncertainty                                                0.000     0.000
output external delay                                            0.000     0.000
data required time                                                         0.000
--------------------------------------------------------------------------------
data required time                                                        -0.000
data arrival time                                                          0.368
--------------------------------------------------------------------------------
slack (MET)                                                                0.368


#Path 20
Startpoint: sum~0.Q[0] (.latch clocked by clk)
Endpoint  : out:sum~0.outpad[0] (.output clocked by clk)
Path Type : hold

Point                                                             Incr      Path
--------------------------------------------------------------------------------
clock clk (rise edge)                                            0.000     0.000
clock source latency                                             0.000     0.000
clk.inpad[0] (.input)                                            0.000     0.000
sum~0.clk[0] (.latch)                                            0.000     0.000
sum~0.Q[0] (.latch) [clock-to-output]                            0.124     0.124
out:sum~0.outpad[0] (.output)                                    0.246     0.370
data arrival time                                                          0.370

clock clk (rise edge)                                            0.000     0.000
clock source latency                                             0.000     0.000
clock uncertainty                                                0.000     0.000
output external delay                                            0.000     0.000
data required time                                                         0.000
--------------------------------------------------------------------------------
data required time                                                        -0.000
data arrival time                                                          0.370
--------------------------------------------------------------------------------
slack (MET)                                                                0.370


#Path 21
Startpoint: a~15.inpad[0] (.input clocked by clk)
Endpoint  : sum~15.D[0] (.latch clocked by clk)
Path Type : hold

Point                                                             Incr      Path
--------------------------------------------------------------------------------
clock clk (rise edge)                                            0.000     0.000
clock source latency                                             0.000     0.000
input external delay                                             0.000     0.000
a~15.inpad[0] (.input)                                           0.000     0.000
n164.in[2] (.names)                                              0.245     0.245
n164.out[0] (.names)                                             0.235     0.480
sum~15.D[0] (.latch)                                             0.000     0.480
data arrival time                                                          0.480

clock clk (rise edge)                                            0.000     0.000
clock source latency                                             0.000     0.000
clk.inpad[0] (.input)                                            0.000     0.000
sum~15.clk[0] (.latch)                                           0.000     0.000
clock uncertainty                                                0.000     0.000
cell hold time                                                   0.066     0.066
data required time                                                         0.066
--------------------------------------------------------------------------------
data required time                                                        -0.066
data arrival time                                                          0.480
--------------------------------------------------------------------------------
slack (MET)                                                                0.414


#Path 22
Startpoint: a~15.inpad[0] (.input clocked by clk)
Endpoint  : cout.D[0] (.latch clocked by clk)
Path Type : hold

Point                                                             Incr      Path
--------------------------------------------------------------------------------
clock clk (rise edge)                                            0.000     0.000
clock source latency                                             0.000     0.000
input external delay                                             0.000     0.000
a~15.inpad[0] (.input)                                           0.000     0.000
n168.in[1] (.names)                                              0.245     0.245
n168.out[0] (.names)                                             0.235     0.480
cout.D[0] (.latch)                                               0.000     0.480
data arrival time                                                          0.480

clock clk (rise edge)                                            0.000     0.000
clock source latency                                             0.000     0.000
clk.inpad[0] (.input)                                            0.000     0.000
cout.clk[0] (.latch)                                             0.000     0.000
clock uncertainty                                                0.000     0.000
cell hold time                                                   0.066     0.066
data required time                                                         0.066
--------------------------------------------------------------------------------
data required time                                                        -0.066
data arrival time                                                          0.480
--------------------------------------------------------------------------------
slack (MET)                                                                0.414


#Path 23
Startpoint: sum~15.Q[0] (.latch clocked by clk)
Endpoint  : out:sum~15.outpad[0] (.output clocked by clk)
Path Type : hold

Point                                                             Incr      Path
--------------------------------------------------------------------------------
clock clk (rise edge)                                            0.000     0.000
clock source latency                                             0.000     0.000
clk.inpad[0] (.input)                                            0.000     0.000
sum~15.clk[0] (.latch)                                           0.000     0.000
sum~15.Q[0] (.latch) [clock-to-output]                           0.124     0.124
out:sum~15.outpad[0] (.output)                                   0.304     0.428
data arrival time                                                          0.428

clock clk (rise edge)                                            0.000     0.000
clock source latency                                             0.000     0.000
clock uncertainty                                                0.000     0.000
output external delay                                            0.000     0.000
data required time                                                         0.000
--------------------------------------------------------------------------------
data required time                                                        -0.000
data arrival time                                                          0.428
--------------------------------------------------------------------------------
slack (MET)                                                                0.428


#Path 24
Startpoint: sum~1.Q[0] (.latch clocked by clk)
Endpoint  : out:sum~1.outpad[0] (.output clocked by clk)
Path Type : hold

Point                                                             Incr      Path
--------------------------------------------------------------------------------
clock clk (rise edge)                                            0.000     0.000
clock source latency                                             0.000     0.000
clk.inpad[0] (.input)                                            0.000     0.000
sum~1.clk[0] (.latch)                                            0.000     0.000
sum~1.Q[0] (.latch) [clock-to-output]                            0.124     0.124
out:sum~1.outpad[0] (.output)                                    0.321     0.445
data arrival time                                                          0.445

clock clk (rise edge)                                            0.000     0.000
clock source latency                                             0.000     0.000
clock uncertainty                                                0.000     0.000
output external delay                                            0.000     0.000
data required time                                                         0.000
--------------------------------------------------------------------------------
data required time                                                        -0.000
data arrival time                                                          0.445
--------------------------------------------------------------------------------
slack (MET)                                                                0.445


#Path 25
Startpoint: sum~10.Q[0] (.latch clocked by clk)
Endpoint  : out:sum~10.outpad[0] (.output clocked by clk)
Path Type : hold

Point                                                             Incr      Path
--------------------------------------------------------------------------------
clock clk (rise edge)                                            0.000     0.000
clock source latency                                             0.000     0.000
clk.inpad[0] (.input)                                            0.000     0.000
sum~10.clk[0] (.latch)                                           0.000     0.000
sum~10.Q[0] (.latch) [clock-to-output]                           0.124     0.124
out:sum~10.outpad[0] (.output)                                   0.337     0.461
data arrival time                                                          0.461

clock clk (rise edge)                                            0.000     0.000
clock source latency                                             0.000     0.000
clock uncertainty                                                0.000     0.000
output external delay                                            0.000     0.000
data required time                                                         0.000
--------------------------------------------------------------------------------
data required time                                                        -0.000
data arrival time                                                          0.461
--------------------------------------------------------------------------------
slack (MET)                                                                0.461


#Path 26
Startpoint: sum~8.Q[0] (.latch clocked by clk)
Endpoint  : out:sum~8.outpad[0] (.output clocked by clk)
Path Type : hold

Point                                                             Incr      Path
--------------------------------------------------------------------------------
clock clk (rise edge)                                            0.000     0.000
clock source latency                                             0.000     0.000
clk.inpad[0] (.input)                                            0.000     0.000
sum~8.clk[0] (.latch)                                            0.000     0.000
sum~8.Q[0] (.latch) [clock-to-output]                            0.124     0.124
out:sum~8.outpad[0] (.output)                                    0.338     0.462
data arrival time                                                          0.462

clock clk (rise edge)                                            0.000     0.000
clock source latency                                             0.000     0.000
clock uncertainty                                                0.000     0.000
output external delay                                            0.000     0.000
data required time                                                         0.000
--------------------------------------------------------------------------------
data required time                                                        -0.000
data arrival time                                                          0.462
--------------------------------------------------------------------------------
slack (MET)                                                                0.462


#Path 27
Startpoint: sum~5.Q[0] (.latch clocked by clk)
Endpoint  : out:sum~5.outpad[0] (.output clocked by clk)
Path Type : hold

Point                                                             Incr      Path
--------------------------------------------------------------------------------
clock clk (rise edge)                                            0.000     0.000
clock source latency                                             0.000     0.000
clk.inpad[0] (.input)                                            0.000     0.000
sum~5.clk[0] (.latch)                                            0.000     0.000
sum~5.Q[0] (.latch) [clock-to-output]                            0.124     0.124
out:sum~5.outpad[0] (.output)                                    0.395     0.519
data arrival time                                                          0.519

clock clk (rise edge)                                            0.000     0.000
clock source latency                                             0.000     0.000
clock uncertainty                                                0.000     0.000
output external delay                                            0.000     0.000
data required time                                                         0.000
--------------------------------------------------------------------------------
data required time                                                        -0.000
data arrival time                                                          0.519
--------------------------------------------------------------------------------
slack (MET)                                                                0.519


#Path 28
Startpoint: sum~14.Q[0] (.latch clocked by clk)
Endpoint  : out:sum~14.outpad[0] (.output clocked by clk)
Path Type : hold

Point                                                             Incr      Path
--------------------------------------------------------------------------------
clock clk (rise edge)                                            0.000     0.000
clock source latency                                             0.000     0.000
clk.inpad[0] (.input)                                            0.000     0.000
sum~14.clk[0] (.latch)                                           0.000     0.000
sum~14.Q[0] (.latch) [clock-to-output]                           0.124     0.124
out:sum~14.outpad[0] (.output)                                   0.396     0.520
data arrival time                                                          0.520

clock clk (rise edge)                                            0.000     0.000
clock source latency                                             0.000     0.000
clock uncertainty                                                0.000     0.000
output external delay                                            0.000     0.000
data required time                                                         0.000
--------------------------------------------------------------------------------
data required time                                                        -0.000
data arrival time                                                          0.520
--------------------------------------------------------------------------------
slack (MET)                                                                0.520


#Path 29
Startpoint: sum~9.Q[0] (.latch clocked by clk)
Endpoint  : out:sum~9.outpad[0] (.output clocked by clk)
Path Type : hold

Point                                                             Incr      Path
--------------------------------------------------------------------------------
clock clk (rise edge)                                            0.000     0.000
clock source latency                                             0.000     0.000
clk.inpad[0] (.input)                                            0.000     0.000
sum~9.clk[0] (.latch)                                            0.000     0.000
sum~9.Q[0] (.latch) [clock-to-output]                            0.124     0.124
out:sum~9.outpad[0] (.output)                                    0.414     0.538
data arrival time                                                          0.538

clock clk (rise edge)                                            0.000     0.000
clock source latency                                             0.000     0.000
clock uncertainty                                                0.000     0.000
output external delay                                            0.000     0.000
data required time                                                         0.000
--------------------------------------------------------------------------------
data required time                                                        -0.000
data arrival time                                                          0.538
--------------------------------------------------------------------------------
slack (MET)                                                                0.538


#Path 30
Startpoint: sum~11.Q[0] (.latch clocked by clk)
Endpoint  : out:sum~11.outpad[0] (.output clocked by clk)
Path Type : hold

Point                                                             Incr      Path
--------------------------------------------------------------------------------
clock clk (rise edge)                                            0.000     0.000
clock source latency                                             0.000     0.000
clk.inpad[0] (.input)                                            0.000     0.000
sum~11.clk[0] (.latch)                                           0.000     0.000
sum~11.Q[0] (.latch) [clock-to-output]                           0.124     0.124
out:sum~11.outpad[0] (.output)                                   0.415     0.539
data arrival time                                                          0.539

clock clk (rise edge)                                            0.000     0.000
clock source latency                                             0.000     0.000
clock uncertainty                                                0.000     0.000
output external delay                                            0.000     0.000
data required time                                                         0.000
--------------------------------------------------------------------------------
data required time                                                        -0.000
data arrival time                                                          0.539
--------------------------------------------------------------------------------
slack (MET)                                                                0.539


#Path 31
Startpoint: sum~13.Q[0] (.latch clocked by clk)
Endpoint  : out:sum~13.outpad[0] (.output clocked by clk)
Path Type : hold

Point                                                             Incr      Path
--------------------------------------------------------------------------------
clock clk (rise edge)                                            0.000     0.000
clock source latency                                             0.000     0.000
clk.inpad[0] (.input)                                            0.000     0.000
sum~13.clk[0] (.latch)                                           0.000     0.000
sum~13.Q[0] (.latch) [clock-to-output]                           0.124     0.124
out:sum~13.outpad[0] (.output)                                   0.418     0.542
data arrival time                                                          0.542

clock clk (rise edge)                                            0.000     0.000
clock source latency                                             0.000     0.000
clock uncertainty                                                0.000     0.000
output external delay                                            0.000     0.000
data required time                                                         0.000
--------------------------------------------------------------------------------
data required time                                                        -0.000
data arrival time                                                          0.542
--------------------------------------------------------------------------------
slack (MET)                                                                0.542


#Path 32
Startpoint: sum~12.Q[0] (.latch clocked by clk)
Endpoint  : out:sum~12.outpad[0] (.output clocked by clk)
Path Type : hold

Point                                                             Incr      Path
--------------------------------------------------------------------------------
clock clk (rise edge)                                            0.000     0.000
clock source latency                                             0.000     0.000
clk.inpad[0] (.input)                                            0.000     0.000
sum~12.clk[0] (.latch)                                           0.000     0.000
sum~12.Q[0] (.latch) [clock-to-output]                           0.124     0.124
out:sum~12.outpad[0] (.output)                                   0.420     0.544
data arrival time                                                          0.544

clock clk (rise edge)                                            0.000     0.000
clock source latency                                             0.000     0.000
clock uncertainty                                                0.000     0.000
output external delay                                            0.000     0.000
data required time                                                         0.000
--------------------------------------------------------------------------------
data required time                                                        -0.000
data arrival time                                                          0.544
--------------------------------------------------------------------------------
slack (MET)                                                                0.544


#Path 33
Startpoint: sum~4.Q[0] (.latch clocked by clk)
Endpoint  : out:sum~4.outpad[0] (.output clocked by clk)
Path Type : hold

Point                                                             Incr      Path
--------------------------------------------------------------------------------
clock clk (rise edge)                                            0.000     0.000
clock source latency                                             0.000     0.000
clk.inpad[0] (.input)                                            0.000     0.000
sum~4.clk[0] (.latch)                                            0.000     0.000
sum~4.Q[0] (.latch) [clock-to-output]                            0.124     0.124
out:sum~4.outpad[0] (.output)                                    0.436     0.560
data arrival time                                                          0.560

clock clk (rise edge)                                            0.000     0.000
clock source latency                                             0.000     0.000
clock uncertainty                                                0.000     0.000
output external delay                                            0.000     0.000
data required time                                                         0.000
--------------------------------------------------------------------------------
data required time                                                        -0.000
data arrival time                                                          0.560
--------------------------------------------------------------------------------
slack (MET)                                                                0.560


#Path 34
Startpoint: sum~6.Q[0] (.latch clocked by clk)
Endpoint  : out:sum~6.outpad[0] (.output clocked by clk)
Path Type : hold

Point                                                             Incr      Path
--------------------------------------------------------------------------------
clock clk (rise edge)                                            0.000     0.000
clock source latency                                             0.000     0.000
clk.inpad[0] (.input)                                            0.000     0.000
sum~6.clk[0] (.latch)                                            0.000     0.000
sum~6.Q[0] (.latch) [clock-to-output]                            0.124     0.124
out:sum~6.outpad[0] (.output)                                    0.511     0.635
data arrival time                                                          0.635

clock clk (rise edge)                                            0.000     0.000
clock source latency                                             0.000     0.000
clock uncertainty                                                0.000     0.000
output external delay                                            0.000     0.000
data required time                                                         0.000
--------------------------------------------------------------------------------
data required time                                                        -0.000
data arrival time                                                          0.635
--------------------------------------------------------------------------------
slack (MET)                                                                0.635


#End of timing report
